[2024-05-11T21:03:16.867+0000] {processor.py:157} INFO - Started process (PID=33) to work on /opt/airflow/dags/sample_pyspark_job.py
[2024-05-11T21:03:16.870+0000] {processor.py:829} INFO - Processing file /opt/airflow/dags/sample_pyspark_job.py for tasks to queue
[2024-05-11T21:03:16.872+0000] {logging_mixin.py:154} INFO - [2024-05-11T21:03:16.872+0000] {dagbag.py:536} INFO - Filling up the DagBag from /opt/airflow/dags/sample_pyspark_job.py
[2024-05-11T21:03:16.908+0000] {processor.py:839} INFO - DAG(s) dict_keys(['sample_run_pyspark']) retrieved from /opt/airflow/dags/sample_pyspark_job.py
[2024-05-11T21:03:17.060+0000] {logging_mixin.py:154} INFO - [2024-05-11T21:03:17.060+0000] {manager.py:499} INFO - Created Permission View: %s
[2024-05-11T21:03:17.069+0000] {logging_mixin.py:154} INFO - [2024-05-11T21:03:17.069+0000] {manager.py:499} INFO - Created Permission View: %s
[2024-05-11T21:03:17.080+0000] {logging_mixin.py:154} INFO - [2024-05-11T21:03:17.080+0000] {manager.py:499} INFO - Created Permission View: %s
[2024-05-11T21:03:17.081+0000] {logging_mixin.py:154} INFO - [2024-05-11T21:03:17.081+0000] {dag.py:2941} INFO - Sync 1 DAGs
[2024-05-11T21:03:17.087+0000] {logging_mixin.py:154} INFO - [2024-05-11T21:03:17.087+0000] {dag.py:2963} INFO - Creating ORM DAG for sample_run_pyspark
[2024-05-11T21:03:17.090+0000] {logging_mixin.py:154} INFO - [2024-05-11T21:03:17.090+0000] {dag.py:3722} INFO - Setting next_dagrun for sample_run_pyspark to None, run_after=None
[2024-05-11T21:03:17.101+0000] {processor.py:179} INFO - Processing /opt/airflow/dags/sample_pyspark_job.py took 0.238 seconds
[2024-05-11T21:03:47.421+0000] {processor.py:157} INFO - Started process (PID=88) to work on /opt/airflow/dags/sample_pyspark_job.py
[2024-05-11T21:03:47.423+0000] {processor.py:829} INFO - Processing file /opt/airflow/dags/sample_pyspark_job.py for tasks to queue
[2024-05-11T21:03:47.430+0000] {logging_mixin.py:154} INFO - [2024-05-11T21:03:47.429+0000] {dagbag.py:536} INFO - Filling up the DagBag from /opt/airflow/dags/sample_pyspark_job.py
[2024-05-11T21:03:47.445+0000] {processor.py:839} INFO - DAG(s) dict_keys(['sample_run_pyspark']) retrieved from /opt/airflow/dags/sample_pyspark_job.py
[2024-05-11T21:03:47.481+0000] {logging_mixin.py:154} INFO - [2024-05-11T21:03:47.481+0000] {dag.py:2941} INFO - Sync 1 DAGs
[2024-05-11T21:03:47.504+0000] {logging_mixin.py:154} INFO - [2024-05-11T21:03:47.504+0000] {dag.py:3722} INFO - Setting next_dagrun for sample_run_pyspark to None, run_after=None
[2024-05-11T21:03:47.526+0000] {processor.py:179} INFO - Processing /opt/airflow/dags/sample_pyspark_job.py took 0.112 seconds
[2024-05-11T21:04:17.884+0000] {processor.py:157} INFO - Started process (PID=142) to work on /opt/airflow/dags/sample_pyspark_job.py
[2024-05-11T21:04:17.885+0000] {processor.py:829} INFO - Processing file /opt/airflow/dags/sample_pyspark_job.py for tasks to queue
[2024-05-11T21:04:17.887+0000] {logging_mixin.py:154} INFO - [2024-05-11T21:04:17.887+0000] {dagbag.py:536} INFO - Filling up the DagBag from /opt/airflow/dags/sample_pyspark_job.py
[2024-05-11T21:04:17.894+0000] {processor.py:839} INFO - DAG(s) dict_keys(['sample_run_pyspark']) retrieved from /opt/airflow/dags/sample_pyspark_job.py
[2024-05-11T21:04:17.912+0000] {logging_mixin.py:154} INFO - [2024-05-11T21:04:17.912+0000] {dag.py:2941} INFO - Sync 1 DAGs
[2024-05-11T21:04:17.921+0000] {logging_mixin.py:154} INFO - [2024-05-11T21:04:17.920+0000] {dag.py:3722} INFO - Setting next_dagrun for sample_run_pyspark to None, run_after=None
[2024-05-11T21:04:17.932+0000] {processor.py:179} INFO - Processing /opt/airflow/dags/sample_pyspark_job.py took 0.051 seconds
[2024-05-11T21:04:48.102+0000] {processor.py:157} INFO - Started process (PID=197) to work on /opt/airflow/dags/sample_pyspark_job.py
[2024-05-11T21:04:48.104+0000] {processor.py:829} INFO - Processing file /opt/airflow/dags/sample_pyspark_job.py for tasks to queue
[2024-05-11T21:04:48.107+0000] {logging_mixin.py:154} INFO - [2024-05-11T21:04:48.107+0000] {dagbag.py:536} INFO - Filling up the DagBag from /opt/airflow/dags/sample_pyspark_job.py
[2024-05-11T21:04:48.115+0000] {processor.py:839} INFO - DAG(s) dict_keys(['sample_run_pyspark']) retrieved from /opt/airflow/dags/sample_pyspark_job.py
[2024-05-11T21:04:48.134+0000] {logging_mixin.py:154} INFO - [2024-05-11T21:04:48.134+0000] {dag.py:2941} INFO - Sync 1 DAGs
[2024-05-11T21:04:48.145+0000] {logging_mixin.py:154} INFO - [2024-05-11T21:04:48.145+0000] {dag.py:3722} INFO - Setting next_dagrun for sample_run_pyspark to None, run_after=None
[2024-05-11T21:04:48.158+0000] {processor.py:179} INFO - Processing /opt/airflow/dags/sample_pyspark_job.py took 0.060 seconds
[2024-05-11T21:05:41.344+0000] {processor.py:157} INFO - Started process (PID=34) to work on /opt/airflow/dags/sample_pyspark_job.py
[2024-05-11T21:05:41.347+0000] {processor.py:829} INFO - Processing file /opt/airflow/dags/sample_pyspark_job.py for tasks to queue
[2024-05-11T21:05:41.351+0000] {logging_mixin.py:154} INFO - [2024-05-11T21:05:41.350+0000] {dagbag.py:536} INFO - Filling up the DagBag from /opt/airflow/dags/sample_pyspark_job.py
[2024-05-11T21:05:41.376+0000] {processor.py:839} INFO - DAG(s) dict_keys(['sample_run_pyspark']) retrieved from /opt/airflow/dags/sample_pyspark_job.py
[2024-05-11T21:05:41.600+0000] {logging_mixin.py:154} INFO - [2024-05-11T21:05:41.600+0000] {dag.py:2941} INFO - Sync 1 DAGs
[2024-05-11T21:05:41.607+0000] {logging_mixin.py:154} INFO - [2024-05-11T21:05:41.607+0000] {dag.py:3722} INFO - Setting next_dagrun for sample_run_pyspark to None, run_after=None
[2024-05-11T21:05:41.620+0000] {processor.py:179} INFO - Processing /opt/airflow/dags/sample_pyspark_job.py took 0.280 seconds
[2024-05-11T21:06:11.986+0000] {processor.py:157} INFO - Started process (PID=89) to work on /opt/airflow/dags/sample_pyspark_job.py
[2024-05-11T21:06:11.989+0000] {processor.py:829} INFO - Processing file /opt/airflow/dags/sample_pyspark_job.py for tasks to queue
[2024-05-11T21:06:11.993+0000] {logging_mixin.py:154} INFO - [2024-05-11T21:06:11.993+0000] {dagbag.py:536} INFO - Filling up the DagBag from /opt/airflow/dags/sample_pyspark_job.py
[2024-05-11T21:06:12.006+0000] {processor.py:839} INFO - DAG(s) dict_keys(['sample_run_pyspark']) retrieved from /opt/airflow/dags/sample_pyspark_job.py
[2024-05-11T21:06:12.029+0000] {logging_mixin.py:154} INFO - [2024-05-11T21:06:12.029+0000] {dag.py:2941} INFO - Sync 1 DAGs
[2024-05-11T21:06:12.043+0000] {logging_mixin.py:154} INFO - [2024-05-11T21:06:12.043+0000] {dag.py:3722} INFO - Setting next_dagrun for sample_run_pyspark to None, run_after=None
[2024-05-11T21:06:12.062+0000] {processor.py:179} INFO - Processing /opt/airflow/dags/sample_pyspark_job.py took 0.083 seconds
[2024-05-11T21:06:42.290+0000] {processor.py:157} INFO - Started process (PID=144) to work on /opt/airflow/dags/sample_pyspark_job.py
[2024-05-11T21:06:42.293+0000] {processor.py:829} INFO - Processing file /opt/airflow/dags/sample_pyspark_job.py for tasks to queue
[2024-05-11T21:06:42.297+0000] {logging_mixin.py:154} INFO - [2024-05-11T21:06:42.297+0000] {dagbag.py:536} INFO - Filling up the DagBag from /opt/airflow/dags/sample_pyspark_job.py
[2024-05-11T21:06:42.308+0000] {processor.py:839} INFO - DAG(s) dict_keys(['sample_run_pyspark']) retrieved from /opt/airflow/dags/sample_pyspark_job.py
[2024-05-11T21:06:42.330+0000] {logging_mixin.py:154} INFO - [2024-05-11T21:06:42.330+0000] {dag.py:2941} INFO - Sync 1 DAGs
[2024-05-11T21:06:42.344+0000] {logging_mixin.py:154} INFO - [2024-05-11T21:06:42.344+0000] {dag.py:3722} INFO - Setting next_dagrun for sample_run_pyspark to None, run_after=None
[2024-05-11T21:06:42.354+0000] {processor.py:179} INFO - Processing /opt/airflow/dags/sample_pyspark_job.py took 0.071 seconds
[2024-05-11T21:07:12.619+0000] {processor.py:157} INFO - Started process (PID=199) to work on /opt/airflow/dags/sample_pyspark_job.py
[2024-05-11T21:07:12.621+0000] {processor.py:829} INFO - Processing file /opt/airflow/dags/sample_pyspark_job.py for tasks to queue
[2024-05-11T21:07:12.627+0000] {logging_mixin.py:154} INFO - [2024-05-11T21:07:12.627+0000] {dagbag.py:536} INFO - Filling up the DagBag from /opt/airflow/dags/sample_pyspark_job.py
[2024-05-11T21:07:12.638+0000] {processor.py:839} INFO - DAG(s) dict_keys(['sample_run_pyspark']) retrieved from /opt/airflow/dags/sample_pyspark_job.py
[2024-05-11T21:07:12.662+0000] {logging_mixin.py:154} INFO - [2024-05-11T21:07:12.662+0000] {dag.py:2941} INFO - Sync 1 DAGs
[2024-05-11T21:07:12.685+0000] {logging_mixin.py:154} INFO - [2024-05-11T21:07:12.685+0000] {dag.py:3722} INFO - Setting next_dagrun for sample_run_pyspark to None, run_after=None
[2024-05-11T21:07:12.703+0000] {processor.py:179} INFO - Processing /opt/airflow/dags/sample_pyspark_job.py took 0.092 seconds
[2024-05-11T21:07:42.842+0000] {processor.py:157} INFO - Started process (PID=258) to work on /opt/airflow/dags/sample_pyspark_job.py
[2024-05-11T21:07:42.845+0000] {processor.py:829} INFO - Processing file /opt/airflow/dags/sample_pyspark_job.py for tasks to queue
[2024-05-11T21:07:42.850+0000] {logging_mixin.py:154} INFO - [2024-05-11T21:07:42.850+0000] {dagbag.py:536} INFO - Filling up the DagBag from /opt/airflow/dags/sample_pyspark_job.py
[2024-05-11T21:07:42.862+0000] {processor.py:839} INFO - DAG(s) dict_keys(['sample_run_pyspark']) retrieved from /opt/airflow/dags/sample_pyspark_job.py
[2024-05-11T21:07:42.885+0000] {logging_mixin.py:154} INFO - [2024-05-11T21:07:42.885+0000] {dag.py:2941} INFO - Sync 1 DAGs
[2024-05-11T21:07:42.895+0000] {logging_mixin.py:154} INFO - [2024-05-11T21:07:42.895+0000] {dag.py:3722} INFO - Setting next_dagrun for sample_run_pyspark to None, run_after=None
[2024-05-11T21:07:42.907+0000] {processor.py:179} INFO - Processing /opt/airflow/dags/sample_pyspark_job.py took 0.073 seconds
[2024-05-11T21:08:13.087+0000] {processor.py:157} INFO - Started process (PID=313) to work on /opt/airflow/dags/sample_pyspark_job.py
[2024-05-11T21:08:13.091+0000] {processor.py:829} INFO - Processing file /opt/airflow/dags/sample_pyspark_job.py for tasks to queue
[2024-05-11T21:08:13.096+0000] {logging_mixin.py:154} INFO - [2024-05-11T21:08:13.096+0000] {dagbag.py:536} INFO - Filling up the DagBag from /opt/airflow/dags/sample_pyspark_job.py
[2024-05-11T21:08:13.107+0000] {processor.py:839} INFO - DAG(s) dict_keys(['sample_run_pyspark']) retrieved from /opt/airflow/dags/sample_pyspark_job.py
[2024-05-11T21:08:13.133+0000] {logging_mixin.py:154} INFO - [2024-05-11T21:08:13.133+0000] {dag.py:2941} INFO - Sync 1 DAGs
[2024-05-11T21:08:13.148+0000] {logging_mixin.py:154} INFO - [2024-05-11T21:08:13.147+0000] {dag.py:3722} INFO - Setting next_dagrun for sample_run_pyspark to None, run_after=None
[2024-05-11T21:08:13.168+0000] {processor.py:179} INFO - Processing /opt/airflow/dags/sample_pyspark_job.py took 0.093 seconds
[2024-05-11T21:08:43.325+0000] {processor.py:157} INFO - Started process (PID=368) to work on /opt/airflow/dags/sample_pyspark_job.py
[2024-05-11T21:08:43.328+0000] {processor.py:829} INFO - Processing file /opt/airflow/dags/sample_pyspark_job.py for tasks to queue
[2024-05-11T21:08:43.333+0000] {logging_mixin.py:154} INFO - [2024-05-11T21:08:43.333+0000] {dagbag.py:536} INFO - Filling up the DagBag from /opt/airflow/dags/sample_pyspark_job.py
[2024-05-11T21:08:43.343+0000] {processor.py:839} INFO - DAG(s) dict_keys(['sample_run_pyspark']) retrieved from /opt/airflow/dags/sample_pyspark_job.py
[2024-05-11T21:08:43.366+0000] {logging_mixin.py:154} INFO - [2024-05-11T21:08:43.366+0000] {dag.py:2941} INFO - Sync 1 DAGs
[2024-05-11T21:08:43.375+0000] {logging_mixin.py:154} INFO - [2024-05-11T21:08:43.375+0000] {dag.py:3722} INFO - Setting next_dagrun for sample_run_pyspark to None, run_after=None
[2024-05-11T21:08:43.385+0000] {processor.py:179} INFO - Processing /opt/airflow/dags/sample_pyspark_job.py took 0.069 seconds
[2024-05-11T21:09:13.700+0000] {processor.py:157} INFO - Started process (PID=422) to work on /opt/airflow/dags/sample_pyspark_job.py
[2024-05-11T21:09:13.702+0000] {processor.py:829} INFO - Processing file /opt/airflow/dags/sample_pyspark_job.py for tasks to queue
[2024-05-11T21:09:13.709+0000] {logging_mixin.py:154} INFO - [2024-05-11T21:09:13.708+0000] {dagbag.py:536} INFO - Filling up the DagBag from /opt/airflow/dags/sample_pyspark_job.py
[2024-05-11T21:09:13.720+0000] {processor.py:839} INFO - DAG(s) dict_keys(['sample_run_pyspark']) retrieved from /opt/airflow/dags/sample_pyspark_job.py
[2024-05-11T21:09:13.745+0000] {logging_mixin.py:154} INFO - [2024-05-11T21:09:13.744+0000] {dag.py:2941} INFO - Sync 1 DAGs
[2024-05-11T21:09:13.757+0000] {logging_mixin.py:154} INFO - [2024-05-11T21:09:13.756+0000] {dag.py:3722} INFO - Setting next_dagrun for sample_run_pyspark to None, run_after=None
[2024-05-11T21:09:13.770+0000] {processor.py:179} INFO - Processing /opt/airflow/dags/sample_pyspark_job.py took 0.078 seconds
[2024-05-11T21:09:44.051+0000] {processor.py:157} INFO - Started process (PID=477) to work on /opt/airflow/dags/sample_pyspark_job.py
[2024-05-11T21:09:44.053+0000] {processor.py:829} INFO - Processing file /opt/airflow/dags/sample_pyspark_job.py for tasks to queue
[2024-05-11T21:09:44.058+0000] {logging_mixin.py:154} INFO - [2024-05-11T21:09:44.058+0000] {dagbag.py:536} INFO - Filling up the DagBag from /opt/airflow/dags/sample_pyspark_job.py
[2024-05-11T21:09:44.073+0000] {processor.py:839} INFO - DAG(s) dict_keys(['sample_run_pyspark']) retrieved from /opt/airflow/dags/sample_pyspark_job.py
[2024-05-11T21:09:44.102+0000] {logging_mixin.py:154} INFO - [2024-05-11T21:09:44.102+0000] {dag.py:2941} INFO - Sync 1 DAGs
[2024-05-11T21:09:44.112+0000] {logging_mixin.py:154} INFO - [2024-05-11T21:09:44.112+0000] {dag.py:3722} INFO - Setting next_dagrun for sample_run_pyspark to None, run_after=None
[2024-05-11T21:09:44.124+0000] {processor.py:179} INFO - Processing /opt/airflow/dags/sample_pyspark_job.py took 0.078 seconds
[2024-05-11T21:10:14.307+0000] {processor.py:157} INFO - Started process (PID=531) to work on /opt/airflow/dags/sample_pyspark_job.py
[2024-05-11T21:10:14.310+0000] {processor.py:829} INFO - Processing file /opt/airflow/dags/sample_pyspark_job.py for tasks to queue
[2024-05-11T21:10:14.315+0000] {logging_mixin.py:154} INFO - [2024-05-11T21:10:14.315+0000] {dagbag.py:536} INFO - Filling up the DagBag from /opt/airflow/dags/sample_pyspark_job.py
[2024-05-11T21:10:14.326+0000] {processor.py:839} INFO - DAG(s) dict_keys(['sample_run_pyspark']) retrieved from /opt/airflow/dags/sample_pyspark_job.py
[2024-05-11T21:10:14.346+0000] {logging_mixin.py:154} INFO - [2024-05-11T21:10:14.346+0000] {dag.py:2941} INFO - Sync 1 DAGs
[2024-05-11T21:10:14.355+0000] {logging_mixin.py:154} INFO - [2024-05-11T21:10:14.355+0000] {dag.py:3722} INFO - Setting next_dagrun for sample_run_pyspark to None, run_after=None
[2024-05-11T21:10:14.366+0000] {processor.py:179} INFO - Processing /opt/airflow/dags/sample_pyspark_job.py took 0.066 seconds
[2024-05-11T21:10:44.663+0000] {processor.py:157} INFO - Started process (PID=586) to work on /opt/airflow/dags/sample_pyspark_job.py
[2024-05-11T21:10:44.666+0000] {processor.py:829} INFO - Processing file /opt/airflow/dags/sample_pyspark_job.py for tasks to queue
[2024-05-11T21:10:44.670+0000] {logging_mixin.py:154} INFO - [2024-05-11T21:10:44.669+0000] {dagbag.py:536} INFO - Filling up the DagBag from /opt/airflow/dags/sample_pyspark_job.py
[2024-05-11T21:10:44.680+0000] {processor.py:839} INFO - DAG(s) dict_keys(['sample_run_pyspark']) retrieved from /opt/airflow/dags/sample_pyspark_job.py
[2024-05-11T21:10:44.700+0000] {logging_mixin.py:154} INFO - [2024-05-11T21:10:44.700+0000] {dag.py:2941} INFO - Sync 1 DAGs
[2024-05-11T21:10:44.709+0000] {logging_mixin.py:154} INFO - [2024-05-11T21:10:44.709+0000] {dag.py:3722} INFO - Setting next_dagrun for sample_run_pyspark to None, run_after=None
[2024-05-11T21:10:44.719+0000] {processor.py:179} INFO - Processing /opt/airflow/dags/sample_pyspark_job.py took 0.061 seconds
[2024-05-11T21:11:15.055+0000] {processor.py:157} INFO - Started process (PID=641) to work on /opt/airflow/dags/sample_pyspark_job.py
[2024-05-11T21:11:15.058+0000] {processor.py:829} INFO - Processing file /opt/airflow/dags/sample_pyspark_job.py for tasks to queue
[2024-05-11T21:11:15.063+0000] {logging_mixin.py:154} INFO - [2024-05-11T21:11:15.062+0000] {dagbag.py:536} INFO - Filling up the DagBag from /opt/airflow/dags/sample_pyspark_job.py
[2024-05-11T21:11:15.072+0000] {processor.py:839} INFO - DAG(s) dict_keys(['sample_run_pyspark']) retrieved from /opt/airflow/dags/sample_pyspark_job.py
[2024-05-11T21:11:15.092+0000] {logging_mixin.py:154} INFO - [2024-05-11T21:11:15.092+0000] {dag.py:2941} INFO - Sync 1 DAGs
[2024-05-11T21:11:15.102+0000] {logging_mixin.py:154} INFO - [2024-05-11T21:11:15.102+0000] {dag.py:3722} INFO - Setting next_dagrun for sample_run_pyspark to None, run_after=None
[2024-05-11T21:11:15.113+0000] {processor.py:179} INFO - Processing /opt/airflow/dags/sample_pyspark_job.py took 0.066 seconds
[2024-05-11T21:11:45.360+0000] {processor.py:157} INFO - Started process (PID=696) to work on /opt/airflow/dags/sample_pyspark_job.py
[2024-05-11T21:11:45.362+0000] {processor.py:829} INFO - Processing file /opt/airflow/dags/sample_pyspark_job.py for tasks to queue
[2024-05-11T21:11:45.366+0000] {logging_mixin.py:154} INFO - [2024-05-11T21:11:45.365+0000] {dagbag.py:536} INFO - Filling up the DagBag from /opt/airflow/dags/sample_pyspark_job.py
[2024-05-11T21:11:45.376+0000] {processor.py:839} INFO - DAG(s) dict_keys(['sample_run_pyspark']) retrieved from /opt/airflow/dags/sample_pyspark_job.py
[2024-05-11T21:11:45.404+0000] {logging_mixin.py:154} INFO - [2024-05-11T21:11:45.404+0000] {dag.py:2941} INFO - Sync 1 DAGs
[2024-05-11T21:11:45.415+0000] {logging_mixin.py:154} INFO - [2024-05-11T21:11:45.415+0000] {dag.py:3722} INFO - Setting next_dagrun for sample_run_pyspark to None, run_after=None
[2024-05-11T21:11:45.426+0000] {processor.py:179} INFO - Processing /opt/airflow/dags/sample_pyspark_job.py took 0.070 seconds
[2024-05-11T21:12:15.589+0000] {processor.py:157} INFO - Started process (PID=752) to work on /opt/airflow/dags/sample_pyspark_job.py
[2024-05-11T21:12:15.592+0000] {processor.py:829} INFO - Processing file /opt/airflow/dags/sample_pyspark_job.py for tasks to queue
[2024-05-11T21:12:15.597+0000] {logging_mixin.py:154} INFO - [2024-05-11T21:12:15.597+0000] {dagbag.py:536} INFO - Filling up the DagBag from /opt/airflow/dags/sample_pyspark_job.py
[2024-05-11T21:12:15.607+0000] {processor.py:839} INFO - DAG(s) dict_keys(['sample_run_pyspark']) retrieved from /opt/airflow/dags/sample_pyspark_job.py
[2024-05-11T21:12:15.628+0000] {logging_mixin.py:154} INFO - [2024-05-11T21:12:15.628+0000] {dag.py:2941} INFO - Sync 1 DAGs
[2024-05-11T21:12:15.638+0000] {logging_mixin.py:154} INFO - [2024-05-11T21:12:15.638+0000] {dag.py:3722} INFO - Setting next_dagrun for sample_run_pyspark to None, run_after=None
[2024-05-11T21:12:15.650+0000] {processor.py:179} INFO - Processing /opt/airflow/dags/sample_pyspark_job.py took 0.069 seconds
[2024-05-11T21:12:45.953+0000] {processor.py:157} INFO - Started process (PID=807) to work on /opt/airflow/dags/sample_pyspark_job.py
[2024-05-11T21:12:45.957+0000] {processor.py:829} INFO - Processing file /opt/airflow/dags/sample_pyspark_job.py for tasks to queue
[2024-05-11T21:12:45.964+0000] {logging_mixin.py:154} INFO - [2024-05-11T21:12:45.964+0000] {dagbag.py:536} INFO - Filling up the DagBag from /opt/airflow/dags/sample_pyspark_job.py
[2024-05-11T21:12:45.977+0000] {processor.py:839} INFO - DAG(s) dict_keys(['sample_run_pyspark']) retrieved from /opt/airflow/dags/sample_pyspark_job.py
[2024-05-11T21:12:46.001+0000] {logging_mixin.py:154} INFO - [2024-05-11T21:12:46.001+0000] {dag.py:2941} INFO - Sync 1 DAGs
[2024-05-11T21:12:46.013+0000] {logging_mixin.py:154} INFO - [2024-05-11T21:12:46.013+0000] {dag.py:3722} INFO - Setting next_dagrun for sample_run_pyspark to None, run_after=None
[2024-05-11T21:12:46.026+0000] {processor.py:179} INFO - Processing /opt/airflow/dags/sample_pyspark_job.py took 0.083 seconds
[2024-05-11T21:13:16.268+0000] {processor.py:157} INFO - Started process (PID=862) to work on /opt/airflow/dags/sample_pyspark_job.py
[2024-05-11T21:13:16.271+0000] {processor.py:829} INFO - Processing file /opt/airflow/dags/sample_pyspark_job.py for tasks to queue
[2024-05-11T21:13:16.276+0000] {logging_mixin.py:154} INFO - [2024-05-11T21:13:16.276+0000] {dagbag.py:536} INFO - Filling up the DagBag from /opt/airflow/dags/sample_pyspark_job.py
[2024-05-11T21:13:16.288+0000] {processor.py:839} INFO - DAG(s) dict_keys(['sample_run_pyspark']) retrieved from /opt/airflow/dags/sample_pyspark_job.py
[2024-05-11T21:13:16.312+0000] {logging_mixin.py:154} INFO - [2024-05-11T21:13:16.311+0000] {dag.py:2941} INFO - Sync 1 DAGs
[2024-05-11T21:13:16.322+0000] {logging_mixin.py:154} INFO - [2024-05-11T21:13:16.322+0000] {dag.py:3722} INFO - Setting next_dagrun for sample_run_pyspark to None, run_after=None
[2024-05-11T21:13:16.349+0000] {processor.py:179} INFO - Processing /opt/airflow/dags/sample_pyspark_job.py took 0.089 seconds
[2024-05-11T21:13:46.552+0000] {processor.py:157} INFO - Started process (PID=917) to work on /opt/airflow/dags/sample_pyspark_job.py
[2024-05-11T21:13:46.555+0000] {processor.py:829} INFO - Processing file /opt/airflow/dags/sample_pyspark_job.py for tasks to queue
[2024-05-11T21:13:46.560+0000] {logging_mixin.py:154} INFO - [2024-05-11T21:13:46.559+0000] {dagbag.py:536} INFO - Filling up the DagBag from /opt/airflow/dags/sample_pyspark_job.py
[2024-05-11T21:13:46.571+0000] {processor.py:839} INFO - DAG(s) dict_keys(['sample_run_pyspark']) retrieved from /opt/airflow/dags/sample_pyspark_job.py
[2024-05-11T21:13:46.593+0000] {logging_mixin.py:154} INFO - [2024-05-11T21:13:46.593+0000] {dag.py:2941} INFO - Sync 1 DAGs
[2024-05-11T21:13:46.604+0000] {logging_mixin.py:154} INFO - [2024-05-11T21:13:46.604+0000] {dag.py:3722} INFO - Setting next_dagrun for sample_run_pyspark to None, run_after=None
[2024-05-11T21:13:46.616+0000] {processor.py:179} INFO - Processing /opt/airflow/dags/sample_pyspark_job.py took 0.071 seconds
[2024-05-11T21:14:16.746+0000] {processor.py:157} INFO - Started process (PID=972) to work on /opt/airflow/dags/sample_pyspark_job.py
[2024-05-11T21:14:16.749+0000] {processor.py:829} INFO - Processing file /opt/airflow/dags/sample_pyspark_job.py for tasks to queue
[2024-05-11T21:14:16.753+0000] {logging_mixin.py:154} INFO - [2024-05-11T21:14:16.753+0000] {dagbag.py:536} INFO - Filling up the DagBag from /opt/airflow/dags/sample_pyspark_job.py
[2024-05-11T21:14:16.763+0000] {processor.py:839} INFO - DAG(s) dict_keys(['sample_run_pyspark']) retrieved from /opt/airflow/dags/sample_pyspark_job.py
[2024-05-11T21:14:16.786+0000] {logging_mixin.py:154} INFO - [2024-05-11T21:14:16.786+0000] {dag.py:2941} INFO - Sync 1 DAGs
[2024-05-11T21:14:16.795+0000] {logging_mixin.py:154} INFO - [2024-05-11T21:14:16.795+0000] {dag.py:3722} INFO - Setting next_dagrun for sample_run_pyspark to None, run_after=None
[2024-05-11T21:14:16.807+0000] {processor.py:179} INFO - Processing /opt/airflow/dags/sample_pyspark_job.py took 0.068 seconds
[2024-05-11T21:14:46.962+0000] {processor.py:157} INFO - Started process (PID=1028) to work on /opt/airflow/dags/sample_pyspark_job.py
[2024-05-11T21:14:46.964+0000] {processor.py:829} INFO - Processing file /opt/airflow/dags/sample_pyspark_job.py for tasks to queue
[2024-05-11T21:14:46.968+0000] {logging_mixin.py:154} INFO - [2024-05-11T21:14:46.968+0000] {dagbag.py:536} INFO - Filling up the DagBag from /opt/airflow/dags/sample_pyspark_job.py
[2024-05-11T21:14:46.977+0000] {processor.py:839} INFO - DAG(s) dict_keys(['sample_run_pyspark']) retrieved from /opt/airflow/dags/sample_pyspark_job.py
[2024-05-11T21:14:46.997+0000] {logging_mixin.py:154} INFO - [2024-05-11T21:14:46.997+0000] {dag.py:2941} INFO - Sync 1 DAGs
[2024-05-11T21:14:47.007+0000] {logging_mixin.py:154} INFO - [2024-05-11T21:14:47.007+0000] {dag.py:3722} INFO - Setting next_dagrun for sample_run_pyspark to None, run_after=None
[2024-05-11T21:14:47.017+0000] {processor.py:179} INFO - Processing /opt/airflow/dags/sample_pyspark_job.py took 0.061 seconds
[2024-05-11T21:15:17.335+0000] {processor.py:157} INFO - Started process (PID=1083) to work on /opt/airflow/dags/sample_pyspark_job.py
[2024-05-11T21:15:17.338+0000] {processor.py:829} INFO - Processing file /opt/airflow/dags/sample_pyspark_job.py for tasks to queue
[2024-05-11T21:15:17.344+0000] {logging_mixin.py:154} INFO - [2024-05-11T21:15:17.343+0000] {dagbag.py:536} INFO - Filling up the DagBag from /opt/airflow/dags/sample_pyspark_job.py
[2024-05-11T21:15:17.355+0000] {processor.py:839} INFO - DAG(s) dict_keys(['sample_run_pyspark']) retrieved from /opt/airflow/dags/sample_pyspark_job.py
[2024-05-11T21:15:17.379+0000] {logging_mixin.py:154} INFO - [2024-05-11T21:15:17.379+0000] {dag.py:2941} INFO - Sync 1 DAGs
[2024-05-11T21:15:17.390+0000] {logging_mixin.py:154} INFO - [2024-05-11T21:15:17.390+0000] {dag.py:3722} INFO - Setting next_dagrun for sample_run_pyspark to None, run_after=None
[2024-05-11T21:15:17.406+0000] {processor.py:179} INFO - Processing /opt/airflow/dags/sample_pyspark_job.py took 0.081 seconds
[2024-05-11T21:16:29.994+0000] {processor.py:157} INFO - Started process (PID=34) to work on /opt/airflow/dags/sample_pyspark_job.py
[2024-05-11T21:16:29.997+0000] {processor.py:829} INFO - Processing file /opt/airflow/dags/sample_pyspark_job.py for tasks to queue
[2024-05-11T21:16:30.014+0000] {logging_mixin.py:154} INFO - [2024-05-11T21:16:30.013+0000] {dagbag.py:536} INFO - Filling up the DagBag from /opt/airflow/dags/sample_pyspark_job.py
[2024-05-11T21:16:30.078+0000] {processor.py:839} INFO - DAG(s) dict_keys(['sample_run_pyspark']) retrieved from /opt/airflow/dags/sample_pyspark_job.py
[2024-05-11T21:16:30.437+0000] {logging_mixin.py:154} INFO - [2024-05-11T21:16:30.437+0000] {dag.py:2941} INFO - Sync 1 DAGs
[2024-05-11T21:16:30.463+0000] {logging_mixin.py:154} INFO - [2024-05-11T21:16:30.463+0000] {dag.py:3722} INFO - Setting next_dagrun for sample_run_pyspark to None, run_after=None
[2024-05-11T21:16:30.485+0000] {processor.py:179} INFO - Processing /opt/airflow/dags/sample_pyspark_job.py took 0.508 seconds
[2024-05-11T21:17:00.591+0000] {processor.py:157} INFO - Started process (PID=92) to work on /opt/airflow/dags/sample_pyspark_job.py
[2024-05-11T21:17:00.593+0000] {processor.py:829} INFO - Processing file /opt/airflow/dags/sample_pyspark_job.py for tasks to queue
[2024-05-11T21:17:00.595+0000] {logging_mixin.py:154} INFO - [2024-05-11T21:17:00.594+0000] {dagbag.py:536} INFO - Filling up the DagBag from /opt/airflow/dags/sample_pyspark_job.py
[2024-05-11T21:17:00.600+0000] {processor.py:839} INFO - DAG(s) dict_keys(['sample_run_pyspark']) retrieved from /opt/airflow/dags/sample_pyspark_job.py
[2024-05-11T21:17:00.615+0000] {logging_mixin.py:154} INFO - [2024-05-11T21:17:00.615+0000] {dag.py:2941} INFO - Sync 1 DAGs
[2024-05-11T21:17:00.622+0000] {logging_mixin.py:154} INFO - [2024-05-11T21:17:00.622+0000] {dag.py:3722} INFO - Setting next_dagrun for sample_run_pyspark to None, run_after=None
[2024-05-11T21:17:00.631+0000] {processor.py:179} INFO - Processing /opt/airflow/dags/sample_pyspark_job.py took 0.043 seconds
[2024-05-11T21:17:30.830+0000] {processor.py:157} INFO - Started process (PID=145) to work on /opt/airflow/dags/sample_pyspark_job.py
[2024-05-11T21:17:30.833+0000] {processor.py:829} INFO - Processing file /opt/airflow/dags/sample_pyspark_job.py for tasks to queue
[2024-05-11T21:17:30.838+0000] {logging_mixin.py:154} INFO - [2024-05-11T21:17:30.837+0000] {dagbag.py:536} INFO - Filling up the DagBag from /opt/airflow/dags/sample_pyspark_job.py
[2024-05-11T21:17:30.849+0000] {processor.py:839} INFO - DAG(s) dict_keys(['sample_run_pyspark']) retrieved from /opt/airflow/dags/sample_pyspark_job.py
[2024-05-11T21:17:30.878+0000] {logging_mixin.py:154} INFO - [2024-05-11T21:17:30.877+0000] {dag.py:2941} INFO - Sync 1 DAGs
[2024-05-11T21:17:30.889+0000] {logging_mixin.py:154} INFO - [2024-05-11T21:17:30.889+0000] {dag.py:3722} INFO - Setting next_dagrun for sample_run_pyspark to None, run_after=None
[2024-05-11T21:17:30.903+0000] {processor.py:179} INFO - Processing /opt/airflow/dags/sample_pyspark_job.py took 0.080 seconds
[2024-05-11T21:18:01.266+0000] {processor.py:157} INFO - Started process (PID=201) to work on /opt/airflow/dags/sample_pyspark_job.py
[2024-05-11T21:18:01.269+0000] {processor.py:829} INFO - Processing file /opt/airflow/dags/sample_pyspark_job.py for tasks to queue
[2024-05-11T21:18:01.274+0000] {logging_mixin.py:154} INFO - [2024-05-11T21:18:01.274+0000] {dagbag.py:536} INFO - Filling up the DagBag from /opt/airflow/dags/sample_pyspark_job.py
[2024-05-11T21:18:01.284+0000] {processor.py:839} INFO - DAG(s) dict_keys(['sample_run_pyspark']) retrieved from /opt/airflow/dags/sample_pyspark_job.py
[2024-05-11T21:18:01.306+0000] {logging_mixin.py:154} INFO - [2024-05-11T21:18:01.305+0000] {dag.py:2941} INFO - Sync 1 DAGs
[2024-05-11T21:18:01.314+0000] {logging_mixin.py:154} INFO - [2024-05-11T21:18:01.314+0000] {dag.py:3722} INFO - Setting next_dagrun for sample_run_pyspark to None, run_after=None
[2024-05-11T21:18:01.325+0000] {processor.py:179} INFO - Processing /opt/airflow/dags/sample_pyspark_job.py took 0.066 seconds
[2024-05-11T21:18:31.472+0000] {processor.py:157} INFO - Started process (PID=256) to work on /opt/airflow/dags/sample_pyspark_job.py
[2024-05-11T21:18:31.476+0000] {processor.py:829} INFO - Processing file /opt/airflow/dags/sample_pyspark_job.py for tasks to queue
[2024-05-11T21:18:31.480+0000] {logging_mixin.py:154} INFO - [2024-05-11T21:18:31.480+0000] {dagbag.py:536} INFO - Filling up the DagBag from /opt/airflow/dags/sample_pyspark_job.py
[2024-05-11T21:18:31.488+0000] {processor.py:839} INFO - DAG(s) dict_keys(['sample_run_pyspark']) retrieved from /opt/airflow/dags/sample_pyspark_job.py
[2024-05-11T21:18:31.508+0000] {logging_mixin.py:154} INFO - [2024-05-11T21:18:31.508+0000] {dag.py:2941} INFO - Sync 1 DAGs
[2024-05-11T21:18:31.517+0000] {logging_mixin.py:154} INFO - [2024-05-11T21:18:31.517+0000] {dag.py:3722} INFO - Setting next_dagrun for sample_run_pyspark to None, run_after=None
[2024-05-11T21:18:31.529+0000] {processor.py:179} INFO - Processing /opt/airflow/dags/sample_pyspark_job.py took 0.061 seconds
[2024-05-11T21:19:01.663+0000] {processor.py:157} INFO - Started process (PID=311) to work on /opt/airflow/dags/sample_pyspark_job.py
[2024-05-11T21:19:01.667+0000] {processor.py:829} INFO - Processing file /opt/airflow/dags/sample_pyspark_job.py for tasks to queue
[2024-05-11T21:19:01.673+0000] {logging_mixin.py:154} INFO - [2024-05-11T21:19:01.673+0000] {dagbag.py:536} INFO - Filling up the DagBag from /opt/airflow/dags/sample_pyspark_job.py
[2024-05-11T21:19:01.685+0000] {processor.py:839} INFO - DAG(s) dict_keys(['sample_run_pyspark']) retrieved from /opt/airflow/dags/sample_pyspark_job.py
[2024-05-11T21:19:01.709+0000] {logging_mixin.py:154} INFO - [2024-05-11T21:19:01.709+0000] {dag.py:2941} INFO - Sync 1 DAGs
[2024-05-11T21:19:01.720+0000] {logging_mixin.py:154} INFO - [2024-05-11T21:19:01.720+0000] {dag.py:3722} INFO - Setting next_dagrun for sample_run_pyspark to None, run_after=None
[2024-05-11T21:19:01.733+0000] {processor.py:179} INFO - Processing /opt/airflow/dags/sample_pyspark_job.py took 0.080 seconds
[2024-05-11T21:19:32.088+0000] {processor.py:157} INFO - Started process (PID=366) to work on /opt/airflow/dags/sample_pyspark_job.py
[2024-05-11T21:19:32.091+0000] {processor.py:829} INFO - Processing file /opt/airflow/dags/sample_pyspark_job.py for tasks to queue
[2024-05-11T21:19:32.096+0000] {logging_mixin.py:154} INFO - [2024-05-11T21:19:32.096+0000] {dagbag.py:536} INFO - Filling up the DagBag from /opt/airflow/dags/sample_pyspark_job.py
[2024-05-11T21:19:32.106+0000] {processor.py:839} INFO - DAG(s) dict_keys(['sample_run_pyspark']) retrieved from /opt/airflow/dags/sample_pyspark_job.py
[2024-05-11T21:19:32.129+0000] {logging_mixin.py:154} INFO - [2024-05-11T21:19:32.129+0000] {dag.py:2941} INFO - Sync 1 DAGs
[2024-05-11T21:19:32.139+0000] {logging_mixin.py:154} INFO - [2024-05-11T21:19:32.138+0000] {dag.py:3722} INFO - Setting next_dagrun for sample_run_pyspark to None, run_after=None
[2024-05-11T21:19:32.149+0000] {processor.py:179} INFO - Processing /opt/airflow/dags/sample_pyspark_job.py took 0.068 seconds
[2024-05-11T21:20:02.492+0000] {processor.py:157} INFO - Started process (PID=421) to work on /opt/airflow/dags/sample_pyspark_job.py
[2024-05-11T21:20:02.494+0000] {processor.py:829} INFO - Processing file /opt/airflow/dags/sample_pyspark_job.py for tasks to queue
[2024-05-11T21:20:02.499+0000] {logging_mixin.py:154} INFO - [2024-05-11T21:20:02.499+0000] {dagbag.py:536} INFO - Filling up the DagBag from /opt/airflow/dags/sample_pyspark_job.py
[2024-05-11T21:20:02.508+0000] {processor.py:839} INFO - DAG(s) dict_keys(['sample_run_pyspark']) retrieved from /opt/airflow/dags/sample_pyspark_job.py
[2024-05-11T21:20:02.528+0000] {logging_mixin.py:154} INFO - [2024-05-11T21:20:02.528+0000] {dag.py:2941} INFO - Sync 1 DAGs
[2024-05-11T21:20:02.537+0000] {logging_mixin.py:154} INFO - [2024-05-11T21:20:02.537+0000] {dag.py:3722} INFO - Setting next_dagrun for sample_run_pyspark to None, run_after=None
[2024-05-11T21:20:02.547+0000] {processor.py:179} INFO - Processing /opt/airflow/dags/sample_pyspark_job.py took 0.062 seconds
[2024-05-11T21:20:32.684+0000] {processor.py:157} INFO - Started process (PID=476) to work on /opt/airflow/dags/sample_pyspark_job.py
[2024-05-11T21:20:32.686+0000] {processor.py:829} INFO - Processing file /opt/airflow/dags/sample_pyspark_job.py for tasks to queue
[2024-05-11T21:20:32.691+0000] {logging_mixin.py:154} INFO - [2024-05-11T21:20:32.690+0000] {dagbag.py:536} INFO - Filling up the DagBag from /opt/airflow/dags/sample_pyspark_job.py
[2024-05-11T21:20:32.699+0000] {processor.py:839} INFO - DAG(s) dict_keys(['sample_run_pyspark']) retrieved from /opt/airflow/dags/sample_pyspark_job.py
[2024-05-11T21:20:32.720+0000] {logging_mixin.py:154} INFO - [2024-05-11T21:20:32.720+0000] {dag.py:2941} INFO - Sync 1 DAGs
[2024-05-11T21:20:32.728+0000] {logging_mixin.py:154} INFO - [2024-05-11T21:20:32.728+0000] {dag.py:3722} INFO - Setting next_dagrun for sample_run_pyspark to None, run_after=None
[2024-05-11T21:20:32.738+0000] {processor.py:179} INFO - Processing /opt/airflow/dags/sample_pyspark_job.py took 0.061 seconds
[2024-05-11T21:21:02.794+0000] {processor.py:157} INFO - Started process (PID=531) to work on /opt/airflow/dags/sample_pyspark_job.py
[2024-05-11T21:21:02.797+0000] {processor.py:829} INFO - Processing file /opt/airflow/dags/sample_pyspark_job.py for tasks to queue
[2024-05-11T21:21:02.806+0000] {logging_mixin.py:154} INFO - [2024-05-11T21:21:02.806+0000] {dagbag.py:536} INFO - Filling up the DagBag from /opt/airflow/dags/sample_pyspark_job.py
[2024-05-11T21:21:02.820+0000] {processor.py:839} INFO - DAG(s) dict_keys(['sample_run_pyspark']) retrieved from /opt/airflow/dags/sample_pyspark_job.py
[2024-05-11T21:21:02.848+0000] {logging_mixin.py:154} INFO - [2024-05-11T21:21:02.848+0000] {dag.py:2941} INFO - Sync 1 DAGs
[2024-05-11T21:21:02.860+0000] {logging_mixin.py:154} INFO - [2024-05-11T21:21:02.859+0000] {dag.py:3722} INFO - Setting next_dagrun for sample_run_pyspark to None, run_after=None
[2024-05-11T21:21:02.874+0000] {processor.py:179} INFO - Processing /opt/airflow/dags/sample_pyspark_job.py took 0.084 seconds
[2024-05-11T21:21:33.249+0000] {processor.py:157} INFO - Started process (PID=586) to work on /opt/airflow/dags/sample_pyspark_job.py
[2024-05-11T21:21:33.252+0000] {processor.py:829} INFO - Processing file /opt/airflow/dags/sample_pyspark_job.py for tasks to queue
[2024-05-11T21:21:33.257+0000] {logging_mixin.py:154} INFO - [2024-05-11T21:21:33.257+0000] {dagbag.py:536} INFO - Filling up the DagBag from /opt/airflow/dags/sample_pyspark_job.py
[2024-05-11T21:21:33.272+0000] {processor.py:839} INFO - DAG(s) dict_keys(['sample_run_pyspark']) retrieved from /opt/airflow/dags/sample_pyspark_job.py
[2024-05-11T21:21:33.297+0000] {logging_mixin.py:154} INFO - [2024-05-11T21:21:33.297+0000] {dag.py:2941} INFO - Sync 1 DAGs
[2024-05-11T21:21:33.308+0000] {logging_mixin.py:154} INFO - [2024-05-11T21:21:33.308+0000] {dag.py:3722} INFO - Setting next_dagrun for sample_run_pyspark to None, run_after=None
[2024-05-11T21:21:33.322+0000] {processor.py:179} INFO - Processing /opt/airflow/dags/sample_pyspark_job.py took 0.081 seconds
[2024-05-11T21:22:03.608+0000] {processor.py:157} INFO - Started process (PID=641) to work on /opt/airflow/dags/sample_pyspark_job.py
[2024-05-11T21:22:03.610+0000] {processor.py:829} INFO - Processing file /opt/airflow/dags/sample_pyspark_job.py for tasks to queue
[2024-05-11T21:22:03.615+0000] {logging_mixin.py:154} INFO - [2024-05-11T21:22:03.615+0000] {dagbag.py:536} INFO - Filling up the DagBag from /opt/airflow/dags/sample_pyspark_job.py
[2024-05-11T21:22:03.629+0000] {processor.py:839} INFO - DAG(s) dict_keys(['sample_run_pyspark']) retrieved from /opt/airflow/dags/sample_pyspark_job.py
[2024-05-11T21:22:03.665+0000] {logging_mixin.py:154} INFO - [2024-05-11T21:22:03.665+0000] {dag.py:2941} INFO - Sync 1 DAGs
[2024-05-11T21:22:03.677+0000] {logging_mixin.py:154} INFO - [2024-05-11T21:22:03.677+0000] {dag.py:3722} INFO - Setting next_dagrun for sample_run_pyspark to None, run_after=None
[2024-05-11T21:22:03.692+0000] {processor.py:179} INFO - Processing /opt/airflow/dags/sample_pyspark_job.py took 0.093 seconds
[2024-05-11T21:42:00.071+0000] {processor.py:157} INFO - Started process (PID=41) to work on /opt/airflow/dags/sample_pyspark_job.py
[2024-05-11T21:42:00.079+0000] {processor.py:829} INFO - Processing file /opt/airflow/dags/sample_pyspark_job.py for tasks to queue
[2024-05-11T21:42:00.086+0000] {logging_mixin.py:154} INFO - [2024-05-11T21:42:00.086+0000] {dagbag.py:536} INFO - Filling up the DagBag from /opt/airflow/dags/sample_pyspark_job.py
[2024-05-11T21:42:00.126+0000] {processor.py:839} INFO - DAG(s) dict_keys(['sample_run_pyspark']) retrieved from /opt/airflow/dags/sample_pyspark_job.py
[2024-05-11T21:42:00.523+0000] {logging_mixin.py:154} INFO - [2024-05-11T21:42:00.523+0000] {manager.py:499} INFO - Created Permission View: %s
[2024-05-11T21:42:00.538+0000] {logging_mixin.py:154} INFO - [2024-05-11T21:42:00.537+0000] {manager.py:499} INFO - Created Permission View: %s
[2024-05-11T21:42:00.546+0000] {logging_mixin.py:154} INFO - [2024-05-11T21:42:00.546+0000] {manager.py:499} INFO - Created Permission View: %s
[2024-05-11T21:42:00.547+0000] {logging_mixin.py:154} INFO - [2024-05-11T21:42:00.547+0000] {dag.py:2941} INFO - Sync 1 DAGs
[2024-05-11T21:42:00.582+0000] {logging_mixin.py:154} INFO - [2024-05-11T21:42:00.582+0000] {dag.py:2963} INFO - Creating ORM DAG for sample_run_pyspark
[2024-05-11T21:42:00.587+0000] {logging_mixin.py:154} INFO - [2024-05-11T21:42:00.587+0000] {dag.py:3722} INFO - Setting next_dagrun for sample_run_pyspark to None, run_after=None
[2024-05-11T21:42:00.655+0000] {processor.py:179} INFO - Processing /opt/airflow/dags/sample_pyspark_job.py took 0.589 seconds
[2024-05-11T21:42:31.194+0000] {processor.py:157} INFO - Started process (PID=96) to work on /opt/airflow/dags/sample_pyspark_job.py
[2024-05-11T21:42:31.196+0000] {processor.py:829} INFO - Processing file /opt/airflow/dags/sample_pyspark_job.py for tasks to queue
[2024-05-11T21:42:31.203+0000] {logging_mixin.py:154} INFO - [2024-05-11T21:42:31.202+0000] {dagbag.py:536} INFO - Filling up the DagBag from /opt/airflow/dags/sample_pyspark_job.py
[2024-05-11T21:42:31.217+0000] {processor.py:839} INFO - DAG(s) dict_keys(['sample_run_pyspark']) retrieved from /opt/airflow/dags/sample_pyspark_job.py
[2024-05-11T21:42:31.283+0000] {logging_mixin.py:154} INFO - [2024-05-11T21:42:31.282+0000] {dag.py:2941} INFO - Sync 1 DAGs
[2024-05-11T21:42:31.302+0000] {logging_mixin.py:154} INFO - [2024-05-11T21:42:31.302+0000] {dag.py:3722} INFO - Setting next_dagrun for sample_run_pyspark to None, run_after=None
[2024-05-11T21:42:31.326+0000] {processor.py:179} INFO - Processing /opt/airflow/dags/sample_pyspark_job.py took 0.149 seconds
[2024-05-11T21:43:01.433+0000] {processor.py:157} INFO - Started process (PID=151) to work on /opt/airflow/dags/sample_pyspark_job.py
[2024-05-11T21:43:01.435+0000] {processor.py:829} INFO - Processing file /opt/airflow/dags/sample_pyspark_job.py for tasks to queue
[2024-05-11T21:43:01.438+0000] {logging_mixin.py:154} INFO - [2024-05-11T21:43:01.437+0000] {dagbag.py:536} INFO - Filling up the DagBag from /opt/airflow/dags/sample_pyspark_job.py
[2024-05-11T21:43:01.447+0000] {processor.py:839} INFO - DAG(s) dict_keys(['sample_run_pyspark']) retrieved from /opt/airflow/dags/sample_pyspark_job.py
[2024-05-11T21:43:01.471+0000] {logging_mixin.py:154} INFO - [2024-05-11T21:43:01.471+0000] {dag.py:2941} INFO - Sync 1 DAGs
[2024-05-11T21:43:01.483+0000] {logging_mixin.py:154} INFO - [2024-05-11T21:43:01.483+0000] {dag.py:3722} INFO - Setting next_dagrun for sample_run_pyspark to None, run_after=None
[2024-05-11T21:43:01.497+0000] {processor.py:179} INFO - Processing /opt/airflow/dags/sample_pyspark_job.py took 0.067 seconds
[2024-05-11T21:43:32.023+0000] {processor.py:157} INFO - Started process (PID=206) to work on /opt/airflow/dags/sample_pyspark_job.py
[2024-05-11T21:43:32.025+0000] {processor.py:829} INFO - Processing file /opt/airflow/dags/sample_pyspark_job.py for tasks to queue
[2024-05-11T21:43:32.027+0000] {logging_mixin.py:154} INFO - [2024-05-11T21:43:32.027+0000] {dagbag.py:536} INFO - Filling up the DagBag from /opt/airflow/dags/sample_pyspark_job.py
[2024-05-11T21:43:32.037+0000] {processor.py:839} INFO - DAG(s) dict_keys(['sample_run_pyspark']) retrieved from /opt/airflow/dags/sample_pyspark_job.py
[2024-05-11T21:43:32.062+0000] {logging_mixin.py:154} INFO - [2024-05-11T21:43:32.062+0000] {dag.py:2941} INFO - Sync 1 DAGs
[2024-05-11T21:43:32.072+0000] {logging_mixin.py:154} INFO - [2024-05-11T21:43:32.072+0000] {dag.py:3722} INFO - Setting next_dagrun for sample_run_pyspark to None, run_after=None
[2024-05-11T21:43:32.093+0000] {processor.py:179} INFO - Processing /opt/airflow/dags/sample_pyspark_job.py took 0.074 seconds
[2024-05-11T21:44:02.774+0000] {processor.py:157} INFO - Started process (PID=261) to work on /opt/airflow/dags/sample_pyspark_job.py
[2024-05-11T21:44:02.776+0000] {processor.py:829} INFO - Processing file /opt/airflow/dags/sample_pyspark_job.py for tasks to queue
[2024-05-11T21:44:02.779+0000] {logging_mixin.py:154} INFO - [2024-05-11T21:44:02.779+0000] {dagbag.py:536} INFO - Filling up the DagBag from /opt/airflow/dags/sample_pyspark_job.py
[2024-05-11T21:44:02.787+0000] {processor.py:839} INFO - DAG(s) dict_keys(['sample_run_pyspark']) retrieved from /opt/airflow/dags/sample_pyspark_job.py
[2024-05-11T21:44:02.810+0000] {logging_mixin.py:154} INFO - [2024-05-11T21:44:02.810+0000] {dag.py:2941} INFO - Sync 1 DAGs
[2024-05-11T21:44:02.822+0000] {logging_mixin.py:154} INFO - [2024-05-11T21:44:02.821+0000] {dag.py:3722} INFO - Setting next_dagrun for sample_run_pyspark to None, run_after=None
[2024-05-11T21:44:02.835+0000] {processor.py:179} INFO - Processing /opt/airflow/dags/sample_pyspark_job.py took 0.065 seconds
[2024-05-11T21:44:33.385+0000] {processor.py:157} INFO - Started process (PID=316) to work on /opt/airflow/dags/sample_pyspark_job.py
[2024-05-11T21:44:33.387+0000] {processor.py:829} INFO - Processing file /opt/airflow/dags/sample_pyspark_job.py for tasks to queue
[2024-05-11T21:44:33.392+0000] {logging_mixin.py:154} INFO - [2024-05-11T21:44:33.391+0000] {dagbag.py:536} INFO - Filling up the DagBag from /opt/airflow/dags/sample_pyspark_job.py
[2024-05-11T21:44:33.404+0000] {processor.py:839} INFO - DAG(s) dict_keys(['sample_run_pyspark']) retrieved from /opt/airflow/dags/sample_pyspark_job.py
[2024-05-11T21:44:33.433+0000] {logging_mixin.py:154} INFO - [2024-05-11T21:44:33.433+0000] {dag.py:2941} INFO - Sync 1 DAGs
[2024-05-11T21:44:33.446+0000] {logging_mixin.py:154} INFO - [2024-05-11T21:44:33.446+0000] {dag.py:3722} INFO - Setting next_dagrun for sample_run_pyspark to None, run_after=None
[2024-05-11T21:44:33.462+0000] {processor.py:179} INFO - Processing /opt/airflow/dags/sample_pyspark_job.py took 0.082 seconds
[2024-05-11T21:45:03.923+0000] {processor.py:157} INFO - Started process (PID=371) to work on /opt/airflow/dags/sample_pyspark_job.py
[2024-05-11T21:45:03.926+0000] {processor.py:829} INFO - Processing file /opt/airflow/dags/sample_pyspark_job.py for tasks to queue
[2024-05-11T21:45:03.929+0000] {logging_mixin.py:154} INFO - [2024-05-11T21:45:03.929+0000] {dagbag.py:536} INFO - Filling up the DagBag from /opt/airflow/dags/sample_pyspark_job.py
[2024-05-11T21:45:03.942+0000] {processor.py:839} INFO - DAG(s) dict_keys(['sample_run_pyspark']) retrieved from /opt/airflow/dags/sample_pyspark_job.py
[2024-05-11T21:45:03.966+0000] {logging_mixin.py:154} INFO - [2024-05-11T21:45:03.966+0000] {dag.py:2941} INFO - Sync 1 DAGs
[2024-05-11T21:45:03.979+0000] {logging_mixin.py:154} INFO - [2024-05-11T21:45:03.979+0000] {dag.py:3722} INFO - Setting next_dagrun for sample_run_pyspark to None, run_after=None
[2024-05-11T21:45:03.995+0000] {processor.py:179} INFO - Processing /opt/airflow/dags/sample_pyspark_job.py took 0.076 seconds
[2024-05-11T21:45:34.039+0000] {processor.py:157} INFO - Started process (PID=427) to work on /opt/airflow/dags/sample_pyspark_job.py
[2024-05-11T21:45:34.040+0000] {processor.py:829} INFO - Processing file /opt/airflow/dags/sample_pyspark_job.py for tasks to queue
[2024-05-11T21:45:34.044+0000] {logging_mixin.py:154} INFO - [2024-05-11T21:45:34.043+0000] {dagbag.py:536} INFO - Filling up the DagBag from /opt/airflow/dags/sample_pyspark_job.py
[2024-05-11T21:45:34.055+0000] {processor.py:839} INFO - DAG(s) dict_keys(['sample_run_pyspark']) retrieved from /opt/airflow/dags/sample_pyspark_job.py
[2024-05-11T21:45:34.077+0000] {logging_mixin.py:154} INFO - [2024-05-11T21:45:34.076+0000] {dag.py:2941} INFO - Sync 1 DAGs
[2024-05-11T21:45:34.086+0000] {logging_mixin.py:154} INFO - [2024-05-11T21:45:34.086+0000] {dag.py:3722} INFO - Setting next_dagrun for sample_run_pyspark to None, run_after=None
[2024-05-11T21:45:34.098+0000] {processor.py:179} INFO - Processing /opt/airflow/dags/sample_pyspark_job.py took 0.063 seconds
[2024-05-11T21:46:04.217+0000] {processor.py:157} INFO - Started process (PID=482) to work on /opt/airflow/dags/sample_pyspark_job.py
[2024-05-11T21:46:04.219+0000] {processor.py:829} INFO - Processing file /opt/airflow/dags/sample_pyspark_job.py for tasks to queue
[2024-05-11T21:46:04.225+0000] {logging_mixin.py:154} INFO - [2024-05-11T21:46:04.224+0000] {dagbag.py:536} INFO - Filling up the DagBag from /opt/airflow/dags/sample_pyspark_job.py
[2024-05-11T21:46:04.245+0000] {processor.py:839} INFO - DAG(s) dict_keys(['sample_run_pyspark']) retrieved from /opt/airflow/dags/sample_pyspark_job.py
[2024-05-11T21:46:04.281+0000] {logging_mixin.py:154} INFO - [2024-05-11T21:46:04.281+0000] {dag.py:2941} INFO - Sync 1 DAGs
[2024-05-11T21:46:04.303+0000] {logging_mixin.py:154} INFO - [2024-05-11T21:46:04.303+0000] {dag.py:3722} INFO - Setting next_dagrun for sample_run_pyspark to None, run_after=None
[2024-05-11T21:46:04.322+0000] {processor.py:179} INFO - Processing /opt/airflow/dags/sample_pyspark_job.py took 0.110 seconds
[2024-05-11T21:46:34.866+0000] {processor.py:157} INFO - Started process (PID=537) to work on /opt/airflow/dags/sample_pyspark_job.py
[2024-05-11T21:46:34.869+0000] {processor.py:829} INFO - Processing file /opt/airflow/dags/sample_pyspark_job.py for tasks to queue
[2024-05-11T21:46:34.874+0000] {logging_mixin.py:154} INFO - [2024-05-11T21:46:34.874+0000] {dagbag.py:536} INFO - Filling up the DagBag from /opt/airflow/dags/sample_pyspark_job.py
[2024-05-11T21:46:34.890+0000] {processor.py:839} INFO - DAG(s) dict_keys(['sample_run_pyspark']) retrieved from /opt/airflow/dags/sample_pyspark_job.py
[2024-05-11T21:46:34.951+0000] {logging_mixin.py:154} INFO - [2024-05-11T21:46:34.951+0000] {dag.py:2941} INFO - Sync 1 DAGs
[2024-05-11T21:46:34.971+0000] {logging_mixin.py:154} INFO - [2024-05-11T21:46:34.971+0000] {dag.py:3722} INFO - Setting next_dagrun for sample_run_pyspark to None, run_after=None
[2024-05-11T21:46:34.992+0000] {processor.py:179} INFO - Processing /opt/airflow/dags/sample_pyspark_job.py took 0.140 seconds
[2024-05-11T21:47:05.308+0000] {processor.py:157} INFO - Started process (PID=592) to work on /opt/airflow/dags/sample_pyspark_job.py
[2024-05-11T21:47:05.311+0000] {processor.py:829} INFO - Processing file /opt/airflow/dags/sample_pyspark_job.py for tasks to queue
[2024-05-11T21:47:05.315+0000] {logging_mixin.py:154} INFO - [2024-05-11T21:47:05.315+0000] {dagbag.py:536} INFO - Filling up the DagBag from /opt/airflow/dags/sample_pyspark_job.py
[2024-05-11T21:47:05.324+0000] {processor.py:839} INFO - DAG(s) dict_keys(['sample_run_pyspark']) retrieved from /opt/airflow/dags/sample_pyspark_job.py
[2024-05-11T21:47:05.350+0000] {logging_mixin.py:154} INFO - [2024-05-11T21:47:05.349+0000] {dag.py:2941} INFO - Sync 1 DAGs
[2024-05-11T21:47:05.361+0000] {logging_mixin.py:154} INFO - [2024-05-11T21:47:05.361+0000] {dag.py:3722} INFO - Setting next_dagrun for sample_run_pyspark to None, run_after=None
[2024-05-11T21:47:05.377+0000] {processor.py:179} INFO - Processing /opt/airflow/dags/sample_pyspark_job.py took 0.072 seconds
