[2024-05-11T21:03:18.688+0000] {processor.py:157} INFO - Started process (PID=43) to work on /home/airflow/.local/lib/python3.8/site-packages/airflow/example_dags/example_python_operator.py
[2024-05-11T21:03:18.693+0000] {processor.py:829} INFO - Processing file /home/airflow/.local/lib/python3.8/site-packages/airflow/example_dags/example_python_operator.py for tasks to queue
[2024-05-11T21:03:18.697+0000] {logging_mixin.py:154} INFO - [2024-05-11T21:03:18.696+0000] {dagbag.py:536} INFO - Filling up the DagBag from /home/airflow/.local/lib/python3.8/site-packages/airflow/example_dags/example_python_operator.py
[2024-05-11T21:03:18.716+0000] {processor.py:839} INFO - DAG(s) dict_keys(['example_python_operator']) retrieved from /home/airflow/.local/lib/python3.8/site-packages/airflow/example_dags/example_python_operator.py
[2024-05-11T21:03:18.849+0000] {logging_mixin.py:154} INFO - [2024-05-11T21:03:18.849+0000] {manager.py:499} INFO - Created Permission View: %s
[2024-05-11T21:03:18.861+0000] {logging_mixin.py:154} INFO - [2024-05-11T21:03:18.861+0000] {manager.py:499} INFO - Created Permission View: %s
[2024-05-11T21:03:18.875+0000] {logging_mixin.py:154} INFO - [2024-05-11T21:03:18.875+0000] {manager.py:499} INFO - Created Permission View: %s
[2024-05-11T21:03:18.876+0000] {logging_mixin.py:154} INFO - [2024-05-11T21:03:18.876+0000] {dag.py:2941} INFO - Sync 1 DAGs
[2024-05-11T21:03:18.885+0000] {logging_mixin.py:154} INFO - [2024-05-11T21:03:18.885+0000] {dag.py:2963} INFO - Creating ORM DAG for example_python_operator
[2024-05-11T21:03:18.891+0000] {logging_mixin.py:154} INFO - [2024-05-11T21:03:18.891+0000] {dag.py:3722} INFO - Setting next_dagrun for example_python_operator to None, run_after=None
[2024-05-11T21:03:18.919+0000] {processor.py:179} INFO - Processing /home/airflow/.local/lib/python3.8/site-packages/airflow/example_dags/example_python_operator.py took 0.235 seconds
[2024-05-11T21:03:48.981+0000] {processor.py:157} INFO - Started process (PID=98) to work on /home/airflow/.local/lib/python3.8/site-packages/airflow/example_dags/example_python_operator.py
[2024-05-11T21:03:48.983+0000] {processor.py:829} INFO - Processing file /home/airflow/.local/lib/python3.8/site-packages/airflow/example_dags/example_python_operator.py for tasks to queue
[2024-05-11T21:03:48.988+0000] {logging_mixin.py:154} INFO - [2024-05-11T21:03:48.987+0000] {dagbag.py:536} INFO - Filling up the DagBag from /home/airflow/.local/lib/python3.8/site-packages/airflow/example_dags/example_python_operator.py
[2024-05-11T21:03:48.997+0000] {processor.py:839} INFO - DAG(s) dict_keys(['example_python_operator']) retrieved from /home/airflow/.local/lib/python3.8/site-packages/airflow/example_dags/example_python_operator.py
[2024-05-11T21:03:49.018+0000] {logging_mixin.py:154} INFO - [2024-05-11T21:03:49.018+0000] {dag.py:2941} INFO - Sync 1 DAGs
[2024-05-11T21:03:49.027+0000] {logging_mixin.py:154} INFO - [2024-05-11T21:03:49.027+0000] {dag.py:3722} INFO - Setting next_dagrun for example_python_operator to None, run_after=None
[2024-05-11T21:03:49.041+0000] {processor.py:179} INFO - Processing /home/airflow/.local/lib/python3.8/site-packages/airflow/example_dags/example_python_operator.py took 0.063 seconds
[2024-05-11T21:04:19.330+0000] {processor.py:157} INFO - Started process (PID=152) to work on /home/airflow/.local/lib/python3.8/site-packages/airflow/example_dags/example_python_operator.py
[2024-05-11T21:04:19.331+0000] {processor.py:829} INFO - Processing file /home/airflow/.local/lib/python3.8/site-packages/airflow/example_dags/example_python_operator.py for tasks to queue
[2024-05-11T21:04:19.333+0000] {logging_mixin.py:154} INFO - [2024-05-11T21:04:19.333+0000] {dagbag.py:536} INFO - Filling up the DagBag from /home/airflow/.local/lib/python3.8/site-packages/airflow/example_dags/example_python_operator.py
[2024-05-11T21:04:19.339+0000] {processor.py:839} INFO - DAG(s) dict_keys(['example_python_operator']) retrieved from /home/airflow/.local/lib/python3.8/site-packages/airflow/example_dags/example_python_operator.py
[2024-05-11T21:04:19.358+0000] {logging_mixin.py:154} INFO - [2024-05-11T21:04:19.358+0000] {dag.py:2941} INFO - Sync 1 DAGs
[2024-05-11T21:04:19.366+0000] {logging_mixin.py:154} INFO - [2024-05-11T21:04:19.366+0000] {dag.py:3722} INFO - Setting next_dagrun for example_python_operator to None, run_after=None
[2024-05-11T21:04:19.375+0000] {processor.py:179} INFO - Processing /home/airflow/.local/lib/python3.8/site-packages/airflow/example_dags/example_python_operator.py took 0.048 seconds
[2024-05-11T21:04:49.551+0000] {processor.py:157} INFO - Started process (PID=207) to work on /home/airflow/.local/lib/python3.8/site-packages/airflow/example_dags/example_python_operator.py
[2024-05-11T21:04:49.553+0000] {processor.py:829} INFO - Processing file /home/airflow/.local/lib/python3.8/site-packages/airflow/example_dags/example_python_operator.py for tasks to queue
[2024-05-11T21:04:49.555+0000] {logging_mixin.py:154} INFO - [2024-05-11T21:04:49.554+0000] {dagbag.py:536} INFO - Filling up the DagBag from /home/airflow/.local/lib/python3.8/site-packages/airflow/example_dags/example_python_operator.py
[2024-05-11T21:04:49.561+0000] {processor.py:839} INFO - DAG(s) dict_keys(['example_python_operator']) retrieved from /home/airflow/.local/lib/python3.8/site-packages/airflow/example_dags/example_python_operator.py
[2024-05-11T21:04:49.579+0000] {logging_mixin.py:154} INFO - [2024-05-11T21:04:49.579+0000] {dag.py:2941} INFO - Sync 1 DAGs
[2024-05-11T21:04:49.588+0000] {logging_mixin.py:154} INFO - [2024-05-11T21:04:49.588+0000] {dag.py:3722} INFO - Setting next_dagrun for example_python_operator to None, run_after=None
[2024-05-11T21:04:49.598+0000] {processor.py:179} INFO - Processing /home/airflow/.local/lib/python3.8/site-packages/airflow/example_dags/example_python_operator.py took 0.051 seconds
[2024-05-11T21:05:42.151+0000] {processor.py:157} INFO - Started process (PID=44) to work on /home/airflow/.local/lib/python3.8/site-packages/airflow/example_dags/example_python_operator.py
[2024-05-11T21:05:42.160+0000] {processor.py:829} INFO - Processing file /home/airflow/.local/lib/python3.8/site-packages/airflow/example_dags/example_python_operator.py for tasks to queue
[2024-05-11T21:05:42.163+0000] {logging_mixin.py:154} INFO - [2024-05-11T21:05:42.163+0000] {dagbag.py:536} INFO - Filling up the DagBag from /home/airflow/.local/lib/python3.8/site-packages/airflow/example_dags/example_python_operator.py
[2024-05-11T21:05:42.176+0000] {processor.py:839} INFO - DAG(s) dict_keys(['example_python_operator']) retrieved from /home/airflow/.local/lib/python3.8/site-packages/airflow/example_dags/example_python_operator.py
[2024-05-11T21:05:42.191+0000] {logging_mixin.py:154} INFO - [2024-05-11T21:05:42.191+0000] {dag.py:2941} INFO - Sync 1 DAGs
[2024-05-11T21:05:42.205+0000] {logging_mixin.py:154} INFO - [2024-05-11T21:05:42.204+0000] {dag.py:3722} INFO - Setting next_dagrun for example_python_operator to None, run_after=None
[2024-05-11T21:05:42.220+0000] {processor.py:179} INFO - Processing /home/airflow/.local/lib/python3.8/site-packages/airflow/example_dags/example_python_operator.py took 0.076 seconds
[2024-05-11T21:06:12.442+0000] {processor.py:157} INFO - Started process (PID=99) to work on /home/airflow/.local/lib/python3.8/site-packages/airflow/example_dags/example_python_operator.py
[2024-05-11T21:06:12.443+0000] {processor.py:829} INFO - Processing file /home/airflow/.local/lib/python3.8/site-packages/airflow/example_dags/example_python_operator.py for tasks to queue
[2024-05-11T21:06:12.445+0000] {logging_mixin.py:154} INFO - [2024-05-11T21:06:12.445+0000] {dagbag.py:536} INFO - Filling up the DagBag from /home/airflow/.local/lib/python3.8/site-packages/airflow/example_dags/example_python_operator.py
[2024-05-11T21:06:12.451+0000] {processor.py:839} INFO - DAG(s) dict_keys(['example_python_operator']) retrieved from /home/airflow/.local/lib/python3.8/site-packages/airflow/example_dags/example_python_operator.py
[2024-05-11T21:06:12.513+0000] {logging_mixin.py:154} INFO - [2024-05-11T21:06:12.513+0000] {dag.py:2941} INFO - Sync 1 DAGs
[2024-05-11T21:06:12.520+0000] {logging_mixin.py:154} INFO - [2024-05-11T21:06:12.519+0000] {dag.py:3722} INFO - Setting next_dagrun for example_python_operator to None, run_after=None
[2024-05-11T21:06:12.531+0000] {processor.py:179} INFO - Processing /home/airflow/.local/lib/python3.8/site-packages/airflow/example_dags/example_python_operator.py took 0.092 seconds
[2024-05-11T21:06:42.768+0000] {processor.py:157} INFO - Started process (PID=154) to work on /home/airflow/.local/lib/python3.8/site-packages/airflow/example_dags/example_python_operator.py
[2024-05-11T21:06:42.771+0000] {processor.py:829} INFO - Processing file /home/airflow/.local/lib/python3.8/site-packages/airflow/example_dags/example_python_operator.py for tasks to queue
[2024-05-11T21:06:42.774+0000] {logging_mixin.py:154} INFO - [2024-05-11T21:06:42.774+0000] {dagbag.py:536} INFO - Filling up the DagBag from /home/airflow/.local/lib/python3.8/site-packages/airflow/example_dags/example_python_operator.py
[2024-05-11T21:06:42.785+0000] {processor.py:839} INFO - DAG(s) dict_keys(['example_python_operator']) retrieved from /home/airflow/.local/lib/python3.8/site-packages/airflow/example_dags/example_python_operator.py
[2024-05-11T21:06:42.816+0000] {logging_mixin.py:154} INFO - [2024-05-11T21:06:42.816+0000] {dag.py:2941} INFO - Sync 1 DAGs
[2024-05-11T21:06:42.830+0000] {logging_mixin.py:154} INFO - [2024-05-11T21:06:42.829+0000] {dag.py:3722} INFO - Setting next_dagrun for example_python_operator to None, run_after=None
[2024-05-11T21:06:42.847+0000] {processor.py:179} INFO - Processing /home/airflow/.local/lib/python3.8/site-packages/airflow/example_dags/example_python_operator.py took 0.083 seconds
[2024-05-11T21:07:13.089+0000] {processor.py:157} INFO - Started process (PID=209) to work on /home/airflow/.local/lib/python3.8/site-packages/airflow/example_dags/example_python_operator.py
[2024-05-11T21:07:13.091+0000] {processor.py:829} INFO - Processing file /home/airflow/.local/lib/python3.8/site-packages/airflow/example_dags/example_python_operator.py for tasks to queue
[2024-05-11T21:07:13.093+0000] {logging_mixin.py:154} INFO - [2024-05-11T21:07:13.092+0000] {dagbag.py:536} INFO - Filling up the DagBag from /home/airflow/.local/lib/python3.8/site-packages/airflow/example_dags/example_python_operator.py
[2024-05-11T21:07:13.099+0000] {processor.py:839} INFO - DAG(s) dict_keys(['example_python_operator']) retrieved from /home/airflow/.local/lib/python3.8/site-packages/airflow/example_dags/example_python_operator.py
[2024-05-11T21:07:13.117+0000] {logging_mixin.py:154} INFO - [2024-05-11T21:07:13.117+0000] {dag.py:2941} INFO - Sync 1 DAGs
[2024-05-11T21:07:13.125+0000] {logging_mixin.py:154} INFO - [2024-05-11T21:07:13.125+0000] {dag.py:3722} INFO - Setting next_dagrun for example_python_operator to None, run_after=None
[2024-05-11T21:07:13.136+0000] {processor.py:179} INFO - Processing /home/airflow/.local/lib/python3.8/site-packages/airflow/example_dags/example_python_operator.py took 0.049 seconds
[2024-05-11T21:07:43.322+0000] {processor.py:157} INFO - Started process (PID=268) to work on /home/airflow/.local/lib/python3.8/site-packages/airflow/example_dags/example_python_operator.py
[2024-05-11T21:07:43.323+0000] {processor.py:829} INFO - Processing file /home/airflow/.local/lib/python3.8/site-packages/airflow/example_dags/example_python_operator.py for tasks to queue
[2024-05-11T21:07:43.325+0000] {logging_mixin.py:154} INFO - [2024-05-11T21:07:43.325+0000] {dagbag.py:536} INFO - Filling up the DagBag from /home/airflow/.local/lib/python3.8/site-packages/airflow/example_dags/example_python_operator.py
[2024-05-11T21:07:43.332+0000] {processor.py:839} INFO - DAG(s) dict_keys(['example_python_operator']) retrieved from /home/airflow/.local/lib/python3.8/site-packages/airflow/example_dags/example_python_operator.py
[2024-05-11T21:07:43.349+0000] {logging_mixin.py:154} INFO - [2024-05-11T21:07:43.349+0000] {dag.py:2941} INFO - Sync 1 DAGs
[2024-05-11T21:07:43.357+0000] {logging_mixin.py:154} INFO - [2024-05-11T21:07:43.357+0000] {dag.py:3722} INFO - Setting next_dagrun for example_python_operator to None, run_after=None
[2024-05-11T21:07:43.368+0000] {processor.py:179} INFO - Processing /home/airflow/.local/lib/python3.8/site-packages/airflow/example_dags/example_python_operator.py took 0.049 seconds
[2024-05-11T21:08:13.609+0000] {processor.py:157} INFO - Started process (PID=323) to work on /home/airflow/.local/lib/python3.8/site-packages/airflow/example_dags/example_python_operator.py
[2024-05-11T21:08:13.610+0000] {processor.py:829} INFO - Processing file /home/airflow/.local/lib/python3.8/site-packages/airflow/example_dags/example_python_operator.py for tasks to queue
[2024-05-11T21:08:13.612+0000] {logging_mixin.py:154} INFO - [2024-05-11T21:08:13.612+0000] {dagbag.py:536} INFO - Filling up the DagBag from /home/airflow/.local/lib/python3.8/site-packages/airflow/example_dags/example_python_operator.py
[2024-05-11T21:08:13.619+0000] {processor.py:839} INFO - DAG(s) dict_keys(['example_python_operator']) retrieved from /home/airflow/.local/lib/python3.8/site-packages/airflow/example_dags/example_python_operator.py
[2024-05-11T21:08:13.637+0000] {logging_mixin.py:154} INFO - [2024-05-11T21:08:13.637+0000] {dag.py:2941} INFO - Sync 1 DAGs
[2024-05-11T21:08:13.646+0000] {logging_mixin.py:154} INFO - [2024-05-11T21:08:13.646+0000] {dag.py:3722} INFO - Setting next_dagrun for example_python_operator to None, run_after=None
[2024-05-11T21:08:13.656+0000] {processor.py:179} INFO - Processing /home/airflow/.local/lib/python3.8/site-packages/airflow/example_dags/example_python_operator.py took 0.050 seconds
[2024-05-11T21:08:43.854+0000] {processor.py:157} INFO - Started process (PID=378) to work on /home/airflow/.local/lib/python3.8/site-packages/airflow/example_dags/example_python_operator.py
[2024-05-11T21:08:43.855+0000] {processor.py:829} INFO - Processing file /home/airflow/.local/lib/python3.8/site-packages/airflow/example_dags/example_python_operator.py for tasks to queue
[2024-05-11T21:08:43.857+0000] {logging_mixin.py:154} INFO - [2024-05-11T21:08:43.857+0000] {dagbag.py:536} INFO - Filling up the DagBag from /home/airflow/.local/lib/python3.8/site-packages/airflow/example_dags/example_python_operator.py
[2024-05-11T21:08:43.864+0000] {processor.py:839} INFO - DAG(s) dict_keys(['example_python_operator']) retrieved from /home/airflow/.local/lib/python3.8/site-packages/airflow/example_dags/example_python_operator.py
[2024-05-11T21:08:43.882+0000] {logging_mixin.py:154} INFO - [2024-05-11T21:08:43.881+0000] {dag.py:2941} INFO - Sync 1 DAGs
[2024-05-11T21:08:43.890+0000] {logging_mixin.py:154} INFO - [2024-05-11T21:08:43.890+0000] {dag.py:3722} INFO - Setting next_dagrun for example_python_operator to None, run_after=None
[2024-05-11T21:08:43.900+0000] {processor.py:179} INFO - Processing /home/airflow/.local/lib/python3.8/site-packages/airflow/example_dags/example_python_operator.py took 0.049 seconds
[2024-05-11T21:09:14.198+0000] {processor.py:157} INFO - Started process (PID=432) to work on /home/airflow/.local/lib/python3.8/site-packages/airflow/example_dags/example_python_operator.py
[2024-05-11T21:09:14.199+0000] {processor.py:829} INFO - Processing file /home/airflow/.local/lib/python3.8/site-packages/airflow/example_dags/example_python_operator.py for tasks to queue
[2024-05-11T21:09:14.202+0000] {logging_mixin.py:154} INFO - [2024-05-11T21:09:14.201+0000] {dagbag.py:536} INFO - Filling up the DagBag from /home/airflow/.local/lib/python3.8/site-packages/airflow/example_dags/example_python_operator.py
[2024-05-11T21:09:14.209+0000] {processor.py:839} INFO - DAG(s) dict_keys(['example_python_operator']) retrieved from /home/airflow/.local/lib/python3.8/site-packages/airflow/example_dags/example_python_operator.py
[2024-05-11T21:09:14.227+0000] {logging_mixin.py:154} INFO - [2024-05-11T21:09:14.227+0000] {dag.py:2941} INFO - Sync 1 DAGs
[2024-05-11T21:09:14.235+0000] {logging_mixin.py:154} INFO - [2024-05-11T21:09:14.235+0000] {dag.py:3722} INFO - Setting next_dagrun for example_python_operator to None, run_after=None
[2024-05-11T21:09:14.246+0000] {processor.py:179} INFO - Processing /home/airflow/.local/lib/python3.8/site-packages/airflow/example_dags/example_python_operator.py took 0.051 seconds
[2024-05-11T21:09:44.552+0000] {processor.py:157} INFO - Started process (PID=487) to work on /home/airflow/.local/lib/python3.8/site-packages/airflow/example_dags/example_python_operator.py
[2024-05-11T21:09:44.554+0000] {processor.py:829} INFO - Processing file /home/airflow/.local/lib/python3.8/site-packages/airflow/example_dags/example_python_operator.py for tasks to queue
[2024-05-11T21:09:44.558+0000] {logging_mixin.py:154} INFO - [2024-05-11T21:09:44.558+0000] {dagbag.py:536} INFO - Filling up the DagBag from /home/airflow/.local/lib/python3.8/site-packages/airflow/example_dags/example_python_operator.py
[2024-05-11T21:09:44.578+0000] {processor.py:839} INFO - DAG(s) dict_keys(['example_python_operator']) retrieved from /home/airflow/.local/lib/python3.8/site-packages/airflow/example_dags/example_python_operator.py
[2024-05-11T21:09:44.602+0000] {logging_mixin.py:154} INFO - [2024-05-11T21:09:44.602+0000] {dag.py:2941} INFO - Sync 1 DAGs
[2024-05-11T21:09:44.619+0000] {logging_mixin.py:154} INFO - [2024-05-11T21:09:44.618+0000] {dag.py:3722} INFO - Setting next_dagrun for example_python_operator to None, run_after=None
[2024-05-11T21:09:44.632+0000] {processor.py:179} INFO - Processing /home/airflow/.local/lib/python3.8/site-packages/airflow/example_dags/example_python_operator.py took 0.084 seconds
[2024-05-11T21:10:14.782+0000] {processor.py:157} INFO - Started process (PID=541) to work on /home/airflow/.local/lib/python3.8/site-packages/airflow/example_dags/example_python_operator.py
[2024-05-11T21:10:14.784+0000] {processor.py:829} INFO - Processing file /home/airflow/.local/lib/python3.8/site-packages/airflow/example_dags/example_python_operator.py for tasks to queue
[2024-05-11T21:10:14.786+0000] {logging_mixin.py:154} INFO - [2024-05-11T21:10:14.785+0000] {dagbag.py:536} INFO - Filling up the DagBag from /home/airflow/.local/lib/python3.8/site-packages/airflow/example_dags/example_python_operator.py
[2024-05-11T21:10:14.792+0000] {processor.py:839} INFO - DAG(s) dict_keys(['example_python_operator']) retrieved from /home/airflow/.local/lib/python3.8/site-packages/airflow/example_dags/example_python_operator.py
[2024-05-11T21:10:14.810+0000] {logging_mixin.py:154} INFO - [2024-05-11T21:10:14.810+0000] {dag.py:2941} INFO - Sync 1 DAGs
[2024-05-11T21:10:14.817+0000] {logging_mixin.py:154} INFO - [2024-05-11T21:10:14.817+0000] {dag.py:3722} INFO - Setting next_dagrun for example_python_operator to None, run_after=None
[2024-05-11T21:10:14.827+0000] {processor.py:179} INFO - Processing /home/airflow/.local/lib/python3.8/site-packages/airflow/example_dags/example_python_operator.py took 0.048 seconds
[2024-05-11T21:10:45.067+0000] {processor.py:157} INFO - Started process (PID=596) to work on /home/airflow/.local/lib/python3.8/site-packages/airflow/example_dags/example_python_operator.py
[2024-05-11T21:10:45.068+0000] {processor.py:829} INFO - Processing file /home/airflow/.local/lib/python3.8/site-packages/airflow/example_dags/example_python_operator.py for tasks to queue
[2024-05-11T21:10:45.070+0000] {logging_mixin.py:154} INFO - [2024-05-11T21:10:45.070+0000] {dagbag.py:536} INFO - Filling up the DagBag from /home/airflow/.local/lib/python3.8/site-packages/airflow/example_dags/example_python_operator.py
[2024-05-11T21:10:45.077+0000] {processor.py:839} INFO - DAG(s) dict_keys(['example_python_operator']) retrieved from /home/airflow/.local/lib/python3.8/site-packages/airflow/example_dags/example_python_operator.py
[2024-05-11T21:10:45.095+0000] {logging_mixin.py:154} INFO - [2024-05-11T21:10:45.095+0000] {dag.py:2941} INFO - Sync 1 DAGs
[2024-05-11T21:10:45.103+0000] {logging_mixin.py:154} INFO - [2024-05-11T21:10:45.102+0000] {dag.py:3722} INFO - Setting next_dagrun for example_python_operator to None, run_after=None
[2024-05-11T21:10:45.114+0000] {processor.py:179} INFO - Processing /home/airflow/.local/lib/python3.8/site-packages/airflow/example_dags/example_python_operator.py took 0.050 seconds
[2024-05-11T21:11:15.457+0000] {processor.py:157} INFO - Started process (PID=651) to work on /home/airflow/.local/lib/python3.8/site-packages/airflow/example_dags/example_python_operator.py
[2024-05-11T21:11:15.458+0000] {processor.py:829} INFO - Processing file /home/airflow/.local/lib/python3.8/site-packages/airflow/example_dags/example_python_operator.py for tasks to queue
[2024-05-11T21:11:15.460+0000] {logging_mixin.py:154} INFO - [2024-05-11T21:11:15.460+0000] {dagbag.py:536} INFO - Filling up the DagBag from /home/airflow/.local/lib/python3.8/site-packages/airflow/example_dags/example_python_operator.py
[2024-05-11T21:11:15.468+0000] {processor.py:839} INFO - DAG(s) dict_keys(['example_python_operator']) retrieved from /home/airflow/.local/lib/python3.8/site-packages/airflow/example_dags/example_python_operator.py
[2024-05-11T21:11:15.487+0000] {logging_mixin.py:154} INFO - [2024-05-11T21:11:15.487+0000] {dag.py:2941} INFO - Sync 1 DAGs
[2024-05-11T21:11:15.494+0000] {logging_mixin.py:154} INFO - [2024-05-11T21:11:15.494+0000] {dag.py:3722} INFO - Setting next_dagrun for example_python_operator to None, run_after=None
[2024-05-11T21:11:15.505+0000] {processor.py:179} INFO - Processing /home/airflow/.local/lib/python3.8/site-packages/airflow/example_dags/example_python_operator.py took 0.051 seconds
[2024-05-11T21:11:45.796+0000] {processor.py:157} INFO - Started process (PID=706) to work on /home/airflow/.local/lib/python3.8/site-packages/airflow/example_dags/example_python_operator.py
[2024-05-11T21:11:45.797+0000] {processor.py:829} INFO - Processing file /home/airflow/.local/lib/python3.8/site-packages/airflow/example_dags/example_python_operator.py for tasks to queue
[2024-05-11T21:11:45.799+0000] {logging_mixin.py:154} INFO - [2024-05-11T21:11:45.799+0000] {dagbag.py:536} INFO - Filling up the DagBag from /home/airflow/.local/lib/python3.8/site-packages/airflow/example_dags/example_python_operator.py
[2024-05-11T21:11:45.806+0000] {processor.py:839} INFO - DAG(s) dict_keys(['example_python_operator']) retrieved from /home/airflow/.local/lib/python3.8/site-packages/airflow/example_dags/example_python_operator.py
[2024-05-11T21:11:45.823+0000] {logging_mixin.py:154} INFO - [2024-05-11T21:11:45.823+0000] {dag.py:2941} INFO - Sync 1 DAGs
[2024-05-11T21:11:45.831+0000] {logging_mixin.py:154} INFO - [2024-05-11T21:11:45.831+0000] {dag.py:3722} INFO - Setting next_dagrun for example_python_operator to None, run_after=None
[2024-05-11T21:11:45.843+0000] {processor.py:179} INFO - Processing /home/airflow/.local/lib/python3.8/site-packages/airflow/example_dags/example_python_operator.py took 0.050 seconds
[2024-05-11T21:12:16.009+0000] {processor.py:157} INFO - Started process (PID=762) to work on /home/airflow/.local/lib/python3.8/site-packages/airflow/example_dags/example_python_operator.py
[2024-05-11T21:12:16.010+0000] {processor.py:829} INFO - Processing file /home/airflow/.local/lib/python3.8/site-packages/airflow/example_dags/example_python_operator.py for tasks to queue
[2024-05-11T21:12:16.012+0000] {logging_mixin.py:154} INFO - [2024-05-11T21:12:16.012+0000] {dagbag.py:536} INFO - Filling up the DagBag from /home/airflow/.local/lib/python3.8/site-packages/airflow/example_dags/example_python_operator.py
[2024-05-11T21:12:16.018+0000] {processor.py:839} INFO - DAG(s) dict_keys(['example_python_operator']) retrieved from /home/airflow/.local/lib/python3.8/site-packages/airflow/example_dags/example_python_operator.py
[2024-05-11T21:12:16.037+0000] {logging_mixin.py:154} INFO - [2024-05-11T21:12:16.037+0000] {dag.py:2941} INFO - Sync 1 DAGs
[2024-05-11T21:12:16.044+0000] {logging_mixin.py:154} INFO - [2024-05-11T21:12:16.044+0000] {dag.py:3722} INFO - Setting next_dagrun for example_python_operator to None, run_after=None
[2024-05-11T21:12:16.056+0000] {processor.py:179} INFO - Processing /home/airflow/.local/lib/python3.8/site-packages/airflow/example_dags/example_python_operator.py took 0.051 seconds
[2024-05-11T21:12:46.410+0000] {processor.py:157} INFO - Started process (PID=817) to work on /home/airflow/.local/lib/python3.8/site-packages/airflow/example_dags/example_python_operator.py
[2024-05-11T21:12:46.411+0000] {processor.py:829} INFO - Processing file /home/airflow/.local/lib/python3.8/site-packages/airflow/example_dags/example_python_operator.py for tasks to queue
[2024-05-11T21:12:46.413+0000] {logging_mixin.py:154} INFO - [2024-05-11T21:12:46.413+0000] {dagbag.py:536} INFO - Filling up the DagBag from /home/airflow/.local/lib/python3.8/site-packages/airflow/example_dags/example_python_operator.py
[2024-05-11T21:12:46.420+0000] {processor.py:839} INFO - DAG(s) dict_keys(['example_python_operator']) retrieved from /home/airflow/.local/lib/python3.8/site-packages/airflow/example_dags/example_python_operator.py
[2024-05-11T21:12:46.438+0000] {logging_mixin.py:154} INFO - [2024-05-11T21:12:46.438+0000] {dag.py:2941} INFO - Sync 1 DAGs
[2024-05-11T21:12:46.446+0000] {logging_mixin.py:154} INFO - [2024-05-11T21:12:46.445+0000] {dag.py:3722} INFO - Setting next_dagrun for example_python_operator to None, run_after=None
[2024-05-11T21:12:46.456+0000] {processor.py:179} INFO - Processing /home/airflow/.local/lib/python3.8/site-packages/airflow/example_dags/example_python_operator.py took 0.049 seconds
[2024-05-11T21:13:16.784+0000] {processor.py:157} INFO - Started process (PID=872) to work on /home/airflow/.local/lib/python3.8/site-packages/airflow/example_dags/example_python_operator.py
[2024-05-11T21:13:16.785+0000] {processor.py:829} INFO - Processing file /home/airflow/.local/lib/python3.8/site-packages/airflow/example_dags/example_python_operator.py for tasks to queue
[2024-05-11T21:13:16.787+0000] {logging_mixin.py:154} INFO - [2024-05-11T21:13:16.787+0000] {dagbag.py:536} INFO - Filling up the DagBag from /home/airflow/.local/lib/python3.8/site-packages/airflow/example_dags/example_python_operator.py
[2024-05-11T21:13:16.793+0000] {processor.py:839} INFO - DAG(s) dict_keys(['example_python_operator']) retrieved from /home/airflow/.local/lib/python3.8/site-packages/airflow/example_dags/example_python_operator.py
[2024-05-11T21:13:16.814+0000] {logging_mixin.py:154} INFO - [2024-05-11T21:13:16.814+0000] {dag.py:2941} INFO - Sync 1 DAGs
[2024-05-11T21:13:16.822+0000] {logging_mixin.py:154} INFO - [2024-05-11T21:13:16.822+0000] {dag.py:3722} INFO - Setting next_dagrun for example_python_operator to None, run_after=None
[2024-05-11T21:13:16.834+0000] {processor.py:179} INFO - Processing /home/airflow/.local/lib/python3.8/site-packages/airflow/example_dags/example_python_operator.py took 0.053 seconds
[2024-05-11T21:13:46.981+0000] {processor.py:157} INFO - Started process (PID=927) to work on /home/airflow/.local/lib/python3.8/site-packages/airflow/example_dags/example_python_operator.py
[2024-05-11T21:13:46.983+0000] {processor.py:829} INFO - Processing file /home/airflow/.local/lib/python3.8/site-packages/airflow/example_dags/example_python_operator.py for tasks to queue
[2024-05-11T21:13:46.985+0000] {logging_mixin.py:154} INFO - [2024-05-11T21:13:46.985+0000] {dagbag.py:536} INFO - Filling up the DagBag from /home/airflow/.local/lib/python3.8/site-packages/airflow/example_dags/example_python_operator.py
[2024-05-11T21:13:46.992+0000] {processor.py:839} INFO - DAG(s) dict_keys(['example_python_operator']) retrieved from /home/airflow/.local/lib/python3.8/site-packages/airflow/example_dags/example_python_operator.py
[2024-05-11T21:13:47.009+0000] {logging_mixin.py:154} INFO - [2024-05-11T21:13:47.009+0000] {dag.py:2941} INFO - Sync 1 DAGs
[2024-05-11T21:13:47.017+0000] {logging_mixin.py:154} INFO - [2024-05-11T21:13:47.017+0000] {dag.py:3722} INFO - Setting next_dagrun for example_python_operator to None, run_after=None
[2024-05-11T21:13:47.029+0000] {processor.py:179} INFO - Processing /home/airflow/.local/lib/python3.8/site-packages/airflow/example_dags/example_python_operator.py took 0.050 seconds
[2024-05-11T21:14:17.172+0000] {processor.py:157} INFO - Started process (PID=982) to work on /home/airflow/.local/lib/python3.8/site-packages/airflow/example_dags/example_python_operator.py
[2024-05-11T21:14:17.173+0000] {processor.py:829} INFO - Processing file /home/airflow/.local/lib/python3.8/site-packages/airflow/example_dags/example_python_operator.py for tasks to queue
[2024-05-11T21:14:17.175+0000] {logging_mixin.py:154} INFO - [2024-05-11T21:14:17.175+0000] {dagbag.py:536} INFO - Filling up the DagBag from /home/airflow/.local/lib/python3.8/site-packages/airflow/example_dags/example_python_operator.py
[2024-05-11T21:14:17.182+0000] {processor.py:839} INFO - DAG(s) dict_keys(['example_python_operator']) retrieved from /home/airflow/.local/lib/python3.8/site-packages/airflow/example_dags/example_python_operator.py
[2024-05-11T21:14:17.199+0000] {logging_mixin.py:154} INFO - [2024-05-11T21:14:17.199+0000] {dag.py:2941} INFO - Sync 1 DAGs
[2024-05-11T21:14:17.206+0000] {logging_mixin.py:154} INFO - [2024-05-11T21:14:17.206+0000] {dag.py:3722} INFO - Setting next_dagrun for example_python_operator to None, run_after=None
[2024-05-11T21:14:17.217+0000] {processor.py:179} INFO - Processing /home/airflow/.local/lib/python3.8/site-packages/airflow/example_dags/example_python_operator.py took 0.048 seconds
[2024-05-11T21:14:47.403+0000] {processor.py:157} INFO - Started process (PID=1038) to work on /home/airflow/.local/lib/python3.8/site-packages/airflow/example_dags/example_python_operator.py
[2024-05-11T21:14:47.405+0000] {processor.py:829} INFO - Processing file /home/airflow/.local/lib/python3.8/site-packages/airflow/example_dags/example_python_operator.py for tasks to queue
[2024-05-11T21:14:47.407+0000] {logging_mixin.py:154} INFO - [2024-05-11T21:14:47.406+0000] {dagbag.py:536} INFO - Filling up the DagBag from /home/airflow/.local/lib/python3.8/site-packages/airflow/example_dags/example_python_operator.py
[2024-05-11T21:14:47.413+0000] {processor.py:839} INFO - DAG(s) dict_keys(['example_python_operator']) retrieved from /home/airflow/.local/lib/python3.8/site-packages/airflow/example_dags/example_python_operator.py
[2024-05-11T21:14:47.432+0000] {logging_mixin.py:154} INFO - [2024-05-11T21:14:47.432+0000] {dag.py:2941} INFO - Sync 1 DAGs
[2024-05-11T21:14:47.441+0000] {logging_mixin.py:154} INFO - [2024-05-11T21:14:47.441+0000] {dag.py:3722} INFO - Setting next_dagrun for example_python_operator to None, run_after=None
[2024-05-11T21:14:47.452+0000] {processor.py:179} INFO - Processing /home/airflow/.local/lib/python3.8/site-packages/airflow/example_dags/example_python_operator.py took 0.052 seconds
[2024-05-11T21:15:17.817+0000] {processor.py:157} INFO - Started process (PID=1093) to work on /home/airflow/.local/lib/python3.8/site-packages/airflow/example_dags/example_python_operator.py
[2024-05-11T21:15:17.818+0000] {processor.py:829} INFO - Processing file /home/airflow/.local/lib/python3.8/site-packages/airflow/example_dags/example_python_operator.py for tasks to queue
[2024-05-11T21:15:17.820+0000] {logging_mixin.py:154} INFO - [2024-05-11T21:15:17.820+0000] {dagbag.py:536} INFO - Filling up the DagBag from /home/airflow/.local/lib/python3.8/site-packages/airflow/example_dags/example_python_operator.py
[2024-05-11T21:15:17.827+0000] {processor.py:839} INFO - DAG(s) dict_keys(['example_python_operator']) retrieved from /home/airflow/.local/lib/python3.8/site-packages/airflow/example_dags/example_python_operator.py
[2024-05-11T21:15:17.844+0000] {logging_mixin.py:154} INFO - [2024-05-11T21:15:17.844+0000] {dag.py:2941} INFO - Sync 1 DAGs
[2024-05-11T21:15:17.852+0000] {logging_mixin.py:154} INFO - [2024-05-11T21:15:17.852+0000] {dag.py:3722} INFO - Setting next_dagrun for example_python_operator to None, run_after=None
[2024-05-11T21:15:17.862+0000] {processor.py:179} INFO - Processing /home/airflow/.local/lib/python3.8/site-packages/airflow/example_dags/example_python_operator.py took 0.048 seconds
[2024-05-11T21:16:31.376+0000] {processor.py:157} INFO - Started process (PID=44) to work on /home/airflow/.local/lib/python3.8/site-packages/airflow/example_dags/example_python_operator.py
[2024-05-11T21:16:31.379+0000] {processor.py:829} INFO - Processing file /home/airflow/.local/lib/python3.8/site-packages/airflow/example_dags/example_python_operator.py for tasks to queue
[2024-05-11T21:16:31.388+0000] {logging_mixin.py:154} INFO - [2024-05-11T21:16:31.387+0000] {dagbag.py:536} INFO - Filling up the DagBag from /home/airflow/.local/lib/python3.8/site-packages/airflow/example_dags/example_python_operator.py
[2024-05-11T21:16:31.416+0000] {processor.py:839} INFO - DAG(s) dict_keys(['example_python_operator']) retrieved from /home/airflow/.local/lib/python3.8/site-packages/airflow/example_dags/example_python_operator.py
[2024-05-11T21:16:31.449+0000] {logging_mixin.py:154} INFO - [2024-05-11T21:16:31.449+0000] {dag.py:2941} INFO - Sync 1 DAGs
[2024-05-11T21:16:31.479+0000] {logging_mixin.py:154} INFO - [2024-05-11T21:16:31.479+0000] {dag.py:3722} INFO - Setting next_dagrun for example_python_operator to None, run_after=None
[2024-05-11T21:16:31.524+0000] {processor.py:179} INFO - Processing /home/airflow/.local/lib/python3.8/site-packages/airflow/example_dags/example_python_operator.py took 0.153 seconds
[2024-05-11T21:17:01.954+0000] {processor.py:157} INFO - Started process (PID=100) to work on /home/airflow/.local/lib/python3.8/site-packages/airflow/example_dags/example_python_operator.py
[2024-05-11T21:17:01.955+0000] {processor.py:829} INFO - Processing file /home/airflow/.local/lib/python3.8/site-packages/airflow/example_dags/example_python_operator.py for tasks to queue
[2024-05-11T21:17:01.957+0000] {logging_mixin.py:154} INFO - [2024-05-11T21:17:01.957+0000] {dagbag.py:536} INFO - Filling up the DagBag from /home/airflow/.local/lib/python3.8/site-packages/airflow/example_dags/example_python_operator.py
[2024-05-11T21:17:01.963+0000] {processor.py:839} INFO - DAG(s) dict_keys(['example_python_operator']) retrieved from /home/airflow/.local/lib/python3.8/site-packages/airflow/example_dags/example_python_operator.py
[2024-05-11T21:17:02.023+0000] {logging_mixin.py:154} INFO - [2024-05-11T21:17:02.023+0000] {dag.py:2941} INFO - Sync 1 DAGs
[2024-05-11T21:17:02.029+0000] {logging_mixin.py:154} INFO - [2024-05-11T21:17:02.029+0000] {dag.py:3722} INFO - Setting next_dagrun for example_python_operator to None, run_after=None
[2024-05-11T21:17:02.040+0000] {processor.py:179} INFO - Processing /home/airflow/.local/lib/python3.8/site-packages/airflow/example_dags/example_python_operator.py took 0.089 seconds
[2024-05-11T21:17:32.294+0000] {processor.py:157} INFO - Started process (PID=155) to work on /home/airflow/.local/lib/python3.8/site-packages/airflow/example_dags/example_python_operator.py
[2024-05-11T21:17:32.295+0000] {processor.py:829} INFO - Processing file /home/airflow/.local/lib/python3.8/site-packages/airflow/example_dags/example_python_operator.py for tasks to queue
[2024-05-11T21:17:32.297+0000] {logging_mixin.py:154} INFO - [2024-05-11T21:17:32.296+0000] {dagbag.py:536} INFO - Filling up the DagBag from /home/airflow/.local/lib/python3.8/site-packages/airflow/example_dags/example_python_operator.py
[2024-05-11T21:17:32.304+0000] {processor.py:839} INFO - DAG(s) dict_keys(['example_python_operator']) retrieved from /home/airflow/.local/lib/python3.8/site-packages/airflow/example_dags/example_python_operator.py
[2024-05-11T21:17:32.323+0000] {logging_mixin.py:154} INFO - [2024-05-11T21:17:32.323+0000] {dag.py:2941} INFO - Sync 1 DAGs
[2024-05-11T21:17:32.331+0000] {logging_mixin.py:154} INFO - [2024-05-11T21:17:32.331+0000] {dag.py:3722} INFO - Setting next_dagrun for example_python_operator to None, run_after=None
[2024-05-11T21:17:32.342+0000] {processor.py:179} INFO - Processing /home/airflow/.local/lib/python3.8/site-packages/airflow/example_dags/example_python_operator.py took 0.051 seconds
[2024-05-11T21:18:02.723+0000] {processor.py:157} INFO - Started process (PID=211) to work on /home/airflow/.local/lib/python3.8/site-packages/airflow/example_dags/example_python_operator.py
[2024-05-11T21:18:02.724+0000] {processor.py:829} INFO - Processing file /home/airflow/.local/lib/python3.8/site-packages/airflow/example_dags/example_python_operator.py for tasks to queue
[2024-05-11T21:18:02.726+0000] {logging_mixin.py:154} INFO - [2024-05-11T21:18:02.726+0000] {dagbag.py:536} INFO - Filling up the DagBag from /home/airflow/.local/lib/python3.8/site-packages/airflow/example_dags/example_python_operator.py
[2024-05-11T21:18:02.733+0000] {processor.py:839} INFO - DAG(s) dict_keys(['example_python_operator']) retrieved from /home/airflow/.local/lib/python3.8/site-packages/airflow/example_dags/example_python_operator.py
[2024-05-11T21:18:02.750+0000] {logging_mixin.py:154} INFO - [2024-05-11T21:18:02.750+0000] {dag.py:2941} INFO - Sync 1 DAGs
[2024-05-11T21:18:02.759+0000] {logging_mixin.py:154} INFO - [2024-05-11T21:18:02.759+0000] {dag.py:3722} INFO - Setting next_dagrun for example_python_operator to None, run_after=None
[2024-05-11T21:18:02.773+0000] {processor.py:179} INFO - Processing /home/airflow/.local/lib/python3.8/site-packages/airflow/example_dags/example_python_operator.py took 0.053 seconds
[2024-05-11T21:18:32.906+0000] {processor.py:157} INFO - Started process (PID=266) to work on /home/airflow/.local/lib/python3.8/site-packages/airflow/example_dags/example_python_operator.py
[2024-05-11T21:18:32.907+0000] {processor.py:829} INFO - Processing file /home/airflow/.local/lib/python3.8/site-packages/airflow/example_dags/example_python_operator.py for tasks to queue
[2024-05-11T21:18:32.909+0000] {logging_mixin.py:154} INFO - [2024-05-11T21:18:32.909+0000] {dagbag.py:536} INFO - Filling up the DagBag from /home/airflow/.local/lib/python3.8/site-packages/airflow/example_dags/example_python_operator.py
[2024-05-11T21:18:32.916+0000] {processor.py:839} INFO - DAG(s) dict_keys(['example_python_operator']) retrieved from /home/airflow/.local/lib/python3.8/site-packages/airflow/example_dags/example_python_operator.py
[2024-05-11T21:18:32.934+0000] {logging_mixin.py:154} INFO - [2024-05-11T21:18:32.934+0000] {dag.py:2941} INFO - Sync 1 DAGs
[2024-05-11T21:18:32.942+0000] {logging_mixin.py:154} INFO - [2024-05-11T21:18:32.942+0000] {dag.py:3722} INFO - Setting next_dagrun for example_python_operator to None, run_after=None
[2024-05-11T21:18:32.953+0000] {processor.py:179} INFO - Processing /home/airflow/.local/lib/python3.8/site-packages/airflow/example_dags/example_python_operator.py took 0.050 seconds
[2024-05-11T21:19:03.148+0000] {processor.py:157} INFO - Started process (PID=321) to work on /home/airflow/.local/lib/python3.8/site-packages/airflow/example_dags/example_python_operator.py
[2024-05-11T21:19:03.151+0000] {processor.py:829} INFO - Processing file /home/airflow/.local/lib/python3.8/site-packages/airflow/example_dags/example_python_operator.py for tasks to queue
[2024-05-11T21:19:03.154+0000] {logging_mixin.py:154} INFO - [2024-05-11T21:19:03.153+0000] {dagbag.py:536} INFO - Filling up the DagBag from /home/airflow/.local/lib/python3.8/site-packages/airflow/example_dags/example_python_operator.py
[2024-05-11T21:19:03.162+0000] {processor.py:839} INFO - DAG(s) dict_keys(['example_python_operator']) retrieved from /home/airflow/.local/lib/python3.8/site-packages/airflow/example_dags/example_python_operator.py
[2024-05-11T21:19:03.182+0000] {logging_mixin.py:154} INFO - [2024-05-11T21:19:03.182+0000] {dag.py:2941} INFO - Sync 1 DAGs
[2024-05-11T21:19:03.190+0000] {logging_mixin.py:154} INFO - [2024-05-11T21:19:03.189+0000] {dag.py:3722} INFO - Setting next_dagrun for example_python_operator to None, run_after=None
[2024-05-11T21:19:03.200+0000] {processor.py:179} INFO - Processing /home/airflow/.local/lib/python3.8/site-packages/airflow/example_dags/example_python_operator.py took 0.055 seconds
[2024-05-11T21:19:33.543+0000] {processor.py:157} INFO - Started process (PID=376) to work on /home/airflow/.local/lib/python3.8/site-packages/airflow/example_dags/example_python_operator.py
[2024-05-11T21:19:33.544+0000] {processor.py:829} INFO - Processing file /home/airflow/.local/lib/python3.8/site-packages/airflow/example_dags/example_python_operator.py for tasks to queue
[2024-05-11T21:19:33.547+0000] {logging_mixin.py:154} INFO - [2024-05-11T21:19:33.546+0000] {dagbag.py:536} INFO - Filling up the DagBag from /home/airflow/.local/lib/python3.8/site-packages/airflow/example_dags/example_python_operator.py
[2024-05-11T21:19:33.553+0000] {processor.py:839} INFO - DAG(s) dict_keys(['example_python_operator']) retrieved from /home/airflow/.local/lib/python3.8/site-packages/airflow/example_dags/example_python_operator.py
[2024-05-11T21:19:33.571+0000] {logging_mixin.py:154} INFO - [2024-05-11T21:19:33.571+0000] {dag.py:2941} INFO - Sync 1 DAGs
[2024-05-11T21:19:33.580+0000] {logging_mixin.py:154} INFO - [2024-05-11T21:19:33.580+0000] {dag.py:3722} INFO - Setting next_dagrun for example_python_operator to None, run_after=None
[2024-05-11T21:19:33.591+0000] {processor.py:179} INFO - Processing /home/airflow/.local/lib/python3.8/site-packages/airflow/example_dags/example_python_operator.py took 0.051 seconds
[2024-05-11T21:20:03.920+0000] {processor.py:157} INFO - Started process (PID=431) to work on /home/airflow/.local/lib/python3.8/site-packages/airflow/example_dags/example_python_operator.py
[2024-05-11T21:20:03.921+0000] {processor.py:829} INFO - Processing file /home/airflow/.local/lib/python3.8/site-packages/airflow/example_dags/example_python_operator.py for tasks to queue
[2024-05-11T21:20:03.923+0000] {logging_mixin.py:154} INFO - [2024-05-11T21:20:03.923+0000] {dagbag.py:536} INFO - Filling up the DagBag from /home/airflow/.local/lib/python3.8/site-packages/airflow/example_dags/example_python_operator.py
[2024-05-11T21:20:03.930+0000] {processor.py:839} INFO - DAG(s) dict_keys(['example_python_operator']) retrieved from /home/airflow/.local/lib/python3.8/site-packages/airflow/example_dags/example_python_operator.py
[2024-05-11T21:20:03.947+0000] {logging_mixin.py:154} INFO - [2024-05-11T21:20:03.947+0000] {dag.py:2941} INFO - Sync 1 DAGs
[2024-05-11T21:20:03.954+0000] {logging_mixin.py:154} INFO - [2024-05-11T21:20:03.954+0000] {dag.py:3722} INFO - Setting next_dagrun for example_python_operator to None, run_after=None
[2024-05-11T21:20:03.965+0000] {processor.py:179} INFO - Processing /home/airflow/.local/lib/python3.8/site-packages/airflow/example_dags/example_python_operator.py took 0.048 seconds
[2024-05-11T21:20:34.134+0000] {processor.py:157} INFO - Started process (PID=486) to work on /home/airflow/.local/lib/python3.8/site-packages/airflow/example_dags/example_python_operator.py
[2024-05-11T21:20:34.135+0000] {processor.py:829} INFO - Processing file /home/airflow/.local/lib/python3.8/site-packages/airflow/example_dags/example_python_operator.py for tasks to queue
[2024-05-11T21:20:34.137+0000] {logging_mixin.py:154} INFO - [2024-05-11T21:20:34.137+0000] {dagbag.py:536} INFO - Filling up the DagBag from /home/airflow/.local/lib/python3.8/site-packages/airflow/example_dags/example_python_operator.py
[2024-05-11T21:20:34.143+0000] {processor.py:839} INFO - DAG(s) dict_keys(['example_python_operator']) retrieved from /home/airflow/.local/lib/python3.8/site-packages/airflow/example_dags/example_python_operator.py
[2024-05-11T21:20:34.160+0000] {logging_mixin.py:154} INFO - [2024-05-11T21:20:34.160+0000] {dag.py:2941} INFO - Sync 1 DAGs
[2024-05-11T21:20:34.168+0000] {logging_mixin.py:154} INFO - [2024-05-11T21:20:34.168+0000] {dag.py:3722} INFO - Setting next_dagrun for example_python_operator to None, run_after=None
[2024-05-11T21:20:34.179+0000] {processor.py:179} INFO - Processing /home/airflow/.local/lib/python3.8/site-packages/airflow/example_dags/example_python_operator.py took 0.047 seconds
[2024-05-11T21:21:04.288+0000] {processor.py:157} INFO - Started process (PID=541) to work on /home/airflow/.local/lib/python3.8/site-packages/airflow/example_dags/example_python_operator.py
[2024-05-11T21:21:04.289+0000] {processor.py:829} INFO - Processing file /home/airflow/.local/lib/python3.8/site-packages/airflow/example_dags/example_python_operator.py for tasks to queue
[2024-05-11T21:21:04.291+0000] {logging_mixin.py:154} INFO - [2024-05-11T21:21:04.290+0000] {dagbag.py:536} INFO - Filling up the DagBag from /home/airflow/.local/lib/python3.8/site-packages/airflow/example_dags/example_python_operator.py
[2024-05-11T21:21:04.297+0000] {processor.py:839} INFO - DAG(s) dict_keys(['example_python_operator']) retrieved from /home/airflow/.local/lib/python3.8/site-packages/airflow/example_dags/example_python_operator.py
[2024-05-11T21:21:04.314+0000] {logging_mixin.py:154} INFO - [2024-05-11T21:21:04.314+0000] {dag.py:2941} INFO - Sync 1 DAGs
[2024-05-11T21:21:04.321+0000] {logging_mixin.py:154} INFO - [2024-05-11T21:21:04.321+0000] {dag.py:3722} INFO - Setting next_dagrun for example_python_operator to None, run_after=None
[2024-05-11T21:21:04.332+0000] {processor.py:179} INFO - Processing /home/airflow/.local/lib/python3.8/site-packages/airflow/example_dags/example_python_operator.py took 0.047 seconds
[2024-05-11T21:21:34.733+0000] {processor.py:157} INFO - Started process (PID=595) to work on /home/airflow/.local/lib/python3.8/site-packages/airflow/example_dags/example_python_operator.py
[2024-05-11T21:21:34.734+0000] {processor.py:829} INFO - Processing file /home/airflow/.local/lib/python3.8/site-packages/airflow/example_dags/example_python_operator.py for tasks to queue
[2024-05-11T21:21:34.736+0000] {logging_mixin.py:154} INFO - [2024-05-11T21:21:34.736+0000] {dagbag.py:536} INFO - Filling up the DagBag from /home/airflow/.local/lib/python3.8/site-packages/airflow/example_dags/example_python_operator.py
[2024-05-11T21:21:34.742+0000] {processor.py:839} INFO - DAG(s) dict_keys(['example_python_operator']) retrieved from /home/airflow/.local/lib/python3.8/site-packages/airflow/example_dags/example_python_operator.py
[2024-05-11T21:21:34.760+0000] {logging_mixin.py:154} INFO - [2024-05-11T21:21:34.760+0000] {dag.py:2941} INFO - Sync 1 DAGs
[2024-05-11T21:21:34.767+0000] {logging_mixin.py:154} INFO - [2024-05-11T21:21:34.767+0000] {dag.py:3722} INFO - Setting next_dagrun for example_python_operator to None, run_after=None
[2024-05-11T21:21:34.779+0000] {processor.py:179} INFO - Processing /home/airflow/.local/lib/python3.8/site-packages/airflow/example_dags/example_python_operator.py took 0.049 seconds
[2024-05-11T21:42:07.145+0000] {processor.py:157} INFO - Started process (PID=61) to work on /home/airflow/.local/lib/python3.8/site-packages/airflow/example_dags/example_python_operator.py
[2024-05-11T21:42:07.147+0000] {processor.py:829} INFO - Processing file /home/airflow/.local/lib/python3.8/site-packages/airflow/example_dags/example_python_operator.py for tasks to queue
[2024-05-11T21:42:07.151+0000] {logging_mixin.py:154} INFO - [2024-05-11T21:42:07.150+0000] {dagbag.py:536} INFO - Filling up the DagBag from /home/airflow/.local/lib/python3.8/site-packages/airflow/example_dags/example_python_operator.py
[2024-05-11T21:42:07.164+0000] {processor.py:839} INFO - DAG(s) dict_keys(['example_python_operator']) retrieved from /home/airflow/.local/lib/python3.8/site-packages/airflow/example_dags/example_python_operator.py
[2024-05-11T21:42:07.273+0000] {logging_mixin.py:154} INFO - [2024-05-11T21:42:07.272+0000] {manager.py:499} INFO - Created Permission View: %s
[2024-05-11T21:42:07.285+0000] {logging_mixin.py:154} INFO - [2024-05-11T21:42:07.285+0000] {manager.py:499} INFO - Created Permission View: %s
[2024-05-11T21:42:07.297+0000] {logging_mixin.py:154} INFO - [2024-05-11T21:42:07.297+0000] {manager.py:499} INFO - Created Permission View: %s
[2024-05-11T21:42:07.300+0000] {logging_mixin.py:154} INFO - [2024-05-11T21:42:07.300+0000] {dag.py:2941} INFO - Sync 1 DAGs
[2024-05-11T21:42:07.309+0000] {logging_mixin.py:154} INFO - [2024-05-11T21:42:07.309+0000] {dag.py:2963} INFO - Creating ORM DAG for example_python_operator
[2024-05-11T21:42:07.310+0000] {logging_mixin.py:154} INFO - [2024-05-11T21:42:07.310+0000] {dag.py:3722} INFO - Setting next_dagrun for example_python_operator to None, run_after=None
[2024-05-11T21:42:07.339+0000] {processor.py:179} INFO - Processing /home/airflow/.local/lib/python3.8/site-packages/airflow/example_dags/example_python_operator.py took 0.199 seconds
[2024-05-11T21:42:38.283+0000] {processor.py:157} INFO - Started process (PID=116) to work on /home/airflow/.local/lib/python3.8/site-packages/airflow/example_dags/example_python_operator.py
[2024-05-11T21:42:38.286+0000] {processor.py:829} INFO - Processing file /home/airflow/.local/lib/python3.8/site-packages/airflow/example_dags/example_python_operator.py for tasks to queue
[2024-05-11T21:42:38.288+0000] {logging_mixin.py:154} INFO - [2024-05-11T21:42:38.288+0000] {dagbag.py:536} INFO - Filling up the DagBag from /home/airflow/.local/lib/python3.8/site-packages/airflow/example_dags/example_python_operator.py
[2024-05-11T21:42:38.296+0000] {processor.py:839} INFO - DAG(s) dict_keys(['example_python_operator']) retrieved from /home/airflow/.local/lib/python3.8/site-packages/airflow/example_dags/example_python_operator.py
[2024-05-11T21:42:38.323+0000] {logging_mixin.py:154} INFO - [2024-05-11T21:42:38.323+0000] {dag.py:2941} INFO - Sync 1 DAGs
[2024-05-11T21:42:38.334+0000] {logging_mixin.py:154} INFO - [2024-05-11T21:42:38.334+0000] {dag.py:3722} INFO - Setting next_dagrun for example_python_operator to None, run_after=None
[2024-05-11T21:42:38.349+0000] {processor.py:179} INFO - Processing /home/airflow/.local/lib/python3.8/site-packages/airflow/example_dags/example_python_operator.py took 0.070 seconds
[2024-05-11T21:43:08.456+0000] {processor.py:157} INFO - Started process (PID=171) to work on /home/airflow/.local/lib/python3.8/site-packages/airflow/example_dags/example_python_operator.py
[2024-05-11T21:43:08.457+0000] {processor.py:829} INFO - Processing file /home/airflow/.local/lib/python3.8/site-packages/airflow/example_dags/example_python_operator.py for tasks to queue
[2024-05-11T21:43:08.460+0000] {logging_mixin.py:154} INFO - [2024-05-11T21:43:08.459+0000] {dagbag.py:536} INFO - Filling up the DagBag from /home/airflow/.local/lib/python3.8/site-packages/airflow/example_dags/example_python_operator.py
[2024-05-11T21:43:08.467+0000] {processor.py:839} INFO - DAG(s) dict_keys(['example_python_operator']) retrieved from /home/airflow/.local/lib/python3.8/site-packages/airflow/example_dags/example_python_operator.py
[2024-05-11T21:43:08.492+0000] {logging_mixin.py:154} INFO - [2024-05-11T21:43:08.492+0000] {dag.py:2941} INFO - Sync 1 DAGs
[2024-05-11T21:43:08.504+0000] {logging_mixin.py:154} INFO - [2024-05-11T21:43:08.504+0000] {dag.py:3722} INFO - Setting next_dagrun for example_python_operator to None, run_after=None
[2024-05-11T21:43:08.519+0000] {processor.py:179} INFO - Processing /home/airflow/.local/lib/python3.8/site-packages/airflow/example_dags/example_python_operator.py took 0.066 seconds
[2024-05-11T21:43:39.106+0000] {processor.py:157} INFO - Started process (PID=226) to work on /home/airflow/.local/lib/python3.8/site-packages/airflow/example_dags/example_python_operator.py
[2024-05-11T21:43:39.109+0000] {processor.py:829} INFO - Processing file /home/airflow/.local/lib/python3.8/site-packages/airflow/example_dags/example_python_operator.py for tasks to queue
[2024-05-11T21:43:39.112+0000] {logging_mixin.py:154} INFO - [2024-05-11T21:43:39.111+0000] {dagbag.py:536} INFO - Filling up the DagBag from /home/airflow/.local/lib/python3.8/site-packages/airflow/example_dags/example_python_operator.py
[2024-05-11T21:43:39.122+0000] {processor.py:839} INFO - DAG(s) dict_keys(['example_python_operator']) retrieved from /home/airflow/.local/lib/python3.8/site-packages/airflow/example_dags/example_python_operator.py
[2024-05-11T21:43:39.148+0000] {logging_mixin.py:154} INFO - [2024-05-11T21:43:39.148+0000] {dag.py:2941} INFO - Sync 1 DAGs
[2024-05-11T21:43:39.158+0000] {logging_mixin.py:154} INFO - [2024-05-11T21:43:39.158+0000] {dag.py:3722} INFO - Setting next_dagrun for example_python_operator to None, run_after=None
[2024-05-11T21:43:39.171+0000] {processor.py:179} INFO - Processing /home/airflow/.local/lib/python3.8/site-packages/airflow/example_dags/example_python_operator.py took 0.068 seconds
[2024-05-11T21:44:09.812+0000] {processor.py:157} INFO - Started process (PID=281) to work on /home/airflow/.local/lib/python3.8/site-packages/airflow/example_dags/example_python_operator.py
[2024-05-11T21:44:09.813+0000] {processor.py:829} INFO - Processing file /home/airflow/.local/lib/python3.8/site-packages/airflow/example_dags/example_python_operator.py for tasks to queue
[2024-05-11T21:44:09.817+0000] {logging_mixin.py:154} INFO - [2024-05-11T21:44:09.817+0000] {dagbag.py:536} INFO - Filling up the DagBag from /home/airflow/.local/lib/python3.8/site-packages/airflow/example_dags/example_python_operator.py
[2024-05-11T21:44:09.826+0000] {processor.py:839} INFO - DAG(s) dict_keys(['example_python_operator']) retrieved from /home/airflow/.local/lib/python3.8/site-packages/airflow/example_dags/example_python_operator.py
[2024-05-11T21:44:09.850+0000] {logging_mixin.py:154} INFO - [2024-05-11T21:44:09.850+0000] {dag.py:2941} INFO - Sync 1 DAGs
[2024-05-11T21:44:09.861+0000] {logging_mixin.py:154} INFO - [2024-05-11T21:44:09.860+0000] {dag.py:3722} INFO - Setting next_dagrun for example_python_operator to None, run_after=None
[2024-05-11T21:44:09.876+0000] {processor.py:179} INFO - Processing /home/airflow/.local/lib/python3.8/site-packages/airflow/example_dags/example_python_operator.py took 0.068 seconds
[2024-05-11T21:44:40.283+0000] {processor.py:157} INFO - Started process (PID=336) to work on /home/airflow/.local/lib/python3.8/site-packages/airflow/example_dags/example_python_operator.py
[2024-05-11T21:44:40.286+0000] {processor.py:829} INFO - Processing file /home/airflow/.local/lib/python3.8/site-packages/airflow/example_dags/example_python_operator.py for tasks to queue
[2024-05-11T21:44:40.288+0000] {logging_mixin.py:154} INFO - [2024-05-11T21:44:40.288+0000] {dagbag.py:536} INFO - Filling up the DagBag from /home/airflow/.local/lib/python3.8/site-packages/airflow/example_dags/example_python_operator.py
[2024-05-11T21:44:40.297+0000] {processor.py:839} INFO - DAG(s) dict_keys(['example_python_operator']) retrieved from /home/airflow/.local/lib/python3.8/site-packages/airflow/example_dags/example_python_operator.py
[2024-05-11T21:44:40.322+0000] {logging_mixin.py:154} INFO - [2024-05-11T21:44:40.322+0000] {dag.py:2941} INFO - Sync 1 DAGs
[2024-05-11T21:44:40.332+0000] {logging_mixin.py:154} INFO - [2024-05-11T21:44:40.332+0000] {dag.py:3722} INFO - Setting next_dagrun for example_python_operator to None, run_after=None
[2024-05-11T21:44:40.349+0000] {processor.py:179} INFO - Processing /home/airflow/.local/lib/python3.8/site-packages/airflow/example_dags/example_python_operator.py took 0.070 seconds
[2024-05-11T21:45:10.945+0000] {processor.py:157} INFO - Started process (PID=391) to work on /home/airflow/.local/lib/python3.8/site-packages/airflow/example_dags/example_python_operator.py
[2024-05-11T21:45:10.947+0000] {processor.py:829} INFO - Processing file /home/airflow/.local/lib/python3.8/site-packages/airflow/example_dags/example_python_operator.py for tasks to queue
[2024-05-11T21:45:10.950+0000] {logging_mixin.py:154} INFO - [2024-05-11T21:45:10.950+0000] {dagbag.py:536} INFO - Filling up the DagBag from /home/airflow/.local/lib/python3.8/site-packages/airflow/example_dags/example_python_operator.py
[2024-05-11T21:45:10.960+0000] {processor.py:839} INFO - DAG(s) dict_keys(['example_python_operator']) retrieved from /home/airflow/.local/lib/python3.8/site-packages/airflow/example_dags/example_python_operator.py
[2024-05-11T21:45:10.985+0000] {logging_mixin.py:154} INFO - [2024-05-11T21:45:10.985+0000] {dag.py:2941} INFO - Sync 1 DAGs
[2024-05-11T21:45:10.995+0000] {logging_mixin.py:154} INFO - [2024-05-11T21:45:10.995+0000] {dag.py:3722} INFO - Setting next_dagrun for example_python_operator to None, run_after=None
[2024-05-11T21:45:11.011+0000] {processor.py:179} INFO - Processing /home/airflow/.local/lib/python3.8/site-packages/airflow/example_dags/example_python_operator.py took 0.069 seconds
[2024-05-11T21:45:41.373+0000] {processor.py:157} INFO - Started process (PID=447) to work on /home/airflow/.local/lib/python3.8/site-packages/airflow/example_dags/example_python_operator.py
[2024-05-11T21:45:41.375+0000] {processor.py:829} INFO - Processing file /home/airflow/.local/lib/python3.8/site-packages/airflow/example_dags/example_python_operator.py for tasks to queue
[2024-05-11T21:45:41.378+0000] {logging_mixin.py:154} INFO - [2024-05-11T21:45:41.378+0000] {dagbag.py:536} INFO - Filling up the DagBag from /home/airflow/.local/lib/python3.8/site-packages/airflow/example_dags/example_python_operator.py
[2024-05-11T21:45:41.388+0000] {processor.py:839} INFO - DAG(s) dict_keys(['example_python_operator']) retrieved from /home/airflow/.local/lib/python3.8/site-packages/airflow/example_dags/example_python_operator.py
[2024-05-11T21:45:41.447+0000] {logging_mixin.py:154} INFO - [2024-05-11T21:45:41.447+0000] {dag.py:2941} INFO - Sync 1 DAGs
[2024-05-11T21:45:41.479+0000] {logging_mixin.py:154} INFO - [2024-05-11T21:45:41.479+0000] {dag.py:3722} INFO - Setting next_dagrun for example_python_operator to None, run_after=None
[2024-05-11T21:45:41.551+0000] {processor.py:179} INFO - Processing /home/airflow/.local/lib/python3.8/site-packages/airflow/example_dags/example_python_operator.py took 0.181 seconds
[2024-05-11T21:46:12.327+0000] {processor.py:157} INFO - Started process (PID=502) to work on /home/airflow/.local/lib/python3.8/site-packages/airflow/example_dags/example_python_operator.py
[2024-05-11T21:46:12.329+0000] {processor.py:829} INFO - Processing file /home/airflow/.local/lib/python3.8/site-packages/airflow/example_dags/example_python_operator.py for tasks to queue
[2024-05-11T21:46:12.332+0000] {logging_mixin.py:154} INFO - [2024-05-11T21:46:12.331+0000] {dagbag.py:536} INFO - Filling up the DagBag from /home/airflow/.local/lib/python3.8/site-packages/airflow/example_dags/example_python_operator.py
[2024-05-11T21:46:12.340+0000] {processor.py:839} INFO - DAG(s) dict_keys(['example_python_operator']) retrieved from /home/airflow/.local/lib/python3.8/site-packages/airflow/example_dags/example_python_operator.py
[2024-05-11T21:46:12.361+0000] {logging_mixin.py:154} INFO - [2024-05-11T21:46:12.361+0000] {dag.py:2941} INFO - Sync 1 DAGs
[2024-05-11T21:46:12.371+0000] {logging_mixin.py:154} INFO - [2024-05-11T21:46:12.371+0000] {dag.py:3722} INFO - Setting next_dagrun for example_python_operator to None, run_after=None
[2024-05-11T21:46:12.386+0000] {processor.py:179} INFO - Processing /home/airflow/.local/lib/python3.8/site-packages/airflow/example_dags/example_python_operator.py took 0.063 seconds
[2024-05-11T21:46:42.907+0000] {processor.py:157} INFO - Started process (PID=557) to work on /home/airflow/.local/lib/python3.8/site-packages/airflow/example_dags/example_python_operator.py
[2024-05-11T21:46:42.908+0000] {processor.py:829} INFO - Processing file /home/airflow/.local/lib/python3.8/site-packages/airflow/example_dags/example_python_operator.py for tasks to queue
[2024-05-11T21:46:42.911+0000] {logging_mixin.py:154} INFO - [2024-05-11T21:46:42.910+0000] {dagbag.py:536} INFO - Filling up the DagBag from /home/airflow/.local/lib/python3.8/site-packages/airflow/example_dags/example_python_operator.py
[2024-05-11T21:46:42.918+0000] {processor.py:839} INFO - DAG(s) dict_keys(['example_python_operator']) retrieved from /home/airflow/.local/lib/python3.8/site-packages/airflow/example_dags/example_python_operator.py
[2024-05-11T21:46:42.938+0000] {logging_mixin.py:154} INFO - [2024-05-11T21:46:42.938+0000] {dag.py:2941} INFO - Sync 1 DAGs
[2024-05-11T21:46:42.948+0000] {logging_mixin.py:154} INFO - [2024-05-11T21:46:42.948+0000] {dag.py:3722} INFO - Setting next_dagrun for example_python_operator to None, run_after=None
[2024-05-11T21:46:42.965+0000] {processor.py:179} INFO - Processing /home/airflow/.local/lib/python3.8/site-packages/airflow/example_dags/example_python_operator.py took 0.063 seconds
