[2024-05-11T21:03:21.848+0000] {processor.py:157} INFO - Started process (PID=74) to work on /home/airflow/.local/lib/python3.8/site-packages/airflow/example_dags/example_sensors.py
[2024-05-11T21:03:21.850+0000] {processor.py:829} INFO - Processing file /home/airflow/.local/lib/python3.8/site-packages/airflow/example_dags/example_sensors.py for tasks to queue
[2024-05-11T21:03:21.852+0000] {logging_mixin.py:154} INFO - [2024-05-11T21:03:21.852+0000] {dagbag.py:536} INFO - Filling up the DagBag from /home/airflow/.local/lib/python3.8/site-packages/airflow/example_dags/example_sensors.py
[2024-05-11T21:03:21.860+0000] {processor.py:839} INFO - DAG(s) dict_keys(['example_sensors']) retrieved from /home/airflow/.local/lib/python3.8/site-packages/airflow/example_dags/example_sensors.py
[2024-05-11T21:03:21.937+0000] {logging_mixin.py:154} INFO - [2024-05-11T21:03:21.936+0000] {manager.py:499} INFO - Created Permission View: %s
[2024-05-11T21:03:21.942+0000] {logging_mixin.py:154} INFO - [2024-05-11T21:03:21.942+0000] {manager.py:499} INFO - Created Permission View: %s
[2024-05-11T21:03:21.947+0000] {logging_mixin.py:154} INFO - [2024-05-11T21:03:21.947+0000] {manager.py:499} INFO - Created Permission View: %s
[2024-05-11T21:03:21.947+0000] {logging_mixin.py:154} INFO - [2024-05-11T21:03:21.947+0000] {dag.py:2941} INFO - Sync 1 DAGs
[2024-05-11T21:03:21.953+0000] {logging_mixin.py:154} INFO - [2024-05-11T21:03:21.953+0000] {dag.py:2963} INFO - Creating ORM DAG for example_sensors
[2024-05-11T21:03:21.954+0000] {logging_mixin.py:154} INFO - [2024-05-11T21:03:21.954+0000] {dag.py:3722} INFO - Setting next_dagrun for example_sensors to None, run_after=None
[2024-05-11T21:03:21.962+0000] {processor.py:179} INFO - Processing /home/airflow/.local/lib/python3.8/site-packages/airflow/example_dags/example_sensors.py took 0.117 seconds
[2024-05-11T21:03:52.482+0000] {processor.py:157} INFO - Started process (PID=129) to work on /home/airflow/.local/lib/python3.8/site-packages/airflow/example_dags/example_sensors.py
[2024-05-11T21:03:52.484+0000] {processor.py:829} INFO - Processing file /home/airflow/.local/lib/python3.8/site-packages/airflow/example_dags/example_sensors.py for tasks to queue
[2024-05-11T21:03:52.487+0000] {logging_mixin.py:154} INFO - [2024-05-11T21:03:52.486+0000] {dagbag.py:536} INFO - Filling up the DagBag from /home/airflow/.local/lib/python3.8/site-packages/airflow/example_dags/example_sensors.py
[2024-05-11T21:03:52.495+0000] {processor.py:839} INFO - DAG(s) dict_keys(['example_sensors']) retrieved from /home/airflow/.local/lib/python3.8/site-packages/airflow/example_dags/example_sensors.py
[2024-05-11T21:03:52.515+0000] {logging_mixin.py:154} INFO - [2024-05-11T21:03:52.515+0000] {dag.py:2941} INFO - Sync 1 DAGs
[2024-05-11T21:03:52.524+0000] {logging_mixin.py:154} INFO - [2024-05-11T21:03:52.524+0000] {dag.py:3722} INFO - Setting next_dagrun for example_sensors to None, run_after=None
[2024-05-11T21:03:52.534+0000] {processor.py:179} INFO - Processing /home/airflow/.local/lib/python3.8/site-packages/airflow/example_dags/example_sensors.py took 0.055 seconds
[2024-05-11T21:04:22.711+0000] {processor.py:157} INFO - Started process (PID=183) to work on /home/airflow/.local/lib/python3.8/site-packages/airflow/example_dags/example_sensors.py
[2024-05-11T21:04:22.713+0000] {processor.py:829} INFO - Processing file /home/airflow/.local/lib/python3.8/site-packages/airflow/example_dags/example_sensors.py for tasks to queue
[2024-05-11T21:04:22.715+0000] {logging_mixin.py:154} INFO - [2024-05-11T21:04:22.715+0000] {dagbag.py:536} INFO - Filling up the DagBag from /home/airflow/.local/lib/python3.8/site-packages/airflow/example_dags/example_sensors.py
[2024-05-11T21:04:22.721+0000] {processor.py:839} INFO - DAG(s) dict_keys(['example_sensors']) retrieved from /home/airflow/.local/lib/python3.8/site-packages/airflow/example_dags/example_sensors.py
[2024-05-11T21:04:22.741+0000] {logging_mixin.py:154} INFO - [2024-05-11T21:04:22.741+0000] {dag.py:2941} INFO - Sync 1 DAGs
[2024-05-11T21:04:22.749+0000] {logging_mixin.py:154} INFO - [2024-05-11T21:04:22.749+0000] {dag.py:3722} INFO - Setting next_dagrun for example_sensors to None, run_after=None
[2024-05-11T21:04:22.759+0000] {processor.py:179} INFO - Processing /home/airflow/.local/lib/python3.8/site-packages/airflow/example_dags/example_sensors.py took 0.051 seconds
[2024-05-11T21:04:53.176+0000] {processor.py:157} INFO - Started process (PID=238) to work on /home/airflow/.local/lib/python3.8/site-packages/airflow/example_dags/example_sensors.py
[2024-05-11T21:04:53.178+0000] {processor.py:829} INFO - Processing file /home/airflow/.local/lib/python3.8/site-packages/airflow/example_dags/example_sensors.py for tasks to queue
[2024-05-11T21:04:53.180+0000] {logging_mixin.py:154} INFO - [2024-05-11T21:04:53.180+0000] {dagbag.py:536} INFO - Filling up the DagBag from /home/airflow/.local/lib/python3.8/site-packages/airflow/example_dags/example_sensors.py
[2024-05-11T21:04:53.187+0000] {processor.py:839} INFO - DAG(s) dict_keys(['example_sensors']) retrieved from /home/airflow/.local/lib/python3.8/site-packages/airflow/example_dags/example_sensors.py
[2024-05-11T21:04:53.207+0000] {logging_mixin.py:154} INFO - [2024-05-11T21:04:53.206+0000] {dag.py:2941} INFO - Sync 1 DAGs
[2024-05-11T21:04:53.214+0000] {logging_mixin.py:154} INFO - [2024-05-11T21:04:53.214+0000] {dag.py:3722} INFO - Setting next_dagrun for example_sensors to None, run_after=None
[2024-05-11T21:04:53.225+0000] {processor.py:179} INFO - Processing /home/airflow/.local/lib/python3.8/site-packages/airflow/example_dags/example_sensors.py took 0.052 seconds
[2024-05-11T21:05:44.736+0000] {processor.py:157} INFO - Started process (PID=75) to work on /home/airflow/.local/lib/python3.8/site-packages/airflow/example_dags/example_sensors.py
[2024-05-11T21:05:44.737+0000] {processor.py:829} INFO - Processing file /home/airflow/.local/lib/python3.8/site-packages/airflow/example_dags/example_sensors.py for tasks to queue
[2024-05-11T21:05:44.739+0000] {logging_mixin.py:154} INFO - [2024-05-11T21:05:44.739+0000] {dagbag.py:536} INFO - Filling up the DagBag from /home/airflow/.local/lib/python3.8/site-packages/airflow/example_dags/example_sensors.py
[2024-05-11T21:05:44.746+0000] {processor.py:839} INFO - DAG(s) dict_keys(['example_sensors']) retrieved from /home/airflow/.local/lib/python3.8/site-packages/airflow/example_dags/example_sensors.py
[2024-05-11T21:05:44.758+0000] {logging_mixin.py:154} INFO - [2024-05-11T21:05:44.758+0000] {dag.py:2941} INFO - Sync 1 DAGs
[2024-05-11T21:05:44.771+0000] {logging_mixin.py:154} INFO - [2024-05-11T21:05:44.771+0000] {dag.py:3722} INFO - Setting next_dagrun for example_sensors to None, run_after=None
[2024-05-11T21:05:44.783+0000] {processor.py:179} INFO - Processing /home/airflow/.local/lib/python3.8/site-packages/airflow/example_dags/example_sensors.py took 0.050 seconds
[2024-05-11T21:06:14.837+0000] {processor.py:157} INFO - Started process (PID=130) to work on /home/airflow/.local/lib/python3.8/site-packages/airflow/example_dags/example_sensors.py
[2024-05-11T21:06:14.838+0000] {processor.py:829} INFO - Processing file /home/airflow/.local/lib/python3.8/site-packages/airflow/example_dags/example_sensors.py for tasks to queue
[2024-05-11T21:06:14.840+0000] {logging_mixin.py:154} INFO - [2024-05-11T21:06:14.840+0000] {dagbag.py:536} INFO - Filling up the DagBag from /home/airflow/.local/lib/python3.8/site-packages/airflow/example_dags/example_sensors.py
[2024-05-11T21:06:14.846+0000] {processor.py:839} INFO - DAG(s) dict_keys(['example_sensors']) retrieved from /home/airflow/.local/lib/python3.8/site-packages/airflow/example_dags/example_sensors.py
[2024-05-11T21:06:14.865+0000] {logging_mixin.py:154} INFO - [2024-05-11T21:06:14.865+0000] {dag.py:2941} INFO - Sync 1 DAGs
[2024-05-11T21:06:14.874+0000] {logging_mixin.py:154} INFO - [2024-05-11T21:06:14.874+0000] {dag.py:3722} INFO - Setting next_dagrun for example_sensors to None, run_after=None
[2024-05-11T21:06:14.885+0000] {processor.py:179} INFO - Processing /home/airflow/.local/lib/python3.8/site-packages/airflow/example_dags/example_sensors.py took 0.051 seconds
[2024-05-11T21:06:45.141+0000] {processor.py:157} INFO - Started process (PID=185) to work on /home/airflow/.local/lib/python3.8/site-packages/airflow/example_dags/example_sensors.py
[2024-05-11T21:06:45.142+0000] {processor.py:829} INFO - Processing file /home/airflow/.local/lib/python3.8/site-packages/airflow/example_dags/example_sensors.py for tasks to queue
[2024-05-11T21:06:45.144+0000] {logging_mixin.py:154} INFO - [2024-05-11T21:06:45.144+0000] {dagbag.py:536} INFO - Filling up the DagBag from /home/airflow/.local/lib/python3.8/site-packages/airflow/example_dags/example_sensors.py
[2024-05-11T21:06:45.151+0000] {processor.py:839} INFO - DAG(s) dict_keys(['example_sensors']) retrieved from /home/airflow/.local/lib/python3.8/site-packages/airflow/example_dags/example_sensors.py
[2024-05-11T21:06:45.170+0000] {logging_mixin.py:154} INFO - [2024-05-11T21:06:45.170+0000] {dag.py:2941} INFO - Sync 1 DAGs
[2024-05-11T21:06:45.178+0000] {logging_mixin.py:154} INFO - [2024-05-11T21:06:45.178+0000] {dag.py:3722} INFO - Setting next_dagrun for example_sensors to None, run_after=None
[2024-05-11T21:06:45.188+0000] {processor.py:179} INFO - Processing /home/airflow/.local/lib/python3.8/site-packages/airflow/example_dags/example_sensors.py took 0.050 seconds
[2024-05-11T21:07:15.371+0000] {processor.py:157} INFO - Started process (PID=240) to work on /home/airflow/.local/lib/python3.8/site-packages/airflow/example_dags/example_sensors.py
[2024-05-11T21:07:15.375+0000] {processor.py:829} INFO - Processing file /home/airflow/.local/lib/python3.8/site-packages/airflow/example_dags/example_sensors.py for tasks to queue
[2024-05-11T21:07:15.378+0000] {logging_mixin.py:154} INFO - [2024-05-11T21:07:15.377+0000] {dagbag.py:536} INFO - Filling up the DagBag from /home/airflow/.local/lib/python3.8/site-packages/airflow/example_dags/example_sensors.py
[2024-05-11T21:07:15.387+0000] {processor.py:839} INFO - DAG(s) dict_keys(['example_sensors']) retrieved from /home/airflow/.local/lib/python3.8/site-packages/airflow/example_dags/example_sensors.py
[2024-05-11T21:07:15.407+0000] {logging_mixin.py:154} INFO - [2024-05-11T21:07:15.407+0000] {dag.py:2941} INFO - Sync 1 DAGs
[2024-05-11T21:07:15.415+0000] {logging_mixin.py:154} INFO - [2024-05-11T21:07:15.415+0000] {dag.py:3722} INFO - Setting next_dagrun for example_sensors to None, run_after=None
[2024-05-11T21:07:15.427+0000] {processor.py:179} INFO - Processing /home/airflow/.local/lib/python3.8/site-packages/airflow/example_dags/example_sensors.py took 0.059 seconds
[2024-05-11T21:07:45.651+0000] {processor.py:157} INFO - Started process (PID=299) to work on /home/airflow/.local/lib/python3.8/site-packages/airflow/example_dags/example_sensors.py
[2024-05-11T21:07:45.654+0000] {processor.py:829} INFO - Processing file /home/airflow/.local/lib/python3.8/site-packages/airflow/example_dags/example_sensors.py for tasks to queue
[2024-05-11T21:07:45.655+0000] {logging_mixin.py:154} INFO - [2024-05-11T21:07:45.655+0000] {dagbag.py:536} INFO - Filling up the DagBag from /home/airflow/.local/lib/python3.8/site-packages/airflow/example_dags/example_sensors.py
[2024-05-11T21:07:45.662+0000] {processor.py:839} INFO - DAG(s) dict_keys(['example_sensors']) retrieved from /home/airflow/.local/lib/python3.8/site-packages/airflow/example_dags/example_sensors.py
[2024-05-11T21:07:45.681+0000] {logging_mixin.py:154} INFO - [2024-05-11T21:07:45.680+0000] {dag.py:2941} INFO - Sync 1 DAGs
[2024-05-11T21:07:45.688+0000] {logging_mixin.py:154} INFO - [2024-05-11T21:07:45.688+0000] {dag.py:3722} INFO - Setting next_dagrun for example_sensors to None, run_after=None
[2024-05-11T21:07:45.698+0000] {processor.py:179} INFO - Processing /home/airflow/.local/lib/python3.8/site-packages/airflow/example_dags/example_sensors.py took 0.050 seconds
[2024-05-11T21:08:15.891+0000] {processor.py:157} INFO - Started process (PID=354) to work on /home/airflow/.local/lib/python3.8/site-packages/airflow/example_dags/example_sensors.py
[2024-05-11T21:08:15.893+0000] {processor.py:829} INFO - Processing file /home/airflow/.local/lib/python3.8/site-packages/airflow/example_dags/example_sensors.py for tasks to queue
[2024-05-11T21:08:15.895+0000] {logging_mixin.py:154} INFO - [2024-05-11T21:08:15.895+0000] {dagbag.py:536} INFO - Filling up the DagBag from /home/airflow/.local/lib/python3.8/site-packages/airflow/example_dags/example_sensors.py
[2024-05-11T21:08:15.901+0000] {processor.py:839} INFO - DAG(s) dict_keys(['example_sensors']) retrieved from /home/airflow/.local/lib/python3.8/site-packages/airflow/example_dags/example_sensors.py
[2024-05-11T21:08:15.919+0000] {logging_mixin.py:154} INFO - [2024-05-11T21:08:15.919+0000] {dag.py:2941} INFO - Sync 1 DAGs
[2024-05-11T21:08:15.927+0000] {logging_mixin.py:154} INFO - [2024-05-11T21:08:15.927+0000] {dag.py:3722} INFO - Setting next_dagrun for example_sensors to None, run_after=None
[2024-05-11T21:08:15.938+0000] {processor.py:179} INFO - Processing /home/airflow/.local/lib/python3.8/site-packages/airflow/example_dags/example_sensors.py took 0.049 seconds
[2024-05-11T21:08:46.182+0000] {processor.py:157} INFO - Started process (PID=409) to work on /home/airflow/.local/lib/python3.8/site-packages/airflow/example_dags/example_sensors.py
[2024-05-11T21:08:46.183+0000] {processor.py:829} INFO - Processing file /home/airflow/.local/lib/python3.8/site-packages/airflow/example_dags/example_sensors.py for tasks to queue
[2024-05-11T21:08:46.185+0000] {logging_mixin.py:154} INFO - [2024-05-11T21:08:46.185+0000] {dagbag.py:536} INFO - Filling up the DagBag from /home/airflow/.local/lib/python3.8/site-packages/airflow/example_dags/example_sensors.py
[2024-05-11T21:08:46.191+0000] {processor.py:839} INFO - DAG(s) dict_keys(['example_sensors']) retrieved from /home/airflow/.local/lib/python3.8/site-packages/airflow/example_dags/example_sensors.py
[2024-05-11T21:08:46.208+0000] {logging_mixin.py:154} INFO - [2024-05-11T21:08:46.208+0000] {dag.py:2941} INFO - Sync 1 DAGs
[2024-05-11T21:08:46.216+0000] {logging_mixin.py:154} INFO - [2024-05-11T21:08:46.216+0000] {dag.py:3722} INFO - Setting next_dagrun for example_sensors to None, run_after=None
[2024-05-11T21:08:46.225+0000] {processor.py:179} INFO - Processing /home/airflow/.local/lib/python3.8/site-packages/airflow/example_dags/example_sensors.py took 0.045 seconds
[2024-05-11T21:09:16.621+0000] {processor.py:157} INFO - Started process (PID=463) to work on /home/airflow/.local/lib/python3.8/site-packages/airflow/example_dags/example_sensors.py
[2024-05-11T21:09:16.622+0000] {processor.py:829} INFO - Processing file /home/airflow/.local/lib/python3.8/site-packages/airflow/example_dags/example_sensors.py for tasks to queue
[2024-05-11T21:09:16.624+0000] {logging_mixin.py:154} INFO - [2024-05-11T21:09:16.624+0000] {dagbag.py:536} INFO - Filling up the DagBag from /home/airflow/.local/lib/python3.8/site-packages/airflow/example_dags/example_sensors.py
[2024-05-11T21:09:16.631+0000] {processor.py:839} INFO - DAG(s) dict_keys(['example_sensors']) retrieved from /home/airflow/.local/lib/python3.8/site-packages/airflow/example_dags/example_sensors.py
[2024-05-11T21:09:16.652+0000] {logging_mixin.py:154} INFO - [2024-05-11T21:09:16.652+0000] {dag.py:2941} INFO - Sync 1 DAGs
[2024-05-11T21:09:16.660+0000] {logging_mixin.py:154} INFO - [2024-05-11T21:09:16.660+0000] {dag.py:3722} INFO - Setting next_dagrun for example_sensors to None, run_after=None
[2024-05-11T21:09:16.670+0000] {processor.py:179} INFO - Processing /home/airflow/.local/lib/python3.8/site-packages/airflow/example_dags/example_sensors.py took 0.053 seconds
[2024-05-11T21:09:46.905+0000] {processor.py:157} INFO - Started process (PID=518) to work on /home/airflow/.local/lib/python3.8/site-packages/airflow/example_dags/example_sensors.py
[2024-05-11T21:09:46.906+0000] {processor.py:829} INFO - Processing file /home/airflow/.local/lib/python3.8/site-packages/airflow/example_dags/example_sensors.py for tasks to queue
[2024-05-11T21:09:46.908+0000] {logging_mixin.py:154} INFO - [2024-05-11T21:09:46.907+0000] {dagbag.py:536} INFO - Filling up the DagBag from /home/airflow/.local/lib/python3.8/site-packages/airflow/example_dags/example_sensors.py
[2024-05-11T21:09:46.914+0000] {processor.py:839} INFO - DAG(s) dict_keys(['example_sensors']) retrieved from /home/airflow/.local/lib/python3.8/site-packages/airflow/example_dags/example_sensors.py
[2024-05-11T21:09:46.932+0000] {logging_mixin.py:154} INFO - [2024-05-11T21:09:46.932+0000] {dag.py:2941} INFO - Sync 1 DAGs
[2024-05-11T21:09:46.940+0000] {logging_mixin.py:154} INFO - [2024-05-11T21:09:46.940+0000] {dag.py:3722} INFO - Setting next_dagrun for example_sensors to None, run_after=None
[2024-05-11T21:09:46.950+0000] {processor.py:179} INFO - Processing /home/airflow/.local/lib/python3.8/site-packages/airflow/example_dags/example_sensors.py took 0.048 seconds
[2024-05-11T21:10:17.143+0000] {processor.py:157} INFO - Started process (PID=572) to work on /home/airflow/.local/lib/python3.8/site-packages/airflow/example_dags/example_sensors.py
[2024-05-11T21:10:17.144+0000] {processor.py:829} INFO - Processing file /home/airflow/.local/lib/python3.8/site-packages/airflow/example_dags/example_sensors.py for tasks to queue
[2024-05-11T21:10:17.146+0000] {logging_mixin.py:154} INFO - [2024-05-11T21:10:17.146+0000] {dagbag.py:536} INFO - Filling up the DagBag from /home/airflow/.local/lib/python3.8/site-packages/airflow/example_dags/example_sensors.py
[2024-05-11T21:10:17.152+0000] {processor.py:839} INFO - DAG(s) dict_keys(['example_sensors']) retrieved from /home/airflow/.local/lib/python3.8/site-packages/airflow/example_dags/example_sensors.py
[2024-05-11T21:10:17.170+0000] {logging_mixin.py:154} INFO - [2024-05-11T21:10:17.170+0000] {dag.py:2941} INFO - Sync 1 DAGs
[2024-05-11T21:10:17.178+0000] {logging_mixin.py:154} INFO - [2024-05-11T21:10:17.178+0000] {dag.py:3722} INFO - Setting next_dagrun for example_sensors to None, run_after=None
[2024-05-11T21:10:17.189+0000] {processor.py:179} INFO - Processing /home/airflow/.local/lib/python3.8/site-packages/airflow/example_dags/example_sensors.py took 0.048 seconds
[2024-05-11T21:10:47.564+0000] {processor.py:157} INFO - Started process (PID=627) to work on /home/airflow/.local/lib/python3.8/site-packages/airflow/example_dags/example_sensors.py
[2024-05-11T21:10:47.565+0000] {processor.py:829} INFO - Processing file /home/airflow/.local/lib/python3.8/site-packages/airflow/example_dags/example_sensors.py for tasks to queue
[2024-05-11T21:10:47.568+0000] {logging_mixin.py:154} INFO - [2024-05-11T21:10:47.568+0000] {dagbag.py:536} INFO - Filling up the DagBag from /home/airflow/.local/lib/python3.8/site-packages/airflow/example_dags/example_sensors.py
[2024-05-11T21:10:47.575+0000] {processor.py:839} INFO - DAG(s) dict_keys(['example_sensors']) retrieved from /home/airflow/.local/lib/python3.8/site-packages/airflow/example_dags/example_sensors.py
[2024-05-11T21:10:47.596+0000] {logging_mixin.py:154} INFO - [2024-05-11T21:10:47.595+0000] {dag.py:2941} INFO - Sync 1 DAGs
[2024-05-11T21:10:47.604+0000] {logging_mixin.py:154} INFO - [2024-05-11T21:10:47.604+0000] {dag.py:3722} INFO - Setting next_dagrun for example_sensors to None, run_after=None
[2024-05-11T21:10:47.616+0000] {processor.py:179} INFO - Processing /home/airflow/.local/lib/python3.8/site-packages/airflow/example_dags/example_sensors.py took 0.055 seconds
[2024-05-11T21:11:17.873+0000] {processor.py:157} INFO - Started process (PID=682) to work on /home/airflow/.local/lib/python3.8/site-packages/airflow/example_dags/example_sensors.py
[2024-05-11T21:11:17.874+0000] {processor.py:829} INFO - Processing file /home/airflow/.local/lib/python3.8/site-packages/airflow/example_dags/example_sensors.py for tasks to queue
[2024-05-11T21:11:17.876+0000] {logging_mixin.py:154} INFO - [2024-05-11T21:11:17.876+0000] {dagbag.py:536} INFO - Filling up the DagBag from /home/airflow/.local/lib/python3.8/site-packages/airflow/example_dags/example_sensors.py
[2024-05-11T21:11:17.882+0000] {processor.py:839} INFO - DAG(s) dict_keys(['example_sensors']) retrieved from /home/airflow/.local/lib/python3.8/site-packages/airflow/example_dags/example_sensors.py
[2024-05-11T21:11:17.899+0000] {logging_mixin.py:154} INFO - [2024-05-11T21:11:17.899+0000] {dag.py:2941} INFO - Sync 1 DAGs
[2024-05-11T21:11:17.909+0000] {logging_mixin.py:154} INFO - [2024-05-11T21:11:17.909+0000] {dag.py:3722} INFO - Setting next_dagrun for example_sensors to None, run_after=None
[2024-05-11T21:11:17.920+0000] {processor.py:179} INFO - Processing /home/airflow/.local/lib/python3.8/site-packages/airflow/example_dags/example_sensors.py took 0.050 seconds
[2024-05-11T21:11:48.136+0000] {processor.py:157} INFO - Started process (PID=737) to work on /home/airflow/.local/lib/python3.8/site-packages/airflow/example_dags/example_sensors.py
[2024-05-11T21:11:48.137+0000] {processor.py:829} INFO - Processing file /home/airflow/.local/lib/python3.8/site-packages/airflow/example_dags/example_sensors.py for tasks to queue
[2024-05-11T21:11:48.140+0000] {logging_mixin.py:154} INFO - [2024-05-11T21:11:48.139+0000] {dagbag.py:536} INFO - Filling up the DagBag from /home/airflow/.local/lib/python3.8/site-packages/airflow/example_dags/example_sensors.py
[2024-05-11T21:11:48.146+0000] {processor.py:839} INFO - DAG(s) dict_keys(['example_sensors']) retrieved from /home/airflow/.local/lib/python3.8/site-packages/airflow/example_dags/example_sensors.py
[2024-05-11T21:11:48.165+0000] {logging_mixin.py:154} INFO - [2024-05-11T21:11:48.165+0000] {dag.py:2941} INFO - Sync 1 DAGs
[2024-05-11T21:11:48.172+0000] {logging_mixin.py:154} INFO - [2024-05-11T21:11:48.172+0000] {dag.py:3722} INFO - Setting next_dagrun for example_sensors to None, run_after=None
[2024-05-11T21:11:48.183+0000] {processor.py:179} INFO - Processing /home/airflow/.local/lib/python3.8/site-packages/airflow/example_dags/example_sensors.py took 0.050 seconds
[2024-05-11T21:12:18.442+0000] {processor.py:157} INFO - Started process (PID=793) to work on /home/airflow/.local/lib/python3.8/site-packages/airflow/example_dags/example_sensors.py
[2024-05-11T21:12:18.443+0000] {processor.py:829} INFO - Processing file /home/airflow/.local/lib/python3.8/site-packages/airflow/example_dags/example_sensors.py for tasks to queue
[2024-05-11T21:12:18.445+0000] {logging_mixin.py:154} INFO - [2024-05-11T21:12:18.444+0000] {dagbag.py:536} INFO - Filling up the DagBag from /home/airflow/.local/lib/python3.8/site-packages/airflow/example_dags/example_sensors.py
[2024-05-11T21:12:18.450+0000] {processor.py:839} INFO - DAG(s) dict_keys(['example_sensors']) retrieved from /home/airflow/.local/lib/python3.8/site-packages/airflow/example_dags/example_sensors.py
[2024-05-11T21:12:18.468+0000] {logging_mixin.py:154} INFO - [2024-05-11T21:12:18.468+0000] {dag.py:2941} INFO - Sync 1 DAGs
[2024-05-11T21:12:18.477+0000] {logging_mixin.py:154} INFO - [2024-05-11T21:12:18.477+0000] {dag.py:3722} INFO - Setting next_dagrun for example_sensors to None, run_after=None
[2024-05-11T21:12:18.488+0000] {processor.py:179} INFO - Processing /home/airflow/.local/lib/python3.8/site-packages/airflow/example_dags/example_sensors.py took 0.049 seconds
[2024-05-11T21:12:48.782+0000] {processor.py:157} INFO - Started process (PID=848) to work on /home/airflow/.local/lib/python3.8/site-packages/airflow/example_dags/example_sensors.py
[2024-05-11T21:12:48.783+0000] {processor.py:829} INFO - Processing file /home/airflow/.local/lib/python3.8/site-packages/airflow/example_dags/example_sensors.py for tasks to queue
[2024-05-11T21:12:48.785+0000] {logging_mixin.py:154} INFO - [2024-05-11T21:12:48.785+0000] {dagbag.py:536} INFO - Filling up the DagBag from /home/airflow/.local/lib/python3.8/site-packages/airflow/example_dags/example_sensors.py
[2024-05-11T21:12:48.791+0000] {processor.py:839} INFO - DAG(s) dict_keys(['example_sensors']) retrieved from /home/airflow/.local/lib/python3.8/site-packages/airflow/example_dags/example_sensors.py
[2024-05-11T21:12:48.809+0000] {logging_mixin.py:154} INFO - [2024-05-11T21:12:48.809+0000] {dag.py:2941} INFO - Sync 1 DAGs
[2024-05-11T21:12:48.817+0000] {logging_mixin.py:154} INFO - [2024-05-11T21:12:48.817+0000] {dag.py:3722} INFO - Setting next_dagrun for example_sensors to None, run_after=None
[2024-05-11T21:12:48.827+0000] {processor.py:179} INFO - Processing /home/airflow/.local/lib/python3.8/site-packages/airflow/example_dags/example_sensors.py took 0.048 seconds
[2024-05-11T21:13:19.088+0000] {processor.py:157} INFO - Started process (PID=903) to work on /home/airflow/.local/lib/python3.8/site-packages/airflow/example_dags/example_sensors.py
[2024-05-11T21:13:19.089+0000] {processor.py:829} INFO - Processing file /home/airflow/.local/lib/python3.8/site-packages/airflow/example_dags/example_sensors.py for tasks to queue
[2024-05-11T21:13:19.091+0000] {logging_mixin.py:154} INFO - [2024-05-11T21:13:19.091+0000] {dagbag.py:536} INFO - Filling up the DagBag from /home/airflow/.local/lib/python3.8/site-packages/airflow/example_dags/example_sensors.py
[2024-05-11T21:13:19.097+0000] {processor.py:839} INFO - DAG(s) dict_keys(['example_sensors']) retrieved from /home/airflow/.local/lib/python3.8/site-packages/airflow/example_dags/example_sensors.py
[2024-05-11T21:13:19.115+0000] {logging_mixin.py:154} INFO - [2024-05-11T21:13:19.115+0000] {dag.py:2941} INFO - Sync 1 DAGs
[2024-05-11T21:13:19.123+0000] {logging_mixin.py:154} INFO - [2024-05-11T21:13:19.123+0000] {dag.py:3722} INFO - Setting next_dagrun for example_sensors to None, run_after=None
[2024-05-11T21:13:19.133+0000] {processor.py:179} INFO - Processing /home/airflow/.local/lib/python3.8/site-packages/airflow/example_dags/example_sensors.py took 0.049 seconds
[2024-05-11T21:13:49.207+0000] {processor.py:157} INFO - Started process (PID=958) to work on /home/airflow/.local/lib/python3.8/site-packages/airflow/example_dags/example_sensors.py
[2024-05-11T21:13:49.209+0000] {processor.py:829} INFO - Processing file /home/airflow/.local/lib/python3.8/site-packages/airflow/example_dags/example_sensors.py for tasks to queue
[2024-05-11T21:13:49.210+0000] {logging_mixin.py:154} INFO - [2024-05-11T21:13:49.210+0000] {dagbag.py:536} INFO - Filling up the DagBag from /home/airflow/.local/lib/python3.8/site-packages/airflow/example_dags/example_sensors.py
[2024-05-11T21:13:49.216+0000] {processor.py:839} INFO - DAG(s) dict_keys(['example_sensors']) retrieved from /home/airflow/.local/lib/python3.8/site-packages/airflow/example_dags/example_sensors.py
[2024-05-11T21:13:49.234+0000] {logging_mixin.py:154} INFO - [2024-05-11T21:13:49.233+0000] {dag.py:2941} INFO - Sync 1 DAGs
[2024-05-11T21:13:49.241+0000] {logging_mixin.py:154} INFO - [2024-05-11T21:13:49.241+0000] {dag.py:3722} INFO - Setting next_dagrun for example_sensors to None, run_after=None
[2024-05-11T21:13:49.250+0000] {processor.py:179} INFO - Processing /home/airflow/.local/lib/python3.8/site-packages/airflow/example_dags/example_sensors.py took 0.046 seconds
[2024-05-11T21:14:19.471+0000] {processor.py:157} INFO - Started process (PID=1013) to work on /home/airflow/.local/lib/python3.8/site-packages/airflow/example_dags/example_sensors.py
[2024-05-11T21:14:19.472+0000] {processor.py:829} INFO - Processing file /home/airflow/.local/lib/python3.8/site-packages/airflow/example_dags/example_sensors.py for tasks to queue
[2024-05-11T21:14:19.474+0000] {logging_mixin.py:154} INFO - [2024-05-11T21:14:19.474+0000] {dagbag.py:536} INFO - Filling up the DagBag from /home/airflow/.local/lib/python3.8/site-packages/airflow/example_dags/example_sensors.py
[2024-05-11T21:14:19.480+0000] {processor.py:839} INFO - DAG(s) dict_keys(['example_sensors']) retrieved from /home/airflow/.local/lib/python3.8/site-packages/airflow/example_dags/example_sensors.py
[2024-05-11T21:14:19.499+0000] {logging_mixin.py:154} INFO - [2024-05-11T21:14:19.499+0000] {dag.py:2941} INFO - Sync 1 DAGs
[2024-05-11T21:14:19.506+0000] {logging_mixin.py:154} INFO - [2024-05-11T21:14:19.506+0000] {dag.py:3722} INFO - Setting next_dagrun for example_sensors to None, run_after=None
[2024-05-11T21:14:19.518+0000] {processor.py:179} INFO - Processing /home/airflow/.local/lib/python3.8/site-packages/airflow/example_dags/example_sensors.py took 0.050 seconds
[2024-05-11T21:14:49.862+0000] {processor.py:157} INFO - Started process (PID=1069) to work on /home/airflow/.local/lib/python3.8/site-packages/airflow/example_dags/example_sensors.py
[2024-05-11T21:14:49.864+0000] {processor.py:829} INFO - Processing file /home/airflow/.local/lib/python3.8/site-packages/airflow/example_dags/example_sensors.py for tasks to queue
[2024-05-11T21:14:49.866+0000] {logging_mixin.py:154} INFO - [2024-05-11T21:14:49.866+0000] {dagbag.py:536} INFO - Filling up the DagBag from /home/airflow/.local/lib/python3.8/site-packages/airflow/example_dags/example_sensors.py
[2024-05-11T21:14:49.874+0000] {processor.py:839} INFO - DAG(s) dict_keys(['example_sensors']) retrieved from /home/airflow/.local/lib/python3.8/site-packages/airflow/example_dags/example_sensors.py
[2024-05-11T21:14:49.896+0000] {logging_mixin.py:154} INFO - [2024-05-11T21:14:49.896+0000] {dag.py:2941} INFO - Sync 1 DAGs
[2024-05-11T21:14:49.910+0000] {logging_mixin.py:154} INFO - [2024-05-11T21:14:49.910+0000] {dag.py:3722} INFO - Setting next_dagrun for example_sensors to None, run_after=None
[2024-05-11T21:14:49.941+0000] {processor.py:179} INFO - Processing /home/airflow/.local/lib/python3.8/site-packages/airflow/example_dags/example_sensors.py took 0.082 seconds
[2024-05-11T21:16:33.934+0000] {processor.py:157} INFO - Started process (PID=75) to work on /home/airflow/.local/lib/python3.8/site-packages/airflow/example_dags/example_sensors.py
[2024-05-11T21:16:33.935+0000] {processor.py:829} INFO - Processing file /home/airflow/.local/lib/python3.8/site-packages/airflow/example_dags/example_sensors.py for tasks to queue
[2024-05-11T21:16:33.938+0000] {logging_mixin.py:154} INFO - [2024-05-11T21:16:33.938+0000] {dagbag.py:536} INFO - Filling up the DagBag from /home/airflow/.local/lib/python3.8/site-packages/airflow/example_dags/example_sensors.py
[2024-05-11T21:16:33.946+0000] {processor.py:839} INFO - DAG(s) dict_keys(['example_sensors']) retrieved from /home/airflow/.local/lib/python3.8/site-packages/airflow/example_dags/example_sensors.py
[2024-05-11T21:16:33.965+0000] {logging_mixin.py:154} INFO - [2024-05-11T21:16:33.965+0000] {dag.py:2941} INFO - Sync 1 DAGs
[2024-05-11T21:16:33.988+0000] {logging_mixin.py:154} INFO - [2024-05-11T21:16:33.988+0000] {dag.py:3722} INFO - Setting next_dagrun for example_sensors to None, run_after=None
[2024-05-11T21:16:34.032+0000] {processor.py:179} INFO - Processing /home/airflow/.local/lib/python3.8/site-packages/airflow/example_dags/example_sensors.py took 0.104 seconds
[2024-05-11T21:17:04.406+0000] {processor.py:157} INFO - Started process (PID=131) to work on /home/airflow/.local/lib/python3.8/site-packages/airflow/example_dags/example_sensors.py
[2024-05-11T21:17:04.407+0000] {processor.py:829} INFO - Processing file /home/airflow/.local/lib/python3.8/site-packages/airflow/example_dags/example_sensors.py for tasks to queue
[2024-05-11T21:17:04.409+0000] {logging_mixin.py:154} INFO - [2024-05-11T21:17:04.409+0000] {dagbag.py:536} INFO - Filling up the DagBag from /home/airflow/.local/lib/python3.8/site-packages/airflow/example_dags/example_sensors.py
[2024-05-11T21:17:04.415+0000] {processor.py:839} INFO - DAG(s) dict_keys(['example_sensors']) retrieved from /home/airflow/.local/lib/python3.8/site-packages/airflow/example_dags/example_sensors.py
[2024-05-11T21:17:04.433+0000] {logging_mixin.py:154} INFO - [2024-05-11T21:17:04.432+0000] {dag.py:2941} INFO - Sync 1 DAGs
[2024-05-11T21:17:04.440+0000] {logging_mixin.py:154} INFO - [2024-05-11T21:17:04.440+0000] {dag.py:3722} INFO - Setting next_dagrun for example_sensors to None, run_after=None
[2024-05-11T21:17:04.450+0000] {processor.py:179} INFO - Processing /home/airflow/.local/lib/python3.8/site-packages/airflow/example_dags/example_sensors.py took 0.046 seconds
[2024-05-11T21:17:34.785+0000] {processor.py:157} INFO - Started process (PID=186) to work on /home/airflow/.local/lib/python3.8/site-packages/airflow/example_dags/example_sensors.py
[2024-05-11T21:17:34.789+0000] {processor.py:829} INFO - Processing file /home/airflow/.local/lib/python3.8/site-packages/airflow/example_dags/example_sensors.py for tasks to queue
[2024-05-11T21:17:34.792+0000] {logging_mixin.py:154} INFO - [2024-05-11T21:17:34.792+0000] {dagbag.py:536} INFO - Filling up the DagBag from /home/airflow/.local/lib/python3.8/site-packages/airflow/example_dags/example_sensors.py
[2024-05-11T21:17:34.803+0000] {processor.py:839} INFO - DAG(s) dict_keys(['example_sensors']) retrieved from /home/airflow/.local/lib/python3.8/site-packages/airflow/example_dags/example_sensors.py
[2024-05-11T21:17:34.843+0000] {logging_mixin.py:154} INFO - [2024-05-11T21:17:34.843+0000] {dag.py:2941} INFO - Sync 1 DAGs
[2024-05-11T21:17:34.852+0000] {logging_mixin.py:154} INFO - [2024-05-11T21:17:34.851+0000] {dag.py:3722} INFO - Setting next_dagrun for example_sensors to None, run_after=None
[2024-05-11T21:17:34.866+0000] {processor.py:179} INFO - Processing /home/airflow/.local/lib/python3.8/site-packages/airflow/example_dags/example_sensors.py took 0.087 seconds
[2024-05-11T21:18:05.062+0000] {processor.py:157} INFO - Started process (PID=242) to work on /home/airflow/.local/lib/python3.8/site-packages/airflow/example_dags/example_sensors.py
[2024-05-11T21:18:05.063+0000] {processor.py:829} INFO - Processing file /home/airflow/.local/lib/python3.8/site-packages/airflow/example_dags/example_sensors.py for tasks to queue
[2024-05-11T21:18:05.065+0000] {logging_mixin.py:154} INFO - [2024-05-11T21:18:05.065+0000] {dagbag.py:536} INFO - Filling up the DagBag from /home/airflow/.local/lib/python3.8/site-packages/airflow/example_dags/example_sensors.py
[2024-05-11T21:18:05.072+0000] {processor.py:839} INFO - DAG(s) dict_keys(['example_sensors']) retrieved from /home/airflow/.local/lib/python3.8/site-packages/airflow/example_dags/example_sensors.py
[2024-05-11T21:18:05.090+0000] {logging_mixin.py:154} INFO - [2024-05-11T21:18:05.090+0000] {dag.py:2941} INFO - Sync 1 DAGs
[2024-05-11T21:18:05.097+0000] {logging_mixin.py:154} INFO - [2024-05-11T21:18:05.097+0000] {dag.py:3722} INFO - Setting next_dagrun for example_sensors to None, run_after=None
[2024-05-11T21:18:05.108+0000] {processor.py:179} INFO - Processing /home/airflow/.local/lib/python3.8/site-packages/airflow/example_dags/example_sensors.py took 0.049 seconds
[2024-05-11T21:18:35.245+0000] {processor.py:157} INFO - Started process (PID=297) to work on /home/airflow/.local/lib/python3.8/site-packages/airflow/example_dags/example_sensors.py
[2024-05-11T21:18:35.247+0000] {processor.py:829} INFO - Processing file /home/airflow/.local/lib/python3.8/site-packages/airflow/example_dags/example_sensors.py for tasks to queue
[2024-05-11T21:18:35.249+0000] {logging_mixin.py:154} INFO - [2024-05-11T21:18:35.248+0000] {dagbag.py:536} INFO - Filling up the DagBag from /home/airflow/.local/lib/python3.8/site-packages/airflow/example_dags/example_sensors.py
[2024-05-11T21:18:35.255+0000] {processor.py:839} INFO - DAG(s) dict_keys(['example_sensors']) retrieved from /home/airflow/.local/lib/python3.8/site-packages/airflow/example_dags/example_sensors.py
[2024-05-11T21:18:35.276+0000] {logging_mixin.py:154} INFO - [2024-05-11T21:18:35.275+0000] {dag.py:2941} INFO - Sync 1 DAGs
[2024-05-11T21:18:35.285+0000] {logging_mixin.py:154} INFO - [2024-05-11T21:18:35.285+0000] {dag.py:3722} INFO - Setting next_dagrun for example_sensors to None, run_after=None
[2024-05-11T21:18:35.297+0000] {processor.py:179} INFO - Processing /home/airflow/.local/lib/python3.8/site-packages/airflow/example_dags/example_sensors.py took 0.055 seconds
[2024-05-11T21:19:05.409+0000] {processor.py:157} INFO - Started process (PID=352) to work on /home/airflow/.local/lib/python3.8/site-packages/airflow/example_dags/example_sensors.py
[2024-05-11T21:19:05.411+0000] {processor.py:829} INFO - Processing file /home/airflow/.local/lib/python3.8/site-packages/airflow/example_dags/example_sensors.py for tasks to queue
[2024-05-11T21:19:05.413+0000] {logging_mixin.py:154} INFO - [2024-05-11T21:19:05.412+0000] {dagbag.py:536} INFO - Filling up the DagBag from /home/airflow/.local/lib/python3.8/site-packages/airflow/example_dags/example_sensors.py
[2024-05-11T21:19:05.419+0000] {processor.py:839} INFO - DAG(s) dict_keys(['example_sensors']) retrieved from /home/airflow/.local/lib/python3.8/site-packages/airflow/example_dags/example_sensors.py
[2024-05-11T21:19:05.439+0000] {logging_mixin.py:154} INFO - [2024-05-11T21:19:05.439+0000] {dag.py:2941} INFO - Sync 1 DAGs
[2024-05-11T21:19:05.446+0000] {logging_mixin.py:154} INFO - [2024-05-11T21:19:05.446+0000] {dag.py:3722} INFO - Setting next_dagrun for example_sensors to None, run_after=None
[2024-05-11T21:19:05.457+0000] {processor.py:179} INFO - Processing /home/airflow/.local/lib/python3.8/site-packages/airflow/example_dags/example_sensors.py took 0.051 seconds
[2024-05-11T21:19:35.776+0000] {processor.py:157} INFO - Started process (PID=407) to work on /home/airflow/.local/lib/python3.8/site-packages/airflow/example_dags/example_sensors.py
[2024-05-11T21:19:35.779+0000] {processor.py:829} INFO - Processing file /home/airflow/.local/lib/python3.8/site-packages/airflow/example_dags/example_sensors.py for tasks to queue
[2024-05-11T21:19:35.781+0000] {logging_mixin.py:154} INFO - [2024-05-11T21:19:35.780+0000] {dagbag.py:536} INFO - Filling up the DagBag from /home/airflow/.local/lib/python3.8/site-packages/airflow/example_dags/example_sensors.py
[2024-05-11T21:19:35.787+0000] {processor.py:839} INFO - DAG(s) dict_keys(['example_sensors']) retrieved from /home/airflow/.local/lib/python3.8/site-packages/airflow/example_dags/example_sensors.py
[2024-05-11T21:19:35.806+0000] {logging_mixin.py:154} INFO - [2024-05-11T21:19:35.806+0000] {dag.py:2941} INFO - Sync 1 DAGs
[2024-05-11T21:19:35.813+0000] {logging_mixin.py:154} INFO - [2024-05-11T21:19:35.813+0000] {dag.py:3722} INFO - Setting next_dagrun for example_sensors to None, run_after=None
[2024-05-11T21:19:35.825+0000] {processor.py:179} INFO - Processing /home/airflow/.local/lib/python3.8/site-packages/airflow/example_dags/example_sensors.py took 0.052 seconds
[2024-05-11T21:20:06.229+0000] {processor.py:157} INFO - Started process (PID=462) to work on /home/airflow/.local/lib/python3.8/site-packages/airflow/example_dags/example_sensors.py
[2024-05-11T21:20:06.230+0000] {processor.py:829} INFO - Processing file /home/airflow/.local/lib/python3.8/site-packages/airflow/example_dags/example_sensors.py for tasks to queue
[2024-05-11T21:20:06.232+0000] {logging_mixin.py:154} INFO - [2024-05-11T21:20:06.232+0000] {dagbag.py:536} INFO - Filling up the DagBag from /home/airflow/.local/lib/python3.8/site-packages/airflow/example_dags/example_sensors.py
[2024-05-11T21:20:06.239+0000] {processor.py:839} INFO - DAG(s) dict_keys(['example_sensors']) retrieved from /home/airflow/.local/lib/python3.8/site-packages/airflow/example_dags/example_sensors.py
[2024-05-11T21:20:06.258+0000] {logging_mixin.py:154} INFO - [2024-05-11T21:20:06.257+0000] {dag.py:2941} INFO - Sync 1 DAGs
[2024-05-11T21:20:06.265+0000] {logging_mixin.py:154} INFO - [2024-05-11T21:20:06.265+0000] {dag.py:3722} INFO - Setting next_dagrun for example_sensors to None, run_after=None
[2024-05-11T21:20:06.275+0000] {processor.py:179} INFO - Processing /home/airflow/.local/lib/python3.8/site-packages/airflow/example_dags/example_sensors.py took 0.048 seconds
[2024-05-11T21:20:36.410+0000] {processor.py:157} INFO - Started process (PID=517) to work on /home/airflow/.local/lib/python3.8/site-packages/airflow/example_dags/example_sensors.py
[2024-05-11T21:20:36.411+0000] {processor.py:829} INFO - Processing file /home/airflow/.local/lib/python3.8/site-packages/airflow/example_dags/example_sensors.py for tasks to queue
[2024-05-11T21:20:36.413+0000] {logging_mixin.py:154} INFO - [2024-05-11T21:20:36.413+0000] {dagbag.py:536} INFO - Filling up the DagBag from /home/airflow/.local/lib/python3.8/site-packages/airflow/example_dags/example_sensors.py
[2024-05-11T21:20:36.419+0000] {processor.py:839} INFO - DAG(s) dict_keys(['example_sensors']) retrieved from /home/airflow/.local/lib/python3.8/site-packages/airflow/example_dags/example_sensors.py
[2024-05-11T21:20:36.438+0000] {logging_mixin.py:154} INFO - [2024-05-11T21:20:36.438+0000] {dag.py:2941} INFO - Sync 1 DAGs
[2024-05-11T21:20:36.445+0000] {logging_mixin.py:154} INFO - [2024-05-11T21:20:36.445+0000] {dag.py:3722} INFO - Setting next_dagrun for example_sensors to None, run_after=None
[2024-05-11T21:20:36.455+0000] {processor.py:179} INFO - Processing /home/airflow/.local/lib/python3.8/site-packages/airflow/example_dags/example_sensors.py took 0.048 seconds
[2024-05-11T21:21:06.505+0000] {processor.py:157} INFO - Started process (PID=572) to work on /home/airflow/.local/lib/python3.8/site-packages/airflow/example_dags/example_sensors.py
[2024-05-11T21:21:06.506+0000] {processor.py:829} INFO - Processing file /home/airflow/.local/lib/python3.8/site-packages/airflow/example_dags/example_sensors.py for tasks to queue
[2024-05-11T21:21:06.508+0000] {logging_mixin.py:154} INFO - [2024-05-11T21:21:06.507+0000] {dagbag.py:536} INFO - Filling up the DagBag from /home/airflow/.local/lib/python3.8/site-packages/airflow/example_dags/example_sensors.py
[2024-05-11T21:21:06.514+0000] {processor.py:839} INFO - DAG(s) dict_keys(['example_sensors']) retrieved from /home/airflow/.local/lib/python3.8/site-packages/airflow/example_dags/example_sensors.py
[2024-05-11T21:21:06.532+0000] {logging_mixin.py:154} INFO - [2024-05-11T21:21:06.532+0000] {dag.py:2941} INFO - Sync 1 DAGs
[2024-05-11T21:21:06.539+0000] {logging_mixin.py:154} INFO - [2024-05-11T21:21:06.539+0000] {dag.py:3722} INFO - Setting next_dagrun for example_sensors to None, run_after=None
[2024-05-11T21:21:06.550+0000] {processor.py:179} INFO - Processing /home/airflow/.local/lib/python3.8/site-packages/airflow/example_dags/example_sensors.py took 0.048 seconds
[2024-05-11T21:21:37.145+0000] {processor.py:157} INFO - Started process (PID=627) to work on /home/airflow/.local/lib/python3.8/site-packages/airflow/example_dags/example_sensors.py
[2024-05-11T21:21:37.146+0000] {processor.py:829} INFO - Processing file /home/airflow/.local/lib/python3.8/site-packages/airflow/example_dags/example_sensors.py for tasks to queue
[2024-05-11T21:21:37.148+0000] {logging_mixin.py:154} INFO - [2024-05-11T21:21:37.148+0000] {dagbag.py:536} INFO - Filling up the DagBag from /home/airflow/.local/lib/python3.8/site-packages/airflow/example_dags/example_sensors.py
[2024-05-11T21:21:37.154+0000] {processor.py:839} INFO - DAG(s) dict_keys(['example_sensors']) retrieved from /home/airflow/.local/lib/python3.8/site-packages/airflow/example_dags/example_sensors.py
[2024-05-11T21:21:37.173+0000] {logging_mixin.py:154} INFO - [2024-05-11T21:21:37.173+0000] {dag.py:2941} INFO - Sync 1 DAGs
[2024-05-11T21:21:37.181+0000] {logging_mixin.py:154} INFO - [2024-05-11T21:21:37.181+0000] {dag.py:3722} INFO - Setting next_dagrun for example_sensors to None, run_after=None
[2024-05-11T21:21:37.191+0000] {processor.py:179} INFO - Processing /home/airflow/.local/lib/python3.8/site-packages/airflow/example_dags/example_sensors.py took 0.048 seconds
[2024-05-11T21:42:01.804+0000] {processor.py:157} INFO - Started process (PID=46) to work on /home/airflow/.local/lib/python3.8/site-packages/airflow/example_dags/example_sensors.py
[2024-05-11T21:42:01.807+0000] {processor.py:829} INFO - Processing file /home/airflow/.local/lib/python3.8/site-packages/airflow/example_dags/example_sensors.py for tasks to queue
[2024-05-11T21:42:01.813+0000] {logging_mixin.py:154} INFO - [2024-05-11T21:42:01.812+0000] {dagbag.py:536} INFO - Filling up the DagBag from /home/airflow/.local/lib/python3.8/site-packages/airflow/example_dags/example_sensors.py
[2024-05-11T21:42:01.838+0000] {processor.py:839} INFO - DAG(s) dict_keys(['example_sensors']) retrieved from /home/airflow/.local/lib/python3.8/site-packages/airflow/example_dags/example_sensors.py
[2024-05-11T21:42:02.083+0000] {logging_mixin.py:154} INFO - [2024-05-11T21:42:02.083+0000] {manager.py:499} INFO - Created Permission View: %s
[2024-05-11T21:42:02.111+0000] {logging_mixin.py:154} INFO - [2024-05-11T21:42:02.111+0000] {manager.py:499} INFO - Created Permission View: %s
[2024-05-11T21:42:02.132+0000] {logging_mixin.py:154} INFO - [2024-05-11T21:42:02.131+0000] {manager.py:499} INFO - Created Permission View: %s
[2024-05-11T21:42:02.134+0000] {logging_mixin.py:154} INFO - [2024-05-11T21:42:02.134+0000] {dag.py:2941} INFO - Sync 1 DAGs
[2024-05-11T21:42:02.171+0000] {logging_mixin.py:154} INFO - [2024-05-11T21:42:02.171+0000] {dag.py:2963} INFO - Creating ORM DAG for example_sensors
[2024-05-11T21:42:02.174+0000] {logging_mixin.py:154} INFO - [2024-05-11T21:42:02.173+0000] {dag.py:3722} INFO - Setting next_dagrun for example_sensors to None, run_after=None
[2024-05-11T21:42:02.220+0000] {processor.py:179} INFO - Processing /home/airflow/.local/lib/python3.8/site-packages/airflow/example_dags/example_sensors.py took 0.424 seconds
[2024-05-11T21:42:32.427+0000] {processor.py:157} INFO - Started process (PID=100) to work on /home/airflow/.local/lib/python3.8/site-packages/airflow/example_dags/example_sensors.py
[2024-05-11T21:42:32.429+0000] {processor.py:829} INFO - Processing file /home/airflow/.local/lib/python3.8/site-packages/airflow/example_dags/example_sensors.py for tasks to queue
[2024-05-11T21:42:32.431+0000] {logging_mixin.py:154} INFO - [2024-05-11T21:42:32.431+0000] {dagbag.py:536} INFO - Filling up the DagBag from /home/airflow/.local/lib/python3.8/site-packages/airflow/example_dags/example_sensors.py
[2024-05-11T21:42:32.439+0000] {processor.py:839} INFO - DAG(s) dict_keys(['example_sensors']) retrieved from /home/airflow/.local/lib/python3.8/site-packages/airflow/example_dags/example_sensors.py
[2024-05-11T21:42:32.472+0000] {logging_mixin.py:154} INFO - [2024-05-11T21:42:32.472+0000] {dag.py:2941} INFO - Sync 1 DAGs
[2024-05-11T21:42:32.495+0000] {logging_mixin.py:154} INFO - [2024-05-11T21:42:32.495+0000] {dag.py:3722} INFO - Setting next_dagrun for example_sensors to None, run_after=None
[2024-05-11T21:42:32.522+0000] {processor.py:179} INFO - Processing /home/airflow/.local/lib/python3.8/site-packages/airflow/example_dags/example_sensors.py took 0.099 seconds
[2024-05-11T21:43:02.656+0000] {processor.py:157} INFO - Started process (PID=155) to work on /home/airflow/.local/lib/python3.8/site-packages/airflow/example_dags/example_sensors.py
[2024-05-11T21:43:02.658+0000] {processor.py:829} INFO - Processing file /home/airflow/.local/lib/python3.8/site-packages/airflow/example_dags/example_sensors.py for tasks to queue
[2024-05-11T21:43:02.660+0000] {logging_mixin.py:154} INFO - [2024-05-11T21:43:02.660+0000] {dagbag.py:536} INFO - Filling up the DagBag from /home/airflow/.local/lib/python3.8/site-packages/airflow/example_dags/example_sensors.py
[2024-05-11T21:43:02.669+0000] {processor.py:839} INFO - DAG(s) dict_keys(['example_sensors']) retrieved from /home/airflow/.local/lib/python3.8/site-packages/airflow/example_dags/example_sensors.py
[2024-05-11T21:43:02.693+0000] {logging_mixin.py:154} INFO - [2024-05-11T21:43:02.693+0000] {dag.py:2941} INFO - Sync 1 DAGs
[2024-05-11T21:43:02.703+0000] {logging_mixin.py:154} INFO - [2024-05-11T21:43:02.703+0000] {dag.py:3722} INFO - Setting next_dagrun for example_sensors to None, run_after=None
[2024-05-11T21:43:02.717+0000] {processor.py:179} INFO - Processing /home/airflow/.local/lib/python3.8/site-packages/airflow/example_dags/example_sensors.py took 0.064 seconds
[2024-05-11T21:43:33.281+0000] {processor.py:157} INFO - Started process (PID=211) to work on /home/airflow/.local/lib/python3.8/site-packages/airflow/example_dags/example_sensors.py
[2024-05-11T21:43:33.283+0000] {processor.py:829} INFO - Processing file /home/airflow/.local/lib/python3.8/site-packages/airflow/example_dags/example_sensors.py for tasks to queue
[2024-05-11T21:43:33.285+0000] {logging_mixin.py:154} INFO - [2024-05-11T21:43:33.284+0000] {dagbag.py:536} INFO - Filling up the DagBag from /home/airflow/.local/lib/python3.8/site-packages/airflow/example_dags/example_sensors.py
[2024-05-11T21:43:33.292+0000] {processor.py:839} INFO - DAG(s) dict_keys(['example_sensors']) retrieved from /home/airflow/.local/lib/python3.8/site-packages/airflow/example_dags/example_sensors.py
[2024-05-11T21:43:33.315+0000] {logging_mixin.py:154} INFO - [2024-05-11T21:43:33.315+0000] {dag.py:2941} INFO - Sync 1 DAGs
[2024-05-11T21:43:33.325+0000] {logging_mixin.py:154} INFO - [2024-05-11T21:43:33.324+0000] {dag.py:3722} INFO - Setting next_dagrun for example_sensors to None, run_after=None
[2024-05-11T21:43:33.340+0000] {processor.py:179} INFO - Processing /home/airflow/.local/lib/python3.8/site-packages/airflow/example_dags/example_sensors.py took 0.062 seconds
[2024-05-11T21:44:04.000+0000] {processor.py:157} INFO - Started process (PID=266) to work on /home/airflow/.local/lib/python3.8/site-packages/airflow/example_dags/example_sensors.py
[2024-05-11T21:44:04.002+0000] {processor.py:829} INFO - Processing file /home/airflow/.local/lib/python3.8/site-packages/airflow/example_dags/example_sensors.py for tasks to queue
[2024-05-11T21:44:04.004+0000] {logging_mixin.py:154} INFO - [2024-05-11T21:44:04.003+0000] {dagbag.py:536} INFO - Filling up the DagBag from /home/airflow/.local/lib/python3.8/site-packages/airflow/example_dags/example_sensors.py
[2024-05-11T21:44:04.010+0000] {processor.py:839} INFO - DAG(s) dict_keys(['example_sensors']) retrieved from /home/airflow/.local/lib/python3.8/site-packages/airflow/example_dags/example_sensors.py
[2024-05-11T21:44:04.031+0000] {logging_mixin.py:154} INFO - [2024-05-11T21:44:04.030+0000] {dag.py:2941} INFO - Sync 1 DAGs
[2024-05-11T21:44:04.039+0000] {logging_mixin.py:154} INFO - [2024-05-11T21:44:04.039+0000] {dag.py:3722} INFO - Setting next_dagrun for example_sensors to None, run_after=None
[2024-05-11T21:44:04.051+0000] {processor.py:179} INFO - Processing /home/airflow/.local/lib/python3.8/site-packages/airflow/example_dags/example_sensors.py took 0.053 seconds
[2024-05-11T21:44:34.620+0000] {processor.py:157} INFO - Started process (PID=321) to work on /home/airflow/.local/lib/python3.8/site-packages/airflow/example_dags/example_sensors.py
[2024-05-11T21:44:34.621+0000] {processor.py:829} INFO - Processing file /home/airflow/.local/lib/python3.8/site-packages/airflow/example_dags/example_sensors.py for tasks to queue
[2024-05-11T21:44:34.623+0000] {logging_mixin.py:154} INFO - [2024-05-11T21:44:34.623+0000] {dagbag.py:536} INFO - Filling up the DagBag from /home/airflow/.local/lib/python3.8/site-packages/airflow/example_dags/example_sensors.py
[2024-05-11T21:44:34.634+0000] {processor.py:839} INFO - DAG(s) dict_keys(['example_sensors']) retrieved from /home/airflow/.local/lib/python3.8/site-packages/airflow/example_dags/example_sensors.py
[2024-05-11T21:44:34.654+0000] {logging_mixin.py:154} INFO - [2024-05-11T21:44:34.654+0000] {dag.py:2941} INFO - Sync 1 DAGs
[2024-05-11T21:44:34.662+0000] {logging_mixin.py:154} INFO - [2024-05-11T21:44:34.662+0000] {dag.py:3722} INFO - Setting next_dagrun for example_sensors to None, run_after=None
[2024-05-11T21:44:34.674+0000] {processor.py:179} INFO - Processing /home/airflow/.local/lib/python3.8/site-packages/airflow/example_dags/example_sensors.py took 0.056 seconds
[2024-05-11T21:45:05.178+0000] {processor.py:157} INFO - Started process (PID=376) to work on /home/airflow/.local/lib/python3.8/site-packages/airflow/example_dags/example_sensors.py
[2024-05-11T21:45:05.182+0000] {processor.py:829} INFO - Processing file /home/airflow/.local/lib/python3.8/site-packages/airflow/example_dags/example_sensors.py for tasks to queue
[2024-05-11T21:45:05.186+0000] {logging_mixin.py:154} INFO - [2024-05-11T21:45:05.186+0000] {dagbag.py:536} INFO - Filling up the DagBag from /home/airflow/.local/lib/python3.8/site-packages/airflow/example_dags/example_sensors.py
[2024-05-11T21:45:05.195+0000] {processor.py:839} INFO - DAG(s) dict_keys(['example_sensors']) retrieved from /home/airflow/.local/lib/python3.8/site-packages/airflow/example_dags/example_sensors.py
[2024-05-11T21:45:05.216+0000] {logging_mixin.py:154} INFO - [2024-05-11T21:45:05.216+0000] {dag.py:2941} INFO - Sync 1 DAGs
[2024-05-11T21:45:05.225+0000] {logging_mixin.py:154} INFO - [2024-05-11T21:45:05.225+0000] {dag.py:3722} INFO - Setting next_dagrun for example_sensors to None, run_after=None
[2024-05-11T21:45:05.238+0000] {processor.py:179} INFO - Processing /home/airflow/.local/lib/python3.8/site-packages/airflow/example_dags/example_sensors.py took 0.063 seconds
[2024-05-11T21:45:35.366+0000] {processor.py:157} INFO - Started process (PID=432) to work on /home/airflow/.local/lib/python3.8/site-packages/airflow/example_dags/example_sensors.py
[2024-05-11T21:45:35.368+0000] {processor.py:829} INFO - Processing file /home/airflow/.local/lib/python3.8/site-packages/airflow/example_dags/example_sensors.py for tasks to queue
[2024-05-11T21:45:35.370+0000] {logging_mixin.py:154} INFO - [2024-05-11T21:45:35.370+0000] {dagbag.py:536} INFO - Filling up the DagBag from /home/airflow/.local/lib/python3.8/site-packages/airflow/example_dags/example_sensors.py
[2024-05-11T21:45:35.378+0000] {processor.py:839} INFO - DAG(s) dict_keys(['example_sensors']) retrieved from /home/airflow/.local/lib/python3.8/site-packages/airflow/example_dags/example_sensors.py
[2024-05-11T21:45:35.400+0000] {logging_mixin.py:154} INFO - [2024-05-11T21:45:35.400+0000] {dag.py:2941} INFO - Sync 1 DAGs
[2024-05-11T21:45:35.410+0000] {logging_mixin.py:154} INFO - [2024-05-11T21:45:35.410+0000] {dag.py:3722} INFO - Setting next_dagrun for example_sensors to None, run_after=None
[2024-05-11T21:45:35.423+0000] {processor.py:179} INFO - Processing /home/airflow/.local/lib/python3.8/site-packages/airflow/example_dags/example_sensors.py took 0.060 seconds
[2024-05-11T21:46:05.594+0000] {processor.py:157} INFO - Started process (PID=487) to work on /home/airflow/.local/lib/python3.8/site-packages/airflow/example_dags/example_sensors.py
[2024-05-11T21:46:05.595+0000] {processor.py:829} INFO - Processing file /home/airflow/.local/lib/python3.8/site-packages/airflow/example_dags/example_sensors.py for tasks to queue
[2024-05-11T21:46:05.597+0000] {logging_mixin.py:154} INFO - [2024-05-11T21:46:05.597+0000] {dagbag.py:536} INFO - Filling up the DagBag from /home/airflow/.local/lib/python3.8/site-packages/airflow/example_dags/example_sensors.py
[2024-05-11T21:46:05.603+0000] {processor.py:839} INFO - DAG(s) dict_keys(['example_sensors']) retrieved from /home/airflow/.local/lib/python3.8/site-packages/airflow/example_dags/example_sensors.py
[2024-05-11T21:46:05.623+0000] {logging_mixin.py:154} INFO - [2024-05-11T21:46:05.623+0000] {dag.py:2941} INFO - Sync 1 DAGs
[2024-05-11T21:46:05.632+0000] {logging_mixin.py:154} INFO - [2024-05-11T21:46:05.632+0000] {dag.py:3722} INFO - Setting next_dagrun for example_sensors to None, run_after=None
[2024-05-11T21:46:05.644+0000] {processor.py:179} INFO - Processing /home/airflow/.local/lib/python3.8/site-packages/airflow/example_dags/example_sensors.py took 0.053 seconds
[2024-05-11T21:46:36.160+0000] {processor.py:157} INFO - Started process (PID=542) to work on /home/airflow/.local/lib/python3.8/site-packages/airflow/example_dags/example_sensors.py
[2024-05-11T21:46:36.162+0000] {processor.py:829} INFO - Processing file /home/airflow/.local/lib/python3.8/site-packages/airflow/example_dags/example_sensors.py for tasks to queue
[2024-05-11T21:46:36.164+0000] {logging_mixin.py:154} INFO - [2024-05-11T21:46:36.164+0000] {dagbag.py:536} INFO - Filling up the DagBag from /home/airflow/.local/lib/python3.8/site-packages/airflow/example_dags/example_sensors.py
[2024-05-11T21:46:36.173+0000] {processor.py:839} INFO - DAG(s) dict_keys(['example_sensors']) retrieved from /home/airflow/.local/lib/python3.8/site-packages/airflow/example_dags/example_sensors.py
[2024-05-11T21:46:36.199+0000] {logging_mixin.py:154} INFO - [2024-05-11T21:46:36.199+0000] {dag.py:2941} INFO - Sync 1 DAGs
[2024-05-11T21:46:36.211+0000] {logging_mixin.py:154} INFO - [2024-05-11T21:46:36.211+0000] {dag.py:3722} INFO - Setting next_dagrun for example_sensors to None, run_after=None
[2024-05-11T21:46:36.228+0000] {processor.py:179} INFO - Processing /home/airflow/.local/lib/python3.8/site-packages/airflow/example_dags/example_sensors.py took 0.072 seconds
[2024-05-11T21:47:06.530+0000] {processor.py:157} INFO - Started process (PID=597) to work on /home/airflow/.local/lib/python3.8/site-packages/airflow/example_dags/example_sensors.py
[2024-05-11T21:47:06.531+0000] {processor.py:829} INFO - Processing file /home/airflow/.local/lib/python3.8/site-packages/airflow/example_dags/example_sensors.py for tasks to queue
[2024-05-11T21:47:06.534+0000] {logging_mixin.py:154} INFO - [2024-05-11T21:47:06.534+0000] {dagbag.py:536} INFO - Filling up the DagBag from /home/airflow/.local/lib/python3.8/site-packages/airflow/example_dags/example_sensors.py
[2024-05-11T21:47:06.541+0000] {processor.py:839} INFO - DAG(s) dict_keys(['example_sensors']) retrieved from /home/airflow/.local/lib/python3.8/site-packages/airflow/example_dags/example_sensors.py
[2024-05-11T21:47:06.568+0000] {logging_mixin.py:154} INFO - [2024-05-11T21:47:06.568+0000] {dag.py:2941} INFO - Sync 1 DAGs
[2024-05-11T21:47:06.577+0000] {logging_mixin.py:154} INFO - [2024-05-11T21:47:06.577+0000] {dag.py:3722} INFO - Setting next_dagrun for example_sensors to None, run_after=None
[2024-05-11T21:47:06.592+0000] {processor.py:179} INFO - Processing /home/airflow/.local/lib/python3.8/site-packages/airflow/example_dags/example_sensors.py took 0.065 seconds
