[2024-05-11T21:03:20.287+0000] {processor.py:157} INFO - Started process (PID=56) to work on /home/airflow/.local/lib/python3.8/site-packages/airflow/example_dags/example_branch_operator_decorator.py
[2024-05-11T21:03:20.289+0000] {processor.py:829} INFO - Processing file /home/airflow/.local/lib/python3.8/site-packages/airflow/example_dags/example_branch_operator_decorator.py for tasks to queue
[2024-05-11T21:03:20.291+0000] {logging_mixin.py:154} INFO - [2024-05-11T21:03:20.291+0000] {dagbag.py:536} INFO - Filling up the DagBag from /home/airflow/.local/lib/python3.8/site-packages/airflow/example_dags/example_branch_operator_decorator.py
[2024-05-11T21:03:20.299+0000] {processor.py:839} INFO - DAG(s) dict_keys(['example_branch_python_operator_decorator']) retrieved from /home/airflow/.local/lib/python3.8/site-packages/airflow/example_dags/example_branch_operator_decorator.py
[2024-05-11T21:03:20.374+0000] {logging_mixin.py:154} INFO - [2024-05-11T21:03:20.374+0000] {manager.py:499} INFO - Created Permission View: %s
[2024-05-11T21:03:20.382+0000] {logging_mixin.py:154} INFO - [2024-05-11T21:03:20.382+0000] {manager.py:499} INFO - Created Permission View: %s
[2024-05-11T21:03:20.387+0000] {logging_mixin.py:154} INFO - [2024-05-11T21:03:20.387+0000] {manager.py:499} INFO - Created Permission View: %s
[2024-05-11T21:03:20.388+0000] {logging_mixin.py:154} INFO - [2024-05-11T21:03:20.387+0000] {dag.py:2941} INFO - Sync 1 DAGs
[2024-05-11T21:03:20.396+0000] {logging_mixin.py:154} INFO - [2024-05-11T21:03:20.395+0000] {dag.py:2963} INFO - Creating ORM DAG for example_branch_python_operator_decorator
[2024-05-11T21:03:20.405+0000] {logging_mixin.py:154} INFO - [2024-05-11T21:03:20.405+0000] {dag.py:3722} INFO - Setting next_dagrun for example_branch_python_operator_decorator to 2024-05-10T00:00:00+00:00, run_after=2024-05-11T00:00:00+00:00
[2024-05-11T21:03:20.429+0000] {processor.py:179} INFO - Processing /home/airflow/.local/lib/python3.8/site-packages/airflow/example_dags/example_branch_operator_decorator.py took 0.145 seconds
[2024-05-11T21:03:50.525+0000] {processor.py:157} INFO - Started process (PID=111) to work on /home/airflow/.local/lib/python3.8/site-packages/airflow/example_dags/example_branch_operator_decorator.py
[2024-05-11T21:03:50.527+0000] {processor.py:829} INFO - Processing file /home/airflow/.local/lib/python3.8/site-packages/airflow/example_dags/example_branch_operator_decorator.py for tasks to queue
[2024-05-11T21:03:50.529+0000] {logging_mixin.py:154} INFO - [2024-05-11T21:03:50.529+0000] {dagbag.py:536} INFO - Filling up the DagBag from /home/airflow/.local/lib/python3.8/site-packages/airflow/example_dags/example_branch_operator_decorator.py
[2024-05-11T21:03:50.538+0000] {processor.py:839} INFO - DAG(s) dict_keys(['example_branch_python_operator_decorator']) retrieved from /home/airflow/.local/lib/python3.8/site-packages/airflow/example_dags/example_branch_operator_decorator.py
[2024-05-11T21:03:50.555+0000] {logging_mixin.py:154} INFO - [2024-05-11T21:03:50.555+0000] {dag.py:2941} INFO - Sync 1 DAGs
[2024-05-11T21:03:50.573+0000] {logging_mixin.py:154} INFO - [2024-05-11T21:03:50.573+0000] {dag.py:3722} INFO - Setting next_dagrun for example_branch_python_operator_decorator to 2024-05-10T00:00:00+00:00, run_after=2024-05-11T00:00:00+00:00
[2024-05-11T21:03:50.585+0000] {processor.py:179} INFO - Processing /home/airflow/.local/lib/python3.8/site-packages/airflow/example_dags/example_branch_operator_decorator.py took 0.063 seconds
[2024-05-11T21:04:20.988+0000] {processor.py:157} INFO - Started process (PID=165) to work on /home/airflow/.local/lib/python3.8/site-packages/airflow/example_dags/example_branch_operator_decorator.py
[2024-05-11T21:04:20.989+0000] {processor.py:829} INFO - Processing file /home/airflow/.local/lib/python3.8/site-packages/airflow/example_dags/example_branch_operator_decorator.py for tasks to queue
[2024-05-11T21:04:20.991+0000] {logging_mixin.py:154} INFO - [2024-05-11T21:04:20.991+0000] {dagbag.py:536} INFO - Filling up the DagBag from /home/airflow/.local/lib/python3.8/site-packages/airflow/example_dags/example_branch_operator_decorator.py
[2024-05-11T21:04:20.999+0000] {processor.py:839} INFO - DAG(s) dict_keys(['example_branch_python_operator_decorator']) retrieved from /home/airflow/.local/lib/python3.8/site-packages/airflow/example_dags/example_branch_operator_decorator.py
[2024-05-11T21:04:21.017+0000] {logging_mixin.py:154} INFO - [2024-05-11T21:04:21.017+0000] {dag.py:2941} INFO - Sync 1 DAGs
[2024-05-11T21:04:21.031+0000] {logging_mixin.py:154} INFO - [2024-05-11T21:04:21.031+0000] {dag.py:3722} INFO - Setting next_dagrun for example_branch_python_operator_decorator to 2024-05-10T00:00:00+00:00, run_after=2024-05-11T00:00:00+00:00
[2024-05-11T21:04:21.041+0000] {processor.py:179} INFO - Processing /home/airflow/.local/lib/python3.8/site-packages/airflow/example_dags/example_branch_operator_decorator.py took 0.057 seconds
[2024-05-11T21:04:51.321+0000] {processor.py:157} INFO - Started process (PID=220) to work on /home/airflow/.local/lib/python3.8/site-packages/airflow/example_dags/example_branch_operator_decorator.py
[2024-05-11T21:04:51.322+0000] {processor.py:829} INFO - Processing file /home/airflow/.local/lib/python3.8/site-packages/airflow/example_dags/example_branch_operator_decorator.py for tasks to queue
[2024-05-11T21:04:51.324+0000] {logging_mixin.py:154} INFO - [2024-05-11T21:04:51.324+0000] {dagbag.py:536} INFO - Filling up the DagBag from /home/airflow/.local/lib/python3.8/site-packages/airflow/example_dags/example_branch_operator_decorator.py
[2024-05-11T21:04:51.330+0000] {processor.py:839} INFO - DAG(s) dict_keys(['example_branch_python_operator_decorator']) retrieved from /home/airflow/.local/lib/python3.8/site-packages/airflow/example_dags/example_branch_operator_decorator.py
[2024-05-11T21:04:51.348+0000] {logging_mixin.py:154} INFO - [2024-05-11T21:04:51.348+0000] {dag.py:2941} INFO - Sync 1 DAGs
[2024-05-11T21:04:51.362+0000] {logging_mixin.py:154} INFO - [2024-05-11T21:04:51.362+0000] {dag.py:3722} INFO - Setting next_dagrun for example_branch_python_operator_decorator to 2024-05-10T00:00:00+00:00, run_after=2024-05-11T00:00:00+00:00
[2024-05-11T21:04:51.372+0000] {processor.py:179} INFO - Processing /home/airflow/.local/lib/python3.8/site-packages/airflow/example_dags/example_branch_operator_decorator.py took 0.053 seconds
[2024-05-11T21:05:43.235+0000] {processor.py:157} INFO - Started process (PID=57) to work on /home/airflow/.local/lib/python3.8/site-packages/airflow/example_dags/example_branch_operator_decorator.py
[2024-05-11T21:05:43.239+0000] {processor.py:829} INFO - Processing file /home/airflow/.local/lib/python3.8/site-packages/airflow/example_dags/example_branch_operator_decorator.py for tasks to queue
[2024-05-11T21:05:43.246+0000] {logging_mixin.py:154} INFO - [2024-05-11T21:05:43.246+0000] {dagbag.py:536} INFO - Filling up the DagBag from /home/airflow/.local/lib/python3.8/site-packages/airflow/example_dags/example_branch_operator_decorator.py
[2024-05-11T21:05:43.280+0000] {processor.py:839} INFO - DAG(s) dict_keys(['example_branch_python_operator_decorator']) retrieved from /home/airflow/.local/lib/python3.8/site-packages/airflow/example_dags/example_branch_operator_decorator.py
[2024-05-11T21:05:43.300+0000] {logging_mixin.py:154} INFO - [2024-05-11T21:05:43.299+0000] {dag.py:2941} INFO - Sync 1 DAGs
[2024-05-11T21:05:43.336+0000] {logging_mixin.py:154} INFO - [2024-05-11T21:05:43.336+0000] {dag.py:3722} INFO - Setting next_dagrun for example_branch_python_operator_decorator to 2024-05-10T00:00:00+00:00, run_after=2024-05-11T00:00:00+00:00
[2024-05-11T21:05:43.378+0000] {processor.py:179} INFO - Processing /home/airflow/.local/lib/python3.8/site-packages/airflow/example_dags/example_branch_operator_decorator.py took 0.147 seconds
[2024-05-11T21:06:14.083+0000] {processor.py:157} INFO - Started process (PID=112) to work on /home/airflow/.local/lib/python3.8/site-packages/airflow/example_dags/example_branch_operator_decorator.py
[2024-05-11T21:06:14.084+0000] {processor.py:829} INFO - Processing file /home/airflow/.local/lib/python3.8/site-packages/airflow/example_dags/example_branch_operator_decorator.py for tasks to queue
[2024-05-11T21:06:14.086+0000] {logging_mixin.py:154} INFO - [2024-05-11T21:06:14.086+0000] {dagbag.py:536} INFO - Filling up the DagBag from /home/airflow/.local/lib/python3.8/site-packages/airflow/example_dags/example_branch_operator_decorator.py
[2024-05-11T21:06:14.094+0000] {processor.py:839} INFO - DAG(s) dict_keys(['example_branch_python_operator_decorator']) retrieved from /home/airflow/.local/lib/python3.8/site-packages/airflow/example_dags/example_branch_operator_decorator.py
[2024-05-11T21:06:14.111+0000] {logging_mixin.py:154} INFO - [2024-05-11T21:06:14.111+0000] {dag.py:2941} INFO - Sync 1 DAGs
[2024-05-11T21:06:14.125+0000] {logging_mixin.py:154} INFO - [2024-05-11T21:06:14.125+0000] {dag.py:3722} INFO - Setting next_dagrun for example_branch_python_operator_decorator to 2024-05-10T00:00:00+00:00, run_after=2024-05-11T00:00:00+00:00
[2024-05-11T21:06:14.135+0000] {processor.py:179} INFO - Processing /home/airflow/.local/lib/python3.8/site-packages/airflow/example_dags/example_branch_operator_decorator.py took 0.055 seconds
[2024-05-11T21:06:44.370+0000] {processor.py:157} INFO - Started process (PID=167) to work on /home/airflow/.local/lib/python3.8/site-packages/airflow/example_dags/example_branch_operator_decorator.py
[2024-05-11T21:06:44.371+0000] {processor.py:829} INFO - Processing file /home/airflow/.local/lib/python3.8/site-packages/airflow/example_dags/example_branch_operator_decorator.py for tasks to queue
[2024-05-11T21:06:44.373+0000] {logging_mixin.py:154} INFO - [2024-05-11T21:06:44.373+0000] {dagbag.py:536} INFO - Filling up the DagBag from /home/airflow/.local/lib/python3.8/site-packages/airflow/example_dags/example_branch_operator_decorator.py
[2024-05-11T21:06:44.380+0000] {processor.py:839} INFO - DAG(s) dict_keys(['example_branch_python_operator_decorator']) retrieved from /home/airflow/.local/lib/python3.8/site-packages/airflow/example_dags/example_branch_operator_decorator.py
[2024-05-11T21:06:44.397+0000] {logging_mixin.py:154} INFO - [2024-05-11T21:06:44.397+0000] {dag.py:2941} INFO - Sync 1 DAGs
[2024-05-11T21:06:44.411+0000] {logging_mixin.py:154} INFO - [2024-05-11T21:06:44.411+0000] {dag.py:3722} INFO - Setting next_dagrun for example_branch_python_operator_decorator to 2024-05-10T00:00:00+00:00, run_after=2024-05-11T00:00:00+00:00
[2024-05-11T21:06:44.422+0000] {processor.py:179} INFO - Processing /home/airflow/.local/lib/python3.8/site-packages/airflow/example_dags/example_branch_operator_decorator.py took 0.055 seconds
[2024-05-11T21:07:14.652+0000] {processor.py:157} INFO - Started process (PID=222) to work on /home/airflow/.local/lib/python3.8/site-packages/airflow/example_dags/example_branch_operator_decorator.py
[2024-05-11T21:07:14.654+0000] {processor.py:829} INFO - Processing file /home/airflow/.local/lib/python3.8/site-packages/airflow/example_dags/example_branch_operator_decorator.py for tasks to queue
[2024-05-11T21:07:14.656+0000] {logging_mixin.py:154} INFO - [2024-05-11T21:07:14.655+0000] {dagbag.py:536} INFO - Filling up the DagBag from /home/airflow/.local/lib/python3.8/site-packages/airflow/example_dags/example_branch_operator_decorator.py
[2024-05-11T21:07:14.663+0000] {processor.py:839} INFO - DAG(s) dict_keys(['example_branch_python_operator_decorator']) retrieved from /home/airflow/.local/lib/python3.8/site-packages/airflow/example_dags/example_branch_operator_decorator.py
[2024-05-11T21:07:14.681+0000] {logging_mixin.py:154} INFO - [2024-05-11T21:07:14.680+0000] {dag.py:2941} INFO - Sync 1 DAGs
[2024-05-11T21:07:14.694+0000] {logging_mixin.py:154} INFO - [2024-05-11T21:07:14.694+0000] {dag.py:3722} INFO - Setting next_dagrun for example_branch_python_operator_decorator to 2024-05-10T00:00:00+00:00, run_after=2024-05-11T00:00:00+00:00
[2024-05-11T21:07:14.703+0000] {processor.py:179} INFO - Processing /home/airflow/.local/lib/python3.8/site-packages/airflow/example_dags/example_branch_operator_decorator.py took 0.054 seconds
[2024-05-11T21:07:44.953+0000] {processor.py:157} INFO - Started process (PID=281) to work on /home/airflow/.local/lib/python3.8/site-packages/airflow/example_dags/example_branch_operator_decorator.py
[2024-05-11T21:07:44.954+0000] {processor.py:829} INFO - Processing file /home/airflow/.local/lib/python3.8/site-packages/airflow/example_dags/example_branch_operator_decorator.py for tasks to queue
[2024-05-11T21:07:44.956+0000] {logging_mixin.py:154} INFO - [2024-05-11T21:07:44.956+0000] {dagbag.py:536} INFO - Filling up the DagBag from /home/airflow/.local/lib/python3.8/site-packages/airflow/example_dags/example_branch_operator_decorator.py
[2024-05-11T21:07:44.964+0000] {processor.py:839} INFO - DAG(s) dict_keys(['example_branch_python_operator_decorator']) retrieved from /home/airflow/.local/lib/python3.8/site-packages/airflow/example_dags/example_branch_operator_decorator.py
[2024-05-11T21:07:44.981+0000] {logging_mixin.py:154} INFO - [2024-05-11T21:07:44.981+0000] {dag.py:2941} INFO - Sync 1 DAGs
[2024-05-11T21:07:44.994+0000] {logging_mixin.py:154} INFO - [2024-05-11T21:07:44.994+0000] {dag.py:3722} INFO - Setting next_dagrun for example_branch_python_operator_decorator to 2024-05-10T00:00:00+00:00, run_after=2024-05-11T00:00:00+00:00
[2024-05-11T21:07:45.004+0000] {processor.py:179} INFO - Processing /home/airflow/.local/lib/python3.8/site-packages/airflow/example_dags/example_branch_operator_decorator.py took 0.054 seconds
[2024-05-11T21:08:15.194+0000] {processor.py:157} INFO - Started process (PID=336) to work on /home/airflow/.local/lib/python3.8/site-packages/airflow/example_dags/example_branch_operator_decorator.py
[2024-05-11T21:08:15.196+0000] {processor.py:829} INFO - Processing file /home/airflow/.local/lib/python3.8/site-packages/airflow/example_dags/example_branch_operator_decorator.py for tasks to queue
[2024-05-11T21:08:15.198+0000] {logging_mixin.py:154} INFO - [2024-05-11T21:08:15.198+0000] {dagbag.py:536} INFO - Filling up the DagBag from /home/airflow/.local/lib/python3.8/site-packages/airflow/example_dags/example_branch_operator_decorator.py
[2024-05-11T21:08:15.205+0000] {processor.py:839} INFO - DAG(s) dict_keys(['example_branch_python_operator_decorator']) retrieved from /home/airflow/.local/lib/python3.8/site-packages/airflow/example_dags/example_branch_operator_decorator.py
[2024-05-11T21:08:15.222+0000] {logging_mixin.py:154} INFO - [2024-05-11T21:08:15.222+0000] {dag.py:2941} INFO - Sync 1 DAGs
[2024-05-11T21:08:15.236+0000] {logging_mixin.py:154} INFO - [2024-05-11T21:08:15.236+0000] {dag.py:3722} INFO - Setting next_dagrun for example_branch_python_operator_decorator to 2024-05-10T00:00:00+00:00, run_after=2024-05-11T00:00:00+00:00
[2024-05-11T21:08:15.247+0000] {processor.py:179} INFO - Processing /home/airflow/.local/lib/python3.8/site-packages/airflow/example_dags/example_branch_operator_decorator.py took 0.055 seconds
[2024-05-11T21:08:45.440+0000] {processor.py:157} INFO - Started process (PID=391) to work on /home/airflow/.local/lib/python3.8/site-packages/airflow/example_dags/example_branch_operator_decorator.py
[2024-05-11T21:08:45.442+0000] {processor.py:829} INFO - Processing file /home/airflow/.local/lib/python3.8/site-packages/airflow/example_dags/example_branch_operator_decorator.py for tasks to queue
[2024-05-11T21:08:45.444+0000] {logging_mixin.py:154} INFO - [2024-05-11T21:08:45.444+0000] {dagbag.py:536} INFO - Filling up the DagBag from /home/airflow/.local/lib/python3.8/site-packages/airflow/example_dags/example_branch_operator_decorator.py
[2024-05-11T21:08:45.451+0000] {processor.py:839} INFO - DAG(s) dict_keys(['example_branch_python_operator_decorator']) retrieved from /home/airflow/.local/lib/python3.8/site-packages/airflow/example_dags/example_branch_operator_decorator.py
[2024-05-11T21:08:45.469+0000] {logging_mixin.py:154} INFO - [2024-05-11T21:08:45.468+0000] {dag.py:2941} INFO - Sync 1 DAGs
[2024-05-11T21:08:45.484+0000] {logging_mixin.py:154} INFO - [2024-05-11T21:08:45.484+0000] {dag.py:3722} INFO - Setting next_dagrun for example_branch_python_operator_decorator to 2024-05-10T00:00:00+00:00, run_after=2024-05-11T00:00:00+00:00
[2024-05-11T21:08:45.495+0000] {processor.py:179} INFO - Processing /home/airflow/.local/lib/python3.8/site-packages/airflow/example_dags/example_branch_operator_decorator.py took 0.058 seconds
[2024-05-11T21:09:15.912+0000] {processor.py:157} INFO - Started process (PID=445) to work on /home/airflow/.local/lib/python3.8/site-packages/airflow/example_dags/example_branch_operator_decorator.py
[2024-05-11T21:09:15.913+0000] {processor.py:829} INFO - Processing file /home/airflow/.local/lib/python3.8/site-packages/airflow/example_dags/example_branch_operator_decorator.py for tasks to queue
[2024-05-11T21:09:15.915+0000] {logging_mixin.py:154} INFO - [2024-05-11T21:09:15.915+0000] {dagbag.py:536} INFO - Filling up the DagBag from /home/airflow/.local/lib/python3.8/site-packages/airflow/example_dags/example_branch_operator_decorator.py
[2024-05-11T21:09:15.921+0000] {processor.py:839} INFO - DAG(s) dict_keys(['example_branch_python_operator_decorator']) retrieved from /home/airflow/.local/lib/python3.8/site-packages/airflow/example_dags/example_branch_operator_decorator.py
[2024-05-11T21:09:15.938+0000] {logging_mixin.py:154} INFO - [2024-05-11T21:09:15.937+0000] {dag.py:2941} INFO - Sync 1 DAGs
[2024-05-11T21:09:15.950+0000] {logging_mixin.py:154} INFO - [2024-05-11T21:09:15.950+0000] {dag.py:3722} INFO - Setting next_dagrun for example_branch_python_operator_decorator to 2024-05-10T00:00:00+00:00, run_after=2024-05-11T00:00:00+00:00
[2024-05-11T21:09:15.960+0000] {processor.py:179} INFO - Processing /home/airflow/.local/lib/python3.8/site-packages/airflow/example_dags/example_branch_operator_decorator.py took 0.051 seconds
[2024-05-11T21:09:46.217+0000] {processor.py:157} INFO - Started process (PID=500) to work on /home/airflow/.local/lib/python3.8/site-packages/airflow/example_dags/example_branch_operator_decorator.py
[2024-05-11T21:09:46.218+0000] {processor.py:829} INFO - Processing file /home/airflow/.local/lib/python3.8/site-packages/airflow/example_dags/example_branch_operator_decorator.py for tasks to queue
[2024-05-11T21:09:46.221+0000] {logging_mixin.py:154} INFO - [2024-05-11T21:09:46.220+0000] {dagbag.py:536} INFO - Filling up the DagBag from /home/airflow/.local/lib/python3.8/site-packages/airflow/example_dags/example_branch_operator_decorator.py
[2024-05-11T21:09:46.228+0000] {processor.py:839} INFO - DAG(s) dict_keys(['example_branch_python_operator_decorator']) retrieved from /home/airflow/.local/lib/python3.8/site-packages/airflow/example_dags/example_branch_operator_decorator.py
[2024-05-11T21:09:46.245+0000] {logging_mixin.py:154} INFO - [2024-05-11T21:09:46.245+0000] {dag.py:2941} INFO - Sync 1 DAGs
[2024-05-11T21:09:46.258+0000] {logging_mixin.py:154} INFO - [2024-05-11T21:09:46.258+0000] {dag.py:3722} INFO - Setting next_dagrun for example_branch_python_operator_decorator to 2024-05-10T00:00:00+00:00, run_after=2024-05-11T00:00:00+00:00
[2024-05-11T21:09:46.268+0000] {processor.py:179} INFO - Processing /home/airflow/.local/lib/python3.8/site-packages/airflow/example_dags/example_branch_operator_decorator.py took 0.054 seconds
[2024-05-11T21:10:16.402+0000] {processor.py:157} INFO - Started process (PID=554) to work on /home/airflow/.local/lib/python3.8/site-packages/airflow/example_dags/example_branch_operator_decorator.py
[2024-05-11T21:10:16.403+0000] {processor.py:829} INFO - Processing file /home/airflow/.local/lib/python3.8/site-packages/airflow/example_dags/example_branch_operator_decorator.py for tasks to queue
[2024-05-11T21:10:16.405+0000] {logging_mixin.py:154} INFO - [2024-05-11T21:10:16.405+0000] {dagbag.py:536} INFO - Filling up the DagBag from /home/airflow/.local/lib/python3.8/site-packages/airflow/example_dags/example_branch_operator_decorator.py
[2024-05-11T21:10:16.412+0000] {processor.py:839} INFO - DAG(s) dict_keys(['example_branch_python_operator_decorator']) retrieved from /home/airflow/.local/lib/python3.8/site-packages/airflow/example_dags/example_branch_operator_decorator.py
[2024-05-11T21:10:16.429+0000] {logging_mixin.py:154} INFO - [2024-05-11T21:10:16.429+0000] {dag.py:2941} INFO - Sync 1 DAGs
[2024-05-11T21:10:16.445+0000] {logging_mixin.py:154} INFO - [2024-05-11T21:10:16.445+0000] {dag.py:3722} INFO - Setting next_dagrun for example_branch_python_operator_decorator to 2024-05-10T00:00:00+00:00, run_after=2024-05-11T00:00:00+00:00
[2024-05-11T21:10:16.456+0000] {processor.py:179} INFO - Processing /home/airflow/.local/lib/python3.8/site-packages/airflow/example_dags/example_branch_operator_decorator.py took 0.057 seconds
[2024-05-11T21:10:46.732+0000] {processor.py:157} INFO - Started process (PID=609) to work on /home/airflow/.local/lib/python3.8/site-packages/airflow/example_dags/example_branch_operator_decorator.py
[2024-05-11T21:10:46.733+0000] {processor.py:829} INFO - Processing file /home/airflow/.local/lib/python3.8/site-packages/airflow/example_dags/example_branch_operator_decorator.py for tasks to queue
[2024-05-11T21:10:46.735+0000] {logging_mixin.py:154} INFO - [2024-05-11T21:10:46.735+0000] {dagbag.py:536} INFO - Filling up the DagBag from /home/airflow/.local/lib/python3.8/site-packages/airflow/example_dags/example_branch_operator_decorator.py
[2024-05-11T21:10:46.743+0000] {processor.py:839} INFO - DAG(s) dict_keys(['example_branch_python_operator_decorator']) retrieved from /home/airflow/.local/lib/python3.8/site-packages/airflow/example_dags/example_branch_operator_decorator.py
[2024-05-11T21:10:46.759+0000] {logging_mixin.py:154} INFO - [2024-05-11T21:10:46.759+0000] {dag.py:2941} INFO - Sync 1 DAGs
[2024-05-11T21:10:46.773+0000] {logging_mixin.py:154} INFO - [2024-05-11T21:10:46.773+0000] {dag.py:3722} INFO - Setting next_dagrun for example_branch_python_operator_decorator to 2024-05-10T00:00:00+00:00, run_after=2024-05-11T00:00:00+00:00
[2024-05-11T21:10:46.784+0000] {processor.py:179} INFO - Processing /home/airflow/.local/lib/python3.8/site-packages/airflow/example_dags/example_branch_operator_decorator.py took 0.055 seconds
[2024-05-11T21:11:17.074+0000] {processor.py:157} INFO - Started process (PID=664) to work on /home/airflow/.local/lib/python3.8/site-packages/airflow/example_dags/example_branch_operator_decorator.py
[2024-05-11T21:11:17.075+0000] {processor.py:829} INFO - Processing file /home/airflow/.local/lib/python3.8/site-packages/airflow/example_dags/example_branch_operator_decorator.py for tasks to queue
[2024-05-11T21:11:17.077+0000] {logging_mixin.py:154} INFO - [2024-05-11T21:11:17.077+0000] {dagbag.py:536} INFO - Filling up the DagBag from /home/airflow/.local/lib/python3.8/site-packages/airflow/example_dags/example_branch_operator_decorator.py
[2024-05-11T21:11:17.084+0000] {processor.py:839} INFO - DAG(s) dict_keys(['example_branch_python_operator_decorator']) retrieved from /home/airflow/.local/lib/python3.8/site-packages/airflow/example_dags/example_branch_operator_decorator.py
[2024-05-11T21:11:17.101+0000] {logging_mixin.py:154} INFO - [2024-05-11T21:11:17.101+0000] {dag.py:2941} INFO - Sync 1 DAGs
[2024-05-11T21:11:17.114+0000] {logging_mixin.py:154} INFO - [2024-05-11T21:11:17.114+0000] {dag.py:3722} INFO - Setting next_dagrun for example_branch_python_operator_decorator to 2024-05-10T00:00:00+00:00, run_after=2024-05-11T00:00:00+00:00
[2024-05-11T21:11:17.125+0000] {processor.py:179} INFO - Processing /home/airflow/.local/lib/python3.8/site-packages/airflow/example_dags/example_branch_operator_decorator.py took 0.054 seconds
[2024-05-11T21:11:47.305+0000] {processor.py:157} INFO - Started process (PID=719) to work on /home/airflow/.local/lib/python3.8/site-packages/airflow/example_dags/example_branch_operator_decorator.py
[2024-05-11T21:11:47.306+0000] {processor.py:829} INFO - Processing file /home/airflow/.local/lib/python3.8/site-packages/airflow/example_dags/example_branch_operator_decorator.py for tasks to queue
[2024-05-11T21:11:47.308+0000] {logging_mixin.py:154} INFO - [2024-05-11T21:11:47.308+0000] {dagbag.py:536} INFO - Filling up the DagBag from /home/airflow/.local/lib/python3.8/site-packages/airflow/example_dags/example_branch_operator_decorator.py
[2024-05-11T21:11:47.315+0000] {processor.py:839} INFO - DAG(s) dict_keys(['example_branch_python_operator_decorator']) retrieved from /home/airflow/.local/lib/python3.8/site-packages/airflow/example_dags/example_branch_operator_decorator.py
[2024-05-11T21:11:47.332+0000] {logging_mixin.py:154} INFO - [2024-05-11T21:11:47.332+0000] {dag.py:2941} INFO - Sync 1 DAGs
[2024-05-11T21:11:47.349+0000] {logging_mixin.py:154} INFO - [2024-05-11T21:11:47.349+0000] {dag.py:3722} INFO - Setting next_dagrun for example_branch_python_operator_decorator to 2024-05-10T00:00:00+00:00, run_after=2024-05-11T00:00:00+00:00
[2024-05-11T21:11:47.359+0000] {processor.py:179} INFO - Processing /home/airflow/.local/lib/python3.8/site-packages/airflow/example_dags/example_branch_operator_decorator.py took 0.057 seconds
[2024-05-11T21:12:17.638+0000] {processor.py:157} INFO - Started process (PID=775) to work on /home/airflow/.local/lib/python3.8/site-packages/airflow/example_dags/example_branch_operator_decorator.py
[2024-05-11T21:12:17.640+0000] {processor.py:829} INFO - Processing file /home/airflow/.local/lib/python3.8/site-packages/airflow/example_dags/example_branch_operator_decorator.py for tasks to queue
[2024-05-11T21:12:17.642+0000] {logging_mixin.py:154} INFO - [2024-05-11T21:12:17.642+0000] {dagbag.py:536} INFO - Filling up the DagBag from /home/airflow/.local/lib/python3.8/site-packages/airflow/example_dags/example_branch_operator_decorator.py
[2024-05-11T21:12:17.649+0000] {processor.py:839} INFO - DAG(s) dict_keys(['example_branch_python_operator_decorator']) retrieved from /home/airflow/.local/lib/python3.8/site-packages/airflow/example_dags/example_branch_operator_decorator.py
[2024-05-11T21:12:17.665+0000] {logging_mixin.py:154} INFO - [2024-05-11T21:12:17.665+0000] {dag.py:2941} INFO - Sync 1 DAGs
[2024-05-11T21:12:17.678+0000] {logging_mixin.py:154} INFO - [2024-05-11T21:12:17.678+0000] {dag.py:3722} INFO - Setting next_dagrun for example_branch_python_operator_decorator to 2024-05-10T00:00:00+00:00, run_after=2024-05-11T00:00:00+00:00
[2024-05-11T21:12:17.688+0000] {processor.py:179} INFO - Processing /home/airflow/.local/lib/python3.8/site-packages/airflow/example_dags/example_branch_operator_decorator.py took 0.053 seconds
[2024-05-11T21:12:48.046+0000] {processor.py:157} INFO - Started process (PID=830) to work on /home/airflow/.local/lib/python3.8/site-packages/airflow/example_dags/example_branch_operator_decorator.py
[2024-05-11T21:12:48.047+0000] {processor.py:829} INFO - Processing file /home/airflow/.local/lib/python3.8/site-packages/airflow/example_dags/example_branch_operator_decorator.py for tasks to queue
[2024-05-11T21:12:48.049+0000] {logging_mixin.py:154} INFO - [2024-05-11T21:12:48.049+0000] {dagbag.py:536} INFO - Filling up the DagBag from /home/airflow/.local/lib/python3.8/site-packages/airflow/example_dags/example_branch_operator_decorator.py
[2024-05-11T21:12:48.056+0000] {processor.py:839} INFO - DAG(s) dict_keys(['example_branch_python_operator_decorator']) retrieved from /home/airflow/.local/lib/python3.8/site-packages/airflow/example_dags/example_branch_operator_decorator.py
[2024-05-11T21:12:48.073+0000] {logging_mixin.py:154} INFO - [2024-05-11T21:12:48.073+0000] {dag.py:2941} INFO - Sync 1 DAGs
[2024-05-11T21:12:48.087+0000] {logging_mixin.py:154} INFO - [2024-05-11T21:12:48.087+0000] {dag.py:3722} INFO - Setting next_dagrun for example_branch_python_operator_decorator to 2024-05-10T00:00:00+00:00, run_after=2024-05-11T00:00:00+00:00
[2024-05-11T21:12:48.097+0000] {processor.py:179} INFO - Processing /home/airflow/.local/lib/python3.8/site-packages/airflow/example_dags/example_branch_operator_decorator.py took 0.054 seconds
[2024-05-11T21:13:18.399+0000] {processor.py:157} INFO - Started process (PID=885) to work on /home/airflow/.local/lib/python3.8/site-packages/airflow/example_dags/example_branch_operator_decorator.py
[2024-05-11T21:13:18.400+0000] {processor.py:829} INFO - Processing file /home/airflow/.local/lib/python3.8/site-packages/airflow/example_dags/example_branch_operator_decorator.py for tasks to queue
[2024-05-11T21:13:18.402+0000] {logging_mixin.py:154} INFO - [2024-05-11T21:13:18.402+0000] {dagbag.py:536} INFO - Filling up the DagBag from /home/airflow/.local/lib/python3.8/site-packages/airflow/example_dags/example_branch_operator_decorator.py
[2024-05-11T21:13:18.410+0000] {processor.py:839} INFO - DAG(s) dict_keys(['example_branch_python_operator_decorator']) retrieved from /home/airflow/.local/lib/python3.8/site-packages/airflow/example_dags/example_branch_operator_decorator.py
[2024-05-11T21:13:18.426+0000] {logging_mixin.py:154} INFO - [2024-05-11T21:13:18.426+0000] {dag.py:2941} INFO - Sync 1 DAGs
[2024-05-11T21:13:18.440+0000] {logging_mixin.py:154} INFO - [2024-05-11T21:13:18.440+0000] {dag.py:3722} INFO - Setting next_dagrun for example_branch_python_operator_decorator to 2024-05-10T00:00:00+00:00, run_after=2024-05-11T00:00:00+00:00
[2024-05-11T21:13:18.450+0000] {processor.py:179} INFO - Processing /home/airflow/.local/lib/python3.8/site-packages/airflow/example_dags/example_branch_operator_decorator.py took 0.054 seconds
[2024-05-11T21:13:48.512+0000] {processor.py:157} INFO - Started process (PID=940) to work on /home/airflow/.local/lib/python3.8/site-packages/airflow/example_dags/example_branch_operator_decorator.py
[2024-05-11T21:13:48.513+0000] {processor.py:829} INFO - Processing file /home/airflow/.local/lib/python3.8/site-packages/airflow/example_dags/example_branch_operator_decorator.py for tasks to queue
[2024-05-11T21:13:48.515+0000] {logging_mixin.py:154} INFO - [2024-05-11T21:13:48.515+0000] {dagbag.py:536} INFO - Filling up the DagBag from /home/airflow/.local/lib/python3.8/site-packages/airflow/example_dags/example_branch_operator_decorator.py
[2024-05-11T21:13:48.522+0000] {processor.py:839} INFO - DAG(s) dict_keys(['example_branch_python_operator_decorator']) retrieved from /home/airflow/.local/lib/python3.8/site-packages/airflow/example_dags/example_branch_operator_decorator.py
[2024-05-11T21:13:48.540+0000] {logging_mixin.py:154} INFO - [2024-05-11T21:13:48.540+0000] {dag.py:2941} INFO - Sync 1 DAGs
[2024-05-11T21:13:48.553+0000] {logging_mixin.py:154} INFO - [2024-05-11T21:13:48.553+0000] {dag.py:3722} INFO - Setting next_dagrun for example_branch_python_operator_decorator to 2024-05-10T00:00:00+00:00, run_after=2024-05-11T00:00:00+00:00
[2024-05-11T21:13:48.564+0000] {processor.py:179} INFO - Processing /home/airflow/.local/lib/python3.8/site-packages/airflow/example_dags/example_branch_operator_decorator.py took 0.055 seconds
[2024-05-11T21:14:18.761+0000] {processor.py:157} INFO - Started process (PID=995) to work on /home/airflow/.local/lib/python3.8/site-packages/airflow/example_dags/example_branch_operator_decorator.py
[2024-05-11T21:14:18.762+0000] {processor.py:829} INFO - Processing file /home/airflow/.local/lib/python3.8/site-packages/airflow/example_dags/example_branch_operator_decorator.py for tasks to queue
[2024-05-11T21:14:18.765+0000] {logging_mixin.py:154} INFO - [2024-05-11T21:14:18.764+0000] {dagbag.py:536} INFO - Filling up the DagBag from /home/airflow/.local/lib/python3.8/site-packages/airflow/example_dags/example_branch_operator_decorator.py
[2024-05-11T21:14:18.772+0000] {processor.py:839} INFO - DAG(s) dict_keys(['example_branch_python_operator_decorator']) retrieved from /home/airflow/.local/lib/python3.8/site-packages/airflow/example_dags/example_branch_operator_decorator.py
[2024-05-11T21:14:18.790+0000] {logging_mixin.py:154} INFO - [2024-05-11T21:14:18.790+0000] {dag.py:2941} INFO - Sync 1 DAGs
[2024-05-11T21:14:18.804+0000] {logging_mixin.py:154} INFO - [2024-05-11T21:14:18.804+0000] {dag.py:3722} INFO - Setting next_dagrun for example_branch_python_operator_decorator to 2024-05-10T00:00:00+00:00, run_after=2024-05-11T00:00:00+00:00
[2024-05-11T21:14:18.815+0000] {processor.py:179} INFO - Processing /home/airflow/.local/lib/python3.8/site-packages/airflow/example_dags/example_branch_operator_decorator.py took 0.057 seconds
[2024-05-11T21:14:49.085+0000] {processor.py:157} INFO - Started process (PID=1051) to work on /home/airflow/.local/lib/python3.8/site-packages/airflow/example_dags/example_branch_operator_decorator.py
[2024-05-11T21:14:49.087+0000] {processor.py:829} INFO - Processing file /home/airflow/.local/lib/python3.8/site-packages/airflow/example_dags/example_branch_operator_decorator.py for tasks to queue
[2024-05-11T21:14:49.090+0000] {logging_mixin.py:154} INFO - [2024-05-11T21:14:49.090+0000] {dagbag.py:536} INFO - Filling up the DagBag from /home/airflow/.local/lib/python3.8/site-packages/airflow/example_dags/example_branch_operator_decorator.py
[2024-05-11T21:14:49.098+0000] {processor.py:839} INFO - DAG(s) dict_keys(['example_branch_python_operator_decorator']) retrieved from /home/airflow/.local/lib/python3.8/site-packages/airflow/example_dags/example_branch_operator_decorator.py
[2024-05-11T21:14:49.117+0000] {logging_mixin.py:154} INFO - [2024-05-11T21:14:49.117+0000] {dag.py:2941} INFO - Sync 1 DAGs
[2024-05-11T21:14:49.133+0000] {logging_mixin.py:154} INFO - [2024-05-11T21:14:49.133+0000] {dag.py:3722} INFO - Setting next_dagrun for example_branch_python_operator_decorator to 2024-05-10T00:00:00+00:00, run_after=2024-05-11T00:00:00+00:00
[2024-05-11T21:14:49.144+0000] {processor.py:179} INFO - Processing /home/airflow/.local/lib/python3.8/site-packages/airflow/example_dags/example_branch_operator_decorator.py took 0.061 seconds
[2024-05-11T21:16:32.683+0000] {processor.py:157} INFO - Started process (PID=57) to work on /home/airflow/.local/lib/python3.8/site-packages/airflow/example_dags/example_branch_operator_decorator.py
[2024-05-11T21:16:32.687+0000] {processor.py:829} INFO - Processing file /home/airflow/.local/lib/python3.8/site-packages/airflow/example_dags/example_branch_operator_decorator.py for tasks to queue
[2024-05-11T21:16:32.694+0000] {logging_mixin.py:154} INFO - [2024-05-11T21:16:32.694+0000] {dagbag.py:536} INFO - Filling up the DagBag from /home/airflow/.local/lib/python3.8/site-packages/airflow/example_dags/example_branch_operator_decorator.py
[2024-05-11T21:16:32.711+0000] {processor.py:839} INFO - DAG(s) dict_keys(['example_branch_python_operator_decorator']) retrieved from /home/airflow/.local/lib/python3.8/site-packages/airflow/example_dags/example_branch_operator_decorator.py
[2024-05-11T21:16:32.734+0000] {logging_mixin.py:154} INFO - [2024-05-11T21:16:32.734+0000] {dag.py:2941} INFO - Sync 1 DAGs
[2024-05-11T21:16:32.758+0000] {logging_mixin.py:154} INFO - [2024-05-11T21:16:32.758+0000] {dag.py:3722} INFO - Setting next_dagrun for example_branch_python_operator_decorator to 2024-05-10T00:00:00+00:00, run_after=2024-05-11T00:00:00+00:00
[2024-05-11T21:16:32.794+0000] {processor.py:179} INFO - Processing /home/airflow/.local/lib/python3.8/site-packages/airflow/example_dags/example_branch_operator_decorator.py took 0.115 seconds
[2024-05-11T21:17:03.605+0000] {processor.py:157} INFO - Started process (PID=113) to work on /home/airflow/.local/lib/python3.8/site-packages/airflow/example_dags/example_branch_operator_decorator.py
[2024-05-11T21:17:03.606+0000] {processor.py:829} INFO - Processing file /home/airflow/.local/lib/python3.8/site-packages/airflow/example_dags/example_branch_operator_decorator.py for tasks to queue
[2024-05-11T21:17:03.608+0000] {logging_mixin.py:154} INFO - [2024-05-11T21:17:03.607+0000] {dagbag.py:536} INFO - Filling up the DagBag from /home/airflow/.local/lib/python3.8/site-packages/airflow/example_dags/example_branch_operator_decorator.py
[2024-05-11T21:17:03.614+0000] {processor.py:839} INFO - DAG(s) dict_keys(['example_branch_python_operator_decorator']) retrieved from /home/airflow/.local/lib/python3.8/site-packages/airflow/example_dags/example_branch_operator_decorator.py
[2024-05-11T21:17:03.631+0000] {logging_mixin.py:154} INFO - [2024-05-11T21:17:03.631+0000] {dag.py:2941} INFO - Sync 1 DAGs
[2024-05-11T21:17:03.644+0000] {logging_mixin.py:154} INFO - [2024-05-11T21:17:03.644+0000] {dag.py:3722} INFO - Setting next_dagrun for example_branch_python_operator_decorator to 2024-05-10T00:00:00+00:00, run_after=2024-05-11T00:00:00+00:00
[2024-05-11T21:17:03.654+0000] {processor.py:179} INFO - Processing /home/airflow/.local/lib/python3.8/site-packages/airflow/example_dags/example_branch_operator_decorator.py took 0.053 seconds
[2024-05-11T21:17:33.827+0000] {processor.py:157} INFO - Started process (PID=168) to work on /home/airflow/.local/lib/python3.8/site-packages/airflow/example_dags/example_branch_operator_decorator.py
[2024-05-11T21:17:33.828+0000] {processor.py:829} INFO - Processing file /home/airflow/.local/lib/python3.8/site-packages/airflow/example_dags/example_branch_operator_decorator.py for tasks to queue
[2024-05-11T21:17:33.830+0000] {logging_mixin.py:154} INFO - [2024-05-11T21:17:33.829+0000] {dagbag.py:536} INFO - Filling up the DagBag from /home/airflow/.local/lib/python3.8/site-packages/airflow/example_dags/example_branch_operator_decorator.py
[2024-05-11T21:17:33.836+0000] {processor.py:839} INFO - DAG(s) dict_keys(['example_branch_python_operator_decorator']) retrieved from /home/airflow/.local/lib/python3.8/site-packages/airflow/example_dags/example_branch_operator_decorator.py
[2024-05-11T21:17:33.852+0000] {logging_mixin.py:154} INFO - [2024-05-11T21:17:33.852+0000] {dag.py:2941} INFO - Sync 1 DAGs
[2024-05-11T21:17:33.865+0000] {logging_mixin.py:154} INFO - [2024-05-11T21:17:33.865+0000] {dag.py:3722} INFO - Setting next_dagrun for example_branch_python_operator_decorator to 2024-05-10T00:00:00+00:00, run_after=2024-05-11T00:00:00+00:00
[2024-05-11T21:17:33.875+0000] {processor.py:179} INFO - Processing /home/airflow/.local/lib/python3.8/site-packages/airflow/example_dags/example_branch_operator_decorator.py took 0.051 seconds
[2024-05-11T21:18:04.268+0000] {processor.py:157} INFO - Started process (PID=224) to work on /home/airflow/.local/lib/python3.8/site-packages/airflow/example_dags/example_branch_operator_decorator.py
[2024-05-11T21:18:04.269+0000] {processor.py:829} INFO - Processing file /home/airflow/.local/lib/python3.8/site-packages/airflow/example_dags/example_branch_operator_decorator.py for tasks to queue
[2024-05-11T21:18:04.271+0000] {logging_mixin.py:154} INFO - [2024-05-11T21:18:04.271+0000] {dagbag.py:536} INFO - Filling up the DagBag from /home/airflow/.local/lib/python3.8/site-packages/airflow/example_dags/example_branch_operator_decorator.py
[2024-05-11T21:18:04.278+0000] {processor.py:839} INFO - DAG(s) dict_keys(['example_branch_python_operator_decorator']) retrieved from /home/airflow/.local/lib/python3.8/site-packages/airflow/example_dags/example_branch_operator_decorator.py
[2024-05-11T21:18:04.295+0000] {logging_mixin.py:154} INFO - [2024-05-11T21:18:04.295+0000] {dag.py:2941} INFO - Sync 1 DAGs
[2024-05-11T21:18:04.308+0000] {logging_mixin.py:154} INFO - [2024-05-11T21:18:04.308+0000] {dag.py:3722} INFO - Setting next_dagrun for example_branch_python_operator_decorator to 2024-05-10T00:00:00+00:00, run_after=2024-05-11T00:00:00+00:00
[2024-05-11T21:18:04.318+0000] {processor.py:179} INFO - Processing /home/airflow/.local/lib/python3.8/site-packages/airflow/example_dags/example_branch_operator_decorator.py took 0.053 seconds
[2024-05-11T21:18:34.431+0000] {processor.py:157} INFO - Started process (PID=279) to work on /home/airflow/.local/lib/python3.8/site-packages/airflow/example_dags/example_branch_operator_decorator.py
[2024-05-11T21:18:34.432+0000] {processor.py:829} INFO - Processing file /home/airflow/.local/lib/python3.8/site-packages/airflow/example_dags/example_branch_operator_decorator.py for tasks to queue
[2024-05-11T21:18:34.434+0000] {logging_mixin.py:154} INFO - [2024-05-11T21:18:34.433+0000] {dagbag.py:536} INFO - Filling up the DagBag from /home/airflow/.local/lib/python3.8/site-packages/airflow/example_dags/example_branch_operator_decorator.py
[2024-05-11T21:18:34.440+0000] {processor.py:839} INFO - DAG(s) dict_keys(['example_branch_python_operator_decorator']) retrieved from /home/airflow/.local/lib/python3.8/site-packages/airflow/example_dags/example_branch_operator_decorator.py
[2024-05-11T21:18:34.458+0000] {logging_mixin.py:154} INFO - [2024-05-11T21:18:34.458+0000] {dag.py:2941} INFO - Sync 1 DAGs
[2024-05-11T21:18:34.471+0000] {logging_mixin.py:154} INFO - [2024-05-11T21:18:34.471+0000] {dag.py:3722} INFO - Setting next_dagrun for example_branch_python_operator_decorator to 2024-05-10T00:00:00+00:00, run_after=2024-05-11T00:00:00+00:00
[2024-05-11T21:18:34.483+0000] {processor.py:179} INFO - Processing /home/airflow/.local/lib/python3.8/site-packages/airflow/example_dags/example_branch_operator_decorator.py took 0.055 seconds
[2024-05-11T21:19:04.707+0000] {processor.py:157} INFO - Started process (PID=334) to work on /home/airflow/.local/lib/python3.8/site-packages/airflow/example_dags/example_branch_operator_decorator.py
[2024-05-11T21:19:04.708+0000] {processor.py:829} INFO - Processing file /home/airflow/.local/lib/python3.8/site-packages/airflow/example_dags/example_branch_operator_decorator.py for tasks to queue
[2024-05-11T21:19:04.710+0000] {logging_mixin.py:154} INFO - [2024-05-11T21:19:04.710+0000] {dagbag.py:536} INFO - Filling up the DagBag from /home/airflow/.local/lib/python3.8/site-packages/airflow/example_dags/example_branch_operator_decorator.py
[2024-05-11T21:19:04.717+0000] {processor.py:839} INFO - DAG(s) dict_keys(['example_branch_python_operator_decorator']) retrieved from /home/airflow/.local/lib/python3.8/site-packages/airflow/example_dags/example_branch_operator_decorator.py
[2024-05-11T21:19:04.733+0000] {logging_mixin.py:154} INFO - [2024-05-11T21:19:04.733+0000] {dag.py:2941} INFO - Sync 1 DAGs
[2024-05-11T21:19:04.745+0000] {logging_mixin.py:154} INFO - [2024-05-11T21:19:04.745+0000] {dag.py:3722} INFO - Setting next_dagrun for example_branch_python_operator_decorator to 2024-05-10T00:00:00+00:00, run_after=2024-05-11T00:00:00+00:00
[2024-05-11T21:19:04.755+0000] {processor.py:179} INFO - Processing /home/airflow/.local/lib/python3.8/site-packages/airflow/example_dags/example_branch_operator_decorator.py took 0.051 seconds
[2024-05-11T21:19:35.095+0000] {processor.py:157} INFO - Started process (PID=389) to work on /home/airflow/.local/lib/python3.8/site-packages/airflow/example_dags/example_branch_operator_decorator.py
[2024-05-11T21:19:35.096+0000] {processor.py:829} INFO - Processing file /home/airflow/.local/lib/python3.8/site-packages/airflow/example_dags/example_branch_operator_decorator.py for tasks to queue
[2024-05-11T21:19:35.098+0000] {logging_mixin.py:154} INFO - [2024-05-11T21:19:35.098+0000] {dagbag.py:536} INFO - Filling up the DagBag from /home/airflow/.local/lib/python3.8/site-packages/airflow/example_dags/example_branch_operator_decorator.py
[2024-05-11T21:19:35.105+0000] {processor.py:839} INFO - DAG(s) dict_keys(['example_branch_python_operator_decorator']) retrieved from /home/airflow/.local/lib/python3.8/site-packages/airflow/example_dags/example_branch_operator_decorator.py
[2024-05-11T21:19:35.121+0000] {logging_mixin.py:154} INFO - [2024-05-11T21:19:35.121+0000] {dag.py:2941} INFO - Sync 1 DAGs
[2024-05-11T21:19:35.134+0000] {logging_mixin.py:154} INFO - [2024-05-11T21:19:35.133+0000] {dag.py:3722} INFO - Setting next_dagrun for example_branch_python_operator_decorator to 2024-05-10T00:00:00+00:00, run_after=2024-05-11T00:00:00+00:00
[2024-05-11T21:19:35.143+0000] {processor.py:179} INFO - Processing /home/airflow/.local/lib/python3.8/site-packages/airflow/example_dags/example_branch_operator_decorator.py took 0.050 seconds
[2024-05-11T21:20:05.495+0000] {processor.py:157} INFO - Started process (PID=444) to work on /home/airflow/.local/lib/python3.8/site-packages/airflow/example_dags/example_branch_operator_decorator.py
[2024-05-11T21:20:05.497+0000] {processor.py:829} INFO - Processing file /home/airflow/.local/lib/python3.8/site-packages/airflow/example_dags/example_branch_operator_decorator.py for tasks to queue
[2024-05-11T21:20:05.498+0000] {logging_mixin.py:154} INFO - [2024-05-11T21:20:05.498+0000] {dagbag.py:536} INFO - Filling up the DagBag from /home/airflow/.local/lib/python3.8/site-packages/airflow/example_dags/example_branch_operator_decorator.py
[2024-05-11T21:20:05.505+0000] {processor.py:839} INFO - DAG(s) dict_keys(['example_branch_python_operator_decorator']) retrieved from /home/airflow/.local/lib/python3.8/site-packages/airflow/example_dags/example_branch_operator_decorator.py
[2024-05-11T21:20:05.521+0000] {logging_mixin.py:154} INFO - [2024-05-11T21:20:05.521+0000] {dag.py:2941} INFO - Sync 1 DAGs
[2024-05-11T21:20:05.534+0000] {logging_mixin.py:154} INFO - [2024-05-11T21:20:05.533+0000] {dag.py:3722} INFO - Setting next_dagrun for example_branch_python_operator_decorator to 2024-05-10T00:00:00+00:00, run_after=2024-05-11T00:00:00+00:00
[2024-05-11T21:20:05.543+0000] {processor.py:179} INFO - Processing /home/airflow/.local/lib/python3.8/site-packages/airflow/example_dags/example_branch_operator_decorator.py took 0.050 seconds
[2024-05-11T21:20:35.668+0000] {processor.py:157} INFO - Started process (PID=499) to work on /home/airflow/.local/lib/python3.8/site-packages/airflow/example_dags/example_branch_operator_decorator.py
[2024-05-11T21:20:35.669+0000] {processor.py:829} INFO - Processing file /home/airflow/.local/lib/python3.8/site-packages/airflow/example_dags/example_branch_operator_decorator.py for tasks to queue
[2024-05-11T21:20:35.671+0000] {logging_mixin.py:154} INFO - [2024-05-11T21:20:35.671+0000] {dagbag.py:536} INFO - Filling up the DagBag from /home/airflow/.local/lib/python3.8/site-packages/airflow/example_dags/example_branch_operator_decorator.py
[2024-05-11T21:20:35.677+0000] {processor.py:839} INFO - DAG(s) dict_keys(['example_branch_python_operator_decorator']) retrieved from /home/airflow/.local/lib/python3.8/site-packages/airflow/example_dags/example_branch_operator_decorator.py
[2024-05-11T21:20:35.693+0000] {logging_mixin.py:154} INFO - [2024-05-11T21:20:35.693+0000] {dag.py:2941} INFO - Sync 1 DAGs
[2024-05-11T21:20:35.706+0000] {logging_mixin.py:154} INFO - [2024-05-11T21:20:35.706+0000] {dag.py:3722} INFO - Setting next_dagrun for example_branch_python_operator_decorator to 2024-05-10T00:00:00+00:00, run_after=2024-05-11T00:00:00+00:00
[2024-05-11T21:20:35.715+0000] {processor.py:179} INFO - Processing /home/airflow/.local/lib/python3.8/site-packages/airflow/example_dags/example_branch_operator_decorator.py took 0.050 seconds
[2024-05-11T21:21:05.827+0000] {processor.py:157} INFO - Started process (PID=554) to work on /home/airflow/.local/lib/python3.8/site-packages/airflow/example_dags/example_branch_operator_decorator.py
[2024-05-11T21:21:05.829+0000] {processor.py:829} INFO - Processing file /home/airflow/.local/lib/python3.8/site-packages/airflow/example_dags/example_branch_operator_decorator.py for tasks to queue
[2024-05-11T21:21:05.831+0000] {logging_mixin.py:154} INFO - [2024-05-11T21:21:05.830+0000] {dagbag.py:536} INFO - Filling up the DagBag from /home/airflow/.local/lib/python3.8/site-packages/airflow/example_dags/example_branch_operator_decorator.py
[2024-05-11T21:21:05.837+0000] {processor.py:839} INFO - DAG(s) dict_keys(['example_branch_python_operator_decorator']) retrieved from /home/airflow/.local/lib/python3.8/site-packages/airflow/example_dags/example_branch_operator_decorator.py
[2024-05-11T21:21:05.853+0000] {logging_mixin.py:154} INFO - [2024-05-11T21:21:05.853+0000] {dag.py:2941} INFO - Sync 1 DAGs
[2024-05-11T21:21:05.866+0000] {logging_mixin.py:154} INFO - [2024-05-11T21:21:05.866+0000] {dag.py:3722} INFO - Setting next_dagrun for example_branch_python_operator_decorator to 2024-05-10T00:00:00+00:00, run_after=2024-05-11T00:00:00+00:00
[2024-05-11T21:21:05.875+0000] {processor.py:179} INFO - Processing /home/airflow/.local/lib/python3.8/site-packages/airflow/example_dags/example_branch_operator_decorator.py took 0.050 seconds
[2024-05-11T21:21:36.327+0000] {processor.py:157} INFO - Started process (PID=609) to work on /home/airflow/.local/lib/python3.8/site-packages/airflow/example_dags/example_branch_operator_decorator.py
[2024-05-11T21:21:36.328+0000] {processor.py:829} INFO - Processing file /home/airflow/.local/lib/python3.8/site-packages/airflow/example_dags/example_branch_operator_decorator.py for tasks to queue
[2024-05-11T21:21:36.330+0000] {logging_mixin.py:154} INFO - [2024-05-11T21:21:36.330+0000] {dagbag.py:536} INFO - Filling up the DagBag from /home/airflow/.local/lib/python3.8/site-packages/airflow/example_dags/example_branch_operator_decorator.py
[2024-05-11T21:21:36.337+0000] {processor.py:839} INFO - DAG(s) dict_keys(['example_branch_python_operator_decorator']) retrieved from /home/airflow/.local/lib/python3.8/site-packages/airflow/example_dags/example_branch_operator_decorator.py
[2024-05-11T21:21:36.353+0000] {logging_mixin.py:154} INFO - [2024-05-11T21:21:36.353+0000] {dag.py:2941} INFO - Sync 1 DAGs
[2024-05-11T21:21:36.367+0000] {logging_mixin.py:154} INFO - [2024-05-11T21:21:36.367+0000] {dag.py:3722} INFO - Setting next_dagrun for example_branch_python_operator_decorator to 2024-05-10T00:00:00+00:00, run_after=2024-05-11T00:00:00+00:00
[2024-05-11T21:21:36.378+0000] {processor.py:179} INFO - Processing /home/airflow/.local/lib/python3.8/site-packages/airflow/example_dags/example_branch_operator_decorator.py took 0.053 seconds
[2024-05-11T21:42:08.448+0000] {processor.py:157} INFO - Started process (PID=70) to work on /home/airflow/.local/lib/python3.8/site-packages/airflow/example_dags/example_branch_operator_decorator.py
[2024-05-11T21:42:08.450+0000] {processor.py:829} INFO - Processing file /home/airflow/.local/lib/python3.8/site-packages/airflow/example_dags/example_branch_operator_decorator.py for tasks to queue
[2024-05-11T21:42:08.455+0000] {logging_mixin.py:154} INFO - [2024-05-11T21:42:08.454+0000] {dagbag.py:536} INFO - Filling up the DagBag from /home/airflow/.local/lib/python3.8/site-packages/airflow/example_dags/example_branch_operator_decorator.py
[2024-05-11T21:42:08.475+0000] {processor.py:839} INFO - DAG(s) dict_keys(['example_branch_python_operator_decorator']) retrieved from /home/airflow/.local/lib/python3.8/site-packages/airflow/example_dags/example_branch_operator_decorator.py
[2024-05-11T21:42:08.619+0000] {logging_mixin.py:154} INFO - [2024-05-11T21:42:08.619+0000] {manager.py:499} INFO - Created Permission View: %s
[2024-05-11T21:42:08.639+0000] {logging_mixin.py:154} INFO - [2024-05-11T21:42:08.639+0000] {manager.py:499} INFO - Created Permission View: %s
[2024-05-11T21:42:08.660+0000] {logging_mixin.py:154} INFO - [2024-05-11T21:42:08.660+0000] {manager.py:499} INFO - Created Permission View: %s
[2024-05-11T21:42:08.661+0000] {logging_mixin.py:154} INFO - [2024-05-11T21:42:08.661+0000] {dag.py:2941} INFO - Sync 1 DAGs
[2024-05-11T21:42:08.678+0000] {logging_mixin.py:154} INFO - [2024-05-11T21:42:08.678+0000] {dag.py:2963} INFO - Creating ORM DAG for example_branch_python_operator_decorator
[2024-05-11T21:42:08.689+0000] {logging_mixin.py:154} INFO - [2024-05-11T21:42:08.689+0000] {dag.py:3722} INFO - Setting next_dagrun for example_branch_python_operator_decorator to 2024-05-10T00:00:00+00:00, run_after=2024-05-11T00:00:00+00:00
[2024-05-11T21:42:08.708+0000] {processor.py:179} INFO - Processing /home/airflow/.local/lib/python3.8/site-packages/airflow/example_dags/example_branch_operator_decorator.py took 0.264 seconds
[2024-05-11T21:42:38.759+0000] {processor.py:157} INFO - Started process (PID=125) to work on /home/airflow/.local/lib/python3.8/site-packages/airflow/example_dags/example_branch_operator_decorator.py
[2024-05-11T21:42:38.760+0000] {processor.py:829} INFO - Processing file /home/airflow/.local/lib/python3.8/site-packages/airflow/example_dags/example_branch_operator_decorator.py for tasks to queue
[2024-05-11T21:42:38.763+0000] {logging_mixin.py:154} INFO - [2024-05-11T21:42:38.763+0000] {dagbag.py:536} INFO - Filling up the DagBag from /home/airflow/.local/lib/python3.8/site-packages/airflow/example_dags/example_branch_operator_decorator.py
[2024-05-11T21:42:38.770+0000] {processor.py:839} INFO - DAG(s) dict_keys(['example_branch_python_operator_decorator']) retrieved from /home/airflow/.local/lib/python3.8/site-packages/airflow/example_dags/example_branch_operator_decorator.py
[2024-05-11T21:42:38.793+0000] {logging_mixin.py:154} INFO - [2024-05-11T21:42:38.793+0000] {dag.py:2941} INFO - Sync 1 DAGs
[2024-05-11T21:42:38.811+0000] {logging_mixin.py:154} INFO - [2024-05-11T21:42:38.811+0000] {dag.py:3722} INFO - Setting next_dagrun for example_branch_python_operator_decorator to 2024-05-10T00:00:00+00:00, run_after=2024-05-11T00:00:00+00:00
[2024-05-11T21:42:38.824+0000] {processor.py:179} INFO - Processing /home/airflow/.local/lib/python3.8/site-packages/airflow/example_dags/example_branch_operator_decorator.py took 0.068 seconds
[2024-05-11T21:43:08.910+0000] {processor.py:157} INFO - Started process (PID=180) to work on /home/airflow/.local/lib/python3.8/site-packages/airflow/example_dags/example_branch_operator_decorator.py
[2024-05-11T21:43:08.912+0000] {processor.py:829} INFO - Processing file /home/airflow/.local/lib/python3.8/site-packages/airflow/example_dags/example_branch_operator_decorator.py for tasks to queue
[2024-05-11T21:43:08.914+0000] {logging_mixin.py:154} INFO - [2024-05-11T21:43:08.914+0000] {dagbag.py:536} INFO - Filling up the DagBag from /home/airflow/.local/lib/python3.8/site-packages/airflow/example_dags/example_branch_operator_decorator.py
[2024-05-11T21:43:08.924+0000] {processor.py:839} INFO - DAG(s) dict_keys(['example_branch_python_operator_decorator']) retrieved from /home/airflow/.local/lib/python3.8/site-packages/airflow/example_dags/example_branch_operator_decorator.py
[2024-05-11T21:43:08.950+0000] {logging_mixin.py:154} INFO - [2024-05-11T21:43:08.949+0000] {dag.py:2941} INFO - Sync 1 DAGs
[2024-05-11T21:43:08.972+0000] {logging_mixin.py:154} INFO - [2024-05-11T21:43:08.972+0000] {dag.py:3722} INFO - Setting next_dagrun for example_branch_python_operator_decorator to 2024-05-10T00:00:00+00:00, run_after=2024-05-11T00:00:00+00:00
[2024-05-11T21:43:08.988+0000] {processor.py:179} INFO - Processing /home/airflow/.local/lib/python3.8/site-packages/airflow/example_dags/example_branch_operator_decorator.py took 0.083 seconds
[2024-05-11T21:43:39.598+0000] {processor.py:157} INFO - Started process (PID=235) to work on /home/airflow/.local/lib/python3.8/site-packages/airflow/example_dags/example_branch_operator_decorator.py
[2024-05-11T21:43:39.600+0000] {processor.py:829} INFO - Processing file /home/airflow/.local/lib/python3.8/site-packages/airflow/example_dags/example_branch_operator_decorator.py for tasks to queue
[2024-05-11T21:43:39.606+0000] {logging_mixin.py:154} INFO - [2024-05-11T21:43:39.605+0000] {dagbag.py:536} INFO - Filling up the DagBag from /home/airflow/.local/lib/python3.8/site-packages/airflow/example_dags/example_branch_operator_decorator.py
[2024-05-11T21:43:39.620+0000] {processor.py:839} INFO - DAG(s) dict_keys(['example_branch_python_operator_decorator']) retrieved from /home/airflow/.local/lib/python3.8/site-packages/airflow/example_dags/example_branch_operator_decorator.py
[2024-05-11T21:43:39.645+0000] {logging_mixin.py:154} INFO - [2024-05-11T21:43:39.644+0000] {dag.py:2941} INFO - Sync 1 DAGs
[2024-05-11T21:43:39.667+0000] {logging_mixin.py:154} INFO - [2024-05-11T21:43:39.666+0000] {dag.py:3722} INFO - Setting next_dagrun for example_branch_python_operator_decorator to 2024-05-10T00:00:00+00:00, run_after=2024-05-11T00:00:00+00:00
[2024-05-11T21:43:39.680+0000] {processor.py:179} INFO - Processing /home/airflow/.local/lib/python3.8/site-packages/airflow/example_dags/example_branch_operator_decorator.py took 0.085 seconds
[2024-05-11T21:44:10.229+0000] {processor.py:157} INFO - Started process (PID=290) to work on /home/airflow/.local/lib/python3.8/site-packages/airflow/example_dags/example_branch_operator_decorator.py
[2024-05-11T21:44:10.231+0000] {processor.py:829} INFO - Processing file /home/airflow/.local/lib/python3.8/site-packages/airflow/example_dags/example_branch_operator_decorator.py for tasks to queue
[2024-05-11T21:44:10.234+0000] {logging_mixin.py:154} INFO - [2024-05-11T21:44:10.233+0000] {dagbag.py:536} INFO - Filling up the DagBag from /home/airflow/.local/lib/python3.8/site-packages/airflow/example_dags/example_branch_operator_decorator.py
[2024-05-11T21:44:10.244+0000] {processor.py:839} INFO - DAG(s) dict_keys(['example_branch_python_operator_decorator']) retrieved from /home/airflow/.local/lib/python3.8/site-packages/airflow/example_dags/example_branch_operator_decorator.py
[2024-05-11T21:44:10.272+0000] {logging_mixin.py:154} INFO - [2024-05-11T21:44:10.272+0000] {dag.py:2941} INFO - Sync 1 DAGs
[2024-05-11T21:44:10.288+0000] {logging_mixin.py:154} INFO - [2024-05-11T21:44:10.288+0000] {dag.py:3722} INFO - Setting next_dagrun for example_branch_python_operator_decorator to 2024-05-10T00:00:00+00:00, run_after=2024-05-11T00:00:00+00:00
[2024-05-11T21:44:10.304+0000] {processor.py:179} INFO - Processing /home/airflow/.local/lib/python3.8/site-packages/airflow/example_dags/example_branch_operator_decorator.py took 0.078 seconds
[2024-05-11T21:44:40.686+0000] {processor.py:157} INFO - Started process (PID=345) to work on /home/airflow/.local/lib/python3.8/site-packages/airflow/example_dags/example_branch_operator_decorator.py
[2024-05-11T21:44:40.688+0000] {processor.py:829} INFO - Processing file /home/airflow/.local/lib/python3.8/site-packages/airflow/example_dags/example_branch_operator_decorator.py for tasks to queue
[2024-05-11T21:44:40.690+0000] {logging_mixin.py:154} INFO - [2024-05-11T21:44:40.690+0000] {dagbag.py:536} INFO - Filling up the DagBag from /home/airflow/.local/lib/python3.8/site-packages/airflow/example_dags/example_branch_operator_decorator.py
[2024-05-11T21:44:40.698+0000] {processor.py:839} INFO - DAG(s) dict_keys(['example_branch_python_operator_decorator']) retrieved from /home/airflow/.local/lib/python3.8/site-packages/airflow/example_dags/example_branch_operator_decorator.py
[2024-05-11T21:44:40.726+0000] {logging_mixin.py:154} INFO - [2024-05-11T21:44:40.725+0000] {dag.py:2941} INFO - Sync 1 DAGs
[2024-05-11T21:44:40.741+0000] {logging_mixin.py:154} INFO - [2024-05-11T21:44:40.741+0000] {dag.py:3722} INFO - Setting next_dagrun for example_branch_python_operator_decorator to 2024-05-10T00:00:00+00:00, run_after=2024-05-11T00:00:00+00:00
[2024-05-11T21:44:40.754+0000] {processor.py:179} INFO - Processing /home/airflow/.local/lib/python3.8/site-packages/airflow/example_dags/example_branch_operator_decorator.py took 0.072 seconds
[2024-05-11T21:45:11.368+0000] {processor.py:157} INFO - Started process (PID=400) to work on /home/airflow/.local/lib/python3.8/site-packages/airflow/example_dags/example_branch_operator_decorator.py
[2024-05-11T21:45:11.369+0000] {processor.py:829} INFO - Processing file /home/airflow/.local/lib/python3.8/site-packages/airflow/example_dags/example_branch_operator_decorator.py for tasks to queue
[2024-05-11T21:45:11.372+0000] {logging_mixin.py:154} INFO - [2024-05-11T21:45:11.372+0000] {dagbag.py:536} INFO - Filling up the DagBag from /home/airflow/.local/lib/python3.8/site-packages/airflow/example_dags/example_branch_operator_decorator.py
[2024-05-11T21:45:11.382+0000] {processor.py:839} INFO - DAG(s) dict_keys(['example_branch_python_operator_decorator']) retrieved from /home/airflow/.local/lib/python3.8/site-packages/airflow/example_dags/example_branch_operator_decorator.py
[2024-05-11T21:45:11.410+0000] {logging_mixin.py:154} INFO - [2024-05-11T21:45:11.410+0000] {dag.py:2941} INFO - Sync 1 DAGs
[2024-05-11T21:45:11.425+0000] {logging_mixin.py:154} INFO - [2024-05-11T21:45:11.425+0000] {dag.py:3722} INFO - Setting next_dagrun for example_branch_python_operator_decorator to 2024-05-10T00:00:00+00:00, run_after=2024-05-11T00:00:00+00:00
[2024-05-11T21:45:11.438+0000] {processor.py:179} INFO - Processing /home/airflow/.local/lib/python3.8/site-packages/airflow/example_dags/example_branch_operator_decorator.py took 0.074 seconds
[2024-05-11T21:45:42.019+0000] {processor.py:157} INFO - Started process (PID=456) to work on /home/airflow/.local/lib/python3.8/site-packages/airflow/example_dags/example_branch_operator_decorator.py
[2024-05-11T21:45:42.021+0000] {processor.py:829} INFO - Processing file /home/airflow/.local/lib/python3.8/site-packages/airflow/example_dags/example_branch_operator_decorator.py for tasks to queue
[2024-05-11T21:45:42.023+0000] {logging_mixin.py:154} INFO - [2024-05-11T21:45:42.023+0000] {dagbag.py:536} INFO - Filling up the DagBag from /home/airflow/.local/lib/python3.8/site-packages/airflow/example_dags/example_branch_operator_decorator.py
[2024-05-11T21:45:42.033+0000] {processor.py:839} INFO - DAG(s) dict_keys(['example_branch_python_operator_decorator']) retrieved from /home/airflow/.local/lib/python3.8/site-packages/airflow/example_dags/example_branch_operator_decorator.py
[2024-05-11T21:45:42.059+0000] {logging_mixin.py:154} INFO - [2024-05-11T21:45:42.059+0000] {dag.py:2941} INFO - Sync 1 DAGs
[2024-05-11T21:45:42.081+0000] {logging_mixin.py:154} INFO - [2024-05-11T21:45:42.080+0000] {dag.py:3722} INFO - Setting next_dagrun for example_branch_python_operator_decorator to 2024-05-10T00:00:00+00:00, run_after=2024-05-11T00:00:00+00:00
[2024-05-11T21:45:42.093+0000] {processor.py:179} INFO - Processing /home/airflow/.local/lib/python3.8/site-packages/airflow/example_dags/example_branch_operator_decorator.py took 0.078 seconds
[2024-05-11T21:46:12.748+0000] {processor.py:157} INFO - Started process (PID=511) to work on /home/airflow/.local/lib/python3.8/site-packages/airflow/example_dags/example_branch_operator_decorator.py
[2024-05-11T21:46:12.749+0000] {processor.py:829} INFO - Processing file /home/airflow/.local/lib/python3.8/site-packages/airflow/example_dags/example_branch_operator_decorator.py for tasks to queue
[2024-05-11T21:46:12.752+0000] {logging_mixin.py:154} INFO - [2024-05-11T21:46:12.752+0000] {dagbag.py:536} INFO - Filling up the DagBag from /home/airflow/.local/lib/python3.8/site-packages/airflow/example_dags/example_branch_operator_decorator.py
[2024-05-11T21:46:12.760+0000] {processor.py:839} INFO - DAG(s) dict_keys(['example_branch_python_operator_decorator']) retrieved from /home/airflow/.local/lib/python3.8/site-packages/airflow/example_dags/example_branch_operator_decorator.py
[2024-05-11T21:46:12.782+0000] {logging_mixin.py:154} INFO - [2024-05-11T21:46:12.782+0000] {dag.py:2941} INFO - Sync 1 DAGs
[2024-05-11T21:46:12.800+0000] {logging_mixin.py:154} INFO - [2024-05-11T21:46:12.800+0000] {dag.py:3722} INFO - Setting next_dagrun for example_branch_python_operator_decorator to 2024-05-10T00:00:00+00:00, run_after=2024-05-11T00:00:00+00:00
[2024-05-11T21:46:12.812+0000] {processor.py:179} INFO - Processing /home/airflow/.local/lib/python3.8/site-packages/airflow/example_dags/example_branch_operator_decorator.py took 0.068 seconds
[2024-05-11T21:46:43.309+0000] {processor.py:157} INFO - Started process (PID=566) to work on /home/airflow/.local/lib/python3.8/site-packages/airflow/example_dags/example_branch_operator_decorator.py
[2024-05-11T21:46:43.311+0000] {processor.py:829} INFO - Processing file /home/airflow/.local/lib/python3.8/site-packages/airflow/example_dags/example_branch_operator_decorator.py for tasks to queue
[2024-05-11T21:46:43.314+0000] {logging_mixin.py:154} INFO - [2024-05-11T21:46:43.313+0000] {dagbag.py:536} INFO - Filling up the DagBag from /home/airflow/.local/lib/python3.8/site-packages/airflow/example_dags/example_branch_operator_decorator.py
[2024-05-11T21:46:43.323+0000] {processor.py:839} INFO - DAG(s) dict_keys(['example_branch_python_operator_decorator']) retrieved from /home/airflow/.local/lib/python3.8/site-packages/airflow/example_dags/example_branch_operator_decorator.py
[2024-05-11T21:46:43.352+0000] {logging_mixin.py:154} INFO - [2024-05-11T21:46:43.352+0000] {dag.py:2941} INFO - Sync 1 DAGs
[2024-05-11T21:46:43.370+0000] {logging_mixin.py:154} INFO - [2024-05-11T21:46:43.369+0000] {dag.py:3722} INFO - Setting next_dagrun for example_branch_python_operator_decorator to 2024-05-10T00:00:00+00:00, run_after=2024-05-11T00:00:00+00:00
[2024-05-11T21:46:43.380+0000] {processor.py:179} INFO - Processing /home/airflow/.local/lib/python3.8/site-packages/airflow/example_dags/example_branch_operator_decorator.py took 0.075 seconds
