[2024-05-11T21:03:19.556+0000] {processor.py:157} INFO - Started process (PID=49) to work on /home/airflow/.local/lib/python3.8/site-packages/airflow/example_dags/example_sla_dag.py
[2024-05-11T21:03:19.558+0000] {processor.py:829} INFO - Processing file /home/airflow/.local/lib/python3.8/site-packages/airflow/example_dags/example_sla_dag.py for tasks to queue
[2024-05-11T21:03:19.562+0000] {logging_mixin.py:154} INFO - [2024-05-11T21:03:19.562+0000] {dagbag.py:536} INFO - Filling up the DagBag from /home/airflow/.local/lib/python3.8/site-packages/airflow/example_dags/example_sla_dag.py
[2024-05-11T21:03:19.572+0000] {processor.py:839} INFO - DAG(s) dict_keys(['example_sla_dag']) retrieved from /home/airflow/.local/lib/python3.8/site-packages/airflow/example_dags/example_sla_dag.py
[2024-05-11T21:03:19.672+0000] {logging_mixin.py:154} INFO - [2024-05-11T21:03:19.672+0000] {manager.py:499} INFO - Created Permission View: %s
[2024-05-11T21:03:19.679+0000] {logging_mixin.py:154} INFO - [2024-05-11T21:03:19.678+0000] {manager.py:499} INFO - Created Permission View: %s
[2024-05-11T21:03:19.686+0000] {logging_mixin.py:154} INFO - [2024-05-11T21:03:19.686+0000] {manager.py:499} INFO - Created Permission View: %s
[2024-05-11T21:03:19.687+0000] {logging_mixin.py:154} INFO - [2024-05-11T21:03:19.687+0000] {dag.py:2941} INFO - Sync 1 DAGs
[2024-05-11T21:03:19.695+0000] {logging_mixin.py:154} INFO - [2024-05-11T21:03:19.695+0000] {dag.py:2963} INFO - Creating ORM DAG for example_sla_dag
[2024-05-11T21:03:19.704+0000] {logging_mixin.py:154} INFO - [2024-05-11T21:03:19.704+0000] {dag.py:3722} INFO - Setting next_dagrun for example_sla_dag to 2024-05-11T21:00:00+00:00, run_after=2024-05-11T21:02:00+00:00
[2024-05-11T21:03:19.716+0000] {processor.py:179} INFO - Processing /home/airflow/.local/lib/python3.8/site-packages/airflow/example_dags/example_sla_dag.py took 0.167 seconds
[2024-05-11T21:03:50.215+0000] {processor.py:157} INFO - Started process (PID=104) to work on /home/airflow/.local/lib/python3.8/site-packages/airflow/example_dags/example_sla_dag.py
[2024-05-11T21:03:50.216+0000] {processor.py:829} INFO - Processing file /home/airflow/.local/lib/python3.8/site-packages/airflow/example_dags/example_sla_dag.py for tasks to queue
[2024-05-11T21:03:50.218+0000] {logging_mixin.py:154} INFO - [2024-05-11T21:03:50.218+0000] {dagbag.py:536} INFO - Filling up the DagBag from /home/airflow/.local/lib/python3.8/site-packages/airflow/example_dags/example_sla_dag.py
[2024-05-11T21:03:50.224+0000] {processor.py:839} INFO - DAG(s) dict_keys(['example_sla_dag']) retrieved from /home/airflow/.local/lib/python3.8/site-packages/airflow/example_dags/example_sla_dag.py
[2024-05-11T21:03:50.240+0000] {logging_mixin.py:154} INFO - [2024-05-11T21:03:50.240+0000] {dag.py:2941} INFO - Sync 1 DAGs
[2024-05-11T21:03:50.254+0000] {logging_mixin.py:154} INFO - [2024-05-11T21:03:50.254+0000] {dag.py:3722} INFO - Setting next_dagrun for example_sla_dag to 2024-05-11T21:00:00+00:00, run_after=2024-05-11T21:02:00+00:00
[2024-05-11T21:03:50.263+0000] {processor.py:179} INFO - Processing /home/airflow/.local/lib/python3.8/site-packages/airflow/example_dags/example_sla_dag.py took 0.051 seconds
[2024-05-11T21:04:20.664+0000] {processor.py:157} INFO - Started process (PID=158) to work on /home/airflow/.local/lib/python3.8/site-packages/airflow/example_dags/example_sla_dag.py
[2024-05-11T21:04:20.665+0000] {processor.py:829} INFO - Processing file /home/airflow/.local/lib/python3.8/site-packages/airflow/example_dags/example_sla_dag.py for tasks to queue
[2024-05-11T21:04:20.667+0000] {logging_mixin.py:154} INFO - [2024-05-11T21:04:20.666+0000] {dagbag.py:536} INFO - Filling up the DagBag from /home/airflow/.local/lib/python3.8/site-packages/airflow/example_dags/example_sla_dag.py
[2024-05-11T21:04:20.672+0000] {processor.py:839} INFO - DAG(s) dict_keys(['example_sla_dag']) retrieved from /home/airflow/.local/lib/python3.8/site-packages/airflow/example_dags/example_sla_dag.py
[2024-05-11T21:04:20.688+0000] {logging_mixin.py:154} INFO - [2024-05-11T21:04:20.688+0000] {dag.py:2941} INFO - Sync 1 DAGs
[2024-05-11T21:04:20.703+0000] {logging_mixin.py:154} INFO - [2024-05-11T21:04:20.703+0000] {dag.py:3722} INFO - Setting next_dagrun for example_sla_dag to 2024-05-11T21:02:00+00:00, run_after=2024-05-11T21:04:00+00:00
[2024-05-11T21:04:20.715+0000] {processor.py:179} INFO - Processing /home/airflow/.local/lib/python3.8/site-packages/airflow/example_dags/example_sla_dag.py took 0.055 seconds
[2024-05-11T21:04:50.903+0000] {processor.py:157} INFO - Started process (PID=213) to work on /home/airflow/.local/lib/python3.8/site-packages/airflow/example_dags/example_sla_dag.py
[2024-05-11T21:04:50.904+0000] {processor.py:829} INFO - Processing file /home/airflow/.local/lib/python3.8/site-packages/airflow/example_dags/example_sla_dag.py for tasks to queue
[2024-05-11T21:04:50.906+0000] {logging_mixin.py:154} INFO - [2024-05-11T21:04:50.906+0000] {dagbag.py:536} INFO - Filling up the DagBag from /home/airflow/.local/lib/python3.8/site-packages/airflow/example_dags/example_sla_dag.py
[2024-05-11T21:04:50.913+0000] {processor.py:839} INFO - DAG(s) dict_keys(['example_sla_dag']) retrieved from /home/airflow/.local/lib/python3.8/site-packages/airflow/example_dags/example_sla_dag.py
[2024-05-11T21:04:50.929+0000] {logging_mixin.py:154} INFO - [2024-05-11T21:04:50.929+0000] {dag.py:2941} INFO - Sync 1 DAGs
[2024-05-11T21:04:50.949+0000] {logging_mixin.py:154} INFO - [2024-05-11T21:04:50.949+0000] {dag.py:3722} INFO - Setting next_dagrun for example_sla_dag to 2024-05-11T21:02:00+00:00, run_after=2024-05-11T21:04:00+00:00
[2024-05-11T21:04:50.966+0000] {processor.py:179} INFO - Processing /home/airflow/.local/lib/python3.8/site-packages/airflow/example_dags/example_sla_dag.py took 0.065 seconds
[2024-05-11T21:05:42.671+0000] {processor.py:157} INFO - Started process (PID=50) to work on /home/airflow/.local/lib/python3.8/site-packages/airflow/example_dags/example_sla_dag.py
[2024-05-11T21:05:42.673+0000] {processor.py:829} INFO - Processing file /home/airflow/.local/lib/python3.8/site-packages/airflow/example_dags/example_sla_dag.py for tasks to queue
[2024-05-11T21:05:42.677+0000] {logging_mixin.py:154} INFO - [2024-05-11T21:05:42.676+0000] {dagbag.py:536} INFO - Filling up the DagBag from /home/airflow/.local/lib/python3.8/site-packages/airflow/example_dags/example_sla_dag.py
[2024-05-11T21:05:42.689+0000] {processor.py:839} INFO - DAG(s) dict_keys(['example_sla_dag']) retrieved from /home/airflow/.local/lib/python3.8/site-packages/airflow/example_dags/example_sla_dag.py
[2024-05-11T21:05:42.726+0000] {logging_mixin.py:154} INFO - [2024-05-11T21:05:42.726+0000] {dag.py:2941} INFO - Sync 1 DAGs
[2024-05-11T21:05:42.760+0000] {logging_mixin.py:154} INFO - [2024-05-11T21:05:42.760+0000] {dag.py:3722} INFO - Setting next_dagrun for example_sla_dag to 2024-05-11T21:02:00+00:00, run_after=2024-05-11T21:04:00+00:00
[2024-05-11T21:05:42.785+0000] {processor.py:179} INFO - Processing /home/airflow/.local/lib/python3.8/site-packages/airflow/example_dags/example_sla_dag.py took 0.118 seconds
[2024-05-11T21:06:13.739+0000] {processor.py:157} INFO - Started process (PID=105) to work on /home/airflow/.local/lib/python3.8/site-packages/airflow/example_dags/example_sla_dag.py
[2024-05-11T21:06:13.740+0000] {processor.py:829} INFO - Processing file /home/airflow/.local/lib/python3.8/site-packages/airflow/example_dags/example_sla_dag.py for tasks to queue
[2024-05-11T21:06:13.742+0000] {logging_mixin.py:154} INFO - [2024-05-11T21:06:13.742+0000] {dagbag.py:536} INFO - Filling up the DagBag from /home/airflow/.local/lib/python3.8/site-packages/airflow/example_dags/example_sla_dag.py
[2024-05-11T21:06:13.750+0000] {processor.py:839} INFO - DAG(s) dict_keys(['example_sla_dag']) retrieved from /home/airflow/.local/lib/python3.8/site-packages/airflow/example_dags/example_sla_dag.py
[2024-05-11T21:06:13.767+0000] {logging_mixin.py:154} INFO - [2024-05-11T21:06:13.767+0000] {dag.py:2941} INFO - Sync 1 DAGs
[2024-05-11T21:06:13.786+0000] {logging_mixin.py:154} INFO - [2024-05-11T21:06:13.786+0000] {dag.py:3722} INFO - Setting next_dagrun for example_sla_dag to 2024-05-11T21:04:00+00:00, run_after=2024-05-11T21:06:00+00:00
[2024-05-11T21:06:13.795+0000] {processor.py:179} INFO - Processing /home/airflow/.local/lib/python3.8/site-packages/airflow/example_dags/example_sla_dag.py took 0.059 seconds
[2024-05-11T21:06:44.125+0000] {processor.py:157} INFO - Started process (PID=160) to work on /home/airflow/.local/lib/python3.8/site-packages/airflow/example_dags/example_sla_dag.py
[2024-05-11T21:06:44.126+0000] {processor.py:829} INFO - Processing file /home/airflow/.local/lib/python3.8/site-packages/airflow/example_dags/example_sla_dag.py for tasks to queue
[2024-05-11T21:06:44.128+0000] {logging_mixin.py:154} INFO - [2024-05-11T21:06:44.128+0000] {dagbag.py:536} INFO - Filling up the DagBag from /home/airflow/.local/lib/python3.8/site-packages/airflow/example_dags/example_sla_dag.py
[2024-05-11T21:06:44.134+0000] {processor.py:839} INFO - DAG(s) dict_keys(['example_sla_dag']) retrieved from /home/airflow/.local/lib/python3.8/site-packages/airflow/example_dags/example_sla_dag.py
[2024-05-11T21:06:44.151+0000] {logging_mixin.py:154} INFO - [2024-05-11T21:06:44.150+0000] {dag.py:2941} INFO - Sync 1 DAGs
[2024-05-11T21:06:44.165+0000] {logging_mixin.py:154} INFO - [2024-05-11T21:06:44.165+0000] {dag.py:3722} INFO - Setting next_dagrun for example_sla_dag to 2024-05-11T21:04:00+00:00, run_after=2024-05-11T21:06:00+00:00
[2024-05-11T21:06:44.177+0000] {processor.py:179} INFO - Processing /home/airflow/.local/lib/python3.8/site-packages/airflow/example_dags/example_sla_dag.py took 0.055 seconds
[2024-05-11T21:07:14.341+0000] {processor.py:157} INFO - Started process (PID=215) to work on /home/airflow/.local/lib/python3.8/site-packages/airflow/example_dags/example_sla_dag.py
[2024-05-11T21:07:14.343+0000] {processor.py:829} INFO - Processing file /home/airflow/.local/lib/python3.8/site-packages/airflow/example_dags/example_sla_dag.py for tasks to queue
[2024-05-11T21:07:14.345+0000] {logging_mixin.py:154} INFO - [2024-05-11T21:07:14.345+0000] {dagbag.py:536} INFO - Filling up the DagBag from /home/airflow/.local/lib/python3.8/site-packages/airflow/example_dags/example_sla_dag.py
[2024-05-11T21:07:14.352+0000] {processor.py:839} INFO - DAG(s) dict_keys(['example_sla_dag']) retrieved from /home/airflow/.local/lib/python3.8/site-packages/airflow/example_dags/example_sla_dag.py
[2024-05-11T21:07:14.367+0000] {logging_mixin.py:154} INFO - [2024-05-11T21:07:14.367+0000] {dag.py:2941} INFO - Sync 1 DAGs
[2024-05-11T21:07:14.381+0000] {logging_mixin.py:154} INFO - [2024-05-11T21:07:14.381+0000] {dag.py:3722} INFO - Setting next_dagrun for example_sla_dag to 2024-05-11T21:04:00+00:00, run_after=2024-05-11T21:06:00+00:00
[2024-05-11T21:07:14.390+0000] {processor.py:179} INFO - Processing /home/airflow/.local/lib/python3.8/site-packages/airflow/example_dags/example_sla_dag.py took 0.051 seconds
[2024-05-11T21:07:44.570+0000] {processor.py:157} INFO - Started process (PID=274) to work on /home/airflow/.local/lib/python3.8/site-packages/airflow/example_dags/example_sla_dag.py
[2024-05-11T21:07:44.571+0000] {processor.py:829} INFO - Processing file /home/airflow/.local/lib/python3.8/site-packages/airflow/example_dags/example_sla_dag.py for tasks to queue
[2024-05-11T21:07:44.573+0000] {logging_mixin.py:154} INFO - [2024-05-11T21:07:44.572+0000] {dagbag.py:536} INFO - Filling up the DagBag from /home/airflow/.local/lib/python3.8/site-packages/airflow/example_dags/example_sla_dag.py
[2024-05-11T21:07:44.579+0000] {processor.py:839} INFO - DAG(s) dict_keys(['example_sla_dag']) retrieved from /home/airflow/.local/lib/python3.8/site-packages/airflow/example_dags/example_sla_dag.py
[2024-05-11T21:07:44.594+0000] {logging_mixin.py:154} INFO - [2024-05-11T21:07:44.594+0000] {dag.py:2941} INFO - Sync 1 DAGs
[2024-05-11T21:07:44.608+0000] {logging_mixin.py:154} INFO - [2024-05-11T21:07:44.608+0000] {dag.py:3722} INFO - Setting next_dagrun for example_sla_dag to 2024-05-11T21:04:00+00:00, run_after=2024-05-11T21:06:00+00:00
[2024-05-11T21:07:44.618+0000] {processor.py:179} INFO - Processing /home/airflow/.local/lib/python3.8/site-packages/airflow/example_dags/example_sla_dag.py took 0.051 seconds
[2024-05-11T21:08:14.901+0000] {processor.py:157} INFO - Started process (PID=329) to work on /home/airflow/.local/lib/python3.8/site-packages/airflow/example_dags/example_sla_dag.py
[2024-05-11T21:08:14.902+0000] {processor.py:829} INFO - Processing file /home/airflow/.local/lib/python3.8/site-packages/airflow/example_dags/example_sla_dag.py for tasks to queue
[2024-05-11T21:08:14.904+0000] {logging_mixin.py:154} INFO - [2024-05-11T21:08:14.904+0000] {dagbag.py:536} INFO - Filling up the DagBag from /home/airflow/.local/lib/python3.8/site-packages/airflow/example_dags/example_sla_dag.py
[2024-05-11T21:08:14.910+0000] {processor.py:839} INFO - DAG(s) dict_keys(['example_sla_dag']) retrieved from /home/airflow/.local/lib/python3.8/site-packages/airflow/example_dags/example_sla_dag.py
[2024-05-11T21:08:14.925+0000] {logging_mixin.py:154} INFO - [2024-05-11T21:08:14.925+0000] {dag.py:2941} INFO - Sync 1 DAGs
[2024-05-11T21:08:14.939+0000] {logging_mixin.py:154} INFO - [2024-05-11T21:08:14.938+0000] {dag.py:3722} INFO - Setting next_dagrun for example_sla_dag to 2024-05-11T21:06:00+00:00, run_after=2024-05-11T21:08:00+00:00
[2024-05-11T21:08:14.948+0000] {processor.py:179} INFO - Processing /home/airflow/.local/lib/python3.8/site-packages/airflow/example_dags/example_sla_dag.py took 0.050 seconds
[2024-05-11T21:08:45.097+0000] {processor.py:157} INFO - Started process (PID=384) to work on /home/airflow/.local/lib/python3.8/site-packages/airflow/example_dags/example_sla_dag.py
[2024-05-11T21:08:45.098+0000] {processor.py:829} INFO - Processing file /home/airflow/.local/lib/python3.8/site-packages/airflow/example_dags/example_sla_dag.py for tasks to queue
[2024-05-11T21:08:45.100+0000] {logging_mixin.py:154} INFO - [2024-05-11T21:08:45.100+0000] {dagbag.py:536} INFO - Filling up the DagBag from /home/airflow/.local/lib/python3.8/site-packages/airflow/example_dags/example_sla_dag.py
[2024-05-11T21:08:45.106+0000] {processor.py:839} INFO - DAG(s) dict_keys(['example_sla_dag']) retrieved from /home/airflow/.local/lib/python3.8/site-packages/airflow/example_dags/example_sla_dag.py
[2024-05-11T21:08:45.121+0000] {logging_mixin.py:154} INFO - [2024-05-11T21:08:45.121+0000] {dag.py:2941} INFO - Sync 1 DAGs
[2024-05-11T21:08:45.135+0000] {logging_mixin.py:154} INFO - [2024-05-11T21:08:45.135+0000] {dag.py:3722} INFO - Setting next_dagrun for example_sla_dag to 2024-05-11T21:06:00+00:00, run_after=2024-05-11T21:08:00+00:00
[2024-05-11T21:08:45.145+0000] {processor.py:179} INFO - Processing /home/airflow/.local/lib/python3.8/site-packages/airflow/example_dags/example_sla_dag.py took 0.050 seconds
[2024-05-11T21:09:15.599+0000] {processor.py:157} INFO - Started process (PID=438) to work on /home/airflow/.local/lib/python3.8/site-packages/airflow/example_dags/example_sla_dag.py
[2024-05-11T21:09:15.601+0000] {processor.py:829} INFO - Processing file /home/airflow/.local/lib/python3.8/site-packages/airflow/example_dags/example_sla_dag.py for tasks to queue
[2024-05-11T21:09:15.603+0000] {logging_mixin.py:154} INFO - [2024-05-11T21:09:15.603+0000] {dagbag.py:536} INFO - Filling up the DagBag from /home/airflow/.local/lib/python3.8/site-packages/airflow/example_dags/example_sla_dag.py
[2024-05-11T21:09:15.612+0000] {processor.py:839} INFO - DAG(s) dict_keys(['example_sla_dag']) retrieved from /home/airflow/.local/lib/python3.8/site-packages/airflow/example_dags/example_sla_dag.py
[2024-05-11T21:09:15.632+0000] {logging_mixin.py:154} INFO - [2024-05-11T21:09:15.632+0000] {dag.py:2941} INFO - Sync 1 DAGs
[2024-05-11T21:09:15.647+0000] {logging_mixin.py:154} INFO - [2024-05-11T21:09:15.647+0000] {dag.py:3722} INFO - Setting next_dagrun for example_sla_dag to 2024-05-11T21:06:00+00:00, run_after=2024-05-11T21:08:00+00:00
[2024-05-11T21:09:15.656+0000] {processor.py:179} INFO - Processing /home/airflow/.local/lib/python3.8/site-packages/airflow/example_dags/example_sla_dag.py took 0.061 seconds
[2024-05-11T21:09:45.920+0000] {processor.py:157} INFO - Started process (PID=493) to work on /home/airflow/.local/lib/python3.8/site-packages/airflow/example_dags/example_sla_dag.py
[2024-05-11T21:09:45.922+0000] {processor.py:829} INFO - Processing file /home/airflow/.local/lib/python3.8/site-packages/airflow/example_dags/example_sla_dag.py for tasks to queue
[2024-05-11T21:09:45.924+0000] {logging_mixin.py:154} INFO - [2024-05-11T21:09:45.923+0000] {dagbag.py:536} INFO - Filling up the DagBag from /home/airflow/.local/lib/python3.8/site-packages/airflow/example_dags/example_sla_dag.py
[2024-05-11T21:09:45.930+0000] {processor.py:839} INFO - DAG(s) dict_keys(['example_sla_dag']) retrieved from /home/airflow/.local/lib/python3.8/site-packages/airflow/example_dags/example_sla_dag.py
[2024-05-11T21:09:45.946+0000] {logging_mixin.py:154} INFO - [2024-05-11T21:09:45.946+0000] {dag.py:2941} INFO - Sync 1 DAGs
[2024-05-11T21:09:45.960+0000] {logging_mixin.py:154} INFO - [2024-05-11T21:09:45.960+0000] {dag.py:3722} INFO - Setting next_dagrun for example_sla_dag to 2024-05-11T21:06:00+00:00, run_after=2024-05-11T21:08:00+00:00
[2024-05-11T21:09:45.969+0000] {processor.py:179} INFO - Processing /home/airflow/.local/lib/python3.8/site-packages/airflow/example_dags/example_sla_dag.py took 0.051 seconds
[2024-05-11T21:10:16.099+0000] {processor.py:157} INFO - Started process (PID=547) to work on /home/airflow/.local/lib/python3.8/site-packages/airflow/example_dags/example_sla_dag.py
[2024-05-11T21:10:16.100+0000] {processor.py:829} INFO - Processing file /home/airflow/.local/lib/python3.8/site-packages/airflow/example_dags/example_sla_dag.py for tasks to queue
[2024-05-11T21:10:16.102+0000] {logging_mixin.py:154} INFO - [2024-05-11T21:10:16.102+0000] {dagbag.py:536} INFO - Filling up the DagBag from /home/airflow/.local/lib/python3.8/site-packages/airflow/example_dags/example_sla_dag.py
[2024-05-11T21:10:16.108+0000] {processor.py:839} INFO - DAG(s) dict_keys(['example_sla_dag']) retrieved from /home/airflow/.local/lib/python3.8/site-packages/airflow/example_dags/example_sla_dag.py
[2024-05-11T21:10:16.124+0000] {logging_mixin.py:154} INFO - [2024-05-11T21:10:16.124+0000] {dag.py:2941} INFO - Sync 1 DAGs
[2024-05-11T21:10:16.137+0000] {logging_mixin.py:154} INFO - [2024-05-11T21:10:16.137+0000] {dag.py:3722} INFO - Setting next_dagrun for example_sla_dag to 2024-05-11T21:08:00+00:00, run_after=2024-05-11T21:10:00+00:00
[2024-05-11T21:10:16.147+0000] {processor.py:179} INFO - Processing /home/airflow/.local/lib/python3.8/site-packages/airflow/example_dags/example_sla_dag.py took 0.050 seconds
[2024-05-11T21:10:46.405+0000] {processor.py:157} INFO - Started process (PID=602) to work on /home/airflow/.local/lib/python3.8/site-packages/airflow/example_dags/example_sla_dag.py
[2024-05-11T21:10:46.406+0000] {processor.py:829} INFO - Processing file /home/airflow/.local/lib/python3.8/site-packages/airflow/example_dags/example_sla_dag.py for tasks to queue
[2024-05-11T21:10:46.408+0000] {logging_mixin.py:154} INFO - [2024-05-11T21:10:46.408+0000] {dagbag.py:536} INFO - Filling up the DagBag from /home/airflow/.local/lib/python3.8/site-packages/airflow/example_dags/example_sla_dag.py
[2024-05-11T21:10:46.416+0000] {processor.py:839} INFO - DAG(s) dict_keys(['example_sla_dag']) retrieved from /home/airflow/.local/lib/python3.8/site-packages/airflow/example_dags/example_sla_dag.py
[2024-05-11T21:10:46.436+0000] {logging_mixin.py:154} INFO - [2024-05-11T21:10:46.435+0000] {dag.py:2941} INFO - Sync 1 DAGs
[2024-05-11T21:10:46.453+0000] {logging_mixin.py:154} INFO - [2024-05-11T21:10:46.453+0000] {dag.py:3722} INFO - Setting next_dagrun for example_sla_dag to 2024-05-11T21:08:00+00:00, run_after=2024-05-11T21:10:00+00:00
[2024-05-11T21:10:46.465+0000] {processor.py:179} INFO - Processing /home/airflow/.local/lib/python3.8/site-packages/airflow/example_dags/example_sla_dag.py took 0.064 seconds
[2024-05-11T21:11:16.754+0000] {processor.py:157} INFO - Started process (PID=657) to work on /home/airflow/.local/lib/python3.8/site-packages/airflow/example_dags/example_sla_dag.py
[2024-05-11T21:11:16.755+0000] {processor.py:829} INFO - Processing file /home/airflow/.local/lib/python3.8/site-packages/airflow/example_dags/example_sla_dag.py for tasks to queue
[2024-05-11T21:11:16.758+0000] {logging_mixin.py:154} INFO - [2024-05-11T21:11:16.758+0000] {dagbag.py:536} INFO - Filling up the DagBag from /home/airflow/.local/lib/python3.8/site-packages/airflow/example_dags/example_sla_dag.py
[2024-05-11T21:11:16.764+0000] {processor.py:839} INFO - DAG(s) dict_keys(['example_sla_dag']) retrieved from /home/airflow/.local/lib/python3.8/site-packages/airflow/example_dags/example_sla_dag.py
[2024-05-11T21:11:16.780+0000] {logging_mixin.py:154} INFO - [2024-05-11T21:11:16.780+0000] {dag.py:2941} INFO - Sync 1 DAGs
[2024-05-11T21:11:16.794+0000] {logging_mixin.py:154} INFO - [2024-05-11T21:11:16.794+0000] {dag.py:3722} INFO - Setting next_dagrun for example_sla_dag to 2024-05-11T21:08:00+00:00, run_after=2024-05-11T21:10:00+00:00
[2024-05-11T21:11:16.804+0000] {processor.py:179} INFO - Processing /home/airflow/.local/lib/python3.8/site-packages/airflow/example_dags/example_sla_dag.py took 0.053 seconds
[2024-05-11T21:11:47.065+0000] {processor.py:157} INFO - Started process (PID=712) to work on /home/airflow/.local/lib/python3.8/site-packages/airflow/example_dags/example_sla_dag.py
[2024-05-11T21:11:47.067+0000] {processor.py:829} INFO - Processing file /home/airflow/.local/lib/python3.8/site-packages/airflow/example_dags/example_sla_dag.py for tasks to queue
[2024-05-11T21:11:47.069+0000] {logging_mixin.py:154} INFO - [2024-05-11T21:11:47.068+0000] {dagbag.py:536} INFO - Filling up the DagBag from /home/airflow/.local/lib/python3.8/site-packages/airflow/example_dags/example_sla_dag.py
[2024-05-11T21:11:47.075+0000] {processor.py:839} INFO - DAG(s) dict_keys(['example_sla_dag']) retrieved from /home/airflow/.local/lib/python3.8/site-packages/airflow/example_dags/example_sla_dag.py
[2024-05-11T21:11:47.092+0000] {logging_mixin.py:154} INFO - [2024-05-11T21:11:47.092+0000] {dag.py:2941} INFO - Sync 1 DAGs
[2024-05-11T21:11:47.106+0000] {logging_mixin.py:154} INFO - [2024-05-11T21:11:47.106+0000] {dag.py:3722} INFO - Setting next_dagrun for example_sla_dag to 2024-05-11T21:08:00+00:00, run_after=2024-05-11T21:10:00+00:00
[2024-05-11T21:11:47.119+0000] {processor.py:179} INFO - Processing /home/airflow/.local/lib/python3.8/site-packages/airflow/example_dags/example_sla_dag.py took 0.056 seconds
[2024-05-11T21:12:17.340+0000] {processor.py:157} INFO - Started process (PID=768) to work on /home/airflow/.local/lib/python3.8/site-packages/airflow/example_dags/example_sla_dag.py
[2024-05-11T21:12:17.342+0000] {processor.py:829} INFO - Processing file /home/airflow/.local/lib/python3.8/site-packages/airflow/example_dags/example_sla_dag.py for tasks to queue
[2024-05-11T21:12:17.343+0000] {logging_mixin.py:154} INFO - [2024-05-11T21:12:17.343+0000] {dagbag.py:536} INFO - Filling up the DagBag from /home/airflow/.local/lib/python3.8/site-packages/airflow/example_dags/example_sla_dag.py
[2024-05-11T21:12:17.349+0000] {processor.py:839} INFO - DAG(s) dict_keys(['example_sla_dag']) retrieved from /home/airflow/.local/lib/python3.8/site-packages/airflow/example_dags/example_sla_dag.py
[2024-05-11T21:12:17.364+0000] {logging_mixin.py:154} INFO - [2024-05-11T21:12:17.364+0000] {dag.py:2941} INFO - Sync 1 DAGs
[2024-05-11T21:12:17.378+0000] {logging_mixin.py:154} INFO - [2024-05-11T21:12:17.378+0000] {dag.py:3722} INFO - Setting next_dagrun for example_sla_dag to 2024-05-11T21:10:00+00:00, run_after=2024-05-11T21:12:00+00:00
[2024-05-11T21:12:17.387+0000] {processor.py:179} INFO - Processing /home/airflow/.local/lib/python3.8/site-packages/airflow/example_dags/example_sla_dag.py took 0.049 seconds
[2024-05-11T21:12:47.739+0000] {processor.py:157} INFO - Started process (PID=823) to work on /home/airflow/.local/lib/python3.8/site-packages/airflow/example_dags/example_sla_dag.py
[2024-05-11T21:12:47.741+0000] {processor.py:829} INFO - Processing file /home/airflow/.local/lib/python3.8/site-packages/airflow/example_dags/example_sla_dag.py for tasks to queue
[2024-05-11T21:12:47.743+0000] {logging_mixin.py:154} INFO - [2024-05-11T21:12:47.743+0000] {dagbag.py:536} INFO - Filling up the DagBag from /home/airflow/.local/lib/python3.8/site-packages/airflow/example_dags/example_sla_dag.py
[2024-05-11T21:12:47.750+0000] {processor.py:839} INFO - DAG(s) dict_keys(['example_sla_dag']) retrieved from /home/airflow/.local/lib/python3.8/site-packages/airflow/example_dags/example_sla_dag.py
[2024-05-11T21:12:47.766+0000] {logging_mixin.py:154} INFO - [2024-05-11T21:12:47.766+0000] {dag.py:2941} INFO - Sync 1 DAGs
[2024-05-11T21:12:47.781+0000] {logging_mixin.py:154} INFO - [2024-05-11T21:12:47.781+0000] {dag.py:3722} INFO - Setting next_dagrun for example_sla_dag to 2024-05-11T21:10:00+00:00, run_after=2024-05-11T21:12:00+00:00
[2024-05-11T21:12:47.791+0000] {processor.py:179} INFO - Processing /home/airflow/.local/lib/python3.8/site-packages/airflow/example_dags/example_sla_dag.py took 0.055 seconds
[2024-05-11T21:13:18.080+0000] {processor.py:157} INFO - Started process (PID=878) to work on /home/airflow/.local/lib/python3.8/site-packages/airflow/example_dags/example_sla_dag.py
[2024-05-11T21:13:18.083+0000] {processor.py:829} INFO - Processing file /home/airflow/.local/lib/python3.8/site-packages/airflow/example_dags/example_sla_dag.py for tasks to queue
[2024-05-11T21:13:18.085+0000] {logging_mixin.py:154} INFO - [2024-05-11T21:13:18.085+0000] {dagbag.py:536} INFO - Filling up the DagBag from /home/airflow/.local/lib/python3.8/site-packages/airflow/example_dags/example_sla_dag.py
[2024-05-11T21:13:18.092+0000] {processor.py:839} INFO - DAG(s) dict_keys(['example_sla_dag']) retrieved from /home/airflow/.local/lib/python3.8/site-packages/airflow/example_dags/example_sla_dag.py
[2024-05-11T21:13:18.108+0000] {logging_mixin.py:154} INFO - [2024-05-11T21:13:18.108+0000] {dag.py:2941} INFO - Sync 1 DAGs
[2024-05-11T21:13:18.122+0000] {logging_mixin.py:154} INFO - [2024-05-11T21:13:18.122+0000] {dag.py:3722} INFO - Setting next_dagrun for example_sla_dag to 2024-05-11T21:10:00+00:00, run_after=2024-05-11T21:12:00+00:00
[2024-05-11T21:13:18.132+0000] {processor.py:179} INFO - Processing /home/airflow/.local/lib/python3.8/site-packages/airflow/example_dags/example_sla_dag.py took 0.055 seconds
[2024-05-11T21:13:48.207+0000] {processor.py:157} INFO - Started process (PID=933) to work on /home/airflow/.local/lib/python3.8/site-packages/airflow/example_dags/example_sla_dag.py
[2024-05-11T21:13:48.208+0000] {processor.py:829} INFO - Processing file /home/airflow/.local/lib/python3.8/site-packages/airflow/example_dags/example_sla_dag.py for tasks to queue
[2024-05-11T21:13:48.210+0000] {logging_mixin.py:154} INFO - [2024-05-11T21:13:48.210+0000] {dagbag.py:536} INFO - Filling up the DagBag from /home/airflow/.local/lib/python3.8/site-packages/airflow/example_dags/example_sla_dag.py
[2024-05-11T21:13:48.216+0000] {processor.py:839} INFO - DAG(s) dict_keys(['example_sla_dag']) retrieved from /home/airflow/.local/lib/python3.8/site-packages/airflow/example_dags/example_sla_dag.py
[2024-05-11T21:13:48.233+0000] {logging_mixin.py:154} INFO - [2024-05-11T21:13:48.233+0000] {dag.py:2941} INFO - Sync 1 DAGs
[2024-05-11T21:13:48.247+0000] {logging_mixin.py:154} INFO - [2024-05-11T21:13:48.247+0000] {dag.py:3722} INFO - Setting next_dagrun for example_sla_dag to 2024-05-11T21:10:00+00:00, run_after=2024-05-11T21:12:00+00:00
[2024-05-11T21:13:48.257+0000] {processor.py:179} INFO - Processing /home/airflow/.local/lib/python3.8/site-packages/airflow/example_dags/example_sla_dag.py took 0.053 seconds
[2024-05-11T21:14:18.465+0000] {processor.py:157} INFO - Started process (PID=988) to work on /home/airflow/.local/lib/python3.8/site-packages/airflow/example_dags/example_sla_dag.py
[2024-05-11T21:14:18.467+0000] {processor.py:829} INFO - Processing file /home/airflow/.local/lib/python3.8/site-packages/airflow/example_dags/example_sla_dag.py for tasks to queue
[2024-05-11T21:14:18.469+0000] {logging_mixin.py:154} INFO - [2024-05-11T21:14:18.468+0000] {dagbag.py:536} INFO - Filling up the DagBag from /home/airflow/.local/lib/python3.8/site-packages/airflow/example_dags/example_sla_dag.py
[2024-05-11T21:14:18.475+0000] {processor.py:839} INFO - DAG(s) dict_keys(['example_sla_dag']) retrieved from /home/airflow/.local/lib/python3.8/site-packages/airflow/example_dags/example_sla_dag.py
[2024-05-11T21:14:18.491+0000] {logging_mixin.py:154} INFO - [2024-05-11T21:14:18.490+0000] {dag.py:2941} INFO - Sync 1 DAGs
[2024-05-11T21:14:18.504+0000] {logging_mixin.py:154} INFO - [2024-05-11T21:14:18.504+0000] {dag.py:3722} INFO - Setting next_dagrun for example_sla_dag to 2024-05-11T21:12:00+00:00, run_after=2024-05-11T21:14:00+00:00
[2024-05-11T21:14:18.513+0000] {processor.py:179} INFO - Processing /home/airflow/.local/lib/python3.8/site-packages/airflow/example_dags/example_sla_dag.py took 0.050 seconds
[2024-05-11T21:14:48.733+0000] {processor.py:157} INFO - Started process (PID=1044) to work on /home/airflow/.local/lib/python3.8/site-packages/airflow/example_dags/example_sla_dag.py
[2024-05-11T21:14:48.734+0000] {processor.py:829} INFO - Processing file /home/airflow/.local/lib/python3.8/site-packages/airflow/example_dags/example_sla_dag.py for tasks to queue
[2024-05-11T21:14:48.736+0000] {logging_mixin.py:154} INFO - [2024-05-11T21:14:48.736+0000] {dagbag.py:536} INFO - Filling up the DagBag from /home/airflow/.local/lib/python3.8/site-packages/airflow/example_dags/example_sla_dag.py
[2024-05-11T21:14:48.743+0000] {processor.py:839} INFO - DAG(s) dict_keys(['example_sla_dag']) retrieved from /home/airflow/.local/lib/python3.8/site-packages/airflow/example_dags/example_sla_dag.py
[2024-05-11T21:14:48.759+0000] {logging_mixin.py:154} INFO - [2024-05-11T21:14:48.759+0000] {dag.py:2941} INFO - Sync 1 DAGs
[2024-05-11T21:14:48.773+0000] {logging_mixin.py:154} INFO - [2024-05-11T21:14:48.773+0000] {dag.py:3722} INFO - Setting next_dagrun for example_sla_dag to 2024-05-11T21:12:00+00:00, run_after=2024-05-11T21:14:00+00:00
[2024-05-11T21:14:48.783+0000] {processor.py:179} INFO - Processing /home/airflow/.local/lib/python3.8/site-packages/airflow/example_dags/example_sla_dag.py took 0.052 seconds
[2024-05-11T21:15:19.418+0000] {processor.py:157} INFO - Started process (PID=1099) to work on /home/airflow/.local/lib/python3.8/site-packages/airflow/example_dags/example_sla_dag.py
[2024-05-11T21:15:19.422+0000] {processor.py:829} INFO - Processing file /home/airflow/.local/lib/python3.8/site-packages/airflow/example_dags/example_sla_dag.py for tasks to queue
[2024-05-11T21:15:19.442+0000] {logging_mixin.py:154} INFO - [2024-05-11T21:15:19.440+0000] {dagbag.py:536} INFO - Filling up the DagBag from /home/airflow/.local/lib/python3.8/site-packages/airflow/example_dags/example_sla_dag.py
[2024-05-11T21:15:19.478+0000] {processor.py:839} INFO - DAG(s) dict_keys(['example_sla_dag']) retrieved from /home/airflow/.local/lib/python3.8/site-packages/airflow/example_dags/example_sla_dag.py
[2024-05-11T21:15:19.551+0000] {logging_mixin.py:154} INFO - [2024-05-11T21:15:19.550+0000] {dag.py:2941} INFO - Sync 1 DAGs
[2024-05-11T21:15:19.603+0000] {logging_mixin.py:154} INFO - [2024-05-11T21:15:19.603+0000] {dag.py:3722} INFO - Setting next_dagrun for example_sla_dag to 2024-05-11T21:12:00+00:00, run_after=2024-05-11T21:14:00+00:00
[2024-05-11T21:15:19.653+0000] {processor.py:179} INFO - Processing /home/airflow/.local/lib/python3.8/site-packages/airflow/example_dags/example_sla_dag.py took 0.244 seconds
[2024-05-11T21:16:31.991+0000] {processor.py:157} INFO - Started process (PID=50) to work on /home/airflow/.local/lib/python3.8/site-packages/airflow/example_dags/example_sla_dag.py
[2024-05-11T21:16:31.995+0000] {processor.py:829} INFO - Processing file /home/airflow/.local/lib/python3.8/site-packages/airflow/example_dags/example_sla_dag.py for tasks to queue
[2024-05-11T21:16:32.002+0000] {logging_mixin.py:154} INFO - [2024-05-11T21:16:32.001+0000] {dagbag.py:536} INFO - Filling up the DagBag from /home/airflow/.local/lib/python3.8/site-packages/airflow/example_dags/example_sla_dag.py
[2024-05-11T21:16:32.023+0000] {processor.py:839} INFO - DAG(s) dict_keys(['example_sla_dag']) retrieved from /home/airflow/.local/lib/python3.8/site-packages/airflow/example_dags/example_sla_dag.py
[2024-05-11T21:16:32.056+0000] {logging_mixin.py:154} INFO - [2024-05-11T21:16:32.056+0000] {dag.py:2941} INFO - Sync 1 DAGs
[2024-05-11T21:16:32.114+0000] {logging_mixin.py:154} INFO - [2024-05-11T21:16:32.113+0000] {dag.py:3722} INFO - Setting next_dagrun for example_sla_dag to 2024-05-11T21:14:00+00:00, run_after=2024-05-11T21:16:00+00:00
[2024-05-11T21:16:32.130+0000] {processor.py:179} INFO - Processing /home/airflow/.local/lib/python3.8/site-packages/airflow/example_dags/example_sla_dag.py took 0.146 seconds
[2024-05-11T21:17:02.268+0000] {processor.py:157} INFO - Started process (PID=106) to work on /home/airflow/.local/lib/python3.8/site-packages/airflow/example_dags/example_sla_dag.py
[2024-05-11T21:17:02.269+0000] {processor.py:829} INFO - Processing file /home/airflow/.local/lib/python3.8/site-packages/airflow/example_dags/example_sla_dag.py for tasks to queue
[2024-05-11T21:17:02.271+0000] {logging_mixin.py:154} INFO - [2024-05-11T21:17:02.271+0000] {dagbag.py:536} INFO - Filling up the DagBag from /home/airflow/.local/lib/python3.8/site-packages/airflow/example_dags/example_sla_dag.py
[2024-05-11T21:17:02.277+0000] {processor.py:839} INFO - DAG(s) dict_keys(['example_sla_dag']) retrieved from /home/airflow/.local/lib/python3.8/site-packages/airflow/example_dags/example_sla_dag.py
[2024-05-11T21:17:02.292+0000] {logging_mixin.py:154} INFO - [2024-05-11T21:17:02.291+0000] {dag.py:2941} INFO - Sync 1 DAGs
[2024-05-11T21:17:02.305+0000] {logging_mixin.py:154} INFO - [2024-05-11T21:17:02.305+0000] {dag.py:3722} INFO - Setting next_dagrun for example_sla_dag to 2024-05-11T21:14:00+00:00, run_after=2024-05-11T21:16:00+00:00
[2024-05-11T21:17:02.314+0000] {processor.py:179} INFO - Processing /home/airflow/.local/lib/python3.8/site-packages/airflow/example_dags/example_sla_dag.py took 0.048 seconds
[2024-05-11T21:17:32.510+0000] {processor.py:157} INFO - Started process (PID=161) to work on /home/airflow/.local/lib/python3.8/site-packages/airflow/example_dags/example_sla_dag.py
[2024-05-11T21:17:32.510+0000] {processor.py:829} INFO - Processing file /home/airflow/.local/lib/python3.8/site-packages/airflow/example_dags/example_sla_dag.py for tasks to queue
[2024-05-11T21:17:32.512+0000] {logging_mixin.py:154} INFO - [2024-05-11T21:17:32.512+0000] {dagbag.py:536} INFO - Filling up the DagBag from /home/airflow/.local/lib/python3.8/site-packages/airflow/example_dags/example_sla_dag.py
[2024-05-11T21:17:32.518+0000] {processor.py:839} INFO - DAG(s) dict_keys(['example_sla_dag']) retrieved from /home/airflow/.local/lib/python3.8/site-packages/airflow/example_dags/example_sla_dag.py
[2024-05-11T21:17:32.534+0000] {logging_mixin.py:154} INFO - [2024-05-11T21:17:32.534+0000] {dag.py:2941} INFO - Sync 1 DAGs
[2024-05-11T21:17:32.550+0000] {logging_mixin.py:154} INFO - [2024-05-11T21:17:32.550+0000] {dag.py:3722} INFO - Setting next_dagrun for example_sla_dag to 2024-05-11T21:14:00+00:00, run_after=2024-05-11T21:16:00+00:00
[2024-05-11T21:17:32.560+0000] {processor.py:179} INFO - Processing /home/airflow/.local/lib/python3.8/site-packages/airflow/example_dags/example_sla_dag.py took 0.053 seconds
[2024-05-11T21:18:02.960+0000] {processor.py:157} INFO - Started process (PID=217) to work on /home/airflow/.local/lib/python3.8/site-packages/airflow/example_dags/example_sla_dag.py
[2024-05-11T21:18:02.962+0000] {processor.py:829} INFO - Processing file /home/airflow/.local/lib/python3.8/site-packages/airflow/example_dags/example_sla_dag.py for tasks to queue
[2024-05-11T21:18:02.965+0000] {logging_mixin.py:154} INFO - [2024-05-11T21:18:02.965+0000] {dagbag.py:536} INFO - Filling up the DagBag from /home/airflow/.local/lib/python3.8/site-packages/airflow/example_dags/example_sla_dag.py
[2024-05-11T21:18:02.972+0000] {processor.py:839} INFO - DAG(s) dict_keys(['example_sla_dag']) retrieved from /home/airflow/.local/lib/python3.8/site-packages/airflow/example_dags/example_sla_dag.py
[2024-05-11T21:18:02.990+0000] {logging_mixin.py:154} INFO - [2024-05-11T21:18:02.989+0000] {dag.py:2941} INFO - Sync 1 DAGs
[2024-05-11T21:18:03.006+0000] {logging_mixin.py:154} INFO - [2024-05-11T21:18:03.006+0000] {dag.py:3722} INFO - Setting next_dagrun for example_sla_dag to 2024-05-11T21:16:00+00:00, run_after=2024-05-11T21:18:00+00:00
[2024-05-11T21:18:03.018+0000] {processor.py:179} INFO - Processing /home/airflow/.local/lib/python3.8/site-packages/airflow/example_dags/example_sla_dag.py took 0.061 seconds
[2024-05-11T21:18:33.131+0000] {processor.py:157} INFO - Started process (PID=272) to work on /home/airflow/.local/lib/python3.8/site-packages/airflow/example_dags/example_sla_dag.py
[2024-05-11T21:18:33.133+0000] {processor.py:829} INFO - Processing file /home/airflow/.local/lib/python3.8/site-packages/airflow/example_dags/example_sla_dag.py for tasks to queue
[2024-05-11T21:18:33.134+0000] {logging_mixin.py:154} INFO - [2024-05-11T21:18:33.134+0000] {dagbag.py:536} INFO - Filling up the DagBag from /home/airflow/.local/lib/python3.8/site-packages/airflow/example_dags/example_sla_dag.py
[2024-05-11T21:18:33.140+0000] {processor.py:839} INFO - DAG(s) dict_keys(['example_sla_dag']) retrieved from /home/airflow/.local/lib/python3.8/site-packages/airflow/example_dags/example_sla_dag.py
[2024-05-11T21:18:33.156+0000] {logging_mixin.py:154} INFO - [2024-05-11T21:18:33.155+0000] {dag.py:2941} INFO - Sync 1 DAGs
[2024-05-11T21:18:33.172+0000] {logging_mixin.py:154} INFO - [2024-05-11T21:18:33.171+0000] {dag.py:3722} INFO - Setting next_dagrun for example_sla_dag to 2024-05-11T21:16:00+00:00, run_after=2024-05-11T21:18:00+00:00
[2024-05-11T21:18:33.183+0000] {processor.py:179} INFO - Processing /home/airflow/.local/lib/python3.8/site-packages/airflow/example_dags/example_sla_dag.py took 0.054 seconds
[2024-05-11T21:19:03.391+0000] {processor.py:157} INFO - Started process (PID=327) to work on /home/airflow/.local/lib/python3.8/site-packages/airflow/example_dags/example_sla_dag.py
[2024-05-11T21:19:03.393+0000] {processor.py:829} INFO - Processing file /home/airflow/.local/lib/python3.8/site-packages/airflow/example_dags/example_sla_dag.py for tasks to queue
[2024-05-11T21:19:03.395+0000] {logging_mixin.py:154} INFO - [2024-05-11T21:19:03.394+0000] {dagbag.py:536} INFO - Filling up the DagBag from /home/airflow/.local/lib/python3.8/site-packages/airflow/example_dags/example_sla_dag.py
[2024-05-11T21:19:03.401+0000] {processor.py:839} INFO - DAG(s) dict_keys(['example_sla_dag']) retrieved from /home/airflow/.local/lib/python3.8/site-packages/airflow/example_dags/example_sla_dag.py
[2024-05-11T21:19:03.417+0000] {logging_mixin.py:154} INFO - [2024-05-11T21:19:03.417+0000] {dag.py:2941} INFO - Sync 1 DAGs
[2024-05-11T21:19:03.432+0000] {logging_mixin.py:154} INFO - [2024-05-11T21:19:03.432+0000] {dag.py:3722} INFO - Setting next_dagrun for example_sla_dag to 2024-05-11T21:16:00+00:00, run_after=2024-05-11T21:18:00+00:00
[2024-05-11T21:19:03.443+0000] {processor.py:179} INFO - Processing /home/airflow/.local/lib/python3.8/site-packages/airflow/example_dags/example_sla_dag.py took 0.055 seconds
[2024-05-11T21:19:33.786+0000] {processor.py:157} INFO - Started process (PID=382) to work on /home/airflow/.local/lib/python3.8/site-packages/airflow/example_dags/example_sla_dag.py
[2024-05-11T21:19:33.787+0000] {processor.py:829} INFO - Processing file /home/airflow/.local/lib/python3.8/site-packages/airflow/example_dags/example_sla_dag.py for tasks to queue
[2024-05-11T21:19:33.789+0000] {logging_mixin.py:154} INFO - [2024-05-11T21:19:33.788+0000] {dagbag.py:536} INFO - Filling up the DagBag from /home/airflow/.local/lib/python3.8/site-packages/airflow/example_dags/example_sla_dag.py
[2024-05-11T21:19:33.794+0000] {processor.py:839} INFO - DAG(s) dict_keys(['example_sla_dag']) retrieved from /home/airflow/.local/lib/python3.8/site-packages/airflow/example_dags/example_sla_dag.py
[2024-05-11T21:19:33.810+0000] {logging_mixin.py:154} INFO - [2024-05-11T21:19:33.810+0000] {dag.py:2941} INFO - Sync 1 DAGs
[2024-05-11T21:19:33.824+0000] {logging_mixin.py:154} INFO - [2024-05-11T21:19:33.824+0000] {dag.py:3722} INFO - Setting next_dagrun for example_sla_dag to 2024-05-11T21:16:00+00:00, run_after=2024-05-11T21:18:00+00:00
[2024-05-11T21:19:33.835+0000] {processor.py:179} INFO - Processing /home/airflow/.local/lib/python3.8/site-packages/airflow/example_dags/example_sla_dag.py took 0.052 seconds
[2024-05-11T21:20:04.169+0000] {processor.py:157} INFO - Started process (PID=437) to work on /home/airflow/.local/lib/python3.8/site-packages/airflow/example_dags/example_sla_dag.py
[2024-05-11T21:20:04.170+0000] {processor.py:829} INFO - Processing file /home/airflow/.local/lib/python3.8/site-packages/airflow/example_dags/example_sla_dag.py for tasks to queue
[2024-05-11T21:20:04.172+0000] {logging_mixin.py:154} INFO - [2024-05-11T21:20:04.172+0000] {dagbag.py:536} INFO - Filling up the DagBag from /home/airflow/.local/lib/python3.8/site-packages/airflow/example_dags/example_sla_dag.py
[2024-05-11T21:20:04.178+0000] {processor.py:839} INFO - DAG(s) dict_keys(['example_sla_dag']) retrieved from /home/airflow/.local/lib/python3.8/site-packages/airflow/example_dags/example_sla_dag.py
[2024-05-11T21:20:04.193+0000] {logging_mixin.py:154} INFO - [2024-05-11T21:20:04.193+0000] {dag.py:2941} INFO - Sync 1 DAGs
[2024-05-11T21:20:04.208+0000] {logging_mixin.py:154} INFO - [2024-05-11T21:20:04.208+0000] {dag.py:3722} INFO - Setting next_dagrun for example_sla_dag to 2024-05-11T21:18:00+00:00, run_after=2024-05-11T21:20:00+00:00
[2024-05-11T21:20:04.219+0000] {processor.py:179} INFO - Processing /home/airflow/.local/lib/python3.8/site-packages/airflow/example_dags/example_sla_dag.py took 0.052 seconds
[2024-05-11T21:20:34.362+0000] {processor.py:157} INFO - Started process (PID=492) to work on /home/airflow/.local/lib/python3.8/site-packages/airflow/example_dags/example_sla_dag.py
[2024-05-11T21:20:34.364+0000] {processor.py:829} INFO - Processing file /home/airflow/.local/lib/python3.8/site-packages/airflow/example_dags/example_sla_dag.py for tasks to queue
[2024-05-11T21:20:34.366+0000] {logging_mixin.py:154} INFO - [2024-05-11T21:20:34.365+0000] {dagbag.py:536} INFO - Filling up the DagBag from /home/airflow/.local/lib/python3.8/site-packages/airflow/example_dags/example_sla_dag.py
[2024-05-11T21:20:34.371+0000] {processor.py:839} INFO - DAG(s) dict_keys(['example_sla_dag']) retrieved from /home/airflow/.local/lib/python3.8/site-packages/airflow/example_dags/example_sla_dag.py
[2024-05-11T21:20:34.387+0000] {logging_mixin.py:154} INFO - [2024-05-11T21:20:34.387+0000] {dag.py:2941} INFO - Sync 1 DAGs
[2024-05-11T21:20:34.402+0000] {logging_mixin.py:154} INFO - [2024-05-11T21:20:34.402+0000] {dag.py:3722} INFO - Setting next_dagrun for example_sla_dag to 2024-05-11T21:18:00+00:00, run_after=2024-05-11T21:20:00+00:00
[2024-05-11T21:20:34.415+0000] {processor.py:179} INFO - Processing /home/airflow/.local/lib/python3.8/site-packages/airflow/example_dags/example_sla_dag.py took 0.055 seconds
[2024-05-11T21:21:04.526+0000] {processor.py:157} INFO - Started process (PID=547) to work on /home/airflow/.local/lib/python3.8/site-packages/airflow/example_dags/example_sla_dag.py
[2024-05-11T21:21:04.528+0000] {processor.py:829} INFO - Processing file /home/airflow/.local/lib/python3.8/site-packages/airflow/example_dags/example_sla_dag.py for tasks to queue
[2024-05-11T21:21:04.530+0000] {logging_mixin.py:154} INFO - [2024-05-11T21:21:04.530+0000] {dagbag.py:536} INFO - Filling up the DagBag from /home/airflow/.local/lib/python3.8/site-packages/airflow/example_dags/example_sla_dag.py
[2024-05-11T21:21:04.536+0000] {processor.py:839} INFO - DAG(s) dict_keys(['example_sla_dag']) retrieved from /home/airflow/.local/lib/python3.8/site-packages/airflow/example_dags/example_sla_dag.py
[2024-05-11T21:21:04.553+0000] {logging_mixin.py:154} INFO - [2024-05-11T21:21:04.553+0000] {dag.py:2941} INFO - Sync 1 DAGs
[2024-05-11T21:21:04.568+0000] {logging_mixin.py:154} INFO - [2024-05-11T21:21:04.568+0000] {dag.py:3722} INFO - Setting next_dagrun for example_sla_dag to 2024-05-11T21:18:00+00:00, run_after=2024-05-11T21:20:00+00:00
[2024-05-11T21:21:04.579+0000] {processor.py:179} INFO - Processing /home/airflow/.local/lib/python3.8/site-packages/airflow/example_dags/example_sla_dag.py took 0.055 seconds
[2024-05-11T21:21:35.055+0000] {processor.py:157} INFO - Started process (PID=602) to work on /home/airflow/.local/lib/python3.8/site-packages/airflow/example_dags/example_sla_dag.py
[2024-05-11T21:21:35.057+0000] {processor.py:829} INFO - Processing file /home/airflow/.local/lib/python3.8/site-packages/airflow/example_dags/example_sla_dag.py for tasks to queue
[2024-05-11T21:21:35.059+0000] {logging_mixin.py:154} INFO - [2024-05-11T21:21:35.059+0000] {dagbag.py:536} INFO - Filling up the DagBag from /home/airflow/.local/lib/python3.8/site-packages/airflow/example_dags/example_sla_dag.py
[2024-05-11T21:21:35.065+0000] {processor.py:839} INFO - DAG(s) dict_keys(['example_sla_dag']) retrieved from /home/airflow/.local/lib/python3.8/site-packages/airflow/example_dags/example_sla_dag.py
[2024-05-11T21:21:35.082+0000] {logging_mixin.py:154} INFO - [2024-05-11T21:21:35.082+0000] {dag.py:2941} INFO - Sync 1 DAGs
[2024-05-11T21:21:35.096+0000] {logging_mixin.py:154} INFO - [2024-05-11T21:21:35.096+0000] {dag.py:3722} INFO - Setting next_dagrun for example_sla_dag to 2024-05-11T21:18:00+00:00, run_after=2024-05-11T21:20:00+00:00
[2024-05-11T21:21:35.106+0000] {processor.py:179} INFO - Processing /home/airflow/.local/lib/python3.8/site-packages/airflow/example_dags/example_sla_dag.py took 0.054 seconds
[2024-05-11T21:42:09.647+0000] {processor.py:157} INFO - Started process (PID=79) to work on /home/airflow/.local/lib/python3.8/site-packages/airflow/example_dags/example_sla_dag.py
[2024-05-11T21:42:09.650+0000] {processor.py:829} INFO - Processing file /home/airflow/.local/lib/python3.8/site-packages/airflow/example_dags/example_sla_dag.py for tasks to queue
[2024-05-11T21:42:09.653+0000] {logging_mixin.py:154} INFO - [2024-05-11T21:42:09.653+0000] {dagbag.py:536} INFO - Filling up the DagBag from /home/airflow/.local/lib/python3.8/site-packages/airflow/example_dags/example_sla_dag.py
[2024-05-11T21:42:09.665+0000] {processor.py:839} INFO - DAG(s) dict_keys(['example_sla_dag']) retrieved from /home/airflow/.local/lib/python3.8/site-packages/airflow/example_dags/example_sla_dag.py
[2024-05-11T21:42:09.769+0000] {logging_mixin.py:154} INFO - [2024-05-11T21:42:09.769+0000] {manager.py:499} INFO - Created Permission View: %s
[2024-05-11T21:42:09.780+0000] {logging_mixin.py:154} INFO - [2024-05-11T21:42:09.780+0000] {manager.py:499} INFO - Created Permission View: %s
[2024-05-11T21:42:09.791+0000] {logging_mixin.py:154} INFO - [2024-05-11T21:42:09.791+0000] {manager.py:499} INFO - Created Permission View: %s
[2024-05-11T21:42:09.792+0000] {logging_mixin.py:154} INFO - [2024-05-11T21:42:09.792+0000] {dag.py:2941} INFO - Sync 1 DAGs
[2024-05-11T21:42:09.803+0000] {logging_mixin.py:154} INFO - [2024-05-11T21:42:09.803+0000] {dag.py:2963} INFO - Creating ORM DAG for example_sla_dag
[2024-05-11T21:42:09.821+0000] {logging_mixin.py:154} INFO - [2024-05-11T21:42:09.821+0000] {dag.py:3722} INFO - Setting next_dagrun for example_sla_dag to 2024-05-11T21:40:00+00:00, run_after=2024-05-11T21:42:00+00:00
[2024-05-11T21:42:09.837+0000] {processor.py:179} INFO - Processing /home/airflow/.local/lib/python3.8/site-packages/airflow/example_dags/example_sla_dag.py took 0.195 seconds
[2024-05-11T21:42:40.260+0000] {processor.py:157} INFO - Started process (PID=134) to work on /home/airflow/.local/lib/python3.8/site-packages/airflow/example_dags/example_sla_dag.py
[2024-05-11T21:42:40.263+0000] {processor.py:829} INFO - Processing file /home/airflow/.local/lib/python3.8/site-packages/airflow/example_dags/example_sla_dag.py for tasks to queue
[2024-05-11T21:42:40.266+0000] {logging_mixin.py:154} INFO - [2024-05-11T21:42:40.266+0000] {dagbag.py:536} INFO - Filling up the DagBag from /home/airflow/.local/lib/python3.8/site-packages/airflow/example_dags/example_sla_dag.py
[2024-05-11T21:42:40.273+0000] {processor.py:839} INFO - DAG(s) dict_keys(['example_sla_dag']) retrieved from /home/airflow/.local/lib/python3.8/site-packages/airflow/example_dags/example_sla_dag.py
[2024-05-11T21:42:40.294+0000] {logging_mixin.py:154} INFO - [2024-05-11T21:42:40.293+0000] {dag.py:2941} INFO - Sync 1 DAGs
[2024-05-11T21:42:40.317+0000] {logging_mixin.py:154} INFO - [2024-05-11T21:42:40.317+0000] {dag.py:3722} INFO - Setting next_dagrun for example_sla_dag to 2024-05-11T21:40:00+00:00, run_after=2024-05-11T21:42:00+00:00
[2024-05-11T21:42:40.337+0000] {processor.py:179} INFO - Processing /home/airflow/.local/lib/python3.8/site-packages/airflow/example_dags/example_sla_dag.py took 0.080 seconds
[2024-05-11T21:43:10.393+0000] {processor.py:157} INFO - Started process (PID=189) to work on /home/airflow/.local/lib/python3.8/site-packages/airflow/example_dags/example_sla_dag.py
[2024-05-11T21:43:10.395+0000] {processor.py:829} INFO - Processing file /home/airflow/.local/lib/python3.8/site-packages/airflow/example_dags/example_sla_dag.py for tasks to queue
[2024-05-11T21:43:10.397+0000] {logging_mixin.py:154} INFO - [2024-05-11T21:43:10.397+0000] {dagbag.py:536} INFO - Filling up the DagBag from /home/airflow/.local/lib/python3.8/site-packages/airflow/example_dags/example_sla_dag.py
[2024-05-11T21:43:10.404+0000] {processor.py:839} INFO - DAG(s) dict_keys(['example_sla_dag']) retrieved from /home/airflow/.local/lib/python3.8/site-packages/airflow/example_dags/example_sla_dag.py
[2024-05-11T21:43:10.428+0000] {logging_mixin.py:154} INFO - [2024-05-11T21:43:10.428+0000] {dag.py:2941} INFO - Sync 1 DAGs
[2024-05-11T21:43:10.449+0000] {logging_mixin.py:154} INFO - [2024-05-11T21:43:10.449+0000] {dag.py:3722} INFO - Setting next_dagrun for example_sla_dag to 2024-05-11T21:40:00+00:00, run_after=2024-05-11T21:42:00+00:00
[2024-05-11T21:43:10.462+0000] {processor.py:179} INFO - Processing /home/airflow/.local/lib/python3.8/site-packages/airflow/example_dags/example_sla_dag.py took 0.073 seconds
[2024-05-11T21:43:41.121+0000] {processor.py:157} INFO - Started process (PID=244) to work on /home/airflow/.local/lib/python3.8/site-packages/airflow/example_dags/example_sla_dag.py
[2024-05-11T21:43:41.122+0000] {processor.py:829} INFO - Processing file /home/airflow/.local/lib/python3.8/site-packages/airflow/example_dags/example_sla_dag.py for tasks to queue
[2024-05-11T21:43:41.125+0000] {logging_mixin.py:154} INFO - [2024-05-11T21:43:41.124+0000] {dagbag.py:536} INFO - Filling up the DagBag from /home/airflow/.local/lib/python3.8/site-packages/airflow/example_dags/example_sla_dag.py
[2024-05-11T21:43:41.131+0000] {processor.py:839} INFO - DAG(s) dict_keys(['example_sla_dag']) retrieved from /home/airflow/.local/lib/python3.8/site-packages/airflow/example_dags/example_sla_dag.py
[2024-05-11T21:43:41.151+0000] {logging_mixin.py:154} INFO - [2024-05-11T21:43:41.150+0000] {dag.py:2941} INFO - Sync 1 DAGs
[2024-05-11T21:43:41.166+0000] {logging_mixin.py:154} INFO - [2024-05-11T21:43:41.166+0000] {dag.py:3722} INFO - Setting next_dagrun for example_sla_dag to 2024-05-11T21:40:00+00:00, run_after=2024-05-11T21:42:00+00:00
[2024-05-11T21:43:41.179+0000] {processor.py:179} INFO - Processing /home/airflow/.local/lib/python3.8/site-packages/airflow/example_dags/example_sla_dag.py took 0.062 seconds
[2024-05-11T21:44:11.798+0000] {processor.py:157} INFO - Started process (PID=299) to work on /home/airflow/.local/lib/python3.8/site-packages/airflow/example_dags/example_sla_dag.py
[2024-05-11T21:44:11.799+0000] {processor.py:829} INFO - Processing file /home/airflow/.local/lib/python3.8/site-packages/airflow/example_dags/example_sla_dag.py for tasks to queue
[2024-05-11T21:44:11.801+0000] {logging_mixin.py:154} INFO - [2024-05-11T21:44:11.801+0000] {dagbag.py:536} INFO - Filling up the DagBag from /home/airflow/.local/lib/python3.8/site-packages/airflow/example_dags/example_sla_dag.py
[2024-05-11T21:44:11.808+0000] {processor.py:839} INFO - DAG(s) dict_keys(['example_sla_dag']) retrieved from /home/airflow/.local/lib/python3.8/site-packages/airflow/example_dags/example_sla_dag.py
[2024-05-11T21:44:11.829+0000] {logging_mixin.py:154} INFO - [2024-05-11T21:44:11.829+0000] {dag.py:2941} INFO - Sync 1 DAGs
[2024-05-11T21:44:11.860+0000] {logging_mixin.py:154} INFO - [2024-05-11T21:44:11.860+0000] {dag.py:3722} INFO - Setting next_dagrun for example_sla_dag to 2024-05-11T21:42:00+00:00, run_after=2024-05-11T21:44:00+00:00
[2024-05-11T21:44:11.875+0000] {processor.py:179} INFO - Processing /home/airflow/.local/lib/python3.8/site-packages/airflow/example_dags/example_sla_dag.py took 0.080 seconds
[2024-05-11T21:44:42.289+0000] {processor.py:157} INFO - Started process (PID=354) to work on /home/airflow/.local/lib/python3.8/site-packages/airflow/example_dags/example_sla_dag.py
[2024-05-11T21:44:42.291+0000] {processor.py:829} INFO - Processing file /home/airflow/.local/lib/python3.8/site-packages/airflow/example_dags/example_sla_dag.py for tasks to queue
[2024-05-11T21:44:42.294+0000] {logging_mixin.py:154} INFO - [2024-05-11T21:44:42.294+0000] {dagbag.py:536} INFO - Filling up the DagBag from /home/airflow/.local/lib/python3.8/site-packages/airflow/example_dags/example_sla_dag.py
[2024-05-11T21:44:42.302+0000] {processor.py:839} INFO - DAG(s) dict_keys(['example_sla_dag']) retrieved from /home/airflow/.local/lib/python3.8/site-packages/airflow/example_dags/example_sla_dag.py
[2024-05-11T21:44:42.321+0000] {logging_mixin.py:154} INFO - [2024-05-11T21:44:42.321+0000] {dag.py:2941} INFO - Sync 1 DAGs
[2024-05-11T21:44:42.337+0000] {logging_mixin.py:154} INFO - [2024-05-11T21:44:42.337+0000] {dag.py:3722} INFO - Setting next_dagrun for example_sla_dag to 2024-05-11T21:42:00+00:00, run_after=2024-05-11T21:44:00+00:00
[2024-05-11T21:44:42.349+0000] {processor.py:179} INFO - Processing /home/airflow/.local/lib/python3.8/site-packages/airflow/example_dags/example_sla_dag.py took 0.064 seconds
[2024-05-11T21:45:12.974+0000] {processor.py:157} INFO - Started process (PID=409) to work on /home/airflow/.local/lib/python3.8/site-packages/airflow/example_dags/example_sla_dag.py
[2024-05-11T21:45:12.975+0000] {processor.py:829} INFO - Processing file /home/airflow/.local/lib/python3.8/site-packages/airflow/example_dags/example_sla_dag.py for tasks to queue
[2024-05-11T21:45:12.977+0000] {logging_mixin.py:154} INFO - [2024-05-11T21:45:12.977+0000] {dagbag.py:536} INFO - Filling up the DagBag from /home/airflow/.local/lib/python3.8/site-packages/airflow/example_dags/example_sla_dag.py
[2024-05-11T21:45:12.986+0000] {processor.py:839} INFO - DAG(s) dict_keys(['example_sla_dag']) retrieved from /home/airflow/.local/lib/python3.8/site-packages/airflow/example_dags/example_sla_dag.py
[2024-05-11T21:45:13.006+0000] {logging_mixin.py:154} INFO - [2024-05-11T21:45:13.006+0000] {dag.py:2941} INFO - Sync 1 DAGs
[2024-05-11T21:45:13.023+0000] {logging_mixin.py:154} INFO - [2024-05-11T21:45:13.023+0000] {dag.py:3722} INFO - Setting next_dagrun for example_sla_dag to 2024-05-11T21:42:00+00:00, run_after=2024-05-11T21:44:00+00:00
[2024-05-11T21:45:13.036+0000] {processor.py:179} INFO - Processing /home/airflow/.local/lib/python3.8/site-packages/airflow/example_dags/example_sla_dag.py took 0.066 seconds
[2024-05-11T21:45:43.557+0000] {processor.py:157} INFO - Started process (PID=465) to work on /home/airflow/.local/lib/python3.8/site-packages/airflow/example_dags/example_sla_dag.py
[2024-05-11T21:45:43.558+0000] {processor.py:829} INFO - Processing file /home/airflow/.local/lib/python3.8/site-packages/airflow/example_dags/example_sla_dag.py for tasks to queue
[2024-05-11T21:45:43.561+0000] {logging_mixin.py:154} INFO - [2024-05-11T21:45:43.560+0000] {dagbag.py:536} INFO - Filling up the DagBag from /home/airflow/.local/lib/python3.8/site-packages/airflow/example_dags/example_sla_dag.py
[2024-05-11T21:45:43.567+0000] {processor.py:839} INFO - DAG(s) dict_keys(['example_sla_dag']) retrieved from /home/airflow/.local/lib/python3.8/site-packages/airflow/example_dags/example_sla_dag.py
[2024-05-11T21:45:43.597+0000] {logging_mixin.py:154} INFO - [2024-05-11T21:45:43.597+0000] {dag.py:2941} INFO - Sync 1 DAGs
[2024-05-11T21:45:43.616+0000] {logging_mixin.py:154} INFO - [2024-05-11T21:45:43.616+0000] {dag.py:3722} INFO - Setting next_dagrun for example_sla_dag to 2024-05-11T21:42:00+00:00, run_after=2024-05-11T21:44:00+00:00
[2024-05-11T21:45:43.631+0000] {processor.py:179} INFO - Processing /home/airflow/.local/lib/python3.8/site-packages/airflow/example_dags/example_sla_dag.py took 0.078 seconds
[2024-05-11T21:46:14.535+0000] {processor.py:157} INFO - Started process (PID=520) to work on /home/airflow/.local/lib/python3.8/site-packages/airflow/example_dags/example_sla_dag.py
[2024-05-11T21:46:14.537+0000] {processor.py:829} INFO - Processing file /home/airflow/.local/lib/python3.8/site-packages/airflow/example_dags/example_sla_dag.py for tasks to queue
[2024-05-11T21:46:14.540+0000] {logging_mixin.py:154} INFO - [2024-05-11T21:46:14.539+0000] {dagbag.py:536} INFO - Filling up the DagBag from /home/airflow/.local/lib/python3.8/site-packages/airflow/example_dags/example_sla_dag.py
[2024-05-11T21:46:14.547+0000] {processor.py:839} INFO - DAG(s) dict_keys(['example_sla_dag']) retrieved from /home/airflow/.local/lib/python3.8/site-packages/airflow/example_dags/example_sla_dag.py
[2024-05-11T21:46:14.581+0000] {logging_mixin.py:154} INFO - [2024-05-11T21:46:14.581+0000] {dag.py:2941} INFO - Sync 1 DAGs
[2024-05-11T21:46:14.598+0000] {logging_mixin.py:154} INFO - [2024-05-11T21:46:14.598+0000] {dag.py:3722} INFO - Setting next_dagrun for example_sla_dag to 2024-05-11T21:44:00+00:00, run_after=2024-05-11T21:46:00+00:00
[2024-05-11T21:46:14.611+0000] {processor.py:179} INFO - Processing /home/airflow/.local/lib/python3.8/site-packages/airflow/example_dags/example_sla_dag.py took 0.081 seconds
[2024-05-11T21:46:44.871+0000] {processor.py:157} INFO - Started process (PID=575) to work on /home/airflow/.local/lib/python3.8/site-packages/airflow/example_dags/example_sla_dag.py
[2024-05-11T21:46:44.873+0000] {processor.py:829} INFO - Processing file /home/airflow/.local/lib/python3.8/site-packages/airflow/example_dags/example_sla_dag.py for tasks to queue
[2024-05-11T21:46:44.876+0000] {logging_mixin.py:154} INFO - [2024-05-11T21:46:44.875+0000] {dagbag.py:536} INFO - Filling up the DagBag from /home/airflow/.local/lib/python3.8/site-packages/airflow/example_dags/example_sla_dag.py
[2024-05-11T21:46:44.883+0000] {processor.py:839} INFO - DAG(s) dict_keys(['example_sla_dag']) retrieved from /home/airflow/.local/lib/python3.8/site-packages/airflow/example_dags/example_sla_dag.py
[2024-05-11T21:46:44.908+0000] {logging_mixin.py:154} INFO - [2024-05-11T21:46:44.908+0000] {dag.py:2941} INFO - Sync 1 DAGs
[2024-05-11T21:46:44.929+0000] {logging_mixin.py:154} INFO - [2024-05-11T21:46:44.929+0000] {dag.py:3722} INFO - Setting next_dagrun for example_sla_dag to 2024-05-11T21:44:00+00:00, run_after=2024-05-11T21:46:00+00:00
[2024-05-11T21:46:44.945+0000] {processor.py:179} INFO - Processing /home/airflow/.local/lib/python3.8/site-packages/airflow/example_dags/example_sla_dag.py took 0.077 seconds
