[2024-05-11T21:03:21.352+0000] {processor.py:157} INFO - Started process (PID=68) to work on /home/airflow/.local/lib/python3.8/site-packages/airflow/example_dags/example_short_circuit_decorator.py
[2024-05-11T21:03:21.354+0000] {processor.py:829} INFO - Processing file /home/airflow/.local/lib/python3.8/site-packages/airflow/example_dags/example_short_circuit_decorator.py for tasks to queue
[2024-05-11T21:03:21.356+0000] {logging_mixin.py:154} INFO - [2024-05-11T21:03:21.356+0000] {dagbag.py:536} INFO - Filling up the DagBag from /home/airflow/.local/lib/python3.8/site-packages/airflow/example_dags/example_short_circuit_decorator.py
[2024-05-11T21:03:21.364+0000] {processor.py:839} INFO - DAG(s) dict_keys(['example_short_circuit_decorator']) retrieved from /home/airflow/.local/lib/python3.8/site-packages/airflow/example_dags/example_short_circuit_decorator.py
[2024-05-11T21:03:21.440+0000] {logging_mixin.py:154} INFO - [2024-05-11T21:03:21.440+0000] {manager.py:499} INFO - Created Permission View: %s
[2024-05-11T21:03:21.449+0000] {logging_mixin.py:154} INFO - [2024-05-11T21:03:21.449+0000] {manager.py:499} INFO - Created Permission View: %s
[2024-05-11T21:03:21.456+0000] {logging_mixin.py:154} INFO - [2024-05-11T21:03:21.455+0000] {manager.py:499} INFO - Created Permission View: %s
[2024-05-11T21:03:21.456+0000] {logging_mixin.py:154} INFO - [2024-05-11T21:03:21.456+0000] {dag.py:2941} INFO - Sync 1 DAGs
[2024-05-11T21:03:21.463+0000] {logging_mixin.py:154} INFO - [2024-05-11T21:03:21.463+0000] {dag.py:2963} INFO - Creating ORM DAG for example_short_circuit_decorator
[2024-05-11T21:03:21.469+0000] {logging_mixin.py:154} INFO - [2024-05-11T21:03:21.469+0000] {dag.py:3722} INFO - Setting next_dagrun for example_short_circuit_decorator to 2024-05-10T21:03:21.469176+00:00, run_after=2024-05-11T21:03:21.469176+00:00
[2024-05-11T21:03:21.479+0000] {processor.py:179} INFO - Processing /home/airflow/.local/lib/python3.8/site-packages/airflow/example_dags/example_short_circuit_decorator.py took 0.129 seconds
[2024-05-11T21:03:52.175+0000] {processor.py:157} INFO - Started process (PID=123) to work on /home/airflow/.local/lib/python3.8/site-packages/airflow/example_dags/example_short_circuit_decorator.py
[2024-05-11T21:03:52.176+0000] {processor.py:829} INFO - Processing file /home/airflow/.local/lib/python3.8/site-packages/airflow/example_dags/example_short_circuit_decorator.py for tasks to queue
[2024-05-11T21:03:52.183+0000] {logging_mixin.py:154} INFO - [2024-05-11T21:03:52.182+0000] {dagbag.py:536} INFO - Filling up the DagBag from /home/airflow/.local/lib/python3.8/site-packages/airflow/example_dags/example_short_circuit_decorator.py
[2024-05-11T21:03:52.194+0000] {processor.py:839} INFO - DAG(s) dict_keys(['example_short_circuit_decorator']) retrieved from /home/airflow/.local/lib/python3.8/site-packages/airflow/example_dags/example_short_circuit_decorator.py
[2024-05-11T21:03:52.220+0000] {logging_mixin.py:154} INFO - [2024-05-11T21:03:52.220+0000] {dag.py:2941} INFO - Sync 1 DAGs
[2024-05-11T21:03:52.245+0000] {logging_mixin.py:154} INFO - [2024-05-11T21:03:52.244+0000] {dag.py:3722} INFO - Setting next_dagrun for example_short_circuit_decorator to 2024-05-10T21:03:52.244633+00:00, run_after=2024-05-11T21:03:52.244633+00:00
[2024-05-11T21:03:52.262+0000] {processor.py:179} INFO - Processing /home/airflow/.local/lib/python3.8/site-packages/airflow/example_dags/example_short_circuit_decorator.py took 0.090 seconds
[2024-05-11T21:04:22.458+0000] {processor.py:157} INFO - Started process (PID=177) to work on /home/airflow/.local/lib/python3.8/site-packages/airflow/example_dags/example_short_circuit_decorator.py
[2024-05-11T21:04:22.460+0000] {processor.py:829} INFO - Processing file /home/airflow/.local/lib/python3.8/site-packages/airflow/example_dags/example_short_circuit_decorator.py for tasks to queue
[2024-05-11T21:04:22.463+0000] {logging_mixin.py:154} INFO - [2024-05-11T21:04:22.462+0000] {dagbag.py:536} INFO - Filling up the DagBag from /home/airflow/.local/lib/python3.8/site-packages/airflow/example_dags/example_short_circuit_decorator.py
[2024-05-11T21:04:22.472+0000] {processor.py:839} INFO - DAG(s) dict_keys(['example_short_circuit_decorator']) retrieved from /home/airflow/.local/lib/python3.8/site-packages/airflow/example_dags/example_short_circuit_decorator.py
[2024-05-11T21:04:22.492+0000] {logging_mixin.py:154} INFO - [2024-05-11T21:04:22.492+0000] {dag.py:2941} INFO - Sync 1 DAGs
[2024-05-11T21:04:22.508+0000] {logging_mixin.py:154} INFO - [2024-05-11T21:04:22.508+0000] {dag.py:3722} INFO - Setting next_dagrun for example_short_circuit_decorator to 2024-05-10T21:04:22.508141+00:00, run_after=2024-05-11T21:04:22.508141+00:00
[2024-05-11T21:04:22.519+0000] {processor.py:179} INFO - Processing /home/airflow/.local/lib/python3.8/site-packages/airflow/example_dags/example_short_circuit_decorator.py took 0.064 seconds
[2024-05-11T21:04:52.927+0000] {processor.py:157} INFO - Started process (PID=232) to work on /home/airflow/.local/lib/python3.8/site-packages/airflow/example_dags/example_short_circuit_decorator.py
[2024-05-11T21:04:52.929+0000] {processor.py:829} INFO - Processing file /home/airflow/.local/lib/python3.8/site-packages/airflow/example_dags/example_short_circuit_decorator.py for tasks to queue
[2024-05-11T21:04:52.931+0000] {logging_mixin.py:154} INFO - [2024-05-11T21:04:52.931+0000] {dagbag.py:536} INFO - Filling up the DagBag from /home/airflow/.local/lib/python3.8/site-packages/airflow/example_dags/example_short_circuit_decorator.py
[2024-05-11T21:04:52.938+0000] {processor.py:839} INFO - DAG(s) dict_keys(['example_short_circuit_decorator']) retrieved from /home/airflow/.local/lib/python3.8/site-packages/airflow/example_dags/example_short_circuit_decorator.py
[2024-05-11T21:04:52.959+0000] {logging_mixin.py:154} INFO - [2024-05-11T21:04:52.959+0000] {dag.py:2941} INFO - Sync 1 DAGs
[2024-05-11T21:04:52.975+0000] {logging_mixin.py:154} INFO - [2024-05-11T21:04:52.975+0000] {dag.py:3722} INFO - Setting next_dagrun for example_short_circuit_decorator to 2024-05-10T21:04:52.975000+00:00, run_after=2024-05-11T21:04:52.975000+00:00
[2024-05-11T21:04:52.986+0000] {processor.py:179} INFO - Processing /home/airflow/.local/lib/python3.8/site-packages/airflow/example_dags/example_short_circuit_decorator.py took 0.062 seconds
[2024-05-11T21:05:44.505+0000] {processor.py:157} INFO - Started process (PID=69) to work on /home/airflow/.local/lib/python3.8/site-packages/airflow/example_dags/example_short_circuit_decorator.py
[2024-05-11T21:05:44.507+0000] {processor.py:829} INFO - Processing file /home/airflow/.local/lib/python3.8/site-packages/airflow/example_dags/example_short_circuit_decorator.py for tasks to queue
[2024-05-11T21:05:44.509+0000] {logging_mixin.py:154} INFO - [2024-05-11T21:05:44.509+0000] {dagbag.py:536} INFO - Filling up the DagBag from /home/airflow/.local/lib/python3.8/site-packages/airflow/example_dags/example_short_circuit_decorator.py
[2024-05-11T21:05:44.516+0000] {processor.py:839} INFO - DAG(s) dict_keys(['example_short_circuit_decorator']) retrieved from /home/airflow/.local/lib/python3.8/site-packages/airflow/example_dags/example_short_circuit_decorator.py
[2024-05-11T21:05:44.527+0000] {logging_mixin.py:154} INFO - [2024-05-11T21:05:44.527+0000] {dag.py:2941} INFO - Sync 1 DAGs
[2024-05-11T21:05:44.542+0000] {logging_mixin.py:154} INFO - [2024-05-11T21:05:44.542+0000] {dag.py:3722} INFO - Setting next_dagrun for example_short_circuit_decorator to 2024-05-10T21:05:44.542157+00:00, run_after=2024-05-11T21:05:44.542157+00:00
[2024-05-11T21:05:44.554+0000] {processor.py:179} INFO - Processing /home/airflow/.local/lib/python3.8/site-packages/airflow/example_dags/example_short_circuit_decorator.py took 0.052 seconds
[2024-05-11T21:06:14.608+0000] {processor.py:157} INFO - Started process (PID=124) to work on /home/airflow/.local/lib/python3.8/site-packages/airflow/example_dags/example_short_circuit_decorator.py
[2024-05-11T21:06:14.609+0000] {processor.py:829} INFO - Processing file /home/airflow/.local/lib/python3.8/site-packages/airflow/example_dags/example_short_circuit_decorator.py for tasks to queue
[2024-05-11T21:06:14.611+0000] {logging_mixin.py:154} INFO - [2024-05-11T21:06:14.611+0000] {dagbag.py:536} INFO - Filling up the DagBag from /home/airflow/.local/lib/python3.8/site-packages/airflow/example_dags/example_short_circuit_decorator.py
[2024-05-11T21:06:14.618+0000] {processor.py:839} INFO - DAG(s) dict_keys(['example_short_circuit_decorator']) retrieved from /home/airflow/.local/lib/python3.8/site-packages/airflow/example_dags/example_short_circuit_decorator.py
[2024-05-11T21:06:14.636+0000] {logging_mixin.py:154} INFO - [2024-05-11T21:06:14.635+0000] {dag.py:2941} INFO - Sync 1 DAGs
[2024-05-11T21:06:14.649+0000] {logging_mixin.py:154} INFO - [2024-05-11T21:06:14.649+0000] {dag.py:3722} INFO - Setting next_dagrun for example_short_circuit_decorator to 2024-05-10T21:06:14.649319+00:00, run_after=2024-05-11T21:06:14.649319+00:00
[2024-05-11T21:06:14.659+0000] {processor.py:179} INFO - Processing /home/airflow/.local/lib/python3.8/site-packages/airflow/example_dags/example_short_circuit_decorator.py took 0.055 seconds
[2024-05-11T21:06:44.900+0000] {processor.py:157} INFO - Started process (PID=179) to work on /home/airflow/.local/lib/python3.8/site-packages/airflow/example_dags/example_short_circuit_decorator.py
[2024-05-11T21:06:44.901+0000] {processor.py:829} INFO - Processing file /home/airflow/.local/lib/python3.8/site-packages/airflow/example_dags/example_short_circuit_decorator.py for tasks to queue
[2024-05-11T21:06:44.903+0000] {logging_mixin.py:154} INFO - [2024-05-11T21:06:44.903+0000] {dagbag.py:536} INFO - Filling up the DagBag from /home/airflow/.local/lib/python3.8/site-packages/airflow/example_dags/example_short_circuit_decorator.py
[2024-05-11T21:06:44.910+0000] {processor.py:839} INFO - DAG(s) dict_keys(['example_short_circuit_decorator']) retrieved from /home/airflow/.local/lib/python3.8/site-packages/airflow/example_dags/example_short_circuit_decorator.py
[2024-05-11T21:06:44.929+0000] {logging_mixin.py:154} INFO - [2024-05-11T21:06:44.929+0000] {dag.py:2941} INFO - Sync 1 DAGs
[2024-05-11T21:06:44.944+0000] {logging_mixin.py:154} INFO - [2024-05-11T21:06:44.944+0000] {dag.py:3722} INFO - Setting next_dagrun for example_short_circuit_decorator to 2024-05-10T21:06:44.944003+00:00, run_after=2024-05-11T21:06:44.944003+00:00
[2024-05-11T21:06:44.956+0000] {processor.py:179} INFO - Processing /home/airflow/.local/lib/python3.8/site-packages/airflow/example_dags/example_short_circuit_decorator.py took 0.059 seconds
[2024-05-11T21:07:15.139+0000] {processor.py:157} INFO - Started process (PID=234) to work on /home/airflow/.local/lib/python3.8/site-packages/airflow/example_dags/example_short_circuit_decorator.py
[2024-05-11T21:07:15.140+0000] {processor.py:829} INFO - Processing file /home/airflow/.local/lib/python3.8/site-packages/airflow/example_dags/example_short_circuit_decorator.py for tasks to queue
[2024-05-11T21:07:15.142+0000] {logging_mixin.py:154} INFO - [2024-05-11T21:07:15.141+0000] {dagbag.py:536} INFO - Filling up the DagBag from /home/airflow/.local/lib/python3.8/site-packages/airflow/example_dags/example_short_circuit_decorator.py
[2024-05-11T21:07:15.148+0000] {processor.py:839} INFO - DAG(s) dict_keys(['example_short_circuit_decorator']) retrieved from /home/airflow/.local/lib/python3.8/site-packages/airflow/example_dags/example_short_circuit_decorator.py
[2024-05-11T21:07:15.165+0000] {logging_mixin.py:154} INFO - [2024-05-11T21:07:15.165+0000] {dag.py:2941} INFO - Sync 1 DAGs
[2024-05-11T21:07:15.179+0000] {logging_mixin.py:154} INFO - [2024-05-11T21:07:15.179+0000] {dag.py:3722} INFO - Setting next_dagrun for example_short_circuit_decorator to 2024-05-10T21:07:15.178849+00:00, run_after=2024-05-11T21:07:15.178849+00:00
[2024-05-11T21:07:15.189+0000] {processor.py:179} INFO - Processing /home/airflow/.local/lib/python3.8/site-packages/airflow/example_dags/example_short_circuit_decorator.py took 0.053 seconds
[2024-05-11T21:07:45.419+0000] {processor.py:157} INFO - Started process (PID=293) to work on /home/airflow/.local/lib/python3.8/site-packages/airflow/example_dags/example_short_circuit_decorator.py
[2024-05-11T21:07:45.421+0000] {processor.py:829} INFO - Processing file /home/airflow/.local/lib/python3.8/site-packages/airflow/example_dags/example_short_circuit_decorator.py for tasks to queue
[2024-05-11T21:07:45.423+0000] {logging_mixin.py:154} INFO - [2024-05-11T21:07:45.423+0000] {dagbag.py:536} INFO - Filling up the DagBag from /home/airflow/.local/lib/python3.8/site-packages/airflow/example_dags/example_short_circuit_decorator.py
[2024-05-11T21:07:45.429+0000] {processor.py:839} INFO - DAG(s) dict_keys(['example_short_circuit_decorator']) retrieved from /home/airflow/.local/lib/python3.8/site-packages/airflow/example_dags/example_short_circuit_decorator.py
[2024-05-11T21:07:45.447+0000] {logging_mixin.py:154} INFO - [2024-05-11T21:07:45.447+0000] {dag.py:2941} INFO - Sync 1 DAGs
[2024-05-11T21:07:45.462+0000] {logging_mixin.py:154} INFO - [2024-05-11T21:07:45.462+0000] {dag.py:3722} INFO - Setting next_dagrun for example_short_circuit_decorator to 2024-05-10T21:07:45.461957+00:00, run_after=2024-05-11T21:07:45.461957+00:00
[2024-05-11T21:07:45.478+0000] {processor.py:179} INFO - Processing /home/airflow/.local/lib/python3.8/site-packages/airflow/example_dags/example_short_circuit_decorator.py took 0.061 seconds
[2024-05-11T21:08:15.664+0000] {processor.py:157} INFO - Started process (PID=348) to work on /home/airflow/.local/lib/python3.8/site-packages/airflow/example_dags/example_short_circuit_decorator.py
[2024-05-11T21:08:15.665+0000] {processor.py:829} INFO - Processing file /home/airflow/.local/lib/python3.8/site-packages/airflow/example_dags/example_short_circuit_decorator.py for tasks to queue
[2024-05-11T21:08:15.668+0000] {logging_mixin.py:154} INFO - [2024-05-11T21:08:15.667+0000] {dagbag.py:536} INFO - Filling up the DagBag from /home/airflow/.local/lib/python3.8/site-packages/airflow/example_dags/example_short_circuit_decorator.py
[2024-05-11T21:08:15.674+0000] {processor.py:839} INFO - DAG(s) dict_keys(['example_short_circuit_decorator']) retrieved from /home/airflow/.local/lib/python3.8/site-packages/airflow/example_dags/example_short_circuit_decorator.py
[2024-05-11T21:08:15.692+0000] {logging_mixin.py:154} INFO - [2024-05-11T21:08:15.692+0000] {dag.py:2941} INFO - Sync 1 DAGs
[2024-05-11T21:08:15.704+0000] {logging_mixin.py:154} INFO - [2024-05-11T21:08:15.704+0000] {dag.py:3722} INFO - Setting next_dagrun for example_short_circuit_decorator to 2024-05-10T21:08:15.704626+00:00, run_after=2024-05-11T21:08:15.704626+00:00
[2024-05-11T21:08:15.715+0000] {processor.py:179} INFO - Processing /home/airflow/.local/lib/python3.8/site-packages/airflow/example_dags/example_short_circuit_decorator.py took 0.054 seconds
[2024-05-11T21:08:45.951+0000] {processor.py:157} INFO - Started process (PID=403) to work on /home/airflow/.local/lib/python3.8/site-packages/airflow/example_dags/example_short_circuit_decorator.py
[2024-05-11T21:08:45.952+0000] {processor.py:829} INFO - Processing file /home/airflow/.local/lib/python3.8/site-packages/airflow/example_dags/example_short_circuit_decorator.py for tasks to queue
[2024-05-11T21:08:45.954+0000] {logging_mixin.py:154} INFO - [2024-05-11T21:08:45.954+0000] {dagbag.py:536} INFO - Filling up the DagBag from /home/airflow/.local/lib/python3.8/site-packages/airflow/example_dags/example_short_circuit_decorator.py
[2024-05-11T21:08:45.963+0000] {processor.py:839} INFO - DAG(s) dict_keys(['example_short_circuit_decorator']) retrieved from /home/airflow/.local/lib/python3.8/site-packages/airflow/example_dags/example_short_circuit_decorator.py
[2024-05-11T21:08:45.982+0000] {logging_mixin.py:154} INFO - [2024-05-11T21:08:45.982+0000] {dag.py:2941} INFO - Sync 1 DAGs
[2024-05-11T21:08:45.996+0000] {logging_mixin.py:154} INFO - [2024-05-11T21:08:45.995+0000] {dag.py:3722} INFO - Setting next_dagrun for example_short_circuit_decorator to 2024-05-10T21:08:45.995738+00:00, run_after=2024-05-11T21:08:45.995738+00:00
[2024-05-11T21:08:46.006+0000] {processor.py:179} INFO - Processing /home/airflow/.local/lib/python3.8/site-packages/airflow/example_dags/example_short_circuit_decorator.py took 0.058 seconds
[2024-05-11T21:09:16.382+0000] {processor.py:157} INFO - Started process (PID=457) to work on /home/airflow/.local/lib/python3.8/site-packages/airflow/example_dags/example_short_circuit_decorator.py
[2024-05-11T21:09:16.383+0000] {processor.py:829} INFO - Processing file /home/airflow/.local/lib/python3.8/site-packages/airflow/example_dags/example_short_circuit_decorator.py for tasks to queue
[2024-05-11T21:09:16.385+0000] {logging_mixin.py:154} INFO - [2024-05-11T21:09:16.385+0000] {dagbag.py:536} INFO - Filling up the DagBag from /home/airflow/.local/lib/python3.8/site-packages/airflow/example_dags/example_short_circuit_decorator.py
[2024-05-11T21:09:16.392+0000] {processor.py:839} INFO - DAG(s) dict_keys(['example_short_circuit_decorator']) retrieved from /home/airflow/.local/lib/python3.8/site-packages/airflow/example_dags/example_short_circuit_decorator.py
[2024-05-11T21:09:16.414+0000] {logging_mixin.py:154} INFO - [2024-05-11T21:09:16.413+0000] {dag.py:2941} INFO - Sync 1 DAGs
[2024-05-11T21:09:16.427+0000] {logging_mixin.py:154} INFO - [2024-05-11T21:09:16.427+0000] {dag.py:3722} INFO - Setting next_dagrun for example_short_circuit_decorator to 2024-05-10T21:09:16.427008+00:00, run_after=2024-05-11T21:09:16.427008+00:00
[2024-05-11T21:09:16.437+0000] {processor.py:179} INFO - Processing /home/airflow/.local/lib/python3.8/site-packages/airflow/example_dags/example_short_circuit_decorator.py took 0.058 seconds
[2024-05-11T21:09:46.679+0000] {processor.py:157} INFO - Started process (PID=512) to work on /home/airflow/.local/lib/python3.8/site-packages/airflow/example_dags/example_short_circuit_decorator.py
[2024-05-11T21:09:46.681+0000] {processor.py:829} INFO - Processing file /home/airflow/.local/lib/python3.8/site-packages/airflow/example_dags/example_short_circuit_decorator.py for tasks to queue
[2024-05-11T21:09:46.683+0000] {logging_mixin.py:154} INFO - [2024-05-11T21:09:46.683+0000] {dagbag.py:536} INFO - Filling up the DagBag from /home/airflow/.local/lib/python3.8/site-packages/airflow/example_dags/example_short_circuit_decorator.py
[2024-05-11T21:09:46.691+0000] {processor.py:839} INFO - DAG(s) dict_keys(['example_short_circuit_decorator']) retrieved from /home/airflow/.local/lib/python3.8/site-packages/airflow/example_dags/example_short_circuit_decorator.py
[2024-05-11T21:09:46.709+0000] {logging_mixin.py:154} INFO - [2024-05-11T21:09:46.709+0000] {dag.py:2941} INFO - Sync 1 DAGs
[2024-05-11T21:09:46.724+0000] {logging_mixin.py:154} INFO - [2024-05-11T21:09:46.724+0000] {dag.py:3722} INFO - Setting next_dagrun for example_short_circuit_decorator to 2024-05-10T21:09:46.723953+00:00, run_after=2024-05-11T21:09:46.723953+00:00
[2024-05-11T21:09:46.735+0000] {processor.py:179} INFO - Processing /home/airflow/.local/lib/python3.8/site-packages/airflow/example_dags/example_short_circuit_decorator.py took 0.059 seconds
[2024-05-11T21:10:16.919+0000] {processor.py:157} INFO - Started process (PID=566) to work on /home/airflow/.local/lib/python3.8/site-packages/airflow/example_dags/example_short_circuit_decorator.py
[2024-05-11T21:10:16.921+0000] {processor.py:829} INFO - Processing file /home/airflow/.local/lib/python3.8/site-packages/airflow/example_dags/example_short_circuit_decorator.py for tasks to queue
[2024-05-11T21:10:16.923+0000] {logging_mixin.py:154} INFO - [2024-05-11T21:10:16.923+0000] {dagbag.py:536} INFO - Filling up the DagBag from /home/airflow/.local/lib/python3.8/site-packages/airflow/example_dags/example_short_circuit_decorator.py
[2024-05-11T21:10:16.929+0000] {processor.py:839} INFO - DAG(s) dict_keys(['example_short_circuit_decorator']) retrieved from /home/airflow/.local/lib/python3.8/site-packages/airflow/example_dags/example_short_circuit_decorator.py
[2024-05-11T21:10:16.947+0000] {logging_mixin.py:154} INFO - [2024-05-11T21:10:16.947+0000] {dag.py:2941} INFO - Sync 1 DAGs
[2024-05-11T21:10:16.961+0000] {logging_mixin.py:154} INFO - [2024-05-11T21:10:16.961+0000] {dag.py:3722} INFO - Setting next_dagrun for example_short_circuit_decorator to 2024-05-10T21:10:16.961133+00:00, run_after=2024-05-11T21:10:16.961133+00:00
[2024-05-11T21:10:16.971+0000] {processor.py:179} INFO - Processing /home/airflow/.local/lib/python3.8/site-packages/airflow/example_dags/example_short_circuit_decorator.py took 0.055 seconds
[2024-05-11T21:10:47.310+0000] {processor.py:157} INFO - Started process (PID=621) to work on /home/airflow/.local/lib/python3.8/site-packages/airflow/example_dags/example_short_circuit_decorator.py
[2024-05-11T21:10:47.311+0000] {processor.py:829} INFO - Processing file /home/airflow/.local/lib/python3.8/site-packages/airflow/example_dags/example_short_circuit_decorator.py for tasks to queue
[2024-05-11T21:10:47.313+0000] {logging_mixin.py:154} INFO - [2024-05-11T21:10:47.313+0000] {dagbag.py:536} INFO - Filling up the DagBag from /home/airflow/.local/lib/python3.8/site-packages/airflow/example_dags/example_short_circuit_decorator.py
[2024-05-11T21:10:47.320+0000] {processor.py:839} INFO - DAG(s) dict_keys(['example_short_circuit_decorator']) retrieved from /home/airflow/.local/lib/python3.8/site-packages/airflow/example_dags/example_short_circuit_decorator.py
[2024-05-11T21:10:47.339+0000] {logging_mixin.py:154} INFO - [2024-05-11T21:10:47.339+0000] {dag.py:2941} INFO - Sync 1 DAGs
[2024-05-11T21:10:47.354+0000] {logging_mixin.py:154} INFO - [2024-05-11T21:10:47.354+0000] {dag.py:3722} INFO - Setting next_dagrun for example_short_circuit_decorator to 2024-05-10T21:10:47.354539+00:00, run_after=2024-05-11T21:10:47.354539+00:00
[2024-05-11T21:10:47.366+0000] {processor.py:179} INFO - Processing /home/airflow/.local/lib/python3.8/site-packages/airflow/example_dags/example_short_circuit_decorator.py took 0.060 seconds
[2024-05-11T21:11:17.600+0000] {processor.py:157} INFO - Started process (PID=676) to work on /home/airflow/.local/lib/python3.8/site-packages/airflow/example_dags/example_short_circuit_decorator.py
[2024-05-11T21:11:17.602+0000] {processor.py:829} INFO - Processing file /home/airflow/.local/lib/python3.8/site-packages/airflow/example_dags/example_short_circuit_decorator.py for tasks to queue
[2024-05-11T21:11:17.603+0000] {logging_mixin.py:154} INFO - [2024-05-11T21:11:17.603+0000] {dagbag.py:536} INFO - Filling up the DagBag from /home/airflow/.local/lib/python3.8/site-packages/airflow/example_dags/example_short_circuit_decorator.py
[2024-05-11T21:11:17.609+0000] {processor.py:839} INFO - DAG(s) dict_keys(['example_short_circuit_decorator']) retrieved from /home/airflow/.local/lib/python3.8/site-packages/airflow/example_dags/example_short_circuit_decorator.py
[2024-05-11T21:11:17.626+0000] {logging_mixin.py:154} INFO - [2024-05-11T21:11:17.626+0000] {dag.py:2941} INFO - Sync 1 DAGs
[2024-05-11T21:11:17.638+0000] {logging_mixin.py:154} INFO - [2024-05-11T21:11:17.638+0000] {dag.py:3722} INFO - Setting next_dagrun for example_short_circuit_decorator to 2024-05-10T21:11:17.638422+00:00, run_after=2024-05-11T21:11:17.638422+00:00
[2024-05-11T21:11:17.648+0000] {processor.py:179} INFO - Processing /home/airflow/.local/lib/python3.8/site-packages/airflow/example_dags/example_short_circuit_decorator.py took 0.050 seconds
[2024-05-11T21:11:47.861+0000] {processor.py:157} INFO - Started process (PID=731) to work on /home/airflow/.local/lib/python3.8/site-packages/airflow/example_dags/example_short_circuit_decorator.py
[2024-05-11T21:11:47.862+0000] {processor.py:829} INFO - Processing file /home/airflow/.local/lib/python3.8/site-packages/airflow/example_dags/example_short_circuit_decorator.py for tasks to queue
[2024-05-11T21:11:47.864+0000] {logging_mixin.py:154} INFO - [2024-05-11T21:11:47.864+0000] {dagbag.py:536} INFO - Filling up the DagBag from /home/airflow/.local/lib/python3.8/site-packages/airflow/example_dags/example_short_circuit_decorator.py
[2024-05-11T21:11:47.871+0000] {processor.py:839} INFO - DAG(s) dict_keys(['example_short_circuit_decorator']) retrieved from /home/airflow/.local/lib/python3.8/site-packages/airflow/example_dags/example_short_circuit_decorator.py
[2024-05-11T21:11:47.890+0000] {logging_mixin.py:154} INFO - [2024-05-11T21:11:47.890+0000] {dag.py:2941} INFO - Sync 1 DAGs
[2024-05-11T21:11:47.905+0000] {logging_mixin.py:154} INFO - [2024-05-11T21:11:47.905+0000] {dag.py:3722} INFO - Setting next_dagrun for example_short_circuit_decorator to 2024-05-10T21:11:47.905295+00:00, run_after=2024-05-11T21:11:47.905295+00:00
[2024-05-11T21:11:47.921+0000] {processor.py:179} INFO - Processing /home/airflow/.local/lib/python3.8/site-packages/airflow/example_dags/example_short_circuit_decorator.py took 0.063 seconds
[2024-05-11T21:12:18.225+0000] {processor.py:157} INFO - Started process (PID=787) to work on /home/airflow/.local/lib/python3.8/site-packages/airflow/example_dags/example_short_circuit_decorator.py
[2024-05-11T21:12:18.226+0000] {processor.py:829} INFO - Processing file /home/airflow/.local/lib/python3.8/site-packages/airflow/example_dags/example_short_circuit_decorator.py for tasks to queue
[2024-05-11T21:12:18.228+0000] {logging_mixin.py:154} INFO - [2024-05-11T21:12:18.228+0000] {dagbag.py:536} INFO - Filling up the DagBag from /home/airflow/.local/lib/python3.8/site-packages/airflow/example_dags/example_short_circuit_decorator.py
[2024-05-11T21:12:18.234+0000] {processor.py:839} INFO - DAG(s) dict_keys(['example_short_circuit_decorator']) retrieved from /home/airflow/.local/lib/python3.8/site-packages/airflow/example_dags/example_short_circuit_decorator.py
[2024-05-11T21:12:18.252+0000] {logging_mixin.py:154} INFO - [2024-05-11T21:12:18.251+0000] {dag.py:2941} INFO - Sync 1 DAGs
[2024-05-11T21:12:18.264+0000] {logging_mixin.py:154} INFO - [2024-05-11T21:12:18.264+0000] {dag.py:3722} INFO - Setting next_dagrun for example_short_circuit_decorator to 2024-05-10T21:12:18.264178+00:00, run_after=2024-05-11T21:12:18.264178+00:00
[2024-05-11T21:12:18.274+0000] {processor.py:179} INFO - Processing /home/airflow/.local/lib/python3.8/site-packages/airflow/example_dags/example_short_circuit_decorator.py took 0.053 seconds
[2024-05-11T21:12:48.544+0000] {processor.py:157} INFO - Started process (PID=842) to work on /home/airflow/.local/lib/python3.8/site-packages/airflow/example_dags/example_short_circuit_decorator.py
[2024-05-11T21:12:48.546+0000] {processor.py:829} INFO - Processing file /home/airflow/.local/lib/python3.8/site-packages/airflow/example_dags/example_short_circuit_decorator.py for tasks to queue
[2024-05-11T21:12:48.548+0000] {logging_mixin.py:154} INFO - [2024-05-11T21:12:48.547+0000] {dagbag.py:536} INFO - Filling up the DagBag from /home/airflow/.local/lib/python3.8/site-packages/airflow/example_dags/example_short_circuit_decorator.py
[2024-05-11T21:12:48.555+0000] {processor.py:839} INFO - DAG(s) dict_keys(['example_short_circuit_decorator']) retrieved from /home/airflow/.local/lib/python3.8/site-packages/airflow/example_dags/example_short_circuit_decorator.py
[2024-05-11T21:12:48.573+0000] {logging_mixin.py:154} INFO - [2024-05-11T21:12:48.572+0000] {dag.py:2941} INFO - Sync 1 DAGs
[2024-05-11T21:12:48.585+0000] {logging_mixin.py:154} INFO - [2024-05-11T21:12:48.585+0000] {dag.py:3722} INFO - Setting next_dagrun for example_short_circuit_decorator to 2024-05-10T21:12:48.585647+00:00, run_after=2024-05-11T21:12:48.585647+00:00
[2024-05-11T21:12:48.596+0000] {processor.py:179} INFO - Processing /home/airflow/.local/lib/python3.8/site-packages/airflow/example_dags/example_short_circuit_decorator.py took 0.055 seconds
[2024-05-11T21:13:18.852+0000] {processor.py:157} INFO - Started process (PID=897) to work on /home/airflow/.local/lib/python3.8/site-packages/airflow/example_dags/example_short_circuit_decorator.py
[2024-05-11T21:13:18.853+0000] {processor.py:829} INFO - Processing file /home/airflow/.local/lib/python3.8/site-packages/airflow/example_dags/example_short_circuit_decorator.py for tasks to queue
[2024-05-11T21:13:18.855+0000] {logging_mixin.py:154} INFO - [2024-05-11T21:13:18.855+0000] {dagbag.py:536} INFO - Filling up the DagBag from /home/airflow/.local/lib/python3.8/site-packages/airflow/example_dags/example_short_circuit_decorator.py
[2024-05-11T21:13:18.862+0000] {processor.py:839} INFO - DAG(s) dict_keys(['example_short_circuit_decorator']) retrieved from /home/airflow/.local/lib/python3.8/site-packages/airflow/example_dags/example_short_circuit_decorator.py
[2024-05-11T21:13:18.880+0000] {logging_mixin.py:154} INFO - [2024-05-11T21:13:18.880+0000] {dag.py:2941} INFO - Sync 1 DAGs
[2024-05-11T21:13:18.893+0000] {logging_mixin.py:154} INFO - [2024-05-11T21:13:18.892+0000] {dag.py:3722} INFO - Setting next_dagrun for example_short_circuit_decorator to 2024-05-10T21:13:18.892713+00:00, run_after=2024-05-11T21:13:18.892713+00:00
[2024-05-11T21:13:18.903+0000] {processor.py:179} INFO - Processing /home/airflow/.local/lib/python3.8/site-packages/airflow/example_dags/example_short_circuit_decorator.py took 0.054 seconds
[2024-05-11T21:13:48.965+0000] {processor.py:157} INFO - Started process (PID=952) to work on /home/airflow/.local/lib/python3.8/site-packages/airflow/example_dags/example_short_circuit_decorator.py
[2024-05-11T21:13:48.966+0000] {processor.py:829} INFO - Processing file /home/airflow/.local/lib/python3.8/site-packages/airflow/example_dags/example_short_circuit_decorator.py for tasks to queue
[2024-05-11T21:13:48.968+0000] {logging_mixin.py:154} INFO - [2024-05-11T21:13:48.968+0000] {dagbag.py:536} INFO - Filling up the DagBag from /home/airflow/.local/lib/python3.8/site-packages/airflow/example_dags/example_short_circuit_decorator.py
[2024-05-11T21:13:48.975+0000] {processor.py:839} INFO - DAG(s) dict_keys(['example_short_circuit_decorator']) retrieved from /home/airflow/.local/lib/python3.8/site-packages/airflow/example_dags/example_short_circuit_decorator.py
[2024-05-11T21:13:49.003+0000] {logging_mixin.py:154} INFO - [2024-05-11T21:13:49.002+0000] {dag.py:2941} INFO - Sync 1 DAGs
[2024-05-11T21:13:49.017+0000] {logging_mixin.py:154} INFO - [2024-05-11T21:13:49.017+0000] {dag.py:3722} INFO - Setting next_dagrun for example_short_circuit_decorator to 2024-05-10T21:13:49.017538+00:00, run_after=2024-05-11T21:13:49.017538+00:00
[2024-05-11T21:13:49.034+0000] {processor.py:179} INFO - Processing /home/airflow/.local/lib/python3.8/site-packages/airflow/example_dags/example_short_circuit_decorator.py took 0.072 seconds
[2024-05-11T21:14:19.238+0000] {processor.py:157} INFO - Started process (PID=1007) to work on /home/airflow/.local/lib/python3.8/site-packages/airflow/example_dags/example_short_circuit_decorator.py
[2024-05-11T21:14:19.239+0000] {processor.py:829} INFO - Processing file /home/airflow/.local/lib/python3.8/site-packages/airflow/example_dags/example_short_circuit_decorator.py for tasks to queue
[2024-05-11T21:14:19.241+0000] {logging_mixin.py:154} INFO - [2024-05-11T21:14:19.241+0000] {dagbag.py:536} INFO - Filling up the DagBag from /home/airflow/.local/lib/python3.8/site-packages/airflow/example_dags/example_short_circuit_decorator.py
[2024-05-11T21:14:19.247+0000] {processor.py:839} INFO - DAG(s) dict_keys(['example_short_circuit_decorator']) retrieved from /home/airflow/.local/lib/python3.8/site-packages/airflow/example_dags/example_short_circuit_decorator.py
[2024-05-11T21:14:19.264+0000] {logging_mixin.py:154} INFO - [2024-05-11T21:14:19.264+0000] {dag.py:2941} INFO - Sync 1 DAGs
[2024-05-11T21:14:19.278+0000] {logging_mixin.py:154} INFO - [2024-05-11T21:14:19.278+0000] {dag.py:3722} INFO - Setting next_dagrun for example_short_circuit_decorator to 2024-05-10T21:14:19.278129+00:00, run_after=2024-05-11T21:14:19.278129+00:00
[2024-05-11T21:14:19.289+0000] {processor.py:179} INFO - Processing /home/airflow/.local/lib/python3.8/site-packages/airflow/example_dags/example_short_circuit_decorator.py took 0.053 seconds
[2024-05-11T21:14:49.594+0000] {processor.py:157} INFO - Started process (PID=1063) to work on /home/airflow/.local/lib/python3.8/site-packages/airflow/example_dags/example_short_circuit_decorator.py
[2024-05-11T21:14:49.596+0000] {processor.py:829} INFO - Processing file /home/airflow/.local/lib/python3.8/site-packages/airflow/example_dags/example_short_circuit_decorator.py for tasks to queue
[2024-05-11T21:14:49.599+0000] {logging_mixin.py:154} INFO - [2024-05-11T21:14:49.598+0000] {dagbag.py:536} INFO - Filling up the DagBag from /home/airflow/.local/lib/python3.8/site-packages/airflow/example_dags/example_short_circuit_decorator.py
[2024-05-11T21:14:49.606+0000] {processor.py:839} INFO - DAG(s) dict_keys(['example_short_circuit_decorator']) retrieved from /home/airflow/.local/lib/python3.8/site-packages/airflow/example_dags/example_short_circuit_decorator.py
[2024-05-11T21:14:49.636+0000] {logging_mixin.py:154} INFO - [2024-05-11T21:14:49.635+0000] {dag.py:2941} INFO - Sync 1 DAGs
[2024-05-11T21:14:49.652+0000] {logging_mixin.py:154} INFO - [2024-05-11T21:14:49.652+0000] {dag.py:3722} INFO - Setting next_dagrun for example_short_circuit_decorator to 2024-05-10T21:14:49.652383+00:00, run_after=2024-05-11T21:14:49.652383+00:00
[2024-05-11T21:14:49.665+0000] {processor.py:179} INFO - Processing /home/airflow/.local/lib/python3.8/site-packages/airflow/example_dags/example_short_circuit_decorator.py took 0.073 seconds
[2024-05-11T21:16:33.607+0000] {processor.py:157} INFO - Started process (PID=69) to work on /home/airflow/.local/lib/python3.8/site-packages/airflow/example_dags/example_short_circuit_decorator.py
[2024-05-11T21:16:33.609+0000] {processor.py:829} INFO - Processing file /home/airflow/.local/lib/python3.8/site-packages/airflow/example_dags/example_short_circuit_decorator.py for tasks to queue
[2024-05-11T21:16:33.613+0000] {logging_mixin.py:154} INFO - [2024-05-11T21:16:33.613+0000] {dagbag.py:536} INFO - Filling up the DagBag from /home/airflow/.local/lib/python3.8/site-packages/airflow/example_dags/example_short_circuit_decorator.py
[2024-05-11T21:16:33.620+0000] {processor.py:839} INFO - DAG(s) dict_keys(['example_short_circuit_decorator']) retrieved from /home/airflow/.local/lib/python3.8/site-packages/airflow/example_dags/example_short_circuit_decorator.py
[2024-05-11T21:16:33.635+0000] {logging_mixin.py:154} INFO - [2024-05-11T21:16:33.635+0000] {dag.py:2941} INFO - Sync 1 DAGs
[2024-05-11T21:16:33.652+0000] {logging_mixin.py:154} INFO - [2024-05-11T21:16:33.652+0000] {dag.py:3722} INFO - Setting next_dagrun for example_short_circuit_decorator to 2024-05-10T21:16:33.651856+00:00, run_after=2024-05-11T21:16:33.651856+00:00
[2024-05-11T21:16:33.673+0000] {processor.py:179} INFO - Processing /home/airflow/.local/lib/python3.8/site-packages/airflow/example_dags/example_short_circuit_decorator.py took 0.069 seconds
[2024-05-11T21:17:04.136+0000] {processor.py:157} INFO - Started process (PID=125) to work on /home/airflow/.local/lib/python3.8/site-packages/airflow/example_dags/example_short_circuit_decorator.py
[2024-05-11T21:17:04.137+0000] {processor.py:829} INFO - Processing file /home/airflow/.local/lib/python3.8/site-packages/airflow/example_dags/example_short_circuit_decorator.py for tasks to queue
[2024-05-11T21:17:04.139+0000] {logging_mixin.py:154} INFO - [2024-05-11T21:17:04.139+0000] {dagbag.py:536} INFO - Filling up the DagBag from /home/airflow/.local/lib/python3.8/site-packages/airflow/example_dags/example_short_circuit_decorator.py
[2024-05-11T21:17:04.145+0000] {processor.py:839} INFO - DAG(s) dict_keys(['example_short_circuit_decorator']) retrieved from /home/airflow/.local/lib/python3.8/site-packages/airflow/example_dags/example_short_circuit_decorator.py
[2024-05-11T21:17:04.161+0000] {logging_mixin.py:154} INFO - [2024-05-11T21:17:04.161+0000] {dag.py:2941} INFO - Sync 1 DAGs
[2024-05-11T21:17:04.173+0000] {logging_mixin.py:154} INFO - [2024-05-11T21:17:04.173+0000] {dag.py:3722} INFO - Setting next_dagrun for example_short_circuit_decorator to 2024-05-10T21:17:04.173453+00:00, run_after=2024-05-11T21:17:04.173453+00:00
[2024-05-11T21:17:04.183+0000] {processor.py:179} INFO - Processing /home/airflow/.local/lib/python3.8/site-packages/airflow/example_dags/example_short_circuit_decorator.py took 0.050 seconds
[2024-05-11T21:17:34.439+0000] {processor.py:157} INFO - Started process (PID=180) to work on /home/airflow/.local/lib/python3.8/site-packages/airflow/example_dags/example_short_circuit_decorator.py
[2024-05-11T21:17:34.441+0000] {processor.py:829} INFO - Processing file /home/airflow/.local/lib/python3.8/site-packages/airflow/example_dags/example_short_circuit_decorator.py for tasks to queue
[2024-05-11T21:17:34.445+0000] {logging_mixin.py:154} INFO - [2024-05-11T21:17:34.444+0000] {dagbag.py:536} INFO - Filling up the DagBag from /home/airflow/.local/lib/python3.8/site-packages/airflow/example_dags/example_short_circuit_decorator.py
[2024-05-11T21:17:34.455+0000] {processor.py:839} INFO - DAG(s) dict_keys(['example_short_circuit_decorator']) retrieved from /home/airflow/.local/lib/python3.8/site-packages/airflow/example_dags/example_short_circuit_decorator.py
[2024-05-11T21:17:34.502+0000] {logging_mixin.py:154} INFO - [2024-05-11T21:17:34.502+0000] {dag.py:2941} INFO - Sync 1 DAGs
[2024-05-11T21:17:34.519+0000] {logging_mixin.py:154} INFO - [2024-05-11T21:17:34.519+0000] {dag.py:3722} INFO - Setting next_dagrun for example_short_circuit_decorator to 2024-05-10T21:17:34.519021+00:00, run_after=2024-05-11T21:17:34.519021+00:00
[2024-05-11T21:17:34.531+0000] {processor.py:179} INFO - Processing /home/airflow/.local/lib/python3.8/site-packages/airflow/example_dags/example_short_circuit_decorator.py took 0.096 seconds
[2024-05-11T21:18:04.807+0000] {processor.py:157} INFO - Started process (PID=236) to work on /home/airflow/.local/lib/python3.8/site-packages/airflow/example_dags/example_short_circuit_decorator.py
[2024-05-11T21:18:04.808+0000] {processor.py:829} INFO - Processing file /home/airflow/.local/lib/python3.8/site-packages/airflow/example_dags/example_short_circuit_decorator.py for tasks to queue
[2024-05-11T21:18:04.810+0000] {logging_mixin.py:154} INFO - [2024-05-11T21:18:04.810+0000] {dagbag.py:536} INFO - Filling up the DagBag from /home/airflow/.local/lib/python3.8/site-packages/airflow/example_dags/example_short_circuit_decorator.py
[2024-05-11T21:18:04.816+0000] {processor.py:839} INFO - DAG(s) dict_keys(['example_short_circuit_decorator']) retrieved from /home/airflow/.local/lib/python3.8/site-packages/airflow/example_dags/example_short_circuit_decorator.py
[2024-05-11T21:18:04.835+0000] {logging_mixin.py:154} INFO - [2024-05-11T21:18:04.835+0000] {dag.py:2941} INFO - Sync 1 DAGs
[2024-05-11T21:18:04.849+0000] {logging_mixin.py:154} INFO - [2024-05-11T21:18:04.849+0000] {dag.py:3722} INFO - Setting next_dagrun for example_short_circuit_decorator to 2024-05-10T21:18:04.849262+00:00, run_after=2024-05-11T21:18:04.849262+00:00
[2024-05-11T21:18:04.859+0000] {processor.py:179} INFO - Processing /home/airflow/.local/lib/python3.8/site-packages/airflow/example_dags/example_short_circuit_decorator.py took 0.055 seconds
[2024-05-11T21:18:34.983+0000] {processor.py:157} INFO - Started process (PID=291) to work on /home/airflow/.local/lib/python3.8/site-packages/airflow/example_dags/example_short_circuit_decorator.py
[2024-05-11T21:18:34.985+0000] {processor.py:829} INFO - Processing file /home/airflow/.local/lib/python3.8/site-packages/airflow/example_dags/example_short_circuit_decorator.py for tasks to queue
[2024-05-11T21:18:34.988+0000] {logging_mixin.py:154} INFO - [2024-05-11T21:18:34.987+0000] {dagbag.py:536} INFO - Filling up the DagBag from /home/airflow/.local/lib/python3.8/site-packages/airflow/example_dags/example_short_circuit_decorator.py
[2024-05-11T21:18:34.994+0000] {processor.py:839} INFO - DAG(s) dict_keys(['example_short_circuit_decorator']) retrieved from /home/airflow/.local/lib/python3.8/site-packages/airflow/example_dags/example_short_circuit_decorator.py
[2024-05-11T21:18:35.015+0000] {logging_mixin.py:154} INFO - [2024-05-11T21:18:35.015+0000] {dag.py:2941} INFO - Sync 1 DAGs
[2024-05-11T21:18:35.032+0000] {logging_mixin.py:154} INFO - [2024-05-11T21:18:35.032+0000] {dag.py:3722} INFO - Setting next_dagrun for example_short_circuit_decorator to 2024-05-10T21:18:35.032266+00:00, run_after=2024-05-11T21:18:35.032266+00:00
[2024-05-11T21:18:35.046+0000] {processor.py:179} INFO - Processing /home/airflow/.local/lib/python3.8/site-packages/airflow/example_dags/example_short_circuit_decorator.py took 0.065 seconds
[2024-05-11T21:19:05.172+0000] {processor.py:157} INFO - Started process (PID=346) to work on /home/airflow/.local/lib/python3.8/site-packages/airflow/example_dags/example_short_circuit_decorator.py
[2024-05-11T21:19:05.173+0000] {processor.py:829} INFO - Processing file /home/airflow/.local/lib/python3.8/site-packages/airflow/example_dags/example_short_circuit_decorator.py for tasks to queue
[2024-05-11T21:19:05.175+0000] {logging_mixin.py:154} INFO - [2024-05-11T21:19:05.175+0000] {dagbag.py:536} INFO - Filling up the DagBag from /home/airflow/.local/lib/python3.8/site-packages/airflow/example_dags/example_short_circuit_decorator.py
[2024-05-11T21:19:05.181+0000] {processor.py:839} INFO - DAG(s) dict_keys(['example_short_circuit_decorator']) retrieved from /home/airflow/.local/lib/python3.8/site-packages/airflow/example_dags/example_short_circuit_decorator.py
[2024-05-11T21:19:05.200+0000] {logging_mixin.py:154} INFO - [2024-05-11T21:19:05.200+0000] {dag.py:2941} INFO - Sync 1 DAGs
[2024-05-11T21:19:05.217+0000] {logging_mixin.py:154} INFO - [2024-05-11T21:19:05.217+0000] {dag.py:3722} INFO - Setting next_dagrun for example_short_circuit_decorator to 2024-05-10T21:19:05.217230+00:00, run_after=2024-05-11T21:19:05.217230+00:00
[2024-05-11T21:19:05.232+0000] {processor.py:179} INFO - Processing /home/airflow/.local/lib/python3.8/site-packages/airflow/example_dags/example_short_circuit_decorator.py took 0.063 seconds
[2024-05-11T21:19:35.546+0000] {processor.py:157} INFO - Started process (PID=401) to work on /home/airflow/.local/lib/python3.8/site-packages/airflow/example_dags/example_short_circuit_decorator.py
[2024-05-11T21:19:35.548+0000] {processor.py:829} INFO - Processing file /home/airflow/.local/lib/python3.8/site-packages/airflow/example_dags/example_short_circuit_decorator.py for tasks to queue
[2024-05-11T21:19:35.549+0000] {logging_mixin.py:154} INFO - [2024-05-11T21:19:35.549+0000] {dagbag.py:536} INFO - Filling up the DagBag from /home/airflow/.local/lib/python3.8/site-packages/airflow/example_dags/example_short_circuit_decorator.py
[2024-05-11T21:19:35.556+0000] {processor.py:839} INFO - DAG(s) dict_keys(['example_short_circuit_decorator']) retrieved from /home/airflow/.local/lib/python3.8/site-packages/airflow/example_dags/example_short_circuit_decorator.py
[2024-05-11T21:19:35.574+0000] {logging_mixin.py:154} INFO - [2024-05-11T21:19:35.574+0000] {dag.py:2941} INFO - Sync 1 DAGs
[2024-05-11T21:19:35.588+0000] {logging_mixin.py:154} INFO - [2024-05-11T21:19:35.588+0000] {dag.py:3722} INFO - Setting next_dagrun for example_short_circuit_decorator to 2024-05-10T21:19:35.588130+00:00, run_after=2024-05-11T21:19:35.588130+00:00
[2024-05-11T21:19:35.598+0000] {processor.py:179} INFO - Processing /home/airflow/.local/lib/python3.8/site-packages/airflow/example_dags/example_short_circuit_decorator.py took 0.055 seconds
[2024-05-11T21:20:06.011+0000] {processor.py:157} INFO - Started process (PID=456) to work on /home/airflow/.local/lib/python3.8/site-packages/airflow/example_dags/example_short_circuit_decorator.py
[2024-05-11T21:20:06.013+0000] {processor.py:829} INFO - Processing file /home/airflow/.local/lib/python3.8/site-packages/airflow/example_dags/example_short_circuit_decorator.py for tasks to queue
[2024-05-11T21:20:06.015+0000] {logging_mixin.py:154} INFO - [2024-05-11T21:20:06.014+0000] {dagbag.py:536} INFO - Filling up the DagBag from /home/airflow/.local/lib/python3.8/site-packages/airflow/example_dags/example_short_circuit_decorator.py
[2024-05-11T21:20:06.021+0000] {processor.py:839} INFO - DAG(s) dict_keys(['example_short_circuit_decorator']) retrieved from /home/airflow/.local/lib/python3.8/site-packages/airflow/example_dags/example_short_circuit_decorator.py
[2024-05-11T21:20:06.039+0000] {logging_mixin.py:154} INFO - [2024-05-11T21:20:06.039+0000] {dag.py:2941} INFO - Sync 1 DAGs
[2024-05-11T21:20:06.052+0000] {logging_mixin.py:154} INFO - [2024-05-11T21:20:06.052+0000] {dag.py:3722} INFO - Setting next_dagrun for example_short_circuit_decorator to 2024-05-10T21:20:06.052197+00:00, run_after=2024-05-11T21:20:06.052197+00:00
[2024-05-11T21:20:06.062+0000] {processor.py:179} INFO - Processing /home/airflow/.local/lib/python3.8/site-packages/airflow/example_dags/example_short_circuit_decorator.py took 0.053 seconds
[2024-05-11T21:20:36.189+0000] {processor.py:157} INFO - Started process (PID=511) to work on /home/airflow/.local/lib/python3.8/site-packages/airflow/example_dags/example_short_circuit_decorator.py
[2024-05-11T21:20:36.190+0000] {processor.py:829} INFO - Processing file /home/airflow/.local/lib/python3.8/site-packages/airflow/example_dags/example_short_circuit_decorator.py for tasks to queue
[2024-05-11T21:20:36.192+0000] {logging_mixin.py:154} INFO - [2024-05-11T21:20:36.191+0000] {dagbag.py:536} INFO - Filling up the DagBag from /home/airflow/.local/lib/python3.8/site-packages/airflow/example_dags/example_short_circuit_decorator.py
[2024-05-11T21:20:36.198+0000] {processor.py:839} INFO - DAG(s) dict_keys(['example_short_circuit_decorator']) retrieved from /home/airflow/.local/lib/python3.8/site-packages/airflow/example_dags/example_short_circuit_decorator.py
[2024-05-11T21:20:36.215+0000] {logging_mixin.py:154} INFO - [2024-05-11T21:20:36.215+0000] {dag.py:2941} INFO - Sync 1 DAGs
[2024-05-11T21:20:36.230+0000] {logging_mixin.py:154} INFO - [2024-05-11T21:20:36.229+0000] {dag.py:3722} INFO - Setting next_dagrun for example_short_circuit_decorator to 2024-05-10T21:20:36.229763+00:00, run_after=2024-05-11T21:20:36.229763+00:00
[2024-05-11T21:20:36.240+0000] {processor.py:179} INFO - Processing /home/airflow/.local/lib/python3.8/site-packages/airflow/example_dags/example_short_circuit_decorator.py took 0.054 seconds
[2024-05-11T21:21:06.281+0000] {processor.py:157} INFO - Started process (PID=566) to work on /home/airflow/.local/lib/python3.8/site-packages/airflow/example_dags/example_short_circuit_decorator.py
[2024-05-11T21:21:06.282+0000] {processor.py:829} INFO - Processing file /home/airflow/.local/lib/python3.8/site-packages/airflow/example_dags/example_short_circuit_decorator.py for tasks to queue
[2024-05-11T21:21:06.284+0000] {logging_mixin.py:154} INFO - [2024-05-11T21:21:06.284+0000] {dagbag.py:536} INFO - Filling up the DagBag from /home/airflow/.local/lib/python3.8/site-packages/airflow/example_dags/example_short_circuit_decorator.py
[2024-05-11T21:21:06.290+0000] {processor.py:839} INFO - DAG(s) dict_keys(['example_short_circuit_decorator']) retrieved from /home/airflow/.local/lib/python3.8/site-packages/airflow/example_dags/example_short_circuit_decorator.py
[2024-05-11T21:21:06.308+0000] {logging_mixin.py:154} INFO - [2024-05-11T21:21:06.308+0000] {dag.py:2941} INFO - Sync 1 DAGs
[2024-05-11T21:21:06.322+0000] {logging_mixin.py:154} INFO - [2024-05-11T21:21:06.322+0000] {dag.py:3722} INFO - Setting next_dagrun for example_short_circuit_decorator to 2024-05-10T21:21:06.321953+00:00, run_after=2024-05-11T21:21:06.321953+00:00
[2024-05-11T21:21:06.332+0000] {processor.py:179} INFO - Processing /home/airflow/.local/lib/python3.8/site-packages/airflow/example_dags/example_short_circuit_decorator.py took 0.054 seconds
[2024-05-11T21:21:36.839+0000] {processor.py:157} INFO - Started process (PID=621) to work on /home/airflow/.local/lib/python3.8/site-packages/airflow/example_dags/example_short_circuit_decorator.py
[2024-05-11T21:21:36.840+0000] {processor.py:829} INFO - Processing file /home/airflow/.local/lib/python3.8/site-packages/airflow/example_dags/example_short_circuit_decorator.py for tasks to queue
[2024-05-11T21:21:36.842+0000] {logging_mixin.py:154} INFO - [2024-05-11T21:21:36.842+0000] {dagbag.py:536} INFO - Filling up the DagBag from /home/airflow/.local/lib/python3.8/site-packages/airflow/example_dags/example_short_circuit_decorator.py
[2024-05-11T21:21:36.848+0000] {processor.py:839} INFO - DAG(s) dict_keys(['example_short_circuit_decorator']) retrieved from /home/airflow/.local/lib/python3.8/site-packages/airflow/example_dags/example_short_circuit_decorator.py
[2024-05-11T21:21:36.865+0000] {logging_mixin.py:154} INFO - [2024-05-11T21:21:36.865+0000] {dag.py:2941} INFO - Sync 1 DAGs
[2024-05-11T21:21:36.877+0000] {logging_mixin.py:154} INFO - [2024-05-11T21:21:36.877+0000] {dag.py:3722} INFO - Setting next_dagrun for example_short_circuit_decorator to 2024-05-10T21:21:36.877035+00:00, run_after=2024-05-11T21:21:36.877035+00:00
[2024-05-11T21:21:36.886+0000] {processor.py:179} INFO - Processing /home/airflow/.local/lib/python3.8/site-packages/airflow/example_dags/example_short_circuit_decorator.py took 0.050 seconds
[2024-05-11T21:42:07.708+0000] {processor.py:157} INFO - Started process (PID=66) to work on /home/airflow/.local/lib/python3.8/site-packages/airflow/example_dags/example_short_circuit_decorator.py
[2024-05-11T21:42:07.713+0000] {processor.py:829} INFO - Processing file /home/airflow/.local/lib/python3.8/site-packages/airflow/example_dags/example_short_circuit_decorator.py for tasks to queue
[2024-05-11T21:42:07.717+0000] {logging_mixin.py:154} INFO - [2024-05-11T21:42:07.717+0000] {dagbag.py:536} INFO - Filling up the DagBag from /home/airflow/.local/lib/python3.8/site-packages/airflow/example_dags/example_short_circuit_decorator.py
[2024-05-11T21:42:07.729+0000] {processor.py:839} INFO - DAG(s) dict_keys(['example_short_circuit_decorator']) retrieved from /home/airflow/.local/lib/python3.8/site-packages/airflow/example_dags/example_short_circuit_decorator.py
[2024-05-11T21:42:07.877+0000] {logging_mixin.py:154} INFO - [2024-05-11T21:42:07.877+0000] {manager.py:499} INFO - Created Permission View: %s
[2024-05-11T21:42:07.895+0000] {logging_mixin.py:154} INFO - [2024-05-11T21:42:07.895+0000] {manager.py:499} INFO - Created Permission View: %s
[2024-05-11T21:42:07.907+0000] {logging_mixin.py:154} INFO - [2024-05-11T21:42:07.906+0000] {manager.py:499} INFO - Created Permission View: %s
[2024-05-11T21:42:07.908+0000] {logging_mixin.py:154} INFO - [2024-05-11T21:42:07.908+0000] {dag.py:2941} INFO - Sync 1 DAGs
[2024-05-11T21:42:07.923+0000] {logging_mixin.py:154} INFO - [2024-05-11T21:42:07.923+0000] {dag.py:2963} INFO - Creating ORM DAG for example_short_circuit_decorator
[2024-05-11T21:42:07.933+0000] {logging_mixin.py:154} INFO - [2024-05-11T21:42:07.933+0000] {dag.py:3722} INFO - Setting next_dagrun for example_short_circuit_decorator to 2024-05-10T21:42:07.933155+00:00, run_after=2024-05-11T21:42:07.933155+00:00
[2024-05-11T21:42:07.953+0000] {processor.py:179} INFO - Processing /home/airflow/.local/lib/python3.8/site-packages/airflow/example_dags/example_short_circuit_decorator.py took 0.250 seconds
[2024-05-11T21:42:38.493+0000] {processor.py:157} INFO - Started process (PID=121) to work on /home/airflow/.local/lib/python3.8/site-packages/airflow/example_dags/example_short_circuit_decorator.py
[2024-05-11T21:42:38.495+0000] {processor.py:829} INFO - Processing file /home/airflow/.local/lib/python3.8/site-packages/airflow/example_dags/example_short_circuit_decorator.py for tasks to queue
[2024-05-11T21:42:38.497+0000] {logging_mixin.py:154} INFO - [2024-05-11T21:42:38.497+0000] {dagbag.py:536} INFO - Filling up the DagBag from /home/airflow/.local/lib/python3.8/site-packages/airflow/example_dags/example_short_circuit_decorator.py
[2024-05-11T21:42:38.505+0000] {processor.py:839} INFO - DAG(s) dict_keys(['example_short_circuit_decorator']) retrieved from /home/airflow/.local/lib/python3.8/site-packages/airflow/example_dags/example_short_circuit_decorator.py
[2024-05-11T21:42:38.529+0000] {logging_mixin.py:154} INFO - [2024-05-11T21:42:38.529+0000] {dag.py:2941} INFO - Sync 1 DAGs
[2024-05-11T21:42:38.546+0000] {logging_mixin.py:154} INFO - [2024-05-11T21:42:38.546+0000] {dag.py:3722} INFO - Setting next_dagrun for example_short_circuit_decorator to 2024-05-10T21:42:38.545871+00:00, run_after=2024-05-11T21:42:38.545871+00:00
[2024-05-11T21:42:38.573+0000] {processor.py:179} INFO - Processing /home/airflow/.local/lib/python3.8/site-packages/airflow/example_dags/example_short_circuit_decorator.py took 0.084 seconds
[2024-05-11T21:43:08.677+0000] {processor.py:157} INFO - Started process (PID=176) to work on /home/airflow/.local/lib/python3.8/site-packages/airflow/example_dags/example_short_circuit_decorator.py
[2024-05-11T21:43:08.679+0000] {processor.py:829} INFO - Processing file /home/airflow/.local/lib/python3.8/site-packages/airflow/example_dags/example_short_circuit_decorator.py for tasks to queue
[2024-05-11T21:43:08.683+0000] {logging_mixin.py:154} INFO - [2024-05-11T21:43:08.682+0000] {dagbag.py:536} INFO - Filling up the DagBag from /home/airflow/.local/lib/python3.8/site-packages/airflow/example_dags/example_short_circuit_decorator.py
[2024-05-11T21:43:08.692+0000] {processor.py:839} INFO - DAG(s) dict_keys(['example_short_circuit_decorator']) retrieved from /home/airflow/.local/lib/python3.8/site-packages/airflow/example_dags/example_short_circuit_decorator.py
[2024-05-11T21:43:08.731+0000] {logging_mixin.py:154} INFO - [2024-05-11T21:43:08.730+0000] {dag.py:2941} INFO - Sync 1 DAGs
[2024-05-11T21:43:08.749+0000] {logging_mixin.py:154} INFO - [2024-05-11T21:43:08.749+0000] {dag.py:3722} INFO - Setting next_dagrun for example_short_circuit_decorator to 2024-05-10T21:43:08.749158+00:00, run_after=2024-05-11T21:43:08.749158+00:00
[2024-05-11T21:43:08.765+0000] {processor.py:179} INFO - Processing /home/airflow/.local/lib/python3.8/site-packages/airflow/example_dags/example_short_circuit_decorator.py took 0.091 seconds
[2024-05-11T21:43:39.336+0000] {processor.py:157} INFO - Started process (PID=231) to work on /home/airflow/.local/lib/python3.8/site-packages/airflow/example_dags/example_short_circuit_decorator.py
[2024-05-11T21:43:39.338+0000] {processor.py:829} INFO - Processing file /home/airflow/.local/lib/python3.8/site-packages/airflow/example_dags/example_short_circuit_decorator.py for tasks to queue
[2024-05-11T21:43:39.341+0000] {logging_mixin.py:154} INFO - [2024-05-11T21:43:39.341+0000] {dagbag.py:536} INFO - Filling up the DagBag from /home/airflow/.local/lib/python3.8/site-packages/airflow/example_dags/example_short_circuit_decorator.py
[2024-05-11T21:43:39.350+0000] {processor.py:839} INFO - DAG(s) dict_keys(['example_short_circuit_decorator']) retrieved from /home/airflow/.local/lib/python3.8/site-packages/airflow/example_dags/example_short_circuit_decorator.py
[2024-05-11T21:43:39.380+0000] {logging_mixin.py:154} INFO - [2024-05-11T21:43:39.380+0000] {dag.py:2941} INFO - Sync 1 DAGs
[2024-05-11T21:43:39.402+0000] {logging_mixin.py:154} INFO - [2024-05-11T21:43:39.402+0000] {dag.py:3722} INFO - Setting next_dagrun for example_short_circuit_decorator to 2024-05-10T21:43:39.401215+00:00, run_after=2024-05-11T21:43:39.401215+00:00
[2024-05-11T21:43:39.421+0000] {processor.py:179} INFO - Processing /home/airflow/.local/lib/python3.8/site-packages/airflow/example_dags/example_short_circuit_decorator.py took 0.089 seconds
[2024-05-11T21:44:10.019+0000] {processor.py:157} INFO - Started process (PID=286) to work on /home/airflow/.local/lib/python3.8/site-packages/airflow/example_dags/example_short_circuit_decorator.py
[2024-05-11T21:44:10.020+0000] {processor.py:829} INFO - Processing file /home/airflow/.local/lib/python3.8/site-packages/airflow/example_dags/example_short_circuit_decorator.py for tasks to queue
[2024-05-11T21:44:10.023+0000] {logging_mixin.py:154} INFO - [2024-05-11T21:44:10.023+0000] {dagbag.py:536} INFO - Filling up the DagBag from /home/airflow/.local/lib/python3.8/site-packages/airflow/example_dags/example_short_circuit_decorator.py
[2024-05-11T21:44:10.030+0000] {processor.py:839} INFO - DAG(s) dict_keys(['example_short_circuit_decorator']) retrieved from /home/airflow/.local/lib/python3.8/site-packages/airflow/example_dags/example_short_circuit_decorator.py
[2024-05-11T21:44:10.054+0000] {logging_mixin.py:154} INFO - [2024-05-11T21:44:10.054+0000] {dag.py:2941} INFO - Sync 1 DAGs
[2024-05-11T21:44:10.072+0000] {logging_mixin.py:154} INFO - [2024-05-11T21:44:10.072+0000] {dag.py:3722} INFO - Setting next_dagrun for example_short_circuit_decorator to 2024-05-10T21:44:10.072105+00:00, run_after=2024-05-11T21:44:10.072105+00:00
[2024-05-11T21:44:10.087+0000] {processor.py:179} INFO - Processing /home/airflow/.local/lib/python3.8/site-packages/airflow/example_dags/example_short_circuit_decorator.py took 0.072 seconds
[2024-05-11T21:44:40.502+0000] {processor.py:157} INFO - Started process (PID=341) to work on /home/airflow/.local/lib/python3.8/site-packages/airflow/example_dags/example_short_circuit_decorator.py
[2024-05-11T21:44:40.503+0000] {processor.py:829} INFO - Processing file /home/airflow/.local/lib/python3.8/site-packages/airflow/example_dags/example_short_circuit_decorator.py for tasks to queue
[2024-05-11T21:44:40.505+0000] {logging_mixin.py:154} INFO - [2024-05-11T21:44:40.505+0000] {dagbag.py:536} INFO - Filling up the DagBag from /home/airflow/.local/lib/python3.8/site-packages/airflow/example_dags/example_short_circuit_decorator.py
[2024-05-11T21:44:40.512+0000] {processor.py:839} INFO - DAG(s) dict_keys(['example_short_circuit_decorator']) retrieved from /home/airflow/.local/lib/python3.8/site-packages/airflow/example_dags/example_short_circuit_decorator.py
[2024-05-11T21:44:40.534+0000] {logging_mixin.py:154} INFO - [2024-05-11T21:44:40.533+0000] {dag.py:2941} INFO - Sync 1 DAGs
[2024-05-11T21:44:40.549+0000] {logging_mixin.py:154} INFO - [2024-05-11T21:44:40.548+0000] {dag.py:3722} INFO - Setting next_dagrun for example_short_circuit_decorator to 2024-05-10T21:44:40.548695+00:00, run_after=2024-05-11T21:44:40.548695+00:00
[2024-05-11T21:44:40.562+0000] {processor.py:179} INFO - Processing /home/airflow/.local/lib/python3.8/site-packages/airflow/example_dags/example_short_circuit_decorator.py took 0.063 seconds
[2024-05-11T21:45:11.162+0000] {processor.py:157} INFO - Started process (PID=396) to work on /home/airflow/.local/lib/python3.8/site-packages/airflow/example_dags/example_short_circuit_decorator.py
[2024-05-11T21:45:11.164+0000] {processor.py:829} INFO - Processing file /home/airflow/.local/lib/python3.8/site-packages/airflow/example_dags/example_short_circuit_decorator.py for tasks to queue
[2024-05-11T21:45:11.167+0000] {logging_mixin.py:154} INFO - [2024-05-11T21:45:11.167+0000] {dagbag.py:536} INFO - Filling up the DagBag from /home/airflow/.local/lib/python3.8/site-packages/airflow/example_dags/example_short_circuit_decorator.py
[2024-05-11T21:45:11.176+0000] {processor.py:839} INFO - DAG(s) dict_keys(['example_short_circuit_decorator']) retrieved from /home/airflow/.local/lib/python3.8/site-packages/airflow/example_dags/example_short_circuit_decorator.py
[2024-05-11T21:45:11.205+0000] {logging_mixin.py:154} INFO - [2024-05-11T21:45:11.205+0000] {dag.py:2941} INFO - Sync 1 DAGs
[2024-05-11T21:45:11.222+0000] {logging_mixin.py:154} INFO - [2024-05-11T21:45:11.221+0000] {dag.py:3722} INFO - Setting next_dagrun for example_short_circuit_decorator to 2024-05-10T21:45:11.221471+00:00, run_after=2024-05-11T21:45:11.221471+00:00
[2024-05-11T21:45:11.238+0000] {processor.py:179} INFO - Processing /home/airflow/.local/lib/python3.8/site-packages/airflow/example_dags/example_short_circuit_decorator.py took 0.079 seconds
[2024-05-11T21:45:41.763+0000] {processor.py:157} INFO - Started process (PID=452) to work on /home/airflow/.local/lib/python3.8/site-packages/airflow/example_dags/example_short_circuit_decorator.py
[2024-05-11T21:45:41.765+0000] {processor.py:829} INFO - Processing file /home/airflow/.local/lib/python3.8/site-packages/airflow/example_dags/example_short_circuit_decorator.py for tasks to queue
[2024-05-11T21:45:41.769+0000] {logging_mixin.py:154} INFO - [2024-05-11T21:45:41.768+0000] {dagbag.py:536} INFO - Filling up the DagBag from /home/airflow/.local/lib/python3.8/site-packages/airflow/example_dags/example_short_circuit_decorator.py
[2024-05-11T21:45:41.776+0000] {processor.py:839} INFO - DAG(s) dict_keys(['example_short_circuit_decorator']) retrieved from /home/airflow/.local/lib/python3.8/site-packages/airflow/example_dags/example_short_circuit_decorator.py
[2024-05-11T21:45:41.814+0000] {logging_mixin.py:154} INFO - [2024-05-11T21:45:41.814+0000] {dag.py:2941} INFO - Sync 1 DAGs
[2024-05-11T21:45:41.836+0000] {logging_mixin.py:154} INFO - [2024-05-11T21:45:41.836+0000] {dag.py:3722} INFO - Setting next_dagrun for example_short_circuit_decorator to 2024-05-10T21:45:41.836498+00:00, run_after=2024-05-11T21:45:41.836498+00:00
[2024-05-11T21:45:41.853+0000] {processor.py:179} INFO - Processing /home/airflow/.local/lib/python3.8/site-packages/airflow/example_dags/example_short_circuit_decorator.py took 0.093 seconds
[2024-05-11T21:46:12.546+0000] {processor.py:157} INFO - Started process (PID=507) to work on /home/airflow/.local/lib/python3.8/site-packages/airflow/example_dags/example_short_circuit_decorator.py
[2024-05-11T21:46:12.548+0000] {processor.py:829} INFO - Processing file /home/airflow/.local/lib/python3.8/site-packages/airflow/example_dags/example_short_circuit_decorator.py for tasks to queue
[2024-05-11T21:46:12.551+0000] {logging_mixin.py:154} INFO - [2024-05-11T21:46:12.550+0000] {dagbag.py:536} INFO - Filling up the DagBag from /home/airflow/.local/lib/python3.8/site-packages/airflow/example_dags/example_short_circuit_decorator.py
[2024-05-11T21:46:12.559+0000] {processor.py:839} INFO - DAG(s) dict_keys(['example_short_circuit_decorator']) retrieved from /home/airflow/.local/lib/python3.8/site-packages/airflow/example_dags/example_short_circuit_decorator.py
[2024-05-11T21:46:12.582+0000] {logging_mixin.py:154} INFO - [2024-05-11T21:46:12.582+0000] {dag.py:2941} INFO - Sync 1 DAGs
[2024-05-11T21:46:12.602+0000] {logging_mixin.py:154} INFO - [2024-05-11T21:46:12.602+0000] {dag.py:3722} INFO - Setting next_dagrun for example_short_circuit_decorator to 2024-05-10T21:46:12.602250+00:00, run_after=2024-05-11T21:46:12.602250+00:00
[2024-05-11T21:46:12.617+0000] {processor.py:179} INFO - Processing /home/airflow/.local/lib/python3.8/site-packages/airflow/example_dags/example_short_circuit_decorator.py took 0.074 seconds
[2024-05-11T21:46:43.109+0000] {processor.py:157} INFO - Started process (PID=562) to work on /home/airflow/.local/lib/python3.8/site-packages/airflow/example_dags/example_short_circuit_decorator.py
[2024-05-11T21:46:43.111+0000] {processor.py:829} INFO - Processing file /home/airflow/.local/lib/python3.8/site-packages/airflow/example_dags/example_short_circuit_decorator.py for tasks to queue
[2024-05-11T21:46:43.114+0000] {logging_mixin.py:154} INFO - [2024-05-11T21:46:43.114+0000] {dagbag.py:536} INFO - Filling up the DagBag from /home/airflow/.local/lib/python3.8/site-packages/airflow/example_dags/example_short_circuit_decorator.py
[2024-05-11T21:46:43.121+0000] {processor.py:839} INFO - DAG(s) dict_keys(['example_short_circuit_decorator']) retrieved from /home/airflow/.local/lib/python3.8/site-packages/airflow/example_dags/example_short_circuit_decorator.py
[2024-05-11T21:46:43.142+0000] {logging_mixin.py:154} INFO - [2024-05-11T21:46:43.142+0000] {dag.py:2941} INFO - Sync 1 DAGs
[2024-05-11T21:46:43.159+0000] {logging_mixin.py:154} INFO - [2024-05-11T21:46:43.159+0000] {dag.py:3722} INFO - Setting next_dagrun for example_short_circuit_decorator to 2024-05-10T21:46:43.158996+00:00, run_after=2024-05-11T21:46:43.158996+00:00
[2024-05-11T21:46:43.172+0000] {processor.py:179} INFO - Processing /home/airflow/.local/lib/python3.8/site-packages/airflow/example_dags/example_short_circuit_decorator.py took 0.066 seconds
