[2024-05-11T21:03:17.859+0000] {processor.py:157} INFO - Started process (PID=38) to work on /home/airflow/.local/lib/python3.8/site-packages/airflow/example_dags/example_skip_dag.py
[2024-05-11T21:03:17.861+0000] {processor.py:829} INFO - Processing file /home/airflow/.local/lib/python3.8/site-packages/airflow/example_dags/example_skip_dag.py for tasks to queue
[2024-05-11T21:03:17.867+0000] {logging_mixin.py:154} INFO - [2024-05-11T21:03:17.866+0000] {dagbag.py:536} INFO - Filling up the DagBag from /home/airflow/.local/lib/python3.8/site-packages/airflow/example_dags/example_skip_dag.py
[2024-05-11T21:03:17.901+0000] {processor.py:839} INFO - DAG(s) dict_keys(['example_skip_dag']) retrieved from /home/airflow/.local/lib/python3.8/site-packages/airflow/example_dags/example_skip_dag.py
[2024-05-11T21:03:17.995+0000] {logging_mixin.py:154} INFO - [2024-05-11T21:03:17.995+0000] {manager.py:499} INFO - Created Permission View: %s
[2024-05-11T21:03:18.012+0000] {logging_mixin.py:154} INFO - [2024-05-11T21:03:18.012+0000] {manager.py:499} INFO - Created Permission View: %s
[2024-05-11T21:03:18.033+0000] {logging_mixin.py:154} INFO - [2024-05-11T21:03:18.033+0000] {manager.py:499} INFO - Created Permission View: %s
[2024-05-11T21:03:18.034+0000] {logging_mixin.py:154} INFO - [2024-05-11T21:03:18.034+0000] {dag.py:2941} INFO - Sync 1 DAGs
[2024-05-11T21:03:18.048+0000] {logging_mixin.py:154} INFO - [2024-05-11T21:03:18.048+0000] {dag.py:2963} INFO - Creating ORM DAG for example_skip_dag
[2024-05-11T21:03:18.059+0000] {logging_mixin.py:154} INFO - [2024-05-11T21:03:18.059+0000] {dag.py:3722} INFO - Setting next_dagrun for example_skip_dag to 2024-05-10T21:03:18.059060+00:00, run_after=2024-05-11T21:03:18.059060+00:00
[2024-05-11T21:03:18.084+0000] {processor.py:179} INFO - Processing /home/airflow/.local/lib/python3.8/site-packages/airflow/example_dags/example_skip_dag.py took 0.230 seconds
[2024-05-11T21:03:48.711+0000] {processor.py:157} INFO - Started process (PID=93) to work on /home/airflow/.local/lib/python3.8/site-packages/airflow/example_dags/example_skip_dag.py
[2024-05-11T21:03:48.714+0000] {processor.py:829} INFO - Processing file /home/airflow/.local/lib/python3.8/site-packages/airflow/example_dags/example_skip_dag.py for tasks to queue
[2024-05-11T21:03:48.719+0000] {logging_mixin.py:154} INFO - [2024-05-11T21:03:48.719+0000] {dagbag.py:536} INFO - Filling up the DagBag from /home/airflow/.local/lib/python3.8/site-packages/airflow/example_dags/example_skip_dag.py
[2024-05-11T21:03:48.724+0000] {processor.py:839} INFO - DAG(s) dict_keys(['example_skip_dag']) retrieved from /home/airflow/.local/lib/python3.8/site-packages/airflow/example_dags/example_skip_dag.py
[2024-05-11T21:03:48.744+0000] {logging_mixin.py:154} INFO - [2024-05-11T21:03:48.744+0000] {dag.py:2941} INFO - Sync 1 DAGs
[2024-05-11T21:03:48.758+0000] {logging_mixin.py:154} INFO - [2024-05-11T21:03:48.758+0000] {dag.py:3722} INFO - Setting next_dagrun for example_skip_dag to 2024-05-10T21:03:48.758545+00:00, run_after=2024-05-11T21:03:48.758545+00:00
[2024-05-11T21:03:48.770+0000] {processor.py:179} INFO - Processing /home/airflow/.local/lib/python3.8/site-packages/airflow/example_dags/example_skip_dag.py took 0.063 seconds
[2024-05-11T21:04:19.107+0000] {processor.py:157} INFO - Started process (PID=147) to work on /home/airflow/.local/lib/python3.8/site-packages/airflow/example_dags/example_skip_dag.py
[2024-05-11T21:04:19.109+0000] {processor.py:829} INFO - Processing file /home/airflow/.local/lib/python3.8/site-packages/airflow/example_dags/example_skip_dag.py for tasks to queue
[2024-05-11T21:04:19.110+0000] {logging_mixin.py:154} INFO - [2024-05-11T21:04:19.110+0000] {dagbag.py:536} INFO - Filling up the DagBag from /home/airflow/.local/lib/python3.8/site-packages/airflow/example_dags/example_skip_dag.py
[2024-05-11T21:04:19.115+0000] {processor.py:839} INFO - DAG(s) dict_keys(['example_skip_dag']) retrieved from /home/airflow/.local/lib/python3.8/site-packages/airflow/example_dags/example_skip_dag.py
[2024-05-11T21:04:19.133+0000] {logging_mixin.py:154} INFO - [2024-05-11T21:04:19.133+0000] {dag.py:2941} INFO - Sync 1 DAGs
[2024-05-11T21:04:19.151+0000] {logging_mixin.py:154} INFO - [2024-05-11T21:04:19.151+0000] {dag.py:3722} INFO - Setting next_dagrun for example_skip_dag to 2024-05-10T21:04:19.151086+00:00, run_after=2024-05-11T21:04:19.151086+00:00
[2024-05-11T21:04:19.162+0000] {processor.py:179} INFO - Processing /home/airflow/.local/lib/python3.8/site-packages/airflow/example_dags/example_skip_dag.py took 0.057 seconds
[2024-05-11T21:04:49.305+0000] {processor.py:157} INFO - Started process (PID=202) to work on /home/airflow/.local/lib/python3.8/site-packages/airflow/example_dags/example_skip_dag.py
[2024-05-11T21:04:49.307+0000] {processor.py:829} INFO - Processing file /home/airflow/.local/lib/python3.8/site-packages/airflow/example_dags/example_skip_dag.py for tasks to queue
[2024-05-11T21:04:49.309+0000] {logging_mixin.py:154} INFO - [2024-05-11T21:04:49.308+0000] {dagbag.py:536} INFO - Filling up the DagBag from /home/airflow/.local/lib/python3.8/site-packages/airflow/example_dags/example_skip_dag.py
[2024-05-11T21:04:49.314+0000] {processor.py:839} INFO - DAG(s) dict_keys(['example_skip_dag']) retrieved from /home/airflow/.local/lib/python3.8/site-packages/airflow/example_dags/example_skip_dag.py
[2024-05-11T21:04:49.332+0000] {logging_mixin.py:154} INFO - [2024-05-11T21:04:49.331+0000] {dag.py:2941} INFO - Sync 1 DAGs
[2024-05-11T21:04:49.347+0000] {logging_mixin.py:154} INFO - [2024-05-11T21:04:49.347+0000] {dag.py:3722} INFO - Setting next_dagrun for example_skip_dag to 2024-05-10T21:04:49.346885+00:00, run_after=2024-05-11T21:04:49.346885+00:00
[2024-05-11T21:04:49.358+0000] {processor.py:179} INFO - Processing /home/airflow/.local/lib/python3.8/site-packages/airflow/example_dags/example_skip_dag.py took 0.055 seconds
[2024-05-11T21:05:41.774+0000] {processor.py:157} INFO - Started process (PID=39) to work on /home/airflow/.local/lib/python3.8/site-packages/airflow/example_dags/example_skip_dag.py
[2024-05-11T21:05:41.777+0000] {processor.py:829} INFO - Processing file /home/airflow/.local/lib/python3.8/site-packages/airflow/example_dags/example_skip_dag.py for tasks to queue
[2024-05-11T21:05:41.780+0000] {logging_mixin.py:154} INFO - [2024-05-11T21:05:41.780+0000] {dagbag.py:536} INFO - Filling up the DagBag from /home/airflow/.local/lib/python3.8/site-packages/airflow/example_dags/example_skip_dag.py
[2024-05-11T21:05:41.791+0000] {processor.py:839} INFO - DAG(s) dict_keys(['example_skip_dag']) retrieved from /home/airflow/.local/lib/python3.8/site-packages/airflow/example_dags/example_skip_dag.py
[2024-05-11T21:05:41.807+0000] {logging_mixin.py:154} INFO - [2024-05-11T21:05:41.807+0000] {dag.py:2941} INFO - Sync 1 DAGs
[2024-05-11T21:05:41.832+0000] {logging_mixin.py:154} INFO - [2024-05-11T21:05:41.831+0000] {dag.py:3722} INFO - Setting next_dagrun for example_skip_dag to 2024-05-10T21:05:41.831749+00:00, run_after=2024-05-11T21:05:41.831749+00:00
[2024-05-11T21:05:41.863+0000] {processor.py:179} INFO - Processing /home/airflow/.local/lib/python3.8/site-packages/airflow/example_dags/example_skip_dag.py took 0.093 seconds
[2024-05-11T21:06:12.255+0000] {processor.py:157} INFO - Started process (PID=94) to work on /home/airflow/.local/lib/python3.8/site-packages/airflow/example_dags/example_skip_dag.py
[2024-05-11T21:06:12.257+0000] {processor.py:829} INFO - Processing file /home/airflow/.local/lib/python3.8/site-packages/airflow/example_dags/example_skip_dag.py for tasks to queue
[2024-05-11T21:06:12.261+0000] {logging_mixin.py:154} INFO - [2024-05-11T21:06:12.260+0000] {dagbag.py:536} INFO - Filling up the DagBag from /home/airflow/.local/lib/python3.8/site-packages/airflow/example_dags/example_skip_dag.py
[2024-05-11T21:06:12.268+0000] {processor.py:839} INFO - DAG(s) dict_keys(['example_skip_dag']) retrieved from /home/airflow/.local/lib/python3.8/site-packages/airflow/example_dags/example_skip_dag.py
[2024-05-11T21:06:12.289+0000] {logging_mixin.py:154} INFO - [2024-05-11T21:06:12.288+0000] {dag.py:2941} INFO - Sync 1 DAGs
[2024-05-11T21:06:12.304+0000] {logging_mixin.py:154} INFO - [2024-05-11T21:06:12.304+0000] {dag.py:3722} INFO - Setting next_dagrun for example_skip_dag to 2024-05-10T21:06:12.304009+00:00, run_after=2024-05-11T21:06:12.304009+00:00
[2024-05-11T21:06:12.314+0000] {processor.py:179} INFO - Processing /home/airflow/.local/lib/python3.8/site-packages/airflow/example_dags/example_skip_dag.py took 0.063 seconds
[2024-05-11T21:06:42.592+0000] {processor.py:157} INFO - Started process (PID=149) to work on /home/airflow/.local/lib/python3.8/site-packages/airflow/example_dags/example_skip_dag.py
[2024-05-11T21:06:42.593+0000] {processor.py:829} INFO - Processing file /home/airflow/.local/lib/python3.8/site-packages/airflow/example_dags/example_skip_dag.py for tasks to queue
[2024-05-11T21:06:42.595+0000] {logging_mixin.py:154} INFO - [2024-05-11T21:06:42.595+0000] {dagbag.py:536} INFO - Filling up the DagBag from /home/airflow/.local/lib/python3.8/site-packages/airflow/example_dags/example_skip_dag.py
[2024-05-11T21:06:42.600+0000] {processor.py:839} INFO - DAG(s) dict_keys(['example_skip_dag']) retrieved from /home/airflow/.local/lib/python3.8/site-packages/airflow/example_dags/example_skip_dag.py
[2024-05-11T21:06:42.616+0000] {logging_mixin.py:154} INFO - [2024-05-11T21:06:42.616+0000] {dag.py:2941} INFO - Sync 1 DAGs
[2024-05-11T21:06:42.628+0000] {logging_mixin.py:154} INFO - [2024-05-11T21:06:42.628+0000] {dag.py:3722} INFO - Setting next_dagrun for example_skip_dag to 2024-05-10T21:06:42.628398+00:00, run_after=2024-05-11T21:06:42.628398+00:00
[2024-05-11T21:06:42.638+0000] {processor.py:179} INFO - Processing /home/airflow/.local/lib/python3.8/site-packages/airflow/example_dags/example_skip_dag.py took 0.049 seconds
[2024-05-11T21:07:12.815+0000] {processor.py:157} INFO - Started process (PID=204) to work on /home/airflow/.local/lib/python3.8/site-packages/airflow/example_dags/example_skip_dag.py
[2024-05-11T21:07:12.817+0000] {processor.py:829} INFO - Processing file /home/airflow/.local/lib/python3.8/site-packages/airflow/example_dags/example_skip_dag.py for tasks to queue
[2024-05-11T21:07:12.819+0000] {logging_mixin.py:154} INFO - [2024-05-11T21:07:12.819+0000] {dagbag.py:536} INFO - Filling up the DagBag from /home/airflow/.local/lib/python3.8/site-packages/airflow/example_dags/example_skip_dag.py
[2024-05-11T21:07:12.824+0000] {processor.py:839} INFO - DAG(s) dict_keys(['example_skip_dag']) retrieved from /home/airflow/.local/lib/python3.8/site-packages/airflow/example_dags/example_skip_dag.py
[2024-05-11T21:07:12.841+0000] {logging_mixin.py:154} INFO - [2024-05-11T21:07:12.841+0000] {dag.py:2941} INFO - Sync 1 DAGs
[2024-05-11T21:07:12.855+0000] {logging_mixin.py:154} INFO - [2024-05-11T21:07:12.855+0000] {dag.py:3722} INFO - Setting next_dagrun for example_skip_dag to 2024-05-10T21:07:12.855378+00:00, run_after=2024-05-11T21:07:12.855378+00:00
[2024-05-11T21:07:12.867+0000] {processor.py:179} INFO - Processing /home/airflow/.local/lib/python3.8/site-packages/airflow/example_dags/example_skip_dag.py took 0.055 seconds
[2024-05-11T21:07:43.020+0000] {processor.py:157} INFO - Started process (PID=262) to work on /home/airflow/.local/lib/python3.8/site-packages/airflow/example_dags/example_skip_dag.py
[2024-05-11T21:07:43.021+0000] {processor.py:829} INFO - Processing file /home/airflow/.local/lib/python3.8/site-packages/airflow/example_dags/example_skip_dag.py for tasks to queue
[2024-05-11T21:07:43.023+0000] {logging_mixin.py:154} INFO - [2024-05-11T21:07:43.022+0000] {dagbag.py:536} INFO - Filling up the DagBag from /home/airflow/.local/lib/python3.8/site-packages/airflow/example_dags/example_skip_dag.py
[2024-05-11T21:07:43.028+0000] {processor.py:839} INFO - DAG(s) dict_keys(['example_skip_dag']) retrieved from /home/airflow/.local/lib/python3.8/site-packages/airflow/example_dags/example_skip_dag.py
[2024-05-11T21:07:43.044+0000] {logging_mixin.py:154} INFO - [2024-05-11T21:07:43.044+0000] {dag.py:2941} INFO - Sync 1 DAGs
[2024-05-11T21:07:43.056+0000] {logging_mixin.py:154} INFO - [2024-05-11T21:07:43.056+0000] {dag.py:3722} INFO - Setting next_dagrun for example_skip_dag to 2024-05-10T21:07:43.056398+00:00, run_after=2024-05-11T21:07:43.056398+00:00
[2024-05-11T21:07:43.066+0000] {processor.py:179} INFO - Processing /home/airflow/.local/lib/python3.8/site-packages/airflow/example_dags/example_skip_dag.py took 0.049 seconds
[2024-05-11T21:08:13.421+0000] {processor.py:157} INFO - Started process (PID=318) to work on /home/airflow/.local/lib/python3.8/site-packages/airflow/example_dags/example_skip_dag.py
[2024-05-11T21:08:13.422+0000] {processor.py:829} INFO - Processing file /home/airflow/.local/lib/python3.8/site-packages/airflow/example_dags/example_skip_dag.py for tasks to queue
[2024-05-11T21:08:13.424+0000] {logging_mixin.py:154} INFO - [2024-05-11T21:08:13.424+0000] {dagbag.py:536} INFO - Filling up the DagBag from /home/airflow/.local/lib/python3.8/site-packages/airflow/example_dags/example_skip_dag.py
[2024-05-11T21:08:13.429+0000] {processor.py:839} INFO - DAG(s) dict_keys(['example_skip_dag']) retrieved from /home/airflow/.local/lib/python3.8/site-packages/airflow/example_dags/example_skip_dag.py
[2024-05-11T21:08:13.446+0000] {logging_mixin.py:154} INFO - [2024-05-11T21:08:13.446+0000] {dag.py:2941} INFO - Sync 1 DAGs
[2024-05-11T21:08:13.459+0000] {logging_mixin.py:154} INFO - [2024-05-11T21:08:13.459+0000] {dag.py:3722} INFO - Setting next_dagrun for example_skip_dag to 2024-05-10T21:08:13.459233+00:00, run_after=2024-05-11T21:08:13.459233+00:00
[2024-05-11T21:08:13.472+0000] {processor.py:179} INFO - Processing /home/airflow/.local/lib/python3.8/site-packages/airflow/example_dags/example_skip_dag.py took 0.055 seconds
[2024-05-11T21:08:43.665+0000] {processor.py:157} INFO - Started process (PID=373) to work on /home/airflow/.local/lib/python3.8/site-packages/airflow/example_dags/example_skip_dag.py
[2024-05-11T21:08:43.667+0000] {processor.py:829} INFO - Processing file /home/airflow/.local/lib/python3.8/site-packages/airflow/example_dags/example_skip_dag.py for tasks to queue
[2024-05-11T21:08:43.670+0000] {logging_mixin.py:154} INFO - [2024-05-11T21:08:43.670+0000] {dagbag.py:536} INFO - Filling up the DagBag from /home/airflow/.local/lib/python3.8/site-packages/airflow/example_dags/example_skip_dag.py
[2024-05-11T21:08:43.675+0000] {processor.py:839} INFO - DAG(s) dict_keys(['example_skip_dag']) retrieved from /home/airflow/.local/lib/python3.8/site-packages/airflow/example_dags/example_skip_dag.py
[2024-05-11T21:08:43.693+0000] {logging_mixin.py:154} INFO - [2024-05-11T21:08:43.693+0000] {dag.py:2941} INFO - Sync 1 DAGs
[2024-05-11T21:08:43.705+0000] {logging_mixin.py:154} INFO - [2024-05-11T21:08:43.705+0000] {dag.py:3722} INFO - Setting next_dagrun for example_skip_dag to 2024-05-10T21:08:43.705656+00:00, run_after=2024-05-11T21:08:43.705656+00:00
[2024-05-11T21:08:43.716+0000] {processor.py:179} INFO - Processing /home/airflow/.local/lib/python3.8/site-packages/airflow/example_dags/example_skip_dag.py took 0.054 seconds
[2024-05-11T21:09:13.953+0000] {processor.py:157} INFO - Started process (PID=427) to work on /home/airflow/.local/lib/python3.8/site-packages/airflow/example_dags/example_skip_dag.py
[2024-05-11T21:09:13.954+0000] {processor.py:829} INFO - Processing file /home/airflow/.local/lib/python3.8/site-packages/airflow/example_dags/example_skip_dag.py for tasks to queue
[2024-05-11T21:09:13.956+0000] {logging_mixin.py:154} INFO - [2024-05-11T21:09:13.956+0000] {dagbag.py:536} INFO - Filling up the DagBag from /home/airflow/.local/lib/python3.8/site-packages/airflow/example_dags/example_skip_dag.py
[2024-05-11T21:09:13.961+0000] {processor.py:839} INFO - DAG(s) dict_keys(['example_skip_dag']) retrieved from /home/airflow/.local/lib/python3.8/site-packages/airflow/example_dags/example_skip_dag.py
[2024-05-11T21:09:13.982+0000] {logging_mixin.py:154} INFO - [2024-05-11T21:09:13.981+0000] {dag.py:2941} INFO - Sync 1 DAGs
[2024-05-11T21:09:14.000+0000] {logging_mixin.py:154} INFO - [2024-05-11T21:09:13.999+0000] {dag.py:3722} INFO - Setting next_dagrun for example_skip_dag to 2024-05-10T21:09:13.999581+00:00, run_after=2024-05-11T21:09:13.999581+00:00
[2024-05-11T21:09:14.013+0000] {processor.py:179} INFO - Processing /home/airflow/.local/lib/python3.8/site-packages/airflow/example_dags/example_skip_dag.py took 0.064 seconds
[2024-05-11T21:09:44.370+0000] {processor.py:157} INFO - Started process (PID=482) to work on /home/airflow/.local/lib/python3.8/site-packages/airflow/example_dags/example_skip_dag.py
[2024-05-11T21:09:44.371+0000] {processor.py:829} INFO - Processing file /home/airflow/.local/lib/python3.8/site-packages/airflow/example_dags/example_skip_dag.py for tasks to queue
[2024-05-11T21:09:44.374+0000] {logging_mixin.py:154} INFO - [2024-05-11T21:09:44.373+0000] {dagbag.py:536} INFO - Filling up the DagBag from /home/airflow/.local/lib/python3.8/site-packages/airflow/example_dags/example_skip_dag.py
[2024-05-11T21:09:44.378+0000] {processor.py:839} INFO - DAG(s) dict_keys(['example_skip_dag']) retrieved from /home/airflow/.local/lib/python3.8/site-packages/airflow/example_dags/example_skip_dag.py
[2024-05-11T21:09:44.395+0000] {logging_mixin.py:154} INFO - [2024-05-11T21:09:44.395+0000] {dag.py:2941} INFO - Sync 1 DAGs
[2024-05-11T21:09:44.407+0000] {logging_mixin.py:154} INFO - [2024-05-11T21:09:44.407+0000] {dag.py:3722} INFO - Setting next_dagrun for example_skip_dag to 2024-05-10T21:09:44.407455+00:00, run_after=2024-05-11T21:09:44.407455+00:00
[2024-05-11T21:09:44.417+0000] {processor.py:179} INFO - Processing /home/airflow/.local/lib/python3.8/site-packages/airflow/example_dags/example_skip_dag.py took 0.050 seconds
[2024-05-11T21:10:14.615+0000] {processor.py:157} INFO - Started process (PID=536) to work on /home/airflow/.local/lib/python3.8/site-packages/airflow/example_dags/example_skip_dag.py
[2024-05-11T21:10:14.616+0000] {processor.py:829} INFO - Processing file /home/airflow/.local/lib/python3.8/site-packages/airflow/example_dags/example_skip_dag.py for tasks to queue
[2024-05-11T21:10:14.618+0000] {logging_mixin.py:154} INFO - [2024-05-11T21:10:14.618+0000] {dagbag.py:536} INFO - Filling up the DagBag from /home/airflow/.local/lib/python3.8/site-packages/airflow/example_dags/example_skip_dag.py
[2024-05-11T21:10:14.623+0000] {processor.py:839} INFO - DAG(s) dict_keys(['example_skip_dag']) retrieved from /home/airflow/.local/lib/python3.8/site-packages/airflow/example_dags/example_skip_dag.py
[2024-05-11T21:10:14.640+0000] {logging_mixin.py:154} INFO - [2024-05-11T21:10:14.640+0000] {dag.py:2941} INFO - Sync 1 DAGs
[2024-05-11T21:10:14.653+0000] {logging_mixin.py:154} INFO - [2024-05-11T21:10:14.653+0000] {dag.py:3722} INFO - Setting next_dagrun for example_skip_dag to 2024-05-10T21:10:14.653298+00:00, run_after=2024-05-11T21:10:14.653298+00:00
[2024-05-11T21:10:14.663+0000] {processor.py:179} INFO - Processing /home/airflow/.local/lib/python3.8/site-packages/airflow/example_dags/example_skip_dag.py took 0.050 seconds
[2024-05-11T21:10:44.894+0000] {processor.py:157} INFO - Started process (PID=591) to work on /home/airflow/.local/lib/python3.8/site-packages/airflow/example_dags/example_skip_dag.py
[2024-05-11T21:10:44.895+0000] {processor.py:829} INFO - Processing file /home/airflow/.local/lib/python3.8/site-packages/airflow/example_dags/example_skip_dag.py for tasks to queue
[2024-05-11T21:10:44.897+0000] {logging_mixin.py:154} INFO - [2024-05-11T21:10:44.897+0000] {dagbag.py:536} INFO - Filling up the DagBag from /home/airflow/.local/lib/python3.8/site-packages/airflow/example_dags/example_skip_dag.py
[2024-05-11T21:10:44.902+0000] {processor.py:839} INFO - DAG(s) dict_keys(['example_skip_dag']) retrieved from /home/airflow/.local/lib/python3.8/site-packages/airflow/example_dags/example_skip_dag.py
[2024-05-11T21:10:44.918+0000] {logging_mixin.py:154} INFO - [2024-05-11T21:10:44.918+0000] {dag.py:2941} INFO - Sync 1 DAGs
[2024-05-11T21:10:44.931+0000] {logging_mixin.py:154} INFO - [2024-05-11T21:10:44.931+0000] {dag.py:3722} INFO - Setting next_dagrun for example_skip_dag to 2024-05-10T21:10:44.931589+00:00, run_after=2024-05-11T21:10:44.931589+00:00
[2024-05-11T21:10:44.942+0000] {processor.py:179} INFO - Processing /home/airflow/.local/lib/python3.8/site-packages/airflow/example_dags/example_skip_dag.py took 0.050 seconds
[2024-05-11T21:11:15.289+0000] {processor.py:157} INFO - Started process (PID=646) to work on /home/airflow/.local/lib/python3.8/site-packages/airflow/example_dags/example_skip_dag.py
[2024-05-11T21:11:15.291+0000] {processor.py:829} INFO - Processing file /home/airflow/.local/lib/python3.8/site-packages/airflow/example_dags/example_skip_dag.py for tasks to queue
[2024-05-11T21:11:15.293+0000] {logging_mixin.py:154} INFO - [2024-05-11T21:11:15.293+0000] {dagbag.py:536} INFO - Filling up the DagBag from /home/airflow/.local/lib/python3.8/site-packages/airflow/example_dags/example_skip_dag.py
[2024-05-11T21:11:15.298+0000] {processor.py:839} INFO - DAG(s) dict_keys(['example_skip_dag']) retrieved from /home/airflow/.local/lib/python3.8/site-packages/airflow/example_dags/example_skip_dag.py
[2024-05-11T21:11:15.314+0000] {logging_mixin.py:154} INFO - [2024-05-11T21:11:15.314+0000] {dag.py:2941} INFO - Sync 1 DAGs
[2024-05-11T21:11:15.327+0000] {logging_mixin.py:154} INFO - [2024-05-11T21:11:15.327+0000] {dag.py:3722} INFO - Setting next_dagrun for example_skip_dag to 2024-05-10T21:11:15.326937+00:00, run_after=2024-05-11T21:11:15.326937+00:00
[2024-05-11T21:11:15.336+0000] {processor.py:179} INFO - Processing /home/airflow/.local/lib/python3.8/site-packages/airflow/example_dags/example_skip_dag.py took 0.050 seconds
[2024-05-11T21:11:45.607+0000] {processor.py:157} INFO - Started process (PID=701) to work on /home/airflow/.local/lib/python3.8/site-packages/airflow/example_dags/example_skip_dag.py
[2024-05-11T21:11:45.608+0000] {processor.py:829} INFO - Processing file /home/airflow/.local/lib/python3.8/site-packages/airflow/example_dags/example_skip_dag.py for tasks to queue
[2024-05-11T21:11:45.611+0000] {logging_mixin.py:154} INFO - [2024-05-11T21:11:45.611+0000] {dagbag.py:536} INFO - Filling up the DagBag from /home/airflow/.local/lib/python3.8/site-packages/airflow/example_dags/example_skip_dag.py
[2024-05-11T21:11:45.616+0000] {processor.py:839} INFO - DAG(s) dict_keys(['example_skip_dag']) retrieved from /home/airflow/.local/lib/python3.8/site-packages/airflow/example_dags/example_skip_dag.py
[2024-05-11T21:11:45.636+0000] {logging_mixin.py:154} INFO - [2024-05-11T21:11:45.635+0000] {dag.py:2941} INFO - Sync 1 DAGs
[2024-05-11T21:11:45.648+0000] {logging_mixin.py:154} INFO - [2024-05-11T21:11:45.648+0000] {dag.py:3722} INFO - Setting next_dagrun for example_skip_dag to 2024-05-10T21:11:45.648652+00:00, run_after=2024-05-11T21:11:45.648652+00:00
[2024-05-11T21:11:45.659+0000] {processor.py:179} INFO - Processing /home/airflow/.local/lib/python3.8/site-packages/airflow/example_dags/example_skip_dag.py took 0.055 seconds
[2024-05-11T21:12:15.827+0000] {processor.py:157} INFO - Started process (PID=757) to work on /home/airflow/.local/lib/python3.8/site-packages/airflow/example_dags/example_skip_dag.py
[2024-05-11T21:12:15.829+0000] {processor.py:829} INFO - Processing file /home/airflow/.local/lib/python3.8/site-packages/airflow/example_dags/example_skip_dag.py for tasks to queue
[2024-05-11T21:12:15.831+0000] {logging_mixin.py:154} INFO - [2024-05-11T21:12:15.831+0000] {dagbag.py:536} INFO - Filling up the DagBag from /home/airflow/.local/lib/python3.8/site-packages/airflow/example_dags/example_skip_dag.py
[2024-05-11T21:12:15.836+0000] {processor.py:839} INFO - DAG(s) dict_keys(['example_skip_dag']) retrieved from /home/airflow/.local/lib/python3.8/site-packages/airflow/example_dags/example_skip_dag.py
[2024-05-11T21:12:15.853+0000] {logging_mixin.py:154} INFO - [2024-05-11T21:12:15.853+0000] {dag.py:2941} INFO - Sync 1 DAGs
[2024-05-11T21:12:15.866+0000] {logging_mixin.py:154} INFO - [2024-05-11T21:12:15.866+0000] {dag.py:3722} INFO - Setting next_dagrun for example_skip_dag to 2024-05-10T21:12:15.865904+00:00, run_after=2024-05-11T21:12:15.865904+00:00
[2024-05-11T21:12:15.875+0000] {processor.py:179} INFO - Processing /home/airflow/.local/lib/python3.8/site-packages/airflow/example_dags/example_skip_dag.py took 0.051 seconds
[2024-05-11T21:12:46.215+0000] {processor.py:157} INFO - Started process (PID=812) to work on /home/airflow/.local/lib/python3.8/site-packages/airflow/example_dags/example_skip_dag.py
[2024-05-11T21:12:46.216+0000] {processor.py:829} INFO - Processing file /home/airflow/.local/lib/python3.8/site-packages/airflow/example_dags/example_skip_dag.py for tasks to queue
[2024-05-11T21:12:46.220+0000] {logging_mixin.py:154} INFO - [2024-05-11T21:12:46.219+0000] {dagbag.py:536} INFO - Filling up the DagBag from /home/airflow/.local/lib/python3.8/site-packages/airflow/example_dags/example_skip_dag.py
[2024-05-11T21:12:46.225+0000] {processor.py:839} INFO - DAG(s) dict_keys(['example_skip_dag']) retrieved from /home/airflow/.local/lib/python3.8/site-packages/airflow/example_dags/example_skip_dag.py
[2024-05-11T21:12:46.243+0000] {logging_mixin.py:154} INFO - [2024-05-11T21:12:46.243+0000] {dag.py:2941} INFO - Sync 1 DAGs
[2024-05-11T21:12:46.258+0000] {logging_mixin.py:154} INFO - [2024-05-11T21:12:46.258+0000] {dag.py:3722} INFO - Setting next_dagrun for example_skip_dag to 2024-05-10T21:12:46.257975+00:00, run_after=2024-05-11T21:12:46.257975+00:00
[2024-05-11T21:12:46.268+0000] {processor.py:179} INFO - Processing /home/airflow/.local/lib/python3.8/site-packages/airflow/example_dags/example_skip_dag.py took 0.057 seconds
[2024-05-11T21:13:16.535+0000] {processor.py:157} INFO - Started process (PID=867) to work on /home/airflow/.local/lib/python3.8/site-packages/airflow/example_dags/example_skip_dag.py
[2024-05-11T21:13:16.538+0000] {processor.py:829} INFO - Processing file /home/airflow/.local/lib/python3.8/site-packages/airflow/example_dags/example_skip_dag.py for tasks to queue
[2024-05-11T21:13:16.541+0000] {logging_mixin.py:154} INFO - [2024-05-11T21:13:16.541+0000] {dagbag.py:536} INFO - Filling up the DagBag from /home/airflow/.local/lib/python3.8/site-packages/airflow/example_dags/example_skip_dag.py
[2024-05-11T21:13:16.547+0000] {processor.py:839} INFO - DAG(s) dict_keys(['example_skip_dag']) retrieved from /home/airflow/.local/lib/python3.8/site-packages/airflow/example_dags/example_skip_dag.py
[2024-05-11T21:13:16.569+0000] {logging_mixin.py:154} INFO - [2024-05-11T21:13:16.568+0000] {dag.py:2941} INFO - Sync 1 DAGs
[2024-05-11T21:13:16.601+0000] {logging_mixin.py:154} INFO - [2024-05-11T21:13:16.601+0000] {dag.py:3722} INFO - Setting next_dagrun for example_skip_dag to 2024-05-10T21:13:16.600267+00:00, run_after=2024-05-11T21:13:16.600267+00:00
[2024-05-11T21:13:16.615+0000] {processor.py:179} INFO - Processing /home/airflow/.local/lib/python3.8/site-packages/airflow/example_dags/example_skip_dag.py took 0.083 seconds
[2024-05-11T21:13:46.803+0000] {processor.py:157} INFO - Started process (PID=922) to work on /home/airflow/.local/lib/python3.8/site-packages/airflow/example_dags/example_skip_dag.py
[2024-05-11T21:13:46.805+0000] {processor.py:829} INFO - Processing file /home/airflow/.local/lib/python3.8/site-packages/airflow/example_dags/example_skip_dag.py for tasks to queue
[2024-05-11T21:13:46.811+0000] {logging_mixin.py:154} INFO - [2024-05-11T21:13:46.811+0000] {dagbag.py:536} INFO - Filling up the DagBag from /home/airflow/.local/lib/python3.8/site-packages/airflow/example_dags/example_skip_dag.py
[2024-05-11T21:13:46.817+0000] {processor.py:839} INFO - DAG(s) dict_keys(['example_skip_dag']) retrieved from /home/airflow/.local/lib/python3.8/site-packages/airflow/example_dags/example_skip_dag.py
[2024-05-11T21:13:46.833+0000] {logging_mixin.py:154} INFO - [2024-05-11T21:13:46.833+0000] {dag.py:2941} INFO - Sync 1 DAGs
[2024-05-11T21:13:46.846+0000] {logging_mixin.py:154} INFO - [2024-05-11T21:13:46.846+0000] {dag.py:3722} INFO - Setting next_dagrun for example_skip_dag to 2024-05-10T21:13:46.845915+00:00, run_after=2024-05-11T21:13:46.845915+00:00
[2024-05-11T21:13:46.855+0000] {processor.py:179} INFO - Processing /home/airflow/.local/lib/python3.8/site-packages/airflow/example_dags/example_skip_dag.py took 0.055 seconds
[2024-05-11T21:14:17.000+0000] {processor.py:157} INFO - Started process (PID=977) to work on /home/airflow/.local/lib/python3.8/site-packages/airflow/example_dags/example_skip_dag.py
[2024-05-11T21:14:17.002+0000] {processor.py:829} INFO - Processing file /home/airflow/.local/lib/python3.8/site-packages/airflow/example_dags/example_skip_dag.py for tasks to queue
[2024-05-11T21:14:17.004+0000] {logging_mixin.py:154} INFO - [2024-05-11T21:14:17.004+0000] {dagbag.py:536} INFO - Filling up the DagBag from /home/airflow/.local/lib/python3.8/site-packages/airflow/example_dags/example_skip_dag.py
[2024-05-11T21:14:17.009+0000] {processor.py:839} INFO - DAG(s) dict_keys(['example_skip_dag']) retrieved from /home/airflow/.local/lib/python3.8/site-packages/airflow/example_dags/example_skip_dag.py
[2024-05-11T21:14:17.027+0000] {logging_mixin.py:154} INFO - [2024-05-11T21:14:17.027+0000] {dag.py:2941} INFO - Sync 1 DAGs
[2024-05-11T21:14:17.040+0000] {logging_mixin.py:154} INFO - [2024-05-11T21:14:17.040+0000] {dag.py:3722} INFO - Setting next_dagrun for example_skip_dag to 2024-05-10T21:14:17.039847+00:00, run_after=2024-05-11T21:14:17.039847+00:00
[2024-05-11T21:14:17.049+0000] {processor.py:179} INFO - Processing /home/airflow/.local/lib/python3.8/site-packages/airflow/example_dags/example_skip_dag.py took 0.052 seconds
[2024-05-11T21:14:47.222+0000] {processor.py:157} INFO - Started process (PID=1033) to work on /home/airflow/.local/lib/python3.8/site-packages/airflow/example_dags/example_skip_dag.py
[2024-05-11T21:14:47.224+0000] {processor.py:829} INFO - Processing file /home/airflow/.local/lib/python3.8/site-packages/airflow/example_dags/example_skip_dag.py for tasks to queue
[2024-05-11T21:14:47.226+0000] {logging_mixin.py:154} INFO - [2024-05-11T21:14:47.226+0000] {dagbag.py:536} INFO - Filling up the DagBag from /home/airflow/.local/lib/python3.8/site-packages/airflow/example_dags/example_skip_dag.py
[2024-05-11T21:14:47.232+0000] {processor.py:839} INFO - DAG(s) dict_keys(['example_skip_dag']) retrieved from /home/airflow/.local/lib/python3.8/site-packages/airflow/example_dags/example_skip_dag.py
[2024-05-11T21:14:47.249+0000] {logging_mixin.py:154} INFO - [2024-05-11T21:14:47.249+0000] {dag.py:2941} INFO - Sync 1 DAGs
[2024-05-11T21:14:47.263+0000] {logging_mixin.py:154} INFO - [2024-05-11T21:14:47.263+0000] {dag.py:3722} INFO - Setting next_dagrun for example_skip_dag to 2024-05-10T21:14:47.263265+00:00, run_after=2024-05-11T21:14:47.263265+00:00
[2024-05-11T21:14:47.273+0000] {processor.py:179} INFO - Processing /home/airflow/.local/lib/python3.8/site-packages/airflow/example_dags/example_skip_dag.py took 0.054 seconds
[2024-05-11T21:15:17.586+0000] {processor.py:157} INFO - Started process (PID=1088) to work on /home/airflow/.local/lib/python3.8/site-packages/airflow/example_dags/example_skip_dag.py
[2024-05-11T21:15:17.587+0000] {processor.py:829} INFO - Processing file /home/airflow/.local/lib/python3.8/site-packages/airflow/example_dags/example_skip_dag.py for tasks to queue
[2024-05-11T21:15:17.589+0000] {logging_mixin.py:154} INFO - [2024-05-11T21:15:17.589+0000] {dagbag.py:536} INFO - Filling up the DagBag from /home/airflow/.local/lib/python3.8/site-packages/airflow/example_dags/example_skip_dag.py
[2024-05-11T21:15:17.594+0000] {processor.py:839} INFO - DAG(s) dict_keys(['example_skip_dag']) retrieved from /home/airflow/.local/lib/python3.8/site-packages/airflow/example_dags/example_skip_dag.py
[2024-05-11T21:15:17.611+0000] {logging_mixin.py:154} INFO - [2024-05-11T21:15:17.610+0000] {dag.py:2941} INFO - Sync 1 DAGs
[2024-05-11T21:15:17.623+0000] {logging_mixin.py:154} INFO - [2024-05-11T21:15:17.623+0000] {dag.py:3722} INFO - Setting next_dagrun for example_skip_dag to 2024-05-10T21:15:17.623124+00:00, run_after=2024-05-11T21:15:17.623124+00:00
[2024-05-11T21:15:17.633+0000] {processor.py:179} INFO - Processing /home/airflow/.local/lib/python3.8/site-packages/airflow/example_dags/example_skip_dag.py took 0.050 seconds
[2024-05-11T21:16:30.881+0000] {processor.py:157} INFO - Started process (PID=39) to work on /home/airflow/.local/lib/python3.8/site-packages/airflow/example_dags/example_skip_dag.py
[2024-05-11T21:16:30.884+0000] {processor.py:829} INFO - Processing file /home/airflow/.local/lib/python3.8/site-packages/airflow/example_dags/example_skip_dag.py for tasks to queue
[2024-05-11T21:16:30.890+0000] {logging_mixin.py:154} INFO - [2024-05-11T21:16:30.889+0000] {dagbag.py:536} INFO - Filling up the DagBag from /home/airflow/.local/lib/python3.8/site-packages/airflow/example_dags/example_skip_dag.py
[2024-05-11T21:16:30.905+0000] {processor.py:839} INFO - DAG(s) dict_keys(['example_skip_dag']) retrieved from /home/airflow/.local/lib/python3.8/site-packages/airflow/example_dags/example_skip_dag.py
[2024-05-11T21:16:30.925+0000] {logging_mixin.py:154} INFO - [2024-05-11T21:16:30.925+0000] {dag.py:2941} INFO - Sync 1 DAGs
[2024-05-11T21:16:30.958+0000] {logging_mixin.py:154} INFO - [2024-05-11T21:16:30.957+0000] {dag.py:3722} INFO - Setting next_dagrun for example_skip_dag to 2024-05-10T21:16:30.957209+00:00, run_after=2024-05-11T21:16:30.957209+00:00
[2024-05-11T21:16:31.000+0000] {processor.py:179} INFO - Processing /home/airflow/.local/lib/python3.8/site-packages/airflow/example_dags/example_skip_dag.py took 0.126 seconds
[2024-05-11T21:17:01.732+0000] {processor.py:157} INFO - Started process (PID=95) to work on /home/airflow/.local/lib/python3.8/site-packages/airflow/example_dags/example_skip_dag.py
[2024-05-11T21:17:01.734+0000] {processor.py:829} INFO - Processing file /home/airflow/.local/lib/python3.8/site-packages/airflow/example_dags/example_skip_dag.py for tasks to queue
[2024-05-11T21:17:01.736+0000] {logging_mixin.py:154} INFO - [2024-05-11T21:17:01.736+0000] {dagbag.py:536} INFO - Filling up the DagBag from /home/airflow/.local/lib/python3.8/site-packages/airflow/example_dags/example_skip_dag.py
[2024-05-11T21:17:01.741+0000] {processor.py:839} INFO - DAG(s) dict_keys(['example_skip_dag']) retrieved from /home/airflow/.local/lib/python3.8/site-packages/airflow/example_dags/example_skip_dag.py
[2024-05-11T21:17:01.761+0000] {logging_mixin.py:154} INFO - [2024-05-11T21:17:01.761+0000] {dag.py:2941} INFO - Sync 1 DAGs
[2024-05-11T21:17:01.777+0000] {logging_mixin.py:154} INFO - [2024-05-11T21:17:01.777+0000] {dag.py:3722} INFO - Setting next_dagrun for example_skip_dag to 2024-05-10T21:17:01.777335+00:00, run_after=2024-05-11T21:17:01.777335+00:00
[2024-05-11T21:17:01.789+0000] {processor.py:179} INFO - Processing /home/airflow/.local/lib/python3.8/site-packages/airflow/example_dags/example_skip_dag.py took 0.060 seconds
[2024-05-11T21:17:32.070+0000] {processor.py:157} INFO - Started process (PID=150) to work on /home/airflow/.local/lib/python3.8/site-packages/airflow/example_dags/example_skip_dag.py
[2024-05-11T21:17:32.071+0000] {processor.py:829} INFO - Processing file /home/airflow/.local/lib/python3.8/site-packages/airflow/example_dags/example_skip_dag.py for tasks to queue
[2024-05-11T21:17:32.073+0000] {logging_mixin.py:154} INFO - [2024-05-11T21:17:32.073+0000] {dagbag.py:536} INFO - Filling up the DagBag from /home/airflow/.local/lib/python3.8/site-packages/airflow/example_dags/example_skip_dag.py
[2024-05-11T21:17:32.078+0000] {processor.py:839} INFO - DAG(s) dict_keys(['example_skip_dag']) retrieved from /home/airflow/.local/lib/python3.8/site-packages/airflow/example_dags/example_skip_dag.py
[2024-05-11T21:17:32.098+0000] {logging_mixin.py:154} INFO - [2024-05-11T21:17:32.098+0000] {dag.py:2941} INFO - Sync 1 DAGs
[2024-05-11T21:17:32.114+0000] {logging_mixin.py:154} INFO - [2024-05-11T21:17:32.114+0000] {dag.py:3722} INFO - Setting next_dagrun for example_skip_dag to 2024-05-10T21:17:32.114244+00:00, run_after=2024-05-11T21:17:32.114244+00:00
[2024-05-11T21:17:32.127+0000] {processor.py:179} INFO - Processing /home/airflow/.local/lib/python3.8/site-packages/airflow/example_dags/example_skip_dag.py took 0.060 seconds
[2024-05-11T21:18:02.492+0000] {processor.py:157} INFO - Started process (PID=206) to work on /home/airflow/.local/lib/python3.8/site-packages/airflow/example_dags/example_skip_dag.py
[2024-05-11T21:18:02.493+0000] {processor.py:829} INFO - Processing file /home/airflow/.local/lib/python3.8/site-packages/airflow/example_dags/example_skip_dag.py for tasks to queue
[2024-05-11T21:18:02.496+0000] {logging_mixin.py:154} INFO - [2024-05-11T21:18:02.495+0000] {dagbag.py:536} INFO - Filling up the DagBag from /home/airflow/.local/lib/python3.8/site-packages/airflow/example_dags/example_skip_dag.py
[2024-05-11T21:18:02.500+0000] {processor.py:839} INFO - DAG(s) dict_keys(['example_skip_dag']) retrieved from /home/airflow/.local/lib/python3.8/site-packages/airflow/example_dags/example_skip_dag.py
[2024-05-11T21:18:02.518+0000] {logging_mixin.py:154} INFO - [2024-05-11T21:18:02.518+0000] {dag.py:2941} INFO - Sync 1 DAGs
[2024-05-11T21:18:02.531+0000] {logging_mixin.py:154} INFO - [2024-05-11T21:18:02.531+0000] {dag.py:3722} INFO - Setting next_dagrun for example_skip_dag to 2024-05-10T21:18:02.531542+00:00, run_after=2024-05-11T21:18:02.531542+00:00
[2024-05-11T21:18:02.542+0000] {processor.py:179} INFO - Processing /home/airflow/.local/lib/python3.8/site-packages/airflow/example_dags/example_skip_dag.py took 0.053 seconds
[2024-05-11T21:18:32.686+0000] {processor.py:157} INFO - Started process (PID=261) to work on /home/airflow/.local/lib/python3.8/site-packages/airflow/example_dags/example_skip_dag.py
[2024-05-11T21:18:32.688+0000] {processor.py:829} INFO - Processing file /home/airflow/.local/lib/python3.8/site-packages/airflow/example_dags/example_skip_dag.py for tasks to queue
[2024-05-11T21:18:32.690+0000] {logging_mixin.py:154} INFO - [2024-05-11T21:18:32.689+0000] {dagbag.py:536} INFO - Filling up the DagBag from /home/airflow/.local/lib/python3.8/site-packages/airflow/example_dags/example_skip_dag.py
[2024-05-11T21:18:32.695+0000] {processor.py:839} INFO - DAG(s) dict_keys(['example_skip_dag']) retrieved from /home/airflow/.local/lib/python3.8/site-packages/airflow/example_dags/example_skip_dag.py
[2024-05-11T21:18:32.712+0000] {logging_mixin.py:154} INFO - [2024-05-11T21:18:32.712+0000] {dag.py:2941} INFO - Sync 1 DAGs
[2024-05-11T21:18:32.725+0000] {logging_mixin.py:154} INFO - [2024-05-11T21:18:32.725+0000] {dag.py:3722} INFO - Setting next_dagrun for example_skip_dag to 2024-05-10T21:18:32.725530+00:00, run_after=2024-05-11T21:18:32.725530+00:00
[2024-05-11T21:18:32.738+0000] {processor.py:179} INFO - Processing /home/airflow/.local/lib/python3.8/site-packages/airflow/example_dags/example_skip_dag.py took 0.055 seconds
[2024-05-11T21:19:02.901+0000] {processor.py:157} INFO - Started process (PID=316) to work on /home/airflow/.local/lib/python3.8/site-packages/airflow/example_dags/example_skip_dag.py
[2024-05-11T21:19:02.902+0000] {processor.py:829} INFO - Processing file /home/airflow/.local/lib/python3.8/site-packages/airflow/example_dags/example_skip_dag.py for tasks to queue
[2024-05-11T21:19:02.904+0000] {logging_mixin.py:154} INFO - [2024-05-11T21:19:02.904+0000] {dagbag.py:536} INFO - Filling up the DagBag from /home/airflow/.local/lib/python3.8/site-packages/airflow/example_dags/example_skip_dag.py
[2024-05-11T21:19:02.909+0000] {processor.py:839} INFO - DAG(s) dict_keys(['example_skip_dag']) retrieved from /home/airflow/.local/lib/python3.8/site-packages/airflow/example_dags/example_skip_dag.py
[2024-05-11T21:19:02.926+0000] {logging_mixin.py:154} INFO - [2024-05-11T21:19:02.926+0000] {dag.py:2941} INFO - Sync 1 DAGs
[2024-05-11T21:19:02.940+0000] {logging_mixin.py:154} INFO - [2024-05-11T21:19:02.940+0000] {dag.py:3722} INFO - Setting next_dagrun for example_skip_dag to 2024-05-10T21:19:02.939911+00:00, run_after=2024-05-11T21:19:02.939911+00:00
[2024-05-11T21:19:02.949+0000] {processor.py:179} INFO - Processing /home/airflow/.local/lib/python3.8/site-packages/airflow/example_dags/example_skip_dag.py took 0.051 seconds
[2024-05-11T21:19:33.310+0000] {processor.py:157} INFO - Started process (PID=371) to work on /home/airflow/.local/lib/python3.8/site-packages/airflow/example_dags/example_skip_dag.py
[2024-05-11T21:19:33.311+0000] {processor.py:829} INFO - Processing file /home/airflow/.local/lib/python3.8/site-packages/airflow/example_dags/example_skip_dag.py for tasks to queue
[2024-05-11T21:19:33.313+0000] {logging_mixin.py:154} INFO - [2024-05-11T21:19:33.313+0000] {dagbag.py:536} INFO - Filling up the DagBag from /home/airflow/.local/lib/python3.8/site-packages/airflow/example_dags/example_skip_dag.py
[2024-05-11T21:19:33.318+0000] {processor.py:839} INFO - DAG(s) dict_keys(['example_skip_dag']) retrieved from /home/airflow/.local/lib/python3.8/site-packages/airflow/example_dags/example_skip_dag.py
[2024-05-11T21:19:33.335+0000] {logging_mixin.py:154} INFO - [2024-05-11T21:19:33.335+0000] {dag.py:2941} INFO - Sync 1 DAGs
[2024-05-11T21:19:33.349+0000] {logging_mixin.py:154} INFO - [2024-05-11T21:19:33.349+0000] {dag.py:3722} INFO - Setting next_dagrun for example_skip_dag to 2024-05-10T21:19:33.349051+00:00, run_after=2024-05-11T21:19:33.349051+00:00
[2024-05-11T21:19:33.360+0000] {processor.py:179} INFO - Processing /home/airflow/.local/lib/python3.8/site-packages/airflow/example_dags/example_skip_dag.py took 0.053 seconds
[2024-05-11T21:20:03.700+0000] {processor.py:157} INFO - Started process (PID=426) to work on /home/airflow/.local/lib/python3.8/site-packages/airflow/example_dags/example_skip_dag.py
[2024-05-11T21:20:03.701+0000] {processor.py:829} INFO - Processing file /home/airflow/.local/lib/python3.8/site-packages/airflow/example_dags/example_skip_dag.py for tasks to queue
[2024-05-11T21:20:03.703+0000] {logging_mixin.py:154} INFO - [2024-05-11T21:20:03.703+0000] {dagbag.py:536} INFO - Filling up the DagBag from /home/airflow/.local/lib/python3.8/site-packages/airflow/example_dags/example_skip_dag.py
[2024-05-11T21:20:03.708+0000] {processor.py:839} INFO - DAG(s) dict_keys(['example_skip_dag']) retrieved from /home/airflow/.local/lib/python3.8/site-packages/airflow/example_dags/example_skip_dag.py
[2024-05-11T21:20:03.724+0000] {logging_mixin.py:154} INFO - [2024-05-11T21:20:03.724+0000] {dag.py:2941} INFO - Sync 1 DAGs
[2024-05-11T21:20:03.736+0000] {logging_mixin.py:154} INFO - [2024-05-11T21:20:03.736+0000] {dag.py:3722} INFO - Setting next_dagrun for example_skip_dag to 2024-05-10T21:20:03.736355+00:00, run_after=2024-05-11T21:20:03.736355+00:00
[2024-05-11T21:20:03.746+0000] {processor.py:179} INFO - Processing /home/airflow/.local/lib/python3.8/site-packages/airflow/example_dags/example_skip_dag.py took 0.049 seconds
[2024-05-11T21:20:33.896+0000] {processor.py:157} INFO - Started process (PID=481) to work on /home/airflow/.local/lib/python3.8/site-packages/airflow/example_dags/example_skip_dag.py
[2024-05-11T21:20:33.897+0000] {processor.py:829} INFO - Processing file /home/airflow/.local/lib/python3.8/site-packages/airflow/example_dags/example_skip_dag.py for tasks to queue
[2024-05-11T21:20:33.899+0000] {logging_mixin.py:154} INFO - [2024-05-11T21:20:33.899+0000] {dagbag.py:536} INFO - Filling up the DagBag from /home/airflow/.local/lib/python3.8/site-packages/airflow/example_dags/example_skip_dag.py
[2024-05-11T21:20:33.903+0000] {processor.py:839} INFO - DAG(s) dict_keys(['example_skip_dag']) retrieved from /home/airflow/.local/lib/python3.8/site-packages/airflow/example_dags/example_skip_dag.py
[2024-05-11T21:20:33.919+0000] {logging_mixin.py:154} INFO - [2024-05-11T21:20:33.919+0000] {dag.py:2941} INFO - Sync 1 DAGs
[2024-05-11T21:20:33.932+0000] {logging_mixin.py:154} INFO - [2024-05-11T21:20:33.931+0000] {dag.py:3722} INFO - Setting next_dagrun for example_skip_dag to 2024-05-10T21:20:33.931751+00:00, run_after=2024-05-11T21:20:33.931751+00:00
[2024-05-11T21:20:33.941+0000] {processor.py:179} INFO - Processing /home/airflow/.local/lib/python3.8/site-packages/airflow/example_dags/example_skip_dag.py took 0.048 seconds
[2024-05-11T21:21:04.054+0000] {processor.py:157} INFO - Started process (PID=536) to work on /home/airflow/.local/lib/python3.8/site-packages/airflow/example_dags/example_skip_dag.py
[2024-05-11T21:21:04.056+0000] {processor.py:829} INFO - Processing file /home/airflow/.local/lib/python3.8/site-packages/airflow/example_dags/example_skip_dag.py for tasks to queue
[2024-05-11T21:21:04.058+0000] {logging_mixin.py:154} INFO - [2024-05-11T21:21:04.057+0000] {dagbag.py:536} INFO - Filling up the DagBag from /home/airflow/.local/lib/python3.8/site-packages/airflow/example_dags/example_skip_dag.py
[2024-05-11T21:21:04.063+0000] {processor.py:839} INFO - DAG(s) dict_keys(['example_skip_dag']) retrieved from /home/airflow/.local/lib/python3.8/site-packages/airflow/example_dags/example_skip_dag.py
[2024-05-11T21:21:04.085+0000] {logging_mixin.py:154} INFO - [2024-05-11T21:21:04.085+0000] {dag.py:2941} INFO - Sync 1 DAGs
[2024-05-11T21:21:04.100+0000] {logging_mixin.py:154} INFO - [2024-05-11T21:21:04.100+0000] {dag.py:3722} INFO - Setting next_dagrun for example_skip_dag to 2024-05-10T21:21:04.100477+00:00, run_after=2024-05-11T21:21:04.100477+00:00
[2024-05-11T21:21:04.111+0000] {processor.py:179} INFO - Processing /home/airflow/.local/lib/python3.8/site-packages/airflow/example_dags/example_skip_dag.py took 0.060 seconds
[2024-05-11T21:21:34.531+0000] {processor.py:157} INFO - Started process (PID=591) to work on /home/airflow/.local/lib/python3.8/site-packages/airflow/example_dags/example_skip_dag.py
[2024-05-11T21:21:34.533+0000] {processor.py:829} INFO - Processing file /home/airflow/.local/lib/python3.8/site-packages/airflow/example_dags/example_skip_dag.py for tasks to queue
[2024-05-11T21:21:34.539+0000] {logging_mixin.py:154} INFO - [2024-05-11T21:21:34.539+0000] {dagbag.py:536} INFO - Filling up the DagBag from /home/airflow/.local/lib/python3.8/site-packages/airflow/example_dags/example_skip_dag.py
[2024-05-11T21:21:34.554+0000] {processor.py:839} INFO - DAG(s) dict_keys(['example_skip_dag']) retrieved from /home/airflow/.local/lib/python3.8/site-packages/airflow/example_dags/example_skip_dag.py
[2024-05-11T21:21:34.583+0000] {logging_mixin.py:154} INFO - [2024-05-11T21:21:34.583+0000] {dag.py:2941} INFO - Sync 1 DAGs
[2024-05-11T21:21:34.600+0000] {logging_mixin.py:154} INFO - [2024-05-11T21:21:34.600+0000] {dag.py:3722} INFO - Setting next_dagrun for example_skip_dag to 2024-05-10T21:21:34.600033+00:00, run_after=2024-05-11T21:21:34.600033+00:00
[2024-05-11T21:21:34.614+0000] {processor.py:179} INFO - Processing /home/airflow/.local/lib/python3.8/site-packages/airflow/example_dags/example_skip_dag.py took 0.086 seconds
[2024-05-11T21:22:05.196+0000] {processor.py:157} INFO - Started process (PID=646) to work on /home/airflow/.local/lib/python3.8/site-packages/airflow/example_dags/example_skip_dag.py
[2024-05-11T21:22:05.199+0000] {processor.py:829} INFO - Processing file /home/airflow/.local/lib/python3.8/site-packages/airflow/example_dags/example_skip_dag.py for tasks to queue
[2024-05-11T21:22:05.210+0000] {logging_mixin.py:154} INFO - [2024-05-11T21:22:05.209+0000] {dagbag.py:536} INFO - Filling up the DagBag from /home/airflow/.local/lib/python3.8/site-packages/airflow/example_dags/example_skip_dag.py
[2024-05-11T21:22:05.248+0000] {processor.py:839} INFO - DAG(s) dict_keys(['example_skip_dag']) retrieved from /home/airflow/.local/lib/python3.8/site-packages/airflow/example_dags/example_skip_dag.py
[2024-05-11T21:22:05.324+0000] {logging_mixin.py:154} INFO - [2024-05-11T21:22:05.324+0000] {dag.py:2941} INFO - Sync 1 DAGs
[2024-05-11T21:22:05.372+0000] {logging_mixin.py:154} INFO - [2024-05-11T21:22:05.372+0000] {dag.py:3722} INFO - Setting next_dagrun for example_skip_dag to 2024-05-10T21:22:05.372118+00:00, run_after=2024-05-11T21:22:05.372118+00:00
[2024-05-11T21:22:05.428+0000] {processor.py:179} INFO - Processing /home/airflow/.local/lib/python3.8/site-packages/airflow/example_dags/example_skip_dag.py took 0.251 seconds
[2024-05-11T21:42:06.109+0000] {processor.py:157} INFO - Started process (PID=57) to work on /home/airflow/.local/lib/python3.8/site-packages/airflow/example_dags/example_skip_dag.py
[2024-05-11T21:42:06.113+0000] {processor.py:829} INFO - Processing file /home/airflow/.local/lib/python3.8/site-packages/airflow/example_dags/example_skip_dag.py for tasks to queue
[2024-05-11T21:42:06.126+0000] {logging_mixin.py:154} INFO - [2024-05-11T21:42:06.125+0000] {dagbag.py:536} INFO - Filling up the DagBag from /home/airflow/.local/lib/python3.8/site-packages/airflow/example_dags/example_skip_dag.py
[2024-05-11T21:42:06.149+0000] {processor.py:839} INFO - DAG(s) dict_keys(['example_skip_dag']) retrieved from /home/airflow/.local/lib/python3.8/site-packages/airflow/example_dags/example_skip_dag.py
[2024-05-11T21:42:06.345+0000] {logging_mixin.py:154} INFO - [2024-05-11T21:42:06.345+0000] {manager.py:499} INFO - Created Permission View: %s
[2024-05-11T21:42:06.371+0000] {logging_mixin.py:154} INFO - [2024-05-11T21:42:06.370+0000] {manager.py:499} INFO - Created Permission View: %s
[2024-05-11T21:42:06.385+0000] {logging_mixin.py:154} INFO - [2024-05-11T21:42:06.384+0000] {manager.py:499} INFO - Created Permission View: %s
[2024-05-11T21:42:06.386+0000] {logging_mixin.py:154} INFO - [2024-05-11T21:42:06.386+0000] {dag.py:2941} INFO - Sync 1 DAGs
[2024-05-11T21:42:06.405+0000] {logging_mixin.py:154} INFO - [2024-05-11T21:42:06.405+0000] {dag.py:2963} INFO - Creating ORM DAG for example_skip_dag
[2024-05-11T21:42:06.438+0000] {logging_mixin.py:154} INFO - [2024-05-11T21:42:06.437+0000] {dag.py:3722} INFO - Setting next_dagrun for example_skip_dag to 2024-05-10T21:42:06.433512+00:00, run_after=2024-05-11T21:42:06.433512+00:00
[2024-05-11T21:42:06.498+0000] {processor.py:179} INFO - Processing /home/airflow/.local/lib/python3.8/site-packages/airflow/example_dags/example_skip_dag.py took 0.395 seconds
[2024-05-11T21:42:37.096+0000] {processor.py:157} INFO - Started process (PID=112) to work on /home/airflow/.local/lib/python3.8/site-packages/airflow/example_dags/example_skip_dag.py
[2024-05-11T21:42:37.098+0000] {processor.py:829} INFO - Processing file /home/airflow/.local/lib/python3.8/site-packages/airflow/example_dags/example_skip_dag.py for tasks to queue
[2024-05-11T21:42:37.101+0000] {logging_mixin.py:154} INFO - [2024-05-11T21:42:37.100+0000] {dagbag.py:536} INFO - Filling up the DagBag from /home/airflow/.local/lib/python3.8/site-packages/airflow/example_dags/example_skip_dag.py
[2024-05-11T21:42:37.106+0000] {processor.py:839} INFO - DAG(s) dict_keys(['example_skip_dag']) retrieved from /home/airflow/.local/lib/python3.8/site-packages/airflow/example_dags/example_skip_dag.py
[2024-05-11T21:42:37.128+0000] {logging_mixin.py:154} INFO - [2024-05-11T21:42:37.127+0000] {dag.py:2941} INFO - Sync 1 DAGs
[2024-05-11T21:42:37.151+0000] {logging_mixin.py:154} INFO - [2024-05-11T21:42:37.151+0000] {dag.py:3722} INFO - Setting next_dagrun for example_skip_dag to 2024-05-10T21:42:37.150742+00:00, run_after=2024-05-11T21:42:37.150742+00:00
[2024-05-11T21:42:37.166+0000] {processor.py:179} INFO - Processing /home/airflow/.local/lib/python3.8/site-packages/airflow/example_dags/example_skip_dag.py took 0.072 seconds
[2024-05-11T21:43:07.270+0000] {processor.py:157} INFO - Started process (PID=167) to work on /home/airflow/.local/lib/python3.8/site-packages/airflow/example_dags/example_skip_dag.py
[2024-05-11T21:43:07.272+0000] {processor.py:829} INFO - Processing file /home/airflow/.local/lib/python3.8/site-packages/airflow/example_dags/example_skip_dag.py for tasks to queue
[2024-05-11T21:43:07.274+0000] {logging_mixin.py:154} INFO - [2024-05-11T21:43:07.274+0000] {dagbag.py:536} INFO - Filling up the DagBag from /home/airflow/.local/lib/python3.8/site-packages/airflow/example_dags/example_skip_dag.py
[2024-05-11T21:43:07.280+0000] {processor.py:839} INFO - DAG(s) dict_keys(['example_skip_dag']) retrieved from /home/airflow/.local/lib/python3.8/site-packages/airflow/example_dags/example_skip_dag.py
[2024-05-11T21:43:07.302+0000] {logging_mixin.py:154} INFO - [2024-05-11T21:43:07.302+0000] {dag.py:2941} INFO - Sync 1 DAGs
[2024-05-11T21:43:07.322+0000] {logging_mixin.py:154} INFO - [2024-05-11T21:43:07.321+0000] {dag.py:3722} INFO - Setting next_dagrun for example_skip_dag to 2024-05-10T21:43:07.321676+00:00, run_after=2024-05-11T21:43:07.321676+00:00
[2024-05-11T21:43:07.338+0000] {processor.py:179} INFO - Processing /home/airflow/.local/lib/python3.8/site-packages/airflow/example_dags/example_skip_dag.py took 0.071 seconds
[2024-05-11T21:43:37.844+0000] {processor.py:157} INFO - Started process (PID=222) to work on /home/airflow/.local/lib/python3.8/site-packages/airflow/example_dags/example_skip_dag.py
[2024-05-11T21:43:37.847+0000] {processor.py:829} INFO - Processing file /home/airflow/.local/lib/python3.8/site-packages/airflow/example_dags/example_skip_dag.py for tasks to queue
[2024-05-11T21:43:37.849+0000] {logging_mixin.py:154} INFO - [2024-05-11T21:43:37.849+0000] {dagbag.py:536} INFO - Filling up the DagBag from /home/airflow/.local/lib/python3.8/site-packages/airflow/example_dags/example_skip_dag.py
[2024-05-11T21:43:37.856+0000] {processor.py:839} INFO - DAG(s) dict_keys(['example_skip_dag']) retrieved from /home/airflow/.local/lib/python3.8/site-packages/airflow/example_dags/example_skip_dag.py
[2024-05-11T21:43:37.879+0000] {logging_mixin.py:154} INFO - [2024-05-11T21:43:37.878+0000] {dag.py:2941} INFO - Sync 1 DAGs
[2024-05-11T21:43:37.898+0000] {logging_mixin.py:154} INFO - [2024-05-11T21:43:37.898+0000] {dag.py:3722} INFO - Setting next_dagrun for example_skip_dag to 2024-05-10T21:43:37.898422+00:00, run_after=2024-05-11T21:43:37.898422+00:00
[2024-05-11T21:43:37.915+0000] {processor.py:179} INFO - Processing /home/airflow/.local/lib/python3.8/site-packages/airflow/example_dags/example_skip_dag.py took 0.074 seconds
[2024-05-11T21:44:08.583+0000] {processor.py:157} INFO - Started process (PID=277) to work on /home/airflow/.local/lib/python3.8/site-packages/airflow/example_dags/example_skip_dag.py
[2024-05-11T21:44:08.584+0000] {processor.py:829} INFO - Processing file /home/airflow/.local/lib/python3.8/site-packages/airflow/example_dags/example_skip_dag.py for tasks to queue
[2024-05-11T21:44:08.587+0000] {logging_mixin.py:154} INFO - [2024-05-11T21:44:08.586+0000] {dagbag.py:536} INFO - Filling up the DagBag from /home/airflow/.local/lib/python3.8/site-packages/airflow/example_dags/example_skip_dag.py
[2024-05-11T21:44:08.592+0000] {processor.py:839} INFO - DAG(s) dict_keys(['example_skip_dag']) retrieved from /home/airflow/.local/lib/python3.8/site-packages/airflow/example_dags/example_skip_dag.py
[2024-05-11T21:44:08.613+0000] {logging_mixin.py:154} INFO - [2024-05-11T21:44:08.613+0000] {dag.py:2941} INFO - Sync 1 DAGs
[2024-05-11T21:44:08.628+0000] {logging_mixin.py:154} INFO - [2024-05-11T21:44:08.627+0000] {dag.py:3722} INFO - Setting next_dagrun for example_skip_dag to 2024-05-10T21:44:08.627762+00:00, run_after=2024-05-11T21:44:08.627762+00:00
[2024-05-11T21:44:08.640+0000] {processor.py:179} INFO - Processing /home/airflow/.local/lib/python3.8/site-packages/airflow/example_dags/example_skip_dag.py took 0.060 seconds
[2024-05-11T21:44:39.119+0000] {processor.py:157} INFO - Started process (PID=332) to work on /home/airflow/.local/lib/python3.8/site-packages/airflow/example_dags/example_skip_dag.py
[2024-05-11T21:44:39.124+0000] {processor.py:829} INFO - Processing file /home/airflow/.local/lib/python3.8/site-packages/airflow/example_dags/example_skip_dag.py for tasks to queue
[2024-05-11T21:44:39.126+0000] {logging_mixin.py:154} INFO - [2024-05-11T21:44:39.126+0000] {dagbag.py:536} INFO - Filling up the DagBag from /home/airflow/.local/lib/python3.8/site-packages/airflow/example_dags/example_skip_dag.py
[2024-05-11T21:44:39.132+0000] {processor.py:839} INFO - DAG(s) dict_keys(['example_skip_dag']) retrieved from /home/airflow/.local/lib/python3.8/site-packages/airflow/example_dags/example_skip_dag.py
[2024-05-11T21:44:39.152+0000] {logging_mixin.py:154} INFO - [2024-05-11T21:44:39.152+0000] {dag.py:2941} INFO - Sync 1 DAGs
[2024-05-11T21:44:39.169+0000] {logging_mixin.py:154} INFO - [2024-05-11T21:44:39.169+0000] {dag.py:3722} INFO - Setting next_dagrun for example_skip_dag to 2024-05-10T21:44:39.168956+00:00, run_after=2024-05-11T21:44:39.168956+00:00
[2024-05-11T21:44:39.182+0000] {processor.py:179} INFO - Processing /home/airflow/.local/lib/python3.8/site-packages/airflow/example_dags/example_skip_dag.py took 0.065 seconds
[2024-05-11T21:45:09.659+0000] {processor.py:157} INFO - Started process (PID=387) to work on /home/airflow/.local/lib/python3.8/site-packages/airflow/example_dags/example_skip_dag.py
[2024-05-11T21:45:09.662+0000] {processor.py:829} INFO - Processing file /home/airflow/.local/lib/python3.8/site-packages/airflow/example_dags/example_skip_dag.py for tasks to queue
[2024-05-11T21:45:09.666+0000] {logging_mixin.py:154} INFO - [2024-05-11T21:45:09.666+0000] {dagbag.py:536} INFO - Filling up the DagBag from /home/airflow/.local/lib/python3.8/site-packages/airflow/example_dags/example_skip_dag.py
[2024-05-11T21:45:09.673+0000] {processor.py:839} INFO - DAG(s) dict_keys(['example_skip_dag']) retrieved from /home/airflow/.local/lib/python3.8/site-packages/airflow/example_dags/example_skip_dag.py
[2024-05-11T21:45:09.703+0000] {logging_mixin.py:154} INFO - [2024-05-11T21:45:09.703+0000] {dag.py:2941} INFO - Sync 1 DAGs
[2024-05-11T21:45:09.723+0000] {logging_mixin.py:154} INFO - [2024-05-11T21:45:09.723+0000] {dag.py:3722} INFO - Setting next_dagrun for example_skip_dag to 2024-05-10T21:45:09.723251+00:00, run_after=2024-05-11T21:45:09.723251+00:00
[2024-05-11T21:45:09.740+0000] {processor.py:179} INFO - Processing /home/airflow/.local/lib/python3.8/site-packages/airflow/example_dags/example_skip_dag.py took 0.087 seconds
[2024-05-11T21:45:39.974+0000] {processor.py:157} INFO - Started process (PID=443) to work on /home/airflow/.local/lib/python3.8/site-packages/airflow/example_dags/example_skip_dag.py
[2024-05-11T21:45:39.976+0000] {processor.py:829} INFO - Processing file /home/airflow/.local/lib/python3.8/site-packages/airflow/example_dags/example_skip_dag.py for tasks to queue
[2024-05-11T21:45:39.979+0000] {logging_mixin.py:154} INFO - [2024-05-11T21:45:39.978+0000] {dagbag.py:536} INFO - Filling up the DagBag from /home/airflow/.local/lib/python3.8/site-packages/airflow/example_dags/example_skip_dag.py
[2024-05-11T21:45:39.987+0000] {processor.py:839} INFO - DAG(s) dict_keys(['example_skip_dag']) retrieved from /home/airflow/.local/lib/python3.8/site-packages/airflow/example_dags/example_skip_dag.py
[2024-05-11T21:45:40.020+0000] {logging_mixin.py:154} INFO - [2024-05-11T21:45:40.020+0000] {dag.py:2941} INFO - Sync 1 DAGs
[2024-05-11T21:45:40.049+0000] {logging_mixin.py:154} INFO - [2024-05-11T21:45:40.048+0000] {dag.py:3722} INFO - Setting next_dagrun for example_skip_dag to 2024-05-10T21:45:40.048416+00:00, run_after=2024-05-11T21:45:40.048416+00:00
[2024-05-11T21:45:40.067+0000] {processor.py:179} INFO - Processing /home/airflow/.local/lib/python3.8/site-packages/airflow/example_dags/example_skip_dag.py took 0.097 seconds
[2024-05-11T21:46:10.136+0000] {processor.py:157} INFO - Started process (PID=498) to work on /home/airflow/.local/lib/python3.8/site-packages/airflow/example_dags/example_skip_dag.py
[2024-05-11T21:46:10.139+0000] {processor.py:829} INFO - Processing file /home/airflow/.local/lib/python3.8/site-packages/airflow/example_dags/example_skip_dag.py for tasks to queue
[2024-05-11T21:46:10.141+0000] {logging_mixin.py:154} INFO - [2024-05-11T21:46:10.141+0000] {dagbag.py:536} INFO - Filling up the DagBag from /home/airflow/.local/lib/python3.8/site-packages/airflow/example_dags/example_skip_dag.py
[2024-05-11T21:46:10.148+0000] {processor.py:839} INFO - DAG(s) dict_keys(['example_skip_dag']) retrieved from /home/airflow/.local/lib/python3.8/site-packages/airflow/example_dags/example_skip_dag.py
[2024-05-11T21:46:10.168+0000] {logging_mixin.py:154} INFO - [2024-05-11T21:46:10.168+0000] {dag.py:2941} INFO - Sync 1 DAGs
[2024-05-11T21:46:10.184+0000] {logging_mixin.py:154} INFO - [2024-05-11T21:46:10.184+0000] {dag.py:3722} INFO - Setting next_dagrun for example_skip_dag to 2024-05-10T21:46:10.184266+00:00, run_after=2024-05-11T21:46:10.184266+00:00
[2024-05-11T21:46:10.196+0000] {processor.py:179} INFO - Processing /home/airflow/.local/lib/python3.8/site-packages/airflow/example_dags/example_skip_dag.py took 0.064 seconds
[2024-05-11T21:46:40.713+0000] {processor.py:157} INFO - Started process (PID=553) to work on /home/airflow/.local/lib/python3.8/site-packages/airflow/example_dags/example_skip_dag.py
[2024-05-11T21:46:40.714+0000] {processor.py:829} INFO - Processing file /home/airflow/.local/lib/python3.8/site-packages/airflow/example_dags/example_skip_dag.py for tasks to queue
[2024-05-11T21:46:40.717+0000] {logging_mixin.py:154} INFO - [2024-05-11T21:46:40.717+0000] {dagbag.py:536} INFO - Filling up the DagBag from /home/airflow/.local/lib/python3.8/site-packages/airflow/example_dags/example_skip_dag.py
[2024-05-11T21:46:40.722+0000] {processor.py:839} INFO - DAG(s) dict_keys(['example_skip_dag']) retrieved from /home/airflow/.local/lib/python3.8/site-packages/airflow/example_dags/example_skip_dag.py
[2024-05-11T21:46:40.744+0000] {logging_mixin.py:154} INFO - [2024-05-11T21:46:40.744+0000] {dag.py:2941} INFO - Sync 1 DAGs
[2024-05-11T21:46:40.760+0000] {logging_mixin.py:154} INFO - [2024-05-11T21:46:40.760+0000] {dag.py:3722} INFO - Setting next_dagrun for example_skip_dag to 2024-05-10T21:46:40.760520+00:00, run_after=2024-05-11T21:46:40.760520+00:00
[2024-05-11T21:46:40.773+0000] {processor.py:179} INFO - Processing /home/airflow/.local/lib/python3.8/site-packages/airflow/example_dags/example_skip_dag.py took 0.063 seconds
