[2024-05-11T21:03:19.486+0000] {processor.py:157} INFO - Started process (PID=48) to work on /home/airflow/.local/lib/python3.8/site-packages/airflow/example_dags/example_setup_teardown_taskflow.py
[2024-05-11T21:03:19.492+0000] {processor.py:829} INFO - Processing file /home/airflow/.local/lib/python3.8/site-packages/airflow/example_dags/example_setup_teardown_taskflow.py for tasks to queue
[2024-05-11T21:03:19.495+0000] {logging_mixin.py:154} INFO - [2024-05-11T21:03:19.494+0000] {dagbag.py:536} INFO - Filling up the DagBag from /home/airflow/.local/lib/python3.8/site-packages/airflow/example_dags/example_setup_teardown_taskflow.py
[2024-05-11T21:03:19.506+0000] {processor.py:839} INFO - DAG(s) dict_keys(['example_setup_teardown_taskflow']) retrieved from /home/airflow/.local/lib/python3.8/site-packages/airflow/example_dags/example_setup_teardown_taskflow.py
[2024-05-11T21:03:19.614+0000] {logging_mixin.py:154} INFO - [2024-05-11T21:03:19.613+0000] {manager.py:499} INFO - Created Permission View: %s
[2024-05-11T21:03:19.621+0000] {logging_mixin.py:154} INFO - [2024-05-11T21:03:19.620+0000] {manager.py:499} INFO - Created Permission View: %s
[2024-05-11T21:03:19.624+0000] {logging_mixin.py:154} INFO - [2024-05-11T21:03:19.624+0000] {manager.py:499} INFO - Created Permission View: %s
[2024-05-11T21:03:19.625+0000] {logging_mixin.py:154} INFO - [2024-05-11T21:03:19.625+0000] {dag.py:2941} INFO - Sync 1 DAGs
[2024-05-11T21:03:19.632+0000] {logging_mixin.py:154} INFO - [2024-05-11T21:03:19.631+0000] {dag.py:2963} INFO - Creating ORM DAG for example_setup_teardown_taskflow
[2024-05-11T21:03:19.639+0000] {logging_mixin.py:154} INFO - [2024-05-11T21:03:19.638+0000] {dag.py:3722} INFO - Setting next_dagrun for example_setup_teardown_taskflow to 2024-05-10T21:03:19.638681+00:00, run_after=2024-05-11T21:03:19.638681+00:00
[2024-05-11T21:03:19.656+0000] {processor.py:179} INFO - Processing /home/airflow/.local/lib/python3.8/site-packages/airflow/example_dags/example_setup_teardown_taskflow.py took 0.174 seconds
[2024-05-11T21:03:50.144+0000] {processor.py:157} INFO - Started process (PID=103) to work on /home/airflow/.local/lib/python3.8/site-packages/airflow/example_dags/example_setup_teardown_taskflow.py
[2024-05-11T21:03:50.145+0000] {processor.py:829} INFO - Processing file /home/airflow/.local/lib/python3.8/site-packages/airflow/example_dags/example_setup_teardown_taskflow.py for tasks to queue
[2024-05-11T21:03:50.147+0000] {logging_mixin.py:154} INFO - [2024-05-11T21:03:50.147+0000] {dagbag.py:536} INFO - Filling up the DagBag from /home/airflow/.local/lib/python3.8/site-packages/airflow/example_dags/example_setup_teardown_taskflow.py
[2024-05-11T21:03:50.154+0000] {processor.py:839} INFO - DAG(s) dict_keys(['example_setup_teardown_taskflow']) retrieved from /home/airflow/.local/lib/python3.8/site-packages/airflow/example_dags/example_setup_teardown_taskflow.py
[2024-05-11T21:03:50.171+0000] {logging_mixin.py:154} INFO - [2024-05-11T21:03:50.171+0000] {dag.py:2941} INFO - Sync 1 DAGs
[2024-05-11T21:03:50.184+0000] {logging_mixin.py:154} INFO - [2024-05-11T21:03:50.184+0000] {dag.py:3722} INFO - Setting next_dagrun for example_setup_teardown_taskflow to 2024-05-10T21:03:50.183993+00:00, run_after=2024-05-11T21:03:50.183993+00:00
[2024-05-11T21:03:50.194+0000] {processor.py:179} INFO - Processing /home/airflow/.local/lib/python3.8/site-packages/airflow/example_dags/example_setup_teardown_taskflow.py took 0.053 seconds
[2024-05-11T21:04:20.591+0000] {processor.py:157} INFO - Started process (PID=157) to work on /home/airflow/.local/lib/python3.8/site-packages/airflow/example_dags/example_setup_teardown_taskflow.py
[2024-05-11T21:04:20.592+0000] {processor.py:829} INFO - Processing file /home/airflow/.local/lib/python3.8/site-packages/airflow/example_dags/example_setup_teardown_taskflow.py for tasks to queue
[2024-05-11T21:04:20.594+0000] {logging_mixin.py:154} INFO - [2024-05-11T21:04:20.594+0000] {dagbag.py:536} INFO - Filling up the DagBag from /home/airflow/.local/lib/python3.8/site-packages/airflow/example_dags/example_setup_teardown_taskflow.py
[2024-05-11T21:04:20.602+0000] {processor.py:839} INFO - DAG(s) dict_keys(['example_setup_teardown_taskflow']) retrieved from /home/airflow/.local/lib/python3.8/site-packages/airflow/example_dags/example_setup_teardown_taskflow.py
[2024-05-11T21:04:20.620+0000] {logging_mixin.py:154} INFO - [2024-05-11T21:04:20.619+0000] {dag.py:2941} INFO - Sync 1 DAGs
[2024-05-11T21:04:20.633+0000] {logging_mixin.py:154} INFO - [2024-05-11T21:04:20.633+0000] {dag.py:3722} INFO - Setting next_dagrun for example_setup_teardown_taskflow to 2024-05-10T21:04:20.633019+00:00, run_after=2024-05-11T21:04:20.633019+00:00
[2024-05-11T21:04:20.643+0000] {processor.py:179} INFO - Processing /home/airflow/.local/lib/python3.8/site-packages/airflow/example_dags/example_setup_teardown_taskflow.py took 0.056 seconds
[2024-05-11T21:04:50.830+0000] {processor.py:157} INFO - Started process (PID=212) to work on /home/airflow/.local/lib/python3.8/site-packages/airflow/example_dags/example_setup_teardown_taskflow.py
[2024-05-11T21:04:50.831+0000] {processor.py:829} INFO - Processing file /home/airflow/.local/lib/python3.8/site-packages/airflow/example_dags/example_setup_teardown_taskflow.py for tasks to queue
[2024-05-11T21:04:50.833+0000] {logging_mixin.py:154} INFO - [2024-05-11T21:04:50.833+0000] {dagbag.py:536} INFO - Filling up the DagBag from /home/airflow/.local/lib/python3.8/site-packages/airflow/example_dags/example_setup_teardown_taskflow.py
[2024-05-11T21:04:50.840+0000] {processor.py:839} INFO - DAG(s) dict_keys(['example_setup_teardown_taskflow']) retrieved from /home/airflow/.local/lib/python3.8/site-packages/airflow/example_dags/example_setup_teardown_taskflow.py
[2024-05-11T21:04:50.857+0000] {logging_mixin.py:154} INFO - [2024-05-11T21:04:50.857+0000] {dag.py:2941} INFO - Sync 1 DAGs
[2024-05-11T21:04:50.870+0000] {logging_mixin.py:154} INFO - [2024-05-11T21:04:50.870+0000] {dag.py:3722} INFO - Setting next_dagrun for example_setup_teardown_taskflow to 2024-05-10T21:04:50.870413+00:00, run_after=2024-05-11T21:04:50.870413+00:00
[2024-05-11T21:04:50.882+0000] {processor.py:179} INFO - Processing /home/airflow/.local/lib/python3.8/site-packages/airflow/example_dags/example_setup_teardown_taskflow.py took 0.055 seconds
[2024-05-11T21:05:42.546+0000] {processor.py:157} INFO - Started process (PID=49) to work on /home/airflow/.local/lib/python3.8/site-packages/airflow/example_dags/example_setup_teardown_taskflow.py
[2024-05-11T21:05:42.549+0000] {processor.py:829} INFO - Processing file /home/airflow/.local/lib/python3.8/site-packages/airflow/example_dags/example_setup_teardown_taskflow.py for tasks to queue
[2024-05-11T21:05:42.553+0000] {logging_mixin.py:154} INFO - [2024-05-11T21:05:42.553+0000] {dagbag.py:536} INFO - Filling up the DagBag from /home/airflow/.local/lib/python3.8/site-packages/airflow/example_dags/example_setup_teardown_taskflow.py
[2024-05-11T21:05:42.579+0000] {processor.py:839} INFO - DAG(s) dict_keys(['example_setup_teardown_taskflow']) retrieved from /home/airflow/.local/lib/python3.8/site-packages/airflow/example_dags/example_setup_teardown_taskflow.py
[2024-05-11T21:05:42.623+0000] {logging_mixin.py:154} INFO - [2024-05-11T21:05:42.623+0000] {dag.py:2941} INFO - Sync 1 DAGs
[2024-05-11T21:05:42.653+0000] {logging_mixin.py:154} INFO - [2024-05-11T21:05:42.653+0000] {dag.py:3722} INFO - Setting next_dagrun for example_setup_teardown_taskflow to 2024-05-10T21:05:42.652956+00:00, run_after=2024-05-11T21:05:42.652956+00:00
[2024-05-11T21:05:42.674+0000] {processor.py:179} INFO - Processing /home/airflow/.local/lib/python3.8/site-packages/airflow/example_dags/example_setup_teardown_taskflow.py took 0.134 seconds
[2024-05-11T21:06:13.663+0000] {processor.py:157} INFO - Started process (PID=104) to work on /home/airflow/.local/lib/python3.8/site-packages/airflow/example_dags/example_setup_teardown_taskflow.py
[2024-05-11T21:06:13.665+0000] {processor.py:829} INFO - Processing file /home/airflow/.local/lib/python3.8/site-packages/airflow/example_dags/example_setup_teardown_taskflow.py for tasks to queue
[2024-05-11T21:06:13.668+0000] {logging_mixin.py:154} INFO - [2024-05-11T21:06:13.668+0000] {dagbag.py:536} INFO - Filling up the DagBag from /home/airflow/.local/lib/python3.8/site-packages/airflow/example_dags/example_setup_teardown_taskflow.py
[2024-05-11T21:06:13.678+0000] {processor.py:839} INFO - DAG(s) dict_keys(['example_setup_teardown_taskflow']) retrieved from /home/airflow/.local/lib/python3.8/site-packages/airflow/example_dags/example_setup_teardown_taskflow.py
[2024-05-11T21:06:13.696+0000] {logging_mixin.py:154} INFO - [2024-05-11T21:06:13.696+0000] {dag.py:2941} INFO - Sync 1 DAGs
[2024-05-11T21:06:13.707+0000] {logging_mixin.py:154} INFO - [2024-05-11T21:06:13.707+0000] {dag.py:3722} INFO - Setting next_dagrun for example_setup_teardown_taskflow to 2024-05-10T21:06:13.707584+00:00, run_after=2024-05-11T21:06:13.707584+00:00
[2024-05-11T21:06:13.718+0000] {processor.py:179} INFO - Processing /home/airflow/.local/lib/python3.8/site-packages/airflow/example_dags/example_setup_teardown_taskflow.py took 0.060 seconds
[2024-05-11T21:06:44.023+0000] {processor.py:157} INFO - Started process (PID=159) to work on /home/airflow/.local/lib/python3.8/site-packages/airflow/example_dags/example_setup_teardown_taskflow.py
[2024-05-11T21:06:44.025+0000] {processor.py:829} INFO - Processing file /home/airflow/.local/lib/python3.8/site-packages/airflow/example_dags/example_setup_teardown_taskflow.py for tasks to queue
[2024-05-11T21:06:44.029+0000] {logging_mixin.py:154} INFO - [2024-05-11T21:06:44.028+0000] {dagbag.py:536} INFO - Filling up the DagBag from /home/airflow/.local/lib/python3.8/site-packages/airflow/example_dags/example_setup_teardown_taskflow.py
[2024-05-11T21:06:44.039+0000] {processor.py:839} INFO - DAG(s) dict_keys(['example_setup_teardown_taskflow']) retrieved from /home/airflow/.local/lib/python3.8/site-packages/airflow/example_dags/example_setup_teardown_taskflow.py
[2024-05-11T21:06:44.066+0000] {logging_mixin.py:154} INFO - [2024-05-11T21:06:44.065+0000] {dag.py:2941} INFO - Sync 1 DAGs
[2024-05-11T21:06:44.083+0000] {logging_mixin.py:154} INFO - [2024-05-11T21:06:44.083+0000] {dag.py:3722} INFO - Setting next_dagrun for example_setup_teardown_taskflow to 2024-05-10T21:06:44.083321+00:00, run_after=2024-05-11T21:06:44.083321+00:00
[2024-05-11T21:06:44.100+0000] {processor.py:179} INFO - Processing /home/airflow/.local/lib/python3.8/site-packages/airflow/example_dags/example_setup_teardown_taskflow.py took 0.082 seconds
[2024-05-11T21:07:14.263+0000] {processor.py:157} INFO - Started process (PID=214) to work on /home/airflow/.local/lib/python3.8/site-packages/airflow/example_dags/example_setup_teardown_taskflow.py
[2024-05-11T21:07:14.265+0000] {processor.py:829} INFO - Processing file /home/airflow/.local/lib/python3.8/site-packages/airflow/example_dags/example_setup_teardown_taskflow.py for tasks to queue
[2024-05-11T21:07:14.267+0000] {logging_mixin.py:154} INFO - [2024-05-11T21:07:14.266+0000] {dagbag.py:536} INFO - Filling up the DagBag from /home/airflow/.local/lib/python3.8/site-packages/airflow/example_dags/example_setup_teardown_taskflow.py
[2024-05-11T21:07:14.273+0000] {processor.py:839} INFO - DAG(s) dict_keys(['example_setup_teardown_taskflow']) retrieved from /home/airflow/.local/lib/python3.8/site-packages/airflow/example_dags/example_setup_teardown_taskflow.py
[2024-05-11T21:07:14.297+0000] {logging_mixin.py:154} INFO - [2024-05-11T21:07:14.297+0000] {dag.py:2941} INFO - Sync 1 DAGs
[2024-05-11T21:07:14.310+0000] {logging_mixin.py:154} INFO - [2024-05-11T21:07:14.310+0000] {dag.py:3722} INFO - Setting next_dagrun for example_setup_teardown_taskflow to 2024-05-10T21:07:14.310346+00:00, run_after=2024-05-11T21:07:14.310346+00:00
[2024-05-11T21:07:14.326+0000] {processor.py:179} INFO - Processing /home/airflow/.local/lib/python3.8/site-packages/airflow/example_dags/example_setup_teardown_taskflow.py took 0.066 seconds
[2024-05-11T21:07:44.499+0000] {processor.py:157} INFO - Started process (PID=273) to work on /home/airflow/.local/lib/python3.8/site-packages/airflow/example_dags/example_setup_teardown_taskflow.py
[2024-05-11T21:07:44.502+0000] {processor.py:829} INFO - Processing file /home/airflow/.local/lib/python3.8/site-packages/airflow/example_dags/example_setup_teardown_taskflow.py for tasks to queue
[2024-05-11T21:07:44.505+0000] {logging_mixin.py:154} INFO - [2024-05-11T21:07:44.505+0000] {dagbag.py:536} INFO - Filling up the DagBag from /home/airflow/.local/lib/python3.8/site-packages/airflow/example_dags/example_setup_teardown_taskflow.py
[2024-05-11T21:07:44.512+0000] {processor.py:839} INFO - DAG(s) dict_keys(['example_setup_teardown_taskflow']) retrieved from /home/airflow/.local/lib/python3.8/site-packages/airflow/example_dags/example_setup_teardown_taskflow.py
[2024-05-11T21:07:44.528+0000] {logging_mixin.py:154} INFO - [2024-05-11T21:07:44.528+0000] {dag.py:2941} INFO - Sync 1 DAGs
[2024-05-11T21:07:44.540+0000] {logging_mixin.py:154} INFO - [2024-05-11T21:07:44.540+0000] {dag.py:3722} INFO - Setting next_dagrun for example_setup_teardown_taskflow to 2024-05-10T21:07:44.540632+00:00, run_after=2024-05-11T21:07:44.540632+00:00
[2024-05-11T21:07:44.557+0000] {processor.py:179} INFO - Processing /home/airflow/.local/lib/python3.8/site-packages/airflow/example_dags/example_setup_teardown_taskflow.py took 0.061 seconds
[2024-05-11T21:08:14.831+0000] {processor.py:157} INFO - Started process (PID=328) to work on /home/airflow/.local/lib/python3.8/site-packages/airflow/example_dags/example_setup_teardown_taskflow.py
[2024-05-11T21:08:14.832+0000] {processor.py:829} INFO - Processing file /home/airflow/.local/lib/python3.8/site-packages/airflow/example_dags/example_setup_teardown_taskflow.py for tasks to queue
[2024-05-11T21:08:14.834+0000] {logging_mixin.py:154} INFO - [2024-05-11T21:08:14.834+0000] {dagbag.py:536} INFO - Filling up the DagBag from /home/airflow/.local/lib/python3.8/site-packages/airflow/example_dags/example_setup_teardown_taskflow.py
[2024-05-11T21:08:14.841+0000] {processor.py:839} INFO - DAG(s) dict_keys(['example_setup_teardown_taskflow']) retrieved from /home/airflow/.local/lib/python3.8/site-packages/airflow/example_dags/example_setup_teardown_taskflow.py
[2024-05-11T21:08:14.859+0000] {logging_mixin.py:154} INFO - [2024-05-11T21:08:14.859+0000] {dag.py:2941} INFO - Sync 1 DAGs
[2024-05-11T21:08:14.871+0000] {logging_mixin.py:154} INFO - [2024-05-11T21:08:14.871+0000] {dag.py:3722} INFO - Setting next_dagrun for example_setup_teardown_taskflow to 2024-05-10T21:08:14.871098+00:00, run_after=2024-05-11T21:08:14.871098+00:00
[2024-05-11T21:08:14.881+0000] {processor.py:179} INFO - Processing /home/airflow/.local/lib/python3.8/site-packages/airflow/example_dags/example_setup_teardown_taskflow.py took 0.054 seconds
[2024-05-11T21:08:45.022+0000] {processor.py:157} INFO - Started process (PID=383) to work on /home/airflow/.local/lib/python3.8/site-packages/airflow/example_dags/example_setup_teardown_taskflow.py
[2024-05-11T21:08:45.024+0000] {processor.py:829} INFO - Processing file /home/airflow/.local/lib/python3.8/site-packages/airflow/example_dags/example_setup_teardown_taskflow.py for tasks to queue
[2024-05-11T21:08:45.027+0000] {logging_mixin.py:154} INFO - [2024-05-11T21:08:45.026+0000] {dagbag.py:536} INFO - Filling up the DagBag from /home/airflow/.local/lib/python3.8/site-packages/airflow/example_dags/example_setup_teardown_taskflow.py
[2024-05-11T21:08:45.034+0000] {processor.py:839} INFO - DAG(s) dict_keys(['example_setup_teardown_taskflow']) retrieved from /home/airflow/.local/lib/python3.8/site-packages/airflow/example_dags/example_setup_teardown_taskflow.py
[2024-05-11T21:08:45.052+0000] {logging_mixin.py:154} INFO - [2024-05-11T21:08:45.052+0000] {dag.py:2941} INFO - Sync 1 DAGs
[2024-05-11T21:08:45.064+0000] {logging_mixin.py:154} INFO - [2024-05-11T21:08:45.064+0000] {dag.py:3722} INFO - Setting next_dagrun for example_setup_teardown_taskflow to 2024-05-10T21:08:45.064608+00:00, run_after=2024-05-11T21:08:45.064608+00:00
[2024-05-11T21:08:45.074+0000] {processor.py:179} INFO - Processing /home/airflow/.local/lib/python3.8/site-packages/airflow/example_dags/example_setup_teardown_taskflow.py took 0.055 seconds
[2024-05-11T21:09:15.486+0000] {processor.py:157} INFO - Started process (PID=437) to work on /home/airflow/.local/lib/python3.8/site-packages/airflow/example_dags/example_setup_teardown_taskflow.py
[2024-05-11T21:09:15.489+0000] {processor.py:829} INFO - Processing file /home/airflow/.local/lib/python3.8/site-packages/airflow/example_dags/example_setup_teardown_taskflow.py for tasks to queue
[2024-05-11T21:09:15.494+0000] {logging_mixin.py:154} INFO - [2024-05-11T21:09:15.494+0000] {dagbag.py:536} INFO - Filling up the DagBag from /home/airflow/.local/lib/python3.8/site-packages/airflow/example_dags/example_setup_teardown_taskflow.py
[2024-05-11T21:09:15.505+0000] {processor.py:839} INFO - DAG(s) dict_keys(['example_setup_teardown_taskflow']) retrieved from /home/airflow/.local/lib/python3.8/site-packages/airflow/example_dags/example_setup_teardown_taskflow.py
[2024-05-11T21:09:15.534+0000] {logging_mixin.py:154} INFO - [2024-05-11T21:09:15.534+0000] {dag.py:2941} INFO - Sync 1 DAGs
[2024-05-11T21:09:15.551+0000] {logging_mixin.py:154} INFO - [2024-05-11T21:09:15.551+0000] {dag.py:3722} INFO - Setting next_dagrun for example_setup_teardown_taskflow to 2024-05-10T21:09:15.550816+00:00, run_after=2024-05-11T21:09:15.550816+00:00
[2024-05-11T21:09:15.565+0000] {processor.py:179} INFO - Processing /home/airflow/.local/lib/python3.8/site-packages/airflow/example_dags/example_setup_teardown_taskflow.py took 0.084 seconds
[2024-05-11T21:09:45.844+0000] {processor.py:157} INFO - Started process (PID=492) to work on /home/airflow/.local/lib/python3.8/site-packages/airflow/example_dags/example_setup_teardown_taskflow.py
[2024-05-11T21:09:45.846+0000] {processor.py:829} INFO - Processing file /home/airflow/.local/lib/python3.8/site-packages/airflow/example_dags/example_setup_teardown_taskflow.py for tasks to queue
[2024-05-11T21:09:45.849+0000] {logging_mixin.py:154} INFO - [2024-05-11T21:09:45.849+0000] {dagbag.py:536} INFO - Filling up the DagBag from /home/airflow/.local/lib/python3.8/site-packages/airflow/example_dags/example_setup_teardown_taskflow.py
[2024-05-11T21:09:45.859+0000] {processor.py:839} INFO - DAG(s) dict_keys(['example_setup_teardown_taskflow']) retrieved from /home/airflow/.local/lib/python3.8/site-packages/airflow/example_dags/example_setup_teardown_taskflow.py
[2024-05-11T21:09:45.879+0000] {logging_mixin.py:154} INFO - [2024-05-11T21:09:45.878+0000] {dag.py:2941} INFO - Sync 1 DAGs
[2024-05-11T21:09:45.891+0000] {logging_mixin.py:154} INFO - [2024-05-11T21:09:45.891+0000] {dag.py:3722} INFO - Setting next_dagrun for example_setup_teardown_taskflow to 2024-05-10T21:09:45.891272+00:00, run_after=2024-05-11T21:09:45.891272+00:00
[2024-05-11T21:09:45.900+0000] {processor.py:179} INFO - Processing /home/airflow/.local/lib/python3.8/site-packages/airflow/example_dags/example_setup_teardown_taskflow.py took 0.062 seconds
[2024-05-11T21:10:16.018+0000] {processor.py:157} INFO - Started process (PID=546) to work on /home/airflow/.local/lib/python3.8/site-packages/airflow/example_dags/example_setup_teardown_taskflow.py
[2024-05-11T21:10:16.019+0000] {processor.py:829} INFO - Processing file /home/airflow/.local/lib/python3.8/site-packages/airflow/example_dags/example_setup_teardown_taskflow.py for tasks to queue
[2024-05-11T21:10:16.022+0000] {logging_mixin.py:154} INFO - [2024-05-11T21:10:16.022+0000] {dagbag.py:536} INFO - Filling up the DagBag from /home/airflow/.local/lib/python3.8/site-packages/airflow/example_dags/example_setup_teardown_taskflow.py
[2024-05-11T21:10:16.031+0000] {processor.py:839} INFO - DAG(s) dict_keys(['example_setup_teardown_taskflow']) retrieved from /home/airflow/.local/lib/python3.8/site-packages/airflow/example_dags/example_setup_teardown_taskflow.py
[2024-05-11T21:10:16.050+0000] {logging_mixin.py:154} INFO - [2024-05-11T21:10:16.050+0000] {dag.py:2941} INFO - Sync 1 DAGs
[2024-05-11T21:10:16.066+0000] {logging_mixin.py:154} INFO - [2024-05-11T21:10:16.066+0000] {dag.py:3722} INFO - Setting next_dagrun for example_setup_teardown_taskflow to 2024-05-10T21:10:16.065771+00:00, run_after=2024-05-11T21:10:16.065771+00:00
[2024-05-11T21:10:16.078+0000] {processor.py:179} INFO - Processing /home/airflow/.local/lib/python3.8/site-packages/airflow/example_dags/example_setup_teardown_taskflow.py took 0.064 seconds
[2024-05-11T21:10:46.313+0000] {processor.py:157} INFO - Started process (PID=601) to work on /home/airflow/.local/lib/python3.8/site-packages/airflow/example_dags/example_setup_teardown_taskflow.py
[2024-05-11T21:10:46.316+0000] {processor.py:829} INFO - Processing file /home/airflow/.local/lib/python3.8/site-packages/airflow/example_dags/example_setup_teardown_taskflow.py for tasks to queue
[2024-05-11T21:10:46.320+0000] {logging_mixin.py:154} INFO - [2024-05-11T21:10:46.319+0000] {dagbag.py:536} INFO - Filling up the DagBag from /home/airflow/.local/lib/python3.8/site-packages/airflow/example_dags/example_setup_teardown_taskflow.py
[2024-05-11T21:10:46.330+0000] {processor.py:839} INFO - DAG(s) dict_keys(['example_setup_teardown_taskflow']) retrieved from /home/airflow/.local/lib/python3.8/site-packages/airflow/example_dags/example_setup_teardown_taskflow.py
[2024-05-11T21:10:46.353+0000] {logging_mixin.py:154} INFO - [2024-05-11T21:10:46.353+0000] {dag.py:2941} INFO - Sync 1 DAGs
[2024-05-11T21:10:46.367+0000] {logging_mixin.py:154} INFO - [2024-05-11T21:10:46.367+0000] {dag.py:3722} INFO - Setting next_dagrun for example_setup_teardown_taskflow to 2024-05-10T21:10:46.367499+00:00, run_after=2024-05-11T21:10:46.367499+00:00
[2024-05-11T21:10:46.379+0000] {processor.py:179} INFO - Processing /home/airflow/.local/lib/python3.8/site-packages/airflow/example_dags/example_setup_teardown_taskflow.py took 0.070 seconds
[2024-05-11T21:11:16.638+0000] {processor.py:157} INFO - Started process (PID=656) to work on /home/airflow/.local/lib/python3.8/site-packages/airflow/example_dags/example_setup_teardown_taskflow.py
[2024-05-11T21:11:16.640+0000] {processor.py:829} INFO - Processing file /home/airflow/.local/lib/python3.8/site-packages/airflow/example_dags/example_setup_teardown_taskflow.py for tasks to queue
[2024-05-11T21:11:16.643+0000] {logging_mixin.py:154} INFO - [2024-05-11T21:11:16.643+0000] {dagbag.py:536} INFO - Filling up the DagBag from /home/airflow/.local/lib/python3.8/site-packages/airflow/example_dags/example_setup_teardown_taskflow.py
[2024-05-11T21:11:16.653+0000] {processor.py:839} INFO - DAG(s) dict_keys(['example_setup_teardown_taskflow']) retrieved from /home/airflow/.local/lib/python3.8/site-packages/airflow/example_dags/example_setup_teardown_taskflow.py
[2024-05-11T21:11:16.687+0000] {logging_mixin.py:154} INFO - [2024-05-11T21:11:16.686+0000] {dag.py:2941} INFO - Sync 1 DAGs
[2024-05-11T21:11:16.705+0000] {logging_mixin.py:154} INFO - [2024-05-11T21:11:16.705+0000] {dag.py:3722} INFO - Setting next_dagrun for example_setup_teardown_taskflow to 2024-05-10T21:11:16.705190+00:00, run_after=2024-05-11T21:11:16.705190+00:00
[2024-05-11T21:11:16.723+0000] {processor.py:179} INFO - Processing /home/airflow/.local/lib/python3.8/site-packages/airflow/example_dags/example_setup_teardown_taskflow.py took 0.089 seconds
[2024-05-11T21:11:46.987+0000] {processor.py:157} INFO - Started process (PID=711) to work on /home/airflow/.local/lib/python3.8/site-packages/airflow/example_dags/example_setup_teardown_taskflow.py
[2024-05-11T21:11:46.989+0000] {processor.py:829} INFO - Processing file /home/airflow/.local/lib/python3.8/site-packages/airflow/example_dags/example_setup_teardown_taskflow.py for tasks to queue
[2024-05-11T21:11:46.992+0000] {logging_mixin.py:154} INFO - [2024-05-11T21:11:46.992+0000] {dagbag.py:536} INFO - Filling up the DagBag from /home/airflow/.local/lib/python3.8/site-packages/airflow/example_dags/example_setup_teardown_taskflow.py
[2024-05-11T21:11:47.002+0000] {processor.py:839} INFO - DAG(s) dict_keys(['example_setup_teardown_taskflow']) retrieved from /home/airflow/.local/lib/python3.8/site-packages/airflow/example_dags/example_setup_teardown_taskflow.py
[2024-05-11T21:11:47.022+0000] {logging_mixin.py:154} INFO - [2024-05-11T21:11:47.022+0000] {dag.py:2941} INFO - Sync 1 DAGs
[2024-05-11T21:11:47.035+0000] {logging_mixin.py:154} INFO - [2024-05-11T21:11:47.035+0000] {dag.py:3722} INFO - Setting next_dagrun for example_setup_teardown_taskflow to 2024-05-10T21:11:47.035269+00:00, run_after=2024-05-11T21:11:47.035269+00:00
[2024-05-11T21:11:47.044+0000] {processor.py:179} INFO - Processing /home/airflow/.local/lib/python3.8/site-packages/airflow/example_dags/example_setup_teardown_taskflow.py took 0.062 seconds
[2024-05-11T21:12:17.262+0000] {processor.py:157} INFO - Started process (PID=767) to work on /home/airflow/.local/lib/python3.8/site-packages/airflow/example_dags/example_setup_teardown_taskflow.py
[2024-05-11T21:12:17.264+0000] {processor.py:829} INFO - Processing file /home/airflow/.local/lib/python3.8/site-packages/airflow/example_dags/example_setup_teardown_taskflow.py for tasks to queue
[2024-05-11T21:12:17.267+0000] {logging_mixin.py:154} INFO - [2024-05-11T21:12:17.267+0000] {dagbag.py:536} INFO - Filling up the DagBag from /home/airflow/.local/lib/python3.8/site-packages/airflow/example_dags/example_setup_teardown_taskflow.py
[2024-05-11T21:12:17.277+0000] {processor.py:839} INFO - DAG(s) dict_keys(['example_setup_teardown_taskflow']) retrieved from /home/airflow/.local/lib/python3.8/site-packages/airflow/example_dags/example_setup_teardown_taskflow.py
[2024-05-11T21:12:17.297+0000] {logging_mixin.py:154} INFO - [2024-05-11T21:12:17.297+0000] {dag.py:2941} INFO - Sync 1 DAGs
[2024-05-11T21:12:17.309+0000] {logging_mixin.py:154} INFO - [2024-05-11T21:12:17.309+0000] {dag.py:3722} INFO - Setting next_dagrun for example_setup_teardown_taskflow to 2024-05-10T21:12:17.309053+00:00, run_after=2024-05-11T21:12:17.309053+00:00
[2024-05-11T21:12:17.320+0000] {processor.py:179} INFO - Processing /home/airflow/.local/lib/python3.8/site-packages/airflow/example_dags/example_setup_teardown_taskflow.py took 0.063 seconds
[2024-05-11T21:12:47.664+0000] {processor.py:157} INFO - Started process (PID=822) to work on /home/airflow/.local/lib/python3.8/site-packages/airflow/example_dags/example_setup_teardown_taskflow.py
[2024-05-11T21:12:47.666+0000] {processor.py:829} INFO - Processing file /home/airflow/.local/lib/python3.8/site-packages/airflow/example_dags/example_setup_teardown_taskflow.py for tasks to queue
[2024-05-11T21:12:47.669+0000] {logging_mixin.py:154} INFO - [2024-05-11T21:12:47.668+0000] {dagbag.py:536} INFO - Filling up the DagBag from /home/airflow/.local/lib/python3.8/site-packages/airflow/example_dags/example_setup_teardown_taskflow.py
[2024-05-11T21:12:47.678+0000] {processor.py:839} INFO - DAG(s) dict_keys(['example_setup_teardown_taskflow']) retrieved from /home/airflow/.local/lib/python3.8/site-packages/airflow/example_dags/example_setup_teardown_taskflow.py
[2024-05-11T21:12:47.697+0000] {logging_mixin.py:154} INFO - [2024-05-11T21:12:47.697+0000] {dag.py:2941} INFO - Sync 1 DAGs
[2024-05-11T21:12:47.709+0000] {logging_mixin.py:154} INFO - [2024-05-11T21:12:47.709+0000] {dag.py:3722} INFO - Setting next_dagrun for example_setup_teardown_taskflow to 2024-05-10T21:12:47.709582+00:00, run_after=2024-05-11T21:12:47.709582+00:00
[2024-05-11T21:12:47.719+0000] {processor.py:179} INFO - Processing /home/airflow/.local/lib/python3.8/site-packages/airflow/example_dags/example_setup_teardown_taskflow.py took 0.060 seconds
[2024-05-11T21:13:17.984+0000] {processor.py:157} INFO - Started process (PID=877) to work on /home/airflow/.local/lib/python3.8/site-packages/airflow/example_dags/example_setup_teardown_taskflow.py
[2024-05-11T21:13:17.988+0000] {processor.py:829} INFO - Processing file /home/airflow/.local/lib/python3.8/site-packages/airflow/example_dags/example_setup_teardown_taskflow.py for tasks to queue
[2024-05-11T21:13:17.994+0000] {logging_mixin.py:154} INFO - [2024-05-11T21:13:17.994+0000] {dagbag.py:536} INFO - Filling up the DagBag from /home/airflow/.local/lib/python3.8/site-packages/airflow/example_dags/example_setup_teardown_taskflow.py
[2024-05-11T21:13:18.003+0000] {processor.py:839} INFO - DAG(s) dict_keys(['example_setup_teardown_taskflow']) retrieved from /home/airflow/.local/lib/python3.8/site-packages/airflow/example_dags/example_setup_teardown_taskflow.py
[2024-05-11T21:13:18.025+0000] {logging_mixin.py:154} INFO - [2024-05-11T21:13:18.025+0000] {dag.py:2941} INFO - Sync 1 DAGs
[2024-05-11T21:13:18.042+0000] {logging_mixin.py:154} INFO - [2024-05-11T21:13:18.042+0000] {dag.py:3722} INFO - Setting next_dagrun for example_setup_teardown_taskflow to 2024-05-10T21:13:18.042400+00:00, run_after=2024-05-11T21:13:18.042400+00:00
[2024-05-11T21:13:18.054+0000] {processor.py:179} INFO - Processing /home/airflow/.local/lib/python3.8/site-packages/airflow/example_dags/example_setup_teardown_taskflow.py took 0.075 seconds
[2024-05-11T21:13:48.138+0000] {processor.py:157} INFO - Started process (PID=932) to work on /home/airflow/.local/lib/python3.8/site-packages/airflow/example_dags/example_setup_teardown_taskflow.py
[2024-05-11T21:13:48.139+0000] {processor.py:829} INFO - Processing file /home/airflow/.local/lib/python3.8/site-packages/airflow/example_dags/example_setup_teardown_taskflow.py for tasks to queue
[2024-05-11T21:13:48.141+0000] {logging_mixin.py:154} INFO - [2024-05-11T21:13:48.141+0000] {dagbag.py:536} INFO - Filling up the DagBag from /home/airflow/.local/lib/python3.8/site-packages/airflow/example_dags/example_setup_teardown_taskflow.py
[2024-05-11T21:13:48.147+0000] {processor.py:839} INFO - DAG(s) dict_keys(['example_setup_teardown_taskflow']) retrieved from /home/airflow/.local/lib/python3.8/site-packages/airflow/example_dags/example_setup_teardown_taskflow.py
[2024-05-11T21:13:48.163+0000] {logging_mixin.py:154} INFO - [2024-05-11T21:13:48.163+0000] {dag.py:2941} INFO - Sync 1 DAGs
[2024-05-11T21:13:48.175+0000] {logging_mixin.py:154} INFO - [2024-05-11T21:13:48.175+0000] {dag.py:3722} INFO - Setting next_dagrun for example_setup_teardown_taskflow to 2024-05-10T21:13:48.175490+00:00, run_after=2024-05-11T21:13:48.175490+00:00
[2024-05-11T21:13:48.185+0000] {processor.py:179} INFO - Processing /home/airflow/.local/lib/python3.8/site-packages/airflow/example_dags/example_setup_teardown_taskflow.py took 0.051 seconds
[2024-05-11T21:14:18.388+0000] {processor.py:157} INFO - Started process (PID=987) to work on /home/airflow/.local/lib/python3.8/site-packages/airflow/example_dags/example_setup_teardown_taskflow.py
[2024-05-11T21:14:18.389+0000] {processor.py:829} INFO - Processing file /home/airflow/.local/lib/python3.8/site-packages/airflow/example_dags/example_setup_teardown_taskflow.py for tasks to queue
[2024-05-11T21:14:18.392+0000] {logging_mixin.py:154} INFO - [2024-05-11T21:14:18.391+0000] {dagbag.py:536} INFO - Filling up the DagBag from /home/airflow/.local/lib/python3.8/site-packages/airflow/example_dags/example_setup_teardown_taskflow.py
[2024-05-11T21:14:18.399+0000] {processor.py:839} INFO - DAG(s) dict_keys(['example_setup_teardown_taskflow']) retrieved from /home/airflow/.local/lib/python3.8/site-packages/airflow/example_dags/example_setup_teardown_taskflow.py
[2024-05-11T21:14:18.417+0000] {logging_mixin.py:154} INFO - [2024-05-11T21:14:18.417+0000] {dag.py:2941} INFO - Sync 1 DAGs
[2024-05-11T21:14:18.437+0000] {logging_mixin.py:154} INFO - [2024-05-11T21:14:18.437+0000] {dag.py:3722} INFO - Setting next_dagrun for example_setup_teardown_taskflow to 2024-05-10T21:14:18.436873+00:00, run_after=2024-05-11T21:14:18.436873+00:00
[2024-05-11T21:14:18.447+0000] {processor.py:179} INFO - Processing /home/airflow/.local/lib/python3.8/site-packages/airflow/example_dags/example_setup_teardown_taskflow.py took 0.062 seconds
[2024-05-11T21:14:48.644+0000] {processor.py:157} INFO - Started process (PID=1043) to work on /home/airflow/.local/lib/python3.8/site-packages/airflow/example_dags/example_setup_teardown_taskflow.py
[2024-05-11T21:14:48.645+0000] {processor.py:829} INFO - Processing file /home/airflow/.local/lib/python3.8/site-packages/airflow/example_dags/example_setup_teardown_taskflow.py for tasks to queue
[2024-05-11T21:14:48.648+0000] {logging_mixin.py:154} INFO - [2024-05-11T21:14:48.648+0000] {dagbag.py:536} INFO - Filling up the DagBag from /home/airflow/.local/lib/python3.8/site-packages/airflow/example_dags/example_setup_teardown_taskflow.py
[2024-05-11T21:14:48.659+0000] {processor.py:839} INFO - DAG(s) dict_keys(['example_setup_teardown_taskflow']) retrieved from /home/airflow/.local/lib/python3.8/site-packages/airflow/example_dags/example_setup_teardown_taskflow.py
[2024-05-11T21:14:48.681+0000] {logging_mixin.py:154} INFO - [2024-05-11T21:14:48.681+0000] {dag.py:2941} INFO - Sync 1 DAGs
[2024-05-11T21:14:48.696+0000] {logging_mixin.py:154} INFO - [2024-05-11T21:14:48.696+0000] {dag.py:3722} INFO - Setting next_dagrun for example_setup_teardown_taskflow to 2024-05-10T21:14:48.696380+00:00, run_after=2024-05-11T21:14:48.696380+00:00
[2024-05-11T21:14:48.709+0000] {processor.py:179} INFO - Processing /home/airflow/.local/lib/python3.8/site-packages/airflow/example_dags/example_setup_teardown_taskflow.py took 0.069 seconds
[2024-05-11T21:15:19.042+0000] {processor.py:157} INFO - Started process (PID=1098) to work on /home/airflow/.local/lib/python3.8/site-packages/airflow/example_dags/example_setup_teardown_taskflow.py
[2024-05-11T21:15:19.047+0000] {processor.py:829} INFO - Processing file /home/airflow/.local/lib/python3.8/site-packages/airflow/example_dags/example_setup_teardown_taskflow.py for tasks to queue
[2024-05-11T21:15:19.053+0000] {logging_mixin.py:154} INFO - [2024-05-11T21:15:19.052+0000] {dagbag.py:536} INFO - Filling up the DagBag from /home/airflow/.local/lib/python3.8/site-packages/airflow/example_dags/example_setup_teardown_taskflow.py
[2024-05-11T21:15:19.090+0000] {processor.py:839} INFO - DAG(s) dict_keys(['example_setup_teardown_taskflow']) retrieved from /home/airflow/.local/lib/python3.8/site-packages/airflow/example_dags/example_setup_teardown_taskflow.py
[2024-05-11T21:15:19.176+0000] {logging_mixin.py:154} INFO - [2024-05-11T21:15:19.176+0000] {dag.py:2941} INFO - Sync 1 DAGs
[2024-05-11T21:15:19.254+0000] {logging_mixin.py:154} INFO - [2024-05-11T21:15:19.253+0000] {dag.py:3722} INFO - Setting next_dagrun for example_setup_teardown_taskflow to 2024-05-10T21:15:19.252892+00:00, run_after=2024-05-11T21:15:19.252892+00:00
[2024-05-11T21:15:19.308+0000] {processor.py:179} INFO - Processing /home/airflow/.local/lib/python3.8/site-packages/airflow/example_dags/example_setup_teardown_taskflow.py took 0.288 seconds
[2024-05-11T21:16:31.958+0000] {processor.py:157} INFO - Started process (PID=49) to work on /home/airflow/.local/lib/python3.8/site-packages/airflow/example_dags/example_setup_teardown_taskflow.py
[2024-05-11T21:16:31.964+0000] {processor.py:829} INFO - Processing file /home/airflow/.local/lib/python3.8/site-packages/airflow/example_dags/example_setup_teardown_taskflow.py for tasks to queue
[2024-05-11T21:16:31.967+0000] {logging_mixin.py:154} INFO - [2024-05-11T21:16:31.967+0000] {dagbag.py:536} INFO - Filling up the DagBag from /home/airflow/.local/lib/python3.8/site-packages/airflow/example_dags/example_setup_teardown_taskflow.py
[2024-05-11T21:16:31.983+0000] {processor.py:839} INFO - DAG(s) dict_keys(['example_setup_teardown_taskflow']) retrieved from /home/airflow/.local/lib/python3.8/site-packages/airflow/example_dags/example_setup_teardown_taskflow.py
[2024-05-11T21:16:32.009+0000] {logging_mixin.py:154} INFO - [2024-05-11T21:16:32.009+0000] {dag.py:2941} INFO - Sync 1 DAGs
[2024-05-11T21:16:32.035+0000] {logging_mixin.py:154} INFO - [2024-05-11T21:16:32.035+0000] {dag.py:3722} INFO - Setting next_dagrun for example_setup_teardown_taskflow to 2024-05-10T21:16:32.035073+00:00, run_after=2024-05-11T21:16:32.035073+00:00
[2024-05-11T21:16:32.066+0000] {processor.py:179} INFO - Processing /home/airflow/.local/lib/python3.8/site-packages/airflow/example_dags/example_setup_teardown_taskflow.py took 0.110 seconds
[2024-05-11T21:17:02.201+0000] {processor.py:157} INFO - Started process (PID=105) to work on /home/airflow/.local/lib/python3.8/site-packages/airflow/example_dags/example_setup_teardown_taskflow.py
[2024-05-11T21:17:02.203+0000] {processor.py:829} INFO - Processing file /home/airflow/.local/lib/python3.8/site-packages/airflow/example_dags/example_setup_teardown_taskflow.py for tasks to queue
[2024-05-11T21:17:02.205+0000] {logging_mixin.py:154} INFO - [2024-05-11T21:17:02.205+0000] {dagbag.py:536} INFO - Filling up the DagBag from /home/airflow/.local/lib/python3.8/site-packages/airflow/example_dags/example_setup_teardown_taskflow.py
[2024-05-11T21:17:02.211+0000] {processor.py:839} INFO - DAG(s) dict_keys(['example_setup_teardown_taskflow']) retrieved from /home/airflow/.local/lib/python3.8/site-packages/airflow/example_dags/example_setup_teardown_taskflow.py
[2024-05-11T21:17:02.227+0000] {logging_mixin.py:154} INFO - [2024-05-11T21:17:02.227+0000] {dag.py:2941} INFO - Sync 1 DAGs
[2024-05-11T21:17:02.239+0000] {logging_mixin.py:154} INFO - [2024-05-11T21:17:02.239+0000] {dag.py:3722} INFO - Setting next_dagrun for example_setup_teardown_taskflow to 2024-05-10T21:17:02.238956+00:00, run_after=2024-05-11T21:17:02.238956+00:00
[2024-05-11T21:17:02.248+0000] {processor.py:179} INFO - Processing /home/airflow/.local/lib/python3.8/site-packages/airflow/example_dags/example_setup_teardown_taskflow.py took 0.050 seconds
[2024-05-11T21:17:32.482+0000] {processor.py:157} INFO - Started process (PID=160) to work on /home/airflow/.local/lib/python3.8/site-packages/airflow/example_dags/example_setup_teardown_taskflow.py
[2024-05-11T21:17:32.483+0000] {processor.py:829} INFO - Processing file /home/airflow/.local/lib/python3.8/site-packages/airflow/example_dags/example_setup_teardown_taskflow.py for tasks to queue
[2024-05-11T21:17:32.485+0000] {logging_mixin.py:154} INFO - [2024-05-11T21:17:32.484+0000] {dagbag.py:536} INFO - Filling up the DagBag from /home/airflow/.local/lib/python3.8/site-packages/airflow/example_dags/example_setup_teardown_taskflow.py
[2024-05-11T21:17:32.491+0000] {processor.py:839} INFO - DAG(s) dict_keys(['example_setup_teardown_taskflow']) retrieved from /home/airflow/.local/lib/python3.8/site-packages/airflow/example_dags/example_setup_teardown_taskflow.py
[2024-05-11T21:17:32.509+0000] {logging_mixin.py:154} INFO - [2024-05-11T21:17:32.509+0000] {dag.py:2941} INFO - Sync 1 DAGs
[2024-05-11T21:17:32.521+0000] {logging_mixin.py:154} INFO - [2024-05-11T21:17:32.521+0000] {dag.py:3722} INFO - Setting next_dagrun for example_setup_teardown_taskflow to 2024-05-10T21:17:32.521666+00:00, run_after=2024-05-11T21:17:32.521666+00:00
[2024-05-11T21:17:32.531+0000] {processor.py:179} INFO - Processing /home/airflow/.local/lib/python3.8/site-packages/airflow/example_dags/example_setup_teardown_taskflow.py took 0.053 seconds
[2024-05-11T21:18:02.949+0000] {processor.py:157} INFO - Started process (PID=216) to work on /home/airflow/.local/lib/python3.8/site-packages/airflow/example_dags/example_setup_teardown_taskflow.py
[2024-05-11T21:18:02.951+0000] {processor.py:829} INFO - Processing file /home/airflow/.local/lib/python3.8/site-packages/airflow/example_dags/example_setup_teardown_taskflow.py for tasks to queue
[2024-05-11T21:18:02.953+0000] {logging_mixin.py:154} INFO - [2024-05-11T21:18:02.952+0000] {dagbag.py:536} INFO - Filling up the DagBag from /home/airflow/.local/lib/python3.8/site-packages/airflow/example_dags/example_setup_teardown_taskflow.py
[2024-05-11T21:18:02.959+0000] {processor.py:839} INFO - DAG(s) dict_keys(['example_setup_teardown_taskflow']) retrieved from /home/airflow/.local/lib/python3.8/site-packages/airflow/example_dags/example_setup_teardown_taskflow.py
[2024-05-11T21:18:02.978+0000] {logging_mixin.py:154} INFO - [2024-05-11T21:18:02.977+0000] {dag.py:2941} INFO - Sync 1 DAGs
[2024-05-11T21:18:02.992+0000] {logging_mixin.py:154} INFO - [2024-05-11T21:18:02.992+0000] {dag.py:3722} INFO - Setting next_dagrun for example_setup_teardown_taskflow to 2024-05-10T21:18:02.992117+00:00, run_after=2024-05-11T21:18:02.992117+00:00
[2024-05-11T21:18:03.004+0000] {processor.py:179} INFO - Processing /home/airflow/.local/lib/python3.8/site-packages/airflow/example_dags/example_setup_teardown_taskflow.py took 0.057 seconds
[2024-05-11T21:18:33.105+0000] {processor.py:157} INFO - Started process (PID=271) to work on /home/airflow/.local/lib/python3.8/site-packages/airflow/example_dags/example_setup_teardown_taskflow.py
[2024-05-11T21:18:33.107+0000] {processor.py:829} INFO - Processing file /home/airflow/.local/lib/python3.8/site-packages/airflow/example_dags/example_setup_teardown_taskflow.py for tasks to queue
[2024-05-11T21:18:33.109+0000] {logging_mixin.py:154} INFO - [2024-05-11T21:18:33.109+0000] {dagbag.py:536} INFO - Filling up the DagBag from /home/airflow/.local/lib/python3.8/site-packages/airflow/example_dags/example_setup_teardown_taskflow.py
[2024-05-11T21:18:33.115+0000] {processor.py:839} INFO - DAG(s) dict_keys(['example_setup_teardown_taskflow']) retrieved from /home/airflow/.local/lib/python3.8/site-packages/airflow/example_dags/example_setup_teardown_taskflow.py
[2024-05-11T21:18:33.133+0000] {logging_mixin.py:154} INFO - [2024-05-11T21:18:33.133+0000] {dag.py:2941} INFO - Sync 1 DAGs
[2024-05-11T21:18:33.146+0000] {logging_mixin.py:154} INFO - [2024-05-11T21:18:33.146+0000] {dag.py:3722} INFO - Setting next_dagrun for example_setup_teardown_taskflow to 2024-05-10T21:18:33.145930+00:00, run_after=2024-05-11T21:18:33.145930+00:00
[2024-05-11T21:18:33.156+0000] {processor.py:179} INFO - Processing /home/airflow/.local/lib/python3.8/site-packages/airflow/example_dags/example_setup_teardown_taskflow.py took 0.053 seconds
[2024-05-11T21:19:03.376+0000] {processor.py:157} INFO - Started process (PID=326) to work on /home/airflow/.local/lib/python3.8/site-packages/airflow/example_dags/example_setup_teardown_taskflow.py
[2024-05-11T21:19:03.377+0000] {processor.py:829} INFO - Processing file /home/airflow/.local/lib/python3.8/site-packages/airflow/example_dags/example_setup_teardown_taskflow.py for tasks to queue
[2024-05-11T21:19:03.379+0000] {logging_mixin.py:154} INFO - [2024-05-11T21:19:03.379+0000] {dagbag.py:536} INFO - Filling up the DagBag from /home/airflow/.local/lib/python3.8/site-packages/airflow/example_dags/example_setup_teardown_taskflow.py
[2024-05-11T21:19:03.385+0000] {processor.py:839} INFO - DAG(s) dict_keys(['example_setup_teardown_taskflow']) retrieved from /home/airflow/.local/lib/python3.8/site-packages/airflow/example_dags/example_setup_teardown_taskflow.py
[2024-05-11T21:19:03.402+0000] {logging_mixin.py:154} INFO - [2024-05-11T21:19:03.402+0000] {dag.py:2941} INFO - Sync 1 DAGs
[2024-05-11T21:19:03.415+0000] {logging_mixin.py:154} INFO - [2024-05-11T21:19:03.415+0000] {dag.py:3722} INFO - Setting next_dagrun for example_setup_teardown_taskflow to 2024-05-10T21:19:03.415435+00:00, run_after=2024-05-11T21:19:03.415435+00:00
[2024-05-11T21:19:03.426+0000] {processor.py:179} INFO - Processing /home/airflow/.local/lib/python3.8/site-packages/airflow/example_dags/example_setup_teardown_taskflow.py took 0.053 seconds
[2024-05-11T21:19:33.774+0000] {processor.py:157} INFO - Started process (PID=381) to work on /home/airflow/.local/lib/python3.8/site-packages/airflow/example_dags/example_setup_teardown_taskflow.py
[2024-05-11T21:19:33.776+0000] {processor.py:829} INFO - Processing file /home/airflow/.local/lib/python3.8/site-packages/airflow/example_dags/example_setup_teardown_taskflow.py for tasks to queue
[2024-05-11T21:19:33.777+0000] {logging_mixin.py:154} INFO - [2024-05-11T21:19:33.777+0000] {dagbag.py:536} INFO - Filling up the DagBag from /home/airflow/.local/lib/python3.8/site-packages/airflow/example_dags/example_setup_teardown_taskflow.py
[2024-05-11T21:19:33.784+0000] {processor.py:839} INFO - DAG(s) dict_keys(['example_setup_teardown_taskflow']) retrieved from /home/airflow/.local/lib/python3.8/site-packages/airflow/example_dags/example_setup_teardown_taskflow.py
[2024-05-11T21:19:33.800+0000] {logging_mixin.py:154} INFO - [2024-05-11T21:19:33.800+0000] {dag.py:2941} INFO - Sync 1 DAGs
[2024-05-11T21:19:33.813+0000] {logging_mixin.py:154} INFO - [2024-05-11T21:19:33.812+0000] {dag.py:3722} INFO - Setting next_dagrun for example_setup_teardown_taskflow to 2024-05-10T21:19:33.812790+00:00, run_after=2024-05-11T21:19:33.812790+00:00
[2024-05-11T21:19:33.822+0000] {processor.py:179} INFO - Processing /home/airflow/.local/lib/python3.8/site-packages/airflow/example_dags/example_setup_teardown_taskflow.py took 0.051 seconds
[2024-05-11T21:20:04.153+0000] {processor.py:157} INFO - Started process (PID=436) to work on /home/airflow/.local/lib/python3.8/site-packages/airflow/example_dags/example_setup_teardown_taskflow.py
[2024-05-11T21:20:04.154+0000] {processor.py:829} INFO - Processing file /home/airflow/.local/lib/python3.8/site-packages/airflow/example_dags/example_setup_teardown_taskflow.py for tasks to queue
[2024-05-11T21:20:04.156+0000] {logging_mixin.py:154} INFO - [2024-05-11T21:20:04.156+0000] {dagbag.py:536} INFO - Filling up the DagBag from /home/airflow/.local/lib/python3.8/site-packages/airflow/example_dags/example_setup_teardown_taskflow.py
[2024-05-11T21:20:04.163+0000] {processor.py:839} INFO - DAG(s) dict_keys(['example_setup_teardown_taskflow']) retrieved from /home/airflow/.local/lib/python3.8/site-packages/airflow/example_dags/example_setup_teardown_taskflow.py
[2024-05-11T21:20:04.179+0000] {logging_mixin.py:154} INFO - [2024-05-11T21:20:04.179+0000] {dag.py:2941} INFO - Sync 1 DAGs
[2024-05-11T21:20:04.192+0000] {logging_mixin.py:154} INFO - [2024-05-11T21:20:04.192+0000] {dag.py:3722} INFO - Setting next_dagrun for example_setup_teardown_taskflow to 2024-05-10T21:20:04.191856+00:00, run_after=2024-05-11T21:20:04.191856+00:00
[2024-05-11T21:20:04.202+0000] {processor.py:179} INFO - Processing /home/airflow/.local/lib/python3.8/site-packages/airflow/example_dags/example_setup_teardown_taskflow.py took 0.051 seconds
[2024-05-11T21:20:34.346+0000] {processor.py:157} INFO - Started process (PID=491) to work on /home/airflow/.local/lib/python3.8/site-packages/airflow/example_dags/example_setup_teardown_taskflow.py
[2024-05-11T21:20:34.347+0000] {processor.py:829} INFO - Processing file /home/airflow/.local/lib/python3.8/site-packages/airflow/example_dags/example_setup_teardown_taskflow.py for tasks to queue
[2024-05-11T21:20:34.349+0000] {logging_mixin.py:154} INFO - [2024-05-11T21:20:34.349+0000] {dagbag.py:536} INFO - Filling up the DagBag from /home/airflow/.local/lib/python3.8/site-packages/airflow/example_dags/example_setup_teardown_taskflow.py
[2024-05-11T21:20:34.355+0000] {processor.py:839} INFO - DAG(s) dict_keys(['example_setup_teardown_taskflow']) retrieved from /home/airflow/.local/lib/python3.8/site-packages/airflow/example_dags/example_setup_teardown_taskflow.py
[2024-05-11T21:20:34.372+0000] {logging_mixin.py:154} INFO - [2024-05-11T21:20:34.372+0000] {dag.py:2941} INFO - Sync 1 DAGs
[2024-05-11T21:20:34.384+0000] {logging_mixin.py:154} INFO - [2024-05-11T21:20:34.384+0000] {dag.py:3722} INFO - Setting next_dagrun for example_setup_teardown_taskflow to 2024-05-10T21:20:34.384333+00:00, run_after=2024-05-11T21:20:34.384333+00:00
[2024-05-11T21:20:34.395+0000] {processor.py:179} INFO - Processing /home/airflow/.local/lib/python3.8/site-packages/airflow/example_dags/example_setup_teardown_taskflow.py took 0.052 seconds
[2024-05-11T21:21:04.507+0000] {processor.py:157} INFO - Started process (PID=546) to work on /home/airflow/.local/lib/python3.8/site-packages/airflow/example_dags/example_setup_teardown_taskflow.py
[2024-05-11T21:21:04.508+0000] {processor.py:829} INFO - Processing file /home/airflow/.local/lib/python3.8/site-packages/airflow/example_dags/example_setup_teardown_taskflow.py for tasks to queue
[2024-05-11T21:21:04.510+0000] {logging_mixin.py:154} INFO - [2024-05-11T21:21:04.510+0000] {dagbag.py:536} INFO - Filling up the DagBag from /home/airflow/.local/lib/python3.8/site-packages/airflow/example_dags/example_setup_teardown_taskflow.py
[2024-05-11T21:21:04.517+0000] {processor.py:839} INFO - DAG(s) dict_keys(['example_setup_teardown_taskflow']) retrieved from /home/airflow/.local/lib/python3.8/site-packages/airflow/example_dags/example_setup_teardown_taskflow.py
[2024-05-11T21:21:04.534+0000] {logging_mixin.py:154} INFO - [2024-05-11T21:21:04.534+0000] {dag.py:2941} INFO - Sync 1 DAGs
[2024-05-11T21:21:04.547+0000] {logging_mixin.py:154} INFO - [2024-05-11T21:21:04.547+0000] {dag.py:3722} INFO - Setting next_dagrun for example_setup_teardown_taskflow to 2024-05-10T21:21:04.547383+00:00, run_after=2024-05-11T21:21:04.547383+00:00
[2024-05-11T21:21:04.559+0000] {processor.py:179} INFO - Processing /home/airflow/.local/lib/python3.8/site-packages/airflow/example_dags/example_setup_teardown_taskflow.py took 0.055 seconds
[2024-05-11T21:21:34.979+0000] {processor.py:157} INFO - Started process (PID=601) to work on /home/airflow/.local/lib/python3.8/site-packages/airflow/example_dags/example_setup_teardown_taskflow.py
[2024-05-11T21:21:34.980+0000] {processor.py:829} INFO - Processing file /home/airflow/.local/lib/python3.8/site-packages/airflow/example_dags/example_setup_teardown_taskflow.py for tasks to queue
[2024-05-11T21:21:34.983+0000] {logging_mixin.py:154} INFO - [2024-05-11T21:21:34.982+0000] {dagbag.py:536} INFO - Filling up the DagBag from /home/airflow/.local/lib/python3.8/site-packages/airflow/example_dags/example_setup_teardown_taskflow.py
[2024-05-11T21:21:34.991+0000] {processor.py:839} INFO - DAG(s) dict_keys(['example_setup_teardown_taskflow']) retrieved from /home/airflow/.local/lib/python3.8/site-packages/airflow/example_dags/example_setup_teardown_taskflow.py
[2024-05-11T21:21:35.017+0000] {logging_mixin.py:154} INFO - [2024-05-11T21:21:35.017+0000] {dag.py:2941} INFO - Sync 1 DAGs
[2024-05-11T21:21:35.037+0000] {logging_mixin.py:154} INFO - [2024-05-11T21:21:35.037+0000] {dag.py:3722} INFO - Setting next_dagrun for example_setup_teardown_taskflow to 2024-05-10T21:21:35.037643+00:00, run_after=2024-05-11T21:21:35.037643+00:00
[2024-05-11T21:21:35.049+0000] {processor.py:179} INFO - Processing /home/airflow/.local/lib/python3.8/site-packages/airflow/example_dags/example_setup_teardown_taskflow.py took 0.072 seconds
[2024-05-11T21:42:00.770+0000] {processor.py:157} INFO - Started process (PID=43) to work on /home/airflow/.local/lib/python3.8/site-packages/airflow/example_dags/example_setup_teardown_taskflow.py
[2024-05-11T21:42:00.777+0000] {processor.py:829} INFO - Processing file /home/airflow/.local/lib/python3.8/site-packages/airflow/example_dags/example_setup_teardown_taskflow.py for tasks to queue
[2024-05-11T21:42:00.796+0000] {logging_mixin.py:154} INFO - [2024-05-11T21:42:00.794+0000] {dagbag.py:536} INFO - Filling up the DagBag from /home/airflow/.local/lib/python3.8/site-packages/airflow/example_dags/example_setup_teardown_taskflow.py
[2024-05-11T21:42:00.831+0000] {processor.py:839} INFO - DAG(s) dict_keys(['example_setup_teardown_taskflow']) retrieved from /home/airflow/.local/lib/python3.8/site-packages/airflow/example_dags/example_setup_teardown_taskflow.py
[2024-05-11T21:42:01.133+0000] {logging_mixin.py:154} INFO - [2024-05-11T21:42:01.133+0000] {manager.py:499} INFO - Created Permission View: %s
[2024-05-11T21:42:01.145+0000] {logging_mixin.py:154} INFO - [2024-05-11T21:42:01.145+0000] {manager.py:499} INFO - Created Permission View: %s
[2024-05-11T21:42:01.152+0000] {logging_mixin.py:154} INFO - [2024-05-11T21:42:01.152+0000] {manager.py:499} INFO - Created Permission View: %s
[2024-05-11T21:42:01.154+0000] {logging_mixin.py:154} INFO - [2024-05-11T21:42:01.154+0000] {dag.py:2941} INFO - Sync 1 DAGs
[2024-05-11T21:42:01.186+0000] {logging_mixin.py:154} INFO - [2024-05-11T21:42:01.185+0000] {dag.py:2963} INFO - Creating ORM DAG for example_setup_teardown_taskflow
[2024-05-11T21:42:01.207+0000] {logging_mixin.py:154} INFO - [2024-05-11T21:42:01.207+0000] {dag.py:3722} INFO - Setting next_dagrun for example_setup_teardown_taskflow to 2024-05-10T21:42:01.206973+00:00, run_after=2024-05-11T21:42:01.206973+00:00
[2024-05-11T21:42:01.242+0000] {processor.py:179} INFO - Processing /home/airflow/.local/lib/python3.8/site-packages/airflow/example_dags/example_setup_teardown_taskflow.py took 0.476 seconds
[2024-05-11T21:42:31.368+0000] {processor.py:157} INFO - Started process (PID=98) to work on /home/airflow/.local/lib/python3.8/site-packages/airflow/example_dags/example_setup_teardown_taskflow.py
[2024-05-11T21:42:31.370+0000] {processor.py:829} INFO - Processing file /home/airflow/.local/lib/python3.8/site-packages/airflow/example_dags/example_setup_teardown_taskflow.py for tasks to queue
[2024-05-11T21:42:31.373+0000] {logging_mixin.py:154} INFO - [2024-05-11T21:42:31.373+0000] {dagbag.py:536} INFO - Filling up the DagBag from /home/airflow/.local/lib/python3.8/site-packages/airflow/example_dags/example_setup_teardown_taskflow.py
[2024-05-11T21:42:31.380+0000] {processor.py:839} INFO - DAG(s) dict_keys(['example_setup_teardown_taskflow']) retrieved from /home/airflow/.local/lib/python3.8/site-packages/airflow/example_dags/example_setup_teardown_taskflow.py
[2024-05-11T21:42:31.432+0000] {logging_mixin.py:154} INFO - [2024-05-11T21:42:31.432+0000] {dag.py:2941} INFO - Sync 1 DAGs
[2024-05-11T21:42:31.450+0000] {logging_mixin.py:154} INFO - [2024-05-11T21:42:31.450+0000] {dag.py:3722} INFO - Setting next_dagrun for example_setup_teardown_taskflow to 2024-05-10T21:42:31.450278+00:00, run_after=2024-05-11T21:42:31.450278+00:00
[2024-05-11T21:42:31.467+0000] {processor.py:179} INFO - Processing /home/airflow/.local/lib/python3.8/site-packages/airflow/example_dags/example_setup_teardown_taskflow.py took 0.102 seconds
[2024-05-11T21:43:01.540+0000] {processor.py:157} INFO - Started process (PID=153) to work on /home/airflow/.local/lib/python3.8/site-packages/airflow/example_dags/example_setup_teardown_taskflow.py
[2024-05-11T21:43:01.543+0000] {processor.py:829} INFO - Processing file /home/airflow/.local/lib/python3.8/site-packages/airflow/example_dags/example_setup_teardown_taskflow.py for tasks to queue
[2024-05-11T21:43:01.548+0000] {logging_mixin.py:154} INFO - [2024-05-11T21:43:01.547+0000] {dagbag.py:536} INFO - Filling up the DagBag from /home/airflow/.local/lib/python3.8/site-packages/airflow/example_dags/example_setup_teardown_taskflow.py
[2024-05-11T21:43:01.558+0000] {processor.py:839} INFO - DAG(s) dict_keys(['example_setup_teardown_taskflow']) retrieved from /home/airflow/.local/lib/python3.8/site-packages/airflow/example_dags/example_setup_teardown_taskflow.py
[2024-05-11T21:43:01.581+0000] {logging_mixin.py:154} INFO - [2024-05-11T21:43:01.581+0000] {dag.py:2941} INFO - Sync 1 DAGs
[2024-05-11T21:43:01.595+0000] {logging_mixin.py:154} INFO - [2024-05-11T21:43:01.595+0000] {dag.py:3722} INFO - Setting next_dagrun for example_setup_teardown_taskflow to 2024-05-10T21:43:01.595094+00:00, run_after=2024-05-11T21:43:01.595094+00:00
[2024-05-11T21:43:01.608+0000] {processor.py:179} INFO - Processing /home/airflow/.local/lib/python3.8/site-packages/airflow/example_dags/example_setup_teardown_taskflow.py took 0.072 seconds
[2024-05-11T21:43:32.125+0000] {processor.py:157} INFO - Started process (PID=208) to work on /home/airflow/.local/lib/python3.8/site-packages/airflow/example_dags/example_setup_teardown_taskflow.py
[2024-05-11T21:43:32.127+0000] {processor.py:829} INFO - Processing file /home/airflow/.local/lib/python3.8/site-packages/airflow/example_dags/example_setup_teardown_taskflow.py for tasks to queue
[2024-05-11T21:43:32.131+0000] {logging_mixin.py:154} INFO - [2024-05-11T21:43:32.131+0000] {dagbag.py:536} INFO - Filling up the DagBag from /home/airflow/.local/lib/python3.8/site-packages/airflow/example_dags/example_setup_teardown_taskflow.py
[2024-05-11T21:43:32.142+0000] {processor.py:839} INFO - DAG(s) dict_keys(['example_setup_teardown_taskflow']) retrieved from /home/airflow/.local/lib/python3.8/site-packages/airflow/example_dags/example_setup_teardown_taskflow.py
[2024-05-11T21:43:32.178+0000] {logging_mixin.py:154} INFO - [2024-05-11T21:43:32.178+0000] {dag.py:2941} INFO - Sync 1 DAGs
[2024-05-11T21:43:32.197+0000] {logging_mixin.py:154} INFO - [2024-05-11T21:43:32.197+0000] {dag.py:3722} INFO - Setting next_dagrun for example_setup_teardown_taskflow to 2024-05-10T21:43:32.196856+00:00, run_after=2024-05-11T21:43:32.196856+00:00
[2024-05-11T21:43:32.214+0000] {processor.py:179} INFO - Processing /home/airflow/.local/lib/python3.8/site-packages/airflow/example_dags/example_setup_teardown_taskflow.py took 0.094 seconds
[2024-05-11T21:44:02.868+0000] {processor.py:157} INFO - Started process (PID=263) to work on /home/airflow/.local/lib/python3.8/site-packages/airflow/example_dags/example_setup_teardown_taskflow.py
[2024-05-11T21:44:02.870+0000] {processor.py:829} INFO - Processing file /home/airflow/.local/lib/python3.8/site-packages/airflow/example_dags/example_setup_teardown_taskflow.py for tasks to queue
[2024-05-11T21:44:02.872+0000] {logging_mixin.py:154} INFO - [2024-05-11T21:44:02.872+0000] {dagbag.py:536} INFO - Filling up the DagBag from /home/airflow/.local/lib/python3.8/site-packages/airflow/example_dags/example_setup_teardown_taskflow.py
[2024-05-11T21:44:02.880+0000] {processor.py:839} INFO - DAG(s) dict_keys(['example_setup_teardown_taskflow']) retrieved from /home/airflow/.local/lib/python3.8/site-packages/airflow/example_dags/example_setup_teardown_taskflow.py
[2024-05-11T21:44:02.900+0000] {logging_mixin.py:154} INFO - [2024-05-11T21:44:02.900+0000] {dag.py:2941} INFO - Sync 1 DAGs
[2024-05-11T21:44:02.915+0000] {logging_mixin.py:154} INFO - [2024-05-11T21:44:02.915+0000] {dag.py:3722} INFO - Setting next_dagrun for example_setup_teardown_taskflow to 2024-05-10T21:44:02.915106+00:00, run_after=2024-05-11T21:44:02.915106+00:00
[2024-05-11T21:44:02.927+0000] {processor.py:179} INFO - Processing /home/airflow/.local/lib/python3.8/site-packages/airflow/example_dags/example_setup_teardown_taskflow.py took 0.063 seconds
[2024-05-11T21:44:33.490+0000] {processor.py:157} INFO - Started process (PID=318) to work on /home/airflow/.local/lib/python3.8/site-packages/airflow/example_dags/example_setup_teardown_taskflow.py
[2024-05-11T21:44:33.493+0000] {processor.py:829} INFO - Processing file /home/airflow/.local/lib/python3.8/site-packages/airflow/example_dags/example_setup_teardown_taskflow.py for tasks to queue
[2024-05-11T21:44:33.495+0000] {logging_mixin.py:154} INFO - [2024-05-11T21:44:33.495+0000] {dagbag.py:536} INFO - Filling up the DagBag from /home/airflow/.local/lib/python3.8/site-packages/airflow/example_dags/example_setup_teardown_taskflow.py
[2024-05-11T21:44:33.503+0000] {processor.py:839} INFO - DAG(s) dict_keys(['example_setup_teardown_taskflow']) retrieved from /home/airflow/.local/lib/python3.8/site-packages/airflow/example_dags/example_setup_teardown_taskflow.py
[2024-05-11T21:44:33.524+0000] {logging_mixin.py:154} INFO - [2024-05-11T21:44:33.524+0000] {dag.py:2941} INFO - Sync 1 DAGs
[2024-05-11T21:44:33.538+0000] {logging_mixin.py:154} INFO - [2024-05-11T21:44:33.538+0000] {dag.py:3722} INFO - Setting next_dagrun for example_setup_teardown_taskflow to 2024-05-10T21:44:33.538480+00:00, run_after=2024-05-11T21:44:33.538480+00:00
[2024-05-11T21:44:33.550+0000] {processor.py:179} INFO - Processing /home/airflow/.local/lib/python3.8/site-packages/airflow/example_dags/example_setup_teardown_taskflow.py took 0.064 seconds
[2024-05-11T21:45:04.025+0000] {processor.py:157} INFO - Started process (PID=373) to work on /home/airflow/.local/lib/python3.8/site-packages/airflow/example_dags/example_setup_teardown_taskflow.py
[2024-05-11T21:45:04.026+0000] {processor.py:829} INFO - Processing file /home/airflow/.local/lib/python3.8/site-packages/airflow/example_dags/example_setup_teardown_taskflow.py for tasks to queue
[2024-05-11T21:45:04.029+0000] {logging_mixin.py:154} INFO - [2024-05-11T21:45:04.028+0000] {dagbag.py:536} INFO - Filling up the DagBag from /home/airflow/.local/lib/python3.8/site-packages/airflow/example_dags/example_setup_teardown_taskflow.py
[2024-05-11T21:45:04.036+0000] {processor.py:839} INFO - DAG(s) dict_keys(['example_setup_teardown_taskflow']) retrieved from /home/airflow/.local/lib/python3.8/site-packages/airflow/example_dags/example_setup_teardown_taskflow.py
[2024-05-11T21:45:04.060+0000] {logging_mixin.py:154} INFO - [2024-05-11T21:45:04.059+0000] {dag.py:2941} INFO - Sync 1 DAGs
[2024-05-11T21:45:04.079+0000] {logging_mixin.py:154} INFO - [2024-05-11T21:45:04.079+0000] {dag.py:3722} INFO - Setting next_dagrun for example_setup_teardown_taskflow to 2024-05-10T21:45:04.078663+00:00, run_after=2024-05-11T21:45:04.078663+00:00
[2024-05-11T21:45:04.096+0000] {processor.py:179} INFO - Processing /home/airflow/.local/lib/python3.8/site-packages/airflow/example_dags/example_setup_teardown_taskflow.py took 0.074 seconds
[2024-05-11T21:45:34.133+0000] {processor.py:157} INFO - Started process (PID=429) to work on /home/airflow/.local/lib/python3.8/site-packages/airflow/example_dags/example_setup_teardown_taskflow.py
[2024-05-11T21:45:34.137+0000] {processor.py:829} INFO - Processing file /home/airflow/.local/lib/python3.8/site-packages/airflow/example_dags/example_setup_teardown_taskflow.py for tasks to queue
[2024-05-11T21:45:34.141+0000] {logging_mixin.py:154} INFO - [2024-05-11T21:45:34.141+0000] {dagbag.py:536} INFO - Filling up the DagBag from /home/airflow/.local/lib/python3.8/site-packages/airflow/example_dags/example_setup_teardown_taskflow.py
[2024-05-11T21:45:34.149+0000] {processor.py:839} INFO - DAG(s) dict_keys(['example_setup_teardown_taskflow']) retrieved from /home/airflow/.local/lib/python3.8/site-packages/airflow/example_dags/example_setup_teardown_taskflow.py
[2024-05-11T21:45:34.178+0000] {logging_mixin.py:154} INFO - [2024-05-11T21:45:34.178+0000] {dag.py:2941} INFO - Sync 1 DAGs
[2024-05-11T21:45:34.195+0000] {logging_mixin.py:154} INFO - [2024-05-11T21:45:34.195+0000] {dag.py:3722} INFO - Setting next_dagrun for example_setup_teardown_taskflow to 2024-05-10T21:45:34.194995+00:00, run_after=2024-05-11T21:45:34.194995+00:00
[2024-05-11T21:45:34.215+0000] {processor.py:179} INFO - Processing /home/airflow/.local/lib/python3.8/site-packages/airflow/example_dags/example_setup_teardown_taskflow.py took 0.086 seconds
[2024-05-11T21:46:04.358+0000] {processor.py:157} INFO - Started process (PID=484) to work on /home/airflow/.local/lib/python3.8/site-packages/airflow/example_dags/example_setup_teardown_taskflow.py
[2024-05-11T21:46:04.359+0000] {processor.py:829} INFO - Processing file /home/airflow/.local/lib/python3.8/site-packages/airflow/example_dags/example_setup_teardown_taskflow.py for tasks to queue
[2024-05-11T21:46:04.364+0000] {logging_mixin.py:154} INFO - [2024-05-11T21:46:04.364+0000] {dagbag.py:536} INFO - Filling up the DagBag from /home/airflow/.local/lib/python3.8/site-packages/airflow/example_dags/example_setup_teardown_taskflow.py
[2024-05-11T21:46:04.374+0000] {processor.py:839} INFO - DAG(s) dict_keys(['example_setup_teardown_taskflow']) retrieved from /home/airflow/.local/lib/python3.8/site-packages/airflow/example_dags/example_setup_teardown_taskflow.py
[2024-05-11T21:46:04.402+0000] {logging_mixin.py:154} INFO - [2024-05-11T21:46:04.402+0000] {dag.py:2941} INFO - Sync 1 DAGs
[2024-05-11T21:46:04.422+0000] {logging_mixin.py:154} INFO - [2024-05-11T21:46:04.422+0000] {dag.py:3722} INFO - Setting next_dagrun for example_setup_teardown_taskflow to 2024-05-10T21:46:04.422136+00:00, run_after=2024-05-11T21:46:04.422136+00:00
[2024-05-11T21:46:04.442+0000] {processor.py:179} INFO - Processing /home/airflow/.local/lib/python3.8/site-packages/airflow/example_dags/example_setup_teardown_taskflow.py took 0.088 seconds
[2024-05-11T21:46:35.022+0000] {processor.py:157} INFO - Started process (PID=539) to work on /home/airflow/.local/lib/python3.8/site-packages/airflow/example_dags/example_setup_teardown_taskflow.py
[2024-05-11T21:46:35.023+0000] {processor.py:829} INFO - Processing file /home/airflow/.local/lib/python3.8/site-packages/airflow/example_dags/example_setup_teardown_taskflow.py for tasks to queue
[2024-05-11T21:46:35.025+0000] {logging_mixin.py:154} INFO - [2024-05-11T21:46:35.025+0000] {dagbag.py:536} INFO - Filling up the DagBag from /home/airflow/.local/lib/python3.8/site-packages/airflow/example_dags/example_setup_teardown_taskflow.py
[2024-05-11T21:46:35.033+0000] {processor.py:839} INFO - DAG(s) dict_keys(['example_setup_teardown_taskflow']) retrieved from /home/airflow/.local/lib/python3.8/site-packages/airflow/example_dags/example_setup_teardown_taskflow.py
[2024-05-11T21:46:35.056+0000] {logging_mixin.py:154} INFO - [2024-05-11T21:46:35.056+0000] {dag.py:2941} INFO - Sync 1 DAGs
[2024-05-11T21:46:35.079+0000] {logging_mixin.py:154} INFO - [2024-05-11T21:46:35.079+0000] {dag.py:3722} INFO - Setting next_dagrun for example_setup_teardown_taskflow to 2024-05-10T21:46:35.078845+00:00, run_after=2024-05-11T21:46:35.078845+00:00
[2024-05-11T21:46:35.100+0000] {processor.py:179} INFO - Processing /home/airflow/.local/lib/python3.8/site-packages/airflow/example_dags/example_setup_teardown_taskflow.py took 0.080 seconds
[2024-05-11T21:47:05.404+0000] {processor.py:157} INFO - Started process (PID=594) to work on /home/airflow/.local/lib/python3.8/site-packages/airflow/example_dags/example_setup_teardown_taskflow.py
[2024-05-11T21:47:05.409+0000] {processor.py:829} INFO - Processing file /home/airflow/.local/lib/python3.8/site-packages/airflow/example_dags/example_setup_teardown_taskflow.py for tasks to queue
[2024-05-11T21:47:05.415+0000] {logging_mixin.py:154} INFO - [2024-05-11T21:47:05.414+0000] {dagbag.py:536} INFO - Filling up the DagBag from /home/airflow/.local/lib/python3.8/site-packages/airflow/example_dags/example_setup_teardown_taskflow.py
[2024-05-11T21:47:05.424+0000] {processor.py:839} INFO - DAG(s) dict_keys(['example_setup_teardown_taskflow']) retrieved from /home/airflow/.local/lib/python3.8/site-packages/airflow/example_dags/example_setup_teardown_taskflow.py
[2024-05-11T21:47:05.449+0000] {logging_mixin.py:154} INFO - [2024-05-11T21:47:05.448+0000] {dag.py:2941} INFO - Sync 1 DAGs
[2024-05-11T21:47:05.467+0000] {logging_mixin.py:154} INFO - [2024-05-11T21:47:05.467+0000] {dag.py:3722} INFO - Setting next_dagrun for example_setup_teardown_taskflow to 2024-05-10T21:47:05.467070+00:00, run_after=2024-05-11T21:47:05.467070+00:00
[2024-05-11T21:47:05.479+0000] {processor.py:179} INFO - Processing /home/airflow/.local/lib/python3.8/site-packages/airflow/example_dags/example_setup_teardown_taskflow.py took 0.079 seconds
