[2024-05-11T21:03:20.612+0000] {processor.py:157} INFO - Started process (PID=60) to work on /home/airflow/.local/lib/python3.8/site-packages/airflow/example_dags/example_branch_python_dop_operator_3.py
[2024-05-11T21:03:20.613+0000] {processor.py:829} INFO - Processing file /home/airflow/.local/lib/python3.8/site-packages/airflow/example_dags/example_branch_python_dop_operator_3.py for tasks to queue
[2024-05-11T21:03:20.616+0000] {logging_mixin.py:154} INFO - [2024-05-11T21:03:20.615+0000] {dagbag.py:536} INFO - Filling up the DagBag from /home/airflow/.local/lib/python3.8/site-packages/airflow/example_dags/example_branch_python_dop_operator_3.py
[2024-05-11T21:03:20.624+0000] {processor.py:839} INFO - DAG(s) dict_keys(['example_branch_dop_operator_v3']) retrieved from /home/airflow/.local/lib/python3.8/site-packages/airflow/example_dags/example_branch_python_dop_operator_3.py
[2024-05-11T21:03:20.692+0000] {logging_mixin.py:154} INFO - [2024-05-11T21:03:20.692+0000] {manager.py:499} INFO - Created Permission View: %s
[2024-05-11T21:03:20.699+0000] {logging_mixin.py:154} INFO - [2024-05-11T21:03:20.698+0000] {manager.py:499} INFO - Created Permission View: %s
[2024-05-11T21:03:20.715+0000] {logging_mixin.py:154} INFO - [2024-05-11T21:03:20.715+0000] {manager.py:499} INFO - Created Permission View: %s
[2024-05-11T21:03:20.716+0000] {logging_mixin.py:154} INFO - [2024-05-11T21:03:20.716+0000] {dag.py:2941} INFO - Sync 1 DAGs
[2024-05-11T21:03:20.723+0000] {logging_mixin.py:154} INFO - [2024-05-11T21:03:20.723+0000] {dag.py:2963} INFO - Creating ORM DAG for example_branch_dop_operator_v3
[2024-05-11T21:03:20.732+0000] {logging_mixin.py:154} INFO - [2024-05-11T21:03:20.732+0000] {dag.py:3722} INFO - Setting next_dagrun for example_branch_dop_operator_v3 to 2024-05-11T21:02:00+00:00, run_after=2024-05-11T21:03:00+00:00
[2024-05-11T21:03:20.754+0000] {processor.py:179} INFO - Processing /home/airflow/.local/lib/python3.8/site-packages/airflow/example_dags/example_branch_python_dop_operator_3.py took 0.145 seconds
[2024-05-11T21:03:51.711+0000] {processor.py:157} INFO - Started process (PID=115) to work on /home/airflow/.local/lib/python3.8/site-packages/airflow/example_dags/example_branch_python_dop_operator_3.py
[2024-05-11T21:03:51.712+0000] {processor.py:829} INFO - Processing file /home/airflow/.local/lib/python3.8/site-packages/airflow/example_dags/example_branch_python_dop_operator_3.py for tasks to queue
[2024-05-11T21:03:51.714+0000] {logging_mixin.py:154} INFO - [2024-05-11T21:03:51.714+0000] {dagbag.py:536} INFO - Filling up the DagBag from /home/airflow/.local/lib/python3.8/site-packages/airflow/example_dags/example_branch_python_dop_operator_3.py
[2024-05-11T21:03:51.723+0000] {processor.py:839} INFO - DAG(s) dict_keys(['example_branch_dop_operator_v3']) retrieved from /home/airflow/.local/lib/python3.8/site-packages/airflow/example_dags/example_branch_python_dop_operator_3.py
[2024-05-11T21:03:51.744+0000] {logging_mixin.py:154} INFO - [2024-05-11T21:03:51.744+0000] {dag.py:2941} INFO - Sync 1 DAGs
[2024-05-11T21:03:51.763+0000] {logging_mixin.py:154} INFO - [2024-05-11T21:03:51.763+0000] {dag.py:3722} INFO - Setting next_dagrun for example_branch_dop_operator_v3 to 2024-05-11T21:02:00+00:00, run_after=2024-05-11T21:03:00+00:00
[2024-05-11T21:03:51.776+0000] {processor.py:179} INFO - Processing /home/airflow/.local/lib/python3.8/site-packages/airflow/example_dags/example_branch_python_dop_operator_3.py took 0.069 seconds
[2024-05-11T21:04:22.120+0000] {processor.py:157} INFO - Started process (PID=169) to work on /home/airflow/.local/lib/python3.8/site-packages/airflow/example_dags/example_branch_python_dop_operator_3.py
[2024-05-11T21:04:22.122+0000] {processor.py:829} INFO - Processing file /home/airflow/.local/lib/python3.8/site-packages/airflow/example_dags/example_branch_python_dop_operator_3.py for tasks to queue
[2024-05-11T21:04:22.126+0000] {logging_mixin.py:154} INFO - [2024-05-11T21:04:22.125+0000] {dagbag.py:536} INFO - Filling up the DagBag from /home/airflow/.local/lib/python3.8/site-packages/airflow/example_dags/example_branch_python_dop_operator_3.py
[2024-05-11T21:04:22.135+0000] {processor.py:839} INFO - DAG(s) dict_keys(['example_branch_dop_operator_v3']) retrieved from /home/airflow/.local/lib/python3.8/site-packages/airflow/example_dags/example_branch_python_dop_operator_3.py
[2024-05-11T21:04:22.155+0000] {logging_mixin.py:154} INFO - [2024-05-11T21:04:22.155+0000] {dag.py:2941} INFO - Sync 1 DAGs
[2024-05-11T21:04:22.170+0000] {logging_mixin.py:154} INFO - [2024-05-11T21:04:22.170+0000] {dag.py:3722} INFO - Setting next_dagrun for example_branch_dop_operator_v3 to 2024-05-11T21:03:00+00:00, run_after=2024-05-11T21:04:00+00:00
[2024-05-11T21:04:22.181+0000] {processor.py:179} INFO - Processing /home/airflow/.local/lib/python3.8/site-packages/airflow/example_dags/example_branch_python_dop_operator_3.py took 0.066 seconds
[2024-05-11T21:04:52.506+0000] {processor.py:157} INFO - Started process (PID=224) to work on /home/airflow/.local/lib/python3.8/site-packages/airflow/example_dags/example_branch_python_dop_operator_3.py
[2024-05-11T21:04:52.508+0000] {processor.py:829} INFO - Processing file /home/airflow/.local/lib/python3.8/site-packages/airflow/example_dags/example_branch_python_dop_operator_3.py for tasks to queue
[2024-05-11T21:04:52.511+0000] {logging_mixin.py:154} INFO - [2024-05-11T21:04:52.510+0000] {dagbag.py:536} INFO - Filling up the DagBag from /home/airflow/.local/lib/python3.8/site-packages/airflow/example_dags/example_branch_python_dop_operator_3.py
[2024-05-11T21:04:52.519+0000] {processor.py:839} INFO - DAG(s) dict_keys(['example_branch_dop_operator_v3']) retrieved from /home/airflow/.local/lib/python3.8/site-packages/airflow/example_dags/example_branch_python_dop_operator_3.py
[2024-05-11T21:04:52.541+0000] {logging_mixin.py:154} INFO - [2024-05-11T21:04:52.541+0000] {dag.py:2941} INFO - Sync 1 DAGs
[2024-05-11T21:04:52.560+0000] {logging_mixin.py:154} INFO - [2024-05-11T21:04:52.559+0000] {dag.py:3722} INFO - Setting next_dagrun for example_branch_dop_operator_v3 to 2024-05-11T21:03:00+00:00, run_after=2024-05-11T21:04:00+00:00
[2024-05-11T21:04:52.570+0000] {processor.py:179} INFO - Processing /home/airflow/.local/lib/python3.8/site-packages/airflow/example_dags/example_branch_python_dop_operator_3.py took 0.068 seconds
[2024-05-11T21:05:43.741+0000] {processor.py:157} INFO - Started process (PID=61) to work on /home/airflow/.local/lib/python3.8/site-packages/airflow/example_dags/example_branch_python_dop_operator_3.py
[2024-05-11T21:05:43.755+0000] {processor.py:829} INFO - Processing file /home/airflow/.local/lib/python3.8/site-packages/airflow/example_dags/example_branch_python_dop_operator_3.py for tasks to queue
[2024-05-11T21:05:43.759+0000] {logging_mixin.py:154} INFO - [2024-05-11T21:05:43.758+0000] {dagbag.py:536} INFO - Filling up the DagBag from /home/airflow/.local/lib/python3.8/site-packages/airflow/example_dags/example_branch_python_dop_operator_3.py
[2024-05-11T21:05:43.768+0000] {processor.py:839} INFO - DAG(s) dict_keys(['example_branch_dop_operator_v3']) retrieved from /home/airflow/.local/lib/python3.8/site-packages/airflow/example_dags/example_branch_python_dop_operator_3.py
[2024-05-11T21:05:43.782+0000] {logging_mixin.py:154} INFO - [2024-05-11T21:05:43.781+0000] {dag.py:2941} INFO - Sync 1 DAGs
[2024-05-11T21:05:43.812+0000] {logging_mixin.py:154} INFO - [2024-05-11T21:05:43.812+0000] {dag.py:3722} INFO - Setting next_dagrun for example_branch_dop_operator_v3 to 2024-05-11T21:04:00+00:00, run_after=2024-05-11T21:05:00+00:00
[2024-05-11T21:05:43.853+0000] {processor.py:179} INFO - Processing /home/airflow/.local/lib/python3.8/site-packages/airflow/example_dags/example_branch_python_dop_operator_3.py took 0.117 seconds
[2024-05-11T21:06:14.230+0000] {processor.py:157} INFO - Started process (PID=116) to work on /home/airflow/.local/lib/python3.8/site-packages/airflow/example_dags/example_branch_python_dop_operator_3.py
[2024-05-11T21:06:14.232+0000] {processor.py:829} INFO - Processing file /home/airflow/.local/lib/python3.8/site-packages/airflow/example_dags/example_branch_python_dop_operator_3.py for tasks to queue
[2024-05-11T21:06:14.234+0000] {logging_mixin.py:154} INFO - [2024-05-11T21:06:14.234+0000] {dagbag.py:536} INFO - Filling up the DagBag from /home/airflow/.local/lib/python3.8/site-packages/airflow/example_dags/example_branch_python_dop_operator_3.py
[2024-05-11T21:06:14.240+0000] {processor.py:839} INFO - DAG(s) dict_keys(['example_branch_dop_operator_v3']) retrieved from /home/airflow/.local/lib/python3.8/site-packages/airflow/example_dags/example_branch_python_dop_operator_3.py
[2024-05-11T21:06:14.256+0000] {logging_mixin.py:154} INFO - [2024-05-11T21:06:14.256+0000] {dag.py:2941} INFO - Sync 1 DAGs
[2024-05-11T21:06:14.271+0000] {logging_mixin.py:154} INFO - [2024-05-11T21:06:14.271+0000] {dag.py:3722} INFO - Setting next_dagrun for example_branch_dop_operator_v3 to 2024-05-11T21:05:00+00:00, run_after=2024-05-11T21:06:00+00:00
[2024-05-11T21:06:14.281+0000] {processor.py:179} INFO - Processing /home/airflow/.local/lib/python3.8/site-packages/airflow/example_dags/example_branch_python_dop_operator_3.py took 0.053 seconds
[2024-05-11T21:06:44.522+0000] {processor.py:157} INFO - Started process (PID=171) to work on /home/airflow/.local/lib/python3.8/site-packages/airflow/example_dags/example_branch_python_dop_operator_3.py
[2024-05-11T21:06:44.523+0000] {processor.py:829} INFO - Processing file /home/airflow/.local/lib/python3.8/site-packages/airflow/example_dags/example_branch_python_dop_operator_3.py for tasks to queue
[2024-05-11T21:06:44.525+0000] {logging_mixin.py:154} INFO - [2024-05-11T21:06:44.525+0000] {dagbag.py:536} INFO - Filling up the DagBag from /home/airflow/.local/lib/python3.8/site-packages/airflow/example_dags/example_branch_python_dop_operator_3.py
[2024-05-11T21:06:44.531+0000] {processor.py:839} INFO - DAG(s) dict_keys(['example_branch_dop_operator_v3']) retrieved from /home/airflow/.local/lib/python3.8/site-packages/airflow/example_dags/example_branch_python_dop_operator_3.py
[2024-05-11T21:06:44.547+0000] {logging_mixin.py:154} INFO - [2024-05-11T21:06:44.547+0000] {dag.py:2941} INFO - Sync 1 DAGs
[2024-05-11T21:06:44.562+0000] {logging_mixin.py:154} INFO - [2024-05-11T21:06:44.562+0000] {dag.py:3722} INFO - Setting next_dagrun for example_branch_dop_operator_v3 to 2024-05-11T21:05:00+00:00, run_after=2024-05-11T21:06:00+00:00
[2024-05-11T21:06:44.574+0000] {processor.py:179} INFO - Processing /home/airflow/.local/lib/python3.8/site-packages/airflow/example_dags/example_branch_python_dop_operator_3.py took 0.055 seconds
[2024-05-11T21:07:14.803+0000] {processor.py:157} INFO - Started process (PID=226) to work on /home/airflow/.local/lib/python3.8/site-packages/airflow/example_dags/example_branch_python_dop_operator_3.py
[2024-05-11T21:07:14.805+0000] {processor.py:829} INFO - Processing file /home/airflow/.local/lib/python3.8/site-packages/airflow/example_dags/example_branch_python_dop_operator_3.py for tasks to queue
[2024-05-11T21:07:14.806+0000] {logging_mixin.py:154} INFO - [2024-05-11T21:07:14.806+0000] {dagbag.py:536} INFO - Filling up the DagBag from /home/airflow/.local/lib/python3.8/site-packages/airflow/example_dags/example_branch_python_dop_operator_3.py
[2024-05-11T21:07:14.814+0000] {processor.py:839} INFO - DAG(s) dict_keys(['example_branch_dop_operator_v3']) retrieved from /home/airflow/.local/lib/python3.8/site-packages/airflow/example_dags/example_branch_python_dop_operator_3.py
[2024-05-11T21:07:14.831+0000] {logging_mixin.py:154} INFO - [2024-05-11T21:07:14.831+0000] {dag.py:2941} INFO - Sync 1 DAGs
[2024-05-11T21:07:14.846+0000] {logging_mixin.py:154} INFO - [2024-05-11T21:07:14.846+0000] {dag.py:3722} INFO - Setting next_dagrun for example_branch_dop_operator_v3 to 2024-05-11T21:06:00+00:00, run_after=2024-05-11T21:07:00+00:00
[2024-05-11T21:07:14.856+0000] {processor.py:179} INFO - Processing /home/airflow/.local/lib/python3.8/site-packages/airflow/example_dags/example_branch_python_dop_operator_3.py took 0.056 seconds
[2024-05-11T21:07:45.096+0000] {processor.py:157} INFO - Started process (PID=285) to work on /home/airflow/.local/lib/python3.8/site-packages/airflow/example_dags/example_branch_python_dop_operator_3.py
[2024-05-11T21:07:45.098+0000] {processor.py:829} INFO - Processing file /home/airflow/.local/lib/python3.8/site-packages/airflow/example_dags/example_branch_python_dop_operator_3.py for tasks to queue
[2024-05-11T21:07:45.099+0000] {logging_mixin.py:154} INFO - [2024-05-11T21:07:45.099+0000] {dagbag.py:536} INFO - Filling up the DagBag from /home/airflow/.local/lib/python3.8/site-packages/airflow/example_dags/example_branch_python_dop_operator_3.py
[2024-05-11T21:07:45.105+0000] {processor.py:839} INFO - DAG(s) dict_keys(['example_branch_dop_operator_v3']) retrieved from /home/airflow/.local/lib/python3.8/site-packages/airflow/example_dags/example_branch_python_dop_operator_3.py
[2024-05-11T21:07:45.122+0000] {logging_mixin.py:154} INFO - [2024-05-11T21:07:45.122+0000] {dag.py:2941} INFO - Sync 1 DAGs
[2024-05-11T21:07:45.136+0000] {logging_mixin.py:154} INFO - [2024-05-11T21:07:45.136+0000] {dag.py:3722} INFO - Setting next_dagrun for example_branch_dop_operator_v3 to 2024-05-11T21:06:00+00:00, run_after=2024-05-11T21:07:00+00:00
[2024-05-11T21:07:45.147+0000] {processor.py:179} INFO - Processing /home/airflow/.local/lib/python3.8/site-packages/airflow/example_dags/example_branch_python_dop_operator_3.py took 0.053 seconds
[2024-05-11T21:08:15.343+0000] {processor.py:157} INFO - Started process (PID=340) to work on /home/airflow/.local/lib/python3.8/site-packages/airflow/example_dags/example_branch_python_dop_operator_3.py
[2024-05-11T21:08:15.345+0000] {processor.py:829} INFO - Processing file /home/airflow/.local/lib/python3.8/site-packages/airflow/example_dags/example_branch_python_dop_operator_3.py for tasks to queue
[2024-05-11T21:08:15.347+0000] {logging_mixin.py:154} INFO - [2024-05-11T21:08:15.346+0000] {dagbag.py:536} INFO - Filling up the DagBag from /home/airflow/.local/lib/python3.8/site-packages/airflow/example_dags/example_branch_python_dop_operator_3.py
[2024-05-11T21:08:15.353+0000] {processor.py:839} INFO - DAG(s) dict_keys(['example_branch_dop_operator_v3']) retrieved from /home/airflow/.local/lib/python3.8/site-packages/airflow/example_dags/example_branch_python_dop_operator_3.py
[2024-05-11T21:08:15.371+0000] {logging_mixin.py:154} INFO - [2024-05-11T21:08:15.370+0000] {dag.py:2941} INFO - Sync 1 DAGs
[2024-05-11T21:08:15.387+0000] {logging_mixin.py:154} INFO - [2024-05-11T21:08:15.387+0000] {dag.py:3722} INFO - Setting next_dagrun for example_branch_dop_operator_v3 to 2024-05-11T21:07:00+00:00, run_after=2024-05-11T21:08:00+00:00
[2024-05-11T21:08:15.397+0000] {processor.py:179} INFO - Processing /home/airflow/.local/lib/python3.8/site-packages/airflow/example_dags/example_branch_python_dop_operator_3.py took 0.057 seconds
[2024-05-11T21:08:45.590+0000] {processor.py:157} INFO - Started process (PID=395) to work on /home/airflow/.local/lib/python3.8/site-packages/airflow/example_dags/example_branch_python_dop_operator_3.py
[2024-05-11T21:08:45.591+0000] {processor.py:829} INFO - Processing file /home/airflow/.local/lib/python3.8/site-packages/airflow/example_dags/example_branch_python_dop_operator_3.py for tasks to queue
[2024-05-11T21:08:45.593+0000] {logging_mixin.py:154} INFO - [2024-05-11T21:08:45.593+0000] {dagbag.py:536} INFO - Filling up the DagBag from /home/airflow/.local/lib/python3.8/site-packages/airflow/example_dags/example_branch_python_dop_operator_3.py
[2024-05-11T21:08:45.599+0000] {processor.py:839} INFO - DAG(s) dict_keys(['example_branch_dop_operator_v3']) retrieved from /home/airflow/.local/lib/python3.8/site-packages/airflow/example_dags/example_branch_python_dop_operator_3.py
[2024-05-11T21:08:45.633+0000] {logging_mixin.py:154} INFO - [2024-05-11T21:08:45.633+0000] {dag.py:2941} INFO - Sync 1 DAGs
[2024-05-11T21:08:45.655+0000] {logging_mixin.py:154} INFO - [2024-05-11T21:08:45.655+0000] {dag.py:3722} INFO - Setting next_dagrun for example_branch_dop_operator_v3 to 2024-05-11T21:07:00+00:00, run_after=2024-05-11T21:08:00+00:00
[2024-05-11T21:08:45.670+0000] {processor.py:179} INFO - Processing /home/airflow/.local/lib/python3.8/site-packages/airflow/example_dags/example_branch_python_dop_operator_3.py took 0.083 seconds
[2024-05-11T21:09:16.062+0000] {processor.py:157} INFO - Started process (PID=449) to work on /home/airflow/.local/lib/python3.8/site-packages/airflow/example_dags/example_branch_python_dop_operator_3.py
[2024-05-11T21:09:16.063+0000] {processor.py:829} INFO - Processing file /home/airflow/.local/lib/python3.8/site-packages/airflow/example_dags/example_branch_python_dop_operator_3.py for tasks to queue
[2024-05-11T21:09:16.065+0000] {logging_mixin.py:154} INFO - [2024-05-11T21:09:16.065+0000] {dagbag.py:536} INFO - Filling up the DagBag from /home/airflow/.local/lib/python3.8/site-packages/airflow/example_dags/example_branch_python_dop_operator_3.py
[2024-05-11T21:09:16.072+0000] {processor.py:839} INFO - DAG(s) dict_keys(['example_branch_dop_operator_v3']) retrieved from /home/airflow/.local/lib/python3.8/site-packages/airflow/example_dags/example_branch_python_dop_operator_3.py
[2024-05-11T21:09:16.088+0000] {logging_mixin.py:154} INFO - [2024-05-11T21:09:16.088+0000] {dag.py:2941} INFO - Sync 1 DAGs
[2024-05-11T21:09:16.102+0000] {logging_mixin.py:154} INFO - [2024-05-11T21:09:16.102+0000] {dag.py:3722} INFO - Setting next_dagrun for example_branch_dop_operator_v3 to 2024-05-11T21:08:00+00:00, run_after=2024-05-11T21:09:00+00:00
[2024-05-11T21:09:16.113+0000] {processor.py:179} INFO - Processing /home/airflow/.local/lib/python3.8/site-packages/airflow/example_dags/example_branch_python_dop_operator_3.py took 0.053 seconds
[2024-05-11T21:09:46.362+0000] {processor.py:157} INFO - Started process (PID=504) to work on /home/airflow/.local/lib/python3.8/site-packages/airflow/example_dags/example_branch_python_dop_operator_3.py
[2024-05-11T21:09:46.363+0000] {processor.py:829} INFO - Processing file /home/airflow/.local/lib/python3.8/site-packages/airflow/example_dags/example_branch_python_dop_operator_3.py for tasks to queue
[2024-05-11T21:09:46.365+0000] {logging_mixin.py:154} INFO - [2024-05-11T21:09:46.365+0000] {dagbag.py:536} INFO - Filling up the DagBag from /home/airflow/.local/lib/python3.8/site-packages/airflow/example_dags/example_branch_python_dop_operator_3.py
[2024-05-11T21:09:46.372+0000] {processor.py:839} INFO - DAG(s) dict_keys(['example_branch_dop_operator_v3']) retrieved from /home/airflow/.local/lib/python3.8/site-packages/airflow/example_dags/example_branch_python_dop_operator_3.py
[2024-05-11T21:09:46.388+0000] {logging_mixin.py:154} INFO - [2024-05-11T21:09:46.388+0000] {dag.py:2941} INFO - Sync 1 DAGs
[2024-05-11T21:09:46.404+0000] {logging_mixin.py:154} INFO - [2024-05-11T21:09:46.404+0000] {dag.py:3722} INFO - Setting next_dagrun for example_branch_dop_operator_v3 to 2024-05-11T21:08:00+00:00, run_after=2024-05-11T21:09:00+00:00
[2024-05-11T21:09:46.414+0000] {processor.py:179} INFO - Processing /home/airflow/.local/lib/python3.8/site-packages/airflow/example_dags/example_branch_python_dop_operator_3.py took 0.055 seconds
[2024-05-11T21:10:16.550+0000] {processor.py:157} INFO - Started process (PID=558) to work on /home/airflow/.local/lib/python3.8/site-packages/airflow/example_dags/example_branch_python_dop_operator_3.py
[2024-05-11T21:10:16.551+0000] {processor.py:829} INFO - Processing file /home/airflow/.local/lib/python3.8/site-packages/airflow/example_dags/example_branch_python_dop_operator_3.py for tasks to queue
[2024-05-11T21:10:16.553+0000] {logging_mixin.py:154} INFO - [2024-05-11T21:10:16.553+0000] {dagbag.py:536} INFO - Filling up the DagBag from /home/airflow/.local/lib/python3.8/site-packages/airflow/example_dags/example_branch_python_dop_operator_3.py
[2024-05-11T21:10:16.559+0000] {processor.py:839} INFO - DAG(s) dict_keys(['example_branch_dop_operator_v3']) retrieved from /home/airflow/.local/lib/python3.8/site-packages/airflow/example_dags/example_branch_python_dop_operator_3.py
[2024-05-11T21:10:16.576+0000] {logging_mixin.py:154} INFO - [2024-05-11T21:10:16.576+0000] {dag.py:2941} INFO - Sync 1 DAGs
[2024-05-11T21:10:16.590+0000] {logging_mixin.py:154} INFO - [2024-05-11T21:10:16.590+0000] {dag.py:3722} INFO - Setting next_dagrun for example_branch_dop_operator_v3 to 2024-05-11T21:09:00+00:00, run_after=2024-05-11T21:10:00+00:00
[2024-05-11T21:10:16.600+0000] {processor.py:179} INFO - Processing /home/airflow/.local/lib/python3.8/site-packages/airflow/example_dags/example_branch_python_dop_operator_3.py took 0.054 seconds
[2024-05-11T21:10:46.956+0000] {processor.py:157} INFO - Started process (PID=613) to work on /home/airflow/.local/lib/python3.8/site-packages/airflow/example_dags/example_branch_python_dop_operator_3.py
[2024-05-11T21:10:46.957+0000] {processor.py:829} INFO - Processing file /home/airflow/.local/lib/python3.8/site-packages/airflow/example_dags/example_branch_python_dop_operator_3.py for tasks to queue
[2024-05-11T21:10:46.960+0000] {logging_mixin.py:154} INFO - [2024-05-11T21:10:46.959+0000] {dagbag.py:536} INFO - Filling up the DagBag from /home/airflow/.local/lib/python3.8/site-packages/airflow/example_dags/example_branch_python_dop_operator_3.py
[2024-05-11T21:10:46.966+0000] {processor.py:839} INFO - DAG(s) dict_keys(['example_branch_dop_operator_v3']) retrieved from /home/airflow/.local/lib/python3.8/site-packages/airflow/example_dags/example_branch_python_dop_operator_3.py
[2024-05-11T21:10:46.984+0000] {logging_mixin.py:154} INFO - [2024-05-11T21:10:46.984+0000] {dag.py:2941} INFO - Sync 1 DAGs
[2024-05-11T21:10:47.000+0000] {logging_mixin.py:154} INFO - [2024-05-11T21:10:47.000+0000] {dag.py:3722} INFO - Setting next_dagrun for example_branch_dop_operator_v3 to 2024-05-11T21:09:00+00:00, run_after=2024-05-11T21:10:00+00:00
[2024-05-11T21:10:47.013+0000] {processor.py:179} INFO - Processing /home/airflow/.local/lib/python3.8/site-packages/airflow/example_dags/example_branch_python_dop_operator_3.py took 0.061 seconds
[2024-05-11T21:11:17.285+0000] {processor.py:157} INFO - Started process (PID=668) to work on /home/airflow/.local/lib/python3.8/site-packages/airflow/example_dags/example_branch_python_dop_operator_3.py
[2024-05-11T21:11:17.287+0000] {processor.py:829} INFO - Processing file /home/airflow/.local/lib/python3.8/site-packages/airflow/example_dags/example_branch_python_dop_operator_3.py for tasks to queue
[2024-05-11T21:11:17.289+0000] {logging_mixin.py:154} INFO - [2024-05-11T21:11:17.288+0000] {dagbag.py:536} INFO - Filling up the DagBag from /home/airflow/.local/lib/python3.8/site-packages/airflow/example_dags/example_branch_python_dop_operator_3.py
[2024-05-11T21:11:17.296+0000] {processor.py:839} INFO - DAG(s) dict_keys(['example_branch_dop_operator_v3']) retrieved from /home/airflow/.local/lib/python3.8/site-packages/airflow/example_dags/example_branch_python_dop_operator_3.py
[2024-05-11T21:11:17.313+0000] {logging_mixin.py:154} INFO - [2024-05-11T21:11:17.313+0000] {dag.py:2941} INFO - Sync 1 DAGs
[2024-05-11T21:11:17.329+0000] {logging_mixin.py:154} INFO - [2024-05-11T21:11:17.329+0000] {dag.py:3722} INFO - Setting next_dagrun for example_branch_dop_operator_v3 to 2024-05-11T21:10:00+00:00, run_after=2024-05-11T21:11:00+00:00
[2024-05-11T21:11:17.339+0000] {processor.py:179} INFO - Processing /home/airflow/.local/lib/python3.8/site-packages/airflow/example_dags/example_branch_python_dop_operator_3.py took 0.057 seconds
[2024-05-11T21:11:47.457+0000] {processor.py:157} INFO - Started process (PID=723) to work on /home/airflow/.local/lib/python3.8/site-packages/airflow/example_dags/example_branch_python_dop_operator_3.py
[2024-05-11T21:11:47.458+0000] {processor.py:829} INFO - Processing file /home/airflow/.local/lib/python3.8/site-packages/airflow/example_dags/example_branch_python_dop_operator_3.py for tasks to queue
[2024-05-11T21:11:47.460+0000] {logging_mixin.py:154} INFO - [2024-05-11T21:11:47.460+0000] {dagbag.py:536} INFO - Filling up the DagBag from /home/airflow/.local/lib/python3.8/site-packages/airflow/example_dags/example_branch_python_dop_operator_3.py
[2024-05-11T21:11:47.466+0000] {processor.py:839} INFO - DAG(s) dict_keys(['example_branch_dop_operator_v3']) retrieved from /home/airflow/.local/lib/python3.8/site-packages/airflow/example_dags/example_branch_python_dop_operator_3.py
[2024-05-11T21:11:47.482+0000] {logging_mixin.py:154} INFO - [2024-05-11T21:11:47.482+0000] {dag.py:2941} INFO - Sync 1 DAGs
[2024-05-11T21:11:47.497+0000] {logging_mixin.py:154} INFO - [2024-05-11T21:11:47.497+0000] {dag.py:3722} INFO - Setting next_dagrun for example_branch_dop_operator_v3 to 2024-05-11T21:10:00+00:00, run_after=2024-05-11T21:11:00+00:00
[2024-05-11T21:11:47.507+0000] {processor.py:179} INFO - Processing /home/airflow/.local/lib/python3.8/site-packages/airflow/example_dags/example_branch_python_dop_operator_3.py took 0.053 seconds
[2024-05-11T21:12:17.784+0000] {processor.py:157} INFO - Started process (PID=779) to work on /home/airflow/.local/lib/python3.8/site-packages/airflow/example_dags/example_branch_python_dop_operator_3.py
[2024-05-11T21:12:17.786+0000] {processor.py:829} INFO - Processing file /home/airflow/.local/lib/python3.8/site-packages/airflow/example_dags/example_branch_python_dop_operator_3.py for tasks to queue
[2024-05-11T21:12:17.788+0000] {logging_mixin.py:154} INFO - [2024-05-11T21:12:17.787+0000] {dagbag.py:536} INFO - Filling up the DagBag from /home/airflow/.local/lib/python3.8/site-packages/airflow/example_dags/example_branch_python_dop_operator_3.py
[2024-05-11T21:12:17.794+0000] {processor.py:839} INFO - DAG(s) dict_keys(['example_branch_dop_operator_v3']) retrieved from /home/airflow/.local/lib/python3.8/site-packages/airflow/example_dags/example_branch_python_dop_operator_3.py
[2024-05-11T21:12:17.811+0000] {logging_mixin.py:154} INFO - [2024-05-11T21:12:17.811+0000] {dag.py:2941} INFO - Sync 1 DAGs
[2024-05-11T21:12:17.827+0000] {logging_mixin.py:154} INFO - [2024-05-11T21:12:17.827+0000] {dag.py:3722} INFO - Setting next_dagrun for example_branch_dop_operator_v3 to 2024-05-11T21:11:00+00:00, run_after=2024-05-11T21:12:00+00:00
[2024-05-11T21:12:17.837+0000] {processor.py:179} INFO - Processing /home/airflow/.local/lib/python3.8/site-packages/airflow/example_dags/example_branch_python_dop_operator_3.py took 0.055 seconds
[2024-05-11T21:12:48.209+0000] {processor.py:157} INFO - Started process (PID=834) to work on /home/airflow/.local/lib/python3.8/site-packages/airflow/example_dags/example_branch_python_dop_operator_3.py
[2024-05-11T21:12:48.211+0000] {processor.py:829} INFO - Processing file /home/airflow/.local/lib/python3.8/site-packages/airflow/example_dags/example_branch_python_dop_operator_3.py for tasks to queue
[2024-05-11T21:12:48.215+0000] {logging_mixin.py:154} INFO - [2024-05-11T21:12:48.214+0000] {dagbag.py:536} INFO - Filling up the DagBag from /home/airflow/.local/lib/python3.8/site-packages/airflow/example_dags/example_branch_python_dop_operator_3.py
[2024-05-11T21:12:48.221+0000] {processor.py:839} INFO - DAG(s) dict_keys(['example_branch_dop_operator_v3']) retrieved from /home/airflow/.local/lib/python3.8/site-packages/airflow/example_dags/example_branch_python_dop_operator_3.py
[2024-05-11T21:12:48.239+0000] {logging_mixin.py:154} INFO - [2024-05-11T21:12:48.239+0000] {dag.py:2941} INFO - Sync 1 DAGs
[2024-05-11T21:12:48.255+0000] {logging_mixin.py:154} INFO - [2024-05-11T21:12:48.255+0000] {dag.py:3722} INFO - Setting next_dagrun for example_branch_dop_operator_v3 to 2024-05-11T21:11:00+00:00, run_after=2024-05-11T21:12:00+00:00
[2024-05-11T21:12:48.265+0000] {processor.py:179} INFO - Processing /home/airflow/.local/lib/python3.8/site-packages/airflow/example_dags/example_branch_python_dop_operator_3.py took 0.061 seconds
[2024-05-11T21:13:18.543+0000] {processor.py:157} INFO - Started process (PID=889) to work on /home/airflow/.local/lib/python3.8/site-packages/airflow/example_dags/example_branch_python_dop_operator_3.py
[2024-05-11T21:13:18.544+0000] {processor.py:829} INFO - Processing file /home/airflow/.local/lib/python3.8/site-packages/airflow/example_dags/example_branch_python_dop_operator_3.py for tasks to queue
[2024-05-11T21:13:18.546+0000] {logging_mixin.py:154} INFO - [2024-05-11T21:13:18.546+0000] {dagbag.py:536} INFO - Filling up the DagBag from /home/airflow/.local/lib/python3.8/site-packages/airflow/example_dags/example_branch_python_dop_operator_3.py
[2024-05-11T21:13:18.553+0000] {processor.py:839} INFO - DAG(s) dict_keys(['example_branch_dop_operator_v3']) retrieved from /home/airflow/.local/lib/python3.8/site-packages/airflow/example_dags/example_branch_python_dop_operator_3.py
[2024-05-11T21:13:18.570+0000] {logging_mixin.py:154} INFO - [2024-05-11T21:13:18.570+0000] {dag.py:2941} INFO - Sync 1 DAGs
[2024-05-11T21:13:18.587+0000] {logging_mixin.py:154} INFO - [2024-05-11T21:13:18.587+0000] {dag.py:3722} INFO - Setting next_dagrun for example_branch_dop_operator_v3 to 2024-05-11T21:12:00+00:00, run_after=2024-05-11T21:13:00+00:00
[2024-05-11T21:13:18.598+0000] {processor.py:179} INFO - Processing /home/airflow/.local/lib/python3.8/site-packages/airflow/example_dags/example_branch_python_dop_operator_3.py took 0.058 seconds
[2024-05-11T21:13:48.657+0000] {processor.py:157} INFO - Started process (PID=944) to work on /home/airflow/.local/lib/python3.8/site-packages/airflow/example_dags/example_branch_python_dop_operator_3.py
[2024-05-11T21:13:48.659+0000] {processor.py:829} INFO - Processing file /home/airflow/.local/lib/python3.8/site-packages/airflow/example_dags/example_branch_python_dop_operator_3.py for tasks to queue
[2024-05-11T21:13:48.661+0000] {logging_mixin.py:154} INFO - [2024-05-11T21:13:48.660+0000] {dagbag.py:536} INFO - Filling up the DagBag from /home/airflow/.local/lib/python3.8/site-packages/airflow/example_dags/example_branch_python_dop_operator_3.py
[2024-05-11T21:13:48.667+0000] {processor.py:839} INFO - DAG(s) dict_keys(['example_branch_dop_operator_v3']) retrieved from /home/airflow/.local/lib/python3.8/site-packages/airflow/example_dags/example_branch_python_dop_operator_3.py
[2024-05-11T21:13:48.683+0000] {logging_mixin.py:154} INFO - [2024-05-11T21:13:48.683+0000] {dag.py:2941} INFO - Sync 1 DAGs
[2024-05-11T21:13:48.699+0000] {logging_mixin.py:154} INFO - [2024-05-11T21:13:48.699+0000] {dag.py:3722} INFO - Setting next_dagrun for example_branch_dop_operator_v3 to 2024-05-11T21:12:00+00:00, run_after=2024-05-11T21:13:00+00:00
[2024-05-11T21:13:48.709+0000] {processor.py:179} INFO - Processing /home/airflow/.local/lib/python3.8/site-packages/airflow/example_dags/example_branch_python_dop_operator_3.py took 0.055 seconds
[2024-05-11T21:14:18.908+0000] {processor.py:157} INFO - Started process (PID=999) to work on /home/airflow/.local/lib/python3.8/site-packages/airflow/example_dags/example_branch_python_dop_operator_3.py
[2024-05-11T21:14:18.910+0000] {processor.py:829} INFO - Processing file /home/airflow/.local/lib/python3.8/site-packages/airflow/example_dags/example_branch_python_dop_operator_3.py for tasks to queue
[2024-05-11T21:14:18.912+0000] {logging_mixin.py:154} INFO - [2024-05-11T21:14:18.912+0000] {dagbag.py:536} INFO - Filling up the DagBag from /home/airflow/.local/lib/python3.8/site-packages/airflow/example_dags/example_branch_python_dop_operator_3.py
[2024-05-11T21:14:18.918+0000] {processor.py:839} INFO - DAG(s) dict_keys(['example_branch_dop_operator_v3']) retrieved from /home/airflow/.local/lib/python3.8/site-packages/airflow/example_dags/example_branch_python_dop_operator_3.py
[2024-05-11T21:14:18.935+0000] {logging_mixin.py:154} INFO - [2024-05-11T21:14:18.935+0000] {dag.py:2941} INFO - Sync 1 DAGs
[2024-05-11T21:14:18.951+0000] {logging_mixin.py:154} INFO - [2024-05-11T21:14:18.951+0000] {dag.py:3722} INFO - Setting next_dagrun for example_branch_dop_operator_v3 to 2024-05-11T21:13:00+00:00, run_after=2024-05-11T21:14:00+00:00
[2024-05-11T21:14:18.962+0000] {processor.py:179} INFO - Processing /home/airflow/.local/lib/python3.8/site-packages/airflow/example_dags/example_branch_python_dop_operator_3.py took 0.056 seconds
[2024-05-11T21:14:49.245+0000] {processor.py:157} INFO - Started process (PID=1055) to work on /home/airflow/.local/lib/python3.8/site-packages/airflow/example_dags/example_branch_python_dop_operator_3.py
[2024-05-11T21:14:49.246+0000] {processor.py:829} INFO - Processing file /home/airflow/.local/lib/python3.8/site-packages/airflow/example_dags/example_branch_python_dop_operator_3.py for tasks to queue
[2024-05-11T21:14:49.248+0000] {logging_mixin.py:154} INFO - [2024-05-11T21:14:49.248+0000] {dagbag.py:536} INFO - Filling up the DagBag from /home/airflow/.local/lib/python3.8/site-packages/airflow/example_dags/example_branch_python_dop_operator_3.py
[2024-05-11T21:14:49.254+0000] {processor.py:839} INFO - DAG(s) dict_keys(['example_branch_dop_operator_v3']) retrieved from /home/airflow/.local/lib/python3.8/site-packages/airflow/example_dags/example_branch_python_dop_operator_3.py
[2024-05-11T21:14:49.271+0000] {logging_mixin.py:154} INFO - [2024-05-11T21:14:49.271+0000] {dag.py:2941} INFO - Sync 1 DAGs
[2024-05-11T21:14:49.287+0000] {logging_mixin.py:154} INFO - [2024-05-11T21:14:49.287+0000] {dag.py:3722} INFO - Setting next_dagrun for example_branch_dop_operator_v3 to 2024-05-11T21:13:00+00:00, run_after=2024-05-11T21:14:00+00:00
[2024-05-11T21:14:49.298+0000] {processor.py:179} INFO - Processing /home/airflow/.local/lib/python3.8/site-packages/airflow/example_dags/example_branch_python_dop_operator_3.py took 0.057 seconds
[2024-05-11T21:16:33.023+0000] {processor.py:157} INFO - Started process (PID=61) to work on /home/airflow/.local/lib/python3.8/site-packages/airflow/example_dags/example_branch_python_dop_operator_3.py
[2024-05-11T21:16:33.025+0000] {processor.py:829} INFO - Processing file /home/airflow/.local/lib/python3.8/site-packages/airflow/example_dags/example_branch_python_dop_operator_3.py for tasks to queue
[2024-05-11T21:16:33.037+0000] {logging_mixin.py:154} INFO - [2024-05-11T21:16:33.037+0000] {dagbag.py:536} INFO - Filling up the DagBag from /home/airflow/.local/lib/python3.8/site-packages/airflow/example_dags/example_branch_python_dop_operator_3.py
[2024-05-11T21:16:33.063+0000] {processor.py:839} INFO - DAG(s) dict_keys(['example_branch_dop_operator_v3']) retrieved from /home/airflow/.local/lib/python3.8/site-packages/airflow/example_dags/example_branch_python_dop_operator_3.py
[2024-05-11T21:16:33.108+0000] {logging_mixin.py:154} INFO - [2024-05-11T21:16:33.108+0000] {dag.py:2941} INFO - Sync 1 DAGs
[2024-05-11T21:16:33.159+0000] {logging_mixin.py:154} INFO - [2024-05-11T21:16:33.159+0000] {dag.py:3722} INFO - Setting next_dagrun for example_branch_dop_operator_v3 to 2024-05-11T21:15:00+00:00, run_after=2024-05-11T21:16:00+00:00
[2024-05-11T21:16:33.178+0000] {processor.py:179} INFO - Processing /home/airflow/.local/lib/python3.8/site-packages/airflow/example_dags/example_branch_python_dop_operator_3.py took 0.157 seconds
[2024-05-11T21:17:03.810+0000] {processor.py:157} INFO - Started process (PID=117) to work on /home/airflow/.local/lib/python3.8/site-packages/airflow/example_dags/example_branch_python_dop_operator_3.py
[2024-05-11T21:17:03.811+0000] {processor.py:829} INFO - Processing file /home/airflow/.local/lib/python3.8/site-packages/airflow/example_dags/example_branch_python_dop_operator_3.py for tasks to queue
[2024-05-11T21:17:03.813+0000] {logging_mixin.py:154} INFO - [2024-05-11T21:17:03.813+0000] {dagbag.py:536} INFO - Filling up the DagBag from /home/airflow/.local/lib/python3.8/site-packages/airflow/example_dags/example_branch_python_dop_operator_3.py
[2024-05-11T21:17:03.819+0000] {processor.py:839} INFO - DAG(s) dict_keys(['example_branch_dop_operator_v3']) retrieved from /home/airflow/.local/lib/python3.8/site-packages/airflow/example_dags/example_branch_python_dop_operator_3.py
[2024-05-11T21:17:03.836+0000] {logging_mixin.py:154} INFO - [2024-05-11T21:17:03.836+0000] {dag.py:2941} INFO - Sync 1 DAGs
[2024-05-11T21:17:03.852+0000] {logging_mixin.py:154} INFO - [2024-05-11T21:17:03.852+0000] {dag.py:3722} INFO - Setting next_dagrun for example_branch_dop_operator_v3 to 2024-05-11T21:16:00+00:00, run_after=2024-05-11T21:17:00+00:00
[2024-05-11T21:17:03.863+0000] {processor.py:179} INFO - Processing /home/airflow/.local/lib/python3.8/site-packages/airflow/example_dags/example_branch_python_dop_operator_3.py took 0.056 seconds
[2024-05-11T21:17:34.043+0000] {processor.py:157} INFO - Started process (PID=172) to work on /home/airflow/.local/lib/python3.8/site-packages/airflow/example_dags/example_branch_python_dop_operator_3.py
[2024-05-11T21:17:34.045+0000] {processor.py:829} INFO - Processing file /home/airflow/.local/lib/python3.8/site-packages/airflow/example_dags/example_branch_python_dop_operator_3.py for tasks to queue
[2024-05-11T21:17:34.047+0000] {logging_mixin.py:154} INFO - [2024-05-11T21:17:34.047+0000] {dagbag.py:536} INFO - Filling up the DagBag from /home/airflow/.local/lib/python3.8/site-packages/airflow/example_dags/example_branch_python_dop_operator_3.py
[2024-05-11T21:17:34.054+0000] {processor.py:839} INFO - DAG(s) dict_keys(['example_branch_dop_operator_v3']) retrieved from /home/airflow/.local/lib/python3.8/site-packages/airflow/example_dags/example_branch_python_dop_operator_3.py
[2024-05-11T21:17:34.073+0000] {logging_mixin.py:154} INFO - [2024-05-11T21:17:34.073+0000] {dag.py:2941} INFO - Sync 1 DAGs
[2024-05-11T21:17:34.088+0000] {logging_mixin.py:154} INFO - [2024-05-11T21:17:34.088+0000] {dag.py:3722} INFO - Setting next_dagrun for example_branch_dop_operator_v3 to 2024-05-11T21:16:00+00:00, run_after=2024-05-11T21:17:00+00:00
[2024-05-11T21:17:34.100+0000] {processor.py:179} INFO - Processing /home/airflow/.local/lib/python3.8/site-packages/airflow/example_dags/example_branch_python_dop_operator_3.py took 0.060 seconds
[2024-05-11T21:18:04.496+0000] {processor.py:157} INFO - Started process (PID=228) to work on /home/airflow/.local/lib/python3.8/site-packages/airflow/example_dags/example_branch_python_dop_operator_3.py
[2024-05-11T21:18:04.498+0000] {processor.py:829} INFO - Processing file /home/airflow/.local/lib/python3.8/site-packages/airflow/example_dags/example_branch_python_dop_operator_3.py for tasks to queue
[2024-05-11T21:18:04.500+0000] {logging_mixin.py:154} INFO - [2024-05-11T21:18:04.500+0000] {dagbag.py:536} INFO - Filling up the DagBag from /home/airflow/.local/lib/python3.8/site-packages/airflow/example_dags/example_branch_python_dop_operator_3.py
[2024-05-11T21:18:04.507+0000] {processor.py:839} INFO - DAG(s) dict_keys(['example_branch_dop_operator_v3']) retrieved from /home/airflow/.local/lib/python3.8/site-packages/airflow/example_dags/example_branch_python_dop_operator_3.py
[2024-05-11T21:18:04.523+0000] {logging_mixin.py:154} INFO - [2024-05-11T21:18:04.523+0000] {dag.py:2941} INFO - Sync 1 DAGs
[2024-05-11T21:18:04.539+0000] {logging_mixin.py:154} INFO - [2024-05-11T21:18:04.539+0000] {dag.py:3722} INFO - Setting next_dagrun for example_branch_dop_operator_v3 to 2024-05-11T21:17:00+00:00, run_after=2024-05-11T21:18:00+00:00
[2024-05-11T21:18:04.554+0000] {processor.py:179} INFO - Processing /home/airflow/.local/lib/python3.8/site-packages/airflow/example_dags/example_branch_python_dop_operator_3.py took 0.060 seconds
[2024-05-11T21:18:34.588+0000] {processor.py:157} INFO - Started process (PID=283) to work on /home/airflow/.local/lib/python3.8/site-packages/airflow/example_dags/example_branch_python_dop_operator_3.py
[2024-05-11T21:18:34.589+0000] {processor.py:829} INFO - Processing file /home/airflow/.local/lib/python3.8/site-packages/airflow/example_dags/example_branch_python_dop_operator_3.py for tasks to queue
[2024-05-11T21:18:34.592+0000] {logging_mixin.py:154} INFO - [2024-05-11T21:18:34.591+0000] {dagbag.py:536} INFO - Filling up the DagBag from /home/airflow/.local/lib/python3.8/site-packages/airflow/example_dags/example_branch_python_dop_operator_3.py
[2024-05-11T21:18:34.599+0000] {processor.py:839} INFO - DAG(s) dict_keys(['example_branch_dop_operator_v3']) retrieved from /home/airflow/.local/lib/python3.8/site-packages/airflow/example_dags/example_branch_python_dop_operator_3.py
[2024-05-11T21:18:34.616+0000] {logging_mixin.py:154} INFO - [2024-05-11T21:18:34.616+0000] {dag.py:2941} INFO - Sync 1 DAGs
[2024-05-11T21:18:34.632+0000] {logging_mixin.py:154} INFO - [2024-05-11T21:18:34.632+0000] {dag.py:3722} INFO - Setting next_dagrun for example_branch_dop_operator_v3 to 2024-05-11T21:17:00+00:00, run_after=2024-05-11T21:18:00+00:00
[2024-05-11T21:18:34.644+0000] {processor.py:179} INFO - Processing /home/airflow/.local/lib/python3.8/site-packages/airflow/example_dags/example_branch_python_dop_operator_3.py took 0.058 seconds
[2024-05-11T21:19:04.851+0000] {processor.py:157} INFO - Started process (PID=338) to work on /home/airflow/.local/lib/python3.8/site-packages/airflow/example_dags/example_branch_python_dop_operator_3.py
[2024-05-11T21:19:04.852+0000] {processor.py:829} INFO - Processing file /home/airflow/.local/lib/python3.8/site-packages/airflow/example_dags/example_branch_python_dop_operator_3.py for tasks to queue
[2024-05-11T21:19:04.854+0000] {logging_mixin.py:154} INFO - [2024-05-11T21:19:04.854+0000] {dagbag.py:536} INFO - Filling up the DagBag from /home/airflow/.local/lib/python3.8/site-packages/airflow/example_dags/example_branch_python_dop_operator_3.py
[2024-05-11T21:19:04.860+0000] {processor.py:839} INFO - DAG(s) dict_keys(['example_branch_dop_operator_v3']) retrieved from /home/airflow/.local/lib/python3.8/site-packages/airflow/example_dags/example_branch_python_dop_operator_3.py
[2024-05-11T21:19:04.876+0000] {logging_mixin.py:154} INFO - [2024-05-11T21:19:04.876+0000] {dag.py:2941} INFO - Sync 1 DAGs
[2024-05-11T21:19:04.892+0000] {logging_mixin.py:154} INFO - [2024-05-11T21:19:04.892+0000] {dag.py:3722} INFO - Setting next_dagrun for example_branch_dop_operator_v3 to 2024-05-11T21:18:00+00:00, run_after=2024-05-11T21:19:00+00:00
[2024-05-11T21:19:04.903+0000] {processor.py:179} INFO - Processing /home/airflow/.local/lib/python3.8/site-packages/airflow/example_dags/example_branch_python_dop_operator_3.py took 0.054 seconds
[2024-05-11T21:19:35.241+0000] {processor.py:157} INFO - Started process (PID=393) to work on /home/airflow/.local/lib/python3.8/site-packages/airflow/example_dags/example_branch_python_dop_operator_3.py
[2024-05-11T21:19:35.242+0000] {processor.py:829} INFO - Processing file /home/airflow/.local/lib/python3.8/site-packages/airflow/example_dags/example_branch_python_dop_operator_3.py for tasks to queue
[2024-05-11T21:19:35.244+0000] {logging_mixin.py:154} INFO - [2024-05-11T21:19:35.244+0000] {dagbag.py:536} INFO - Filling up the DagBag from /home/airflow/.local/lib/python3.8/site-packages/airflow/example_dags/example_branch_python_dop_operator_3.py
[2024-05-11T21:19:35.250+0000] {processor.py:839} INFO - DAG(s) dict_keys(['example_branch_dop_operator_v3']) retrieved from /home/airflow/.local/lib/python3.8/site-packages/airflow/example_dags/example_branch_python_dop_operator_3.py
[2024-05-11T21:19:35.266+0000] {logging_mixin.py:154} INFO - [2024-05-11T21:19:35.266+0000] {dag.py:2941} INFO - Sync 1 DAGs
[2024-05-11T21:19:35.280+0000] {logging_mixin.py:154} INFO - [2024-05-11T21:19:35.280+0000] {dag.py:3722} INFO - Setting next_dagrun for example_branch_dop_operator_v3 to 2024-05-11T21:18:00+00:00, run_after=2024-05-11T21:19:00+00:00
[2024-05-11T21:19:35.290+0000] {processor.py:179} INFO - Processing /home/airflow/.local/lib/python3.8/site-packages/airflow/example_dags/example_branch_python_dop_operator_3.py took 0.052 seconds
[2024-05-11T21:20:05.718+0000] {processor.py:157} INFO - Started process (PID=448) to work on /home/airflow/.local/lib/python3.8/site-packages/airflow/example_dags/example_branch_python_dop_operator_3.py
[2024-05-11T21:20:05.720+0000] {processor.py:829} INFO - Processing file /home/airflow/.local/lib/python3.8/site-packages/airflow/example_dags/example_branch_python_dop_operator_3.py for tasks to queue
[2024-05-11T21:20:05.722+0000] {logging_mixin.py:154} INFO - [2024-05-11T21:20:05.722+0000] {dagbag.py:536} INFO - Filling up the DagBag from /home/airflow/.local/lib/python3.8/site-packages/airflow/example_dags/example_branch_python_dop_operator_3.py
[2024-05-11T21:20:05.729+0000] {processor.py:839} INFO - DAG(s) dict_keys(['example_branch_dop_operator_v3']) retrieved from /home/airflow/.local/lib/python3.8/site-packages/airflow/example_dags/example_branch_python_dop_operator_3.py
[2024-05-11T21:20:05.745+0000] {logging_mixin.py:154} INFO - [2024-05-11T21:20:05.745+0000] {dag.py:2941} INFO - Sync 1 DAGs
[2024-05-11T21:20:05.760+0000] {logging_mixin.py:154} INFO - [2024-05-11T21:20:05.760+0000] {dag.py:3722} INFO - Setting next_dagrun for example_branch_dop_operator_v3 to 2024-05-11T21:19:00+00:00, run_after=2024-05-11T21:20:00+00:00
[2024-05-11T21:20:05.770+0000] {processor.py:179} INFO - Processing /home/airflow/.local/lib/python3.8/site-packages/airflow/example_dags/example_branch_python_dop_operator_3.py took 0.055 seconds
[2024-05-11T21:20:35.887+0000] {processor.py:157} INFO - Started process (PID=503) to work on /home/airflow/.local/lib/python3.8/site-packages/airflow/example_dags/example_branch_python_dop_operator_3.py
[2024-05-11T21:20:35.888+0000] {processor.py:829} INFO - Processing file /home/airflow/.local/lib/python3.8/site-packages/airflow/example_dags/example_branch_python_dop_operator_3.py for tasks to queue
[2024-05-11T21:20:35.890+0000] {logging_mixin.py:154} INFO - [2024-05-11T21:20:35.890+0000] {dagbag.py:536} INFO - Filling up the DagBag from /home/airflow/.local/lib/python3.8/site-packages/airflow/example_dags/example_branch_python_dop_operator_3.py
[2024-05-11T21:20:35.897+0000] {processor.py:839} INFO - DAG(s) dict_keys(['example_branch_dop_operator_v3']) retrieved from /home/airflow/.local/lib/python3.8/site-packages/airflow/example_dags/example_branch_python_dop_operator_3.py
[2024-05-11T21:20:35.916+0000] {logging_mixin.py:154} INFO - [2024-05-11T21:20:35.916+0000] {dag.py:2941} INFO - Sync 1 DAGs
[2024-05-11T21:20:35.933+0000] {logging_mixin.py:154} INFO - [2024-05-11T21:20:35.933+0000] {dag.py:3722} INFO - Setting next_dagrun for example_branch_dop_operator_v3 to 2024-05-11T21:19:00+00:00, run_after=2024-05-11T21:20:00+00:00
[2024-05-11T21:20:35.943+0000] {processor.py:179} INFO - Processing /home/airflow/.local/lib/python3.8/site-packages/airflow/example_dags/example_branch_python_dop_operator_3.py took 0.059 seconds
[2024-05-11T21:21:05.973+0000] {processor.py:157} INFO - Started process (PID=558) to work on /home/airflow/.local/lib/python3.8/site-packages/airflow/example_dags/example_branch_python_dop_operator_3.py
[2024-05-11T21:21:05.974+0000] {processor.py:829} INFO - Processing file /home/airflow/.local/lib/python3.8/site-packages/airflow/example_dags/example_branch_python_dop_operator_3.py for tasks to queue
[2024-05-11T21:21:05.976+0000] {logging_mixin.py:154} INFO - [2024-05-11T21:21:05.975+0000] {dagbag.py:536} INFO - Filling up the DagBag from /home/airflow/.local/lib/python3.8/site-packages/airflow/example_dags/example_branch_python_dop_operator_3.py
[2024-05-11T21:21:05.982+0000] {processor.py:839} INFO - DAG(s) dict_keys(['example_branch_dop_operator_v3']) retrieved from /home/airflow/.local/lib/python3.8/site-packages/airflow/example_dags/example_branch_python_dop_operator_3.py
[2024-05-11T21:21:05.997+0000] {logging_mixin.py:154} INFO - [2024-05-11T21:21:05.997+0000] {dag.py:2941} INFO - Sync 1 DAGs
[2024-05-11T21:21:06.012+0000] {logging_mixin.py:154} INFO - [2024-05-11T21:21:06.012+0000] {dag.py:3722} INFO - Setting next_dagrun for example_branch_dop_operator_v3 to 2024-05-11T21:20:00+00:00, run_after=2024-05-11T21:21:00+00:00
[2024-05-11T21:21:06.022+0000] {processor.py:179} INFO - Processing /home/airflow/.local/lib/python3.8/site-packages/airflow/example_dags/example_branch_python_dop_operator_3.py took 0.052 seconds
[2024-05-11T21:21:36.538+0000] {processor.py:157} INFO - Started process (PID=613) to work on /home/airflow/.local/lib/python3.8/site-packages/airflow/example_dags/example_branch_python_dop_operator_3.py
[2024-05-11T21:21:36.539+0000] {processor.py:829} INFO - Processing file /home/airflow/.local/lib/python3.8/site-packages/airflow/example_dags/example_branch_python_dop_operator_3.py for tasks to queue
[2024-05-11T21:21:36.541+0000] {logging_mixin.py:154} INFO - [2024-05-11T21:21:36.541+0000] {dagbag.py:536} INFO - Filling up the DagBag from /home/airflow/.local/lib/python3.8/site-packages/airflow/example_dags/example_branch_python_dop_operator_3.py
[2024-05-11T21:21:36.548+0000] {processor.py:839} INFO - DAG(s) dict_keys(['example_branch_dop_operator_v3']) retrieved from /home/airflow/.local/lib/python3.8/site-packages/airflow/example_dags/example_branch_python_dop_operator_3.py
[2024-05-11T21:21:36.565+0000] {logging_mixin.py:154} INFO - [2024-05-11T21:21:36.565+0000] {dag.py:2941} INFO - Sync 1 DAGs
[2024-05-11T21:21:36.582+0000] {logging_mixin.py:154} INFO - [2024-05-11T21:21:36.582+0000] {dag.py:3722} INFO - Setting next_dagrun for example_branch_dop_operator_v3 to 2024-05-11T21:20:00+00:00, run_after=2024-05-11T21:21:00+00:00
[2024-05-11T21:21:36.591+0000] {processor.py:179} INFO - Processing /home/airflow/.local/lib/python3.8/site-packages/airflow/example_dags/example_branch_python_dop_operator_3.py took 0.057 seconds
[2024-05-11T21:42:08.758+0000] {processor.py:157} INFO - Started process (PID=72) to work on /home/airflow/.local/lib/python3.8/site-packages/airflow/example_dags/example_branch_python_dop_operator_3.py
[2024-05-11T21:42:08.761+0000] {processor.py:829} INFO - Processing file /home/airflow/.local/lib/python3.8/site-packages/airflow/example_dags/example_branch_python_dop_operator_3.py for tasks to queue
[2024-05-11T21:42:08.765+0000] {logging_mixin.py:154} INFO - [2024-05-11T21:42:08.765+0000] {dagbag.py:536} INFO - Filling up the DagBag from /home/airflow/.local/lib/python3.8/site-packages/airflow/example_dags/example_branch_python_dop_operator_3.py
[2024-05-11T21:42:08.777+0000] {processor.py:839} INFO - DAG(s) dict_keys(['example_branch_dop_operator_v3']) retrieved from /home/airflow/.local/lib/python3.8/site-packages/airflow/example_dags/example_branch_python_dop_operator_3.py
[2024-05-11T21:42:08.885+0000] {logging_mixin.py:154} INFO - [2024-05-11T21:42:08.885+0000] {manager.py:499} INFO - Created Permission View: %s
[2024-05-11T21:42:08.903+0000] {logging_mixin.py:154} INFO - [2024-05-11T21:42:08.902+0000] {manager.py:499} INFO - Created Permission View: %s
[2024-05-11T21:42:08.915+0000] {logging_mixin.py:154} INFO - [2024-05-11T21:42:08.915+0000] {manager.py:499} INFO - Created Permission View: %s
[2024-05-11T21:42:08.916+0000] {logging_mixin.py:154} INFO - [2024-05-11T21:42:08.916+0000] {dag.py:2941} INFO - Sync 1 DAGs
[2024-05-11T21:42:08.927+0000] {logging_mixin.py:154} INFO - [2024-05-11T21:42:08.927+0000] {dag.py:2963} INFO - Creating ORM DAG for example_branch_dop_operator_v3
[2024-05-11T21:42:08.939+0000] {logging_mixin.py:154} INFO - [2024-05-11T21:42:08.939+0000] {dag.py:3722} INFO - Setting next_dagrun for example_branch_dop_operator_v3 to 2024-05-11T21:41:00+00:00, run_after=2024-05-11T21:42:00+00:00
[2024-05-11T21:42:08.956+0000] {processor.py:179} INFO - Processing /home/airflow/.local/lib/python3.8/site-packages/airflow/example_dags/example_branch_python_dop_operator_3.py took 0.203 seconds
[2024-05-11T21:42:39.778+0000] {processor.py:157} INFO - Started process (PID=127) to work on /home/airflow/.local/lib/python3.8/site-packages/airflow/example_dags/example_branch_python_dop_operator_3.py
[2024-05-11T21:42:39.781+0000] {processor.py:829} INFO - Processing file /home/airflow/.local/lib/python3.8/site-packages/airflow/example_dags/example_branch_python_dop_operator_3.py for tasks to queue
[2024-05-11T21:42:39.784+0000] {logging_mixin.py:154} INFO - [2024-05-11T21:42:39.783+0000] {dagbag.py:536} INFO - Filling up the DagBag from /home/airflow/.local/lib/python3.8/site-packages/airflow/example_dags/example_branch_python_dop_operator_3.py
[2024-05-11T21:42:39.791+0000] {processor.py:839} INFO - DAG(s) dict_keys(['example_branch_dop_operator_v3']) retrieved from /home/airflow/.local/lib/python3.8/site-packages/airflow/example_dags/example_branch_python_dop_operator_3.py
[2024-05-11T21:42:39.814+0000] {logging_mixin.py:154} INFO - [2024-05-11T21:42:39.814+0000] {dag.py:2941} INFO - Sync 1 DAGs
[2024-05-11T21:42:39.835+0000] {logging_mixin.py:154} INFO - [2024-05-11T21:42:39.835+0000] {dag.py:3722} INFO - Setting next_dagrun for example_branch_dop_operator_v3 to 2024-05-11T21:41:00+00:00, run_after=2024-05-11T21:42:00+00:00
[2024-05-11T21:42:39.848+0000] {processor.py:179} INFO - Processing /home/airflow/.local/lib/python3.8/site-packages/airflow/example_dags/example_branch_python_dop_operator_3.py took 0.073 seconds
[2024-05-11T21:43:09.994+0000] {processor.py:157} INFO - Started process (PID=182) to work on /home/airflow/.local/lib/python3.8/site-packages/airflow/example_dags/example_branch_python_dop_operator_3.py
[2024-05-11T21:43:09.996+0000] {processor.py:829} INFO - Processing file /home/airflow/.local/lib/python3.8/site-packages/airflow/example_dags/example_branch_python_dop_operator_3.py for tasks to queue
[2024-05-11T21:43:09.999+0000] {logging_mixin.py:154} INFO - [2024-05-11T21:43:09.998+0000] {dagbag.py:536} INFO - Filling up the DagBag from /home/airflow/.local/lib/python3.8/site-packages/airflow/example_dags/example_branch_python_dop_operator_3.py
[2024-05-11T21:43:10.005+0000] {processor.py:839} INFO - DAG(s) dict_keys(['example_branch_dop_operator_v3']) retrieved from /home/airflow/.local/lib/python3.8/site-packages/airflow/example_dags/example_branch_python_dop_operator_3.py
[2024-05-11T21:43:10.027+0000] {logging_mixin.py:154} INFO - [2024-05-11T21:43:10.027+0000] {dag.py:2941} INFO - Sync 1 DAGs
[2024-05-11T21:43:10.045+0000] {logging_mixin.py:154} INFO - [2024-05-11T21:43:10.045+0000] {dag.py:3722} INFO - Setting next_dagrun for example_branch_dop_operator_v3 to 2024-05-11T21:42:00+00:00, run_after=2024-05-11T21:43:00+00:00
[2024-05-11T21:43:10.061+0000] {processor.py:179} INFO - Processing /home/airflow/.local/lib/python3.8/site-packages/airflow/example_dags/example_branch_python_dop_operator_3.py took 0.071 seconds
[2024-05-11T21:43:40.664+0000] {processor.py:157} INFO - Started process (PID=237) to work on /home/airflow/.local/lib/python3.8/site-packages/airflow/example_dags/example_branch_python_dop_operator_3.py
[2024-05-11T21:43:40.666+0000] {processor.py:829} INFO - Processing file /home/airflow/.local/lib/python3.8/site-packages/airflow/example_dags/example_branch_python_dop_operator_3.py for tasks to queue
[2024-05-11T21:43:40.669+0000] {logging_mixin.py:154} INFO - [2024-05-11T21:43:40.668+0000] {dagbag.py:536} INFO - Filling up the DagBag from /home/airflow/.local/lib/python3.8/site-packages/airflow/example_dags/example_branch_python_dop_operator_3.py
[2024-05-11T21:43:40.677+0000] {processor.py:839} INFO - DAG(s) dict_keys(['example_branch_dop_operator_v3']) retrieved from /home/airflow/.local/lib/python3.8/site-packages/airflow/example_dags/example_branch_python_dop_operator_3.py
[2024-05-11T21:43:40.699+0000] {logging_mixin.py:154} INFO - [2024-05-11T21:43:40.699+0000] {dag.py:2941} INFO - Sync 1 DAGs
[2024-05-11T21:43:40.718+0000] {logging_mixin.py:154} INFO - [2024-05-11T21:43:40.718+0000] {dag.py:3722} INFO - Setting next_dagrun for example_branch_dop_operator_v3 to 2024-05-11T21:42:00+00:00, run_after=2024-05-11T21:43:00+00:00
[2024-05-11T21:43:40.730+0000] {processor.py:179} INFO - Processing /home/airflow/.local/lib/python3.8/site-packages/airflow/example_dags/example_branch_python_dop_operator_3.py took 0.070 seconds
[2024-05-11T21:44:11.317+0000] {processor.py:157} INFO - Started process (PID=292) to work on /home/airflow/.local/lib/python3.8/site-packages/airflow/example_dags/example_branch_python_dop_operator_3.py
[2024-05-11T21:44:11.318+0000] {processor.py:829} INFO - Processing file /home/airflow/.local/lib/python3.8/site-packages/airflow/example_dags/example_branch_python_dop_operator_3.py for tasks to queue
[2024-05-11T21:44:11.322+0000] {logging_mixin.py:154} INFO - [2024-05-11T21:44:11.321+0000] {dagbag.py:536} INFO - Filling up the DagBag from /home/airflow/.local/lib/python3.8/site-packages/airflow/example_dags/example_branch_python_dop_operator_3.py
[2024-05-11T21:44:11.330+0000] {processor.py:839} INFO - DAG(s) dict_keys(['example_branch_dop_operator_v3']) retrieved from /home/airflow/.local/lib/python3.8/site-packages/airflow/example_dags/example_branch_python_dop_operator_3.py
[2024-05-11T21:44:11.355+0000] {logging_mixin.py:154} INFO - [2024-05-11T21:44:11.355+0000] {dag.py:2941} INFO - Sync 1 DAGs
[2024-05-11T21:44:11.375+0000] {logging_mixin.py:154} INFO - [2024-05-11T21:44:11.375+0000] {dag.py:3722} INFO - Setting next_dagrun for example_branch_dop_operator_v3 to 2024-05-11T21:43:00+00:00, run_after=2024-05-11T21:44:00+00:00
[2024-05-11T21:44:11.389+0000] {processor.py:179} INFO - Processing /home/airflow/.local/lib/python3.8/site-packages/airflow/example_dags/example_branch_python_dop_operator_3.py took 0.076 seconds
[2024-05-11T21:44:41.777+0000] {processor.py:157} INFO - Started process (PID=347) to work on /home/airflow/.local/lib/python3.8/site-packages/airflow/example_dags/example_branch_python_dop_operator_3.py
[2024-05-11T21:44:41.778+0000] {processor.py:829} INFO - Processing file /home/airflow/.local/lib/python3.8/site-packages/airflow/example_dags/example_branch_python_dop_operator_3.py for tasks to queue
[2024-05-11T21:44:41.780+0000] {logging_mixin.py:154} INFO - [2024-05-11T21:44:41.780+0000] {dagbag.py:536} INFO - Filling up the DagBag from /home/airflow/.local/lib/python3.8/site-packages/airflow/example_dags/example_branch_python_dop_operator_3.py
[2024-05-11T21:44:41.787+0000] {processor.py:839} INFO - DAG(s) dict_keys(['example_branch_dop_operator_v3']) retrieved from /home/airflow/.local/lib/python3.8/site-packages/airflow/example_dags/example_branch_python_dop_operator_3.py
[2024-05-11T21:44:41.807+0000] {logging_mixin.py:154} INFO - [2024-05-11T21:44:41.807+0000] {dag.py:2941} INFO - Sync 1 DAGs
[2024-05-11T21:44:41.829+0000] {logging_mixin.py:154} INFO - [2024-05-11T21:44:41.829+0000] {dag.py:3722} INFO - Setting next_dagrun for example_branch_dop_operator_v3 to 2024-05-11T21:43:00+00:00, run_after=2024-05-11T21:44:00+00:00
[2024-05-11T21:44:41.842+0000] {processor.py:179} INFO - Processing /home/airflow/.local/lib/python3.8/site-packages/airflow/example_dags/example_branch_python_dop_operator_3.py took 0.068 seconds
[2024-05-11T21:45:12.439+0000] {processor.py:157} INFO - Started process (PID=402) to work on /home/airflow/.local/lib/python3.8/site-packages/airflow/example_dags/example_branch_python_dop_operator_3.py
[2024-05-11T21:45:12.441+0000] {processor.py:829} INFO - Processing file /home/airflow/.local/lib/python3.8/site-packages/airflow/example_dags/example_branch_python_dop_operator_3.py for tasks to queue
[2024-05-11T21:45:12.445+0000] {logging_mixin.py:154} INFO - [2024-05-11T21:45:12.444+0000] {dagbag.py:536} INFO - Filling up the DagBag from /home/airflow/.local/lib/python3.8/site-packages/airflow/example_dags/example_branch_python_dop_operator_3.py
[2024-05-11T21:45:12.454+0000] {processor.py:839} INFO - DAG(s) dict_keys(['example_branch_dop_operator_v3']) retrieved from /home/airflow/.local/lib/python3.8/site-packages/airflow/example_dags/example_branch_python_dop_operator_3.py
[2024-05-11T21:45:12.476+0000] {logging_mixin.py:154} INFO - [2024-05-11T21:45:12.476+0000] {dag.py:2941} INFO - Sync 1 DAGs
[2024-05-11T21:45:12.494+0000] {logging_mixin.py:154} INFO - [2024-05-11T21:45:12.494+0000] {dag.py:3722} INFO - Setting next_dagrun for example_branch_dop_operator_v3 to 2024-05-11T21:44:00+00:00, run_after=2024-05-11T21:45:00+00:00
[2024-05-11T21:45:12.509+0000] {processor.py:179} INFO - Processing /home/airflow/.local/lib/python3.8/site-packages/airflow/example_dags/example_branch_python_dop_operator_3.py took 0.073 seconds
[2024-05-11T21:45:43.103+0000] {processor.py:157} INFO - Started process (PID=458) to work on /home/airflow/.local/lib/python3.8/site-packages/airflow/example_dags/example_branch_python_dop_operator_3.py
[2024-05-11T21:45:43.105+0000] {processor.py:829} INFO - Processing file /home/airflow/.local/lib/python3.8/site-packages/airflow/example_dags/example_branch_python_dop_operator_3.py for tasks to queue
[2024-05-11T21:45:43.108+0000] {logging_mixin.py:154} INFO - [2024-05-11T21:45:43.108+0000] {dagbag.py:536} INFO - Filling up the DagBag from /home/airflow/.local/lib/python3.8/site-packages/airflow/example_dags/example_branch_python_dop_operator_3.py
[2024-05-11T21:45:43.117+0000] {processor.py:839} INFO - DAG(s) dict_keys(['example_branch_dop_operator_v3']) retrieved from /home/airflow/.local/lib/python3.8/site-packages/airflow/example_dags/example_branch_python_dop_operator_3.py
[2024-05-11T21:45:43.137+0000] {logging_mixin.py:154} INFO - [2024-05-11T21:45:43.137+0000] {dag.py:2941} INFO - Sync 1 DAGs
[2024-05-11T21:45:43.159+0000] {logging_mixin.py:154} INFO - [2024-05-11T21:45:43.159+0000] {dag.py:3722} INFO - Setting next_dagrun for example_branch_dop_operator_v3 to 2024-05-11T21:44:00+00:00, run_after=2024-05-11T21:45:00+00:00
[2024-05-11T21:45:43.201+0000] {processor.py:179} INFO - Processing /home/airflow/.local/lib/python3.8/site-packages/airflow/example_dags/example_branch_python_dop_operator_3.py took 0.102 seconds
[2024-05-11T21:46:13.828+0000] {processor.py:157} INFO - Started process (PID=513) to work on /home/airflow/.local/lib/python3.8/site-packages/airflow/example_dags/example_branch_python_dop_operator_3.py
[2024-05-11T21:46:13.847+0000] {processor.py:829} INFO - Processing file /home/airflow/.local/lib/python3.8/site-packages/airflow/example_dags/example_branch_python_dop_operator_3.py for tasks to queue
[2024-05-11T21:46:13.857+0000] {logging_mixin.py:154} INFO - [2024-05-11T21:46:13.856+0000] {dagbag.py:536} INFO - Filling up the DagBag from /home/airflow/.local/lib/python3.8/site-packages/airflow/example_dags/example_branch_python_dop_operator_3.py
[2024-05-11T21:46:13.875+0000] {processor.py:839} INFO - DAG(s) dict_keys(['example_branch_dop_operator_v3']) retrieved from /home/airflow/.local/lib/python3.8/site-packages/airflow/example_dags/example_branch_python_dop_operator_3.py
[2024-05-11T21:46:13.903+0000] {logging_mixin.py:154} INFO - [2024-05-11T21:46:13.903+0000] {dag.py:2941} INFO - Sync 1 DAGs
[2024-05-11T21:46:13.927+0000] {logging_mixin.py:154} INFO - [2024-05-11T21:46:13.927+0000] {dag.py:3722} INFO - Setting next_dagrun for example_branch_dop_operator_v3 to 2024-05-11T21:45:00+00:00, run_after=2024-05-11T21:46:00+00:00
[2024-05-11T21:46:13.948+0000] {processor.py:179} INFO - Processing /home/airflow/.local/lib/python3.8/site-packages/airflow/example_dags/example_branch_python_dop_operator_3.py took 0.124 seconds
[2024-05-11T21:46:44.397+0000] {processor.py:157} INFO - Started process (PID=568) to work on /home/airflow/.local/lib/python3.8/site-packages/airflow/example_dags/example_branch_python_dop_operator_3.py
[2024-05-11T21:46:44.398+0000] {processor.py:829} INFO - Processing file /home/airflow/.local/lib/python3.8/site-packages/airflow/example_dags/example_branch_python_dop_operator_3.py for tasks to queue
[2024-05-11T21:46:44.401+0000] {logging_mixin.py:154} INFO - [2024-05-11T21:46:44.401+0000] {dagbag.py:536} INFO - Filling up the DagBag from /home/airflow/.local/lib/python3.8/site-packages/airflow/example_dags/example_branch_python_dop_operator_3.py
[2024-05-11T21:46:44.408+0000] {processor.py:839} INFO - DAG(s) dict_keys(['example_branch_dop_operator_v3']) retrieved from /home/airflow/.local/lib/python3.8/site-packages/airflow/example_dags/example_branch_python_dop_operator_3.py
[2024-05-11T21:46:44.429+0000] {logging_mixin.py:154} INFO - [2024-05-11T21:46:44.429+0000] {dag.py:2941} INFO - Sync 1 DAGs
[2024-05-11T21:46:44.449+0000] {logging_mixin.py:154} INFO - [2024-05-11T21:46:44.449+0000] {dag.py:3722} INFO - Setting next_dagrun for example_branch_dop_operator_v3 to 2024-05-11T21:45:00+00:00, run_after=2024-05-11T21:46:00+00:00
[2024-05-11T21:46:44.465+0000] {processor.py:179} INFO - Processing /home/airflow/.local/lib/python3.8/site-packages/airflow/example_dags/example_branch_python_dop_operator_3.py took 0.072 seconds
