[2024-05-11T21:03:18.127+0000] {processor.py:157} INFO - Started process (PID=40) to work on /home/airflow/.local/lib/python3.8/site-packages/airflow/example_dags/example_sensor_decorator.py
[2024-05-11T21:03:18.129+0000] {processor.py:829} INFO - Processing file /home/airflow/.local/lib/python3.8/site-packages/airflow/example_dags/example_sensor_decorator.py for tasks to queue
[2024-05-11T21:03:18.132+0000] {logging_mixin.py:154} INFO - [2024-05-11T21:03:18.131+0000] {dagbag.py:536} INFO - Filling up the DagBag from /home/airflow/.local/lib/python3.8/site-packages/airflow/example_dags/example_sensor_decorator.py
[2024-05-11T21:03:18.140+0000] {processor.py:839} INFO - DAG(s) dict_keys(['example_sensor_decorator']) retrieved from /home/airflow/.local/lib/python3.8/site-packages/airflow/example_dags/example_sensor_decorator.py
[2024-05-11T21:03:18.226+0000] {logging_mixin.py:154} INFO - [2024-05-11T21:03:18.226+0000] {manager.py:499} INFO - Created Permission View: %s
[2024-05-11T21:03:18.242+0000] {logging_mixin.py:154} INFO - [2024-05-11T21:03:18.241+0000] {manager.py:499} INFO - Created Permission View: %s
[2024-05-11T21:03:18.255+0000] {logging_mixin.py:154} INFO - [2024-05-11T21:03:18.255+0000] {manager.py:499} INFO - Created Permission View: %s
[2024-05-11T21:03:18.256+0000] {logging_mixin.py:154} INFO - [2024-05-11T21:03:18.256+0000] {dag.py:2941} INFO - Sync 1 DAGs
[2024-05-11T21:03:18.268+0000] {logging_mixin.py:154} INFO - [2024-05-11T21:03:18.268+0000] {dag.py:2963} INFO - Creating ORM DAG for example_sensor_decorator
[2024-05-11T21:03:18.270+0000] {logging_mixin.py:154} INFO - [2024-05-11T21:03:18.270+0000] {dag.py:3722} INFO - Setting next_dagrun for example_sensor_decorator to None, run_after=None
[2024-05-11T21:03:18.299+0000] {processor.py:179} INFO - Processing /home/airflow/.local/lib/python3.8/site-packages/airflow/example_dags/example_sensor_decorator.py took 0.177 seconds
[2024-05-11T21:03:48.805+0000] {processor.py:157} INFO - Started process (PID=95) to work on /home/airflow/.local/lib/python3.8/site-packages/airflow/example_dags/example_sensor_decorator.py
[2024-05-11T21:03:48.807+0000] {processor.py:829} INFO - Processing file /home/airflow/.local/lib/python3.8/site-packages/airflow/example_dags/example_sensor_decorator.py for tasks to queue
[2024-05-11T21:03:48.809+0000] {logging_mixin.py:154} INFO - [2024-05-11T21:03:48.809+0000] {dagbag.py:536} INFO - Filling up the DagBag from /home/airflow/.local/lib/python3.8/site-packages/airflow/example_dags/example_sensor_decorator.py
[2024-05-11T21:03:48.814+0000] {processor.py:839} INFO - DAG(s) dict_keys(['example_sensor_decorator']) retrieved from /home/airflow/.local/lib/python3.8/site-packages/airflow/example_dags/example_sensor_decorator.py
[2024-05-11T21:03:48.830+0000] {logging_mixin.py:154} INFO - [2024-05-11T21:03:48.830+0000] {dag.py:2941} INFO - Sync 1 DAGs
[2024-05-11T21:03:48.839+0000] {logging_mixin.py:154} INFO - [2024-05-11T21:03:48.839+0000] {dag.py:3722} INFO - Setting next_dagrun for example_sensor_decorator to None, run_after=None
[2024-05-11T21:03:48.850+0000] {processor.py:179} INFO - Processing /home/airflow/.local/lib/python3.8/site-packages/airflow/example_dags/example_sensor_decorator.py took 0.047 seconds
[2024-05-11T21:04:19.194+0000] {processor.py:157} INFO - Started process (PID=149) to work on /home/airflow/.local/lib/python3.8/site-packages/airflow/example_dags/example_sensor_decorator.py
[2024-05-11T21:04:19.195+0000] {processor.py:829} INFO - Processing file /home/airflow/.local/lib/python3.8/site-packages/airflow/example_dags/example_sensor_decorator.py for tasks to queue
[2024-05-11T21:04:19.197+0000] {logging_mixin.py:154} INFO - [2024-05-11T21:04:19.197+0000] {dagbag.py:536} INFO - Filling up the DagBag from /home/airflow/.local/lib/python3.8/site-packages/airflow/example_dags/example_sensor_decorator.py
[2024-05-11T21:04:19.203+0000] {processor.py:839} INFO - DAG(s) dict_keys(['example_sensor_decorator']) retrieved from /home/airflow/.local/lib/python3.8/site-packages/airflow/example_dags/example_sensor_decorator.py
[2024-05-11T21:04:19.218+0000] {logging_mixin.py:154} INFO - [2024-05-11T21:04:19.218+0000] {dag.py:2941} INFO - Sync 1 DAGs
[2024-05-11T21:04:19.226+0000] {logging_mixin.py:154} INFO - [2024-05-11T21:04:19.226+0000] {dag.py:3722} INFO - Setting next_dagrun for example_sensor_decorator to None, run_after=None
[2024-05-11T21:04:19.236+0000] {processor.py:179} INFO - Processing /home/airflow/.local/lib/python3.8/site-packages/airflow/example_dags/example_sensor_decorator.py took 0.046 seconds
[2024-05-11T21:04:49.466+0000] {processor.py:157} INFO - Started process (PID=204) to work on /home/airflow/.local/lib/python3.8/site-packages/airflow/example_dags/example_sensor_decorator.py
[2024-05-11T21:04:49.467+0000] {processor.py:829} INFO - Processing file /home/airflow/.local/lib/python3.8/site-packages/airflow/example_dags/example_sensor_decorator.py for tasks to queue
[2024-05-11T21:04:49.470+0000] {logging_mixin.py:154} INFO - [2024-05-11T21:04:49.470+0000] {dagbag.py:536} INFO - Filling up the DagBag from /home/airflow/.local/lib/python3.8/site-packages/airflow/example_dags/example_sensor_decorator.py
[2024-05-11T21:04:49.476+0000] {processor.py:839} INFO - DAG(s) dict_keys(['example_sensor_decorator']) retrieved from /home/airflow/.local/lib/python3.8/site-packages/airflow/example_dags/example_sensor_decorator.py
[2024-05-11T21:04:49.494+0000] {logging_mixin.py:154} INFO - [2024-05-11T21:04:49.494+0000] {dag.py:2941} INFO - Sync 1 DAGs
[2024-05-11T21:04:49.503+0000] {logging_mixin.py:154} INFO - [2024-05-11T21:04:49.503+0000] {dag.py:3722} INFO - Setting next_dagrun for example_sensor_decorator to None, run_after=None
[2024-05-11T21:04:49.514+0000] {processor.py:179} INFO - Processing /home/airflow/.local/lib/python3.8/site-packages/airflow/example_dags/example_sensor_decorator.py took 0.051 seconds
[2024-05-11T21:05:41.914+0000] {processor.py:157} INFO - Started process (PID=41) to work on /home/airflow/.local/lib/python3.8/site-packages/airflow/example_dags/example_sensor_decorator.py
[2024-05-11T21:05:41.921+0000] {processor.py:829} INFO - Processing file /home/airflow/.local/lib/python3.8/site-packages/airflow/example_dags/example_sensor_decorator.py for tasks to queue
[2024-05-11T21:05:41.924+0000] {logging_mixin.py:154} INFO - [2024-05-11T21:05:41.923+0000] {dagbag.py:536} INFO - Filling up the DagBag from /home/airflow/.local/lib/python3.8/site-packages/airflow/example_dags/example_sensor_decorator.py
[2024-05-11T21:05:41.930+0000] {processor.py:839} INFO - DAG(s) dict_keys(['example_sensor_decorator']) retrieved from /home/airflow/.local/lib/python3.8/site-packages/airflow/example_dags/example_sensor_decorator.py
[2024-05-11T21:05:41.945+0000] {logging_mixin.py:154} INFO - [2024-05-11T21:05:41.945+0000] {dag.py:2941} INFO - Sync 1 DAGs
[2024-05-11T21:05:41.965+0000] {logging_mixin.py:154} INFO - [2024-05-11T21:05:41.965+0000] {dag.py:3722} INFO - Setting next_dagrun for example_sensor_decorator to None, run_after=None
[2024-05-11T21:05:41.998+0000] {processor.py:179} INFO - Processing /home/airflow/.local/lib/python3.8/site-packages/airflow/example_dags/example_sensor_decorator.py took 0.088 seconds
[2024-05-11T21:06:12.338+0000] {processor.py:157} INFO - Started process (PID=96) to work on /home/airflow/.local/lib/python3.8/site-packages/airflow/example_dags/example_sensor_decorator.py
[2024-05-11T21:06:12.340+0000] {processor.py:829} INFO - Processing file /home/airflow/.local/lib/python3.8/site-packages/airflow/example_dags/example_sensor_decorator.py for tasks to queue
[2024-05-11T21:06:12.342+0000] {logging_mixin.py:154} INFO - [2024-05-11T21:06:12.341+0000] {dagbag.py:536} INFO - Filling up the DagBag from /home/airflow/.local/lib/python3.8/site-packages/airflow/example_dags/example_sensor_decorator.py
[2024-05-11T21:06:12.347+0000] {processor.py:839} INFO - DAG(s) dict_keys(['example_sensor_decorator']) retrieved from /home/airflow/.local/lib/python3.8/site-packages/airflow/example_dags/example_sensor_decorator.py
[2024-05-11T21:06:12.364+0000] {logging_mixin.py:154} INFO - [2024-05-11T21:06:12.364+0000] {dag.py:2941} INFO - Sync 1 DAGs
[2024-05-11T21:06:12.373+0000] {logging_mixin.py:154} INFO - [2024-05-11T21:06:12.373+0000] {dag.py:3722} INFO - Setting next_dagrun for example_sensor_decorator to None, run_after=None
[2024-05-11T21:06:12.383+0000] {processor.py:179} INFO - Processing /home/airflow/.local/lib/python3.8/site-packages/airflow/example_dags/example_sensor_decorator.py took 0.047 seconds
[2024-05-11T21:06:42.661+0000] {processor.py:157} INFO - Started process (PID=151) to work on /home/airflow/.local/lib/python3.8/site-packages/airflow/example_dags/example_sensor_decorator.py
[2024-05-11T21:06:42.662+0000] {processor.py:829} INFO - Processing file /home/airflow/.local/lib/python3.8/site-packages/airflow/example_dags/example_sensor_decorator.py for tasks to queue
[2024-05-11T21:06:42.664+0000] {logging_mixin.py:154} INFO - [2024-05-11T21:06:42.664+0000] {dagbag.py:536} INFO - Filling up the DagBag from /home/airflow/.local/lib/python3.8/site-packages/airflow/example_dags/example_sensor_decorator.py
[2024-05-11T21:06:42.670+0000] {processor.py:839} INFO - DAG(s) dict_keys(['example_sensor_decorator']) retrieved from /home/airflow/.local/lib/python3.8/site-packages/airflow/example_dags/example_sensor_decorator.py
[2024-05-11T21:06:42.686+0000] {logging_mixin.py:154} INFO - [2024-05-11T21:06:42.686+0000] {dag.py:2941} INFO - Sync 1 DAGs
[2024-05-11T21:06:42.696+0000] {logging_mixin.py:154} INFO - [2024-05-11T21:06:42.696+0000] {dag.py:3722} INFO - Setting next_dagrun for example_sensor_decorator to None, run_after=None
[2024-05-11T21:06:42.710+0000] {processor.py:179} INFO - Processing /home/airflow/.local/lib/python3.8/site-packages/airflow/example_dags/example_sensor_decorator.py took 0.052 seconds
[2024-05-11T21:07:12.995+0000] {processor.py:157} INFO - Started process (PID=206) to work on /home/airflow/.local/lib/python3.8/site-packages/airflow/example_dags/example_sensor_decorator.py
[2024-05-11T21:07:13.002+0000] {processor.py:829} INFO - Processing file /home/airflow/.local/lib/python3.8/site-packages/airflow/example_dags/example_sensor_decorator.py for tasks to queue
[2024-05-11T21:07:13.005+0000] {logging_mixin.py:154} INFO - [2024-05-11T21:07:13.005+0000] {dagbag.py:536} INFO - Filling up the DagBag from /home/airflow/.local/lib/python3.8/site-packages/airflow/example_dags/example_sensor_decorator.py
[2024-05-11T21:07:13.011+0000] {processor.py:839} INFO - DAG(s) dict_keys(['example_sensor_decorator']) retrieved from /home/airflow/.local/lib/python3.8/site-packages/airflow/example_dags/example_sensor_decorator.py
[2024-05-11T21:07:13.030+0000] {logging_mixin.py:154} INFO - [2024-05-11T21:07:13.030+0000] {dag.py:2941} INFO - Sync 1 DAGs
[2024-05-11T21:07:13.039+0000] {logging_mixin.py:154} INFO - [2024-05-11T21:07:13.039+0000] {dag.py:3722} INFO - Setting next_dagrun for example_sensor_decorator to None, run_after=None
[2024-05-11T21:07:13.049+0000] {processor.py:179} INFO - Processing /home/airflow/.local/lib/python3.8/site-packages/airflow/example_dags/example_sensor_decorator.py took 0.058 seconds
[2024-05-11T21:07:43.183+0000] {processor.py:157} INFO - Started process (PID=265) to work on /home/airflow/.local/lib/python3.8/site-packages/airflow/example_dags/example_sensor_decorator.py
[2024-05-11T21:07:43.185+0000] {processor.py:829} INFO - Processing file /home/airflow/.local/lib/python3.8/site-packages/airflow/example_dags/example_sensor_decorator.py for tasks to queue
[2024-05-11T21:07:43.187+0000] {logging_mixin.py:154} INFO - [2024-05-11T21:07:43.186+0000] {dagbag.py:536} INFO - Filling up the DagBag from /home/airflow/.local/lib/python3.8/site-packages/airflow/example_dags/example_sensor_decorator.py
[2024-05-11T21:07:43.191+0000] {processor.py:839} INFO - DAG(s) dict_keys(['example_sensor_decorator']) retrieved from /home/airflow/.local/lib/python3.8/site-packages/airflow/example_dags/example_sensor_decorator.py
[2024-05-11T21:07:43.208+0000] {logging_mixin.py:154} INFO - [2024-05-11T21:07:43.208+0000] {dag.py:2941} INFO - Sync 1 DAGs
[2024-05-11T21:07:43.216+0000] {logging_mixin.py:154} INFO - [2024-05-11T21:07:43.216+0000] {dag.py:3722} INFO - Setting next_dagrun for example_sensor_decorator to None, run_after=None
[2024-05-11T21:07:43.226+0000] {processor.py:179} INFO - Processing /home/airflow/.local/lib/python3.8/site-packages/airflow/example_dags/example_sensor_decorator.py took 0.046 seconds
[2024-05-11T21:08:13.498+0000] {processor.py:157} INFO - Started process (PID=320) to work on /home/airflow/.local/lib/python3.8/site-packages/airflow/example_dags/example_sensor_decorator.py
[2024-05-11T21:08:13.499+0000] {processor.py:829} INFO - Processing file /home/airflow/.local/lib/python3.8/site-packages/airflow/example_dags/example_sensor_decorator.py for tasks to queue
[2024-05-11T21:08:13.502+0000] {logging_mixin.py:154} INFO - [2024-05-11T21:08:13.501+0000] {dagbag.py:536} INFO - Filling up the DagBag from /home/airflow/.local/lib/python3.8/site-packages/airflow/example_dags/example_sensor_decorator.py
[2024-05-11T21:08:13.507+0000] {processor.py:839} INFO - DAG(s) dict_keys(['example_sensor_decorator']) retrieved from /home/airflow/.local/lib/python3.8/site-packages/airflow/example_dags/example_sensor_decorator.py
[2024-05-11T21:08:13.529+0000] {logging_mixin.py:154} INFO - [2024-05-11T21:08:13.528+0000] {dag.py:2941} INFO - Sync 1 DAGs
[2024-05-11T21:08:13.539+0000] {logging_mixin.py:154} INFO - [2024-05-11T21:08:13.539+0000] {dag.py:3722} INFO - Setting next_dagrun for example_sensor_decorator to None, run_after=None
[2024-05-11T21:08:13.550+0000] {processor.py:179} INFO - Processing /home/airflow/.local/lib/python3.8/site-packages/airflow/example_dags/example_sensor_decorator.py took 0.055 seconds
[2024-05-11T21:08:43.749+0000] {processor.py:157} INFO - Started process (PID=375) to work on /home/airflow/.local/lib/python3.8/site-packages/airflow/example_dags/example_sensor_decorator.py
[2024-05-11T21:08:43.750+0000] {processor.py:829} INFO - Processing file /home/airflow/.local/lib/python3.8/site-packages/airflow/example_dags/example_sensor_decorator.py for tasks to queue
[2024-05-11T21:08:43.754+0000] {logging_mixin.py:154} INFO - [2024-05-11T21:08:43.753+0000] {dagbag.py:536} INFO - Filling up the DagBag from /home/airflow/.local/lib/python3.8/site-packages/airflow/example_dags/example_sensor_decorator.py
[2024-05-11T21:08:43.760+0000] {processor.py:839} INFO - DAG(s) dict_keys(['example_sensor_decorator']) retrieved from /home/airflow/.local/lib/python3.8/site-packages/airflow/example_dags/example_sensor_decorator.py
[2024-05-11T21:08:43.779+0000] {logging_mixin.py:154} INFO - [2024-05-11T21:08:43.779+0000] {dag.py:2941} INFO - Sync 1 DAGs
[2024-05-11T21:08:43.788+0000] {logging_mixin.py:154} INFO - [2024-05-11T21:08:43.787+0000] {dag.py:3722} INFO - Setting next_dagrun for example_sensor_decorator to None, run_after=None
[2024-05-11T21:08:43.801+0000] {processor.py:179} INFO - Processing /home/airflow/.local/lib/python3.8/site-packages/airflow/example_dags/example_sensor_decorator.py took 0.056 seconds
[2024-05-11T21:09:14.058+0000] {processor.py:157} INFO - Started process (PID=429) to work on /home/airflow/.local/lib/python3.8/site-packages/airflow/example_dags/example_sensor_decorator.py
[2024-05-11T21:09:14.059+0000] {processor.py:829} INFO - Processing file /home/airflow/.local/lib/python3.8/site-packages/airflow/example_dags/example_sensor_decorator.py for tasks to queue
[2024-05-11T21:09:14.061+0000] {logging_mixin.py:154} INFO - [2024-05-11T21:09:14.061+0000] {dagbag.py:536} INFO - Filling up the DagBag from /home/airflow/.local/lib/python3.8/site-packages/airflow/example_dags/example_sensor_decorator.py
[2024-05-11T21:09:14.066+0000] {processor.py:839} INFO - DAG(s) dict_keys(['example_sensor_decorator']) retrieved from /home/airflow/.local/lib/python3.8/site-packages/airflow/example_dags/example_sensor_decorator.py
[2024-05-11T21:09:14.082+0000] {logging_mixin.py:154} INFO - [2024-05-11T21:09:14.082+0000] {dag.py:2941} INFO - Sync 1 DAGs
[2024-05-11T21:09:14.090+0000] {logging_mixin.py:154} INFO - [2024-05-11T21:09:14.090+0000] {dag.py:3722} INFO - Setting next_dagrun for example_sensor_decorator to None, run_after=None
[2024-05-11T21:09:14.101+0000] {processor.py:179} INFO - Processing /home/airflow/.local/lib/python3.8/site-packages/airflow/example_dags/example_sensor_decorator.py took 0.046 seconds
[2024-05-11T21:09:44.440+0000] {processor.py:157} INFO - Started process (PID=484) to work on /home/airflow/.local/lib/python3.8/site-packages/airflow/example_dags/example_sensor_decorator.py
[2024-05-11T21:09:44.441+0000] {processor.py:829} INFO - Processing file /home/airflow/.local/lib/python3.8/site-packages/airflow/example_dags/example_sensor_decorator.py for tasks to queue
[2024-05-11T21:09:44.444+0000] {logging_mixin.py:154} INFO - [2024-05-11T21:09:44.443+0000] {dagbag.py:536} INFO - Filling up the DagBag from /home/airflow/.local/lib/python3.8/site-packages/airflow/example_dags/example_sensor_decorator.py
[2024-05-11T21:09:44.449+0000] {processor.py:839} INFO - DAG(s) dict_keys(['example_sensor_decorator']) retrieved from /home/airflow/.local/lib/python3.8/site-packages/airflow/example_dags/example_sensor_decorator.py
[2024-05-11T21:09:44.471+0000] {logging_mixin.py:154} INFO - [2024-05-11T21:09:44.471+0000] {dag.py:2941} INFO - Sync 1 DAGs
[2024-05-11T21:09:44.480+0000] {logging_mixin.py:154} INFO - [2024-05-11T21:09:44.480+0000] {dag.py:3722} INFO - Setting next_dagrun for example_sensor_decorator to None, run_after=None
[2024-05-11T21:09:44.491+0000] {processor.py:179} INFO - Processing /home/airflow/.local/lib/python3.8/site-packages/airflow/example_dags/example_sensor_decorator.py took 0.054 seconds
[2024-05-11T21:10:14.686+0000] {processor.py:157} INFO - Started process (PID=538) to work on /home/airflow/.local/lib/python3.8/site-packages/airflow/example_dags/example_sensor_decorator.py
[2024-05-11T21:10:14.687+0000] {processor.py:829} INFO - Processing file /home/airflow/.local/lib/python3.8/site-packages/airflow/example_dags/example_sensor_decorator.py for tasks to queue
[2024-05-11T21:10:14.689+0000] {logging_mixin.py:154} INFO - [2024-05-11T21:10:14.689+0000] {dagbag.py:536} INFO - Filling up the DagBag from /home/airflow/.local/lib/python3.8/site-packages/airflow/example_dags/example_sensor_decorator.py
[2024-05-11T21:10:14.694+0000] {processor.py:839} INFO - DAG(s) dict_keys(['example_sensor_decorator']) retrieved from /home/airflow/.local/lib/python3.8/site-packages/airflow/example_dags/example_sensor_decorator.py
[2024-05-11T21:10:14.711+0000] {logging_mixin.py:154} INFO - [2024-05-11T21:10:14.711+0000] {dag.py:2941} INFO - Sync 1 DAGs
[2024-05-11T21:10:14.719+0000] {logging_mixin.py:154} INFO - [2024-05-11T21:10:14.718+0000] {dag.py:3722} INFO - Setting next_dagrun for example_sensor_decorator to None, run_after=None
[2024-05-11T21:10:14.729+0000] {processor.py:179} INFO - Processing /home/airflow/.local/lib/python3.8/site-packages/airflow/example_dags/example_sensor_decorator.py took 0.046 seconds
[2024-05-11T21:10:44.966+0000] {processor.py:157} INFO - Started process (PID=593) to work on /home/airflow/.local/lib/python3.8/site-packages/airflow/example_dags/example_sensor_decorator.py
[2024-05-11T21:10:44.967+0000] {processor.py:829} INFO - Processing file /home/airflow/.local/lib/python3.8/site-packages/airflow/example_dags/example_sensor_decorator.py for tasks to queue
[2024-05-11T21:10:44.969+0000] {logging_mixin.py:154} INFO - [2024-05-11T21:10:44.969+0000] {dagbag.py:536} INFO - Filling up the DagBag from /home/airflow/.local/lib/python3.8/site-packages/airflow/example_dags/example_sensor_decorator.py
[2024-05-11T21:10:44.974+0000] {processor.py:839} INFO - DAG(s) dict_keys(['example_sensor_decorator']) retrieved from /home/airflow/.local/lib/python3.8/site-packages/airflow/example_dags/example_sensor_decorator.py
[2024-05-11T21:10:44.991+0000] {logging_mixin.py:154} INFO - [2024-05-11T21:10:44.991+0000] {dag.py:2941} INFO - Sync 1 DAGs
[2024-05-11T21:10:44.999+0000] {logging_mixin.py:154} INFO - [2024-05-11T21:10:44.999+0000] {dag.py:3722} INFO - Setting next_dagrun for example_sensor_decorator to None, run_after=None
[2024-05-11T21:10:45.009+0000] {processor.py:179} INFO - Processing /home/airflow/.local/lib/python3.8/site-packages/airflow/example_dags/example_sensor_decorator.py took 0.046 seconds
[2024-05-11T21:11:15.359+0000] {processor.py:157} INFO - Started process (PID=648) to work on /home/airflow/.local/lib/python3.8/site-packages/airflow/example_dags/example_sensor_decorator.py
[2024-05-11T21:11:15.360+0000] {processor.py:829} INFO - Processing file /home/airflow/.local/lib/python3.8/site-packages/airflow/example_dags/example_sensor_decorator.py for tasks to queue
[2024-05-11T21:11:15.362+0000] {logging_mixin.py:154} INFO - [2024-05-11T21:11:15.362+0000] {dagbag.py:536} INFO - Filling up the DagBag from /home/airflow/.local/lib/python3.8/site-packages/airflow/example_dags/example_sensor_decorator.py
[2024-05-11T21:11:15.367+0000] {processor.py:839} INFO - DAG(s) dict_keys(['example_sensor_decorator']) retrieved from /home/airflow/.local/lib/python3.8/site-packages/airflow/example_dags/example_sensor_decorator.py
[2024-05-11T21:11:15.384+0000] {logging_mixin.py:154} INFO - [2024-05-11T21:11:15.384+0000] {dag.py:2941} INFO - Sync 1 DAGs
[2024-05-11T21:11:15.392+0000] {logging_mixin.py:154} INFO - [2024-05-11T21:11:15.392+0000] {dag.py:3722} INFO - Setting next_dagrun for example_sensor_decorator to None, run_after=None
[2024-05-11T21:11:15.402+0000] {processor.py:179} INFO - Processing /home/airflow/.local/lib/python3.8/site-packages/airflow/example_dags/example_sensor_decorator.py took 0.045 seconds
[2024-05-11T21:11:45.682+0000] {processor.py:157} INFO - Started process (PID=703) to work on /home/airflow/.local/lib/python3.8/site-packages/airflow/example_dags/example_sensor_decorator.py
[2024-05-11T21:11:45.684+0000] {processor.py:829} INFO - Processing file /home/airflow/.local/lib/python3.8/site-packages/airflow/example_dags/example_sensor_decorator.py for tasks to queue
[2024-05-11T21:11:45.686+0000] {logging_mixin.py:154} INFO - [2024-05-11T21:11:45.686+0000] {dagbag.py:536} INFO - Filling up the DagBag from /home/airflow/.local/lib/python3.8/site-packages/airflow/example_dags/example_sensor_decorator.py
[2024-05-11T21:11:45.691+0000] {processor.py:839} INFO - DAG(s) dict_keys(['example_sensor_decorator']) retrieved from /home/airflow/.local/lib/python3.8/site-packages/airflow/example_dags/example_sensor_decorator.py
[2024-05-11T21:11:45.708+0000] {logging_mixin.py:154} INFO - [2024-05-11T21:11:45.708+0000] {dag.py:2941} INFO - Sync 1 DAGs
[2024-05-11T21:11:45.717+0000] {logging_mixin.py:154} INFO - [2024-05-11T21:11:45.717+0000] {dag.py:3722} INFO - Setting next_dagrun for example_sensor_decorator to None, run_after=None
[2024-05-11T21:11:45.728+0000] {processor.py:179} INFO - Processing /home/airflow/.local/lib/python3.8/site-packages/airflow/example_dags/example_sensor_decorator.py took 0.048 seconds
[2024-05-11T21:12:15.899+0000] {processor.py:157} INFO - Started process (PID=759) to work on /home/airflow/.local/lib/python3.8/site-packages/airflow/example_dags/example_sensor_decorator.py
[2024-05-11T21:12:15.901+0000] {processor.py:829} INFO - Processing file /home/airflow/.local/lib/python3.8/site-packages/airflow/example_dags/example_sensor_decorator.py for tasks to queue
[2024-05-11T21:12:15.903+0000] {logging_mixin.py:154} INFO - [2024-05-11T21:12:15.903+0000] {dagbag.py:536} INFO - Filling up the DagBag from /home/airflow/.local/lib/python3.8/site-packages/airflow/example_dags/example_sensor_decorator.py
[2024-05-11T21:12:15.908+0000] {processor.py:839} INFO - DAG(s) dict_keys(['example_sensor_decorator']) retrieved from /home/airflow/.local/lib/python3.8/site-packages/airflow/example_dags/example_sensor_decorator.py
[2024-05-11T21:12:15.925+0000] {logging_mixin.py:154} INFO - [2024-05-11T21:12:15.925+0000] {dag.py:2941} INFO - Sync 1 DAGs
[2024-05-11T21:12:15.934+0000] {logging_mixin.py:154} INFO - [2024-05-11T21:12:15.934+0000] {dag.py:3722} INFO - Setting next_dagrun for example_sensor_decorator to None, run_after=None
[2024-05-11T21:12:15.944+0000] {processor.py:179} INFO - Processing /home/airflow/.local/lib/python3.8/site-packages/airflow/example_dags/example_sensor_decorator.py took 0.047 seconds
[2024-05-11T21:12:46.294+0000] {processor.py:157} INFO - Started process (PID=814) to work on /home/airflow/.local/lib/python3.8/site-packages/airflow/example_dags/example_sensor_decorator.py
[2024-05-11T21:12:46.295+0000] {processor.py:829} INFO - Processing file /home/airflow/.local/lib/python3.8/site-packages/airflow/example_dags/example_sensor_decorator.py for tasks to queue
[2024-05-11T21:12:46.297+0000] {logging_mixin.py:154} INFO - [2024-05-11T21:12:46.297+0000] {dagbag.py:536} INFO - Filling up the DagBag from /home/airflow/.local/lib/python3.8/site-packages/airflow/example_dags/example_sensor_decorator.py
[2024-05-11T21:12:46.302+0000] {processor.py:839} INFO - DAG(s) dict_keys(['example_sensor_decorator']) retrieved from /home/airflow/.local/lib/python3.8/site-packages/airflow/example_dags/example_sensor_decorator.py
[2024-05-11T21:12:46.321+0000] {logging_mixin.py:154} INFO - [2024-05-11T21:12:46.321+0000] {dag.py:2941} INFO - Sync 1 DAGs
[2024-05-11T21:12:46.329+0000] {logging_mixin.py:154} INFO - [2024-05-11T21:12:46.329+0000] {dag.py:3722} INFO - Setting next_dagrun for example_sensor_decorator to None, run_after=None
[2024-05-11T21:12:46.344+0000] {processor.py:179} INFO - Processing /home/airflow/.local/lib/python3.8/site-packages/airflow/example_dags/example_sensor_decorator.py took 0.053 seconds
[2024-05-11T21:13:16.649+0000] {processor.py:157} INFO - Started process (PID=869) to work on /home/airflow/.local/lib/python3.8/site-packages/airflow/example_dags/example_sensor_decorator.py
[2024-05-11T21:13:16.650+0000] {processor.py:829} INFO - Processing file /home/airflow/.local/lib/python3.8/site-packages/airflow/example_dags/example_sensor_decorator.py for tasks to queue
[2024-05-11T21:13:16.652+0000] {logging_mixin.py:154} INFO - [2024-05-11T21:13:16.652+0000] {dagbag.py:536} INFO - Filling up the DagBag from /home/airflow/.local/lib/python3.8/site-packages/airflow/example_dags/example_sensor_decorator.py
[2024-05-11T21:13:16.657+0000] {processor.py:839} INFO - DAG(s) dict_keys(['example_sensor_decorator']) retrieved from /home/airflow/.local/lib/python3.8/site-packages/airflow/example_dags/example_sensor_decorator.py
[2024-05-11T21:13:16.673+0000] {logging_mixin.py:154} INFO - [2024-05-11T21:13:16.673+0000] {dag.py:2941} INFO - Sync 1 DAGs
[2024-05-11T21:13:16.681+0000] {logging_mixin.py:154} INFO - [2024-05-11T21:13:16.681+0000] {dag.py:3722} INFO - Setting next_dagrun for example_sensor_decorator to None, run_after=None
[2024-05-11T21:13:16.691+0000] {processor.py:179} INFO - Processing /home/airflow/.local/lib/python3.8/site-packages/airflow/example_dags/example_sensor_decorator.py took 0.045 seconds
[2024-05-11T21:13:46.877+0000] {processor.py:157} INFO - Started process (PID=924) to work on /home/airflow/.local/lib/python3.8/site-packages/airflow/example_dags/example_sensor_decorator.py
[2024-05-11T21:13:46.879+0000] {processor.py:829} INFO - Processing file /home/airflow/.local/lib/python3.8/site-packages/airflow/example_dags/example_sensor_decorator.py for tasks to queue
[2024-05-11T21:13:46.880+0000] {logging_mixin.py:154} INFO - [2024-05-11T21:13:46.880+0000] {dagbag.py:536} INFO - Filling up the DagBag from /home/airflow/.local/lib/python3.8/site-packages/airflow/example_dags/example_sensor_decorator.py
[2024-05-11T21:13:46.885+0000] {processor.py:839} INFO - DAG(s) dict_keys(['example_sensor_decorator']) retrieved from /home/airflow/.local/lib/python3.8/site-packages/airflow/example_dags/example_sensor_decorator.py
[2024-05-11T21:13:46.903+0000] {logging_mixin.py:154} INFO - [2024-05-11T21:13:46.903+0000] {dag.py:2941} INFO - Sync 1 DAGs
[2024-05-11T21:13:46.911+0000] {logging_mixin.py:154} INFO - [2024-05-11T21:13:46.911+0000] {dag.py:3722} INFO - Setting next_dagrun for example_sensor_decorator to None, run_after=None
[2024-05-11T21:13:46.921+0000] {processor.py:179} INFO - Processing /home/airflow/.local/lib/python3.8/site-packages/airflow/example_dags/example_sensor_decorator.py took 0.046 seconds
[2024-05-11T21:14:17.072+0000] {processor.py:157} INFO - Started process (PID=979) to work on /home/airflow/.local/lib/python3.8/site-packages/airflow/example_dags/example_sensor_decorator.py
[2024-05-11T21:14:17.074+0000] {processor.py:829} INFO - Processing file /home/airflow/.local/lib/python3.8/site-packages/airflow/example_dags/example_sensor_decorator.py for tasks to queue
[2024-05-11T21:14:17.076+0000] {logging_mixin.py:154} INFO - [2024-05-11T21:14:17.076+0000] {dagbag.py:536} INFO - Filling up the DagBag from /home/airflow/.local/lib/python3.8/site-packages/airflow/example_dags/example_sensor_decorator.py
[2024-05-11T21:14:17.082+0000] {processor.py:839} INFO - DAG(s) dict_keys(['example_sensor_decorator']) retrieved from /home/airflow/.local/lib/python3.8/site-packages/airflow/example_dags/example_sensor_decorator.py
[2024-05-11T21:14:17.098+0000] {logging_mixin.py:154} INFO - [2024-05-11T21:14:17.098+0000] {dag.py:2941} INFO - Sync 1 DAGs
[2024-05-11T21:14:17.106+0000] {logging_mixin.py:154} INFO - [2024-05-11T21:14:17.105+0000] {dag.py:3722} INFO - Setting next_dagrun for example_sensor_decorator to None, run_after=None
[2024-05-11T21:14:17.116+0000] {processor.py:179} INFO - Processing /home/airflow/.local/lib/python3.8/site-packages/airflow/example_dags/example_sensor_decorator.py took 0.047 seconds
[2024-05-11T21:14:47.297+0000] {processor.py:157} INFO - Started process (PID=1035) to work on /home/airflow/.local/lib/python3.8/site-packages/airflow/example_dags/example_sensor_decorator.py
[2024-05-11T21:14:47.299+0000] {processor.py:829} INFO - Processing file /home/airflow/.local/lib/python3.8/site-packages/airflow/example_dags/example_sensor_decorator.py for tasks to queue
[2024-05-11T21:14:47.301+0000] {logging_mixin.py:154} INFO - [2024-05-11T21:14:47.300+0000] {dagbag.py:536} INFO - Filling up the DagBag from /home/airflow/.local/lib/python3.8/site-packages/airflow/example_dags/example_sensor_decorator.py
[2024-05-11T21:14:47.307+0000] {processor.py:839} INFO - DAG(s) dict_keys(['example_sensor_decorator']) retrieved from /home/airflow/.local/lib/python3.8/site-packages/airflow/example_dags/example_sensor_decorator.py
[2024-05-11T21:14:47.324+0000] {logging_mixin.py:154} INFO - [2024-05-11T21:14:47.324+0000] {dag.py:2941} INFO - Sync 1 DAGs
[2024-05-11T21:14:47.333+0000] {logging_mixin.py:154} INFO - [2024-05-11T21:14:47.333+0000] {dag.py:3722} INFO - Setting next_dagrun for example_sensor_decorator to None, run_after=None
[2024-05-11T21:14:47.344+0000] {processor.py:179} INFO - Processing /home/airflow/.local/lib/python3.8/site-packages/airflow/example_dags/example_sensor_decorator.py took 0.049 seconds
[2024-05-11T21:15:17.734+0000] {processor.py:157} INFO - Started process (PID=1090) to work on /home/airflow/.local/lib/python3.8/site-packages/airflow/example_dags/example_sensor_decorator.py
[2024-05-11T21:15:17.735+0000] {processor.py:829} INFO - Processing file /home/airflow/.local/lib/python3.8/site-packages/airflow/example_dags/example_sensor_decorator.py for tasks to queue
[2024-05-11T21:15:17.738+0000] {logging_mixin.py:154} INFO - [2024-05-11T21:15:17.737+0000] {dagbag.py:536} INFO - Filling up the DagBag from /home/airflow/.local/lib/python3.8/site-packages/airflow/example_dags/example_sensor_decorator.py
[2024-05-11T21:15:17.742+0000] {processor.py:839} INFO - DAG(s) dict_keys(['example_sensor_decorator']) retrieved from /home/airflow/.local/lib/python3.8/site-packages/airflow/example_dags/example_sensor_decorator.py
[2024-05-11T21:15:17.759+0000] {logging_mixin.py:154} INFO - [2024-05-11T21:15:17.759+0000] {dag.py:2941} INFO - Sync 1 DAGs
[2024-05-11T21:15:17.768+0000] {logging_mixin.py:154} INFO - [2024-05-11T21:15:17.767+0000] {dag.py:3722} INFO - Setting next_dagrun for example_sensor_decorator to None, run_after=None
[2024-05-11T21:15:17.778+0000] {processor.py:179} INFO - Processing /home/airflow/.local/lib/python3.8/site-packages/airflow/example_dags/example_sensor_decorator.py took 0.046 seconds
[2024-05-11T21:16:31.157+0000] {processor.py:157} INFO - Started process (PID=41) to work on /home/airflow/.local/lib/python3.8/site-packages/airflow/example_dags/example_sensor_decorator.py
[2024-05-11T21:16:31.160+0000] {processor.py:829} INFO - Processing file /home/airflow/.local/lib/python3.8/site-packages/airflow/example_dags/example_sensor_decorator.py for tasks to queue
[2024-05-11T21:16:31.163+0000] {logging_mixin.py:154} INFO - [2024-05-11T21:16:31.163+0000] {dagbag.py:536} INFO - Filling up the DagBag from /home/airflow/.local/lib/python3.8/site-packages/airflow/example_dags/example_sensor_decorator.py
[2024-05-11T21:16:31.188+0000] {processor.py:839} INFO - DAG(s) dict_keys(['example_sensor_decorator']) retrieved from /home/airflow/.local/lib/python3.8/site-packages/airflow/example_dags/example_sensor_decorator.py
[2024-05-11T21:16:31.217+0000] {logging_mixin.py:154} INFO - [2024-05-11T21:16:31.217+0000] {dag.py:2941} INFO - Sync 1 DAGs
[2024-05-11T21:16:31.248+0000] {logging_mixin.py:154} INFO - [2024-05-11T21:16:31.248+0000] {dag.py:3722} INFO - Setting next_dagrun for example_sensor_decorator to None, run_after=None
[2024-05-11T21:16:31.303+0000] {processor.py:179} INFO - Processing /home/airflow/.local/lib/python3.8/site-packages/airflow/example_dags/example_sensor_decorator.py took 0.150 seconds
[2024-05-11T21:17:01.823+0000] {processor.py:157} INFO - Started process (PID=97) to work on /home/airflow/.local/lib/python3.8/site-packages/airflow/example_dags/example_sensor_decorator.py
[2024-05-11T21:17:01.824+0000] {processor.py:829} INFO - Processing file /home/airflow/.local/lib/python3.8/site-packages/airflow/example_dags/example_sensor_decorator.py for tasks to queue
[2024-05-11T21:17:01.826+0000] {logging_mixin.py:154} INFO - [2024-05-11T21:17:01.826+0000] {dagbag.py:536} INFO - Filling up the DagBag from /home/airflow/.local/lib/python3.8/site-packages/airflow/example_dags/example_sensor_decorator.py
[2024-05-11T21:17:01.831+0000] {processor.py:839} INFO - DAG(s) dict_keys(['example_sensor_decorator']) retrieved from /home/airflow/.local/lib/python3.8/site-packages/airflow/example_dags/example_sensor_decorator.py
[2024-05-11T21:17:01.846+0000] {logging_mixin.py:154} INFO - [2024-05-11T21:17:01.846+0000] {dag.py:2941} INFO - Sync 1 DAGs
[2024-05-11T21:17:01.854+0000] {logging_mixin.py:154} INFO - [2024-05-11T21:17:01.854+0000] {dag.py:3722} INFO - Setting next_dagrun for example_sensor_decorator to None, run_after=None
[2024-05-11T21:17:01.865+0000] {processor.py:179} INFO - Processing /home/airflow/.local/lib/python3.8/site-packages/airflow/example_dags/example_sensor_decorator.py took 0.045 seconds
[2024-05-11T21:17:32.160+0000] {processor.py:157} INFO - Started process (PID=152) to work on /home/airflow/.local/lib/python3.8/site-packages/airflow/example_dags/example_sensor_decorator.py
[2024-05-11T21:17:32.161+0000] {processor.py:829} INFO - Processing file /home/airflow/.local/lib/python3.8/site-packages/airflow/example_dags/example_sensor_decorator.py for tasks to queue
[2024-05-11T21:17:32.163+0000] {logging_mixin.py:154} INFO - [2024-05-11T21:17:32.163+0000] {dagbag.py:536} INFO - Filling up the DagBag from /home/airflow/.local/lib/python3.8/site-packages/airflow/example_dags/example_sensor_decorator.py
[2024-05-11T21:17:32.168+0000] {processor.py:839} INFO - DAG(s) dict_keys(['example_sensor_decorator']) retrieved from /home/airflow/.local/lib/python3.8/site-packages/airflow/example_dags/example_sensor_decorator.py
[2024-05-11T21:17:32.184+0000] {logging_mixin.py:154} INFO - [2024-05-11T21:17:32.184+0000] {dag.py:2941} INFO - Sync 1 DAGs
[2024-05-11T21:17:32.192+0000] {logging_mixin.py:154} INFO - [2024-05-11T21:17:32.192+0000] {dag.py:3722} INFO - Setting next_dagrun for example_sensor_decorator to None, run_after=None
[2024-05-11T21:17:32.202+0000] {processor.py:179} INFO - Processing /home/airflow/.local/lib/python3.8/site-packages/airflow/example_dags/example_sensor_decorator.py took 0.046 seconds
[2024-05-11T21:18:02.645+0000] {processor.py:157} INFO - Started process (PID=208) to work on /home/airflow/.local/lib/python3.8/site-packages/airflow/example_dags/example_sensor_decorator.py
[2024-05-11T21:18:02.647+0000] {processor.py:829} INFO - Processing file /home/airflow/.local/lib/python3.8/site-packages/airflow/example_dags/example_sensor_decorator.py for tasks to queue
[2024-05-11T21:18:02.649+0000] {logging_mixin.py:154} INFO - [2024-05-11T21:18:02.649+0000] {dagbag.py:536} INFO - Filling up the DagBag from /home/airflow/.local/lib/python3.8/site-packages/airflow/example_dags/example_sensor_decorator.py
[2024-05-11T21:18:02.654+0000] {processor.py:839} INFO - DAG(s) dict_keys(['example_sensor_decorator']) retrieved from /home/airflow/.local/lib/python3.8/site-packages/airflow/example_dags/example_sensor_decorator.py
[2024-05-11T21:18:02.670+0000] {logging_mixin.py:154} INFO - [2024-05-11T21:18:02.670+0000] {dag.py:2941} INFO - Sync 1 DAGs
[2024-05-11T21:18:02.678+0000] {logging_mixin.py:154} INFO - [2024-05-11T21:18:02.678+0000] {dag.py:3722} INFO - Setting next_dagrun for example_sensor_decorator to None, run_after=None
[2024-05-11T21:18:02.688+0000] {processor.py:179} INFO - Processing /home/airflow/.local/lib/python3.8/site-packages/airflow/example_dags/example_sensor_decorator.py took 0.046 seconds
[2024-05-11T21:18:32.770+0000] {processor.py:157} INFO - Started process (PID=263) to work on /home/airflow/.local/lib/python3.8/site-packages/airflow/example_dags/example_sensor_decorator.py
[2024-05-11T21:18:32.771+0000] {processor.py:829} INFO - Processing file /home/airflow/.local/lib/python3.8/site-packages/airflow/example_dags/example_sensor_decorator.py for tasks to queue
[2024-05-11T21:18:32.773+0000] {logging_mixin.py:154} INFO - [2024-05-11T21:18:32.773+0000] {dagbag.py:536} INFO - Filling up the DagBag from /home/airflow/.local/lib/python3.8/site-packages/airflow/example_dags/example_sensor_decorator.py
[2024-05-11T21:18:32.778+0000] {processor.py:839} INFO - DAG(s) dict_keys(['example_sensor_decorator']) retrieved from /home/airflow/.local/lib/python3.8/site-packages/airflow/example_dags/example_sensor_decorator.py
[2024-05-11T21:18:32.792+0000] {logging_mixin.py:154} INFO - [2024-05-11T21:18:32.792+0000] {dag.py:2941} INFO - Sync 1 DAGs
[2024-05-11T21:18:32.800+0000] {logging_mixin.py:154} INFO - [2024-05-11T21:18:32.800+0000] {dag.py:3722} INFO - Setting next_dagrun for example_sensor_decorator to None, run_after=None
[2024-05-11T21:18:32.812+0000] {processor.py:179} INFO - Processing /home/airflow/.local/lib/python3.8/site-packages/airflow/example_dags/example_sensor_decorator.py took 0.045 seconds
[2024-05-11T21:19:03.060+0000] {processor.py:157} INFO - Started process (PID=318) to work on /home/airflow/.local/lib/python3.8/site-packages/airflow/example_dags/example_sensor_decorator.py
[2024-05-11T21:19:03.062+0000] {processor.py:829} INFO - Processing file /home/airflow/.local/lib/python3.8/site-packages/airflow/example_dags/example_sensor_decorator.py for tasks to queue
[2024-05-11T21:19:03.064+0000] {logging_mixin.py:154} INFO - [2024-05-11T21:19:03.064+0000] {dagbag.py:536} INFO - Filling up the DagBag from /home/airflow/.local/lib/python3.8/site-packages/airflow/example_dags/example_sensor_decorator.py
[2024-05-11T21:19:03.069+0000] {processor.py:839} INFO - DAG(s) dict_keys(['example_sensor_decorator']) retrieved from /home/airflow/.local/lib/python3.8/site-packages/airflow/example_dags/example_sensor_decorator.py
[2024-05-11T21:19:03.086+0000] {logging_mixin.py:154} INFO - [2024-05-11T21:19:03.086+0000] {dag.py:2941} INFO - Sync 1 DAGs
[2024-05-11T21:19:03.095+0000] {logging_mixin.py:154} INFO - [2024-05-11T21:19:03.094+0000] {dag.py:3722} INFO - Setting next_dagrun for example_sensor_decorator to None, run_after=None
[2024-05-11T21:19:03.107+0000] {processor.py:179} INFO - Processing /home/airflow/.local/lib/python3.8/site-packages/airflow/example_dags/example_sensor_decorator.py took 0.050 seconds
[2024-05-11T21:19:33.464+0000] {processor.py:157} INFO - Started process (PID=373) to work on /home/airflow/.local/lib/python3.8/site-packages/airflow/example_dags/example_sensor_decorator.py
[2024-05-11T21:19:33.466+0000] {processor.py:829} INFO - Processing file /home/airflow/.local/lib/python3.8/site-packages/airflow/example_dags/example_sensor_decorator.py for tasks to queue
[2024-05-11T21:19:33.468+0000] {logging_mixin.py:154} INFO - [2024-05-11T21:19:33.468+0000] {dagbag.py:536} INFO - Filling up the DagBag from /home/airflow/.local/lib/python3.8/site-packages/airflow/example_dags/example_sensor_decorator.py
[2024-05-11T21:19:33.474+0000] {processor.py:839} INFO - DAG(s) dict_keys(['example_sensor_decorator']) retrieved from /home/airflow/.local/lib/python3.8/site-packages/airflow/example_dags/example_sensor_decorator.py
[2024-05-11T21:19:33.490+0000] {logging_mixin.py:154} INFO - [2024-05-11T21:19:33.490+0000] {dag.py:2941} INFO - Sync 1 DAGs
[2024-05-11T21:19:33.498+0000] {logging_mixin.py:154} INFO - [2024-05-11T21:19:33.498+0000] {dag.py:3722} INFO - Setting next_dagrun for example_sensor_decorator to None, run_after=None
[2024-05-11T21:19:33.509+0000] {processor.py:179} INFO - Processing /home/airflow/.local/lib/python3.8/site-packages/airflow/example_dags/example_sensor_decorator.py took 0.048 seconds
[2024-05-11T21:20:03.845+0000] {processor.py:157} INFO - Started process (PID=428) to work on /home/airflow/.local/lib/python3.8/site-packages/airflow/example_dags/example_sensor_decorator.py
[2024-05-11T21:20:03.846+0000] {processor.py:829} INFO - Processing file /home/airflow/.local/lib/python3.8/site-packages/airflow/example_dags/example_sensor_decorator.py for tasks to queue
[2024-05-11T21:20:03.848+0000] {logging_mixin.py:154} INFO - [2024-05-11T21:20:03.847+0000] {dagbag.py:536} INFO - Filling up the DagBag from /home/airflow/.local/lib/python3.8/site-packages/airflow/example_dags/example_sensor_decorator.py
[2024-05-11T21:20:03.852+0000] {processor.py:839} INFO - DAG(s) dict_keys(['example_sensor_decorator']) retrieved from /home/airflow/.local/lib/python3.8/site-packages/airflow/example_dags/example_sensor_decorator.py
[2024-05-11T21:20:03.868+0000] {logging_mixin.py:154} INFO - [2024-05-11T21:20:03.868+0000] {dag.py:2941} INFO - Sync 1 DAGs
[2024-05-11T21:20:03.876+0000] {logging_mixin.py:154} INFO - [2024-05-11T21:20:03.876+0000] {dag.py:3722} INFO - Setting next_dagrun for example_sensor_decorator to None, run_after=None
[2024-05-11T21:20:03.886+0000] {processor.py:179} INFO - Processing /home/airflow/.local/lib/python3.8/site-packages/airflow/example_dags/example_sensor_decorator.py took 0.044 seconds
[2024-05-11T21:20:34.048+0000] {processor.py:157} INFO - Started process (PID=483) to work on /home/airflow/.local/lib/python3.8/site-packages/airflow/example_dags/example_sensor_decorator.py
[2024-05-11T21:20:34.049+0000] {processor.py:829} INFO - Processing file /home/airflow/.local/lib/python3.8/site-packages/airflow/example_dags/example_sensor_decorator.py for tasks to queue
[2024-05-11T21:20:34.053+0000] {logging_mixin.py:154} INFO - [2024-05-11T21:20:34.053+0000] {dagbag.py:536} INFO - Filling up the DagBag from /home/airflow/.local/lib/python3.8/site-packages/airflow/example_dags/example_sensor_decorator.py
[2024-05-11T21:20:34.061+0000] {processor.py:839} INFO - DAG(s) dict_keys(['example_sensor_decorator']) retrieved from /home/airflow/.local/lib/python3.8/site-packages/airflow/example_dags/example_sensor_decorator.py
[2024-05-11T21:20:34.079+0000] {logging_mixin.py:154} INFO - [2024-05-11T21:20:34.079+0000] {dag.py:2941} INFO - Sync 1 DAGs
[2024-05-11T21:20:34.088+0000] {logging_mixin.py:154} INFO - [2024-05-11T21:20:34.088+0000] {dag.py:3722} INFO - Setting next_dagrun for example_sensor_decorator to None, run_after=None
[2024-05-11T21:20:34.100+0000] {processor.py:179} INFO - Processing /home/airflow/.local/lib/python3.8/site-packages/airflow/example_dags/example_sensor_decorator.py took 0.055 seconds
[2024-05-11T21:21:04.156+0000] {processor.py:157} INFO - Started process (PID=538) to work on /home/airflow/.local/lib/python3.8/site-packages/airflow/example_dags/example_sensor_decorator.py
[2024-05-11T21:21:04.157+0000] {processor.py:829} INFO - Processing file /home/airflow/.local/lib/python3.8/site-packages/airflow/example_dags/example_sensor_decorator.py for tasks to queue
[2024-05-11T21:21:04.159+0000] {logging_mixin.py:154} INFO - [2024-05-11T21:21:04.159+0000] {dagbag.py:536} INFO - Filling up the DagBag from /home/airflow/.local/lib/python3.8/site-packages/airflow/example_dags/example_sensor_decorator.py
[2024-05-11T21:21:04.164+0000] {processor.py:839} INFO - DAG(s) dict_keys(['example_sensor_decorator']) retrieved from /home/airflow/.local/lib/python3.8/site-packages/airflow/example_dags/example_sensor_decorator.py
[2024-05-11T21:21:04.179+0000] {logging_mixin.py:154} INFO - [2024-05-11T21:21:04.179+0000] {dag.py:2941} INFO - Sync 1 DAGs
[2024-05-11T21:21:04.186+0000] {logging_mixin.py:154} INFO - [2024-05-11T21:21:04.186+0000] {dag.py:3722} INFO - Setting next_dagrun for example_sensor_decorator to None, run_after=None
[2024-05-11T21:21:04.196+0000] {processor.py:179} INFO - Processing /home/airflow/.local/lib/python3.8/site-packages/airflow/example_dags/example_sensor_decorator.py took 0.043 seconds
[2024-05-11T21:21:34.649+0000] {processor.py:157} INFO - Started process (PID=593) to work on /home/airflow/.local/lib/python3.8/site-packages/airflow/example_dags/example_sensor_decorator.py
[2024-05-11T21:21:34.651+0000] {processor.py:829} INFO - Processing file /home/airflow/.local/lib/python3.8/site-packages/airflow/example_dags/example_sensor_decorator.py for tasks to queue
[2024-05-11T21:21:34.653+0000] {logging_mixin.py:154} INFO - [2024-05-11T21:21:34.653+0000] {dagbag.py:536} INFO - Filling up the DagBag from /home/airflow/.local/lib/python3.8/site-packages/airflow/example_dags/example_sensor_decorator.py
[2024-05-11T21:21:34.659+0000] {processor.py:839} INFO - DAG(s) dict_keys(['example_sensor_decorator']) retrieved from /home/airflow/.local/lib/python3.8/site-packages/airflow/example_dags/example_sensor_decorator.py
[2024-05-11T21:21:34.675+0000] {logging_mixin.py:154} INFO - [2024-05-11T21:21:34.675+0000] {dag.py:2941} INFO - Sync 1 DAGs
[2024-05-11T21:21:34.684+0000] {logging_mixin.py:154} INFO - [2024-05-11T21:21:34.684+0000] {dag.py:3722} INFO - Setting next_dagrun for example_sensor_decorator to None, run_after=None
[2024-05-11T21:21:34.697+0000] {processor.py:179} INFO - Processing /home/airflow/.local/lib/python3.8/site-packages/airflow/example_dags/example_sensor_decorator.py took 0.051 seconds
[2024-05-11T21:42:07.675+0000] {processor.py:157} INFO - Started process (PID=65) to work on /home/airflow/.local/lib/python3.8/site-packages/airflow/example_dags/example_sensor_decorator.py
[2024-05-11T21:42:07.679+0000] {processor.py:829} INFO - Processing file /home/airflow/.local/lib/python3.8/site-packages/airflow/example_dags/example_sensor_decorator.py for tasks to queue
[2024-05-11T21:42:07.682+0000] {logging_mixin.py:154} INFO - [2024-05-11T21:42:07.682+0000] {dagbag.py:536} INFO - Filling up the DagBag from /home/airflow/.local/lib/python3.8/site-packages/airflow/example_dags/example_sensor_decorator.py
[2024-05-11T21:42:07.693+0000] {processor.py:839} INFO - DAG(s) dict_keys(['example_sensor_decorator']) retrieved from /home/airflow/.local/lib/python3.8/site-packages/airflow/example_dags/example_sensor_decorator.py
[2024-05-11T21:42:07.799+0000] {logging_mixin.py:154} INFO - [2024-05-11T21:42:07.799+0000] {manager.py:499} INFO - Created Permission View: %s
[2024-05-11T21:42:07.814+0000] {logging_mixin.py:154} INFO - [2024-05-11T21:42:07.814+0000] {manager.py:499} INFO - Created Permission View: %s
[2024-05-11T21:42:07.827+0000] {logging_mixin.py:154} INFO - [2024-05-11T21:42:07.827+0000] {manager.py:499} INFO - Created Permission View: %s
[2024-05-11T21:42:07.828+0000] {logging_mixin.py:154} INFO - [2024-05-11T21:42:07.828+0000] {dag.py:2941} INFO - Sync 1 DAGs
[2024-05-11T21:42:07.844+0000] {logging_mixin.py:154} INFO - [2024-05-11T21:42:07.844+0000] {dag.py:2963} INFO - Creating ORM DAG for example_sensor_decorator
[2024-05-11T21:42:07.847+0000] {logging_mixin.py:154} INFO - [2024-05-11T21:42:07.847+0000] {dag.py:3722} INFO - Setting next_dagrun for example_sensor_decorator to None, run_after=None
[2024-05-11T21:42:07.886+0000] {processor.py:179} INFO - Processing /home/airflow/.local/lib/python3.8/site-packages/airflow/example_dags/example_sensor_decorator.py took 0.215 seconds
[2024-05-11T21:42:38.473+0000] {processor.py:157} INFO - Started process (PID=120) to work on /home/airflow/.local/lib/python3.8/site-packages/airflow/example_dags/example_sensor_decorator.py
[2024-05-11T21:42:38.474+0000] {processor.py:829} INFO - Processing file /home/airflow/.local/lib/python3.8/site-packages/airflow/example_dags/example_sensor_decorator.py for tasks to queue
[2024-05-11T21:42:38.477+0000] {logging_mixin.py:154} INFO - [2024-05-11T21:42:38.477+0000] {dagbag.py:536} INFO - Filling up the DagBag from /home/airflow/.local/lib/python3.8/site-packages/airflow/example_dags/example_sensor_decorator.py
[2024-05-11T21:42:38.482+0000] {processor.py:839} INFO - DAG(s) dict_keys(['example_sensor_decorator']) retrieved from /home/airflow/.local/lib/python3.8/site-packages/airflow/example_dags/example_sensor_decorator.py
[2024-05-11T21:42:38.502+0000] {logging_mixin.py:154} INFO - [2024-05-11T21:42:38.502+0000] {dag.py:2941} INFO - Sync 1 DAGs
[2024-05-11T21:42:38.512+0000] {logging_mixin.py:154} INFO - [2024-05-11T21:42:38.512+0000] {dag.py:3722} INFO - Setting next_dagrun for example_sensor_decorator to None, run_after=None
[2024-05-11T21:42:38.529+0000] {processor.py:179} INFO - Processing /home/airflow/.local/lib/python3.8/site-packages/airflow/example_dags/example_sensor_decorator.py took 0.060 seconds
[2024-05-11T21:43:08.648+0000] {processor.py:157} INFO - Started process (PID=175) to work on /home/airflow/.local/lib/python3.8/site-packages/airflow/example_dags/example_sensor_decorator.py
[2024-05-11T21:43:08.650+0000] {processor.py:829} INFO - Processing file /home/airflow/.local/lib/python3.8/site-packages/airflow/example_dags/example_sensor_decorator.py for tasks to queue
[2024-05-11T21:43:08.653+0000] {logging_mixin.py:154} INFO - [2024-05-11T21:43:08.653+0000] {dagbag.py:536} INFO - Filling up the DagBag from /home/airflow/.local/lib/python3.8/site-packages/airflow/example_dags/example_sensor_decorator.py
[2024-05-11T21:43:08.659+0000] {processor.py:839} INFO - DAG(s) dict_keys(['example_sensor_decorator']) retrieved from /home/airflow/.local/lib/python3.8/site-packages/airflow/example_dags/example_sensor_decorator.py
[2024-05-11T21:43:08.682+0000] {logging_mixin.py:154} INFO - [2024-05-11T21:43:08.682+0000] {dag.py:2941} INFO - Sync 1 DAGs
[2024-05-11T21:43:08.693+0000] {logging_mixin.py:154} INFO - [2024-05-11T21:43:08.692+0000] {dag.py:3722} INFO - Setting next_dagrun for example_sensor_decorator to None, run_after=None
[2024-05-11T21:43:08.723+0000] {processor.py:179} INFO - Processing /home/airflow/.local/lib/python3.8/site-packages/airflow/example_dags/example_sensor_decorator.py took 0.078 seconds
[2024-05-11T21:43:39.293+0000] {processor.py:157} INFO - Started process (PID=230) to work on /home/airflow/.local/lib/python3.8/site-packages/airflow/example_dags/example_sensor_decorator.py
[2024-05-11T21:43:39.294+0000] {processor.py:829} INFO - Processing file /home/airflow/.local/lib/python3.8/site-packages/airflow/example_dags/example_sensor_decorator.py for tasks to queue
[2024-05-11T21:43:39.297+0000] {logging_mixin.py:154} INFO - [2024-05-11T21:43:39.297+0000] {dagbag.py:536} INFO - Filling up the DagBag from /home/airflow/.local/lib/python3.8/site-packages/airflow/example_dags/example_sensor_decorator.py
[2024-05-11T21:43:39.305+0000] {processor.py:839} INFO - DAG(s) dict_keys(['example_sensor_decorator']) retrieved from /home/airflow/.local/lib/python3.8/site-packages/airflow/example_dags/example_sensor_decorator.py
[2024-05-11T21:43:39.330+0000] {logging_mixin.py:154} INFO - [2024-05-11T21:43:39.330+0000] {dag.py:2941} INFO - Sync 1 DAGs
[2024-05-11T21:43:39.342+0000] {logging_mixin.py:154} INFO - [2024-05-11T21:43:39.342+0000] {dag.py:3722} INFO - Setting next_dagrun for example_sensor_decorator to None, run_after=None
[2024-05-11T21:43:39.366+0000] {processor.py:179} INFO - Processing /home/airflow/.local/lib/python3.8/site-packages/airflow/example_dags/example_sensor_decorator.py took 0.076 seconds
[2024-05-11T21:44:09.993+0000] {processor.py:157} INFO - Started process (PID=285) to work on /home/airflow/.local/lib/python3.8/site-packages/airflow/example_dags/example_sensor_decorator.py
[2024-05-11T21:44:09.995+0000] {processor.py:829} INFO - Processing file /home/airflow/.local/lib/python3.8/site-packages/airflow/example_dags/example_sensor_decorator.py for tasks to queue
[2024-05-11T21:44:09.998+0000] {logging_mixin.py:154} INFO - [2024-05-11T21:44:09.998+0000] {dagbag.py:536} INFO - Filling up the DagBag from /home/airflow/.local/lib/python3.8/site-packages/airflow/example_dags/example_sensor_decorator.py
[2024-05-11T21:44:10.004+0000] {processor.py:839} INFO - DAG(s) dict_keys(['example_sensor_decorator']) retrieved from /home/airflow/.local/lib/python3.8/site-packages/airflow/example_dags/example_sensor_decorator.py
[2024-05-11T21:44:10.023+0000] {logging_mixin.py:154} INFO - [2024-05-11T21:44:10.023+0000] {dag.py:2941} INFO - Sync 1 DAGs
[2024-05-11T21:44:10.032+0000] {logging_mixin.py:154} INFO - [2024-05-11T21:44:10.032+0000] {dag.py:3722} INFO - Setting next_dagrun for example_sensor_decorator to None, run_after=None
[2024-05-11T21:44:10.051+0000] {processor.py:179} INFO - Processing /home/airflow/.local/lib/python3.8/site-packages/airflow/example_dags/example_sensor_decorator.py took 0.061 seconds
[2024-05-11T21:44:40.474+0000] {processor.py:157} INFO - Started process (PID=340) to work on /home/airflow/.local/lib/python3.8/site-packages/airflow/example_dags/example_sensor_decorator.py
[2024-05-11T21:44:40.476+0000] {processor.py:829} INFO - Processing file /home/airflow/.local/lib/python3.8/site-packages/airflow/example_dags/example_sensor_decorator.py for tasks to queue
[2024-05-11T21:44:40.479+0000] {logging_mixin.py:154} INFO - [2024-05-11T21:44:40.478+0000] {dagbag.py:536} INFO - Filling up the DagBag from /home/airflow/.local/lib/python3.8/site-packages/airflow/example_dags/example_sensor_decorator.py
[2024-05-11T21:44:40.485+0000] {processor.py:839} INFO - DAG(s) dict_keys(['example_sensor_decorator']) retrieved from /home/airflow/.local/lib/python3.8/site-packages/airflow/example_dags/example_sensor_decorator.py
[2024-05-11T21:44:40.503+0000] {logging_mixin.py:154} INFO - [2024-05-11T21:44:40.503+0000] {dag.py:2941} INFO - Sync 1 DAGs
[2024-05-11T21:44:40.512+0000] {logging_mixin.py:154} INFO - [2024-05-11T21:44:40.512+0000] {dag.py:3722} INFO - Setting next_dagrun for example_sensor_decorator to None, run_after=None
[2024-05-11T21:44:40.525+0000] {processor.py:179} INFO - Processing /home/airflow/.local/lib/python3.8/site-packages/airflow/example_dags/example_sensor_decorator.py took 0.055 seconds
[2024-05-11T21:45:11.140+0000] {processor.py:157} INFO - Started process (PID=395) to work on /home/airflow/.local/lib/python3.8/site-packages/airflow/example_dags/example_sensor_decorator.py
[2024-05-11T21:45:11.142+0000] {processor.py:829} INFO - Processing file /home/airflow/.local/lib/python3.8/site-packages/airflow/example_dags/example_sensor_decorator.py for tasks to queue
[2024-05-11T21:45:11.145+0000] {logging_mixin.py:154} INFO - [2024-05-11T21:45:11.144+0000] {dagbag.py:536} INFO - Filling up the DagBag from /home/airflow/.local/lib/python3.8/site-packages/airflow/example_dags/example_sensor_decorator.py
[2024-05-11T21:45:11.150+0000] {processor.py:839} INFO - DAG(s) dict_keys(['example_sensor_decorator']) retrieved from /home/airflow/.local/lib/python3.8/site-packages/airflow/example_dags/example_sensor_decorator.py
[2024-05-11T21:45:11.175+0000] {logging_mixin.py:154} INFO - [2024-05-11T21:45:11.175+0000] {dag.py:2941} INFO - Sync 1 DAGs
[2024-05-11T21:45:11.185+0000] {logging_mixin.py:154} INFO - [2024-05-11T21:45:11.185+0000] {dag.py:3722} INFO - Setting next_dagrun for example_sensor_decorator to None, run_after=None
[2024-05-11T21:45:11.198+0000] {processor.py:179} INFO - Processing /home/airflow/.local/lib/python3.8/site-packages/airflow/example_dags/example_sensor_decorator.py took 0.062 seconds
[2024-05-11T21:45:41.750+0000] {processor.py:157} INFO - Started process (PID=451) to work on /home/airflow/.local/lib/python3.8/site-packages/airflow/example_dags/example_sensor_decorator.py
[2024-05-11T21:45:41.752+0000] {processor.py:829} INFO - Processing file /home/airflow/.local/lib/python3.8/site-packages/airflow/example_dags/example_sensor_decorator.py for tasks to queue
[2024-05-11T21:45:41.754+0000] {logging_mixin.py:154} INFO - [2024-05-11T21:45:41.754+0000] {dagbag.py:536} INFO - Filling up the DagBag from /home/airflow/.local/lib/python3.8/site-packages/airflow/example_dags/example_sensor_decorator.py
[2024-05-11T21:45:41.760+0000] {processor.py:839} INFO - DAG(s) dict_keys(['example_sensor_decorator']) retrieved from /home/airflow/.local/lib/python3.8/site-packages/airflow/example_dags/example_sensor_decorator.py
[2024-05-11T21:45:41.784+0000] {logging_mixin.py:154} INFO - [2024-05-11T21:45:41.783+0000] {dag.py:2941} INFO - Sync 1 DAGs
[2024-05-11T21:45:41.804+0000] {logging_mixin.py:154} INFO - [2024-05-11T21:45:41.803+0000] {dag.py:3722} INFO - Setting next_dagrun for example_sensor_decorator to None, run_after=None
[2024-05-11T21:45:41.819+0000] {processor.py:179} INFO - Processing /home/airflow/.local/lib/python3.8/site-packages/airflow/example_dags/example_sensor_decorator.py took 0.072 seconds
[2024-05-11T21:46:12.524+0000] {processor.py:157} INFO - Started process (PID=506) to work on /home/airflow/.local/lib/python3.8/site-packages/airflow/example_dags/example_sensor_decorator.py
[2024-05-11T21:46:12.526+0000] {processor.py:829} INFO - Processing file /home/airflow/.local/lib/python3.8/site-packages/airflow/example_dags/example_sensor_decorator.py for tasks to queue
[2024-05-11T21:46:12.530+0000] {logging_mixin.py:154} INFO - [2024-05-11T21:46:12.530+0000] {dagbag.py:536} INFO - Filling up the DagBag from /home/airflow/.local/lib/python3.8/site-packages/airflow/example_dags/example_sensor_decorator.py
[2024-05-11T21:46:12.537+0000] {processor.py:839} INFO - DAG(s) dict_keys(['example_sensor_decorator']) retrieved from /home/airflow/.local/lib/python3.8/site-packages/airflow/example_dags/example_sensor_decorator.py
[2024-05-11T21:46:12.560+0000] {logging_mixin.py:154} INFO - [2024-05-11T21:46:12.559+0000] {dag.py:2941} INFO - Sync 1 DAGs
[2024-05-11T21:46:12.571+0000] {logging_mixin.py:154} INFO - [2024-05-11T21:46:12.570+0000] {dag.py:3722} INFO - Setting next_dagrun for example_sensor_decorator to None, run_after=None
[2024-05-11T21:46:12.584+0000] {processor.py:179} INFO - Processing /home/airflow/.local/lib/python3.8/site-packages/airflow/example_dags/example_sensor_decorator.py took 0.064 seconds
[2024-05-11T21:46:43.084+0000] {processor.py:157} INFO - Started process (PID=561) to work on /home/airflow/.local/lib/python3.8/site-packages/airflow/example_dags/example_sensor_decorator.py
[2024-05-11T21:46:43.091+0000] {processor.py:829} INFO - Processing file /home/airflow/.local/lib/python3.8/site-packages/airflow/example_dags/example_sensor_decorator.py for tasks to queue
[2024-05-11T21:46:43.094+0000] {logging_mixin.py:154} INFO - [2024-05-11T21:46:43.094+0000] {dagbag.py:536} INFO - Filling up the DagBag from /home/airflow/.local/lib/python3.8/site-packages/airflow/example_dags/example_sensor_decorator.py
[2024-05-11T21:46:43.100+0000] {processor.py:839} INFO - DAG(s) dict_keys(['example_sensor_decorator']) retrieved from /home/airflow/.local/lib/python3.8/site-packages/airflow/example_dags/example_sensor_decorator.py
[2024-05-11T21:46:43.121+0000] {logging_mixin.py:154} INFO - [2024-05-11T21:46:43.120+0000] {dag.py:2941} INFO - Sync 1 DAGs
[2024-05-11T21:46:43.130+0000] {logging_mixin.py:154} INFO - [2024-05-11T21:46:43.130+0000] {dag.py:3722} INFO - Setting next_dagrun for example_sensor_decorator to None, run_after=None
[2024-05-11T21:46:43.144+0000] {processor.py:179} INFO - Processing /home/airflow/.local/lib/python3.8/site-packages/airflow/example_dags/example_sensor_decorator.py took 0.065 seconds
