[2024-05-11T21:03:20.578+0000] {processor.py:157} INFO - Started process (PID=59) to work on /home/airflow/.local/lib/python3.8/site-packages/airflow/example_dags/example_params_ui_tutorial.py
[2024-05-11T21:03:20.579+0000] {processor.py:829} INFO - Processing file /home/airflow/.local/lib/python3.8/site-packages/airflow/example_dags/example_params_ui_tutorial.py for tasks to queue
[2024-05-11T21:03:20.582+0000] {logging_mixin.py:154} INFO - [2024-05-11T21:03:20.581+0000] {dagbag.py:536} INFO - Filling up the DagBag from /home/airflow/.local/lib/python3.8/site-packages/airflow/example_dags/example_params_ui_tutorial.py
[2024-05-11T21:03:20.613+0000] {processor.py:839} INFO - DAG(s) dict_keys(['example_params_ui_tutorial']) retrieved from /home/airflow/.local/lib/python3.8/site-packages/airflow/example_dags/example_params_ui_tutorial.py
[2024-05-11T21:03:20.705+0000] {logging_mixin.py:154} INFO - [2024-05-11T21:03:20.705+0000] {manager.py:499} INFO - Created Permission View: %s
[2024-05-11T21:03:20.712+0000] {logging_mixin.py:154} INFO - [2024-05-11T21:03:20.712+0000] {manager.py:499} INFO - Created Permission View: %s
[2024-05-11T21:03:20.717+0000] {logging_mixin.py:154} INFO - [2024-05-11T21:03:20.717+0000] {manager.py:499} INFO - Created Permission View: %s
[2024-05-11T21:03:20.718+0000] {logging_mixin.py:154} INFO - [2024-05-11T21:03:20.718+0000] {dag.py:2941} INFO - Sync 1 DAGs
[2024-05-11T21:03:20.724+0000] {logging_mixin.py:154} INFO - [2024-05-11T21:03:20.724+0000] {dag.py:2963} INFO - Creating ORM DAG for example_params_ui_tutorial
[2024-05-11T21:03:20.725+0000] {logging_mixin.py:154} INFO - [2024-05-11T21:03:20.725+0000] {dag.py:3722} INFO - Setting next_dagrun for example_params_ui_tutorial to None, run_after=None
[2024-05-11T21:03:20.735+0000] {processor.py:179} INFO - Processing /home/airflow/.local/lib/python3.8/site-packages/airflow/example_dags/example_params_ui_tutorial.py took 0.160 seconds
[2024-05-11T21:03:51.703+0000] {processor.py:157} INFO - Started process (PID=114) to work on /home/airflow/.local/lib/python3.8/site-packages/airflow/example_dags/example_params_ui_tutorial.py
[2024-05-11T21:03:51.706+0000] {processor.py:829} INFO - Processing file /home/airflow/.local/lib/python3.8/site-packages/airflow/example_dags/example_params_ui_tutorial.py for tasks to queue
[2024-05-11T21:03:51.709+0000] {logging_mixin.py:154} INFO - [2024-05-11T21:03:51.709+0000] {dagbag.py:536} INFO - Filling up the DagBag from /home/airflow/.local/lib/python3.8/site-packages/airflow/example_dags/example_params_ui_tutorial.py
[2024-05-11T21:03:51.734+0000] {processor.py:839} INFO - DAG(s) dict_keys(['example_params_ui_tutorial']) retrieved from /home/airflow/.local/lib/python3.8/site-packages/airflow/example_dags/example_params_ui_tutorial.py
[2024-05-11T21:03:51.768+0000] {logging_mixin.py:154} INFO - [2024-05-11T21:03:51.768+0000] {dag.py:2941} INFO - Sync 1 DAGs
[2024-05-11T21:03:51.777+0000] {logging_mixin.py:154} INFO - [2024-05-11T21:03:51.777+0000] {dag.py:3722} INFO - Setting next_dagrun for example_params_ui_tutorial to None, run_after=None
[2024-05-11T21:03:51.789+0000] {processor.py:179} INFO - Processing /home/airflow/.local/lib/python3.8/site-packages/airflow/example_dags/example_params_ui_tutorial.py took 0.090 seconds
[2024-05-11T21:04:22.111+0000] {processor.py:157} INFO - Started process (PID=168) to work on /home/airflow/.local/lib/python3.8/site-packages/airflow/example_dags/example_params_ui_tutorial.py
[2024-05-11T21:04:22.114+0000] {processor.py:829} INFO - Processing file /home/airflow/.local/lib/python3.8/site-packages/airflow/example_dags/example_params_ui_tutorial.py for tasks to queue
[2024-05-11T21:04:22.118+0000] {logging_mixin.py:154} INFO - [2024-05-11T21:04:22.118+0000] {dagbag.py:536} INFO - Filling up the DagBag from /home/airflow/.local/lib/python3.8/site-packages/airflow/example_dags/example_params_ui_tutorial.py
[2024-05-11T21:04:22.145+0000] {processor.py:839} INFO - DAG(s) dict_keys(['example_params_ui_tutorial']) retrieved from /home/airflow/.local/lib/python3.8/site-packages/airflow/example_dags/example_params_ui_tutorial.py
[2024-05-11T21:04:22.175+0000] {logging_mixin.py:154} INFO - [2024-05-11T21:04:22.175+0000] {dag.py:2941} INFO - Sync 1 DAGs
[2024-05-11T21:04:22.183+0000] {logging_mixin.py:154} INFO - [2024-05-11T21:04:22.183+0000] {dag.py:3722} INFO - Setting next_dagrun for example_params_ui_tutorial to None, run_after=None
[2024-05-11T21:04:22.195+0000] {processor.py:179} INFO - Processing /home/airflow/.local/lib/python3.8/site-packages/airflow/example_dags/example_params_ui_tutorial.py took 0.090 seconds
[2024-05-11T21:04:52.498+0000] {processor.py:157} INFO - Started process (PID=223) to work on /home/airflow/.local/lib/python3.8/site-packages/airflow/example_dags/example_params_ui_tutorial.py
[2024-05-11T21:04:52.501+0000] {processor.py:829} INFO - Processing file /home/airflow/.local/lib/python3.8/site-packages/airflow/example_dags/example_params_ui_tutorial.py for tasks to queue
[2024-05-11T21:04:52.505+0000] {logging_mixin.py:154} INFO - [2024-05-11T21:04:52.505+0000] {dagbag.py:536} INFO - Filling up the DagBag from /home/airflow/.local/lib/python3.8/site-packages/airflow/example_dags/example_params_ui_tutorial.py
[2024-05-11T21:04:52.530+0000] {processor.py:839} INFO - DAG(s) dict_keys(['example_params_ui_tutorial']) retrieved from /home/airflow/.local/lib/python3.8/site-packages/airflow/example_dags/example_params_ui_tutorial.py
[2024-05-11T21:04:52.565+0000] {logging_mixin.py:154} INFO - [2024-05-11T21:04:52.565+0000] {dag.py:2941} INFO - Sync 1 DAGs
[2024-05-11T21:04:52.573+0000] {logging_mixin.py:154} INFO - [2024-05-11T21:04:52.573+0000] {dag.py:3722} INFO - Setting next_dagrun for example_params_ui_tutorial to None, run_after=None
[2024-05-11T21:04:52.588+0000] {processor.py:179} INFO - Processing /home/airflow/.local/lib/python3.8/site-packages/airflow/example_dags/example_params_ui_tutorial.py took 0.095 seconds
[2024-05-11T21:05:43.517+0000] {processor.py:157} INFO - Started process (PID=60) to work on /home/airflow/.local/lib/python3.8/site-packages/airflow/example_dags/example_params_ui_tutorial.py
[2024-05-11T21:05:43.523+0000] {processor.py:829} INFO - Processing file /home/airflow/.local/lib/python3.8/site-packages/airflow/example_dags/example_params_ui_tutorial.py for tasks to queue
[2024-05-11T21:05:43.531+0000] {logging_mixin.py:154} INFO - [2024-05-11T21:05:43.530+0000] {dagbag.py:536} INFO - Filling up the DagBag from /home/airflow/.local/lib/python3.8/site-packages/airflow/example_dags/example_params_ui_tutorial.py
[2024-05-11T21:05:43.573+0000] {processor.py:839} INFO - DAG(s) dict_keys(['example_params_ui_tutorial']) retrieved from /home/airflow/.local/lib/python3.8/site-packages/airflow/example_dags/example_params_ui_tutorial.py
[2024-05-11T21:05:43.614+0000] {logging_mixin.py:154} INFO - [2024-05-11T21:05:43.614+0000] {dag.py:2941} INFO - Sync 1 DAGs
[2024-05-11T21:05:43.631+0000] {logging_mixin.py:154} INFO - [2024-05-11T21:05:43.630+0000] {dag.py:3722} INFO - Setting next_dagrun for example_params_ui_tutorial to None, run_after=None
[2024-05-11T21:05:43.714+0000] {processor.py:179} INFO - Processing /home/airflow/.local/lib/python3.8/site-packages/airflow/example_dags/example_params_ui_tutorial.py took 0.204 seconds
[2024-05-11T21:06:14.226+0000] {processor.py:157} INFO - Started process (PID=115) to work on /home/airflow/.local/lib/python3.8/site-packages/airflow/example_dags/example_params_ui_tutorial.py
[2024-05-11T21:06:14.227+0000] {processor.py:829} INFO - Processing file /home/airflow/.local/lib/python3.8/site-packages/airflow/example_dags/example_params_ui_tutorial.py for tasks to queue
[2024-05-11T21:06:14.229+0000] {logging_mixin.py:154} INFO - [2024-05-11T21:06:14.229+0000] {dagbag.py:536} INFO - Filling up the DagBag from /home/airflow/.local/lib/python3.8/site-packages/airflow/example_dags/example_params_ui_tutorial.py
[2024-05-11T21:06:14.247+0000] {processor.py:839} INFO - DAG(s) dict_keys(['example_params_ui_tutorial']) retrieved from /home/airflow/.local/lib/python3.8/site-packages/airflow/example_dags/example_params_ui_tutorial.py
[2024-05-11T21:06:14.276+0000] {logging_mixin.py:154} INFO - [2024-05-11T21:06:14.275+0000] {dag.py:2941} INFO - Sync 1 DAGs
[2024-05-11T21:06:14.284+0000] {logging_mixin.py:154} INFO - [2024-05-11T21:06:14.284+0000] {dag.py:3722} INFO - Setting next_dagrun for example_params_ui_tutorial to None, run_after=None
[2024-05-11T21:06:14.295+0000] {processor.py:179} INFO - Processing /home/airflow/.local/lib/python3.8/site-packages/airflow/example_dags/example_params_ui_tutorial.py took 0.072 seconds
[2024-05-11T21:06:44.495+0000] {processor.py:157} INFO - Started process (PID=170) to work on /home/airflow/.local/lib/python3.8/site-packages/airflow/example_dags/example_params_ui_tutorial.py
[2024-05-11T21:06:44.496+0000] {processor.py:829} INFO - Processing file /home/airflow/.local/lib/python3.8/site-packages/airflow/example_dags/example_params_ui_tutorial.py for tasks to queue
[2024-05-11T21:06:44.498+0000] {logging_mixin.py:154} INFO - [2024-05-11T21:06:44.498+0000] {dagbag.py:536} INFO - Filling up the DagBag from /home/airflow/.local/lib/python3.8/site-packages/airflow/example_dags/example_params_ui_tutorial.py
[2024-05-11T21:06:44.519+0000] {processor.py:839} INFO - DAG(s) dict_keys(['example_params_ui_tutorial']) retrieved from /home/airflow/.local/lib/python3.8/site-packages/airflow/example_dags/example_params_ui_tutorial.py
[2024-05-11T21:06:44.547+0000] {logging_mixin.py:154} INFO - [2024-05-11T21:06:44.547+0000] {dag.py:2941} INFO - Sync 1 DAGs
[2024-05-11T21:06:44.555+0000] {logging_mixin.py:154} INFO - [2024-05-11T21:06:44.555+0000] {dag.py:3722} INFO - Setting next_dagrun for example_params_ui_tutorial to None, run_after=None
[2024-05-11T21:06:44.568+0000] {processor.py:179} INFO - Processing /home/airflow/.local/lib/python3.8/site-packages/airflow/example_dags/example_params_ui_tutorial.py took 0.076 seconds
[2024-05-11T21:07:14.795+0000] {processor.py:157} INFO - Started process (PID=225) to work on /home/airflow/.local/lib/python3.8/site-packages/airflow/example_dags/example_params_ui_tutorial.py
[2024-05-11T21:07:14.796+0000] {processor.py:829} INFO - Processing file /home/airflow/.local/lib/python3.8/site-packages/airflow/example_dags/example_params_ui_tutorial.py for tasks to queue
[2024-05-11T21:07:14.798+0000] {logging_mixin.py:154} INFO - [2024-05-11T21:07:14.798+0000] {dagbag.py:536} INFO - Filling up the DagBag from /home/airflow/.local/lib/python3.8/site-packages/airflow/example_dags/example_params_ui_tutorial.py
[2024-05-11T21:07:14.818+0000] {processor.py:839} INFO - DAG(s) dict_keys(['example_params_ui_tutorial']) retrieved from /home/airflow/.local/lib/python3.8/site-packages/airflow/example_dags/example_params_ui_tutorial.py
[2024-05-11T21:07:14.846+0000] {logging_mixin.py:154} INFO - [2024-05-11T21:07:14.845+0000] {dag.py:2941} INFO - Sync 1 DAGs
[2024-05-11T21:07:14.853+0000] {logging_mixin.py:154} INFO - [2024-05-11T21:07:14.853+0000] {dag.py:3722} INFO - Setting next_dagrun for example_params_ui_tutorial to None, run_after=None
[2024-05-11T21:07:14.863+0000] {processor.py:179} INFO - Processing /home/airflow/.local/lib/python3.8/site-packages/airflow/example_dags/example_params_ui_tutorial.py took 0.071 seconds
[2024-05-11T21:07:45.092+0000] {processor.py:157} INFO - Started process (PID=284) to work on /home/airflow/.local/lib/python3.8/site-packages/airflow/example_dags/example_params_ui_tutorial.py
[2024-05-11T21:07:45.093+0000] {processor.py:829} INFO - Processing file /home/airflow/.local/lib/python3.8/site-packages/airflow/example_dags/example_params_ui_tutorial.py for tasks to queue
[2024-05-11T21:07:45.095+0000] {logging_mixin.py:154} INFO - [2024-05-11T21:07:45.094+0000] {dagbag.py:536} INFO - Filling up the DagBag from /home/airflow/.local/lib/python3.8/site-packages/airflow/example_dags/example_params_ui_tutorial.py
[2024-05-11T21:07:45.112+0000] {processor.py:839} INFO - DAG(s) dict_keys(['example_params_ui_tutorial']) retrieved from /home/airflow/.local/lib/python3.8/site-packages/airflow/example_dags/example_params_ui_tutorial.py
[2024-05-11T21:07:45.141+0000] {logging_mixin.py:154} INFO - [2024-05-11T21:07:45.141+0000] {dag.py:2941} INFO - Sync 1 DAGs
[2024-05-11T21:07:45.149+0000] {logging_mixin.py:154} INFO - [2024-05-11T21:07:45.148+0000] {dag.py:3722} INFO - Setting next_dagrun for example_params_ui_tutorial to None, run_after=None
[2024-05-11T21:07:45.160+0000] {processor.py:179} INFO - Processing /home/airflow/.local/lib/python3.8/site-packages/airflow/example_dags/example_params_ui_tutorial.py took 0.071 seconds
[2024-05-11T21:08:15.290+0000] {processor.py:157} INFO - Started process (PID=339) to work on /home/airflow/.local/lib/python3.8/site-packages/airflow/example_dags/example_params_ui_tutorial.py
[2024-05-11T21:08:15.291+0000] {processor.py:829} INFO - Processing file /home/airflow/.local/lib/python3.8/site-packages/airflow/example_dags/example_params_ui_tutorial.py for tasks to queue
[2024-05-11T21:08:15.293+0000] {logging_mixin.py:154} INFO - [2024-05-11T21:08:15.293+0000] {dagbag.py:536} INFO - Filling up the DagBag from /home/airflow/.local/lib/python3.8/site-packages/airflow/example_dags/example_params_ui_tutorial.py
[2024-05-11T21:08:15.311+0000] {processor.py:839} INFO - DAG(s) dict_keys(['example_params_ui_tutorial']) retrieved from /home/airflow/.local/lib/python3.8/site-packages/airflow/example_dags/example_params_ui_tutorial.py
[2024-05-11T21:08:15.341+0000] {logging_mixin.py:154} INFO - [2024-05-11T21:08:15.341+0000] {dag.py:2941} INFO - Sync 1 DAGs
[2024-05-11T21:08:15.349+0000] {logging_mixin.py:154} INFO - [2024-05-11T21:08:15.349+0000] {dag.py:3722} INFO - Setting next_dagrun for example_params_ui_tutorial to None, run_after=None
[2024-05-11T21:08:15.360+0000] {processor.py:179} INFO - Processing /home/airflow/.local/lib/python3.8/site-packages/airflow/example_dags/example_params_ui_tutorial.py took 0.073 seconds
[2024-05-11T21:08:45.531+0000] {processor.py:157} INFO - Started process (PID=394) to work on /home/airflow/.local/lib/python3.8/site-packages/airflow/example_dags/example_params_ui_tutorial.py
[2024-05-11T21:08:45.533+0000] {processor.py:829} INFO - Processing file /home/airflow/.local/lib/python3.8/site-packages/airflow/example_dags/example_params_ui_tutorial.py for tasks to queue
[2024-05-11T21:08:45.535+0000] {logging_mixin.py:154} INFO - [2024-05-11T21:08:45.534+0000] {dagbag.py:536} INFO - Filling up the DagBag from /home/airflow/.local/lib/python3.8/site-packages/airflow/example_dags/example_params_ui_tutorial.py
[2024-05-11T21:08:45.552+0000] {processor.py:839} INFO - DAG(s) dict_keys(['example_params_ui_tutorial']) retrieved from /home/airflow/.local/lib/python3.8/site-packages/airflow/example_dags/example_params_ui_tutorial.py
[2024-05-11T21:08:45.582+0000] {logging_mixin.py:154} INFO - [2024-05-11T21:08:45.582+0000] {dag.py:2941} INFO - Sync 1 DAGs
[2024-05-11T21:08:45.591+0000] {logging_mixin.py:154} INFO - [2024-05-11T21:08:45.591+0000] {dag.py:3722} INFO - Setting next_dagrun for example_params_ui_tutorial to None, run_after=None
[2024-05-11T21:08:45.601+0000] {processor.py:179} INFO - Processing /home/airflow/.local/lib/python3.8/site-packages/airflow/example_dags/example_params_ui_tutorial.py took 0.073 seconds
[2024-05-11T21:09:16.051+0000] {processor.py:157} INFO - Started process (PID=448) to work on /home/airflow/.local/lib/python3.8/site-packages/airflow/example_dags/example_params_ui_tutorial.py
[2024-05-11T21:09:16.053+0000] {processor.py:829} INFO - Processing file /home/airflow/.local/lib/python3.8/site-packages/airflow/example_dags/example_params_ui_tutorial.py for tasks to queue
[2024-05-11T21:09:16.055+0000] {logging_mixin.py:154} INFO - [2024-05-11T21:09:16.054+0000] {dagbag.py:536} INFO - Filling up the DagBag from /home/airflow/.local/lib/python3.8/site-packages/airflow/example_dags/example_params_ui_tutorial.py
[2024-05-11T21:09:16.073+0000] {processor.py:839} INFO - DAG(s) dict_keys(['example_params_ui_tutorial']) retrieved from /home/airflow/.local/lib/python3.8/site-packages/airflow/example_dags/example_params_ui_tutorial.py
[2024-05-11T21:09:16.101+0000] {logging_mixin.py:154} INFO - [2024-05-11T21:09:16.101+0000] {dag.py:2941} INFO - Sync 1 DAGs
[2024-05-11T21:09:16.109+0000] {logging_mixin.py:154} INFO - [2024-05-11T21:09:16.109+0000] {dag.py:3722} INFO - Setting next_dagrun for example_params_ui_tutorial to None, run_after=None
[2024-05-11T21:09:16.119+0000] {processor.py:179} INFO - Processing /home/airflow/.local/lib/python3.8/site-packages/airflow/example_dags/example_params_ui_tutorial.py took 0.071 seconds
[2024-05-11T21:09:46.304+0000] {processor.py:157} INFO - Started process (PID=503) to work on /home/airflow/.local/lib/python3.8/site-packages/airflow/example_dags/example_params_ui_tutorial.py
[2024-05-11T21:09:46.305+0000] {processor.py:829} INFO - Processing file /home/airflow/.local/lib/python3.8/site-packages/airflow/example_dags/example_params_ui_tutorial.py for tasks to queue
[2024-05-11T21:09:46.307+0000] {logging_mixin.py:154} INFO - [2024-05-11T21:09:46.307+0000] {dagbag.py:536} INFO - Filling up the DagBag from /home/airflow/.local/lib/python3.8/site-packages/airflow/example_dags/example_params_ui_tutorial.py
[2024-05-11T21:09:46.324+0000] {processor.py:839} INFO - DAG(s) dict_keys(['example_params_ui_tutorial']) retrieved from /home/airflow/.local/lib/python3.8/site-packages/airflow/example_dags/example_params_ui_tutorial.py
[2024-05-11T21:09:46.355+0000] {logging_mixin.py:154} INFO - [2024-05-11T21:09:46.355+0000] {dag.py:2941} INFO - Sync 1 DAGs
[2024-05-11T21:09:46.363+0000] {logging_mixin.py:154} INFO - [2024-05-11T21:09:46.363+0000] {dag.py:3722} INFO - Setting next_dagrun for example_params_ui_tutorial to None, run_after=None
[2024-05-11T21:09:46.373+0000] {processor.py:179} INFO - Processing /home/airflow/.local/lib/python3.8/site-packages/airflow/example_dags/example_params_ui_tutorial.py took 0.073 seconds
[2024-05-11T21:10:16.545+0000] {processor.py:157} INFO - Started process (PID=557) to work on /home/airflow/.local/lib/python3.8/site-packages/airflow/example_dags/example_params_ui_tutorial.py
[2024-05-11T21:10:16.546+0000] {processor.py:829} INFO - Processing file /home/airflow/.local/lib/python3.8/site-packages/airflow/example_dags/example_params_ui_tutorial.py for tasks to queue
[2024-05-11T21:10:16.548+0000] {logging_mixin.py:154} INFO - [2024-05-11T21:10:16.547+0000] {dagbag.py:536} INFO - Filling up the DagBag from /home/airflow/.local/lib/python3.8/site-packages/airflow/example_dags/example_params_ui_tutorial.py
[2024-05-11T21:10:16.567+0000] {processor.py:839} INFO - DAG(s) dict_keys(['example_params_ui_tutorial']) retrieved from /home/airflow/.local/lib/python3.8/site-packages/airflow/example_dags/example_params_ui_tutorial.py
[2024-05-11T21:10:16.596+0000] {logging_mixin.py:154} INFO - [2024-05-11T21:10:16.596+0000] {dag.py:2941} INFO - Sync 1 DAGs
[2024-05-11T21:10:16.604+0000] {logging_mixin.py:154} INFO - [2024-05-11T21:10:16.604+0000] {dag.py:3722} INFO - Setting next_dagrun for example_params_ui_tutorial to None, run_after=None
[2024-05-11T21:10:16.615+0000] {processor.py:179} INFO - Processing /home/airflow/.local/lib/python3.8/site-packages/airflow/example_dags/example_params_ui_tutorial.py took 0.073 seconds
[2024-05-11T21:10:46.950+0000] {processor.py:157} INFO - Started process (PID=612) to work on /home/airflow/.local/lib/python3.8/site-packages/airflow/example_dags/example_params_ui_tutorial.py
[2024-05-11T21:10:46.951+0000] {processor.py:829} INFO - Processing file /home/airflow/.local/lib/python3.8/site-packages/airflow/example_dags/example_params_ui_tutorial.py for tasks to queue
[2024-05-11T21:10:46.952+0000] {logging_mixin.py:154} INFO - [2024-05-11T21:10:46.952+0000] {dagbag.py:536} INFO - Filling up the DagBag from /home/airflow/.local/lib/python3.8/site-packages/airflow/example_dags/example_params_ui_tutorial.py
[2024-05-11T21:10:46.972+0000] {processor.py:839} INFO - DAG(s) dict_keys(['example_params_ui_tutorial']) retrieved from /home/airflow/.local/lib/python3.8/site-packages/airflow/example_dags/example_params_ui_tutorial.py
[2024-05-11T21:10:47.004+0000] {logging_mixin.py:154} INFO - [2024-05-11T21:10:47.004+0000] {dag.py:2941} INFO - Sync 1 DAGs
[2024-05-11T21:10:47.012+0000] {logging_mixin.py:154} INFO - [2024-05-11T21:10:47.012+0000] {dag.py:3722} INFO - Setting next_dagrun for example_params_ui_tutorial to None, run_after=None
[2024-05-11T21:10:47.027+0000] {processor.py:179} INFO - Processing /home/airflow/.local/lib/python3.8/site-packages/airflow/example_dags/example_params_ui_tutorial.py took 0.080 seconds
[2024-05-11T21:11:17.221+0000] {processor.py:157} INFO - Started process (PID=667) to work on /home/airflow/.local/lib/python3.8/site-packages/airflow/example_dags/example_params_ui_tutorial.py
[2024-05-11T21:11:17.222+0000] {processor.py:829} INFO - Processing file /home/airflow/.local/lib/python3.8/site-packages/airflow/example_dags/example_params_ui_tutorial.py for tasks to queue
[2024-05-11T21:11:17.224+0000] {logging_mixin.py:154} INFO - [2024-05-11T21:11:17.224+0000] {dagbag.py:536} INFO - Filling up the DagBag from /home/airflow/.local/lib/python3.8/site-packages/airflow/example_dags/example_params_ui_tutorial.py
[2024-05-11T21:11:17.241+0000] {processor.py:839} INFO - DAG(s) dict_keys(['example_params_ui_tutorial']) retrieved from /home/airflow/.local/lib/python3.8/site-packages/airflow/example_dags/example_params_ui_tutorial.py
[2024-05-11T21:11:17.271+0000] {logging_mixin.py:154} INFO - [2024-05-11T21:11:17.270+0000] {dag.py:2941} INFO - Sync 1 DAGs
[2024-05-11T21:11:17.279+0000] {logging_mixin.py:154} INFO - [2024-05-11T21:11:17.279+0000] {dag.py:3722} INFO - Setting next_dagrun for example_params_ui_tutorial to None, run_after=None
[2024-05-11T21:11:17.291+0000] {processor.py:179} INFO - Processing /home/airflow/.local/lib/python3.8/site-packages/airflow/example_dags/example_params_ui_tutorial.py took 0.073 seconds
[2024-05-11T21:11:47.435+0000] {processor.py:157} INFO - Started process (PID=722) to work on /home/airflow/.local/lib/python3.8/site-packages/airflow/example_dags/example_params_ui_tutorial.py
[2024-05-11T21:11:47.437+0000] {processor.py:829} INFO - Processing file /home/airflow/.local/lib/python3.8/site-packages/airflow/example_dags/example_params_ui_tutorial.py for tasks to queue
[2024-05-11T21:11:47.439+0000] {logging_mixin.py:154} INFO - [2024-05-11T21:11:47.439+0000] {dagbag.py:536} INFO - Filling up the DagBag from /home/airflow/.local/lib/python3.8/site-packages/airflow/example_dags/example_params_ui_tutorial.py
[2024-05-11T21:11:47.457+0000] {processor.py:839} INFO - DAG(s) dict_keys(['example_params_ui_tutorial']) retrieved from /home/airflow/.local/lib/python3.8/site-packages/airflow/example_dags/example_params_ui_tutorial.py
[2024-05-11T21:11:47.485+0000] {logging_mixin.py:154} INFO - [2024-05-11T21:11:47.485+0000] {dag.py:2941} INFO - Sync 1 DAGs
[2024-05-11T21:11:47.492+0000] {logging_mixin.py:154} INFO - [2024-05-11T21:11:47.492+0000] {dag.py:3722} INFO - Setting next_dagrun for example_params_ui_tutorial to None, run_after=None
[2024-05-11T21:11:47.502+0000] {processor.py:179} INFO - Processing /home/airflow/.local/lib/python3.8/site-packages/airflow/example_dags/example_params_ui_tutorial.py took 0.069 seconds
[2024-05-11T21:12:17.730+0000] {processor.py:157} INFO - Started process (PID=778) to work on /home/airflow/.local/lib/python3.8/site-packages/airflow/example_dags/example_params_ui_tutorial.py
[2024-05-11T21:12:17.731+0000] {processor.py:829} INFO - Processing file /home/airflow/.local/lib/python3.8/site-packages/airflow/example_dags/example_params_ui_tutorial.py for tasks to queue
[2024-05-11T21:12:17.733+0000] {logging_mixin.py:154} INFO - [2024-05-11T21:12:17.733+0000] {dagbag.py:536} INFO - Filling up the DagBag from /home/airflow/.local/lib/python3.8/site-packages/airflow/example_dags/example_params_ui_tutorial.py
[2024-05-11T21:12:17.750+0000] {processor.py:839} INFO - DAG(s) dict_keys(['example_params_ui_tutorial']) retrieved from /home/airflow/.local/lib/python3.8/site-packages/airflow/example_dags/example_params_ui_tutorial.py
[2024-05-11T21:12:17.779+0000] {logging_mixin.py:154} INFO - [2024-05-11T21:12:17.779+0000] {dag.py:2941} INFO - Sync 1 DAGs
[2024-05-11T21:12:17.787+0000] {logging_mixin.py:154} INFO - [2024-05-11T21:12:17.787+0000] {dag.py:3722} INFO - Setting next_dagrun for example_params_ui_tutorial to None, run_after=None
[2024-05-11T21:12:17.797+0000] {processor.py:179} INFO - Processing /home/airflow/.local/lib/python3.8/site-packages/airflow/example_dags/example_params_ui_tutorial.py took 0.070 seconds
[2024-05-11T21:12:48.135+0000] {processor.py:157} INFO - Started process (PID=833) to work on /home/airflow/.local/lib/python3.8/site-packages/airflow/example_dags/example_params_ui_tutorial.py
[2024-05-11T21:12:48.136+0000] {processor.py:829} INFO - Processing file /home/airflow/.local/lib/python3.8/site-packages/airflow/example_dags/example_params_ui_tutorial.py for tasks to queue
[2024-05-11T21:12:48.138+0000] {logging_mixin.py:154} INFO - [2024-05-11T21:12:48.138+0000] {dagbag.py:536} INFO - Filling up the DagBag from /home/airflow/.local/lib/python3.8/site-packages/airflow/example_dags/example_params_ui_tutorial.py
[2024-05-11T21:12:48.159+0000] {processor.py:839} INFO - DAG(s) dict_keys(['example_params_ui_tutorial']) retrieved from /home/airflow/.local/lib/python3.8/site-packages/airflow/example_dags/example_params_ui_tutorial.py
[2024-05-11T21:12:48.194+0000] {logging_mixin.py:154} INFO - [2024-05-11T21:12:48.194+0000] {dag.py:2941} INFO - Sync 1 DAGs
[2024-05-11T21:12:48.202+0000] {logging_mixin.py:154} INFO - [2024-05-11T21:12:48.202+0000] {dag.py:3722} INFO - Setting next_dagrun for example_params_ui_tutorial to None, run_after=None
[2024-05-11T21:12:48.217+0000] {processor.py:179} INFO - Processing /home/airflow/.local/lib/python3.8/site-packages/airflow/example_dags/example_params_ui_tutorial.py took 0.085 seconds
[2024-05-11T21:13:18.486+0000] {processor.py:157} INFO - Started process (PID=888) to work on /home/airflow/.local/lib/python3.8/site-packages/airflow/example_dags/example_params_ui_tutorial.py
[2024-05-11T21:13:18.487+0000] {processor.py:829} INFO - Processing file /home/airflow/.local/lib/python3.8/site-packages/airflow/example_dags/example_params_ui_tutorial.py for tasks to queue
[2024-05-11T21:13:18.489+0000] {logging_mixin.py:154} INFO - [2024-05-11T21:13:18.489+0000] {dagbag.py:536} INFO - Filling up the DagBag from /home/airflow/.local/lib/python3.8/site-packages/airflow/example_dags/example_params_ui_tutorial.py
[2024-05-11T21:13:18.506+0000] {processor.py:839} INFO - DAG(s) dict_keys(['example_params_ui_tutorial']) retrieved from /home/airflow/.local/lib/python3.8/site-packages/airflow/example_dags/example_params_ui_tutorial.py
[2024-05-11T21:13:18.536+0000] {logging_mixin.py:154} INFO - [2024-05-11T21:13:18.536+0000] {dag.py:2941} INFO - Sync 1 DAGs
[2024-05-11T21:13:18.544+0000] {logging_mixin.py:154} INFO - [2024-05-11T21:13:18.544+0000] {dag.py:3722} INFO - Setting next_dagrun for example_params_ui_tutorial to None, run_after=None
[2024-05-11T21:13:18.554+0000] {processor.py:179} INFO - Processing /home/airflow/.local/lib/python3.8/site-packages/airflow/example_dags/example_params_ui_tutorial.py took 0.071 seconds
[2024-05-11T21:13:48.602+0000] {processor.py:157} INFO - Started process (PID=943) to work on /home/airflow/.local/lib/python3.8/site-packages/airflow/example_dags/example_params_ui_tutorial.py
[2024-05-11T21:13:48.603+0000] {processor.py:829} INFO - Processing file /home/airflow/.local/lib/python3.8/site-packages/airflow/example_dags/example_params_ui_tutorial.py for tasks to queue
[2024-05-11T21:13:48.605+0000] {logging_mixin.py:154} INFO - [2024-05-11T21:13:48.605+0000] {dagbag.py:536} INFO - Filling up the DagBag from /home/airflow/.local/lib/python3.8/site-packages/airflow/example_dags/example_params_ui_tutorial.py
[2024-05-11T21:13:48.622+0000] {processor.py:839} INFO - DAG(s) dict_keys(['example_params_ui_tutorial']) retrieved from /home/airflow/.local/lib/python3.8/site-packages/airflow/example_dags/example_params_ui_tutorial.py
[2024-05-11T21:13:48.652+0000] {logging_mixin.py:154} INFO - [2024-05-11T21:13:48.652+0000] {dag.py:2941} INFO - Sync 1 DAGs
[2024-05-11T21:13:48.660+0000] {logging_mixin.py:154} INFO - [2024-05-11T21:13:48.660+0000] {dag.py:3722} INFO - Setting next_dagrun for example_params_ui_tutorial to None, run_after=None
[2024-05-11T21:13:48.671+0000] {processor.py:179} INFO - Processing /home/airflow/.local/lib/python3.8/site-packages/airflow/example_dags/example_params_ui_tutorial.py took 0.072 seconds
[2024-05-11T21:14:18.856+0000] {processor.py:157} INFO - Started process (PID=998) to work on /home/airflow/.local/lib/python3.8/site-packages/airflow/example_dags/example_params_ui_tutorial.py
[2024-05-11T21:14:18.858+0000] {processor.py:829} INFO - Processing file /home/airflow/.local/lib/python3.8/site-packages/airflow/example_dags/example_params_ui_tutorial.py for tasks to queue
[2024-05-11T21:14:18.860+0000] {logging_mixin.py:154} INFO - [2024-05-11T21:14:18.860+0000] {dagbag.py:536} INFO - Filling up the DagBag from /home/airflow/.local/lib/python3.8/site-packages/airflow/example_dags/example_params_ui_tutorial.py
[2024-05-11T21:14:18.877+0000] {processor.py:839} INFO - DAG(s) dict_keys(['example_params_ui_tutorial']) retrieved from /home/airflow/.local/lib/python3.8/site-packages/airflow/example_dags/example_params_ui_tutorial.py
[2024-05-11T21:14:18.907+0000] {logging_mixin.py:154} INFO - [2024-05-11T21:14:18.906+0000] {dag.py:2941} INFO - Sync 1 DAGs
[2024-05-11T21:14:18.915+0000] {logging_mixin.py:154} INFO - [2024-05-11T21:14:18.915+0000] {dag.py:3722} INFO - Setting next_dagrun for example_params_ui_tutorial to None, run_after=None
[2024-05-11T21:14:18.925+0000] {processor.py:179} INFO - Processing /home/airflow/.local/lib/python3.8/site-packages/airflow/example_dags/example_params_ui_tutorial.py took 0.071 seconds
[2024-05-11T21:14:49.239+0000] {processor.py:157} INFO - Started process (PID=1054) to work on /home/airflow/.local/lib/python3.8/site-packages/airflow/example_dags/example_params_ui_tutorial.py
[2024-05-11T21:14:49.241+0000] {processor.py:829} INFO - Processing file /home/airflow/.local/lib/python3.8/site-packages/airflow/example_dags/example_params_ui_tutorial.py for tasks to queue
[2024-05-11T21:14:49.243+0000] {logging_mixin.py:154} INFO - [2024-05-11T21:14:49.243+0000] {dagbag.py:536} INFO - Filling up the DagBag from /home/airflow/.local/lib/python3.8/site-packages/airflow/example_dags/example_params_ui_tutorial.py
[2024-05-11T21:14:49.261+0000] {processor.py:839} INFO - DAG(s) dict_keys(['example_params_ui_tutorial']) retrieved from /home/airflow/.local/lib/python3.8/site-packages/airflow/example_dags/example_params_ui_tutorial.py
[2024-05-11T21:14:49.292+0000] {logging_mixin.py:154} INFO - [2024-05-11T21:14:49.292+0000] {dag.py:2941} INFO - Sync 1 DAGs
[2024-05-11T21:14:49.300+0000] {logging_mixin.py:154} INFO - [2024-05-11T21:14:49.300+0000] {dag.py:3722} INFO - Setting next_dagrun for example_params_ui_tutorial to None, run_after=None
[2024-05-11T21:14:49.313+0000] {processor.py:179} INFO - Processing /home/airflow/.local/lib/python3.8/site-packages/airflow/example_dags/example_params_ui_tutorial.py took 0.076 seconds
[2024-05-11T21:16:32.951+0000] {processor.py:157} INFO - Started process (PID=60) to work on /home/airflow/.local/lib/python3.8/site-packages/airflow/example_dags/example_params_ui_tutorial.py
[2024-05-11T21:16:32.954+0000] {processor.py:829} INFO - Processing file /home/airflow/.local/lib/python3.8/site-packages/airflow/example_dags/example_params_ui_tutorial.py for tasks to queue
[2024-05-11T21:16:32.961+0000] {logging_mixin.py:154} INFO - [2024-05-11T21:16:32.960+0000] {dagbag.py:536} INFO - Filling up the DagBag from /home/airflow/.local/lib/python3.8/site-packages/airflow/example_dags/example_params_ui_tutorial.py
[2024-05-11T21:16:33.002+0000] {processor.py:839} INFO - DAG(s) dict_keys(['example_params_ui_tutorial']) retrieved from /home/airflow/.local/lib/python3.8/site-packages/airflow/example_dags/example_params_ui_tutorial.py
[2024-05-11T21:16:33.025+0000] {logging_mixin.py:154} INFO - [2024-05-11T21:16:33.025+0000] {dag.py:2941} INFO - Sync 1 DAGs
[2024-05-11T21:16:33.047+0000] {logging_mixin.py:154} INFO - [2024-05-11T21:16:33.047+0000] {dag.py:3722} INFO - Setting next_dagrun for example_params_ui_tutorial to None, run_after=None
[2024-05-11T21:16:33.107+0000] {processor.py:179} INFO - Processing /home/airflow/.local/lib/python3.8/site-packages/airflow/example_dags/example_params_ui_tutorial.py took 0.162 seconds
[2024-05-11T21:17:03.747+0000] {processor.py:157} INFO - Started process (PID=116) to work on /home/airflow/.local/lib/python3.8/site-packages/airflow/example_dags/example_params_ui_tutorial.py
[2024-05-11T21:17:03.748+0000] {processor.py:829} INFO - Processing file /home/airflow/.local/lib/python3.8/site-packages/airflow/example_dags/example_params_ui_tutorial.py for tasks to queue
[2024-05-11T21:17:03.750+0000] {logging_mixin.py:154} INFO - [2024-05-11T21:17:03.750+0000] {dagbag.py:536} INFO - Filling up the DagBag from /home/airflow/.local/lib/python3.8/site-packages/airflow/example_dags/example_params_ui_tutorial.py
[2024-05-11T21:17:03.767+0000] {processor.py:839} INFO - DAG(s) dict_keys(['example_params_ui_tutorial']) retrieved from /home/airflow/.local/lib/python3.8/site-packages/airflow/example_dags/example_params_ui_tutorial.py
[2024-05-11T21:17:03.796+0000] {logging_mixin.py:154} INFO - [2024-05-11T21:17:03.796+0000] {dag.py:2941} INFO - Sync 1 DAGs
[2024-05-11T21:17:03.804+0000] {logging_mixin.py:154} INFO - [2024-05-11T21:17:03.804+0000] {dag.py:3722} INFO - Setting next_dagrun for example_params_ui_tutorial to None, run_after=None
[2024-05-11T21:17:03.815+0000] {processor.py:179} INFO - Processing /home/airflow/.local/lib/python3.8/site-packages/airflow/example_dags/example_params_ui_tutorial.py took 0.071 seconds
[2024-05-11T21:17:34.035+0000] {processor.py:157} INFO - Started process (PID=171) to work on /home/airflow/.local/lib/python3.8/site-packages/airflow/example_dags/example_params_ui_tutorial.py
[2024-05-11T21:17:34.038+0000] {processor.py:829} INFO - Processing file /home/airflow/.local/lib/python3.8/site-packages/airflow/example_dags/example_params_ui_tutorial.py for tasks to queue
[2024-05-11T21:17:34.040+0000] {logging_mixin.py:154} INFO - [2024-05-11T21:17:34.040+0000] {dagbag.py:536} INFO - Filling up the DagBag from /home/airflow/.local/lib/python3.8/site-packages/airflow/example_dags/example_params_ui_tutorial.py
[2024-05-11T21:17:34.059+0000] {processor.py:839} INFO - DAG(s) dict_keys(['example_params_ui_tutorial']) retrieved from /home/airflow/.local/lib/python3.8/site-packages/airflow/example_dags/example_params_ui_tutorial.py
[2024-05-11T21:17:34.090+0000] {logging_mixin.py:154} INFO - [2024-05-11T21:17:34.090+0000] {dag.py:2941} INFO - Sync 1 DAGs
[2024-05-11T21:17:34.098+0000] {logging_mixin.py:154} INFO - [2024-05-11T21:17:34.097+0000] {dag.py:3722} INFO - Setting next_dagrun for example_params_ui_tutorial to None, run_after=None
[2024-05-11T21:17:34.121+0000] {processor.py:179} INFO - Processing /home/airflow/.local/lib/python3.8/site-packages/airflow/example_dags/example_params_ui_tutorial.py took 0.089 seconds
[2024-05-11T21:18:04.410+0000] {processor.py:157} INFO - Started process (PID=227) to work on /home/airflow/.local/lib/python3.8/site-packages/airflow/example_dags/example_params_ui_tutorial.py
[2024-05-11T21:18:04.411+0000] {processor.py:829} INFO - Processing file /home/airflow/.local/lib/python3.8/site-packages/airflow/example_dags/example_params_ui_tutorial.py for tasks to queue
[2024-05-11T21:18:04.413+0000] {logging_mixin.py:154} INFO - [2024-05-11T21:18:04.413+0000] {dagbag.py:536} INFO - Filling up the DagBag from /home/airflow/.local/lib/python3.8/site-packages/airflow/example_dags/example_params_ui_tutorial.py
[2024-05-11T21:18:04.430+0000] {processor.py:839} INFO - DAG(s) dict_keys(['example_params_ui_tutorial']) retrieved from /home/airflow/.local/lib/python3.8/site-packages/airflow/example_dags/example_params_ui_tutorial.py
[2024-05-11T21:18:04.457+0000] {logging_mixin.py:154} INFO - [2024-05-11T21:18:04.457+0000] {dag.py:2941} INFO - Sync 1 DAGs
[2024-05-11T21:18:04.465+0000] {logging_mixin.py:154} INFO - [2024-05-11T21:18:04.465+0000] {dag.py:3722} INFO - Setting next_dagrun for example_params_ui_tutorial to None, run_after=None
[2024-05-11T21:18:04.475+0000] {processor.py:179} INFO - Processing /home/airflow/.local/lib/python3.8/site-packages/airflow/example_dags/example_params_ui_tutorial.py took 0.068 seconds
[2024-05-11T21:18:34.578+0000] {processor.py:157} INFO - Started process (PID=282) to work on /home/airflow/.local/lib/python3.8/site-packages/airflow/example_dags/example_params_ui_tutorial.py
[2024-05-11T21:18:34.579+0000] {processor.py:829} INFO - Processing file /home/airflow/.local/lib/python3.8/site-packages/airflow/example_dags/example_params_ui_tutorial.py for tasks to queue
[2024-05-11T21:18:34.581+0000] {logging_mixin.py:154} INFO - [2024-05-11T21:18:34.581+0000] {dagbag.py:536} INFO - Filling up the DagBag from /home/airflow/.local/lib/python3.8/site-packages/airflow/example_dags/example_params_ui_tutorial.py
[2024-05-11T21:18:34.600+0000] {processor.py:839} INFO - DAG(s) dict_keys(['example_params_ui_tutorial']) retrieved from /home/airflow/.local/lib/python3.8/site-packages/airflow/example_dags/example_params_ui_tutorial.py
[2024-05-11T21:18:34.629+0000] {logging_mixin.py:154} INFO - [2024-05-11T21:18:34.629+0000] {dag.py:2941} INFO - Sync 1 DAGs
[2024-05-11T21:18:34.637+0000] {logging_mixin.py:154} INFO - [2024-05-11T21:18:34.637+0000] {dag.py:3722} INFO - Setting next_dagrun for example_params_ui_tutorial to None, run_after=None
[2024-05-11T21:18:34.648+0000] {processor.py:179} INFO - Processing /home/airflow/.local/lib/python3.8/site-packages/airflow/example_dags/example_params_ui_tutorial.py took 0.073 seconds
[2024-05-11T21:19:04.842+0000] {processor.py:157} INFO - Started process (PID=337) to work on /home/airflow/.local/lib/python3.8/site-packages/airflow/example_dags/example_params_ui_tutorial.py
[2024-05-11T21:19:04.844+0000] {processor.py:829} INFO - Processing file /home/airflow/.local/lib/python3.8/site-packages/airflow/example_dags/example_params_ui_tutorial.py for tasks to queue
[2024-05-11T21:19:04.846+0000] {logging_mixin.py:154} INFO - [2024-05-11T21:19:04.845+0000] {dagbag.py:536} INFO - Filling up the DagBag from /home/airflow/.local/lib/python3.8/site-packages/airflow/example_dags/example_params_ui_tutorial.py
[2024-05-11T21:19:04.863+0000] {processor.py:839} INFO - DAG(s) dict_keys(['example_params_ui_tutorial']) retrieved from /home/airflow/.local/lib/python3.8/site-packages/airflow/example_dags/example_params_ui_tutorial.py
[2024-05-11T21:19:04.898+0000] {logging_mixin.py:154} INFO - [2024-05-11T21:19:04.898+0000] {dag.py:2941} INFO - Sync 1 DAGs
[2024-05-11T21:19:04.906+0000] {logging_mixin.py:154} INFO - [2024-05-11T21:19:04.906+0000] {dag.py:3722} INFO - Setting next_dagrun for example_params_ui_tutorial to None, run_after=None
[2024-05-11T21:19:04.917+0000] {processor.py:179} INFO - Processing /home/airflow/.local/lib/python3.8/site-packages/airflow/example_dags/example_params_ui_tutorial.py took 0.077 seconds
[2024-05-11T21:19:35.233+0000] {processor.py:157} INFO - Started process (PID=392) to work on /home/airflow/.local/lib/python3.8/site-packages/airflow/example_dags/example_params_ui_tutorial.py
[2024-05-11T21:19:35.234+0000] {processor.py:829} INFO - Processing file /home/airflow/.local/lib/python3.8/site-packages/airflow/example_dags/example_params_ui_tutorial.py for tasks to queue
[2024-05-11T21:19:35.236+0000] {logging_mixin.py:154} INFO - [2024-05-11T21:19:35.236+0000] {dagbag.py:536} INFO - Filling up the DagBag from /home/airflow/.local/lib/python3.8/site-packages/airflow/example_dags/example_params_ui_tutorial.py
[2024-05-11T21:19:35.253+0000] {processor.py:839} INFO - DAG(s) dict_keys(['example_params_ui_tutorial']) retrieved from /home/airflow/.local/lib/python3.8/site-packages/airflow/example_dags/example_params_ui_tutorial.py
[2024-05-11T21:19:35.282+0000] {logging_mixin.py:154} INFO - [2024-05-11T21:19:35.282+0000] {dag.py:2941} INFO - Sync 1 DAGs
[2024-05-11T21:19:35.289+0000] {logging_mixin.py:154} INFO - [2024-05-11T21:19:35.289+0000] {dag.py:3722} INFO - Setting next_dagrun for example_params_ui_tutorial to None, run_after=None
[2024-05-11T21:19:35.301+0000] {processor.py:179} INFO - Processing /home/airflow/.local/lib/python3.8/site-packages/airflow/example_dags/example_params_ui_tutorial.py took 0.070 seconds
[2024-05-11T21:20:05.635+0000] {processor.py:157} INFO - Started process (PID=447) to work on /home/airflow/.local/lib/python3.8/site-packages/airflow/example_dags/example_params_ui_tutorial.py
[2024-05-11T21:20:05.636+0000] {processor.py:829} INFO - Processing file /home/airflow/.local/lib/python3.8/site-packages/airflow/example_dags/example_params_ui_tutorial.py for tasks to queue
[2024-05-11T21:20:05.638+0000] {logging_mixin.py:154} INFO - [2024-05-11T21:20:05.637+0000] {dagbag.py:536} INFO - Filling up the DagBag from /home/airflow/.local/lib/python3.8/site-packages/airflow/example_dags/example_params_ui_tutorial.py
[2024-05-11T21:20:05.654+0000] {processor.py:839} INFO - DAG(s) dict_keys(['example_params_ui_tutorial']) retrieved from /home/airflow/.local/lib/python3.8/site-packages/airflow/example_dags/example_params_ui_tutorial.py
[2024-05-11T21:20:05.682+0000] {logging_mixin.py:154} INFO - [2024-05-11T21:20:05.681+0000] {dag.py:2941} INFO - Sync 1 DAGs
[2024-05-11T21:20:05.689+0000] {logging_mixin.py:154} INFO - [2024-05-11T21:20:05.689+0000] {dag.py:3722} INFO - Setting next_dagrun for example_params_ui_tutorial to None, run_after=None
[2024-05-11T21:20:05.698+0000] {processor.py:179} INFO - Processing /home/airflow/.local/lib/python3.8/site-packages/airflow/example_dags/example_params_ui_tutorial.py took 0.066 seconds
[2024-05-11T21:20:35.803+0000] {processor.py:157} INFO - Started process (PID=502) to work on /home/airflow/.local/lib/python3.8/site-packages/airflow/example_dags/example_params_ui_tutorial.py
[2024-05-11T21:20:35.804+0000] {processor.py:829} INFO - Processing file /home/airflow/.local/lib/python3.8/site-packages/airflow/example_dags/example_params_ui_tutorial.py for tasks to queue
[2024-05-11T21:20:35.806+0000] {logging_mixin.py:154} INFO - [2024-05-11T21:20:35.806+0000] {dagbag.py:536} INFO - Filling up the DagBag from /home/airflow/.local/lib/python3.8/site-packages/airflow/example_dags/example_params_ui_tutorial.py
[2024-05-11T21:20:35.823+0000] {processor.py:839} INFO - DAG(s) dict_keys(['example_params_ui_tutorial']) retrieved from /home/airflow/.local/lib/python3.8/site-packages/airflow/example_dags/example_params_ui_tutorial.py
[2024-05-11T21:20:35.850+0000] {logging_mixin.py:154} INFO - [2024-05-11T21:20:35.850+0000] {dag.py:2941} INFO - Sync 1 DAGs
[2024-05-11T21:20:35.857+0000] {logging_mixin.py:154} INFO - [2024-05-11T21:20:35.857+0000] {dag.py:3722} INFO - Setting next_dagrun for example_params_ui_tutorial to None, run_after=None
[2024-05-11T21:20:35.867+0000] {processor.py:179} INFO - Processing /home/airflow/.local/lib/python3.8/site-packages/airflow/example_dags/example_params_ui_tutorial.py took 0.066 seconds
[2024-05-11T21:21:05.963+0000] {processor.py:157} INFO - Started process (PID=557) to work on /home/airflow/.local/lib/python3.8/site-packages/airflow/example_dags/example_params_ui_tutorial.py
[2024-05-11T21:21:05.964+0000] {processor.py:829} INFO - Processing file /home/airflow/.local/lib/python3.8/site-packages/airflow/example_dags/example_params_ui_tutorial.py for tasks to queue
[2024-05-11T21:21:05.966+0000] {logging_mixin.py:154} INFO - [2024-05-11T21:21:05.965+0000] {dagbag.py:536} INFO - Filling up the DagBag from /home/airflow/.local/lib/python3.8/site-packages/airflow/example_dags/example_params_ui_tutorial.py
[2024-05-11T21:21:05.983+0000] {processor.py:839} INFO - DAG(s) dict_keys(['example_params_ui_tutorial']) retrieved from /home/airflow/.local/lib/python3.8/site-packages/airflow/example_dags/example_params_ui_tutorial.py
[2024-05-11T21:21:06.010+0000] {logging_mixin.py:154} INFO - [2024-05-11T21:21:06.010+0000] {dag.py:2941} INFO - Sync 1 DAGs
[2024-05-11T21:21:06.018+0000] {logging_mixin.py:154} INFO - [2024-05-11T21:21:06.018+0000] {dag.py:3722} INFO - Setting next_dagrun for example_params_ui_tutorial to None, run_after=None
[2024-05-11T21:21:06.029+0000] {processor.py:179} INFO - Processing /home/airflow/.local/lib/python3.8/site-packages/airflow/example_dags/example_params_ui_tutorial.py took 0.068 seconds
[2024-05-11T21:21:36.473+0000] {processor.py:157} INFO - Started process (PID=612) to work on /home/airflow/.local/lib/python3.8/site-packages/airflow/example_dags/example_params_ui_tutorial.py
[2024-05-11T21:21:36.475+0000] {processor.py:829} INFO - Processing file /home/airflow/.local/lib/python3.8/site-packages/airflow/example_dags/example_params_ui_tutorial.py for tasks to queue
[2024-05-11T21:21:36.477+0000] {logging_mixin.py:154} INFO - [2024-05-11T21:21:36.476+0000] {dagbag.py:536} INFO - Filling up the DagBag from /home/airflow/.local/lib/python3.8/site-packages/airflow/example_dags/example_params_ui_tutorial.py
[2024-05-11T21:21:36.494+0000] {processor.py:839} INFO - DAG(s) dict_keys(['example_params_ui_tutorial']) retrieved from /home/airflow/.local/lib/python3.8/site-packages/airflow/example_dags/example_params_ui_tutorial.py
[2024-05-11T21:21:36.524+0000] {logging_mixin.py:154} INFO - [2024-05-11T21:21:36.523+0000] {dag.py:2941} INFO - Sync 1 DAGs
[2024-05-11T21:21:36.532+0000] {logging_mixin.py:154} INFO - [2024-05-11T21:21:36.532+0000] {dag.py:3722} INFO - Setting next_dagrun for example_params_ui_tutorial to None, run_after=None
[2024-05-11T21:21:36.544+0000] {processor.py:179} INFO - Processing /home/airflow/.local/lib/python3.8/site-packages/airflow/example_dags/example_params_ui_tutorial.py took 0.073 seconds
[2024-05-11T21:42:06.337+0000] {processor.py:157} INFO - Started process (PID=58) to work on /home/airflow/.local/lib/python3.8/site-packages/airflow/example_dags/example_params_ui_tutorial.py
[2024-05-11T21:42:06.340+0000] {processor.py:829} INFO - Processing file /home/airflow/.local/lib/python3.8/site-packages/airflow/example_dags/example_params_ui_tutorial.py for tasks to queue
[2024-05-11T21:42:06.345+0000] {logging_mixin.py:154} INFO - [2024-05-11T21:42:06.345+0000] {dagbag.py:536} INFO - Filling up the DagBag from /home/airflow/.local/lib/python3.8/site-packages/airflow/example_dags/example_params_ui_tutorial.py
[2024-05-11T21:42:06.398+0000] {processor.py:839} INFO - DAG(s) dict_keys(['example_params_ui_tutorial']) retrieved from /home/airflow/.local/lib/python3.8/site-packages/airflow/example_dags/example_params_ui_tutorial.py
[2024-05-11T21:42:06.718+0000] {logging_mixin.py:154} INFO - [2024-05-11T21:42:06.718+0000] {manager.py:499} INFO - Created Permission View: %s
[2024-05-11T21:42:06.735+0000] {logging_mixin.py:154} INFO - [2024-05-11T21:42:06.734+0000] {manager.py:499} INFO - Created Permission View: %s
[2024-05-11T21:42:06.750+0000] {logging_mixin.py:154} INFO - [2024-05-11T21:42:06.750+0000] {manager.py:499} INFO - Created Permission View: %s
[2024-05-11T21:42:06.751+0000] {logging_mixin.py:154} INFO - [2024-05-11T21:42:06.751+0000] {dag.py:2941} INFO - Sync 1 DAGs
[2024-05-11T21:42:06.766+0000] {logging_mixin.py:154} INFO - [2024-05-11T21:42:06.766+0000] {dag.py:2963} INFO - Creating ORM DAG for example_params_ui_tutorial
[2024-05-11T21:42:06.769+0000] {logging_mixin.py:154} INFO - [2024-05-11T21:42:06.769+0000] {dag.py:3722} INFO - Setting next_dagrun for example_params_ui_tutorial to None, run_after=None
[2024-05-11T21:42:06.800+0000] {processor.py:179} INFO - Processing /home/airflow/.local/lib/python3.8/site-packages/airflow/example_dags/example_params_ui_tutorial.py took 0.468 seconds
[2024-05-11T21:42:37.108+0000] {processor.py:157} INFO - Started process (PID=113) to work on /home/airflow/.local/lib/python3.8/site-packages/airflow/example_dags/example_params_ui_tutorial.py
[2024-05-11T21:42:37.110+0000] {processor.py:829} INFO - Processing file /home/airflow/.local/lib/python3.8/site-packages/airflow/example_dags/example_params_ui_tutorial.py for tasks to queue
[2024-05-11T21:42:37.113+0000] {logging_mixin.py:154} INFO - [2024-05-11T21:42:37.113+0000] {dagbag.py:536} INFO - Filling up the DagBag from /home/airflow/.local/lib/python3.8/site-packages/airflow/example_dags/example_params_ui_tutorial.py
[2024-05-11T21:42:37.136+0000] {processor.py:839} INFO - DAG(s) dict_keys(['example_params_ui_tutorial']) retrieved from /home/airflow/.local/lib/python3.8/site-packages/airflow/example_dags/example_params_ui_tutorial.py
[2024-05-11T21:42:37.189+0000] {logging_mixin.py:154} INFO - [2024-05-11T21:42:37.188+0000] {dag.py:2941} INFO - Sync 1 DAGs
[2024-05-11T21:42:37.205+0000] {logging_mixin.py:154} INFO - [2024-05-11T21:42:37.204+0000] {dag.py:3722} INFO - Setting next_dagrun for example_params_ui_tutorial to None, run_after=None
[2024-05-11T21:42:37.220+0000] {processor.py:179} INFO - Processing /home/airflow/.local/lib/python3.8/site-packages/airflow/example_dags/example_params_ui_tutorial.py took 0.115 seconds
[2024-05-11T21:43:07.283+0000] {processor.py:157} INFO - Started process (PID=168) to work on /home/airflow/.local/lib/python3.8/site-packages/airflow/example_dags/example_params_ui_tutorial.py
[2024-05-11T21:43:07.285+0000] {processor.py:829} INFO - Processing file /home/airflow/.local/lib/python3.8/site-packages/airflow/example_dags/example_params_ui_tutorial.py for tasks to queue
[2024-05-11T21:43:07.288+0000] {logging_mixin.py:154} INFO - [2024-05-11T21:43:07.287+0000] {dagbag.py:536} INFO - Filling up the DagBag from /home/airflow/.local/lib/python3.8/site-packages/airflow/example_dags/example_params_ui_tutorial.py
[2024-05-11T21:43:07.309+0000] {processor.py:839} INFO - DAG(s) dict_keys(['example_params_ui_tutorial']) retrieved from /home/airflow/.local/lib/python3.8/site-packages/airflow/example_dags/example_params_ui_tutorial.py
[2024-05-11T21:43:07.353+0000] {logging_mixin.py:154} INFO - [2024-05-11T21:43:07.353+0000] {dag.py:2941} INFO - Sync 1 DAGs
[2024-05-11T21:43:07.366+0000] {logging_mixin.py:154} INFO - [2024-05-11T21:43:07.366+0000] {dag.py:3722} INFO - Setting next_dagrun for example_params_ui_tutorial to None, run_after=None
[2024-05-11T21:43:07.384+0000] {processor.py:179} INFO - Processing /home/airflow/.local/lib/python3.8/site-packages/airflow/example_dags/example_params_ui_tutorial.py took 0.104 seconds
[2024-05-11T21:43:37.881+0000] {processor.py:157} INFO - Started process (PID=223) to work on /home/airflow/.local/lib/python3.8/site-packages/airflow/example_dags/example_params_ui_tutorial.py
[2024-05-11T21:43:37.883+0000] {processor.py:829} INFO - Processing file /home/airflow/.local/lib/python3.8/site-packages/airflow/example_dags/example_params_ui_tutorial.py for tasks to queue
[2024-05-11T21:43:37.887+0000] {logging_mixin.py:154} INFO - [2024-05-11T21:43:37.887+0000] {dagbag.py:536} INFO - Filling up the DagBag from /home/airflow/.local/lib/python3.8/site-packages/airflow/example_dags/example_params_ui_tutorial.py
[2024-05-11T21:43:37.912+0000] {processor.py:839} INFO - DAG(s) dict_keys(['example_params_ui_tutorial']) retrieved from /home/airflow/.local/lib/python3.8/site-packages/airflow/example_dags/example_params_ui_tutorial.py
[2024-05-11T21:43:37.952+0000] {logging_mixin.py:154} INFO - [2024-05-11T21:43:37.951+0000] {dag.py:2941} INFO - Sync 1 DAGs
[2024-05-11T21:43:37.961+0000] {logging_mixin.py:154} INFO - [2024-05-11T21:43:37.961+0000] {dag.py:3722} INFO - Setting next_dagrun for example_params_ui_tutorial to None, run_after=None
[2024-05-11T21:43:37.976+0000] {processor.py:179} INFO - Processing /home/airflow/.local/lib/python3.8/site-packages/airflow/example_dags/example_params_ui_tutorial.py took 0.098 seconds
[2024-05-11T21:44:08.669+0000] {processor.py:157} INFO - Started process (PID=278) to work on /home/airflow/.local/lib/python3.8/site-packages/airflow/example_dags/example_params_ui_tutorial.py
[2024-05-11T21:44:08.671+0000] {processor.py:829} INFO - Processing file /home/airflow/.local/lib/python3.8/site-packages/airflow/example_dags/example_params_ui_tutorial.py for tasks to queue
[2024-05-11T21:44:08.673+0000] {logging_mixin.py:154} INFO - [2024-05-11T21:44:08.673+0000] {dagbag.py:536} INFO - Filling up the DagBag from /home/airflow/.local/lib/python3.8/site-packages/airflow/example_dags/example_params_ui_tutorial.py
[2024-05-11T21:44:08.693+0000] {processor.py:839} INFO - DAG(s) dict_keys(['example_params_ui_tutorial']) retrieved from /home/airflow/.local/lib/python3.8/site-packages/airflow/example_dags/example_params_ui_tutorial.py
[2024-05-11T21:44:08.724+0000] {logging_mixin.py:154} INFO - [2024-05-11T21:44:08.723+0000] {dag.py:2941} INFO - Sync 1 DAGs
[2024-05-11T21:44:08.731+0000] {logging_mixin.py:154} INFO - [2024-05-11T21:44:08.731+0000] {dag.py:3722} INFO - Setting next_dagrun for example_params_ui_tutorial to None, run_after=None
[2024-05-11T21:44:08.744+0000] {processor.py:179} INFO - Processing /home/airflow/.local/lib/python3.8/site-packages/airflow/example_dags/example_params_ui_tutorial.py took 0.078 seconds
[2024-05-11T21:44:39.132+0000] {processor.py:157} INFO - Started process (PID=333) to work on /home/airflow/.local/lib/python3.8/site-packages/airflow/example_dags/example_params_ui_tutorial.py
[2024-05-11T21:44:39.133+0000] {processor.py:829} INFO - Processing file /home/airflow/.local/lib/python3.8/site-packages/airflow/example_dags/example_params_ui_tutorial.py for tasks to queue
[2024-05-11T21:44:39.136+0000] {logging_mixin.py:154} INFO - [2024-05-11T21:44:39.136+0000] {dagbag.py:536} INFO - Filling up the DagBag from /home/airflow/.local/lib/python3.8/site-packages/airflow/example_dags/example_params_ui_tutorial.py
[2024-05-11T21:44:39.157+0000] {processor.py:839} INFO - DAG(s) dict_keys(['example_params_ui_tutorial']) retrieved from /home/airflow/.local/lib/python3.8/site-packages/airflow/example_dags/example_params_ui_tutorial.py
[2024-05-11T21:44:39.195+0000] {logging_mixin.py:154} INFO - [2024-05-11T21:44:39.195+0000] {dag.py:2941} INFO - Sync 1 DAGs
[2024-05-11T21:44:39.205+0000] {logging_mixin.py:154} INFO - [2024-05-11T21:44:39.205+0000] {dag.py:3722} INFO - Setting next_dagrun for example_params_ui_tutorial to None, run_after=None
[2024-05-11T21:44:39.220+0000] {processor.py:179} INFO - Processing /home/airflow/.local/lib/python3.8/site-packages/airflow/example_dags/example_params_ui_tutorial.py took 0.091 seconds
[2024-05-11T21:45:09.680+0000] {processor.py:157} INFO - Started process (PID=388) to work on /home/airflow/.local/lib/python3.8/site-packages/airflow/example_dags/example_params_ui_tutorial.py
[2024-05-11T21:45:09.682+0000] {processor.py:829} INFO - Processing file /home/airflow/.local/lib/python3.8/site-packages/airflow/example_dags/example_params_ui_tutorial.py for tasks to queue
[2024-05-11T21:45:09.686+0000] {logging_mixin.py:154} INFO - [2024-05-11T21:45:09.685+0000] {dagbag.py:536} INFO - Filling up the DagBag from /home/airflow/.local/lib/python3.8/site-packages/airflow/example_dags/example_params_ui_tutorial.py
[2024-05-11T21:45:09.711+0000] {processor.py:839} INFO - DAG(s) dict_keys(['example_params_ui_tutorial']) retrieved from /home/airflow/.local/lib/python3.8/site-packages/airflow/example_dags/example_params_ui_tutorial.py
[2024-05-11T21:45:09.752+0000] {logging_mixin.py:154} INFO - [2024-05-11T21:45:09.751+0000] {dag.py:2941} INFO - Sync 1 DAGs
[2024-05-11T21:45:09.763+0000] {logging_mixin.py:154} INFO - [2024-05-11T21:45:09.763+0000] {dag.py:3722} INFO - Setting next_dagrun for example_params_ui_tutorial to None, run_after=None
[2024-05-11T21:45:09.780+0000] {processor.py:179} INFO - Processing /home/airflow/.local/lib/python3.8/site-packages/airflow/example_dags/example_params_ui_tutorial.py took 0.104 seconds
[2024-05-11T21:45:40.109+0000] {processor.py:157} INFO - Started process (PID=444) to work on /home/airflow/.local/lib/python3.8/site-packages/airflow/example_dags/example_params_ui_tutorial.py
[2024-05-11T21:45:40.110+0000] {processor.py:829} INFO - Processing file /home/airflow/.local/lib/python3.8/site-packages/airflow/example_dags/example_params_ui_tutorial.py for tasks to queue
[2024-05-11T21:45:40.112+0000] {logging_mixin.py:154} INFO - [2024-05-11T21:45:40.112+0000] {dagbag.py:536} INFO - Filling up the DagBag from /home/airflow/.local/lib/python3.8/site-packages/airflow/example_dags/example_params_ui_tutorial.py
[2024-05-11T21:45:40.134+0000] {processor.py:839} INFO - DAG(s) dict_keys(['example_params_ui_tutorial']) retrieved from /home/airflow/.local/lib/python3.8/site-packages/airflow/example_dags/example_params_ui_tutorial.py
[2024-05-11T21:45:40.170+0000] {logging_mixin.py:154} INFO - [2024-05-11T21:45:40.170+0000] {dag.py:2941} INFO - Sync 1 DAGs
[2024-05-11T21:45:40.184+0000] {logging_mixin.py:154} INFO - [2024-05-11T21:45:40.184+0000] {dag.py:3722} INFO - Setting next_dagrun for example_params_ui_tutorial to None, run_after=None
[2024-05-11T21:45:40.200+0000] {processor.py:179} INFO - Processing /home/airflow/.local/lib/python3.8/site-packages/airflow/example_dags/example_params_ui_tutorial.py took 0.095 seconds
[2024-05-11T21:46:11.143+0000] {processor.py:157} INFO - Started process (PID=499) to work on /home/airflow/.local/lib/python3.8/site-packages/airflow/example_dags/example_params_ui_tutorial.py
[2024-05-11T21:46:11.145+0000] {processor.py:829} INFO - Processing file /home/airflow/.local/lib/python3.8/site-packages/airflow/example_dags/example_params_ui_tutorial.py for tasks to queue
[2024-05-11T21:46:11.148+0000] {logging_mixin.py:154} INFO - [2024-05-11T21:46:11.147+0000] {dagbag.py:536} INFO - Filling up the DagBag from /home/airflow/.local/lib/python3.8/site-packages/airflow/example_dags/example_params_ui_tutorial.py
[2024-05-11T21:46:11.172+0000] {processor.py:839} INFO - DAG(s) dict_keys(['example_params_ui_tutorial']) retrieved from /home/airflow/.local/lib/python3.8/site-packages/airflow/example_dags/example_params_ui_tutorial.py
[2024-05-11T21:46:11.211+0000] {logging_mixin.py:154} INFO - [2024-05-11T21:46:11.211+0000] {dag.py:2941} INFO - Sync 1 DAGs
[2024-05-11T21:46:11.225+0000] {logging_mixin.py:154} INFO - [2024-05-11T21:46:11.225+0000] {dag.py:3722} INFO - Setting next_dagrun for example_params_ui_tutorial to None, run_after=None
[2024-05-11T21:46:11.240+0000] {processor.py:179} INFO - Processing /home/airflow/.local/lib/python3.8/site-packages/airflow/example_dags/example_params_ui_tutorial.py took 0.102 seconds
[2024-05-11T21:46:41.751+0000] {processor.py:157} INFO - Started process (PID=554) to work on /home/airflow/.local/lib/python3.8/site-packages/airflow/example_dags/example_params_ui_tutorial.py
[2024-05-11T21:46:41.753+0000] {processor.py:829} INFO - Processing file /home/airflow/.local/lib/python3.8/site-packages/airflow/example_dags/example_params_ui_tutorial.py for tasks to queue
[2024-05-11T21:46:41.756+0000] {logging_mixin.py:154} INFO - [2024-05-11T21:46:41.755+0000] {dagbag.py:536} INFO - Filling up the DagBag from /home/airflow/.local/lib/python3.8/site-packages/airflow/example_dags/example_params_ui_tutorial.py
[2024-05-11T21:46:41.780+0000] {processor.py:839} INFO - DAG(s) dict_keys(['example_params_ui_tutorial']) retrieved from /home/airflow/.local/lib/python3.8/site-packages/airflow/example_dags/example_params_ui_tutorial.py
[2024-05-11T21:46:41.822+0000] {logging_mixin.py:154} INFO - [2024-05-11T21:46:41.822+0000] {dag.py:2941} INFO - Sync 1 DAGs
[2024-05-11T21:46:41.834+0000] {logging_mixin.py:154} INFO - [2024-05-11T21:46:41.833+0000] {dag.py:3722} INFO - Setting next_dagrun for example_params_ui_tutorial to None, run_after=None
[2024-05-11T21:46:41.850+0000] {processor.py:179} INFO - Processing /home/airflow/.local/lib/python3.8/site-packages/airflow/example_dags/example_params_ui_tutorial.py took 0.102 seconds
