[2024-05-11T21:03:18.962+0000] {processor.py:157} INFO - Started process (PID=45) to work on /home/airflow/.local/lib/python3.8/site-packages/airflow/example_dags/example_setup_teardown.py
[2024-05-11T21:03:18.963+0000] {processor.py:829} INFO - Processing file /home/airflow/.local/lib/python3.8/site-packages/airflow/example_dags/example_setup_teardown.py for tasks to queue
[2024-05-11T21:03:18.966+0000] {logging_mixin.py:154} INFO - [2024-05-11T21:03:18.966+0000] {dagbag.py:536} INFO - Filling up the DagBag from /home/airflow/.local/lib/python3.8/site-packages/airflow/example_dags/example_setup_teardown.py
[2024-05-11T21:03:18.988+0000] {processor.py:839} INFO - DAG(s) dict_keys(['example_setup_teardown']) retrieved from /home/airflow/.local/lib/python3.8/site-packages/airflow/example_dags/example_setup_teardown.py
[2024-05-11T21:03:19.180+0000] {logging_mixin.py:154} INFO - [2024-05-11T21:03:19.180+0000] {manager.py:499} INFO - Created Permission View: %s
[2024-05-11T21:03:19.191+0000] {logging_mixin.py:154} INFO - [2024-05-11T21:03:19.190+0000] {manager.py:499} INFO - Created Permission View: %s
[2024-05-11T21:03:19.199+0000] {logging_mixin.py:154} INFO - [2024-05-11T21:03:19.198+0000] {manager.py:499} INFO - Created Permission View: %s
[2024-05-11T21:03:19.201+0000] {logging_mixin.py:154} INFO - [2024-05-11T21:03:19.200+0000] {dag.py:2941} INFO - Sync 1 DAGs
[2024-05-11T21:03:19.209+0000] {logging_mixin.py:154} INFO - [2024-05-11T21:03:19.209+0000] {dag.py:2963} INFO - Creating ORM DAG for example_setup_teardown
[2024-05-11T21:03:19.218+0000] {logging_mixin.py:154} INFO - [2024-05-11T21:03:19.218+0000] {dag.py:3722} INFO - Setting next_dagrun for example_setup_teardown to 2024-05-10T21:03:19.218069+00:00, run_after=2024-05-11T21:03:19.218069+00:00
[2024-05-11T21:03:19.231+0000] {processor.py:179} INFO - Processing /home/airflow/.local/lib/python3.8/site-packages/airflow/example_dags/example_setup_teardown.py took 0.272 seconds
[2024-05-11T21:03:49.993+0000] {processor.py:157} INFO - Started process (PID=100) to work on /home/airflow/.local/lib/python3.8/site-packages/airflow/example_dags/example_setup_teardown.py
[2024-05-11T21:03:49.995+0000] {processor.py:829} INFO - Processing file /home/airflow/.local/lib/python3.8/site-packages/airflow/example_dags/example_setup_teardown.py for tasks to queue
[2024-05-11T21:03:49.997+0000] {logging_mixin.py:154} INFO - [2024-05-11T21:03:49.996+0000] {dagbag.py:536} INFO - Filling up the DagBag from /home/airflow/.local/lib/python3.8/site-packages/airflow/example_dags/example_setup_teardown.py
[2024-05-11T21:03:50.001+0000] {processor.py:839} INFO - DAG(s) dict_keys(['example_setup_teardown']) retrieved from /home/airflow/.local/lib/python3.8/site-packages/airflow/example_dags/example_setup_teardown.py
[2024-05-11T21:03:50.018+0000] {logging_mixin.py:154} INFO - [2024-05-11T21:03:50.018+0000] {dag.py:2941} INFO - Sync 1 DAGs
[2024-05-11T21:03:50.031+0000] {logging_mixin.py:154} INFO - [2024-05-11T21:03:50.031+0000] {dag.py:3722} INFO - Setting next_dagrun for example_setup_teardown to 2024-05-10T21:03:50.031114+00:00, run_after=2024-05-11T21:03:50.031114+00:00
[2024-05-11T21:03:50.042+0000] {processor.py:179} INFO - Processing /home/airflow/.local/lib/python3.8/site-packages/airflow/example_dags/example_setup_teardown.py took 0.051 seconds
[2024-05-11T21:04:20.414+0000] {processor.py:157} INFO - Started process (PID=154) to work on /home/airflow/.local/lib/python3.8/site-packages/airflow/example_dags/example_setup_teardown.py
[2024-05-11T21:04:20.417+0000] {processor.py:829} INFO - Processing file /home/airflow/.local/lib/python3.8/site-packages/airflow/example_dags/example_setup_teardown.py for tasks to queue
[2024-05-11T21:04:20.421+0000] {logging_mixin.py:154} INFO - [2024-05-11T21:04:20.420+0000] {dagbag.py:536} INFO - Filling up the DagBag from /home/airflow/.local/lib/python3.8/site-packages/airflow/example_dags/example_setup_teardown.py
[2024-05-11T21:04:20.429+0000] {processor.py:839} INFO - DAG(s) dict_keys(['example_setup_teardown']) retrieved from /home/airflow/.local/lib/python3.8/site-packages/airflow/example_dags/example_setup_teardown.py
[2024-05-11T21:04:20.449+0000] {logging_mixin.py:154} INFO - [2024-05-11T21:04:20.449+0000] {dag.py:2941} INFO - Sync 1 DAGs
[2024-05-11T21:04:20.464+0000] {logging_mixin.py:154} INFO - [2024-05-11T21:04:20.464+0000] {dag.py:3722} INFO - Setting next_dagrun for example_setup_teardown to 2024-05-10T21:04:20.463984+00:00, run_after=2024-05-11T21:04:20.463984+00:00
[2024-05-11T21:04:20.476+0000] {processor.py:179} INFO - Processing /home/airflow/.local/lib/python3.8/site-packages/airflow/example_dags/example_setup_teardown.py took 0.067 seconds
[2024-05-11T21:04:50.661+0000] {processor.py:157} INFO - Started process (PID=209) to work on /home/airflow/.local/lib/python3.8/site-packages/airflow/example_dags/example_setup_teardown.py
[2024-05-11T21:04:50.664+0000] {processor.py:829} INFO - Processing file /home/airflow/.local/lib/python3.8/site-packages/airflow/example_dags/example_setup_teardown.py for tasks to queue
[2024-05-11T21:04:50.668+0000] {logging_mixin.py:154} INFO - [2024-05-11T21:04:50.668+0000] {dagbag.py:536} INFO - Filling up the DagBag from /home/airflow/.local/lib/python3.8/site-packages/airflow/example_dags/example_setup_teardown.py
[2024-05-11T21:04:50.678+0000] {processor.py:839} INFO - DAG(s) dict_keys(['example_setup_teardown']) retrieved from /home/airflow/.local/lib/python3.8/site-packages/airflow/example_dags/example_setup_teardown.py
[2024-05-11T21:04:50.700+0000] {logging_mixin.py:154} INFO - [2024-05-11T21:04:50.700+0000] {dag.py:2941} INFO - Sync 1 DAGs
[2024-05-11T21:04:50.714+0000] {logging_mixin.py:154} INFO - [2024-05-11T21:04:50.714+0000] {dag.py:3722} INFO - Setting next_dagrun for example_setup_teardown to 2024-05-10T21:04:50.714131+00:00, run_after=2024-05-11T21:04:50.714131+00:00
[2024-05-11T21:04:50.725+0000] {processor.py:179} INFO - Processing /home/airflow/.local/lib/python3.8/site-packages/airflow/example_dags/example_setup_teardown.py took 0.069 seconds
[2024-05-11T21:05:42.367+0000] {processor.py:157} INFO - Started process (PID=46) to work on /home/airflow/.local/lib/python3.8/site-packages/airflow/example_dags/example_setup_teardown.py
[2024-05-11T21:05:42.369+0000] {processor.py:829} INFO - Processing file /home/airflow/.local/lib/python3.8/site-packages/airflow/example_dags/example_setup_teardown.py for tasks to queue
[2024-05-11T21:05:42.373+0000] {logging_mixin.py:154} INFO - [2024-05-11T21:05:42.372+0000] {dagbag.py:536} INFO - Filling up the DagBag from /home/airflow/.local/lib/python3.8/site-packages/airflow/example_dags/example_setup_teardown.py
[2024-05-11T21:05:42.384+0000] {processor.py:839} INFO - DAG(s) dict_keys(['example_setup_teardown']) retrieved from /home/airflow/.local/lib/python3.8/site-packages/airflow/example_dags/example_setup_teardown.py
[2024-05-11T21:05:42.411+0000] {logging_mixin.py:154} INFO - [2024-05-11T21:05:42.411+0000] {dag.py:2941} INFO - Sync 1 DAGs
[2024-05-11T21:05:42.439+0000] {logging_mixin.py:154} INFO - [2024-05-11T21:05:42.439+0000] {dag.py:3722} INFO - Setting next_dagrun for example_setup_teardown to 2024-05-10T21:05:42.438948+00:00, run_after=2024-05-11T21:05:42.438948+00:00
[2024-05-11T21:05:42.474+0000] {processor.py:179} INFO - Processing /home/airflow/.local/lib/python3.8/site-packages/airflow/example_dags/example_setup_teardown.py took 0.111 seconds
[2024-05-11T21:06:12.555+0000] {processor.py:157} INFO - Started process (PID=101) to work on /home/airflow/.local/lib/python3.8/site-packages/airflow/example_dags/example_setup_teardown.py
[2024-05-11T21:06:12.556+0000] {processor.py:829} INFO - Processing file /home/airflow/.local/lib/python3.8/site-packages/airflow/example_dags/example_setup_teardown.py for tasks to queue
[2024-05-11T21:06:12.558+0000] {logging_mixin.py:154} INFO - [2024-05-11T21:06:12.558+0000] {dagbag.py:536} INFO - Filling up the DagBag from /home/airflow/.local/lib/python3.8/site-packages/airflow/example_dags/example_setup_teardown.py
[2024-05-11T21:06:12.564+0000] {processor.py:839} INFO - DAG(s) dict_keys(['example_setup_teardown']) retrieved from /home/airflow/.local/lib/python3.8/site-packages/airflow/example_dags/example_setup_teardown.py
[2024-05-11T21:06:12.580+0000] {logging_mixin.py:154} INFO - [2024-05-11T21:06:12.580+0000] {dag.py:2941} INFO - Sync 1 DAGs
[2024-05-11T21:06:12.593+0000] {logging_mixin.py:154} INFO - [2024-05-11T21:06:12.593+0000] {dag.py:3722} INFO - Setting next_dagrun for example_setup_teardown to 2024-05-10T21:06:12.592908+00:00, run_after=2024-05-11T21:06:12.592908+00:00
[2024-05-11T21:06:12.603+0000] {processor.py:179} INFO - Processing /home/airflow/.local/lib/python3.8/site-packages/airflow/example_dags/example_setup_teardown.py took 0.051 seconds
[2024-05-11T21:06:42.903+0000] {processor.py:157} INFO - Started process (PID=156) to work on /home/airflow/.local/lib/python3.8/site-packages/airflow/example_dags/example_setup_teardown.py
[2024-05-11T21:06:42.905+0000] {processor.py:829} INFO - Processing file /home/airflow/.local/lib/python3.8/site-packages/airflow/example_dags/example_setup_teardown.py for tasks to queue
[2024-05-11T21:06:42.909+0000] {logging_mixin.py:154} INFO - [2024-05-11T21:06:42.908+0000] {dagbag.py:536} INFO - Filling up the DagBag from /home/airflow/.local/lib/python3.8/site-packages/airflow/example_dags/example_setup_teardown.py
[2024-05-11T21:06:42.916+0000] {processor.py:839} INFO - DAG(s) dict_keys(['example_setup_teardown']) retrieved from /home/airflow/.local/lib/python3.8/site-packages/airflow/example_dags/example_setup_teardown.py
[2024-05-11T21:06:42.940+0000] {logging_mixin.py:154} INFO - [2024-05-11T21:06:42.940+0000] {dag.py:2941} INFO - Sync 1 DAGs
[2024-05-11T21:06:42.954+0000] {logging_mixin.py:154} INFO - [2024-05-11T21:06:42.954+0000] {dag.py:3722} INFO - Setting next_dagrun for example_setup_teardown to 2024-05-10T21:06:42.953915+00:00, run_after=2024-05-11T21:06:42.953915+00:00
[2024-05-11T21:06:42.967+0000] {processor.py:179} INFO - Processing /home/airflow/.local/lib/python3.8/site-packages/airflow/example_dags/example_setup_teardown.py took 0.068 seconds
[2024-05-11T21:07:13.174+0000] {processor.py:157} INFO - Started process (PID=211) to work on /home/airflow/.local/lib/python3.8/site-packages/airflow/example_dags/example_setup_teardown.py
[2024-05-11T21:07:13.175+0000] {processor.py:829} INFO - Processing file /home/airflow/.local/lib/python3.8/site-packages/airflow/example_dags/example_setup_teardown.py for tasks to queue
[2024-05-11T21:07:13.177+0000] {logging_mixin.py:154} INFO - [2024-05-11T21:07:13.177+0000] {dagbag.py:536} INFO - Filling up the DagBag from /home/airflow/.local/lib/python3.8/site-packages/airflow/example_dags/example_setup_teardown.py
[2024-05-11T21:07:13.182+0000] {processor.py:839} INFO - DAG(s) dict_keys(['example_setup_teardown']) retrieved from /home/airflow/.local/lib/python3.8/site-packages/airflow/example_dags/example_setup_teardown.py
[2024-05-11T21:07:13.198+0000] {logging_mixin.py:154} INFO - [2024-05-11T21:07:13.198+0000] {dag.py:2941} INFO - Sync 1 DAGs
[2024-05-11T21:07:13.212+0000] {logging_mixin.py:154} INFO - [2024-05-11T21:07:13.212+0000] {dag.py:3722} INFO - Setting next_dagrun for example_setup_teardown to 2024-05-10T21:07:13.212421+00:00, run_after=2024-05-11T21:07:13.212421+00:00
[2024-05-11T21:07:13.224+0000] {processor.py:179} INFO - Processing /home/airflow/.local/lib/python3.8/site-packages/airflow/example_dags/example_setup_teardown.py took 0.053 seconds
[2024-05-11T21:07:43.414+0000] {processor.py:157} INFO - Started process (PID=270) to work on /home/airflow/.local/lib/python3.8/site-packages/airflow/example_dags/example_setup_teardown.py
[2024-05-11T21:07:43.415+0000] {processor.py:829} INFO - Processing file /home/airflow/.local/lib/python3.8/site-packages/airflow/example_dags/example_setup_teardown.py for tasks to queue
[2024-05-11T21:07:43.417+0000] {logging_mixin.py:154} INFO - [2024-05-11T21:07:43.417+0000] {dagbag.py:536} INFO - Filling up the DagBag from /home/airflow/.local/lib/python3.8/site-packages/airflow/example_dags/example_setup_teardown.py
[2024-05-11T21:07:43.423+0000] {processor.py:839} INFO - DAG(s) dict_keys(['example_setup_teardown']) retrieved from /home/airflow/.local/lib/python3.8/site-packages/airflow/example_dags/example_setup_teardown.py
[2024-05-11T21:07:43.439+0000] {logging_mixin.py:154} INFO - [2024-05-11T21:07:43.439+0000] {dag.py:2941} INFO - Sync 1 DAGs
[2024-05-11T21:07:43.453+0000] {logging_mixin.py:154} INFO - [2024-05-11T21:07:43.452+0000] {dag.py:3722} INFO - Setting next_dagrun for example_setup_teardown to 2024-05-10T21:07:43.452763+00:00, run_after=2024-05-11T21:07:43.452763+00:00
[2024-05-11T21:07:43.465+0000] {processor.py:179} INFO - Processing /home/airflow/.local/lib/python3.8/site-packages/airflow/example_dags/example_setup_teardown.py took 0.054 seconds
[2024-05-11T21:08:13.746+0000] {processor.py:157} INFO - Started process (PID=325) to work on /home/airflow/.local/lib/python3.8/site-packages/airflow/example_dags/example_setup_teardown.py
[2024-05-11T21:08:13.747+0000] {processor.py:829} INFO - Processing file /home/airflow/.local/lib/python3.8/site-packages/airflow/example_dags/example_setup_teardown.py for tasks to queue
[2024-05-11T21:08:13.749+0000] {logging_mixin.py:154} INFO - [2024-05-11T21:08:13.749+0000] {dagbag.py:536} INFO - Filling up the DagBag from /home/airflow/.local/lib/python3.8/site-packages/airflow/example_dags/example_setup_teardown.py
[2024-05-11T21:08:13.753+0000] {processor.py:839} INFO - DAG(s) dict_keys(['example_setup_teardown']) retrieved from /home/airflow/.local/lib/python3.8/site-packages/airflow/example_dags/example_setup_teardown.py
[2024-05-11T21:08:13.769+0000] {logging_mixin.py:154} INFO - [2024-05-11T21:08:13.769+0000] {dag.py:2941} INFO - Sync 1 DAGs
[2024-05-11T21:08:13.781+0000] {logging_mixin.py:154} INFO - [2024-05-11T21:08:13.781+0000] {dag.py:3722} INFO - Setting next_dagrun for example_setup_teardown to 2024-05-10T21:08:13.781230+00:00, run_after=2024-05-11T21:08:13.781230+00:00
[2024-05-11T21:08:13.790+0000] {processor.py:179} INFO - Processing /home/airflow/.local/lib/python3.8/site-packages/airflow/example_dags/example_setup_teardown.py took 0.047 seconds
[2024-05-11T21:08:43.931+0000] {processor.py:157} INFO - Started process (PID=380) to work on /home/airflow/.local/lib/python3.8/site-packages/airflow/example_dags/example_setup_teardown.py
[2024-05-11T21:08:43.933+0000] {processor.py:829} INFO - Processing file /home/airflow/.local/lib/python3.8/site-packages/airflow/example_dags/example_setup_teardown.py for tasks to queue
[2024-05-11T21:08:43.935+0000] {logging_mixin.py:154} INFO - [2024-05-11T21:08:43.934+0000] {dagbag.py:536} INFO - Filling up the DagBag from /home/airflow/.local/lib/python3.8/site-packages/airflow/example_dags/example_setup_teardown.py
[2024-05-11T21:08:43.940+0000] {processor.py:839} INFO - DAG(s) dict_keys(['example_setup_teardown']) retrieved from /home/airflow/.local/lib/python3.8/site-packages/airflow/example_dags/example_setup_teardown.py
[2024-05-11T21:08:43.956+0000] {logging_mixin.py:154} INFO - [2024-05-11T21:08:43.956+0000] {dag.py:2941} INFO - Sync 1 DAGs
[2024-05-11T21:08:43.969+0000] {logging_mixin.py:154} INFO - [2024-05-11T21:08:43.969+0000] {dag.py:3722} INFO - Setting next_dagrun for example_setup_teardown to 2024-05-10T21:08:43.969223+00:00, run_after=2024-05-11T21:08:43.969223+00:00
[2024-05-11T21:08:43.982+0000] {processor.py:179} INFO - Processing /home/airflow/.local/lib/python3.8/site-packages/airflow/example_dags/example_setup_teardown.py took 0.053 seconds
[2024-05-11T21:09:14.335+0000] {processor.py:157} INFO - Started process (PID=434) to work on /home/airflow/.local/lib/python3.8/site-packages/airflow/example_dags/example_setup_teardown.py
[2024-05-11T21:09:14.336+0000] {processor.py:829} INFO - Processing file /home/airflow/.local/lib/python3.8/site-packages/airflow/example_dags/example_setup_teardown.py for tasks to queue
[2024-05-11T21:09:14.339+0000] {logging_mixin.py:154} INFO - [2024-05-11T21:09:14.339+0000] {dagbag.py:536} INFO - Filling up the DagBag from /home/airflow/.local/lib/python3.8/site-packages/airflow/example_dags/example_setup_teardown.py
[2024-05-11T21:09:14.347+0000] {processor.py:839} INFO - DAG(s) dict_keys(['example_setup_teardown']) retrieved from /home/airflow/.local/lib/python3.8/site-packages/airflow/example_dags/example_setup_teardown.py
[2024-05-11T21:09:14.378+0000] {logging_mixin.py:154} INFO - [2024-05-11T21:09:14.378+0000] {dag.py:2941} INFO - Sync 1 DAGs
[2024-05-11T21:09:14.402+0000] {logging_mixin.py:154} INFO - [2024-05-11T21:09:14.402+0000] {dag.py:3722} INFO - Setting next_dagrun for example_setup_teardown to 2024-05-10T21:09:14.401869+00:00, run_after=2024-05-11T21:09:14.401869+00:00
[2024-05-11T21:09:14.418+0000] {processor.py:179} INFO - Processing /home/airflow/.local/lib/python3.8/site-packages/airflow/example_dags/example_setup_teardown.py took 0.086 seconds
[2024-05-11T21:09:44.723+0000] {processor.py:157} INFO - Started process (PID=489) to work on /home/airflow/.local/lib/python3.8/site-packages/airflow/example_dags/example_setup_teardown.py
[2024-05-11T21:09:44.725+0000] {processor.py:829} INFO - Processing file /home/airflow/.local/lib/python3.8/site-packages/airflow/example_dags/example_setup_teardown.py for tasks to queue
[2024-05-11T21:09:44.726+0000] {logging_mixin.py:154} INFO - [2024-05-11T21:09:44.726+0000] {dagbag.py:536} INFO - Filling up the DagBag from /home/airflow/.local/lib/python3.8/site-packages/airflow/example_dags/example_setup_teardown.py
[2024-05-11T21:09:44.731+0000] {processor.py:839} INFO - DAG(s) dict_keys(['example_setup_teardown']) retrieved from /home/airflow/.local/lib/python3.8/site-packages/airflow/example_dags/example_setup_teardown.py
[2024-05-11T21:09:44.748+0000] {logging_mixin.py:154} INFO - [2024-05-11T21:09:44.748+0000] {dag.py:2941} INFO - Sync 1 DAGs
[2024-05-11T21:09:44.761+0000] {logging_mixin.py:154} INFO - [2024-05-11T21:09:44.760+0000] {dag.py:3722} INFO - Setting next_dagrun for example_setup_teardown to 2024-05-10T21:09:44.760726+00:00, run_after=2024-05-11T21:09:44.760726+00:00
[2024-05-11T21:09:44.771+0000] {processor.py:179} INFO - Processing /home/airflow/.local/lib/python3.8/site-packages/airflow/example_dags/example_setup_teardown.py took 0.050 seconds
[2024-05-11T21:10:14.917+0000] {processor.py:157} INFO - Started process (PID=543) to work on /home/airflow/.local/lib/python3.8/site-packages/airflow/example_dags/example_setup_teardown.py
[2024-05-11T21:10:14.918+0000] {processor.py:829} INFO - Processing file /home/airflow/.local/lib/python3.8/site-packages/airflow/example_dags/example_setup_teardown.py for tasks to queue
[2024-05-11T21:10:14.920+0000] {logging_mixin.py:154} INFO - [2024-05-11T21:10:14.920+0000] {dagbag.py:536} INFO - Filling up the DagBag from /home/airflow/.local/lib/python3.8/site-packages/airflow/example_dags/example_setup_teardown.py
[2024-05-11T21:10:14.925+0000] {processor.py:839} INFO - DAG(s) dict_keys(['example_setup_teardown']) retrieved from /home/airflow/.local/lib/python3.8/site-packages/airflow/example_dags/example_setup_teardown.py
[2024-05-11T21:10:14.940+0000] {logging_mixin.py:154} INFO - [2024-05-11T21:10:14.940+0000] {dag.py:2941} INFO - Sync 1 DAGs
[2024-05-11T21:10:14.952+0000] {logging_mixin.py:154} INFO - [2024-05-11T21:10:14.952+0000] {dag.py:3722} INFO - Setting next_dagrun for example_setup_teardown to 2024-05-10T21:10:14.952545+00:00, run_after=2024-05-11T21:10:14.952545+00:00
[2024-05-11T21:10:14.962+0000] {processor.py:179} INFO - Processing /home/airflow/.local/lib/python3.8/site-packages/airflow/example_dags/example_setup_teardown.py took 0.048 seconds
[2024-05-11T21:10:45.203+0000] {processor.py:157} INFO - Started process (PID=598) to work on /home/airflow/.local/lib/python3.8/site-packages/airflow/example_dags/example_setup_teardown.py
[2024-05-11T21:10:45.205+0000] {processor.py:829} INFO - Processing file /home/airflow/.local/lib/python3.8/site-packages/airflow/example_dags/example_setup_teardown.py for tasks to queue
[2024-05-11T21:10:45.207+0000] {logging_mixin.py:154} INFO - [2024-05-11T21:10:45.206+0000] {dagbag.py:536} INFO - Filling up the DagBag from /home/airflow/.local/lib/python3.8/site-packages/airflow/example_dags/example_setup_teardown.py
[2024-05-11T21:10:45.212+0000] {processor.py:839} INFO - DAG(s) dict_keys(['example_setup_teardown']) retrieved from /home/airflow/.local/lib/python3.8/site-packages/airflow/example_dags/example_setup_teardown.py
[2024-05-11T21:10:45.228+0000] {logging_mixin.py:154} INFO - [2024-05-11T21:10:45.228+0000] {dag.py:2941} INFO - Sync 1 DAGs
[2024-05-11T21:10:45.241+0000] {logging_mixin.py:154} INFO - [2024-05-11T21:10:45.241+0000] {dag.py:3722} INFO - Setting next_dagrun for example_setup_teardown to 2024-05-10T21:10:45.241196+00:00, run_after=2024-05-11T21:10:45.241196+00:00
[2024-05-11T21:10:45.251+0000] {processor.py:179} INFO - Processing /home/airflow/.local/lib/python3.8/site-packages/airflow/example_dags/example_setup_teardown.py took 0.050 seconds
[2024-05-11T21:11:15.529+0000] {processor.py:157} INFO - Started process (PID=653) to work on /home/airflow/.local/lib/python3.8/site-packages/airflow/example_dags/example_setup_teardown.py
[2024-05-11T21:11:15.530+0000] {processor.py:829} INFO - Processing file /home/airflow/.local/lib/python3.8/site-packages/airflow/example_dags/example_setup_teardown.py for tasks to queue
[2024-05-11T21:11:15.532+0000] {logging_mixin.py:154} INFO - [2024-05-11T21:11:15.532+0000] {dagbag.py:536} INFO - Filling up the DagBag from /home/airflow/.local/lib/python3.8/site-packages/airflow/example_dags/example_setup_teardown.py
[2024-05-11T21:11:15.537+0000] {processor.py:839} INFO - DAG(s) dict_keys(['example_setup_teardown']) retrieved from /home/airflow/.local/lib/python3.8/site-packages/airflow/example_dags/example_setup_teardown.py
[2024-05-11T21:11:15.553+0000] {logging_mixin.py:154} INFO - [2024-05-11T21:11:15.553+0000] {dag.py:2941} INFO - Sync 1 DAGs
[2024-05-11T21:11:15.566+0000] {logging_mixin.py:154} INFO - [2024-05-11T21:11:15.566+0000] {dag.py:3722} INFO - Setting next_dagrun for example_setup_teardown to 2024-05-10T21:11:15.565826+00:00, run_after=2024-05-11T21:11:15.565826+00:00
[2024-05-11T21:11:15.577+0000] {processor.py:179} INFO - Processing /home/airflow/.local/lib/python3.8/site-packages/airflow/example_dags/example_setup_teardown.py took 0.050 seconds
[2024-05-11T21:11:45.867+0000] {processor.py:157} INFO - Started process (PID=708) to work on /home/airflow/.local/lib/python3.8/site-packages/airflow/example_dags/example_setup_teardown.py
[2024-05-11T21:11:45.869+0000] {processor.py:829} INFO - Processing file /home/airflow/.local/lib/python3.8/site-packages/airflow/example_dags/example_setup_teardown.py for tasks to queue
[2024-05-11T21:11:45.871+0000] {logging_mixin.py:154} INFO - [2024-05-11T21:11:45.871+0000] {dagbag.py:536} INFO - Filling up the DagBag from /home/airflow/.local/lib/python3.8/site-packages/airflow/example_dags/example_setup_teardown.py
[2024-05-11T21:11:45.876+0000] {processor.py:839} INFO - DAG(s) dict_keys(['example_setup_teardown']) retrieved from /home/airflow/.local/lib/python3.8/site-packages/airflow/example_dags/example_setup_teardown.py
[2024-05-11T21:11:45.892+0000] {logging_mixin.py:154} INFO - [2024-05-11T21:11:45.892+0000] {dag.py:2941} INFO - Sync 1 DAGs
[2024-05-11T21:11:45.906+0000] {logging_mixin.py:154} INFO - [2024-05-11T21:11:45.906+0000] {dag.py:3722} INFO - Setting next_dagrun for example_setup_teardown to 2024-05-10T21:11:45.906512+00:00, run_after=2024-05-11T21:11:45.906512+00:00
[2024-05-11T21:11:45.917+0000] {processor.py:179} INFO - Processing /home/airflow/.local/lib/python3.8/site-packages/airflow/example_dags/example_setup_teardown.py took 0.053 seconds
[2024-05-11T21:12:16.145+0000] {processor.py:157} INFO - Started process (PID=764) to work on /home/airflow/.local/lib/python3.8/site-packages/airflow/example_dags/example_setup_teardown.py
[2024-05-11T21:12:16.146+0000] {processor.py:829} INFO - Processing file /home/airflow/.local/lib/python3.8/site-packages/airflow/example_dags/example_setup_teardown.py for tasks to queue
[2024-05-11T21:12:16.148+0000] {logging_mixin.py:154} INFO - [2024-05-11T21:12:16.148+0000] {dagbag.py:536} INFO - Filling up the DagBag from /home/airflow/.local/lib/python3.8/site-packages/airflow/example_dags/example_setup_teardown.py
[2024-05-11T21:12:16.153+0000] {processor.py:839} INFO - DAG(s) dict_keys(['example_setup_teardown']) retrieved from /home/airflow/.local/lib/python3.8/site-packages/airflow/example_dags/example_setup_teardown.py
[2024-05-11T21:12:16.173+0000] {logging_mixin.py:154} INFO - [2024-05-11T21:12:16.173+0000] {dag.py:2941} INFO - Sync 1 DAGs
[2024-05-11T21:12:16.186+0000] {logging_mixin.py:154} INFO - [2024-05-11T21:12:16.186+0000] {dag.py:3722} INFO - Setting next_dagrun for example_setup_teardown to 2024-05-10T21:12:16.186267+00:00, run_after=2024-05-11T21:12:16.186267+00:00
[2024-05-11T21:12:16.196+0000] {processor.py:179} INFO - Processing /home/airflow/.local/lib/python3.8/site-packages/airflow/example_dags/example_setup_teardown.py took 0.054 seconds
[2024-05-11T21:12:46.545+0000] {processor.py:157} INFO - Started process (PID=819) to work on /home/airflow/.local/lib/python3.8/site-packages/airflow/example_dags/example_setup_teardown.py
[2024-05-11T21:12:46.546+0000] {processor.py:829} INFO - Processing file /home/airflow/.local/lib/python3.8/site-packages/airflow/example_dags/example_setup_teardown.py for tasks to queue
[2024-05-11T21:12:46.548+0000] {logging_mixin.py:154} INFO - [2024-05-11T21:12:46.548+0000] {dagbag.py:536} INFO - Filling up the DagBag from /home/airflow/.local/lib/python3.8/site-packages/airflow/example_dags/example_setup_teardown.py
[2024-05-11T21:12:46.553+0000] {processor.py:839} INFO - DAG(s) dict_keys(['example_setup_teardown']) retrieved from /home/airflow/.local/lib/python3.8/site-packages/airflow/example_dags/example_setup_teardown.py
[2024-05-11T21:12:46.568+0000] {logging_mixin.py:154} INFO - [2024-05-11T21:12:46.568+0000] {dag.py:2941} INFO - Sync 1 DAGs
[2024-05-11T21:12:46.580+0000] {logging_mixin.py:154} INFO - [2024-05-11T21:12:46.580+0000] {dag.py:3722} INFO - Setting next_dagrun for example_setup_teardown to 2024-05-10T21:12:46.580616+00:00, run_after=2024-05-11T21:12:46.580616+00:00
[2024-05-11T21:12:46.590+0000] {processor.py:179} INFO - Processing /home/airflow/.local/lib/python3.8/site-packages/airflow/example_dags/example_setup_teardown.py took 0.047 seconds
[2024-05-11T21:13:16.862+0000] {processor.py:157} INFO - Started process (PID=874) to work on /home/airflow/.local/lib/python3.8/site-packages/airflow/example_dags/example_setup_teardown.py
[2024-05-11T21:13:16.863+0000] {processor.py:829} INFO - Processing file /home/airflow/.local/lib/python3.8/site-packages/airflow/example_dags/example_setup_teardown.py for tasks to queue
[2024-05-11T21:13:16.865+0000] {logging_mixin.py:154} INFO - [2024-05-11T21:13:16.865+0000] {dagbag.py:536} INFO - Filling up the DagBag from /home/airflow/.local/lib/python3.8/site-packages/airflow/example_dags/example_setup_teardown.py
[2024-05-11T21:13:16.870+0000] {processor.py:839} INFO - DAG(s) dict_keys(['example_setup_teardown']) retrieved from /home/airflow/.local/lib/python3.8/site-packages/airflow/example_dags/example_setup_teardown.py
[2024-05-11T21:13:16.887+0000] {logging_mixin.py:154} INFO - [2024-05-11T21:13:16.887+0000] {dag.py:2941} INFO - Sync 1 DAGs
[2024-05-11T21:13:16.901+0000] {logging_mixin.py:154} INFO - [2024-05-11T21:13:16.901+0000] {dag.py:3722} INFO - Setting next_dagrun for example_setup_teardown to 2024-05-10T21:13:16.901364+00:00, run_after=2024-05-11T21:13:16.901364+00:00
[2024-05-11T21:13:16.912+0000] {processor.py:179} INFO - Processing /home/airflow/.local/lib/python3.8/site-packages/airflow/example_dags/example_setup_teardown.py took 0.053 seconds
[2024-05-11T21:13:47.053+0000] {processor.py:157} INFO - Started process (PID=929) to work on /home/airflow/.local/lib/python3.8/site-packages/airflow/example_dags/example_setup_teardown.py
[2024-05-11T21:13:47.054+0000] {processor.py:829} INFO - Processing file /home/airflow/.local/lib/python3.8/site-packages/airflow/example_dags/example_setup_teardown.py for tasks to queue
[2024-05-11T21:13:47.056+0000] {logging_mixin.py:154} INFO - [2024-05-11T21:13:47.056+0000] {dagbag.py:536} INFO - Filling up the DagBag from /home/airflow/.local/lib/python3.8/site-packages/airflow/example_dags/example_setup_teardown.py
[2024-05-11T21:13:47.061+0000] {processor.py:839} INFO - DAG(s) dict_keys(['example_setup_teardown']) retrieved from /home/airflow/.local/lib/python3.8/site-packages/airflow/example_dags/example_setup_teardown.py
[2024-05-11T21:13:47.077+0000] {logging_mixin.py:154} INFO - [2024-05-11T21:13:47.077+0000] {dag.py:2941} INFO - Sync 1 DAGs
[2024-05-11T21:13:47.089+0000] {logging_mixin.py:154} INFO - [2024-05-11T21:13:47.089+0000] {dag.py:3722} INFO - Setting next_dagrun for example_setup_teardown to 2024-05-10T21:13:47.089566+00:00, run_after=2024-05-11T21:13:47.089566+00:00
[2024-05-11T21:13:47.101+0000] {processor.py:179} INFO - Processing /home/airflow/.local/lib/python3.8/site-packages/airflow/example_dags/example_setup_teardown.py took 0.051 seconds
[2024-05-11T21:14:17.305+0000] {processor.py:157} INFO - Started process (PID=984) to work on /home/airflow/.local/lib/python3.8/site-packages/airflow/example_dags/example_setup_teardown.py
[2024-05-11T21:14:17.307+0000] {processor.py:829} INFO - Processing file /home/airflow/.local/lib/python3.8/site-packages/airflow/example_dags/example_setup_teardown.py for tasks to queue
[2024-05-11T21:14:17.308+0000] {logging_mixin.py:154} INFO - [2024-05-11T21:14:17.308+0000] {dagbag.py:536} INFO - Filling up the DagBag from /home/airflow/.local/lib/python3.8/site-packages/airflow/example_dags/example_setup_teardown.py
[2024-05-11T21:14:17.313+0000] {processor.py:839} INFO - DAG(s) dict_keys(['example_setup_teardown']) retrieved from /home/airflow/.local/lib/python3.8/site-packages/airflow/example_dags/example_setup_teardown.py
[2024-05-11T21:14:17.329+0000] {logging_mixin.py:154} INFO - [2024-05-11T21:14:17.329+0000] {dag.py:2941} INFO - Sync 1 DAGs
[2024-05-11T21:14:17.341+0000] {logging_mixin.py:154} INFO - [2024-05-11T21:14:17.341+0000] {dag.py:3722} INFO - Setting next_dagrun for example_setup_teardown to 2024-05-10T21:14:17.340964+00:00, run_after=2024-05-11T21:14:17.340964+00:00
[2024-05-11T21:14:17.350+0000] {processor.py:179} INFO - Processing /home/airflow/.local/lib/python3.8/site-packages/airflow/example_dags/example_setup_teardown.py took 0.047 seconds
[2024-05-11T21:14:47.553+0000] {processor.py:157} INFO - Started process (PID=1040) to work on /home/airflow/.local/lib/python3.8/site-packages/airflow/example_dags/example_setup_teardown.py
[2024-05-11T21:14:47.555+0000] {processor.py:829} INFO - Processing file /home/airflow/.local/lib/python3.8/site-packages/airflow/example_dags/example_setup_teardown.py for tasks to queue
[2024-05-11T21:14:47.557+0000] {logging_mixin.py:154} INFO - [2024-05-11T21:14:47.557+0000] {dagbag.py:536} INFO - Filling up the DagBag from /home/airflow/.local/lib/python3.8/site-packages/airflow/example_dags/example_setup_teardown.py
[2024-05-11T21:14:47.563+0000] {processor.py:839} INFO - DAG(s) dict_keys(['example_setup_teardown']) retrieved from /home/airflow/.local/lib/python3.8/site-packages/airflow/example_dags/example_setup_teardown.py
[2024-05-11T21:14:47.580+0000] {logging_mixin.py:154} INFO - [2024-05-11T21:14:47.580+0000] {dag.py:2941} INFO - Sync 1 DAGs
[2024-05-11T21:14:47.594+0000] {logging_mixin.py:154} INFO - [2024-05-11T21:14:47.594+0000] {dag.py:3722} INFO - Setting next_dagrun for example_setup_teardown to 2024-05-10T21:14:47.594398+00:00, run_after=2024-05-11T21:14:47.594398+00:00
[2024-05-11T21:14:47.605+0000] {processor.py:179} INFO - Processing /home/airflow/.local/lib/python3.8/site-packages/airflow/example_dags/example_setup_teardown.py took 0.054 seconds
[2024-05-11T21:15:17.897+0000] {processor.py:157} INFO - Started process (PID=1095) to work on /home/airflow/.local/lib/python3.8/site-packages/airflow/example_dags/example_setup_teardown.py
[2024-05-11T21:15:17.898+0000] {processor.py:829} INFO - Processing file /home/airflow/.local/lib/python3.8/site-packages/airflow/example_dags/example_setup_teardown.py for tasks to queue
[2024-05-11T21:15:17.900+0000] {logging_mixin.py:154} INFO - [2024-05-11T21:15:17.900+0000] {dagbag.py:536} INFO - Filling up the DagBag from /home/airflow/.local/lib/python3.8/site-packages/airflow/example_dags/example_setup_teardown.py
[2024-05-11T21:15:17.906+0000] {processor.py:839} INFO - DAG(s) dict_keys(['example_setup_teardown']) retrieved from /home/airflow/.local/lib/python3.8/site-packages/airflow/example_dags/example_setup_teardown.py
[2024-05-11T21:15:17.922+0000] {logging_mixin.py:154} INFO - [2024-05-11T21:15:17.921+0000] {dag.py:2941} INFO - Sync 1 DAGs
[2024-05-11T21:15:17.934+0000] {logging_mixin.py:154} INFO - [2024-05-11T21:15:17.934+0000] {dag.py:3722} INFO - Setting next_dagrun for example_setup_teardown to 2024-05-10T21:15:17.934566+00:00, run_after=2024-05-11T21:15:17.934566+00:00
[2024-05-11T21:15:17.945+0000] {processor.py:179} INFO - Processing /home/airflow/.local/lib/python3.8/site-packages/airflow/example_dags/example_setup_teardown.py took 0.051 seconds
[2024-05-11T21:16:31.610+0000] {processor.py:157} INFO - Started process (PID=46) to work on /home/airflow/.local/lib/python3.8/site-packages/airflow/example_dags/example_setup_teardown.py
[2024-05-11T21:16:31.612+0000] {processor.py:829} INFO - Processing file /home/airflow/.local/lib/python3.8/site-packages/airflow/example_dags/example_setup_teardown.py for tasks to queue
[2024-05-11T21:16:31.621+0000] {logging_mixin.py:154} INFO - [2024-05-11T21:16:31.620+0000] {dagbag.py:536} INFO - Filling up the DagBag from /home/airflow/.local/lib/python3.8/site-packages/airflow/example_dags/example_setup_teardown.py
[2024-05-11T21:16:31.662+0000] {processor.py:839} INFO - DAG(s) dict_keys(['example_setup_teardown']) retrieved from /home/airflow/.local/lib/python3.8/site-packages/airflow/example_dags/example_setup_teardown.py
[2024-05-11T21:16:31.693+0000] {logging_mixin.py:154} INFO - [2024-05-11T21:16:31.693+0000] {dag.py:2941} INFO - Sync 1 DAGs
[2024-05-11T21:16:31.748+0000] {logging_mixin.py:154} INFO - [2024-05-11T21:16:31.748+0000] {dag.py:3722} INFO - Setting next_dagrun for example_setup_teardown to 2024-05-10T21:16:31.747747+00:00, run_after=2024-05-11T21:16:31.747747+00:00
[2024-05-11T21:16:31.764+0000] {processor.py:179} INFO - Processing /home/airflow/.local/lib/python3.8/site-packages/airflow/example_dags/example_setup_teardown.py took 0.163 seconds
[2024-05-11T21:17:02.060+0000] {processor.py:157} INFO - Started process (PID=102) to work on /home/airflow/.local/lib/python3.8/site-packages/airflow/example_dags/example_setup_teardown.py
[2024-05-11T21:17:02.061+0000] {processor.py:829} INFO - Processing file /home/airflow/.local/lib/python3.8/site-packages/airflow/example_dags/example_setup_teardown.py for tasks to queue
[2024-05-11T21:17:02.063+0000] {logging_mixin.py:154} INFO - [2024-05-11T21:17:02.063+0000] {dagbag.py:536} INFO - Filling up the DagBag from /home/airflow/.local/lib/python3.8/site-packages/airflow/example_dags/example_setup_teardown.py
[2024-05-11T21:17:02.068+0000] {processor.py:839} INFO - DAG(s) dict_keys(['example_setup_teardown']) retrieved from /home/airflow/.local/lib/python3.8/site-packages/airflow/example_dags/example_setup_teardown.py
[2024-05-11T21:17:02.083+0000] {logging_mixin.py:154} INFO - [2024-05-11T21:17:02.083+0000] {dag.py:2941} INFO - Sync 1 DAGs
[2024-05-11T21:17:02.095+0000] {logging_mixin.py:154} INFO - [2024-05-11T21:17:02.095+0000] {dag.py:3722} INFO - Setting next_dagrun for example_setup_teardown to 2024-05-10T21:17:02.095540+00:00, run_after=2024-05-11T21:17:02.095540+00:00
[2024-05-11T21:17:02.104+0000] {processor.py:179} INFO - Processing /home/airflow/.local/lib/python3.8/site-packages/airflow/example_dags/example_setup_teardown.py took 0.047 seconds
[2024-05-11T21:17:32.363+0000] {processor.py:157} INFO - Started process (PID=157) to work on /home/airflow/.local/lib/python3.8/site-packages/airflow/example_dags/example_setup_teardown.py
[2024-05-11T21:17:32.364+0000] {processor.py:829} INFO - Processing file /home/airflow/.local/lib/python3.8/site-packages/airflow/example_dags/example_setup_teardown.py for tasks to queue
[2024-05-11T21:17:32.366+0000] {logging_mixin.py:154} INFO - [2024-05-11T21:17:32.366+0000] {dagbag.py:536} INFO - Filling up the DagBag from /home/airflow/.local/lib/python3.8/site-packages/airflow/example_dags/example_setup_teardown.py
[2024-05-11T21:17:32.372+0000] {processor.py:839} INFO - DAG(s) dict_keys(['example_setup_teardown']) retrieved from /home/airflow/.local/lib/python3.8/site-packages/airflow/example_dags/example_setup_teardown.py
[2024-05-11T21:17:32.388+0000] {logging_mixin.py:154} INFO - [2024-05-11T21:17:32.388+0000] {dag.py:2941} INFO - Sync 1 DAGs
[2024-05-11T21:17:32.402+0000] {logging_mixin.py:154} INFO - [2024-05-11T21:17:32.402+0000] {dag.py:3722} INFO - Setting next_dagrun for example_setup_teardown to 2024-05-10T21:17:32.401975+00:00, run_after=2024-05-11T21:17:32.401975+00:00
[2024-05-11T21:17:32.413+0000] {processor.py:179} INFO - Processing /home/airflow/.local/lib/python3.8/site-packages/airflow/example_dags/example_setup_teardown.py took 0.052 seconds
[2024-05-11T21:18:02.813+0000] {processor.py:157} INFO - Started process (PID=213) to work on /home/airflow/.local/lib/python3.8/site-packages/airflow/example_dags/example_setup_teardown.py
[2024-05-11T21:18:02.815+0000] {processor.py:829} INFO - Processing file /home/airflow/.local/lib/python3.8/site-packages/airflow/example_dags/example_setup_teardown.py for tasks to queue
[2024-05-11T21:18:02.816+0000] {logging_mixin.py:154} INFO - [2024-05-11T21:18:02.816+0000] {dagbag.py:536} INFO - Filling up the DagBag from /home/airflow/.local/lib/python3.8/site-packages/airflow/example_dags/example_setup_teardown.py
[2024-05-11T21:18:02.821+0000] {processor.py:839} INFO - DAG(s) dict_keys(['example_setup_teardown']) retrieved from /home/airflow/.local/lib/python3.8/site-packages/airflow/example_dags/example_setup_teardown.py
[2024-05-11T21:18:02.838+0000] {logging_mixin.py:154} INFO - [2024-05-11T21:18:02.838+0000] {dag.py:2941} INFO - Sync 1 DAGs
[2024-05-11T21:18:02.851+0000] {logging_mixin.py:154} INFO - [2024-05-11T21:18:02.851+0000] {dag.py:3722} INFO - Setting next_dagrun for example_setup_teardown to 2024-05-10T21:18:02.851381+00:00, run_after=2024-05-11T21:18:02.851381+00:00
[2024-05-11T21:18:02.863+0000] {processor.py:179} INFO - Processing /home/airflow/.local/lib/python3.8/site-packages/airflow/example_dags/example_setup_teardown.py took 0.053 seconds
[2024-05-11T21:18:32.977+0000] {processor.py:157} INFO - Started process (PID=268) to work on /home/airflow/.local/lib/python3.8/site-packages/airflow/example_dags/example_setup_teardown.py
[2024-05-11T21:18:32.979+0000] {processor.py:829} INFO - Processing file /home/airflow/.local/lib/python3.8/site-packages/airflow/example_dags/example_setup_teardown.py for tasks to queue
[2024-05-11T21:18:32.981+0000] {logging_mixin.py:154} INFO - [2024-05-11T21:18:32.980+0000] {dagbag.py:536} INFO - Filling up the DagBag from /home/airflow/.local/lib/python3.8/site-packages/airflow/example_dags/example_setup_teardown.py
[2024-05-11T21:18:32.986+0000] {processor.py:839} INFO - DAG(s) dict_keys(['example_setup_teardown']) retrieved from /home/airflow/.local/lib/python3.8/site-packages/airflow/example_dags/example_setup_teardown.py
[2024-05-11T21:18:33.003+0000] {logging_mixin.py:154} INFO - [2024-05-11T21:18:33.003+0000] {dag.py:2941} INFO - Sync 1 DAGs
[2024-05-11T21:18:33.019+0000] {logging_mixin.py:154} INFO - [2024-05-11T21:18:33.019+0000] {dag.py:3722} INFO - Setting next_dagrun for example_setup_teardown to 2024-05-10T21:18:33.019432+00:00, run_after=2024-05-11T21:18:33.019432+00:00
[2024-05-11T21:18:33.032+0000] {processor.py:179} INFO - Processing /home/airflow/.local/lib/python3.8/site-packages/airflow/example_dags/example_setup_teardown.py took 0.059 seconds
[2024-05-11T21:19:03.239+0000] {processor.py:157} INFO - Started process (PID=323) to work on /home/airflow/.local/lib/python3.8/site-packages/airflow/example_dags/example_setup_teardown.py
[2024-05-11T21:19:03.240+0000] {processor.py:829} INFO - Processing file /home/airflow/.local/lib/python3.8/site-packages/airflow/example_dags/example_setup_teardown.py for tasks to queue
[2024-05-11T21:19:03.242+0000] {logging_mixin.py:154} INFO - [2024-05-11T21:19:03.242+0000] {dagbag.py:536} INFO - Filling up the DagBag from /home/airflow/.local/lib/python3.8/site-packages/airflow/example_dags/example_setup_teardown.py
[2024-05-11T21:19:03.247+0000] {processor.py:839} INFO - DAG(s) dict_keys(['example_setup_teardown']) retrieved from /home/airflow/.local/lib/python3.8/site-packages/airflow/example_dags/example_setup_teardown.py
[2024-05-11T21:19:03.264+0000] {logging_mixin.py:154} INFO - [2024-05-11T21:19:03.264+0000] {dag.py:2941} INFO - Sync 1 DAGs
[2024-05-11T21:19:03.278+0000] {logging_mixin.py:154} INFO - [2024-05-11T21:19:03.277+0000] {dag.py:3722} INFO - Setting next_dagrun for example_setup_teardown to 2024-05-10T21:19:03.277682+00:00, run_after=2024-05-11T21:19:03.277682+00:00
[2024-05-11T21:19:03.289+0000] {processor.py:179} INFO - Processing /home/airflow/.local/lib/python3.8/site-packages/airflow/example_dags/example_setup_teardown.py took 0.053 seconds
[2024-05-11T21:19:33.632+0000] {processor.py:157} INFO - Started process (PID=378) to work on /home/airflow/.local/lib/python3.8/site-packages/airflow/example_dags/example_setup_teardown.py
[2024-05-11T21:19:33.633+0000] {processor.py:829} INFO - Processing file /home/airflow/.local/lib/python3.8/site-packages/airflow/example_dags/example_setup_teardown.py for tasks to queue
[2024-05-11T21:19:33.635+0000] {logging_mixin.py:154} INFO - [2024-05-11T21:19:33.635+0000] {dagbag.py:536} INFO - Filling up the DagBag from /home/airflow/.local/lib/python3.8/site-packages/airflow/example_dags/example_setup_teardown.py
[2024-05-11T21:19:33.640+0000] {processor.py:839} INFO - DAG(s) dict_keys(['example_setup_teardown']) retrieved from /home/airflow/.local/lib/python3.8/site-packages/airflow/example_dags/example_setup_teardown.py
[2024-05-11T21:19:33.657+0000] {logging_mixin.py:154} INFO - [2024-05-11T21:19:33.657+0000] {dag.py:2941} INFO - Sync 1 DAGs
[2024-05-11T21:19:33.673+0000] {logging_mixin.py:154} INFO - [2024-05-11T21:19:33.672+0000] {dag.py:3722} INFO - Setting next_dagrun for example_setup_teardown to 2024-05-10T21:19:33.672581+00:00, run_after=2024-05-11T21:19:33.672581+00:00
[2024-05-11T21:19:33.686+0000] {processor.py:179} INFO - Processing /home/airflow/.local/lib/python3.8/site-packages/airflow/example_dags/example_setup_teardown.py took 0.057 seconds
[2024-05-11T21:20:04.000+0000] {processor.py:157} INFO - Started process (PID=433) to work on /home/airflow/.local/lib/python3.8/site-packages/airflow/example_dags/example_setup_teardown.py
[2024-05-11T21:20:04.002+0000] {processor.py:829} INFO - Processing file /home/airflow/.local/lib/python3.8/site-packages/airflow/example_dags/example_setup_teardown.py for tasks to queue
[2024-05-11T21:20:04.004+0000] {logging_mixin.py:154} INFO - [2024-05-11T21:20:04.004+0000] {dagbag.py:536} INFO - Filling up the DagBag from /home/airflow/.local/lib/python3.8/site-packages/airflow/example_dags/example_setup_teardown.py
[2024-05-11T21:20:04.009+0000] {processor.py:839} INFO - DAG(s) dict_keys(['example_setup_teardown']) retrieved from /home/airflow/.local/lib/python3.8/site-packages/airflow/example_dags/example_setup_teardown.py
[2024-05-11T21:20:04.026+0000] {logging_mixin.py:154} INFO - [2024-05-11T21:20:04.026+0000] {dag.py:2941} INFO - Sync 1 DAGs
[2024-05-11T21:20:04.044+0000] {logging_mixin.py:154} INFO - [2024-05-11T21:20:04.044+0000] {dag.py:3722} INFO - Setting next_dagrun for example_setup_teardown to 2024-05-10T21:20:04.044600+00:00, run_after=2024-05-11T21:20:04.044600+00:00
[2024-05-11T21:20:04.062+0000] {processor.py:179} INFO - Processing /home/airflow/.local/lib/python3.8/site-packages/airflow/example_dags/example_setup_teardown.py took 0.064 seconds
[2024-05-11T21:20:34.215+0000] {processor.py:157} INFO - Started process (PID=488) to work on /home/airflow/.local/lib/python3.8/site-packages/airflow/example_dags/example_setup_teardown.py
[2024-05-11T21:20:34.216+0000] {processor.py:829} INFO - Processing file /home/airflow/.local/lib/python3.8/site-packages/airflow/example_dags/example_setup_teardown.py for tasks to queue
[2024-05-11T21:20:34.218+0000] {logging_mixin.py:154} INFO - [2024-05-11T21:20:34.218+0000] {dagbag.py:536} INFO - Filling up the DagBag from /home/airflow/.local/lib/python3.8/site-packages/airflow/example_dags/example_setup_teardown.py
[2024-05-11T21:20:34.223+0000] {processor.py:839} INFO - DAG(s) dict_keys(['example_setup_teardown']) retrieved from /home/airflow/.local/lib/python3.8/site-packages/airflow/example_dags/example_setup_teardown.py
[2024-05-11T21:20:34.239+0000] {logging_mixin.py:154} INFO - [2024-05-11T21:20:34.239+0000] {dag.py:2941} INFO - Sync 1 DAGs
[2024-05-11T21:20:34.255+0000] {logging_mixin.py:154} INFO - [2024-05-11T21:20:34.255+0000] {dag.py:3722} INFO - Setting next_dagrun for example_setup_teardown to 2024-05-10T21:20:34.255187+00:00, run_after=2024-05-11T21:20:34.255187+00:00
[2024-05-11T21:20:34.267+0000] {processor.py:179} INFO - Processing /home/airflow/.local/lib/python3.8/site-packages/airflow/example_dags/example_setup_teardown.py took 0.054 seconds
[2024-05-11T21:21:04.374+0000] {processor.py:157} INFO - Started process (PID=543) to work on /home/airflow/.local/lib/python3.8/site-packages/airflow/example_dags/example_setup_teardown.py
[2024-05-11T21:21:04.376+0000] {processor.py:829} INFO - Processing file /home/airflow/.local/lib/python3.8/site-packages/airflow/example_dags/example_setup_teardown.py for tasks to queue
[2024-05-11T21:21:04.378+0000] {logging_mixin.py:154} INFO - [2024-05-11T21:21:04.377+0000] {dagbag.py:536} INFO - Filling up the DagBag from /home/airflow/.local/lib/python3.8/site-packages/airflow/example_dags/example_setup_teardown.py
[2024-05-11T21:21:04.382+0000] {processor.py:839} INFO - DAG(s) dict_keys(['example_setup_teardown']) retrieved from /home/airflow/.local/lib/python3.8/site-packages/airflow/example_dags/example_setup_teardown.py
[2024-05-11T21:21:04.398+0000] {logging_mixin.py:154} INFO - [2024-05-11T21:21:04.398+0000] {dag.py:2941} INFO - Sync 1 DAGs
[2024-05-11T21:21:04.411+0000] {logging_mixin.py:154} INFO - [2024-05-11T21:21:04.411+0000] {dag.py:3722} INFO - Setting next_dagrun for example_setup_teardown to 2024-05-10T21:21:04.411163+00:00, run_after=2024-05-11T21:21:04.411163+00:00
[2024-05-11T21:21:04.422+0000] {processor.py:179} INFO - Processing /home/airflow/.local/lib/python3.8/site-packages/airflow/example_dags/example_setup_teardown.py took 0.050 seconds
[2024-05-11T21:21:34.881+0000] {processor.py:157} INFO - Started process (PID=598) to work on /home/airflow/.local/lib/python3.8/site-packages/airflow/example_dags/example_setup_teardown.py
[2024-05-11T21:21:34.882+0000] {processor.py:829} INFO - Processing file /home/airflow/.local/lib/python3.8/site-packages/airflow/example_dags/example_setup_teardown.py for tasks to queue
[2024-05-11T21:21:34.884+0000] {logging_mixin.py:154} INFO - [2024-05-11T21:21:34.884+0000] {dagbag.py:536} INFO - Filling up the DagBag from /home/airflow/.local/lib/python3.8/site-packages/airflow/example_dags/example_setup_teardown.py
[2024-05-11T21:21:34.890+0000] {processor.py:839} INFO - DAG(s) dict_keys(['example_setup_teardown']) retrieved from /home/airflow/.local/lib/python3.8/site-packages/airflow/example_dags/example_setup_teardown.py
[2024-05-11T21:21:34.910+0000] {logging_mixin.py:154} INFO - [2024-05-11T21:21:34.910+0000] {dag.py:2941} INFO - Sync 1 DAGs
[2024-05-11T21:21:34.925+0000] {logging_mixin.py:154} INFO - [2024-05-11T21:21:34.925+0000] {dag.py:3722} INFO - Setting next_dagrun for example_setup_teardown to 2024-05-10T21:21:34.925083+00:00, run_after=2024-05-11T21:21:34.925083+00:00
[2024-05-11T21:21:34.936+0000] {processor.py:179} INFO - Processing /home/airflow/.local/lib/python3.8/site-packages/airflow/example_dags/example_setup_teardown.py took 0.058 seconds
[2024-05-11T21:42:08.336+0000] {processor.py:157} INFO - Started process (PID=69) to work on /home/airflow/.local/lib/python3.8/site-packages/airflow/example_dags/example_setup_teardown.py
[2024-05-11T21:42:08.338+0000] {processor.py:829} INFO - Processing file /home/airflow/.local/lib/python3.8/site-packages/airflow/example_dags/example_setup_teardown.py for tasks to queue
[2024-05-11T21:42:08.343+0000] {logging_mixin.py:154} INFO - [2024-05-11T21:42:08.342+0000] {dagbag.py:536} INFO - Filling up the DagBag from /home/airflow/.local/lib/python3.8/site-packages/airflow/example_dags/example_setup_teardown.py
[2024-05-11T21:42:08.353+0000] {processor.py:839} INFO - DAG(s) dict_keys(['example_setup_teardown']) retrieved from /home/airflow/.local/lib/python3.8/site-packages/airflow/example_dags/example_setup_teardown.py
[2024-05-11T21:42:08.488+0000] {logging_mixin.py:154} INFO - [2024-05-11T21:42:08.487+0000] {manager.py:499} INFO - Created Permission View: %s
[2024-05-11T21:42:08.503+0000] {logging_mixin.py:154} INFO - [2024-05-11T21:42:08.503+0000] {manager.py:499} INFO - Created Permission View: %s
[2024-05-11T21:42:08.514+0000] {logging_mixin.py:154} INFO - [2024-05-11T21:42:08.514+0000] {manager.py:499} INFO - Created Permission View: %s
[2024-05-11T21:42:08.516+0000] {logging_mixin.py:154} INFO - [2024-05-11T21:42:08.515+0000] {dag.py:2941} INFO - Sync 1 DAGs
[2024-05-11T21:42:08.530+0000] {logging_mixin.py:154} INFO - [2024-05-11T21:42:08.530+0000] {dag.py:2963} INFO - Creating ORM DAG for example_setup_teardown
[2024-05-11T21:42:08.545+0000] {logging_mixin.py:154} INFO - [2024-05-11T21:42:08.544+0000] {dag.py:3722} INFO - Setting next_dagrun for example_setup_teardown to 2024-05-10T21:42:08.544501+00:00, run_after=2024-05-11T21:42:08.544501+00:00
[2024-05-11T21:42:08.585+0000] {processor.py:179} INFO - Processing /home/airflow/.local/lib/python3.8/site-packages/airflow/example_dags/example_setup_teardown.py took 0.254 seconds
[2024-05-11T21:42:38.661+0000] {processor.py:157} INFO - Started process (PID=124) to work on /home/airflow/.local/lib/python3.8/site-packages/airflow/example_dags/example_setup_teardown.py
[2024-05-11T21:42:38.663+0000] {processor.py:829} INFO - Processing file /home/airflow/.local/lib/python3.8/site-packages/airflow/example_dags/example_setup_teardown.py for tasks to queue
[2024-05-11T21:42:38.666+0000] {logging_mixin.py:154} INFO - [2024-05-11T21:42:38.666+0000] {dagbag.py:536} INFO - Filling up the DagBag from /home/airflow/.local/lib/python3.8/site-packages/airflow/example_dags/example_setup_teardown.py
[2024-05-11T21:42:38.673+0000] {processor.py:839} INFO - DAG(s) dict_keys(['example_setup_teardown']) retrieved from /home/airflow/.local/lib/python3.8/site-packages/airflow/example_dags/example_setup_teardown.py
[2024-05-11T21:42:38.701+0000] {logging_mixin.py:154} INFO - [2024-05-11T21:42:38.701+0000] {dag.py:2941} INFO - Sync 1 DAGs
[2024-05-11T21:42:38.717+0000] {logging_mixin.py:154} INFO - [2024-05-11T21:42:38.717+0000] {dag.py:3722} INFO - Setting next_dagrun for example_setup_teardown to 2024-05-10T21:42:38.716856+00:00, run_after=2024-05-11T21:42:38.716856+00:00
[2024-05-11T21:42:38.730+0000] {processor.py:179} INFO - Processing /home/airflow/.local/lib/python3.8/site-packages/airflow/example_dags/example_setup_teardown.py took 0.072 seconds
[2024-05-11T21:43:08.869+0000] {processor.py:157} INFO - Started process (PID=179) to work on /home/airflow/.local/lib/python3.8/site-packages/airflow/example_dags/example_setup_teardown.py
[2024-05-11T21:43:08.870+0000] {processor.py:829} INFO - Processing file /home/airflow/.local/lib/python3.8/site-packages/airflow/example_dags/example_setup_teardown.py for tasks to queue
[2024-05-11T21:43:08.873+0000] {logging_mixin.py:154} INFO - [2024-05-11T21:43:08.873+0000] {dagbag.py:536} INFO - Filling up the DagBag from /home/airflow/.local/lib/python3.8/site-packages/airflow/example_dags/example_setup_teardown.py
[2024-05-11T21:43:08.879+0000] {processor.py:839} INFO - DAG(s) dict_keys(['example_setup_teardown']) retrieved from /home/airflow/.local/lib/python3.8/site-packages/airflow/example_dags/example_setup_teardown.py
[2024-05-11T21:43:08.902+0000] {logging_mixin.py:154} INFO - [2024-05-11T21:43:08.901+0000] {dag.py:2941} INFO - Sync 1 DAGs
[2024-05-11T21:43:08.919+0000] {logging_mixin.py:154} INFO - [2024-05-11T21:43:08.919+0000] {dag.py:3722} INFO - Setting next_dagrun for example_setup_teardown to 2024-05-10T21:43:08.918764+00:00, run_after=2024-05-11T21:43:08.918764+00:00
[2024-05-11T21:43:08.935+0000] {processor.py:179} INFO - Processing /home/airflow/.local/lib/python3.8/site-packages/airflow/example_dags/example_setup_teardown.py took 0.069 seconds
[2024-05-11T21:43:39.522+0000] {processor.py:157} INFO - Started process (PID=234) to work on /home/airflow/.local/lib/python3.8/site-packages/airflow/example_dags/example_setup_teardown.py
[2024-05-11T21:43:39.523+0000] {processor.py:829} INFO - Processing file /home/airflow/.local/lib/python3.8/site-packages/airflow/example_dags/example_setup_teardown.py for tasks to queue
[2024-05-11T21:43:39.527+0000] {logging_mixin.py:154} INFO - [2024-05-11T21:43:39.527+0000] {dagbag.py:536} INFO - Filling up the DagBag from /home/airflow/.local/lib/python3.8/site-packages/airflow/example_dags/example_setup_teardown.py
[2024-05-11T21:43:39.535+0000] {processor.py:839} INFO - DAG(s) dict_keys(['example_setup_teardown']) retrieved from /home/airflow/.local/lib/python3.8/site-packages/airflow/example_dags/example_setup_teardown.py
[2024-05-11T21:43:39.561+0000] {logging_mixin.py:154} INFO - [2024-05-11T21:43:39.561+0000] {dag.py:2941} INFO - Sync 1 DAGs
[2024-05-11T21:43:39.584+0000] {logging_mixin.py:154} INFO - [2024-05-11T21:43:39.584+0000] {dag.py:3722} INFO - Setting next_dagrun for example_setup_teardown to 2024-05-10T21:43:39.584379+00:00, run_after=2024-05-11T21:43:39.584379+00:00
[2024-05-11T21:43:39.602+0000] {processor.py:179} INFO - Processing /home/airflow/.local/lib/python3.8/site-packages/airflow/example_dags/example_setup_teardown.py took 0.084 seconds
[2024-05-11T21:44:10.188+0000] {processor.py:157} INFO - Started process (PID=289) to work on /home/airflow/.local/lib/python3.8/site-packages/airflow/example_dags/example_setup_teardown.py
[2024-05-11T21:44:10.192+0000] {processor.py:829} INFO - Processing file /home/airflow/.local/lib/python3.8/site-packages/airflow/example_dags/example_setup_teardown.py for tasks to queue
[2024-05-11T21:44:10.195+0000] {logging_mixin.py:154} INFO - [2024-05-11T21:44:10.195+0000] {dagbag.py:536} INFO - Filling up the DagBag from /home/airflow/.local/lib/python3.8/site-packages/airflow/example_dags/example_setup_teardown.py
[2024-05-11T21:44:10.201+0000] {processor.py:839} INFO - DAG(s) dict_keys(['example_setup_teardown']) retrieved from /home/airflow/.local/lib/python3.8/site-packages/airflow/example_dags/example_setup_teardown.py
[2024-05-11T21:44:10.223+0000] {logging_mixin.py:154} INFO - [2024-05-11T21:44:10.223+0000] {dag.py:2941} INFO - Sync 1 DAGs
[2024-05-11T21:44:10.240+0000] {logging_mixin.py:154} INFO - [2024-05-11T21:44:10.239+0000] {dag.py:3722} INFO - Setting next_dagrun for example_setup_teardown to 2024-05-10T21:44:10.239188+00:00, run_after=2024-05-11T21:44:10.239188+00:00
[2024-05-11T21:44:10.260+0000] {processor.py:179} INFO - Processing /home/airflow/.local/lib/python3.8/site-packages/airflow/example_dags/example_setup_teardown.py took 0.074 seconds
[2024-05-11T21:44:40.648+0000] {processor.py:157} INFO - Started process (PID=344) to work on /home/airflow/.local/lib/python3.8/site-packages/airflow/example_dags/example_setup_teardown.py
[2024-05-11T21:44:40.650+0000] {processor.py:829} INFO - Processing file /home/airflow/.local/lib/python3.8/site-packages/airflow/example_dags/example_setup_teardown.py for tasks to queue
[2024-05-11T21:44:40.653+0000] {logging_mixin.py:154} INFO - [2024-05-11T21:44:40.652+0000] {dagbag.py:536} INFO - Filling up the DagBag from /home/airflow/.local/lib/python3.8/site-packages/airflow/example_dags/example_setup_teardown.py
[2024-05-11T21:44:40.659+0000] {processor.py:839} INFO - DAG(s) dict_keys(['example_setup_teardown']) retrieved from /home/airflow/.local/lib/python3.8/site-packages/airflow/example_dags/example_setup_teardown.py
[2024-05-11T21:44:40.681+0000] {logging_mixin.py:154} INFO - [2024-05-11T21:44:40.681+0000] {dag.py:2941} INFO - Sync 1 DAGs
[2024-05-11T21:44:40.698+0000] {logging_mixin.py:154} INFO - [2024-05-11T21:44:40.698+0000] {dag.py:3722} INFO - Setting next_dagrun for example_setup_teardown to 2024-05-10T21:44:40.698232+00:00, run_after=2024-05-11T21:44:40.698232+00:00
[2024-05-11T21:44:40.720+0000] {processor.py:179} INFO - Processing /home/airflow/.local/lib/python3.8/site-packages/airflow/example_dags/example_setup_teardown.py took 0.076 seconds
[2024-05-11T21:45:11.321+0000] {processor.py:157} INFO - Started process (PID=399) to work on /home/airflow/.local/lib/python3.8/site-packages/airflow/example_dags/example_setup_teardown.py
[2024-05-11T21:45:11.322+0000] {processor.py:829} INFO - Processing file /home/airflow/.local/lib/python3.8/site-packages/airflow/example_dags/example_setup_teardown.py for tasks to queue
[2024-05-11T21:45:11.325+0000] {logging_mixin.py:154} INFO - [2024-05-11T21:45:11.325+0000] {dagbag.py:536} INFO - Filling up the DagBag from /home/airflow/.local/lib/python3.8/site-packages/airflow/example_dags/example_setup_teardown.py
[2024-05-11T21:45:11.331+0000] {processor.py:839} INFO - DAG(s) dict_keys(['example_setup_teardown']) retrieved from /home/airflow/.local/lib/python3.8/site-packages/airflow/example_dags/example_setup_teardown.py
[2024-05-11T21:45:11.352+0000] {logging_mixin.py:154} INFO - [2024-05-11T21:45:11.352+0000] {dag.py:2941} INFO - Sync 1 DAGs
[2024-05-11T21:45:11.369+0000] {logging_mixin.py:154} INFO - [2024-05-11T21:45:11.369+0000] {dag.py:3722} INFO - Setting next_dagrun for example_setup_teardown to 2024-05-10T21:45:11.368907+00:00, run_after=2024-05-11T21:45:11.368907+00:00
[2024-05-11T21:45:11.384+0000] {processor.py:179} INFO - Processing /home/airflow/.local/lib/python3.8/site-packages/airflow/example_dags/example_setup_teardown.py took 0.066 seconds
[2024-05-11T21:45:41.978+0000] {processor.py:157} INFO - Started process (PID=455) to work on /home/airflow/.local/lib/python3.8/site-packages/airflow/example_dags/example_setup_teardown.py
[2024-05-11T21:45:41.980+0000] {processor.py:829} INFO - Processing file /home/airflow/.local/lib/python3.8/site-packages/airflow/example_dags/example_setup_teardown.py for tasks to queue
[2024-05-11T21:45:41.983+0000] {logging_mixin.py:154} INFO - [2024-05-11T21:45:41.982+0000] {dagbag.py:536} INFO - Filling up the DagBag from /home/airflow/.local/lib/python3.8/site-packages/airflow/example_dags/example_setup_teardown.py
[2024-05-11T21:45:41.991+0000] {processor.py:839} INFO - DAG(s) dict_keys(['example_setup_teardown']) retrieved from /home/airflow/.local/lib/python3.8/site-packages/airflow/example_dags/example_setup_teardown.py
[2024-05-11T21:45:42.013+0000] {logging_mixin.py:154} INFO - [2024-05-11T21:45:42.013+0000] {dag.py:2941} INFO - Sync 1 DAGs
[2024-05-11T21:45:42.031+0000] {logging_mixin.py:154} INFO - [2024-05-11T21:45:42.030+0000] {dag.py:3722} INFO - Setting next_dagrun for example_setup_teardown to 2024-05-10T21:45:42.030479+00:00, run_after=2024-05-11T21:45:42.030479+00:00
[2024-05-11T21:45:42.045+0000] {processor.py:179} INFO - Processing /home/airflow/.local/lib/python3.8/site-packages/airflow/example_dags/example_setup_teardown.py took 0.071 seconds
[2024-05-11T21:46:12.707+0000] {processor.py:157} INFO - Started process (PID=510) to work on /home/airflow/.local/lib/python3.8/site-packages/airflow/example_dags/example_setup_teardown.py
[2024-05-11T21:46:12.709+0000] {processor.py:829} INFO - Processing file /home/airflow/.local/lib/python3.8/site-packages/airflow/example_dags/example_setup_teardown.py for tasks to queue
[2024-05-11T21:46:12.711+0000] {logging_mixin.py:154} INFO - [2024-05-11T21:46:12.711+0000] {dagbag.py:536} INFO - Filling up the DagBag from /home/airflow/.local/lib/python3.8/site-packages/airflow/example_dags/example_setup_teardown.py
[2024-05-11T21:46:12.717+0000] {processor.py:839} INFO - DAG(s) dict_keys(['example_setup_teardown']) retrieved from /home/airflow/.local/lib/python3.8/site-packages/airflow/example_dags/example_setup_teardown.py
[2024-05-11T21:46:12.739+0000] {logging_mixin.py:154} INFO - [2024-05-11T21:46:12.739+0000] {dag.py:2941} INFO - Sync 1 DAGs
[2024-05-11T21:46:12.757+0000] {logging_mixin.py:154} INFO - [2024-05-11T21:46:12.757+0000] {dag.py:3722} INFO - Setting next_dagrun for example_setup_teardown to 2024-05-10T21:46:12.756822+00:00, run_after=2024-05-11T21:46:12.756822+00:00
[2024-05-11T21:46:12.771+0000] {processor.py:179} INFO - Processing /home/airflow/.local/lib/python3.8/site-packages/airflow/example_dags/example_setup_teardown.py took 0.068 seconds
[2024-05-11T21:46:43.276+0000] {processor.py:157} INFO - Started process (PID=565) to work on /home/airflow/.local/lib/python3.8/site-packages/airflow/example_dags/example_setup_teardown.py
[2024-05-11T21:46:43.278+0000] {processor.py:829} INFO - Processing file /home/airflow/.local/lib/python3.8/site-packages/airflow/example_dags/example_setup_teardown.py for tasks to queue
[2024-05-11T21:46:43.280+0000] {logging_mixin.py:154} INFO - [2024-05-11T21:46:43.280+0000] {dagbag.py:536} INFO - Filling up the DagBag from /home/airflow/.local/lib/python3.8/site-packages/airflow/example_dags/example_setup_teardown.py
[2024-05-11T21:46:43.287+0000] {processor.py:839} INFO - DAG(s) dict_keys(['example_setup_teardown']) retrieved from /home/airflow/.local/lib/python3.8/site-packages/airflow/example_dags/example_setup_teardown.py
[2024-05-11T21:46:43.309+0000] {logging_mixin.py:154} INFO - [2024-05-11T21:46:43.309+0000] {dag.py:2941} INFO - Sync 1 DAGs
[2024-05-11T21:46:43.329+0000] {logging_mixin.py:154} INFO - [2024-05-11T21:46:43.329+0000] {dag.py:3722} INFO - Setting next_dagrun for example_setup_teardown to 2024-05-10T21:46:43.328767+00:00, run_after=2024-05-11T21:46:43.328767+00:00
[2024-05-11T21:46:43.345+0000] {processor.py:179} INFO - Processing /home/airflow/.local/lib/python3.8/site-packages/airflow/example_dags/example_setup_teardown.py took 0.073 seconds
