[2024-05-11T21:03:21.507+0000] {processor.py:157} INFO - Started process (PID=70) to work on /home/airflow/.local/lib/python3.8/site-packages/airflow/example_dags/example_xcomargs.py
[2024-05-11T21:03:21.508+0000] {processor.py:829} INFO - Processing file /home/airflow/.local/lib/python3.8/site-packages/airflow/example_dags/example_xcomargs.py for tasks to queue
[2024-05-11T21:03:21.511+0000] {logging_mixin.py:154} INFO - [2024-05-11T21:03:21.511+0000] {dagbag.py:536} INFO - Filling up the DagBag from /home/airflow/.local/lib/python3.8/site-packages/airflow/example_dags/example_xcomargs.py
[2024-05-11T21:03:21.519+0000] {processor.py:839} INFO - DAG(s) dict_keys(['example_xcom_args_with_operators', 'example_xcom_args']) retrieved from /home/airflow/.local/lib/python3.8/site-packages/airflow/example_dags/example_xcomargs.py
[2024-05-11T21:03:21.591+0000] {logging_mixin.py:154} INFO - [2024-05-11T21:03:21.591+0000] {manager.py:499} INFO - Created Permission View: %s
[2024-05-11T21:03:21.605+0000] {logging_mixin.py:154} INFO - [2024-05-11T21:03:21.605+0000] {manager.py:499} INFO - Created Permission View: %s
[2024-05-11T21:03:21.609+0000] {logging_mixin.py:154} INFO - [2024-05-11T21:03:21.609+0000] {manager.py:499} INFO - Created Permission View: %s
[2024-05-11T21:03:21.618+0000] {logging_mixin.py:154} INFO - [2024-05-11T21:03:21.617+0000] {manager.py:499} INFO - Created Permission View: %s
[2024-05-11T21:03:21.622+0000] {logging_mixin.py:154} INFO - [2024-05-11T21:03:21.622+0000] {manager.py:499} INFO - Created Permission View: %s
[2024-05-11T21:03:21.627+0000] {logging_mixin.py:154} INFO - [2024-05-11T21:03:21.627+0000] {manager.py:499} INFO - Created Permission View: %s
[2024-05-11T21:03:21.628+0000] {logging_mixin.py:154} INFO - [2024-05-11T21:03:21.628+0000] {dag.py:2941} INFO - Sync 2 DAGs
[2024-05-11T21:03:21.639+0000] {logging_mixin.py:154} INFO - [2024-05-11T21:03:21.639+0000] {dag.py:2963} INFO - Creating ORM DAG for example_xcom_args
[2024-05-11T21:03:21.640+0000] {logging_mixin.py:154} INFO - [2024-05-11T21:03:21.640+0000] {dag.py:2963} INFO - Creating ORM DAG for example_xcom_args_with_operators
[2024-05-11T21:03:21.641+0000] {logging_mixin.py:154} INFO - [2024-05-11T21:03:21.641+0000] {dag.py:3722} INFO - Setting next_dagrun for example_xcom_args to None, run_after=None
[2024-05-11T21:03:21.642+0000] {logging_mixin.py:154} INFO - [2024-05-11T21:03:21.642+0000] {dag.py:3722} INFO - Setting next_dagrun for example_xcom_args_with_operators to None, run_after=None
[2024-05-11T21:03:21.654+0000] {processor.py:179} INFO - Processing /home/airflow/.local/lib/python3.8/site-packages/airflow/example_dags/example_xcomargs.py took 0.150 seconds
[2024-05-11T21:03:52.289+0000] {processor.py:157} INFO - Started process (PID=125) to work on /home/airflow/.local/lib/python3.8/site-packages/airflow/example_dags/example_xcomargs.py
[2024-05-11T21:03:52.295+0000] {processor.py:829} INFO - Processing file /home/airflow/.local/lib/python3.8/site-packages/airflow/example_dags/example_xcomargs.py for tasks to queue
[2024-05-11T21:03:52.304+0000] {logging_mixin.py:154} INFO - [2024-05-11T21:03:52.304+0000] {dagbag.py:536} INFO - Filling up the DagBag from /home/airflow/.local/lib/python3.8/site-packages/airflow/example_dags/example_xcomargs.py
[2024-05-11T21:03:52.313+0000] {processor.py:839} INFO - DAG(s) dict_keys(['example_xcom_args', 'example_xcom_args_with_operators']) retrieved from /home/airflow/.local/lib/python3.8/site-packages/airflow/example_dags/example_xcomargs.py
[2024-05-11T21:03:52.346+0000] {logging_mixin.py:154} INFO - [2024-05-11T21:03:52.345+0000] {dag.py:2941} INFO - Sync 2 DAGs
[2024-05-11T21:03:52.355+0000] {logging_mixin.py:154} INFO - [2024-05-11T21:03:52.355+0000] {dag.py:3722} INFO - Setting next_dagrun for example_xcom_args to None, run_after=None
[2024-05-11T21:03:52.358+0000] {logging_mixin.py:154} INFO - [2024-05-11T21:03:52.358+0000] {dag.py:3722} INFO - Setting next_dagrun for example_xcom_args_with_operators to None, run_after=None
[2024-05-11T21:03:52.369+0000] {processor.py:179} INFO - Processing /home/airflow/.local/lib/python3.8/site-packages/airflow/example_dags/example_xcomargs.py took 0.084 seconds
[2024-05-11T21:04:22.544+0000] {processor.py:157} INFO - Started process (PID=179) to work on /home/airflow/.local/lib/python3.8/site-packages/airflow/example_dags/example_xcomargs.py
[2024-05-11T21:04:22.546+0000] {processor.py:829} INFO - Processing file /home/airflow/.local/lib/python3.8/site-packages/airflow/example_dags/example_xcomargs.py for tasks to queue
[2024-05-11T21:04:22.548+0000] {logging_mixin.py:154} INFO - [2024-05-11T21:04:22.548+0000] {dagbag.py:536} INFO - Filling up the DagBag from /home/airflow/.local/lib/python3.8/site-packages/airflow/example_dags/example_xcomargs.py
[2024-05-11T21:04:22.554+0000] {processor.py:839} INFO - DAG(s) dict_keys(['example_xcom_args', 'example_xcom_args_with_operators']) retrieved from /home/airflow/.local/lib/python3.8/site-packages/airflow/example_dags/example_xcomargs.py
[2024-05-11T21:04:22.575+0000] {logging_mixin.py:154} INFO - [2024-05-11T21:04:22.575+0000] {dag.py:2941} INFO - Sync 2 DAGs
[2024-05-11T21:04:22.584+0000] {logging_mixin.py:154} INFO - [2024-05-11T21:04:22.584+0000] {dag.py:3722} INFO - Setting next_dagrun for example_xcom_args to None, run_after=None
[2024-05-11T21:04:22.586+0000] {logging_mixin.py:154} INFO - [2024-05-11T21:04:22.586+0000] {dag.py:3722} INFO - Setting next_dagrun for example_xcom_args_with_operators to None, run_after=None
[2024-05-11T21:04:22.602+0000] {processor.py:179} INFO - Processing /home/airflow/.local/lib/python3.8/site-packages/airflow/example_dags/example_xcomargs.py took 0.061 seconds
[2024-05-11T21:04:53.011+0000] {processor.py:157} INFO - Started process (PID=234) to work on /home/airflow/.local/lib/python3.8/site-packages/airflow/example_dags/example_xcomargs.py
[2024-05-11T21:04:53.012+0000] {processor.py:829} INFO - Processing file /home/airflow/.local/lib/python3.8/site-packages/airflow/example_dags/example_xcomargs.py for tasks to queue
[2024-05-11T21:04:53.014+0000] {logging_mixin.py:154} INFO - [2024-05-11T21:04:53.014+0000] {dagbag.py:536} INFO - Filling up the DagBag from /home/airflow/.local/lib/python3.8/site-packages/airflow/example_dags/example_xcomargs.py
[2024-05-11T21:04:53.021+0000] {processor.py:839} INFO - DAG(s) dict_keys(['example_xcom_args', 'example_xcom_args_with_operators']) retrieved from /home/airflow/.local/lib/python3.8/site-packages/airflow/example_dags/example_xcomargs.py
[2024-05-11T21:04:53.042+0000] {logging_mixin.py:154} INFO - [2024-05-11T21:04:53.042+0000] {dag.py:2941} INFO - Sync 2 DAGs
[2024-05-11T21:04:53.051+0000] {logging_mixin.py:154} INFO - [2024-05-11T21:04:53.051+0000] {dag.py:3722} INFO - Setting next_dagrun for example_xcom_args to None, run_after=None
[2024-05-11T21:04:53.054+0000] {logging_mixin.py:154} INFO - [2024-05-11T21:04:53.054+0000] {dag.py:3722} INFO - Setting next_dagrun for example_xcom_args_with_operators to None, run_after=None
[2024-05-11T21:04:53.064+0000] {processor.py:179} INFO - Processing /home/airflow/.local/lib/python3.8/site-packages/airflow/example_dags/example_xcomargs.py took 0.057 seconds
[2024-05-11T21:05:44.581+0000] {processor.py:157} INFO - Started process (PID=71) to work on /home/airflow/.local/lib/python3.8/site-packages/airflow/example_dags/example_xcomargs.py
[2024-05-11T21:05:44.583+0000] {processor.py:829} INFO - Processing file /home/airflow/.local/lib/python3.8/site-packages/airflow/example_dags/example_xcomargs.py for tasks to queue
[2024-05-11T21:05:44.585+0000] {logging_mixin.py:154} INFO - [2024-05-11T21:05:44.585+0000] {dagbag.py:536} INFO - Filling up the DagBag from /home/airflow/.local/lib/python3.8/site-packages/airflow/example_dags/example_xcomargs.py
[2024-05-11T21:05:44.591+0000] {processor.py:839} INFO - DAG(s) dict_keys(['example_xcom_args', 'example_xcom_args_with_operators']) retrieved from /home/airflow/.local/lib/python3.8/site-packages/airflow/example_dags/example_xcomargs.py
[2024-05-11T21:05:44.603+0000] {logging_mixin.py:154} INFO - [2024-05-11T21:05:44.602+0000] {dag.py:2941} INFO - Sync 2 DAGs
[2024-05-11T21:05:44.612+0000] {logging_mixin.py:154} INFO - [2024-05-11T21:05:44.612+0000] {dag.py:3722} INFO - Setting next_dagrun for example_xcom_args to None, run_after=None
[2024-05-11T21:05:44.615+0000] {logging_mixin.py:154} INFO - [2024-05-11T21:05:44.615+0000] {dag.py:3722} INFO - Setting next_dagrun for example_xcom_args_with_operators to None, run_after=None
[2024-05-11T21:05:44.624+0000] {processor.py:179} INFO - Processing /home/airflow/.local/lib/python3.8/site-packages/airflow/example_dags/example_xcomargs.py took 0.046 seconds
[2024-05-11T21:06:14.684+0000] {processor.py:157} INFO - Started process (PID=126) to work on /home/airflow/.local/lib/python3.8/site-packages/airflow/example_dags/example_xcomargs.py
[2024-05-11T21:06:14.685+0000] {processor.py:829} INFO - Processing file /home/airflow/.local/lib/python3.8/site-packages/airflow/example_dags/example_xcomargs.py for tasks to queue
[2024-05-11T21:06:14.687+0000] {logging_mixin.py:154} INFO - [2024-05-11T21:06:14.687+0000] {dagbag.py:536} INFO - Filling up the DagBag from /home/airflow/.local/lib/python3.8/site-packages/airflow/example_dags/example_xcomargs.py
[2024-05-11T21:06:14.693+0000] {processor.py:839} INFO - DAG(s) dict_keys(['example_xcom_args', 'example_xcom_args_with_operators']) retrieved from /home/airflow/.local/lib/python3.8/site-packages/airflow/example_dags/example_xcomargs.py
[2024-05-11T21:06:14.710+0000] {logging_mixin.py:154} INFO - [2024-05-11T21:06:14.710+0000] {dag.py:2941} INFO - Sync 2 DAGs
[2024-05-11T21:06:14.718+0000] {logging_mixin.py:154} INFO - [2024-05-11T21:06:14.718+0000] {dag.py:3722} INFO - Setting next_dagrun for example_xcom_args to None, run_after=None
[2024-05-11T21:06:14.720+0000] {logging_mixin.py:154} INFO - [2024-05-11T21:06:14.720+0000] {dag.py:3722} INFO - Setting next_dagrun for example_xcom_args_with_operators to None, run_after=None
[2024-05-11T21:06:14.729+0000] {processor.py:179} INFO - Processing /home/airflow/.local/lib/python3.8/site-packages/airflow/example_dags/example_xcomargs.py took 0.048 seconds
[2024-05-11T21:06:44.982+0000] {processor.py:157} INFO - Started process (PID=181) to work on /home/airflow/.local/lib/python3.8/site-packages/airflow/example_dags/example_xcomargs.py
[2024-05-11T21:06:44.984+0000] {processor.py:829} INFO - Processing file /home/airflow/.local/lib/python3.8/site-packages/airflow/example_dags/example_xcomargs.py for tasks to queue
[2024-05-11T21:06:44.986+0000] {logging_mixin.py:154} INFO - [2024-05-11T21:06:44.985+0000] {dagbag.py:536} INFO - Filling up the DagBag from /home/airflow/.local/lib/python3.8/site-packages/airflow/example_dags/example_xcomargs.py
[2024-05-11T21:06:44.991+0000] {processor.py:839} INFO - DAG(s) dict_keys(['example_xcom_args_with_operators', 'example_xcom_args']) retrieved from /home/airflow/.local/lib/python3.8/site-packages/airflow/example_dags/example_xcomargs.py
[2024-05-11T21:06:45.012+0000] {logging_mixin.py:154} INFO - [2024-05-11T21:06:45.012+0000] {dag.py:2941} INFO - Sync 2 DAGs
[2024-05-11T21:06:45.021+0000] {logging_mixin.py:154} INFO - [2024-05-11T21:06:45.021+0000] {dag.py:3722} INFO - Setting next_dagrun for example_xcom_args to None, run_after=None
[2024-05-11T21:06:45.025+0000] {logging_mixin.py:154} INFO - [2024-05-11T21:06:45.024+0000] {dag.py:3722} INFO - Setting next_dagrun for example_xcom_args_with_operators to None, run_after=None
[2024-05-11T21:06:45.036+0000] {processor.py:179} INFO - Processing /home/airflow/.local/lib/python3.8/site-packages/airflow/example_dags/example_xcomargs.py took 0.057 seconds
[2024-05-11T21:07:15.212+0000] {processor.py:157} INFO - Started process (PID=236) to work on /home/airflow/.local/lib/python3.8/site-packages/airflow/example_dags/example_xcomargs.py
[2024-05-11T21:07:15.214+0000] {processor.py:829} INFO - Processing file /home/airflow/.local/lib/python3.8/site-packages/airflow/example_dags/example_xcomargs.py for tasks to queue
[2024-05-11T21:07:15.216+0000] {logging_mixin.py:154} INFO - [2024-05-11T21:07:15.215+0000] {dagbag.py:536} INFO - Filling up the DagBag from /home/airflow/.local/lib/python3.8/site-packages/airflow/example_dags/example_xcomargs.py
[2024-05-11T21:07:15.222+0000] {processor.py:839} INFO - DAG(s) dict_keys(['example_xcom_args_with_operators', 'example_xcom_args']) retrieved from /home/airflow/.local/lib/python3.8/site-packages/airflow/example_dags/example_xcomargs.py
[2024-05-11T21:07:15.241+0000] {logging_mixin.py:154} INFO - [2024-05-11T21:07:15.241+0000] {dag.py:2941} INFO - Sync 2 DAGs
[2024-05-11T21:07:15.249+0000] {logging_mixin.py:154} INFO - [2024-05-11T21:07:15.249+0000] {dag.py:3722} INFO - Setting next_dagrun for example_xcom_args to None, run_after=None
[2024-05-11T21:07:15.251+0000] {logging_mixin.py:154} INFO - [2024-05-11T21:07:15.251+0000] {dag.py:3722} INFO - Setting next_dagrun for example_xcom_args_with_operators to None, run_after=None
[2024-05-11T21:07:15.260+0000] {processor.py:179} INFO - Processing /home/airflow/.local/lib/python3.8/site-packages/airflow/example_dags/example_xcomargs.py took 0.051 seconds
[2024-05-11T21:07:45.502+0000] {processor.py:157} INFO - Started process (PID=295) to work on /home/airflow/.local/lib/python3.8/site-packages/airflow/example_dags/example_xcomargs.py
[2024-05-11T21:07:45.504+0000] {processor.py:829} INFO - Processing file /home/airflow/.local/lib/python3.8/site-packages/airflow/example_dags/example_xcomargs.py for tasks to queue
[2024-05-11T21:07:45.506+0000] {logging_mixin.py:154} INFO - [2024-05-11T21:07:45.506+0000] {dagbag.py:536} INFO - Filling up the DagBag from /home/airflow/.local/lib/python3.8/site-packages/airflow/example_dags/example_xcomargs.py
[2024-05-11T21:07:45.512+0000] {processor.py:839} INFO - DAG(s) dict_keys(['example_xcom_args', 'example_xcom_args_with_operators']) retrieved from /home/airflow/.local/lib/python3.8/site-packages/airflow/example_dags/example_xcomargs.py
[2024-05-11T21:07:45.531+0000] {logging_mixin.py:154} INFO - [2024-05-11T21:07:45.531+0000] {dag.py:2941} INFO - Sync 2 DAGs
[2024-05-11T21:07:45.540+0000] {logging_mixin.py:154} INFO - [2024-05-11T21:07:45.539+0000] {dag.py:3722} INFO - Setting next_dagrun for example_xcom_args to None, run_after=None
[2024-05-11T21:07:45.542+0000] {logging_mixin.py:154} INFO - [2024-05-11T21:07:45.542+0000] {dag.py:3722} INFO - Setting next_dagrun for example_xcom_args_with_operators to None, run_after=None
[2024-05-11T21:07:45.551+0000] {processor.py:179} INFO - Processing /home/airflow/.local/lib/python3.8/site-packages/airflow/example_dags/example_xcomargs.py took 0.052 seconds
[2024-05-11T21:08:15.739+0000] {processor.py:157} INFO - Started process (PID=350) to work on /home/airflow/.local/lib/python3.8/site-packages/airflow/example_dags/example_xcomargs.py
[2024-05-11T21:08:15.741+0000] {processor.py:829} INFO - Processing file /home/airflow/.local/lib/python3.8/site-packages/airflow/example_dags/example_xcomargs.py for tasks to queue
[2024-05-11T21:08:15.743+0000] {logging_mixin.py:154} INFO - [2024-05-11T21:08:15.743+0000] {dagbag.py:536} INFO - Filling up the DagBag from /home/airflow/.local/lib/python3.8/site-packages/airflow/example_dags/example_xcomargs.py
[2024-05-11T21:08:15.749+0000] {processor.py:839} INFO - DAG(s) dict_keys(['example_xcom_args', 'example_xcom_args_with_operators']) retrieved from /home/airflow/.local/lib/python3.8/site-packages/airflow/example_dags/example_xcomargs.py
[2024-05-11T21:08:15.769+0000] {logging_mixin.py:154} INFO - [2024-05-11T21:08:15.769+0000] {dag.py:2941} INFO - Sync 2 DAGs
[2024-05-11T21:08:15.778+0000] {logging_mixin.py:154} INFO - [2024-05-11T21:08:15.777+0000] {dag.py:3722} INFO - Setting next_dagrun for example_xcom_args to None, run_after=None
[2024-05-11T21:08:15.780+0000] {logging_mixin.py:154} INFO - [2024-05-11T21:08:15.780+0000] {dag.py:3722} INFO - Setting next_dagrun for example_xcom_args_with_operators to None, run_after=None
[2024-05-11T21:08:15.789+0000] {processor.py:179} INFO - Processing /home/airflow/.local/lib/python3.8/site-packages/airflow/example_dags/example_xcomargs.py took 0.054 seconds
[2024-05-11T21:08:46.032+0000] {processor.py:157} INFO - Started process (PID=405) to work on /home/airflow/.local/lib/python3.8/site-packages/airflow/example_dags/example_xcomargs.py
[2024-05-11T21:08:46.033+0000] {processor.py:829} INFO - Processing file /home/airflow/.local/lib/python3.8/site-packages/airflow/example_dags/example_xcomargs.py for tasks to queue
[2024-05-11T21:08:46.035+0000] {logging_mixin.py:154} INFO - [2024-05-11T21:08:46.035+0000] {dagbag.py:536} INFO - Filling up the DagBag from /home/airflow/.local/lib/python3.8/site-packages/airflow/example_dags/example_xcomargs.py
[2024-05-11T21:08:46.041+0000] {processor.py:839} INFO - DAG(s) dict_keys(['example_xcom_args_with_operators', 'example_xcom_args']) retrieved from /home/airflow/.local/lib/python3.8/site-packages/airflow/example_dags/example_xcomargs.py
[2024-05-11T21:08:46.060+0000] {logging_mixin.py:154} INFO - [2024-05-11T21:08:46.060+0000] {dag.py:2941} INFO - Sync 2 DAGs
[2024-05-11T21:08:46.069+0000] {logging_mixin.py:154} INFO - [2024-05-11T21:08:46.069+0000] {dag.py:3722} INFO - Setting next_dagrun for example_xcom_args to None, run_after=None
[2024-05-11T21:08:46.071+0000] {logging_mixin.py:154} INFO - [2024-05-11T21:08:46.071+0000] {dag.py:3722} INFO - Setting next_dagrun for example_xcom_args_with_operators to None, run_after=None
[2024-05-11T21:08:46.080+0000] {processor.py:179} INFO - Processing /home/airflow/.local/lib/python3.8/site-packages/airflow/example_dags/example_xcomargs.py took 0.052 seconds
[2024-05-11T21:09:16.462+0000] {processor.py:157} INFO - Started process (PID=459) to work on /home/airflow/.local/lib/python3.8/site-packages/airflow/example_dags/example_xcomargs.py
[2024-05-11T21:09:16.463+0000] {processor.py:829} INFO - Processing file /home/airflow/.local/lib/python3.8/site-packages/airflow/example_dags/example_xcomargs.py for tasks to queue
[2024-05-11T21:09:16.466+0000] {logging_mixin.py:154} INFO - [2024-05-11T21:09:16.465+0000] {dagbag.py:536} INFO - Filling up the DagBag from /home/airflow/.local/lib/python3.8/site-packages/airflow/example_dags/example_xcomargs.py
[2024-05-11T21:09:16.473+0000] {processor.py:839} INFO - DAG(s) dict_keys(['example_xcom_args', 'example_xcom_args_with_operators']) retrieved from /home/airflow/.local/lib/python3.8/site-packages/airflow/example_dags/example_xcomargs.py
[2024-05-11T21:09:16.498+0000] {logging_mixin.py:154} INFO - [2024-05-11T21:09:16.498+0000] {dag.py:2941} INFO - Sync 2 DAGs
[2024-05-11T21:09:16.507+0000] {logging_mixin.py:154} INFO - [2024-05-11T21:09:16.507+0000] {dag.py:3722} INFO - Setting next_dagrun for example_xcom_args to None, run_after=None
[2024-05-11T21:09:16.510+0000] {logging_mixin.py:154} INFO - [2024-05-11T21:09:16.509+0000] {dag.py:3722} INFO - Setting next_dagrun for example_xcom_args_with_operators to None, run_after=None
[2024-05-11T21:09:16.519+0000] {processor.py:179} INFO - Processing /home/airflow/.local/lib/python3.8/site-packages/airflow/example_dags/example_xcomargs.py took 0.061 seconds
[2024-05-11T21:09:46.760+0000] {processor.py:157} INFO - Started process (PID=514) to work on /home/airflow/.local/lib/python3.8/site-packages/airflow/example_dags/example_xcomargs.py
[2024-05-11T21:09:46.761+0000] {processor.py:829} INFO - Processing file /home/airflow/.local/lib/python3.8/site-packages/airflow/example_dags/example_xcomargs.py for tasks to queue
[2024-05-11T21:09:46.763+0000] {logging_mixin.py:154} INFO - [2024-05-11T21:09:46.763+0000] {dagbag.py:536} INFO - Filling up the DagBag from /home/airflow/.local/lib/python3.8/site-packages/airflow/example_dags/example_xcomargs.py
[2024-05-11T21:09:46.769+0000] {processor.py:839} INFO - DAG(s) dict_keys(['example_xcom_args_with_operators', 'example_xcom_args']) retrieved from /home/airflow/.local/lib/python3.8/site-packages/airflow/example_dags/example_xcomargs.py
[2024-05-11T21:09:46.787+0000] {logging_mixin.py:154} INFO - [2024-05-11T21:09:46.787+0000] {dag.py:2941} INFO - Sync 2 DAGs
[2024-05-11T21:09:46.794+0000] {logging_mixin.py:154} INFO - [2024-05-11T21:09:46.794+0000] {dag.py:3722} INFO - Setting next_dagrun for example_xcom_args to None, run_after=None
[2024-05-11T21:09:46.797+0000] {logging_mixin.py:154} INFO - [2024-05-11T21:09:46.797+0000] {dag.py:3722} INFO - Setting next_dagrun for example_xcom_args_with_operators to None, run_after=None
[2024-05-11T21:09:46.806+0000] {processor.py:179} INFO - Processing /home/airflow/.local/lib/python3.8/site-packages/airflow/example_dags/example_xcomargs.py took 0.050 seconds
[2024-05-11T21:10:16.995+0000] {processor.py:157} INFO - Started process (PID=568) to work on /home/airflow/.local/lib/python3.8/site-packages/airflow/example_dags/example_xcomargs.py
[2024-05-11T21:10:16.997+0000] {processor.py:829} INFO - Processing file /home/airflow/.local/lib/python3.8/site-packages/airflow/example_dags/example_xcomargs.py for tasks to queue
[2024-05-11T21:10:16.999+0000] {logging_mixin.py:154} INFO - [2024-05-11T21:10:16.998+0000] {dagbag.py:536} INFO - Filling up the DagBag from /home/airflow/.local/lib/python3.8/site-packages/airflow/example_dags/example_xcomargs.py
[2024-05-11T21:10:17.005+0000] {processor.py:839} INFO - DAG(s) dict_keys(['example_xcom_args', 'example_xcom_args_with_operators']) retrieved from /home/airflow/.local/lib/python3.8/site-packages/airflow/example_dags/example_xcomargs.py
[2024-05-11T21:10:17.024+0000] {logging_mixin.py:154} INFO - [2024-05-11T21:10:17.024+0000] {dag.py:2941} INFO - Sync 2 DAGs
[2024-05-11T21:10:17.032+0000] {logging_mixin.py:154} INFO - [2024-05-11T21:10:17.032+0000] {dag.py:3722} INFO - Setting next_dagrun for example_xcom_args to None, run_after=None
[2024-05-11T21:10:17.035+0000] {logging_mixin.py:154} INFO - [2024-05-11T21:10:17.035+0000] {dag.py:3722} INFO - Setting next_dagrun for example_xcom_args_with_operators to None, run_after=None
[2024-05-11T21:10:17.044+0000] {processor.py:179} INFO - Processing /home/airflow/.local/lib/python3.8/site-packages/airflow/example_dags/example_xcomargs.py took 0.051 seconds
[2024-05-11T21:10:47.390+0000] {processor.py:157} INFO - Started process (PID=623) to work on /home/airflow/.local/lib/python3.8/site-packages/airflow/example_dags/example_xcomargs.py
[2024-05-11T21:10:47.392+0000] {processor.py:829} INFO - Processing file /home/airflow/.local/lib/python3.8/site-packages/airflow/example_dags/example_xcomargs.py for tasks to queue
[2024-05-11T21:10:47.394+0000] {logging_mixin.py:154} INFO - [2024-05-11T21:10:47.394+0000] {dagbag.py:536} INFO - Filling up the DagBag from /home/airflow/.local/lib/python3.8/site-packages/airflow/example_dags/example_xcomargs.py
[2024-05-11T21:10:47.400+0000] {processor.py:839} INFO - DAG(s) dict_keys(['example_xcom_args', 'example_xcom_args_with_operators']) retrieved from /home/airflow/.local/lib/python3.8/site-packages/airflow/example_dags/example_xcomargs.py
[2024-05-11T21:10:47.421+0000] {logging_mixin.py:154} INFO - [2024-05-11T21:10:47.421+0000] {dag.py:2941} INFO - Sync 2 DAGs
[2024-05-11T21:10:47.432+0000] {logging_mixin.py:154} INFO - [2024-05-11T21:10:47.432+0000] {dag.py:3722} INFO - Setting next_dagrun for example_xcom_args to None, run_after=None
[2024-05-11T21:10:47.436+0000] {logging_mixin.py:154} INFO - [2024-05-11T21:10:47.436+0000] {dag.py:3722} INFO - Setting next_dagrun for example_xcom_args_with_operators to None, run_after=None
[2024-05-11T21:10:47.450+0000] {processor.py:179} INFO - Processing /home/airflow/.local/lib/python3.8/site-packages/airflow/example_dags/example_xcomargs.py took 0.063 seconds
[2024-05-11T21:11:17.736+0000] {processor.py:157} INFO - Started process (PID=678) to work on /home/airflow/.local/lib/python3.8/site-packages/airflow/example_dags/example_xcomargs.py
[2024-05-11T21:11:17.737+0000] {processor.py:829} INFO - Processing file /home/airflow/.local/lib/python3.8/site-packages/airflow/example_dags/example_xcomargs.py for tasks to queue
[2024-05-11T21:11:17.739+0000] {logging_mixin.py:154} INFO - [2024-05-11T21:11:17.739+0000] {dagbag.py:536} INFO - Filling up the DagBag from /home/airflow/.local/lib/python3.8/site-packages/airflow/example_dags/example_xcomargs.py
[2024-05-11T21:11:17.745+0000] {processor.py:839} INFO - DAG(s) dict_keys(['example_xcom_args_with_operators', 'example_xcom_args']) retrieved from /home/airflow/.local/lib/python3.8/site-packages/airflow/example_dags/example_xcomargs.py
[2024-05-11T21:11:17.763+0000] {logging_mixin.py:154} INFO - [2024-05-11T21:11:17.763+0000] {dag.py:2941} INFO - Sync 2 DAGs
[2024-05-11T21:11:17.771+0000] {logging_mixin.py:154} INFO - [2024-05-11T21:11:17.771+0000] {dag.py:3722} INFO - Setting next_dagrun for example_xcom_args to None, run_after=None
[2024-05-11T21:11:17.773+0000] {logging_mixin.py:154} INFO - [2024-05-11T21:11:17.773+0000] {dag.py:3722} INFO - Setting next_dagrun for example_xcom_args_with_operators to None, run_after=None
[2024-05-11T21:11:17.782+0000] {processor.py:179} INFO - Processing /home/airflow/.local/lib/python3.8/site-packages/airflow/example_dags/example_xcomargs.py took 0.049 seconds
[2024-05-11T21:11:47.945+0000] {processor.py:157} INFO - Started process (PID=733) to work on /home/airflow/.local/lib/python3.8/site-packages/airflow/example_dags/example_xcomargs.py
[2024-05-11T21:11:47.946+0000] {processor.py:829} INFO - Processing file /home/airflow/.local/lib/python3.8/site-packages/airflow/example_dags/example_xcomargs.py for tasks to queue
[2024-05-11T21:11:47.949+0000] {logging_mixin.py:154} INFO - [2024-05-11T21:11:47.948+0000] {dagbag.py:536} INFO - Filling up the DagBag from /home/airflow/.local/lib/python3.8/site-packages/airflow/example_dags/example_xcomargs.py
[2024-05-11T21:11:47.955+0000] {processor.py:839} INFO - DAG(s) dict_keys(['example_xcom_args_with_operators', 'example_xcom_args']) retrieved from /home/airflow/.local/lib/python3.8/site-packages/airflow/example_dags/example_xcomargs.py
[2024-05-11T21:11:47.984+0000] {logging_mixin.py:154} INFO - [2024-05-11T21:11:47.984+0000] {dag.py:2941} INFO - Sync 2 DAGs
[2024-05-11T21:11:47.998+0000] {logging_mixin.py:154} INFO - [2024-05-11T21:11:47.998+0000] {dag.py:3722} INFO - Setting next_dagrun for example_xcom_args to None, run_after=None
[2024-05-11T21:11:48.002+0000] {logging_mixin.py:154} INFO - [2024-05-11T21:11:48.002+0000] {dag.py:3722} INFO - Setting next_dagrun for example_xcom_args_with_operators to None, run_after=None
[2024-05-11T21:11:48.022+0000] {processor.py:179} INFO - Processing /home/airflow/.local/lib/python3.8/site-packages/airflow/example_dags/example_xcomargs.py took 0.080 seconds
[2024-05-11T21:12:18.297+0000] {processor.py:157} INFO - Started process (PID=789) to work on /home/airflow/.local/lib/python3.8/site-packages/airflow/example_dags/example_xcomargs.py
[2024-05-11T21:12:18.299+0000] {processor.py:829} INFO - Processing file /home/airflow/.local/lib/python3.8/site-packages/airflow/example_dags/example_xcomargs.py for tasks to queue
[2024-05-11T21:12:18.301+0000] {logging_mixin.py:154} INFO - [2024-05-11T21:12:18.301+0000] {dagbag.py:536} INFO - Filling up the DagBag from /home/airflow/.local/lib/python3.8/site-packages/airflow/example_dags/example_xcomargs.py
[2024-05-11T21:12:18.307+0000] {processor.py:839} INFO - DAG(s) dict_keys(['example_xcom_args', 'example_xcom_args_with_operators']) retrieved from /home/airflow/.local/lib/python3.8/site-packages/airflow/example_dags/example_xcomargs.py
[2024-05-11T21:12:18.325+0000] {logging_mixin.py:154} INFO - [2024-05-11T21:12:18.325+0000] {dag.py:2941} INFO - Sync 2 DAGs
[2024-05-11T21:12:18.332+0000] {logging_mixin.py:154} INFO - [2024-05-11T21:12:18.332+0000] {dag.py:3722} INFO - Setting next_dagrun for example_xcom_args to None, run_after=None
[2024-05-11T21:12:18.335+0000] {logging_mixin.py:154} INFO - [2024-05-11T21:12:18.335+0000] {dag.py:3722} INFO - Setting next_dagrun for example_xcom_args_with_operators to None, run_after=None
[2024-05-11T21:12:18.344+0000] {processor.py:179} INFO - Processing /home/airflow/.local/lib/python3.8/site-packages/airflow/example_dags/example_xcomargs.py took 0.050 seconds
[2024-05-11T21:12:48.623+0000] {processor.py:157} INFO - Started process (PID=844) to work on /home/airflow/.local/lib/python3.8/site-packages/airflow/example_dags/example_xcomargs.py
[2024-05-11T21:12:48.624+0000] {processor.py:829} INFO - Processing file /home/airflow/.local/lib/python3.8/site-packages/airflow/example_dags/example_xcomargs.py for tasks to queue
[2024-05-11T21:12:48.626+0000] {logging_mixin.py:154} INFO - [2024-05-11T21:12:48.626+0000] {dagbag.py:536} INFO - Filling up the DagBag from /home/airflow/.local/lib/python3.8/site-packages/airflow/example_dags/example_xcomargs.py
[2024-05-11T21:12:48.632+0000] {processor.py:839} INFO - DAG(s) dict_keys(['example_xcom_args_with_operators', 'example_xcom_args']) retrieved from /home/airflow/.local/lib/python3.8/site-packages/airflow/example_dags/example_xcomargs.py
[2024-05-11T21:12:48.651+0000] {logging_mixin.py:154} INFO - [2024-05-11T21:12:48.651+0000] {dag.py:2941} INFO - Sync 2 DAGs
[2024-05-11T21:12:48.660+0000] {logging_mixin.py:154} INFO - [2024-05-11T21:12:48.660+0000] {dag.py:3722} INFO - Setting next_dagrun for example_xcom_args to None, run_after=None
[2024-05-11T21:12:48.663+0000] {logging_mixin.py:154} INFO - [2024-05-11T21:12:48.663+0000] {dag.py:3722} INFO - Setting next_dagrun for example_xcom_args_with_operators to None, run_after=None
[2024-05-11T21:12:48.675+0000] {processor.py:179} INFO - Processing /home/airflow/.local/lib/python3.8/site-packages/airflow/example_dags/example_xcomargs.py took 0.056 seconds
[2024-05-11T21:13:18.926+0000] {processor.py:157} INFO - Started process (PID=899) to work on /home/airflow/.local/lib/python3.8/site-packages/airflow/example_dags/example_xcomargs.py
[2024-05-11T21:13:18.928+0000] {processor.py:829} INFO - Processing file /home/airflow/.local/lib/python3.8/site-packages/airflow/example_dags/example_xcomargs.py for tasks to queue
[2024-05-11T21:13:18.930+0000] {logging_mixin.py:154} INFO - [2024-05-11T21:13:18.929+0000] {dagbag.py:536} INFO - Filling up the DagBag from /home/airflow/.local/lib/python3.8/site-packages/airflow/example_dags/example_xcomargs.py
[2024-05-11T21:13:18.935+0000] {processor.py:839} INFO - DAG(s) dict_keys(['example_xcom_args', 'example_xcom_args_with_operators']) retrieved from /home/airflow/.local/lib/python3.8/site-packages/airflow/example_dags/example_xcomargs.py
[2024-05-11T21:13:18.954+0000] {logging_mixin.py:154} INFO - [2024-05-11T21:13:18.954+0000] {dag.py:2941} INFO - Sync 2 DAGs
[2024-05-11T21:13:18.962+0000] {logging_mixin.py:154} INFO - [2024-05-11T21:13:18.962+0000] {dag.py:3722} INFO - Setting next_dagrun for example_xcom_args to None, run_after=None
[2024-05-11T21:13:18.964+0000] {logging_mixin.py:154} INFO - [2024-05-11T21:13:18.964+0000] {dag.py:3722} INFO - Setting next_dagrun for example_xcom_args_with_operators to None, run_after=None
[2024-05-11T21:13:18.974+0000] {processor.py:179} INFO - Processing /home/airflow/.local/lib/python3.8/site-packages/airflow/example_dags/example_xcomargs.py took 0.051 seconds
[2024-05-11T21:13:49.060+0000] {processor.py:157} INFO - Started process (PID=954) to work on /home/airflow/.local/lib/python3.8/site-packages/airflow/example_dags/example_xcomargs.py
[2024-05-11T21:13:49.061+0000] {processor.py:829} INFO - Processing file /home/airflow/.local/lib/python3.8/site-packages/airflow/example_dags/example_xcomargs.py for tasks to queue
[2024-05-11T21:13:49.063+0000] {logging_mixin.py:154} INFO - [2024-05-11T21:13:49.063+0000] {dagbag.py:536} INFO - Filling up the DagBag from /home/airflow/.local/lib/python3.8/site-packages/airflow/example_dags/example_xcomargs.py
[2024-05-11T21:13:49.069+0000] {processor.py:839} INFO - DAG(s) dict_keys(['example_xcom_args_with_operators', 'example_xcom_args']) retrieved from /home/airflow/.local/lib/python3.8/site-packages/airflow/example_dags/example_xcomargs.py
[2024-05-11T21:13:49.088+0000] {logging_mixin.py:154} INFO - [2024-05-11T21:13:49.088+0000] {dag.py:2941} INFO - Sync 2 DAGs
[2024-05-11T21:13:49.096+0000] {logging_mixin.py:154} INFO - [2024-05-11T21:13:49.096+0000] {dag.py:3722} INFO - Setting next_dagrun for example_xcom_args to None, run_after=None
[2024-05-11T21:13:49.099+0000] {logging_mixin.py:154} INFO - [2024-05-11T21:13:49.099+0000] {dag.py:3722} INFO - Setting next_dagrun for example_xcom_args_with_operators to None, run_after=None
[2024-05-11T21:13:49.108+0000] {processor.py:179} INFO - Processing /home/airflow/.local/lib/python3.8/site-packages/airflow/example_dags/example_xcomargs.py took 0.052 seconds
[2024-05-11T21:14:19.311+0000] {processor.py:157} INFO - Started process (PID=1009) to work on /home/airflow/.local/lib/python3.8/site-packages/airflow/example_dags/example_xcomargs.py
[2024-05-11T21:14:19.313+0000] {processor.py:829} INFO - Processing file /home/airflow/.local/lib/python3.8/site-packages/airflow/example_dags/example_xcomargs.py for tasks to queue
[2024-05-11T21:14:19.315+0000] {logging_mixin.py:154} INFO - [2024-05-11T21:14:19.315+0000] {dagbag.py:536} INFO - Filling up the DagBag from /home/airflow/.local/lib/python3.8/site-packages/airflow/example_dags/example_xcomargs.py
[2024-05-11T21:14:19.321+0000] {processor.py:839} INFO - DAG(s) dict_keys(['example_xcom_args', 'example_xcom_args_with_operators']) retrieved from /home/airflow/.local/lib/python3.8/site-packages/airflow/example_dags/example_xcomargs.py
[2024-05-11T21:14:19.338+0000] {logging_mixin.py:154} INFO - [2024-05-11T21:14:19.338+0000] {dag.py:2941} INFO - Sync 2 DAGs
[2024-05-11T21:14:19.346+0000] {logging_mixin.py:154} INFO - [2024-05-11T21:14:19.346+0000] {dag.py:3722} INFO - Setting next_dagrun for example_xcom_args to None, run_after=None
[2024-05-11T21:14:19.348+0000] {logging_mixin.py:154} INFO - [2024-05-11T21:14:19.348+0000] {dag.py:3722} INFO - Setting next_dagrun for example_xcom_args_with_operators to None, run_after=None
[2024-05-11T21:14:19.360+0000] {processor.py:179} INFO - Processing /home/airflow/.local/lib/python3.8/site-packages/airflow/example_dags/example_xcomargs.py took 0.052 seconds
[2024-05-11T21:14:49.695+0000] {processor.py:157} INFO - Started process (PID=1065) to work on /home/airflow/.local/lib/python3.8/site-packages/airflow/example_dags/example_xcomargs.py
[2024-05-11T21:14:49.696+0000] {processor.py:829} INFO - Processing file /home/airflow/.local/lib/python3.8/site-packages/airflow/example_dags/example_xcomargs.py for tasks to queue
[2024-05-11T21:14:49.699+0000] {logging_mixin.py:154} INFO - [2024-05-11T21:14:49.698+0000] {dagbag.py:536} INFO - Filling up the DagBag from /home/airflow/.local/lib/python3.8/site-packages/airflow/example_dags/example_xcomargs.py
[2024-05-11T21:14:49.705+0000] {processor.py:839} INFO - DAG(s) dict_keys(['example_xcom_args_with_operators', 'example_xcom_args']) retrieved from /home/airflow/.local/lib/python3.8/site-packages/airflow/example_dags/example_xcomargs.py
[2024-05-11T21:14:49.725+0000] {logging_mixin.py:154} INFO - [2024-05-11T21:14:49.725+0000] {dag.py:2941} INFO - Sync 2 DAGs
[2024-05-11T21:14:49.735+0000] {logging_mixin.py:154} INFO - [2024-05-11T21:14:49.735+0000] {dag.py:3722} INFO - Setting next_dagrun for example_xcom_args to None, run_after=None
[2024-05-11T21:14:49.737+0000] {logging_mixin.py:154} INFO - [2024-05-11T21:14:49.737+0000] {dag.py:3722} INFO - Setting next_dagrun for example_xcom_args_with_operators to None, run_after=None
[2024-05-11T21:14:49.748+0000] {processor.py:179} INFO - Processing /home/airflow/.local/lib/python3.8/site-packages/airflow/example_dags/example_xcomargs.py took 0.056 seconds
[2024-05-11T21:16:33.701+0000] {processor.py:157} INFO - Started process (PID=71) to work on /home/airflow/.local/lib/python3.8/site-packages/airflow/example_dags/example_xcomargs.py
[2024-05-11T21:16:33.706+0000] {processor.py:829} INFO - Processing file /home/airflow/.local/lib/python3.8/site-packages/airflow/example_dags/example_xcomargs.py for tasks to queue
[2024-05-11T21:16:33.709+0000] {logging_mixin.py:154} INFO - [2024-05-11T21:16:33.709+0000] {dagbag.py:536} INFO - Filling up the DagBag from /home/airflow/.local/lib/python3.8/site-packages/airflow/example_dags/example_xcomargs.py
[2024-05-11T21:16:33.716+0000] {processor.py:839} INFO - DAG(s) dict_keys(['example_xcom_args', 'example_xcom_args_with_operators']) retrieved from /home/airflow/.local/lib/python3.8/site-packages/airflow/example_dags/example_xcomargs.py
[2024-05-11T21:16:33.735+0000] {logging_mixin.py:154} INFO - [2024-05-11T21:16:33.735+0000] {dag.py:2941} INFO - Sync 2 DAGs
[2024-05-11T21:16:33.747+0000] {logging_mixin.py:154} INFO - [2024-05-11T21:16:33.747+0000] {dag.py:3722} INFO - Setting next_dagrun for example_xcom_args to None, run_after=None
[2024-05-11T21:16:33.750+0000] {logging_mixin.py:154} INFO - [2024-05-11T21:16:33.750+0000] {dag.py:3722} INFO - Setting next_dagrun for example_xcom_args_with_operators to None, run_after=None
[2024-05-11T21:16:33.777+0000] {processor.py:179} INFO - Processing /home/airflow/.local/lib/python3.8/site-packages/airflow/example_dags/example_xcomargs.py took 0.079 seconds
[2024-05-11T21:17:04.210+0000] {processor.py:157} INFO - Started process (PID=127) to work on /home/airflow/.local/lib/python3.8/site-packages/airflow/example_dags/example_xcomargs.py
[2024-05-11T21:17:04.211+0000] {processor.py:829} INFO - Processing file /home/airflow/.local/lib/python3.8/site-packages/airflow/example_dags/example_xcomargs.py for tasks to queue
[2024-05-11T21:17:04.214+0000] {logging_mixin.py:154} INFO - [2024-05-11T21:17:04.213+0000] {dagbag.py:536} INFO - Filling up the DagBag from /home/airflow/.local/lib/python3.8/site-packages/airflow/example_dags/example_xcomargs.py
[2024-05-11T21:17:04.221+0000] {processor.py:839} INFO - DAG(s) dict_keys(['example_xcom_args', 'example_xcom_args_with_operators']) retrieved from /home/airflow/.local/lib/python3.8/site-packages/airflow/example_dags/example_xcomargs.py
[2024-05-11T21:17:04.239+0000] {logging_mixin.py:154} INFO - [2024-05-11T21:17:04.239+0000] {dag.py:2941} INFO - Sync 2 DAGs
[2024-05-11T21:17:04.247+0000] {logging_mixin.py:154} INFO - [2024-05-11T21:17:04.247+0000] {dag.py:3722} INFO - Setting next_dagrun for example_xcom_args to None, run_after=None
[2024-05-11T21:17:04.250+0000] {logging_mixin.py:154} INFO - [2024-05-11T21:17:04.250+0000] {dag.py:3722} INFO - Setting next_dagrun for example_xcom_args_with_operators to None, run_after=None
[2024-05-11T21:17:04.260+0000] {processor.py:179} INFO - Processing /home/airflow/.local/lib/python3.8/site-packages/airflow/example_dags/example_xcomargs.py took 0.052 seconds
[2024-05-11T21:17:34.559+0000] {processor.py:157} INFO - Started process (PID=182) to work on /home/airflow/.local/lib/python3.8/site-packages/airflow/example_dags/example_xcomargs.py
[2024-05-11T21:17:34.561+0000] {processor.py:829} INFO - Processing file /home/airflow/.local/lib/python3.8/site-packages/airflow/example_dags/example_xcomargs.py for tasks to queue
[2024-05-11T21:17:34.563+0000] {logging_mixin.py:154} INFO - [2024-05-11T21:17:34.563+0000] {dagbag.py:536} INFO - Filling up the DagBag from /home/airflow/.local/lib/python3.8/site-packages/airflow/example_dags/example_xcomargs.py
[2024-05-11T21:17:34.570+0000] {processor.py:839} INFO - DAG(s) dict_keys(['example_xcom_args', 'example_xcom_args_with_operators']) retrieved from /home/airflow/.local/lib/python3.8/site-packages/airflow/example_dags/example_xcomargs.py
[2024-05-11T21:17:34.590+0000] {logging_mixin.py:154} INFO - [2024-05-11T21:17:34.590+0000] {dag.py:2941} INFO - Sync 2 DAGs
[2024-05-11T21:17:34.599+0000] {logging_mixin.py:154} INFO - [2024-05-11T21:17:34.599+0000] {dag.py:3722} INFO - Setting next_dagrun for example_xcom_args to None, run_after=None
[2024-05-11T21:17:34.602+0000] {logging_mixin.py:154} INFO - [2024-05-11T21:17:34.602+0000] {dag.py:3722} INFO - Setting next_dagrun for example_xcom_args_with_operators to None, run_after=None
[2024-05-11T21:17:34.612+0000] {processor.py:179} INFO - Processing /home/airflow/.local/lib/python3.8/site-packages/airflow/example_dags/example_xcomargs.py took 0.056 seconds
[2024-05-11T21:18:04.891+0000] {processor.py:157} INFO - Started process (PID=238) to work on /home/airflow/.local/lib/python3.8/site-packages/airflow/example_dags/example_xcomargs.py
[2024-05-11T21:18:04.893+0000] {processor.py:829} INFO - Processing file /home/airflow/.local/lib/python3.8/site-packages/airflow/example_dags/example_xcomargs.py for tasks to queue
[2024-05-11T21:18:04.897+0000] {logging_mixin.py:154} INFO - [2024-05-11T21:18:04.896+0000] {dagbag.py:536} INFO - Filling up the DagBag from /home/airflow/.local/lib/python3.8/site-packages/airflow/example_dags/example_xcomargs.py
[2024-05-11T21:18:04.905+0000] {processor.py:839} INFO - DAG(s) dict_keys(['example_xcom_args_with_operators', 'example_xcom_args']) retrieved from /home/airflow/.local/lib/python3.8/site-packages/airflow/example_dags/example_xcomargs.py
[2024-05-11T21:18:04.932+0000] {logging_mixin.py:154} INFO - [2024-05-11T21:18:04.932+0000] {dag.py:2941} INFO - Sync 2 DAGs
[2024-05-11T21:18:04.941+0000] {logging_mixin.py:154} INFO - [2024-05-11T21:18:04.941+0000] {dag.py:3722} INFO - Setting next_dagrun for example_xcom_args to None, run_after=None
[2024-05-11T21:18:04.943+0000] {logging_mixin.py:154} INFO - [2024-05-11T21:18:04.943+0000] {dag.py:3722} INFO - Setting next_dagrun for example_xcom_args_with_operators to None, run_after=None
[2024-05-11T21:18:04.955+0000] {processor.py:179} INFO - Processing /home/airflow/.local/lib/python3.8/site-packages/airflow/example_dags/example_xcomargs.py took 0.066 seconds
[2024-05-11T21:18:35.074+0000] {processor.py:157} INFO - Started process (PID=293) to work on /home/airflow/.local/lib/python3.8/site-packages/airflow/example_dags/example_xcomargs.py
[2024-05-11T21:18:35.076+0000] {processor.py:829} INFO - Processing file /home/airflow/.local/lib/python3.8/site-packages/airflow/example_dags/example_xcomargs.py for tasks to queue
[2024-05-11T21:18:35.079+0000] {logging_mixin.py:154} INFO - [2024-05-11T21:18:35.079+0000] {dagbag.py:536} INFO - Filling up the DagBag from /home/airflow/.local/lib/python3.8/site-packages/airflow/example_dags/example_xcomargs.py
[2024-05-11T21:18:35.085+0000] {processor.py:839} INFO - DAG(s) dict_keys(['example_xcom_args', 'example_xcom_args_with_operators']) retrieved from /home/airflow/.local/lib/python3.8/site-packages/airflow/example_dags/example_xcomargs.py
[2024-05-11T21:18:35.106+0000] {logging_mixin.py:154} INFO - [2024-05-11T21:18:35.106+0000] {dag.py:2941} INFO - Sync 2 DAGs
[2024-05-11T21:18:35.116+0000] {logging_mixin.py:154} INFO - [2024-05-11T21:18:35.116+0000] {dag.py:3722} INFO - Setting next_dagrun for example_xcom_args to None, run_after=None
[2024-05-11T21:18:35.119+0000] {logging_mixin.py:154} INFO - [2024-05-11T21:18:35.119+0000] {dag.py:3722} INFO - Setting next_dagrun for example_xcom_args_with_operators to None, run_after=None
[2024-05-11T21:18:35.131+0000] {processor.py:179} INFO - Processing /home/airflow/.local/lib/python3.8/site-packages/airflow/example_dags/example_xcomargs.py took 0.059 seconds
[2024-05-11T21:19:05.256+0000] {processor.py:157} INFO - Started process (PID=348) to work on /home/airflow/.local/lib/python3.8/site-packages/airflow/example_dags/example_xcomargs.py
[2024-05-11T21:19:05.257+0000] {processor.py:829} INFO - Processing file /home/airflow/.local/lib/python3.8/site-packages/airflow/example_dags/example_xcomargs.py for tasks to queue
[2024-05-11T21:19:05.259+0000] {logging_mixin.py:154} INFO - [2024-05-11T21:19:05.259+0000] {dagbag.py:536} INFO - Filling up the DagBag from /home/airflow/.local/lib/python3.8/site-packages/airflow/example_dags/example_xcomargs.py
[2024-05-11T21:19:05.266+0000] {processor.py:839} INFO - DAG(s) dict_keys(['example_xcom_args', 'example_xcom_args_with_operators']) retrieved from /home/airflow/.local/lib/python3.8/site-packages/airflow/example_dags/example_xcomargs.py
[2024-05-11T21:19:05.285+0000] {logging_mixin.py:154} INFO - [2024-05-11T21:19:05.285+0000] {dag.py:2941} INFO - Sync 2 DAGs
[2024-05-11T21:19:05.293+0000] {logging_mixin.py:154} INFO - [2024-05-11T21:19:05.293+0000] {dag.py:3722} INFO - Setting next_dagrun for example_xcom_args to None, run_after=None
[2024-05-11T21:19:05.295+0000] {logging_mixin.py:154} INFO - [2024-05-11T21:19:05.295+0000] {dag.py:3722} INFO - Setting next_dagrun for example_xcom_args_with_operators to None, run_after=None
[2024-05-11T21:19:05.305+0000] {processor.py:179} INFO - Processing /home/airflow/.local/lib/python3.8/site-packages/airflow/example_dags/example_xcomargs.py took 0.053 seconds
[2024-05-11T21:19:35.621+0000] {processor.py:157} INFO - Started process (PID=403) to work on /home/airflow/.local/lib/python3.8/site-packages/airflow/example_dags/example_xcomargs.py
[2024-05-11T21:19:35.623+0000] {processor.py:829} INFO - Processing file /home/airflow/.local/lib/python3.8/site-packages/airflow/example_dags/example_xcomargs.py for tasks to queue
[2024-05-11T21:19:35.625+0000] {logging_mixin.py:154} INFO - [2024-05-11T21:19:35.624+0000] {dagbag.py:536} INFO - Filling up the DagBag from /home/airflow/.local/lib/python3.8/site-packages/airflow/example_dags/example_xcomargs.py
[2024-05-11T21:19:35.631+0000] {processor.py:839} INFO - DAG(s) dict_keys(['example_xcom_args', 'example_xcom_args_with_operators']) retrieved from /home/airflow/.local/lib/python3.8/site-packages/airflow/example_dags/example_xcomargs.py
[2024-05-11T21:19:35.650+0000] {logging_mixin.py:154} INFO - [2024-05-11T21:19:35.649+0000] {dag.py:2941} INFO - Sync 2 DAGs
[2024-05-11T21:19:35.658+0000] {logging_mixin.py:154} INFO - [2024-05-11T21:19:35.658+0000] {dag.py:3722} INFO - Setting next_dagrun for example_xcom_args to None, run_after=None
[2024-05-11T21:19:35.660+0000] {logging_mixin.py:154} INFO - [2024-05-11T21:19:35.660+0000] {dag.py:3722} INFO - Setting next_dagrun for example_xcom_args_with_operators to None, run_after=None
[2024-05-11T21:19:35.669+0000] {processor.py:179} INFO - Processing /home/airflow/.local/lib/python3.8/site-packages/airflow/example_dags/example_xcomargs.py took 0.051 seconds
[2024-05-11T21:20:06.085+0000] {processor.py:157} INFO - Started process (PID=458) to work on /home/airflow/.local/lib/python3.8/site-packages/airflow/example_dags/example_xcomargs.py
[2024-05-11T21:20:06.087+0000] {processor.py:829} INFO - Processing file /home/airflow/.local/lib/python3.8/site-packages/airflow/example_dags/example_xcomargs.py for tasks to queue
[2024-05-11T21:20:06.088+0000] {logging_mixin.py:154} INFO - [2024-05-11T21:20:06.088+0000] {dagbag.py:536} INFO - Filling up the DagBag from /home/airflow/.local/lib/python3.8/site-packages/airflow/example_dags/example_xcomargs.py
[2024-05-11T21:20:06.094+0000] {processor.py:839} INFO - DAG(s) dict_keys(['example_xcom_args', 'example_xcom_args_with_operators']) retrieved from /home/airflow/.local/lib/python3.8/site-packages/airflow/example_dags/example_xcomargs.py
[2024-05-11T21:20:06.113+0000] {logging_mixin.py:154} INFO - [2024-05-11T21:20:06.112+0000] {dag.py:2941} INFO - Sync 2 DAGs
[2024-05-11T21:20:06.121+0000] {logging_mixin.py:154} INFO - [2024-05-11T21:20:06.121+0000] {dag.py:3722} INFO - Setting next_dagrun for example_xcom_args to None, run_after=None
[2024-05-11T21:20:06.123+0000] {logging_mixin.py:154} INFO - [2024-05-11T21:20:06.123+0000] {dag.py:3722} INFO - Setting next_dagrun for example_xcom_args_with_operators to None, run_after=None
[2024-05-11T21:20:06.132+0000] {processor.py:179} INFO - Processing /home/airflow/.local/lib/python3.8/site-packages/airflow/example_dags/example_xcomargs.py took 0.050 seconds
[2024-05-11T21:20:36.262+0000] {processor.py:157} INFO - Started process (PID=513) to work on /home/airflow/.local/lib/python3.8/site-packages/airflow/example_dags/example_xcomargs.py
[2024-05-11T21:20:36.263+0000] {processor.py:829} INFO - Processing file /home/airflow/.local/lib/python3.8/site-packages/airflow/example_dags/example_xcomargs.py for tasks to queue
[2024-05-11T21:20:36.265+0000] {logging_mixin.py:154} INFO - [2024-05-11T21:20:36.265+0000] {dagbag.py:536} INFO - Filling up the DagBag from /home/airflow/.local/lib/python3.8/site-packages/airflow/example_dags/example_xcomargs.py
[2024-05-11T21:20:36.270+0000] {processor.py:839} INFO - DAG(s) dict_keys(['example_xcom_args_with_operators', 'example_xcom_args']) retrieved from /home/airflow/.local/lib/python3.8/site-packages/airflow/example_dags/example_xcomargs.py
[2024-05-11T21:20:36.288+0000] {logging_mixin.py:154} INFO - [2024-05-11T21:20:36.288+0000] {dag.py:2941} INFO - Sync 2 DAGs
[2024-05-11T21:20:36.296+0000] {logging_mixin.py:154} INFO - [2024-05-11T21:20:36.296+0000] {dag.py:3722} INFO - Setting next_dagrun for example_xcom_args to None, run_after=None
[2024-05-11T21:20:36.300+0000] {logging_mixin.py:154} INFO - [2024-05-11T21:20:36.299+0000] {dag.py:3722} INFO - Setting next_dagrun for example_xcom_args_with_operators to None, run_after=None
[2024-05-11T21:20:36.310+0000] {processor.py:179} INFO - Processing /home/airflow/.local/lib/python3.8/site-packages/airflow/example_dags/example_xcomargs.py took 0.050 seconds
[2024-05-11T21:21:06.354+0000] {processor.py:157} INFO - Started process (PID=568) to work on /home/airflow/.local/lib/python3.8/site-packages/airflow/example_dags/example_xcomargs.py
[2024-05-11T21:21:06.356+0000] {processor.py:829} INFO - Processing file /home/airflow/.local/lib/python3.8/site-packages/airflow/example_dags/example_xcomargs.py for tasks to queue
[2024-05-11T21:21:06.358+0000] {logging_mixin.py:154} INFO - [2024-05-11T21:21:06.358+0000] {dagbag.py:536} INFO - Filling up the DagBag from /home/airflow/.local/lib/python3.8/site-packages/airflow/example_dags/example_xcomargs.py
[2024-05-11T21:21:06.364+0000] {processor.py:839} INFO - DAG(s) dict_keys(['example_xcom_args', 'example_xcom_args_with_operators']) retrieved from /home/airflow/.local/lib/python3.8/site-packages/airflow/example_dags/example_xcomargs.py
[2024-05-11T21:21:06.382+0000] {logging_mixin.py:154} INFO - [2024-05-11T21:21:06.382+0000] {dag.py:2941} INFO - Sync 2 DAGs
[2024-05-11T21:21:06.390+0000] {logging_mixin.py:154} INFO - [2024-05-11T21:21:06.390+0000] {dag.py:3722} INFO - Setting next_dagrun for example_xcom_args to None, run_after=None
[2024-05-11T21:21:06.397+0000] {logging_mixin.py:154} INFO - [2024-05-11T21:21:06.397+0000] {dag.py:3722} INFO - Setting next_dagrun for example_xcom_args_with_operators to None, run_after=None
[2024-05-11T21:21:06.406+0000] {processor.py:179} INFO - Processing /home/airflow/.local/lib/python3.8/site-packages/airflow/example_dags/example_xcomargs.py took 0.055 seconds
[2024-05-11T21:21:36.911+0000] {processor.py:157} INFO - Started process (PID=623) to work on /home/airflow/.local/lib/python3.8/site-packages/airflow/example_dags/example_xcomargs.py
[2024-05-11T21:21:36.912+0000] {processor.py:829} INFO - Processing file /home/airflow/.local/lib/python3.8/site-packages/airflow/example_dags/example_xcomargs.py for tasks to queue
[2024-05-11T21:21:36.914+0000] {logging_mixin.py:154} INFO - [2024-05-11T21:21:36.914+0000] {dagbag.py:536} INFO - Filling up the DagBag from /home/airflow/.local/lib/python3.8/site-packages/airflow/example_dags/example_xcomargs.py
[2024-05-11T21:21:36.920+0000] {processor.py:839} INFO - DAG(s) dict_keys(['example_xcom_args_with_operators', 'example_xcom_args']) retrieved from /home/airflow/.local/lib/python3.8/site-packages/airflow/example_dags/example_xcomargs.py
[2024-05-11T21:21:36.938+0000] {logging_mixin.py:154} INFO - [2024-05-11T21:21:36.938+0000] {dag.py:2941} INFO - Sync 2 DAGs
[2024-05-11T21:21:36.948+0000] {logging_mixin.py:154} INFO - [2024-05-11T21:21:36.947+0000] {dag.py:3722} INFO - Setting next_dagrun for example_xcom_args to None, run_after=None
[2024-05-11T21:21:36.950+0000] {logging_mixin.py:154} INFO - [2024-05-11T21:21:36.950+0000] {dag.py:3722} INFO - Setting next_dagrun for example_xcom_args_with_operators to None, run_after=None
[2024-05-11T21:21:36.963+0000] {processor.py:179} INFO - Processing /home/airflow/.local/lib/python3.8/site-packages/airflow/example_dags/example_xcomargs.py took 0.055 seconds
[2024-05-11T21:42:06.860+0000] {processor.py:157} INFO - Started process (PID=60) to work on /home/airflow/.local/lib/python3.8/site-packages/airflow/example_dags/example_xcomargs.py
[2024-05-11T21:42:06.864+0000] {processor.py:829} INFO - Processing file /home/airflow/.local/lib/python3.8/site-packages/airflow/example_dags/example_xcomargs.py for tasks to queue
[2024-05-11T21:42:06.868+0000] {logging_mixin.py:154} INFO - [2024-05-11T21:42:06.868+0000] {dagbag.py:536} INFO - Filling up the DagBag from /home/airflow/.local/lib/python3.8/site-packages/airflow/example_dags/example_xcomargs.py
[2024-05-11T21:42:06.879+0000] {processor.py:839} INFO - DAG(s) dict_keys(['example_xcom_args_with_operators', 'example_xcom_args']) retrieved from /home/airflow/.local/lib/python3.8/site-packages/airflow/example_dags/example_xcomargs.py
[2024-05-11T21:42:07.006+0000] {logging_mixin.py:154} INFO - [2024-05-11T21:42:07.005+0000] {manager.py:499} INFO - Created Permission View: %s
[2024-05-11T21:42:07.019+0000] {logging_mixin.py:154} INFO - [2024-05-11T21:42:07.019+0000] {manager.py:499} INFO - Created Permission View: %s
[2024-05-11T21:42:07.027+0000] {logging_mixin.py:154} INFO - [2024-05-11T21:42:07.027+0000] {manager.py:499} INFO - Created Permission View: %s
[2024-05-11T21:42:07.042+0000] {logging_mixin.py:154} INFO - [2024-05-11T21:42:07.042+0000] {manager.py:499} INFO - Created Permission View: %s
[2024-05-11T21:42:07.051+0000] {logging_mixin.py:154} INFO - [2024-05-11T21:42:07.050+0000] {manager.py:499} INFO - Created Permission View: %s
[2024-05-11T21:42:07.062+0000] {logging_mixin.py:154} INFO - [2024-05-11T21:42:07.062+0000] {manager.py:499} INFO - Created Permission View: %s
[2024-05-11T21:42:07.063+0000] {logging_mixin.py:154} INFO - [2024-05-11T21:42:07.063+0000] {dag.py:2941} INFO - Sync 2 DAGs
[2024-05-11T21:42:07.073+0000] {logging_mixin.py:154} INFO - [2024-05-11T21:42:07.073+0000] {dag.py:2963} INFO - Creating ORM DAG for example_xcom_args_with_operators
[2024-05-11T21:42:07.075+0000] {logging_mixin.py:154} INFO - [2024-05-11T21:42:07.075+0000] {dag.py:2963} INFO - Creating ORM DAG for example_xcom_args
[2024-05-11T21:42:07.077+0000] {logging_mixin.py:154} INFO - [2024-05-11T21:42:07.077+0000] {dag.py:3722} INFO - Setting next_dagrun for example_xcom_args to None, run_after=None
[2024-05-11T21:42:07.083+0000] {logging_mixin.py:154} INFO - [2024-05-11T21:42:07.083+0000] {dag.py:3722} INFO - Setting next_dagrun for example_xcom_args_with_operators to None, run_after=None
[2024-05-11T21:42:07.103+0000] {processor.py:179} INFO - Processing /home/airflow/.local/lib/python3.8/site-packages/airflow/example_dags/example_xcomargs.py took 0.248 seconds
[2024-05-11T21:42:37.256+0000] {processor.py:157} INFO - Started process (PID=115) to work on /home/airflow/.local/lib/python3.8/site-packages/airflow/example_dags/example_xcomargs.py
[2024-05-11T21:42:37.258+0000] {processor.py:829} INFO - Processing file /home/airflow/.local/lib/python3.8/site-packages/airflow/example_dags/example_xcomargs.py for tasks to queue
[2024-05-11T21:42:37.261+0000] {logging_mixin.py:154} INFO - [2024-05-11T21:42:37.261+0000] {dagbag.py:536} INFO - Filling up the DagBag from /home/airflow/.local/lib/python3.8/site-packages/airflow/example_dags/example_xcomargs.py
[2024-05-11T21:42:37.268+0000] {processor.py:839} INFO - DAG(s) dict_keys(['example_xcom_args_with_operators', 'example_xcom_args']) retrieved from /home/airflow/.local/lib/python3.8/site-packages/airflow/example_dags/example_xcomargs.py
[2024-05-11T21:42:37.303+0000] {logging_mixin.py:154} INFO - [2024-05-11T21:42:37.303+0000] {dag.py:2941} INFO - Sync 2 DAGs
[2024-05-11T21:42:37.313+0000] {logging_mixin.py:154} INFO - [2024-05-11T21:42:37.313+0000] {dag.py:3722} INFO - Setting next_dagrun for example_xcom_args to None, run_after=None
[2024-05-11T21:42:37.316+0000] {logging_mixin.py:154} INFO - [2024-05-11T21:42:37.316+0000] {dag.py:3722} INFO - Setting next_dagrun for example_xcom_args_with_operators to None, run_after=None
[2024-05-11T21:42:37.329+0000] {processor.py:179} INFO - Processing /home/airflow/.local/lib/python3.8/site-packages/airflow/example_dags/example_xcomargs.py took 0.076 seconds
[2024-05-11T21:43:07.443+0000] {processor.py:157} INFO - Started process (PID=170) to work on /home/airflow/.local/lib/python3.8/site-packages/airflow/example_dags/example_xcomargs.py
[2024-05-11T21:43:07.448+0000] {processor.py:829} INFO - Processing file /home/airflow/.local/lib/python3.8/site-packages/airflow/example_dags/example_xcomargs.py for tasks to queue
[2024-05-11T21:43:07.451+0000] {logging_mixin.py:154} INFO - [2024-05-11T21:43:07.451+0000] {dagbag.py:536} INFO - Filling up the DagBag from /home/airflow/.local/lib/python3.8/site-packages/airflow/example_dags/example_xcomargs.py
[2024-05-11T21:43:07.463+0000] {processor.py:839} INFO - DAG(s) dict_keys(['example_xcom_args_with_operators', 'example_xcom_args']) retrieved from /home/airflow/.local/lib/python3.8/site-packages/airflow/example_dags/example_xcomargs.py
[2024-05-11T21:43:07.493+0000] {logging_mixin.py:154} INFO - [2024-05-11T21:43:07.493+0000] {dag.py:2941} INFO - Sync 2 DAGs
[2024-05-11T21:43:07.503+0000] {logging_mixin.py:154} INFO - [2024-05-11T21:43:07.503+0000] {dag.py:3722} INFO - Setting next_dagrun for example_xcom_args to None, run_after=None
[2024-05-11T21:43:07.507+0000] {logging_mixin.py:154} INFO - [2024-05-11T21:43:07.507+0000] {dag.py:3722} INFO - Setting next_dagrun for example_xcom_args_with_operators to None, run_after=None
[2024-05-11T21:43:07.520+0000] {processor.py:179} INFO - Processing /home/airflow/.local/lib/python3.8/site-packages/airflow/example_dags/example_xcomargs.py took 0.080 seconds
[2024-05-11T21:43:38.012+0000] {processor.py:157} INFO - Started process (PID=225) to work on /home/airflow/.local/lib/python3.8/site-packages/airflow/example_dags/example_xcomargs.py
[2024-05-11T21:43:38.014+0000] {processor.py:829} INFO - Processing file /home/airflow/.local/lib/python3.8/site-packages/airflow/example_dags/example_xcomargs.py for tasks to queue
[2024-05-11T21:43:38.016+0000] {logging_mixin.py:154} INFO - [2024-05-11T21:43:38.016+0000] {dagbag.py:536} INFO - Filling up the DagBag from /home/airflow/.local/lib/python3.8/site-packages/airflow/example_dags/example_xcomargs.py
[2024-05-11T21:43:38.024+0000] {processor.py:839} INFO - DAG(s) dict_keys(['example_xcom_args_with_operators', 'example_xcom_args']) retrieved from /home/airflow/.local/lib/python3.8/site-packages/airflow/example_dags/example_xcomargs.py
[2024-05-11T21:43:38.047+0000] {logging_mixin.py:154} INFO - [2024-05-11T21:43:38.047+0000] {dag.py:2941} INFO - Sync 2 DAGs
[2024-05-11T21:43:38.057+0000] {logging_mixin.py:154} INFO - [2024-05-11T21:43:38.057+0000] {dag.py:3722} INFO - Setting next_dagrun for example_xcom_args to None, run_after=None
[2024-05-11T21:43:38.061+0000] {logging_mixin.py:154} INFO - [2024-05-11T21:43:38.061+0000] {dag.py:3722} INFO - Setting next_dagrun for example_xcom_args_with_operators to None, run_after=None
[2024-05-11T21:43:38.073+0000] {processor.py:179} INFO - Processing /home/airflow/.local/lib/python3.8/site-packages/airflow/example_dags/example_xcomargs.py took 0.065 seconds
[2024-05-11T21:44:08.771+0000] {processor.py:157} INFO - Started process (PID=280) to work on /home/airflow/.local/lib/python3.8/site-packages/airflow/example_dags/example_xcomargs.py
[2024-05-11T21:44:08.772+0000] {processor.py:829} INFO - Processing file /home/airflow/.local/lib/python3.8/site-packages/airflow/example_dags/example_xcomargs.py for tasks to queue
[2024-05-11T21:44:08.775+0000] {logging_mixin.py:154} INFO - [2024-05-11T21:44:08.774+0000] {dagbag.py:536} INFO - Filling up the DagBag from /home/airflow/.local/lib/python3.8/site-packages/airflow/example_dags/example_xcomargs.py
[2024-05-11T21:44:08.782+0000] {processor.py:839} INFO - DAG(s) dict_keys(['example_xcom_args', 'example_xcom_args_with_operators']) retrieved from /home/airflow/.local/lib/python3.8/site-packages/airflow/example_dags/example_xcomargs.py
[2024-05-11T21:44:08.811+0000] {logging_mixin.py:154} INFO - [2024-05-11T21:44:08.811+0000] {dag.py:2941} INFO - Sync 2 DAGs
[2024-05-11T21:44:08.821+0000] {logging_mixin.py:154} INFO - [2024-05-11T21:44:08.821+0000] {dag.py:3722} INFO - Setting next_dagrun for example_xcom_args to None, run_after=None
[2024-05-11T21:44:08.824+0000] {logging_mixin.py:154} INFO - [2024-05-11T21:44:08.824+0000] {dag.py:3722} INFO - Setting next_dagrun for example_xcom_args_with_operators to None, run_after=None
[2024-05-11T21:44:08.836+0000] {processor.py:179} INFO - Processing /home/airflow/.local/lib/python3.8/site-packages/airflow/example_dags/example_xcomargs.py took 0.068 seconds
[2024-05-11T21:44:39.257+0000] {processor.py:157} INFO - Started process (PID=335) to work on /home/airflow/.local/lib/python3.8/site-packages/airflow/example_dags/example_xcomargs.py
[2024-05-11T21:44:39.259+0000] {processor.py:829} INFO - Processing file /home/airflow/.local/lib/python3.8/site-packages/airflow/example_dags/example_xcomargs.py for tasks to queue
[2024-05-11T21:44:39.261+0000] {logging_mixin.py:154} INFO - [2024-05-11T21:44:39.261+0000] {dagbag.py:536} INFO - Filling up the DagBag from /home/airflow/.local/lib/python3.8/site-packages/airflow/example_dags/example_xcomargs.py
[2024-05-11T21:44:39.268+0000] {processor.py:839} INFO - DAG(s) dict_keys(['example_xcom_args', 'example_xcom_args_with_operators']) retrieved from /home/airflow/.local/lib/python3.8/site-packages/airflow/example_dags/example_xcomargs.py
[2024-05-11T21:44:39.292+0000] {logging_mixin.py:154} INFO - [2024-05-11T21:44:39.292+0000] {dag.py:2941} INFO - Sync 2 DAGs
[2024-05-11T21:44:39.301+0000] {logging_mixin.py:154} INFO - [2024-05-11T21:44:39.301+0000] {dag.py:3722} INFO - Setting next_dagrun for example_xcom_args to None, run_after=None
[2024-05-11T21:44:39.304+0000] {logging_mixin.py:154} INFO - [2024-05-11T21:44:39.304+0000] {dag.py:3722} INFO - Setting next_dagrun for example_xcom_args_with_operators to None, run_after=None
[2024-05-11T21:44:39.315+0000] {processor.py:179} INFO - Processing /home/airflow/.local/lib/python3.8/site-packages/airflow/example_dags/example_xcomargs.py took 0.062 seconds
[2024-05-11T21:45:09.815+0000] {processor.py:157} INFO - Started process (PID=390) to work on /home/airflow/.local/lib/python3.8/site-packages/airflow/example_dags/example_xcomargs.py
[2024-05-11T21:45:09.817+0000] {processor.py:829} INFO - Processing file /home/airflow/.local/lib/python3.8/site-packages/airflow/example_dags/example_xcomargs.py for tasks to queue
[2024-05-11T21:45:09.820+0000] {logging_mixin.py:154} INFO - [2024-05-11T21:45:09.820+0000] {dagbag.py:536} INFO - Filling up the DagBag from /home/airflow/.local/lib/python3.8/site-packages/airflow/example_dags/example_xcomargs.py
[2024-05-11T21:45:09.829+0000] {processor.py:839} INFO - DAG(s) dict_keys(['example_xcom_args_with_operators', 'example_xcom_args']) retrieved from /home/airflow/.local/lib/python3.8/site-packages/airflow/example_dags/example_xcomargs.py
[2024-05-11T21:45:09.857+0000] {logging_mixin.py:154} INFO - [2024-05-11T21:45:09.857+0000] {dag.py:2941} INFO - Sync 2 DAGs
[2024-05-11T21:45:09.869+0000] {logging_mixin.py:154} INFO - [2024-05-11T21:45:09.869+0000] {dag.py:3722} INFO - Setting next_dagrun for example_xcom_args to None, run_after=None
[2024-05-11T21:45:09.872+0000] {logging_mixin.py:154} INFO - [2024-05-11T21:45:09.872+0000] {dag.py:3722} INFO - Setting next_dagrun for example_xcom_args_with_operators to None, run_after=None
[2024-05-11T21:45:09.884+0000] {processor.py:179} INFO - Processing /home/airflow/.local/lib/python3.8/site-packages/airflow/example_dags/example_xcomargs.py took 0.073 seconds
[2024-05-11T21:45:40.239+0000] {processor.py:157} INFO - Started process (PID=446) to work on /home/airflow/.local/lib/python3.8/site-packages/airflow/example_dags/example_xcomargs.py
[2024-05-11T21:45:40.240+0000] {processor.py:829} INFO - Processing file /home/airflow/.local/lib/python3.8/site-packages/airflow/example_dags/example_xcomargs.py for tasks to queue
[2024-05-11T21:45:40.242+0000] {logging_mixin.py:154} INFO - [2024-05-11T21:45:40.242+0000] {dagbag.py:536} INFO - Filling up the DagBag from /home/airflow/.local/lib/python3.8/site-packages/airflow/example_dags/example_xcomargs.py
[2024-05-11T21:45:40.251+0000] {processor.py:839} INFO - DAG(s) dict_keys(['example_xcom_args', 'example_xcom_args_with_operators']) retrieved from /home/airflow/.local/lib/python3.8/site-packages/airflow/example_dags/example_xcomargs.py
[2024-05-11T21:45:40.275+0000] {logging_mixin.py:154} INFO - [2024-05-11T21:45:40.274+0000] {dag.py:2941} INFO - Sync 2 DAGs
[2024-05-11T21:45:40.286+0000] {logging_mixin.py:154} INFO - [2024-05-11T21:45:40.285+0000] {dag.py:3722} INFO - Setting next_dagrun for example_xcom_args to None, run_after=None
[2024-05-11T21:45:40.289+0000] {logging_mixin.py:154} INFO - [2024-05-11T21:45:40.289+0000] {dag.py:3722} INFO - Setting next_dagrun for example_xcom_args_with_operators to None, run_after=None
[2024-05-11T21:45:40.303+0000] {processor.py:179} INFO - Processing /home/airflow/.local/lib/python3.8/site-packages/airflow/example_dags/example_xcomargs.py took 0.067 seconds
[2024-05-11T21:46:11.272+0000] {processor.py:157} INFO - Started process (PID=501) to work on /home/airflow/.local/lib/python3.8/site-packages/airflow/example_dags/example_xcomargs.py
[2024-05-11T21:46:11.273+0000] {processor.py:829} INFO - Processing file /home/airflow/.local/lib/python3.8/site-packages/airflow/example_dags/example_xcomargs.py for tasks to queue
[2024-05-11T21:46:11.277+0000] {logging_mixin.py:154} INFO - [2024-05-11T21:46:11.276+0000] {dagbag.py:536} INFO - Filling up the DagBag from /home/airflow/.local/lib/python3.8/site-packages/airflow/example_dags/example_xcomargs.py
[2024-05-11T21:46:11.285+0000] {processor.py:839} INFO - DAG(s) dict_keys(['example_xcom_args', 'example_xcom_args_with_operators']) retrieved from /home/airflow/.local/lib/python3.8/site-packages/airflow/example_dags/example_xcomargs.py
[2024-05-11T21:46:11.308+0000] {logging_mixin.py:154} INFO - [2024-05-11T21:46:11.308+0000] {dag.py:2941} INFO - Sync 2 DAGs
[2024-05-11T21:46:11.318+0000] {logging_mixin.py:154} INFO - [2024-05-11T21:46:11.318+0000] {dag.py:3722} INFO - Setting next_dagrun for example_xcom_args to None, run_after=None
[2024-05-11T21:46:11.321+0000] {logging_mixin.py:154} INFO - [2024-05-11T21:46:11.321+0000] {dag.py:3722} INFO - Setting next_dagrun for example_xcom_args_with_operators to None, run_after=None
[2024-05-11T21:46:11.332+0000] {processor.py:179} INFO - Processing /home/airflow/.local/lib/python3.8/site-packages/airflow/example_dags/example_xcomargs.py took 0.064 seconds
[2024-05-11T21:46:41.883+0000] {processor.py:157} INFO - Started process (PID=556) to work on /home/airflow/.local/lib/python3.8/site-packages/airflow/example_dags/example_xcomargs.py
[2024-05-11T21:46:41.886+0000] {processor.py:829} INFO - Processing file /home/airflow/.local/lib/python3.8/site-packages/airflow/example_dags/example_xcomargs.py for tasks to queue
[2024-05-11T21:46:41.889+0000] {logging_mixin.py:154} INFO - [2024-05-11T21:46:41.889+0000] {dagbag.py:536} INFO - Filling up the DagBag from /home/airflow/.local/lib/python3.8/site-packages/airflow/example_dags/example_xcomargs.py
[2024-05-11T21:46:41.896+0000] {processor.py:839} INFO - DAG(s) dict_keys(['example_xcom_args', 'example_xcom_args_with_operators']) retrieved from /home/airflow/.local/lib/python3.8/site-packages/airflow/example_dags/example_xcomargs.py
[2024-05-11T21:46:41.917+0000] {logging_mixin.py:154} INFO - [2024-05-11T21:46:41.917+0000] {dag.py:2941} INFO - Sync 2 DAGs
[2024-05-11T21:46:41.926+0000] {logging_mixin.py:154} INFO - [2024-05-11T21:46:41.926+0000] {dag.py:3722} INFO - Setting next_dagrun for example_xcom_args to None, run_after=None
[2024-05-11T21:46:41.929+0000] {logging_mixin.py:154} INFO - [2024-05-11T21:46:41.929+0000] {dag.py:3722} INFO - Setting next_dagrun for example_xcom_args_with_operators to None, run_after=None
[2024-05-11T21:46:41.941+0000] {processor.py:179} INFO - Processing /home/airflow/.local/lib/python3.8/site-packages/airflow/example_dags/example_xcomargs.py took 0.061 seconds
