[2024-05-11T21:03:20.772+0000] {processor.py:157} INFO - Started process (PID=61) to work on /home/airflow/.local/lib/python3.8/site-packages/airflow/example_dags/example_dynamic_task_mapping.py
[2024-05-11T21:03:20.774+0000] {processor.py:829} INFO - Processing file /home/airflow/.local/lib/python3.8/site-packages/airflow/example_dags/example_dynamic_task_mapping.py for tasks to queue
[2024-05-11T21:03:20.776+0000] {logging_mixin.py:154} INFO - [2024-05-11T21:03:20.776+0000] {dagbag.py:536} INFO - Filling up the DagBag from /home/airflow/.local/lib/python3.8/site-packages/airflow/example_dags/example_dynamic_task_mapping.py
[2024-05-11T21:03:20.784+0000] {processor.py:839} INFO - DAG(s) dict_keys(['example_dynamic_task_mapping']) retrieved from /home/airflow/.local/lib/python3.8/site-packages/airflow/example_dags/example_dynamic_task_mapping.py
[2024-05-11T21:03:20.857+0000] {logging_mixin.py:154} INFO - [2024-05-11T21:03:20.857+0000] {manager.py:499} INFO - Created Permission View: %s
[2024-05-11T21:03:20.865+0000] {logging_mixin.py:154} INFO - [2024-05-11T21:03:20.865+0000] {manager.py:499} INFO - Created Permission View: %s
[2024-05-11T21:03:20.869+0000] {logging_mixin.py:154} INFO - [2024-05-11T21:03:20.869+0000] {manager.py:499} INFO - Created Permission View: %s
[2024-05-11T21:03:20.870+0000] {logging_mixin.py:154} INFO - [2024-05-11T21:03:20.870+0000] {dag.py:2941} INFO - Sync 1 DAGs
[2024-05-11T21:03:20.878+0000] {logging_mixin.py:154} INFO - [2024-05-11T21:03:20.878+0000] {dag.py:2963} INFO - Creating ORM DAG for example_dynamic_task_mapping
[2024-05-11T21:03:20.885+0000] {logging_mixin.py:154} INFO - [2024-05-11T21:03:20.885+0000] {dag.py:3722} INFO - Setting next_dagrun for example_dynamic_task_mapping to 2022-03-04T00:00:00+00:00, run_after=2022-03-05T00:00:00+00:00
[2024-05-11T21:03:20.896+0000] {processor.py:179} INFO - Processing /home/airflow/.local/lib/python3.8/site-packages/airflow/example_dags/example_dynamic_task_mapping.py took 0.130 seconds
[2024-05-11T21:03:51.803+0000] {processor.py:157} INFO - Started process (PID=116) to work on /home/airflow/.local/lib/python3.8/site-packages/airflow/example_dags/example_dynamic_task_mapping.py
[2024-05-11T21:03:51.805+0000] {processor.py:829} INFO - Processing file /home/airflow/.local/lib/python3.8/site-packages/airflow/example_dags/example_dynamic_task_mapping.py for tasks to queue
[2024-05-11T21:03:51.812+0000] {logging_mixin.py:154} INFO - [2024-05-11T21:03:51.811+0000] {dagbag.py:536} INFO - Filling up the DagBag from /home/airflow/.local/lib/python3.8/site-packages/airflow/example_dags/example_dynamic_task_mapping.py
[2024-05-11T21:03:51.822+0000] {processor.py:839} INFO - DAG(s) dict_keys(['example_dynamic_task_mapping']) retrieved from /home/airflow/.local/lib/python3.8/site-packages/airflow/example_dags/example_dynamic_task_mapping.py
[2024-05-11T21:03:51.859+0000] {logging_mixin.py:154} INFO - [2024-05-11T21:03:51.859+0000] {dag.py:2941} INFO - Sync 1 DAGs
[2024-05-11T21:03:51.886+0000] {logging_mixin.py:154} INFO - [2024-05-11T21:03:51.886+0000] {dag.py:3722} INFO - Setting next_dagrun for example_dynamic_task_mapping to 2022-03-04T00:00:00+00:00, run_after=2022-03-05T00:00:00+00:00
[2024-05-11T21:03:51.911+0000] {processor.py:179} INFO - Processing /home/airflow/.local/lib/python3.8/site-packages/airflow/example_dags/example_dynamic_task_mapping.py took 0.114 seconds
[2024-05-11T21:04:22.202+0000] {processor.py:157} INFO - Started process (PID=170) to work on /home/airflow/.local/lib/python3.8/site-packages/airflow/example_dags/example_dynamic_task_mapping.py
[2024-05-11T21:04:22.203+0000] {processor.py:829} INFO - Processing file /home/airflow/.local/lib/python3.8/site-packages/airflow/example_dags/example_dynamic_task_mapping.py for tasks to queue
[2024-05-11T21:04:22.205+0000] {logging_mixin.py:154} INFO - [2024-05-11T21:04:22.205+0000] {dagbag.py:536} INFO - Filling up the DagBag from /home/airflow/.local/lib/python3.8/site-packages/airflow/example_dags/example_dynamic_task_mapping.py
[2024-05-11T21:04:22.211+0000] {processor.py:839} INFO - DAG(s) dict_keys(['example_dynamic_task_mapping']) retrieved from /home/airflow/.local/lib/python3.8/site-packages/airflow/example_dags/example_dynamic_task_mapping.py
[2024-05-11T21:04:22.227+0000] {logging_mixin.py:154} INFO - [2024-05-11T21:04:22.227+0000] {dag.py:2941} INFO - Sync 1 DAGs
[2024-05-11T21:04:22.239+0000] {logging_mixin.py:154} INFO - [2024-05-11T21:04:22.239+0000] {dag.py:3722} INFO - Setting next_dagrun for example_dynamic_task_mapping to 2022-03-04T00:00:00+00:00, run_after=2022-03-05T00:00:00+00:00
[2024-05-11T21:04:22.254+0000] {processor.py:179} INFO - Processing /home/airflow/.local/lib/python3.8/site-packages/airflow/example_dags/example_dynamic_task_mapping.py took 0.055 seconds
[2024-05-11T21:04:52.597+0000] {processor.py:157} INFO - Started process (PID=225) to work on /home/airflow/.local/lib/python3.8/site-packages/airflow/example_dags/example_dynamic_task_mapping.py
[2024-05-11T21:04:52.599+0000] {processor.py:829} INFO - Processing file /home/airflow/.local/lib/python3.8/site-packages/airflow/example_dags/example_dynamic_task_mapping.py for tasks to queue
[2024-05-11T21:04:52.602+0000] {logging_mixin.py:154} INFO - [2024-05-11T21:04:52.601+0000] {dagbag.py:536} INFO - Filling up the DagBag from /home/airflow/.local/lib/python3.8/site-packages/airflow/example_dags/example_dynamic_task_mapping.py
[2024-05-11T21:04:52.608+0000] {processor.py:839} INFO - DAG(s) dict_keys(['example_dynamic_task_mapping']) retrieved from /home/airflow/.local/lib/python3.8/site-packages/airflow/example_dags/example_dynamic_task_mapping.py
[2024-05-11T21:04:52.627+0000] {logging_mixin.py:154} INFO - [2024-05-11T21:04:52.627+0000] {dag.py:2941} INFO - Sync 1 DAGs
[2024-05-11T21:04:52.642+0000] {logging_mixin.py:154} INFO - [2024-05-11T21:04:52.642+0000] {dag.py:3722} INFO - Setting next_dagrun for example_dynamic_task_mapping to 2022-03-04T00:00:00+00:00, run_after=2022-03-05T00:00:00+00:00
[2024-05-11T21:04:52.654+0000] {processor.py:179} INFO - Processing /home/airflow/.local/lib/python3.8/site-packages/airflow/example_dags/example_dynamic_task_mapping.py took 0.061 seconds
[2024-05-11T21:05:43.766+0000] {processor.py:157} INFO - Started process (PID=62) to work on /home/airflow/.local/lib/python3.8/site-packages/airflow/example_dags/example_dynamic_task_mapping.py
[2024-05-11T21:05:43.768+0000] {processor.py:829} INFO - Processing file /home/airflow/.local/lib/python3.8/site-packages/airflow/example_dags/example_dynamic_task_mapping.py for tasks to queue
[2024-05-11T21:05:43.771+0000] {logging_mixin.py:154} INFO - [2024-05-11T21:05:43.771+0000] {dagbag.py:536} INFO - Filling up the DagBag from /home/airflow/.local/lib/python3.8/site-packages/airflow/example_dags/example_dynamic_task_mapping.py
[2024-05-11T21:05:43.782+0000] {processor.py:839} INFO - DAG(s) dict_keys(['example_dynamic_task_mapping']) retrieved from /home/airflow/.local/lib/python3.8/site-packages/airflow/example_dags/example_dynamic_task_mapping.py
[2024-05-11T21:05:43.820+0000] {logging_mixin.py:154} INFO - [2024-05-11T21:05:43.820+0000] {dag.py:2941} INFO - Sync 1 DAGs
[2024-05-11T21:05:43.862+0000] {logging_mixin.py:154} INFO - [2024-05-11T21:05:43.862+0000] {dag.py:3722} INFO - Setting next_dagrun for example_dynamic_task_mapping to 2022-03-04T00:00:00+00:00, run_after=2022-03-05T00:00:00+00:00
[2024-05-11T21:05:43.899+0000] {processor.py:179} INFO - Processing /home/airflow/.local/lib/python3.8/site-packages/airflow/example_dags/example_dynamic_task_mapping.py took 0.136 seconds
[2024-05-11T21:06:14.307+0000] {processor.py:157} INFO - Started process (PID=117) to work on /home/airflow/.local/lib/python3.8/site-packages/airflow/example_dags/example_dynamic_task_mapping.py
[2024-05-11T21:06:14.309+0000] {processor.py:829} INFO - Processing file /home/airflow/.local/lib/python3.8/site-packages/airflow/example_dags/example_dynamic_task_mapping.py for tasks to queue
[2024-05-11T21:06:14.310+0000] {logging_mixin.py:154} INFO - [2024-05-11T21:06:14.310+0000] {dagbag.py:536} INFO - Filling up the DagBag from /home/airflow/.local/lib/python3.8/site-packages/airflow/example_dags/example_dynamic_task_mapping.py
[2024-05-11T21:06:14.316+0000] {processor.py:839} INFO - DAG(s) dict_keys(['example_dynamic_task_mapping']) retrieved from /home/airflow/.local/lib/python3.8/site-packages/airflow/example_dags/example_dynamic_task_mapping.py
[2024-05-11T21:06:14.332+0000] {logging_mixin.py:154} INFO - [2024-05-11T21:06:14.332+0000] {dag.py:2941} INFO - Sync 1 DAGs
[2024-05-11T21:06:14.346+0000] {logging_mixin.py:154} INFO - [2024-05-11T21:06:14.346+0000] {dag.py:3722} INFO - Setting next_dagrun for example_dynamic_task_mapping to 2022-03-04T00:00:00+00:00, run_after=2022-03-05T00:00:00+00:00
[2024-05-11T21:06:14.356+0000] {processor.py:179} INFO - Processing /home/airflow/.local/lib/python3.8/site-packages/airflow/example_dags/example_dynamic_task_mapping.py took 0.052 seconds
[2024-05-11T21:06:44.593+0000] {processor.py:157} INFO - Started process (PID=172) to work on /home/airflow/.local/lib/python3.8/site-packages/airflow/example_dags/example_dynamic_task_mapping.py
[2024-05-11T21:06:44.594+0000] {processor.py:829} INFO - Processing file /home/airflow/.local/lib/python3.8/site-packages/airflow/example_dags/example_dynamic_task_mapping.py for tasks to queue
[2024-05-11T21:06:44.596+0000] {logging_mixin.py:154} INFO - [2024-05-11T21:06:44.596+0000] {dagbag.py:536} INFO - Filling up the DagBag from /home/airflow/.local/lib/python3.8/site-packages/airflow/example_dags/example_dynamic_task_mapping.py
[2024-05-11T21:06:44.601+0000] {processor.py:839} INFO - DAG(s) dict_keys(['example_dynamic_task_mapping']) retrieved from /home/airflow/.local/lib/python3.8/site-packages/airflow/example_dags/example_dynamic_task_mapping.py
[2024-05-11T21:06:44.618+0000] {logging_mixin.py:154} INFO - [2024-05-11T21:06:44.618+0000] {dag.py:2941} INFO - Sync 1 DAGs
[2024-05-11T21:06:44.632+0000] {logging_mixin.py:154} INFO - [2024-05-11T21:06:44.632+0000] {dag.py:3722} INFO - Setting next_dagrun for example_dynamic_task_mapping to 2022-03-04T00:00:00+00:00, run_after=2022-03-05T00:00:00+00:00
[2024-05-11T21:06:44.642+0000] {processor.py:179} INFO - Processing /home/airflow/.local/lib/python3.8/site-packages/airflow/example_dags/example_dynamic_task_mapping.py took 0.052 seconds
[2024-05-11T21:07:14.880+0000] {processor.py:157} INFO - Started process (PID=227) to work on /home/airflow/.local/lib/python3.8/site-packages/airflow/example_dags/example_dynamic_task_mapping.py
[2024-05-11T21:07:14.881+0000] {processor.py:829} INFO - Processing file /home/airflow/.local/lib/python3.8/site-packages/airflow/example_dags/example_dynamic_task_mapping.py for tasks to queue
[2024-05-11T21:07:14.883+0000] {logging_mixin.py:154} INFO - [2024-05-11T21:07:14.882+0000] {dagbag.py:536} INFO - Filling up the DagBag from /home/airflow/.local/lib/python3.8/site-packages/airflow/example_dags/example_dynamic_task_mapping.py
[2024-05-11T21:07:14.888+0000] {processor.py:839} INFO - DAG(s) dict_keys(['example_dynamic_task_mapping']) retrieved from /home/airflow/.local/lib/python3.8/site-packages/airflow/example_dags/example_dynamic_task_mapping.py
[2024-05-11T21:07:14.903+0000] {logging_mixin.py:154} INFO - [2024-05-11T21:07:14.903+0000] {dag.py:2941} INFO - Sync 1 DAGs
[2024-05-11T21:07:14.916+0000] {logging_mixin.py:154} INFO - [2024-05-11T21:07:14.915+0000] {dag.py:3722} INFO - Setting next_dagrun for example_dynamic_task_mapping to 2022-03-04T00:00:00+00:00, run_after=2022-03-05T00:00:00+00:00
[2024-05-11T21:07:14.925+0000] {processor.py:179} INFO - Processing /home/airflow/.local/lib/python3.8/site-packages/airflow/example_dags/example_dynamic_task_mapping.py took 0.048 seconds
[2024-05-11T21:07:45.170+0000] {processor.py:157} INFO - Started process (PID=286) to work on /home/airflow/.local/lib/python3.8/site-packages/airflow/example_dags/example_dynamic_task_mapping.py
[2024-05-11T21:07:45.171+0000] {processor.py:829} INFO - Processing file /home/airflow/.local/lib/python3.8/site-packages/airflow/example_dags/example_dynamic_task_mapping.py for tasks to queue
[2024-05-11T21:07:45.173+0000] {logging_mixin.py:154} INFO - [2024-05-11T21:07:45.173+0000] {dagbag.py:536} INFO - Filling up the DagBag from /home/airflow/.local/lib/python3.8/site-packages/airflow/example_dags/example_dynamic_task_mapping.py
[2024-05-11T21:07:45.178+0000] {processor.py:839} INFO - DAG(s) dict_keys(['example_dynamic_task_mapping']) retrieved from /home/airflow/.local/lib/python3.8/site-packages/airflow/example_dags/example_dynamic_task_mapping.py
[2024-05-11T21:07:45.194+0000] {logging_mixin.py:154} INFO - [2024-05-11T21:07:45.194+0000] {dag.py:2941} INFO - Sync 1 DAGs
[2024-05-11T21:07:45.206+0000] {logging_mixin.py:154} INFO - [2024-05-11T21:07:45.206+0000] {dag.py:3722} INFO - Setting next_dagrun for example_dynamic_task_mapping to 2022-03-04T00:00:00+00:00, run_after=2022-03-05T00:00:00+00:00
[2024-05-11T21:07:45.216+0000] {processor.py:179} INFO - Processing /home/airflow/.local/lib/python3.8/site-packages/airflow/example_dags/example_dynamic_task_mapping.py took 0.049 seconds
[2024-05-11T21:08:15.385+0000] {processor.py:157} INFO - Started process (PID=341) to work on /home/airflow/.local/lib/python3.8/site-packages/airflow/example_dags/example_dynamic_task_mapping.py
[2024-05-11T21:08:15.386+0000] {processor.py:829} INFO - Processing file /home/airflow/.local/lib/python3.8/site-packages/airflow/example_dags/example_dynamic_task_mapping.py for tasks to queue
[2024-05-11T21:08:15.388+0000] {logging_mixin.py:154} INFO - [2024-05-11T21:08:15.388+0000] {dagbag.py:536} INFO - Filling up the DagBag from /home/airflow/.local/lib/python3.8/site-packages/airflow/example_dags/example_dynamic_task_mapping.py
[2024-05-11T21:08:15.394+0000] {processor.py:839} INFO - DAG(s) dict_keys(['example_dynamic_task_mapping']) retrieved from /home/airflow/.local/lib/python3.8/site-packages/airflow/example_dags/example_dynamic_task_mapping.py
[2024-05-11T21:08:15.411+0000] {logging_mixin.py:154} INFO - [2024-05-11T21:08:15.411+0000] {dag.py:2941} INFO - Sync 1 DAGs
[2024-05-11T21:08:15.429+0000] {logging_mixin.py:154} INFO - [2024-05-11T21:08:15.429+0000] {dag.py:3722} INFO - Setting next_dagrun for example_dynamic_task_mapping to 2022-03-04T00:00:00+00:00, run_after=2022-03-05T00:00:00+00:00
[2024-05-11T21:08:15.439+0000] {processor.py:179} INFO - Processing /home/airflow/.local/lib/python3.8/site-packages/airflow/example_dags/example_dynamic_task_mapping.py took 0.058 seconds
[2024-05-11T21:08:45.643+0000] {processor.py:157} INFO - Started process (PID=396) to work on /home/airflow/.local/lib/python3.8/site-packages/airflow/example_dags/example_dynamic_task_mapping.py
[2024-05-11T21:08:45.644+0000] {processor.py:829} INFO - Processing file /home/airflow/.local/lib/python3.8/site-packages/airflow/example_dags/example_dynamic_task_mapping.py for tasks to queue
[2024-05-11T21:08:45.647+0000] {logging_mixin.py:154} INFO - [2024-05-11T21:08:45.647+0000] {dagbag.py:536} INFO - Filling up the DagBag from /home/airflow/.local/lib/python3.8/site-packages/airflow/example_dags/example_dynamic_task_mapping.py
[2024-05-11T21:08:45.654+0000] {processor.py:839} INFO - DAG(s) dict_keys(['example_dynamic_task_mapping']) retrieved from /home/airflow/.local/lib/python3.8/site-packages/airflow/example_dags/example_dynamic_task_mapping.py
[2024-05-11T21:08:45.677+0000] {logging_mixin.py:154} INFO - [2024-05-11T21:08:45.676+0000] {dag.py:2941} INFO - Sync 1 DAGs
[2024-05-11T21:08:45.693+0000] {logging_mixin.py:154} INFO - [2024-05-11T21:08:45.693+0000] {dag.py:3722} INFO - Setting next_dagrun for example_dynamic_task_mapping to 2022-03-04T00:00:00+00:00, run_after=2022-03-05T00:00:00+00:00
[2024-05-11T21:08:45.706+0000] {processor.py:179} INFO - Processing /home/airflow/.local/lib/python3.8/site-packages/airflow/example_dags/example_dynamic_task_mapping.py took 0.067 seconds
[2024-05-11T21:09:16.135+0000] {processor.py:157} INFO - Started process (PID=450) to work on /home/airflow/.local/lib/python3.8/site-packages/airflow/example_dags/example_dynamic_task_mapping.py
[2024-05-11T21:09:16.136+0000] {processor.py:829} INFO - Processing file /home/airflow/.local/lib/python3.8/site-packages/airflow/example_dags/example_dynamic_task_mapping.py for tasks to queue
[2024-05-11T21:09:16.138+0000] {logging_mixin.py:154} INFO - [2024-05-11T21:09:16.138+0000] {dagbag.py:536} INFO - Filling up the DagBag from /home/airflow/.local/lib/python3.8/site-packages/airflow/example_dags/example_dynamic_task_mapping.py
[2024-05-11T21:09:16.144+0000] {processor.py:839} INFO - DAG(s) dict_keys(['example_dynamic_task_mapping']) retrieved from /home/airflow/.local/lib/python3.8/site-packages/airflow/example_dags/example_dynamic_task_mapping.py
[2024-05-11T21:09:16.159+0000] {logging_mixin.py:154} INFO - [2024-05-11T21:09:16.159+0000] {dag.py:2941} INFO - Sync 1 DAGs
[2024-05-11T21:09:16.172+0000] {logging_mixin.py:154} INFO - [2024-05-11T21:09:16.172+0000] {dag.py:3722} INFO - Setting next_dagrun for example_dynamic_task_mapping to 2022-03-04T00:00:00+00:00, run_after=2022-03-05T00:00:00+00:00
[2024-05-11T21:09:16.182+0000] {processor.py:179} INFO - Processing /home/airflow/.local/lib/python3.8/site-packages/airflow/example_dags/example_dynamic_task_mapping.py took 0.049 seconds
[2024-05-11T21:09:46.396+0000] {processor.py:157} INFO - Started process (PID=505) to work on /home/airflow/.local/lib/python3.8/site-packages/airflow/example_dags/example_dynamic_task_mapping.py
[2024-05-11T21:09:46.397+0000] {processor.py:829} INFO - Processing file /home/airflow/.local/lib/python3.8/site-packages/airflow/example_dags/example_dynamic_task_mapping.py for tasks to queue
[2024-05-11T21:09:46.399+0000] {logging_mixin.py:154} INFO - [2024-05-11T21:09:46.399+0000] {dagbag.py:536} INFO - Filling up the DagBag from /home/airflow/.local/lib/python3.8/site-packages/airflow/example_dags/example_dynamic_task_mapping.py
[2024-05-11T21:09:46.404+0000] {processor.py:839} INFO - DAG(s) dict_keys(['example_dynamic_task_mapping']) retrieved from /home/airflow/.local/lib/python3.8/site-packages/airflow/example_dags/example_dynamic_task_mapping.py
[2024-05-11T21:09:46.420+0000] {logging_mixin.py:154} INFO - [2024-05-11T21:09:46.420+0000] {dag.py:2941} INFO - Sync 1 DAGs
[2024-05-11T21:09:46.434+0000] {logging_mixin.py:154} INFO - [2024-05-11T21:09:46.434+0000] {dag.py:3722} INFO - Setting next_dagrun for example_dynamic_task_mapping to 2022-03-04T00:00:00+00:00, run_after=2022-03-05T00:00:00+00:00
[2024-05-11T21:09:46.444+0000] {processor.py:179} INFO - Processing /home/airflow/.local/lib/python3.8/site-packages/airflow/example_dags/example_dynamic_task_mapping.py took 0.051 seconds
[2024-05-11T21:10:16.623+0000] {processor.py:157} INFO - Started process (PID=559) to work on /home/airflow/.local/lib/python3.8/site-packages/airflow/example_dags/example_dynamic_task_mapping.py
[2024-05-11T21:10:16.625+0000] {processor.py:829} INFO - Processing file /home/airflow/.local/lib/python3.8/site-packages/airflow/example_dags/example_dynamic_task_mapping.py for tasks to queue
[2024-05-11T21:10:16.627+0000] {logging_mixin.py:154} INFO - [2024-05-11T21:10:16.627+0000] {dagbag.py:536} INFO - Filling up the DagBag from /home/airflow/.local/lib/python3.8/site-packages/airflow/example_dags/example_dynamic_task_mapping.py
[2024-05-11T21:10:16.632+0000] {processor.py:839} INFO - DAG(s) dict_keys(['example_dynamic_task_mapping']) retrieved from /home/airflow/.local/lib/python3.8/site-packages/airflow/example_dags/example_dynamic_task_mapping.py
[2024-05-11T21:10:16.649+0000] {logging_mixin.py:154} INFO - [2024-05-11T21:10:16.648+0000] {dag.py:2941} INFO - Sync 1 DAGs
[2024-05-11T21:10:16.661+0000] {logging_mixin.py:154} INFO - [2024-05-11T21:10:16.661+0000] {dag.py:3722} INFO - Setting next_dagrun for example_dynamic_task_mapping to 2022-03-04T00:00:00+00:00, run_after=2022-03-05T00:00:00+00:00
[2024-05-11T21:10:16.670+0000] {processor.py:179} INFO - Processing /home/airflow/.local/lib/python3.8/site-packages/airflow/example_dags/example_dynamic_task_mapping.py took 0.050 seconds
[2024-05-11T21:10:47.041+0000] {processor.py:157} INFO - Started process (PID=614) to work on /home/airflow/.local/lib/python3.8/site-packages/airflow/example_dags/example_dynamic_task_mapping.py
[2024-05-11T21:10:47.043+0000] {processor.py:829} INFO - Processing file /home/airflow/.local/lib/python3.8/site-packages/airflow/example_dags/example_dynamic_task_mapping.py for tasks to queue
[2024-05-11T21:10:47.046+0000] {logging_mixin.py:154} INFO - [2024-05-11T21:10:47.045+0000] {dagbag.py:536} INFO - Filling up the DagBag from /home/airflow/.local/lib/python3.8/site-packages/airflow/example_dags/example_dynamic_task_mapping.py
[2024-05-11T21:10:47.051+0000] {processor.py:839} INFO - DAG(s) dict_keys(['example_dynamic_task_mapping']) retrieved from /home/airflow/.local/lib/python3.8/site-packages/airflow/example_dags/example_dynamic_task_mapping.py
[2024-05-11T21:10:47.069+0000] {logging_mixin.py:154} INFO - [2024-05-11T21:10:47.069+0000] {dag.py:2941} INFO - Sync 1 DAGs
[2024-05-11T21:10:47.084+0000] {logging_mixin.py:154} INFO - [2024-05-11T21:10:47.084+0000] {dag.py:3722} INFO - Setting next_dagrun for example_dynamic_task_mapping to 2022-03-04T00:00:00+00:00, run_after=2022-03-05T00:00:00+00:00
[2024-05-11T21:10:47.096+0000] {processor.py:179} INFO - Processing /home/airflow/.local/lib/python3.8/site-packages/airflow/example_dags/example_dynamic_task_mapping.py took 0.057 seconds
[2024-05-11T21:11:17.315+0000] {processor.py:157} INFO - Started process (PID=669) to work on /home/airflow/.local/lib/python3.8/site-packages/airflow/example_dags/example_dynamic_task_mapping.py
[2024-05-11T21:11:17.317+0000] {processor.py:829} INFO - Processing file /home/airflow/.local/lib/python3.8/site-packages/airflow/example_dags/example_dynamic_task_mapping.py for tasks to queue
[2024-05-11T21:11:17.319+0000] {logging_mixin.py:154} INFO - [2024-05-11T21:11:17.318+0000] {dagbag.py:536} INFO - Filling up the DagBag from /home/airflow/.local/lib/python3.8/site-packages/airflow/example_dags/example_dynamic_task_mapping.py
[2024-05-11T21:11:17.324+0000] {processor.py:839} INFO - DAG(s) dict_keys(['example_dynamic_task_mapping']) retrieved from /home/airflow/.local/lib/python3.8/site-packages/airflow/example_dags/example_dynamic_task_mapping.py
[2024-05-11T21:11:17.339+0000] {logging_mixin.py:154} INFO - [2024-05-11T21:11:17.339+0000] {dag.py:2941} INFO - Sync 1 DAGs
[2024-05-11T21:11:17.354+0000] {logging_mixin.py:154} INFO - [2024-05-11T21:11:17.354+0000] {dag.py:3722} INFO - Setting next_dagrun for example_dynamic_task_mapping to 2022-03-04T00:00:00+00:00, run_after=2022-03-05T00:00:00+00:00
[2024-05-11T21:11:17.364+0000] {processor.py:179} INFO - Processing /home/airflow/.local/lib/python3.8/site-packages/airflow/example_dags/example_dynamic_task_mapping.py took 0.052 seconds
[2024-05-11T21:11:47.534+0000] {processor.py:157} INFO - Started process (PID=724) to work on /home/airflow/.local/lib/python3.8/site-packages/airflow/example_dags/example_dynamic_task_mapping.py
[2024-05-11T21:11:47.536+0000] {processor.py:829} INFO - Processing file /home/airflow/.local/lib/python3.8/site-packages/airflow/example_dags/example_dynamic_task_mapping.py for tasks to queue
[2024-05-11T21:11:47.538+0000] {logging_mixin.py:154} INFO - [2024-05-11T21:11:47.538+0000] {dagbag.py:536} INFO - Filling up the DagBag from /home/airflow/.local/lib/python3.8/site-packages/airflow/example_dags/example_dynamic_task_mapping.py
[2024-05-11T21:11:47.544+0000] {processor.py:839} INFO - DAG(s) dict_keys(['example_dynamic_task_mapping']) retrieved from /home/airflow/.local/lib/python3.8/site-packages/airflow/example_dags/example_dynamic_task_mapping.py
[2024-05-11T21:11:47.565+0000] {logging_mixin.py:154} INFO - [2024-05-11T21:11:47.565+0000] {dag.py:2941} INFO - Sync 1 DAGs
[2024-05-11T21:11:47.586+0000] {logging_mixin.py:154} INFO - [2024-05-11T21:11:47.586+0000] {dag.py:3722} INFO - Setting next_dagrun for example_dynamic_task_mapping to 2022-03-04T00:00:00+00:00, run_after=2022-03-05T00:00:00+00:00
[2024-05-11T21:11:47.605+0000] {processor.py:179} INFO - Processing /home/airflow/.local/lib/python3.8/site-packages/airflow/example_dags/example_dynamic_task_mapping.py took 0.076 seconds
[2024-05-11T21:12:17.821+0000] {processor.py:157} INFO - Started process (PID=780) to work on /home/airflow/.local/lib/python3.8/site-packages/airflow/example_dags/example_dynamic_task_mapping.py
[2024-05-11T21:12:17.823+0000] {processor.py:829} INFO - Processing file /home/airflow/.local/lib/python3.8/site-packages/airflow/example_dags/example_dynamic_task_mapping.py for tasks to queue
[2024-05-11T21:12:17.825+0000] {logging_mixin.py:154} INFO - [2024-05-11T21:12:17.825+0000] {dagbag.py:536} INFO - Filling up the DagBag from /home/airflow/.local/lib/python3.8/site-packages/airflow/example_dags/example_dynamic_task_mapping.py
[2024-05-11T21:12:17.830+0000] {processor.py:839} INFO - DAG(s) dict_keys(['example_dynamic_task_mapping']) retrieved from /home/airflow/.local/lib/python3.8/site-packages/airflow/example_dags/example_dynamic_task_mapping.py
[2024-05-11T21:12:17.849+0000] {logging_mixin.py:154} INFO - [2024-05-11T21:12:17.849+0000] {dag.py:2941} INFO - Sync 1 DAGs
[2024-05-11T21:12:17.862+0000] {logging_mixin.py:154} INFO - [2024-05-11T21:12:17.862+0000] {dag.py:3722} INFO - Setting next_dagrun for example_dynamic_task_mapping to 2022-03-04T00:00:00+00:00, run_after=2022-03-05T00:00:00+00:00
[2024-05-11T21:12:17.874+0000] {processor.py:179} INFO - Processing /home/airflow/.local/lib/python3.8/site-packages/airflow/example_dags/example_dynamic_task_mapping.py took 0.056 seconds
[2024-05-11T21:12:48.242+0000] {processor.py:157} INFO - Started process (PID=835) to work on /home/airflow/.local/lib/python3.8/site-packages/airflow/example_dags/example_dynamic_task_mapping.py
[2024-05-11T21:12:48.243+0000] {processor.py:829} INFO - Processing file /home/airflow/.local/lib/python3.8/site-packages/airflow/example_dags/example_dynamic_task_mapping.py for tasks to queue
[2024-05-11T21:12:48.245+0000] {logging_mixin.py:154} INFO - [2024-05-11T21:12:48.245+0000] {dagbag.py:536} INFO - Filling up the DagBag from /home/airflow/.local/lib/python3.8/site-packages/airflow/example_dags/example_dynamic_task_mapping.py
[2024-05-11T21:12:48.250+0000] {processor.py:839} INFO - DAG(s) dict_keys(['example_dynamic_task_mapping']) retrieved from /home/airflow/.local/lib/python3.8/site-packages/airflow/example_dags/example_dynamic_task_mapping.py
[2024-05-11T21:12:48.267+0000] {logging_mixin.py:154} INFO - [2024-05-11T21:12:48.267+0000] {dag.py:2941} INFO - Sync 1 DAGs
[2024-05-11T21:12:48.282+0000] {logging_mixin.py:154} INFO - [2024-05-11T21:12:48.282+0000] {dag.py:3722} INFO - Setting next_dagrun for example_dynamic_task_mapping to 2022-03-04T00:00:00+00:00, run_after=2022-03-05T00:00:00+00:00
[2024-05-11T21:12:48.294+0000] {processor.py:179} INFO - Processing /home/airflow/.local/lib/python3.8/site-packages/airflow/example_dags/example_dynamic_task_mapping.py took 0.055 seconds
[2024-05-11T21:13:18.581+0000] {processor.py:157} INFO - Started process (PID=890) to work on /home/airflow/.local/lib/python3.8/site-packages/airflow/example_dags/example_dynamic_task_mapping.py
[2024-05-11T21:13:18.582+0000] {processor.py:829} INFO - Processing file /home/airflow/.local/lib/python3.8/site-packages/airflow/example_dags/example_dynamic_task_mapping.py for tasks to queue
[2024-05-11T21:13:18.585+0000] {logging_mixin.py:154} INFO - [2024-05-11T21:13:18.584+0000] {dagbag.py:536} INFO - Filling up the DagBag from /home/airflow/.local/lib/python3.8/site-packages/airflow/example_dags/example_dynamic_task_mapping.py
[2024-05-11T21:13:18.590+0000] {processor.py:839} INFO - DAG(s) dict_keys(['example_dynamic_task_mapping']) retrieved from /home/airflow/.local/lib/python3.8/site-packages/airflow/example_dags/example_dynamic_task_mapping.py
[2024-05-11T21:13:18.606+0000] {logging_mixin.py:154} INFO - [2024-05-11T21:13:18.606+0000] {dag.py:2941} INFO - Sync 1 DAGs
[2024-05-11T21:13:18.620+0000] {logging_mixin.py:154} INFO - [2024-05-11T21:13:18.620+0000] {dag.py:3722} INFO - Setting next_dagrun for example_dynamic_task_mapping to 2022-03-04T00:00:00+00:00, run_after=2022-03-05T00:00:00+00:00
[2024-05-11T21:13:18.631+0000] {processor.py:179} INFO - Processing /home/airflow/.local/lib/python3.8/site-packages/airflow/example_dags/example_dynamic_task_mapping.py took 0.053 seconds
[2024-05-11T21:13:48.694+0000] {processor.py:157} INFO - Started process (PID=945) to work on /home/airflow/.local/lib/python3.8/site-packages/airflow/example_dags/example_dynamic_task_mapping.py
[2024-05-11T21:13:48.696+0000] {processor.py:829} INFO - Processing file /home/airflow/.local/lib/python3.8/site-packages/airflow/example_dags/example_dynamic_task_mapping.py for tasks to queue
[2024-05-11T21:13:48.698+0000] {logging_mixin.py:154} INFO - [2024-05-11T21:13:48.698+0000] {dagbag.py:536} INFO - Filling up the DagBag from /home/airflow/.local/lib/python3.8/site-packages/airflow/example_dags/example_dynamic_task_mapping.py
[2024-05-11T21:13:48.703+0000] {processor.py:839} INFO - DAG(s) dict_keys(['example_dynamic_task_mapping']) retrieved from /home/airflow/.local/lib/python3.8/site-packages/airflow/example_dags/example_dynamic_task_mapping.py
[2024-05-11T21:13:48.719+0000] {logging_mixin.py:154} INFO - [2024-05-11T21:13:48.719+0000] {dag.py:2941} INFO - Sync 1 DAGs
[2024-05-11T21:13:48.734+0000] {logging_mixin.py:154} INFO - [2024-05-11T21:13:48.734+0000] {dag.py:3722} INFO - Setting next_dagrun for example_dynamic_task_mapping to 2022-03-04T00:00:00+00:00, run_after=2022-03-05T00:00:00+00:00
[2024-05-11T21:13:48.743+0000] {processor.py:179} INFO - Processing /home/airflow/.local/lib/python3.8/site-packages/airflow/example_dags/example_dynamic_task_mapping.py took 0.052 seconds
[2024-05-11T21:14:18.948+0000] {processor.py:157} INFO - Started process (PID=1000) to work on /home/airflow/.local/lib/python3.8/site-packages/airflow/example_dags/example_dynamic_task_mapping.py
[2024-05-11T21:14:18.949+0000] {processor.py:829} INFO - Processing file /home/airflow/.local/lib/python3.8/site-packages/airflow/example_dags/example_dynamic_task_mapping.py for tasks to queue
[2024-05-11T21:14:18.952+0000] {logging_mixin.py:154} INFO - [2024-05-11T21:14:18.951+0000] {dagbag.py:536} INFO - Filling up the DagBag from /home/airflow/.local/lib/python3.8/site-packages/airflow/example_dags/example_dynamic_task_mapping.py
[2024-05-11T21:14:18.957+0000] {processor.py:839} INFO - DAG(s) dict_keys(['example_dynamic_task_mapping']) retrieved from /home/airflow/.local/lib/python3.8/site-packages/airflow/example_dags/example_dynamic_task_mapping.py
[2024-05-11T21:14:18.973+0000] {logging_mixin.py:154} INFO - [2024-05-11T21:14:18.973+0000] {dag.py:2941} INFO - Sync 1 DAGs
[2024-05-11T21:14:18.988+0000] {logging_mixin.py:154} INFO - [2024-05-11T21:14:18.988+0000] {dag.py:3722} INFO - Setting next_dagrun for example_dynamic_task_mapping to 2022-03-04T00:00:00+00:00, run_after=2022-03-05T00:00:00+00:00
[2024-05-11T21:14:18.999+0000] {processor.py:179} INFO - Processing /home/airflow/.local/lib/python3.8/site-packages/airflow/example_dags/example_dynamic_task_mapping.py took 0.054 seconds
[2024-05-11T21:14:49.324+0000] {processor.py:157} INFO - Started process (PID=1056) to work on /home/airflow/.local/lib/python3.8/site-packages/airflow/example_dags/example_dynamic_task_mapping.py
[2024-05-11T21:14:49.325+0000] {processor.py:829} INFO - Processing file /home/airflow/.local/lib/python3.8/site-packages/airflow/example_dags/example_dynamic_task_mapping.py for tasks to queue
[2024-05-11T21:14:49.327+0000] {logging_mixin.py:154} INFO - [2024-05-11T21:14:49.327+0000] {dagbag.py:536} INFO - Filling up the DagBag from /home/airflow/.local/lib/python3.8/site-packages/airflow/example_dags/example_dynamic_task_mapping.py
[2024-05-11T21:14:49.333+0000] {processor.py:839} INFO - DAG(s) dict_keys(['example_dynamic_task_mapping']) retrieved from /home/airflow/.local/lib/python3.8/site-packages/airflow/example_dags/example_dynamic_task_mapping.py
[2024-05-11T21:14:49.350+0000] {logging_mixin.py:154} INFO - [2024-05-11T21:14:49.350+0000] {dag.py:2941} INFO - Sync 1 DAGs
[2024-05-11T21:14:49.364+0000] {logging_mixin.py:154} INFO - [2024-05-11T21:14:49.364+0000] {dag.py:3722} INFO - Setting next_dagrun for example_dynamic_task_mapping to 2022-03-04T00:00:00+00:00, run_after=2022-03-05T00:00:00+00:00
[2024-05-11T21:14:49.376+0000] {processor.py:179} INFO - Processing /home/airflow/.local/lib/python3.8/site-packages/airflow/example_dags/example_dynamic_task_mapping.py took 0.056 seconds
[2024-05-11T21:16:33.160+0000] {processor.py:157} INFO - Started process (PID=62) to work on /home/airflow/.local/lib/python3.8/site-packages/airflow/example_dags/example_dynamic_task_mapping.py
[2024-05-11T21:16:33.166+0000] {processor.py:829} INFO - Processing file /home/airflow/.local/lib/python3.8/site-packages/airflow/example_dags/example_dynamic_task_mapping.py for tasks to queue
[2024-05-11T21:16:33.170+0000] {logging_mixin.py:154} INFO - [2024-05-11T21:16:33.170+0000] {dagbag.py:536} INFO - Filling up the DagBag from /home/airflow/.local/lib/python3.8/site-packages/airflow/example_dags/example_dynamic_task_mapping.py
[2024-05-11T21:16:33.183+0000] {processor.py:839} INFO - DAG(s) dict_keys(['example_dynamic_task_mapping']) retrieved from /home/airflow/.local/lib/python3.8/site-packages/airflow/example_dags/example_dynamic_task_mapping.py
[2024-05-11T21:16:33.219+0000] {logging_mixin.py:154} INFO - [2024-05-11T21:16:33.219+0000] {dag.py:2941} INFO - Sync 1 DAGs
[2024-05-11T21:16:33.256+0000] {logging_mixin.py:154} INFO - [2024-05-11T21:16:33.256+0000] {dag.py:3722} INFO - Setting next_dagrun for example_dynamic_task_mapping to 2022-03-04T00:00:00+00:00, run_after=2022-03-05T00:00:00+00:00
[2024-05-11T21:16:33.275+0000] {processor.py:179} INFO - Processing /home/airflow/.local/lib/python3.8/site-packages/airflow/example_dags/example_dynamic_task_mapping.py took 0.120 seconds
[2024-05-11T21:17:03.837+0000] {processor.py:157} INFO - Started process (PID=118) to work on /home/airflow/.local/lib/python3.8/site-packages/airflow/example_dags/example_dynamic_task_mapping.py
[2024-05-11T21:17:03.838+0000] {processor.py:829} INFO - Processing file /home/airflow/.local/lib/python3.8/site-packages/airflow/example_dags/example_dynamic_task_mapping.py for tasks to queue
[2024-05-11T21:17:03.840+0000] {logging_mixin.py:154} INFO - [2024-05-11T21:17:03.839+0000] {dagbag.py:536} INFO - Filling up the DagBag from /home/airflow/.local/lib/python3.8/site-packages/airflow/example_dags/example_dynamic_task_mapping.py
[2024-05-11T21:17:03.844+0000] {processor.py:839} INFO - DAG(s) dict_keys(['example_dynamic_task_mapping']) retrieved from /home/airflow/.local/lib/python3.8/site-packages/airflow/example_dags/example_dynamic_task_mapping.py
[2024-05-11T21:17:03.860+0000] {logging_mixin.py:154} INFO - [2024-05-11T21:17:03.860+0000] {dag.py:2941} INFO - Sync 1 DAGs
[2024-05-11T21:17:03.874+0000] {logging_mixin.py:154} INFO - [2024-05-11T21:17:03.874+0000] {dag.py:3722} INFO - Setting next_dagrun for example_dynamic_task_mapping to 2022-03-04T00:00:00+00:00, run_after=2022-03-05T00:00:00+00:00
[2024-05-11T21:17:03.884+0000] {processor.py:179} INFO - Processing /home/airflow/.local/lib/python3.8/site-packages/airflow/example_dags/example_dynamic_task_mapping.py took 0.050 seconds
[2024-05-11T21:17:34.148+0000] {processor.py:157} INFO - Started process (PID=173) to work on /home/airflow/.local/lib/python3.8/site-packages/airflow/example_dags/example_dynamic_task_mapping.py
[2024-05-11T21:17:34.152+0000] {processor.py:829} INFO - Processing file /home/airflow/.local/lib/python3.8/site-packages/airflow/example_dags/example_dynamic_task_mapping.py for tasks to queue
[2024-05-11T21:17:34.160+0000] {logging_mixin.py:154} INFO - [2024-05-11T21:17:34.159+0000] {dagbag.py:536} INFO - Filling up the DagBag from /home/airflow/.local/lib/python3.8/site-packages/airflow/example_dags/example_dynamic_task_mapping.py
[2024-05-11T21:17:34.168+0000] {processor.py:839} INFO - DAG(s) dict_keys(['example_dynamic_task_mapping']) retrieved from /home/airflow/.local/lib/python3.8/site-packages/airflow/example_dags/example_dynamic_task_mapping.py
[2024-05-11T21:17:34.204+0000] {logging_mixin.py:154} INFO - [2024-05-11T21:17:34.203+0000] {dag.py:2941} INFO - Sync 1 DAGs
[2024-05-11T21:17:34.227+0000] {logging_mixin.py:154} INFO - [2024-05-11T21:17:34.227+0000] {dag.py:3722} INFO - Setting next_dagrun for example_dynamic_task_mapping to 2022-03-04T00:00:00+00:00, run_after=2022-03-05T00:00:00+00:00
[2024-05-11T21:17:34.238+0000] {processor.py:179} INFO - Processing /home/airflow/.local/lib/python3.8/site-packages/airflow/example_dags/example_dynamic_task_mapping.py took 0.099 seconds
[2024-05-11T21:18:04.503+0000] {processor.py:157} INFO - Started process (PID=229) to work on /home/airflow/.local/lib/python3.8/site-packages/airflow/example_dags/example_dynamic_task_mapping.py
[2024-05-11T21:18:04.504+0000] {processor.py:829} INFO - Processing file /home/airflow/.local/lib/python3.8/site-packages/airflow/example_dags/example_dynamic_task_mapping.py for tasks to queue
[2024-05-11T21:18:04.506+0000] {logging_mixin.py:154} INFO - [2024-05-11T21:18:04.506+0000] {dagbag.py:536} INFO - Filling up the DagBag from /home/airflow/.local/lib/python3.8/site-packages/airflow/example_dags/example_dynamic_task_mapping.py
[2024-05-11T21:18:04.512+0000] {processor.py:839} INFO - DAG(s) dict_keys(['example_dynamic_task_mapping']) retrieved from /home/airflow/.local/lib/python3.8/site-packages/airflow/example_dags/example_dynamic_task_mapping.py
[2024-05-11T21:18:04.528+0000] {logging_mixin.py:154} INFO - [2024-05-11T21:18:04.528+0000] {dag.py:2941} INFO - Sync 1 DAGs
[2024-05-11T21:18:04.543+0000] {logging_mixin.py:154} INFO - [2024-05-11T21:18:04.543+0000] {dag.py:3722} INFO - Setting next_dagrun for example_dynamic_task_mapping to 2022-03-04T00:00:00+00:00, run_after=2022-03-05T00:00:00+00:00
[2024-05-11T21:18:04.556+0000] {processor.py:179} INFO - Processing /home/airflow/.local/lib/python3.8/site-packages/airflow/example_dags/example_dynamic_task_mapping.py took 0.056 seconds
[2024-05-11T21:18:34.666+0000] {processor.py:157} INFO - Started process (PID=284) to work on /home/airflow/.local/lib/python3.8/site-packages/airflow/example_dags/example_dynamic_task_mapping.py
[2024-05-11T21:18:34.667+0000] {processor.py:829} INFO - Processing file /home/airflow/.local/lib/python3.8/site-packages/airflow/example_dags/example_dynamic_task_mapping.py for tasks to queue
[2024-05-11T21:18:34.669+0000] {logging_mixin.py:154} INFO - [2024-05-11T21:18:34.669+0000] {dagbag.py:536} INFO - Filling up the DagBag from /home/airflow/.local/lib/python3.8/site-packages/airflow/example_dags/example_dynamic_task_mapping.py
[2024-05-11T21:18:34.674+0000] {processor.py:839} INFO - DAG(s) dict_keys(['example_dynamic_task_mapping']) retrieved from /home/airflow/.local/lib/python3.8/site-packages/airflow/example_dags/example_dynamic_task_mapping.py
[2024-05-11T21:18:34.692+0000] {logging_mixin.py:154} INFO - [2024-05-11T21:18:34.692+0000] {dag.py:2941} INFO - Sync 1 DAGs
[2024-05-11T21:18:34.705+0000] {logging_mixin.py:154} INFO - [2024-05-11T21:18:34.705+0000] {dag.py:3722} INFO - Setting next_dagrun for example_dynamic_task_mapping to 2022-03-04T00:00:00+00:00, run_after=2022-03-05T00:00:00+00:00
[2024-05-11T21:18:34.715+0000] {processor.py:179} INFO - Processing /home/airflow/.local/lib/python3.8/site-packages/airflow/example_dags/example_dynamic_task_mapping.py took 0.052 seconds
[2024-05-11T21:19:04.924+0000] {processor.py:157} INFO - Started process (PID=339) to work on /home/airflow/.local/lib/python3.8/site-packages/airflow/example_dags/example_dynamic_task_mapping.py
[2024-05-11T21:19:04.926+0000] {processor.py:829} INFO - Processing file /home/airflow/.local/lib/python3.8/site-packages/airflow/example_dags/example_dynamic_task_mapping.py for tasks to queue
[2024-05-11T21:19:04.928+0000] {logging_mixin.py:154} INFO - [2024-05-11T21:19:04.928+0000] {dagbag.py:536} INFO - Filling up the DagBag from /home/airflow/.local/lib/python3.8/site-packages/airflow/example_dags/example_dynamic_task_mapping.py
[2024-05-11T21:19:04.934+0000] {processor.py:839} INFO - DAG(s) dict_keys(['example_dynamic_task_mapping']) retrieved from /home/airflow/.local/lib/python3.8/site-packages/airflow/example_dags/example_dynamic_task_mapping.py
[2024-05-11T21:19:04.951+0000] {logging_mixin.py:154} INFO - [2024-05-11T21:19:04.951+0000] {dag.py:2941} INFO - Sync 1 DAGs
[2024-05-11T21:19:04.963+0000] {logging_mixin.py:154} INFO - [2024-05-11T21:19:04.963+0000] {dag.py:3722} INFO - Setting next_dagrun for example_dynamic_task_mapping to 2022-03-04T00:00:00+00:00, run_after=2022-03-05T00:00:00+00:00
[2024-05-11T21:19:04.979+0000] {processor.py:179} INFO - Processing /home/airflow/.local/lib/python3.8/site-packages/airflow/example_dags/example_dynamic_task_mapping.py took 0.057 seconds
[2024-05-11T21:19:35.312+0000] {processor.py:157} INFO - Started process (PID=394) to work on /home/airflow/.local/lib/python3.8/site-packages/airflow/example_dags/example_dynamic_task_mapping.py
[2024-05-11T21:19:35.313+0000] {processor.py:829} INFO - Processing file /home/airflow/.local/lib/python3.8/site-packages/airflow/example_dags/example_dynamic_task_mapping.py for tasks to queue
[2024-05-11T21:19:35.315+0000] {logging_mixin.py:154} INFO - [2024-05-11T21:19:35.314+0000] {dagbag.py:536} INFO - Filling up the DagBag from /home/airflow/.local/lib/python3.8/site-packages/airflow/example_dags/example_dynamic_task_mapping.py
[2024-05-11T21:19:35.320+0000] {processor.py:839} INFO - DAG(s) dict_keys(['example_dynamic_task_mapping']) retrieved from /home/airflow/.local/lib/python3.8/site-packages/airflow/example_dags/example_dynamic_task_mapping.py
[2024-05-11T21:19:35.336+0000] {logging_mixin.py:154} INFO - [2024-05-11T21:19:35.336+0000] {dag.py:2941} INFO - Sync 1 DAGs
[2024-05-11T21:19:35.348+0000] {logging_mixin.py:154} INFO - [2024-05-11T21:19:35.348+0000] {dag.py:3722} INFO - Setting next_dagrun for example_dynamic_task_mapping to 2022-03-04T00:00:00+00:00, run_after=2022-03-05T00:00:00+00:00
[2024-05-11T21:19:35.357+0000] {processor.py:179} INFO - Processing /home/airflow/.local/lib/python3.8/site-packages/airflow/example_dags/example_dynamic_task_mapping.py took 0.048 seconds
[2024-05-11T21:20:05.723+0000] {processor.py:157} INFO - Started process (PID=449) to work on /home/airflow/.local/lib/python3.8/site-packages/airflow/example_dags/example_dynamic_task_mapping.py
[2024-05-11T21:20:05.724+0000] {processor.py:829} INFO - Processing file /home/airflow/.local/lib/python3.8/site-packages/airflow/example_dags/example_dynamic_task_mapping.py for tasks to queue
[2024-05-11T21:20:05.726+0000] {logging_mixin.py:154} INFO - [2024-05-11T21:20:05.726+0000] {dagbag.py:536} INFO - Filling up the DagBag from /home/airflow/.local/lib/python3.8/site-packages/airflow/example_dags/example_dynamic_task_mapping.py
[2024-05-11T21:20:05.731+0000] {processor.py:839} INFO - DAG(s) dict_keys(['example_dynamic_task_mapping']) retrieved from /home/airflow/.local/lib/python3.8/site-packages/airflow/example_dags/example_dynamic_task_mapping.py
[2024-05-11T21:20:05.746+0000] {logging_mixin.py:154} INFO - [2024-05-11T21:20:05.746+0000] {dag.py:2941} INFO - Sync 1 DAGs
[2024-05-11T21:20:05.758+0000] {logging_mixin.py:154} INFO - [2024-05-11T21:20:05.758+0000] {dag.py:3722} INFO - Setting next_dagrun for example_dynamic_task_mapping to 2022-03-04T00:00:00+00:00, run_after=2022-03-05T00:00:00+00:00
[2024-05-11T21:20:05.768+0000] {processor.py:179} INFO - Processing /home/airflow/.local/lib/python3.8/site-packages/airflow/example_dags/example_dynamic_task_mapping.py took 0.048 seconds
[2024-05-11T21:20:35.892+0000] {processor.py:157} INFO - Started process (PID=504) to work on /home/airflow/.local/lib/python3.8/site-packages/airflow/example_dags/example_dynamic_task_mapping.py
[2024-05-11T21:20:35.893+0000] {processor.py:829} INFO - Processing file /home/airflow/.local/lib/python3.8/site-packages/airflow/example_dags/example_dynamic_task_mapping.py for tasks to queue
[2024-05-11T21:20:35.895+0000] {logging_mixin.py:154} INFO - [2024-05-11T21:20:35.895+0000] {dagbag.py:536} INFO - Filling up the DagBag from /home/airflow/.local/lib/python3.8/site-packages/airflow/example_dags/example_dynamic_task_mapping.py
[2024-05-11T21:20:35.900+0000] {processor.py:839} INFO - DAG(s) dict_keys(['example_dynamic_task_mapping']) retrieved from /home/airflow/.local/lib/python3.8/site-packages/airflow/example_dags/example_dynamic_task_mapping.py
[2024-05-11T21:20:35.920+0000] {logging_mixin.py:154} INFO - [2024-05-11T21:20:35.919+0000] {dag.py:2941} INFO - Sync 1 DAGs
[2024-05-11T21:20:35.935+0000] {logging_mixin.py:154} INFO - [2024-05-11T21:20:35.935+0000] {dag.py:3722} INFO - Setting next_dagrun for example_dynamic_task_mapping to 2022-03-04T00:00:00+00:00, run_after=2022-03-05T00:00:00+00:00
[2024-05-11T21:20:35.944+0000] {processor.py:179} INFO - Processing /home/airflow/.local/lib/python3.8/site-packages/airflow/example_dags/example_dynamic_task_mapping.py took 0.054 seconds
[2024-05-11T21:21:06.045+0000] {processor.py:157} INFO - Started process (PID=559) to work on /home/airflow/.local/lib/python3.8/site-packages/airflow/example_dags/example_dynamic_task_mapping.py
[2024-05-11T21:21:06.046+0000] {processor.py:829} INFO - Processing file /home/airflow/.local/lib/python3.8/site-packages/airflow/example_dags/example_dynamic_task_mapping.py for tasks to queue
[2024-05-11T21:21:06.048+0000] {logging_mixin.py:154} INFO - [2024-05-11T21:21:06.048+0000] {dagbag.py:536} INFO - Filling up the DagBag from /home/airflow/.local/lib/python3.8/site-packages/airflow/example_dags/example_dynamic_task_mapping.py
[2024-05-11T21:21:06.053+0000] {processor.py:839} INFO - DAG(s) dict_keys(['example_dynamic_task_mapping']) retrieved from /home/airflow/.local/lib/python3.8/site-packages/airflow/example_dags/example_dynamic_task_mapping.py
[2024-05-11T21:21:06.069+0000] {logging_mixin.py:154} INFO - [2024-05-11T21:21:06.069+0000] {dag.py:2941} INFO - Sync 1 DAGs
[2024-05-11T21:21:06.082+0000] {logging_mixin.py:154} INFO - [2024-05-11T21:21:06.082+0000] {dag.py:3722} INFO - Setting next_dagrun for example_dynamic_task_mapping to 2022-03-04T00:00:00+00:00, run_after=2022-03-05T00:00:00+00:00
[2024-05-11T21:21:06.092+0000] {processor.py:179} INFO - Processing /home/airflow/.local/lib/python3.8/site-packages/airflow/example_dags/example_dynamic_task_mapping.py took 0.050 seconds
[2024-05-11T21:21:36.568+0000] {processor.py:157} INFO - Started process (PID=614) to work on /home/airflow/.local/lib/python3.8/site-packages/airflow/example_dags/example_dynamic_task_mapping.py
[2024-05-11T21:21:36.569+0000] {processor.py:829} INFO - Processing file /home/airflow/.local/lib/python3.8/site-packages/airflow/example_dags/example_dynamic_task_mapping.py for tasks to queue
[2024-05-11T21:21:36.571+0000] {logging_mixin.py:154} INFO - [2024-05-11T21:21:36.571+0000] {dagbag.py:536} INFO - Filling up the DagBag from /home/airflow/.local/lib/python3.8/site-packages/airflow/example_dags/example_dynamic_task_mapping.py
[2024-05-11T21:21:36.576+0000] {processor.py:839} INFO - DAG(s) dict_keys(['example_dynamic_task_mapping']) retrieved from /home/airflow/.local/lib/python3.8/site-packages/airflow/example_dags/example_dynamic_task_mapping.py
[2024-05-11T21:21:36.592+0000] {logging_mixin.py:154} INFO - [2024-05-11T21:21:36.592+0000] {dag.py:2941} INFO - Sync 1 DAGs
[2024-05-11T21:21:36.606+0000] {logging_mixin.py:154} INFO - [2024-05-11T21:21:36.606+0000] {dag.py:3722} INFO - Setting next_dagrun for example_dynamic_task_mapping to 2022-03-04T00:00:00+00:00, run_after=2022-03-05T00:00:00+00:00
[2024-05-11T21:21:36.617+0000] {processor.py:179} INFO - Processing /home/airflow/.local/lib/python3.8/site-packages/airflow/example_dags/example_dynamic_task_mapping.py took 0.052 seconds
[2024-05-11T21:42:00.160+0000] {processor.py:157} INFO - Started process (PID=42) to work on /home/airflow/.local/lib/python3.8/site-packages/airflow/example_dags/example_dynamic_task_mapping.py
[2024-05-11T21:42:00.162+0000] {processor.py:829} INFO - Processing file /home/airflow/.local/lib/python3.8/site-packages/airflow/example_dags/example_dynamic_task_mapping.py for tasks to queue
[2024-05-11T21:42:00.175+0000] {logging_mixin.py:154} INFO - [2024-05-11T21:42:00.173+0000] {dagbag.py:536} INFO - Filling up the DagBag from /home/airflow/.local/lib/python3.8/site-packages/airflow/example_dags/example_dynamic_task_mapping.py
[2024-05-11T21:42:00.214+0000] {processor.py:839} INFO - DAG(s) dict_keys(['example_dynamic_task_mapping']) retrieved from /home/airflow/.local/lib/python3.8/site-packages/airflow/example_dags/example_dynamic_task_mapping.py
[2024-05-11T21:42:00.501+0000] {logging_mixin.py:154} INFO - [2024-05-11T21:42:00.501+0000] {manager.py:499} INFO - Created Permission View: %s
[2024-05-11T21:42:00.524+0000] {logging_mixin.py:154} INFO - [2024-05-11T21:42:00.524+0000] {manager.py:499} INFO - Created Permission View: %s
[2024-05-11T21:42:00.541+0000] {logging_mixin.py:154} INFO - [2024-05-11T21:42:00.540+0000] {manager.py:499} INFO - Created Permission View: %s
[2024-05-11T21:42:00.544+0000] {logging_mixin.py:154} INFO - [2024-05-11T21:42:00.544+0000] {dag.py:2941} INFO - Sync 1 DAGs
[2024-05-11T21:42:00.585+0000] {logging_mixin.py:154} INFO - [2024-05-11T21:42:00.584+0000] {dag.py:2963} INFO - Creating ORM DAG for example_dynamic_task_mapping
[2024-05-11T21:42:00.606+0000] {logging_mixin.py:154} INFO - [2024-05-11T21:42:00.605+0000] {dag.py:3722} INFO - Setting next_dagrun for example_dynamic_task_mapping to 2022-03-04T00:00:00+00:00, run_after=2022-03-05T00:00:00+00:00
[2024-05-11T21:42:00.647+0000] {processor.py:179} INFO - Processing /home/airflow/.local/lib/python3.8/site-packages/airflow/example_dags/example_dynamic_task_mapping.py took 0.498 seconds
[2024-05-11T21:42:31.194+0000] {processor.py:157} INFO - Started process (PID=97) to work on /home/airflow/.local/lib/python3.8/site-packages/airflow/example_dags/example_dynamic_task_mapping.py
[2024-05-11T21:42:31.197+0000] {processor.py:829} INFO - Processing file /home/airflow/.local/lib/python3.8/site-packages/airflow/example_dags/example_dynamic_task_mapping.py for tasks to queue
[2024-05-11T21:42:31.203+0000] {logging_mixin.py:154} INFO - [2024-05-11T21:42:31.202+0000] {dagbag.py:536} INFO - Filling up the DagBag from /home/airflow/.local/lib/python3.8/site-packages/airflow/example_dags/example_dynamic_task_mapping.py
[2024-05-11T21:42:31.218+0000] {processor.py:839} INFO - DAG(s) dict_keys(['example_dynamic_task_mapping']) retrieved from /home/airflow/.local/lib/python3.8/site-packages/airflow/example_dags/example_dynamic_task_mapping.py
[2024-05-11T21:42:31.280+0000] {logging_mixin.py:154} INFO - [2024-05-11T21:42:31.279+0000] {dag.py:2941} INFO - Sync 1 DAGs
[2024-05-11T21:42:31.312+0000] {logging_mixin.py:154} INFO - [2024-05-11T21:42:31.312+0000] {dag.py:3722} INFO - Setting next_dagrun for example_dynamic_task_mapping to 2022-03-04T00:00:00+00:00, run_after=2022-03-05T00:00:00+00:00
[2024-05-11T21:42:31.340+0000] {processor.py:179} INFO - Processing /home/airflow/.local/lib/python3.8/site-packages/airflow/example_dags/example_dynamic_task_mapping.py took 0.154 seconds
[2024-05-11T21:43:01.438+0000] {processor.py:157} INFO - Started process (PID=152) to work on /home/airflow/.local/lib/python3.8/site-packages/airflow/example_dags/example_dynamic_task_mapping.py
[2024-05-11T21:43:01.441+0000] {processor.py:829} INFO - Processing file /home/airflow/.local/lib/python3.8/site-packages/airflow/example_dags/example_dynamic_task_mapping.py for tasks to queue
[2024-05-11T21:43:01.444+0000] {logging_mixin.py:154} INFO - [2024-05-11T21:43:01.444+0000] {dagbag.py:536} INFO - Filling up the DagBag from /home/airflow/.local/lib/python3.8/site-packages/airflow/example_dags/example_dynamic_task_mapping.py
[2024-05-11T21:43:01.451+0000] {processor.py:839} INFO - DAG(s) dict_keys(['example_dynamic_task_mapping']) retrieved from /home/airflow/.local/lib/python3.8/site-packages/airflow/example_dags/example_dynamic_task_mapping.py
[2024-05-11T21:43:01.474+0000] {logging_mixin.py:154} INFO - [2024-05-11T21:43:01.473+0000] {dag.py:2941} INFO - Sync 1 DAGs
[2024-05-11T21:43:01.492+0000] {logging_mixin.py:154} INFO - [2024-05-11T21:43:01.492+0000] {dag.py:3722} INFO - Setting next_dagrun for example_dynamic_task_mapping to 2022-03-04T00:00:00+00:00, run_after=2022-03-05T00:00:00+00:00
[2024-05-11T21:43:01.510+0000] {processor.py:179} INFO - Processing /home/airflow/.local/lib/python3.8/site-packages/airflow/example_dags/example_dynamic_task_mapping.py took 0.075 seconds
[2024-05-11T21:43:32.030+0000] {processor.py:157} INFO - Started process (PID=207) to work on /home/airflow/.local/lib/python3.8/site-packages/airflow/example_dags/example_dynamic_task_mapping.py
[2024-05-11T21:43:32.035+0000] {processor.py:829} INFO - Processing file /home/airflow/.local/lib/python3.8/site-packages/airflow/example_dags/example_dynamic_task_mapping.py for tasks to queue
[2024-05-11T21:43:32.043+0000] {logging_mixin.py:154} INFO - [2024-05-11T21:43:32.043+0000] {dagbag.py:536} INFO - Filling up the DagBag from /home/airflow/.local/lib/python3.8/site-packages/airflow/example_dags/example_dynamic_task_mapping.py
[2024-05-11T21:43:32.049+0000] {processor.py:839} INFO - DAG(s) dict_keys(['example_dynamic_task_mapping']) retrieved from /home/airflow/.local/lib/python3.8/site-packages/airflow/example_dags/example_dynamic_task_mapping.py
[2024-05-11T21:43:32.073+0000] {logging_mixin.py:154} INFO - [2024-05-11T21:43:32.073+0000] {dag.py:2941} INFO - Sync 1 DAGs
[2024-05-11T21:43:32.093+0000] {logging_mixin.py:154} INFO - [2024-05-11T21:43:32.093+0000] {dag.py:3722} INFO - Setting next_dagrun for example_dynamic_task_mapping to 2022-03-04T00:00:00+00:00, run_after=2022-03-05T00:00:00+00:00
[2024-05-11T21:43:32.114+0000] {processor.py:179} INFO - Processing /home/airflow/.local/lib/python3.8/site-packages/airflow/example_dags/example_dynamic_task_mapping.py took 0.088 seconds
[2024-05-11T21:44:02.777+0000] {processor.py:157} INFO - Started process (PID=262) to work on /home/airflow/.local/lib/python3.8/site-packages/airflow/example_dags/example_dynamic_task_mapping.py
[2024-05-11T21:44:02.779+0000] {processor.py:829} INFO - Processing file /home/airflow/.local/lib/python3.8/site-packages/airflow/example_dags/example_dynamic_task_mapping.py for tasks to queue
[2024-05-11T21:44:02.781+0000] {logging_mixin.py:154} INFO - [2024-05-11T21:44:02.781+0000] {dagbag.py:536} INFO - Filling up the DagBag from /home/airflow/.local/lib/python3.8/site-packages/airflow/example_dags/example_dynamic_task_mapping.py
[2024-05-11T21:44:02.788+0000] {processor.py:839} INFO - DAG(s) dict_keys(['example_dynamic_task_mapping']) retrieved from /home/airflow/.local/lib/python3.8/site-packages/airflow/example_dags/example_dynamic_task_mapping.py
[2024-05-11T21:44:02.810+0000] {logging_mixin.py:154} INFO - [2024-05-11T21:44:02.810+0000] {dag.py:2941} INFO - Sync 1 DAGs
[2024-05-11T21:44:02.829+0000] {logging_mixin.py:154} INFO - [2024-05-11T21:44:02.829+0000] {dag.py:3722} INFO - Setting next_dagrun for example_dynamic_task_mapping to 2022-03-04T00:00:00+00:00, run_after=2022-03-05T00:00:00+00:00
[2024-05-11T21:44:02.841+0000] {processor.py:179} INFO - Processing /home/airflow/.local/lib/python3.8/site-packages/airflow/example_dags/example_dynamic_task_mapping.py took 0.067 seconds
[2024-05-11T21:44:33.389+0000] {processor.py:157} INFO - Started process (PID=317) to work on /home/airflow/.local/lib/python3.8/site-packages/airflow/example_dags/example_dynamic_task_mapping.py
[2024-05-11T21:44:33.391+0000] {processor.py:829} INFO - Processing file /home/airflow/.local/lib/python3.8/site-packages/airflow/example_dags/example_dynamic_task_mapping.py for tasks to queue
[2024-05-11T21:44:33.394+0000] {logging_mixin.py:154} INFO - [2024-05-11T21:44:33.393+0000] {dagbag.py:536} INFO - Filling up the DagBag from /home/airflow/.local/lib/python3.8/site-packages/airflow/example_dags/example_dynamic_task_mapping.py
[2024-05-11T21:44:33.405+0000] {processor.py:839} INFO - DAG(s) dict_keys(['example_dynamic_task_mapping']) retrieved from /home/airflow/.local/lib/python3.8/site-packages/airflow/example_dags/example_dynamic_task_mapping.py
[2024-05-11T21:44:33.433+0000] {logging_mixin.py:154} INFO - [2024-05-11T21:44:33.433+0000] {dag.py:2941} INFO - Sync 1 DAGs
[2024-05-11T21:44:33.455+0000] {logging_mixin.py:154} INFO - [2024-05-11T21:44:33.455+0000] {dag.py:3722} INFO - Setting next_dagrun for example_dynamic_task_mapping to 2022-03-04T00:00:00+00:00, run_after=2022-03-05T00:00:00+00:00
[2024-05-11T21:44:33.469+0000] {processor.py:179} INFO - Processing /home/airflow/.local/lib/python3.8/site-packages/airflow/example_dags/example_dynamic_task_mapping.py took 0.085 seconds
[2024-05-11T21:45:03.930+0000] {processor.py:157} INFO - Started process (PID=372) to work on /home/airflow/.local/lib/python3.8/site-packages/airflow/example_dags/example_dynamic_task_mapping.py
[2024-05-11T21:45:03.933+0000] {processor.py:829} INFO - Processing file /home/airflow/.local/lib/python3.8/site-packages/airflow/example_dags/example_dynamic_task_mapping.py for tasks to queue
[2024-05-11T21:45:03.936+0000] {logging_mixin.py:154} INFO - [2024-05-11T21:45:03.936+0000] {dagbag.py:536} INFO - Filling up the DagBag from /home/airflow/.local/lib/python3.8/site-packages/airflow/example_dags/example_dynamic_task_mapping.py
[2024-05-11T21:45:03.943+0000] {processor.py:839} INFO - DAG(s) dict_keys(['example_dynamic_task_mapping']) retrieved from /home/airflow/.local/lib/python3.8/site-packages/airflow/example_dags/example_dynamic_task_mapping.py
[2024-05-11T21:45:03.968+0000] {logging_mixin.py:154} INFO - [2024-05-11T21:45:03.968+0000] {dag.py:2941} INFO - Sync 1 DAGs
[2024-05-11T21:45:03.988+0000] {logging_mixin.py:154} INFO - [2024-05-11T21:45:03.987+0000] {dag.py:3722} INFO - Setting next_dagrun for example_dynamic_task_mapping to 2022-03-04T00:00:00+00:00, run_after=2022-03-05T00:00:00+00:00
[2024-05-11T21:45:04.002+0000] {processor.py:179} INFO - Processing /home/airflow/.local/lib/python3.8/site-packages/airflow/example_dags/example_dynamic_task_mapping.py took 0.076 seconds
[2024-05-11T21:45:34.128+0000] {processor.py:157} INFO - Started process (PID=428) to work on /home/airflow/.local/lib/python3.8/site-packages/airflow/example_dags/example_dynamic_task_mapping.py
[2024-05-11T21:45:34.129+0000] {processor.py:829} INFO - Processing file /home/airflow/.local/lib/python3.8/site-packages/airflow/example_dags/example_dynamic_task_mapping.py for tasks to queue
[2024-05-11T21:45:34.131+0000] {logging_mixin.py:154} INFO - [2024-05-11T21:45:34.131+0000] {dagbag.py:536} INFO - Filling up the DagBag from /home/airflow/.local/lib/python3.8/site-packages/airflow/example_dags/example_dynamic_task_mapping.py
[2024-05-11T21:45:34.138+0000] {processor.py:839} INFO - DAG(s) dict_keys(['example_dynamic_task_mapping']) retrieved from /home/airflow/.local/lib/python3.8/site-packages/airflow/example_dags/example_dynamic_task_mapping.py
[2024-05-11T21:45:34.162+0000] {logging_mixin.py:154} INFO - [2024-05-11T21:45:34.162+0000] {dag.py:2941} INFO - Sync 1 DAGs
[2024-05-11T21:45:34.180+0000] {logging_mixin.py:154} INFO - [2024-05-11T21:45:34.180+0000] {dag.py:3722} INFO - Setting next_dagrun for example_dynamic_task_mapping to 2022-03-04T00:00:00+00:00, run_after=2022-03-05T00:00:00+00:00
[2024-05-11T21:45:34.198+0000] {processor.py:179} INFO - Processing /home/airflow/.local/lib/python3.8/site-packages/airflow/example_dags/example_dynamic_task_mapping.py took 0.073 seconds
[2024-05-11T21:46:04.355+0000] {processor.py:157} INFO - Started process (PID=483) to work on /home/airflow/.local/lib/python3.8/site-packages/airflow/example_dags/example_dynamic_task_mapping.py
[2024-05-11T21:46:04.356+0000] {processor.py:829} INFO - Processing file /home/airflow/.local/lib/python3.8/site-packages/airflow/example_dags/example_dynamic_task_mapping.py for tasks to queue
[2024-05-11T21:46:04.359+0000] {logging_mixin.py:154} INFO - [2024-05-11T21:46:04.359+0000] {dagbag.py:536} INFO - Filling up the DagBag from /home/airflow/.local/lib/python3.8/site-packages/airflow/example_dags/example_dynamic_task_mapping.py
[2024-05-11T21:46:04.367+0000] {processor.py:839} INFO - DAG(s) dict_keys(['example_dynamic_task_mapping']) retrieved from /home/airflow/.local/lib/python3.8/site-packages/airflow/example_dags/example_dynamic_task_mapping.py
[2024-05-11T21:46:04.398+0000] {logging_mixin.py:154} INFO - [2024-05-11T21:46:04.397+0000] {dag.py:2941} INFO - Sync 1 DAGs
[2024-05-11T21:46:04.420+0000] {logging_mixin.py:154} INFO - [2024-05-11T21:46:04.420+0000] {dag.py:3722} INFO - Setting next_dagrun for example_dynamic_task_mapping to 2022-03-04T00:00:00+00:00, run_after=2022-03-05T00:00:00+00:00
[2024-05-11T21:46:04.436+0000] {processor.py:179} INFO - Processing /home/airflow/.local/lib/python3.8/site-packages/airflow/example_dags/example_dynamic_task_mapping.py took 0.085 seconds
[2024-05-11T21:46:34.878+0000] {processor.py:157} INFO - Started process (PID=538) to work on /home/airflow/.local/lib/python3.8/site-packages/airflow/example_dags/example_dynamic_task_mapping.py
[2024-05-11T21:46:34.880+0000] {processor.py:829} INFO - Processing file /home/airflow/.local/lib/python3.8/site-packages/airflow/example_dags/example_dynamic_task_mapping.py for tasks to queue
[2024-05-11T21:46:34.884+0000] {logging_mixin.py:154} INFO - [2024-05-11T21:46:34.883+0000] {dagbag.py:536} INFO - Filling up the DagBag from /home/airflow/.local/lib/python3.8/site-packages/airflow/example_dags/example_dynamic_task_mapping.py
[2024-05-11T21:46:34.894+0000] {processor.py:839} INFO - DAG(s) dict_keys(['example_dynamic_task_mapping']) retrieved from /home/airflow/.local/lib/python3.8/site-packages/airflow/example_dags/example_dynamic_task_mapping.py
[2024-05-11T21:46:34.951+0000] {logging_mixin.py:154} INFO - [2024-05-11T21:46:34.951+0000] {dag.py:2941} INFO - Sync 1 DAGs
[2024-05-11T21:46:34.981+0000] {logging_mixin.py:154} INFO - [2024-05-11T21:46:34.981+0000] {dag.py:3722} INFO - Setting next_dagrun for example_dynamic_task_mapping to 2022-03-04T00:00:00+00:00, run_after=2022-03-05T00:00:00+00:00
[2024-05-11T21:46:34.997+0000] {processor.py:179} INFO - Processing /home/airflow/.local/lib/python3.8/site-packages/airflow/example_dags/example_dynamic_task_mapping.py took 0.126 seconds
[2024-05-11T21:47:05.312+0000] {processor.py:157} INFO - Started process (PID=593) to work on /home/airflow/.local/lib/python3.8/site-packages/airflow/example_dags/example_dynamic_task_mapping.py
[2024-05-11T21:47:05.314+0000] {processor.py:829} INFO - Processing file /home/airflow/.local/lib/python3.8/site-packages/airflow/example_dags/example_dynamic_task_mapping.py for tasks to queue
[2024-05-11T21:47:05.317+0000] {logging_mixin.py:154} INFO - [2024-05-11T21:47:05.317+0000] {dagbag.py:536} INFO - Filling up the DagBag from /home/airflow/.local/lib/python3.8/site-packages/airflow/example_dags/example_dynamic_task_mapping.py
[2024-05-11T21:47:05.328+0000] {processor.py:839} INFO - DAG(s) dict_keys(['example_dynamic_task_mapping']) retrieved from /home/airflow/.local/lib/python3.8/site-packages/airflow/example_dags/example_dynamic_task_mapping.py
[2024-05-11T21:47:05.351+0000] {logging_mixin.py:154} INFO - [2024-05-11T21:47:05.351+0000] {dag.py:2941} INFO - Sync 1 DAGs
[2024-05-11T21:47:05.369+0000] {logging_mixin.py:154} INFO - [2024-05-11T21:47:05.369+0000] {dag.py:3722} INFO - Setting next_dagrun for example_dynamic_task_mapping to 2022-03-04T00:00:00+00:00, run_after=2022-03-05T00:00:00+00:00
[2024-05-11T21:47:05.382+0000] {processor.py:179} INFO - Processing /home/airflow/.local/lib/python3.8/site-packages/airflow/example_dags/example_dynamic_task_mapping.py took 0.073 seconds
