[2024-05-11T21:03:20.198+0000] {processor.py:157} INFO - Started process (PID=55) to work on /home/airflow/.local/lib/python3.8/site-packages/airflow/example_dags/example_kubernetes_executor.py
[2024-05-11T21:03:20.200+0000] {processor.py:829} INFO - Processing file /home/airflow/.local/lib/python3.8/site-packages/airflow/example_dags/example_kubernetes_executor.py for tasks to queue
[2024-05-11T21:03:20.202+0000] {logging_mixin.py:154} INFO - [2024-05-11T21:03:20.202+0000] {dagbag.py:536} INFO - Filling up the DagBag from /home/airflow/.local/lib/python3.8/site-packages/airflow/example_dags/example_kubernetes_executor.py
[2024-05-11T21:03:20.229+0000] {processor.py:839} INFO - DAG(s) dict_keys(['example_kubernetes_executor']) retrieved from /home/airflow/.local/lib/python3.8/site-packages/airflow/example_dags/example_kubernetes_executor.py
[2024-05-11T21:03:20.313+0000] {logging_mixin.py:154} INFO - [2024-05-11T21:03:20.313+0000] {manager.py:499} INFO - Created Permission View: %s
[2024-05-11T21:03:20.325+0000] {logging_mixin.py:154} INFO - [2024-05-11T21:03:20.325+0000] {manager.py:499} INFO - Created Permission View: %s
[2024-05-11T21:03:20.329+0000] {logging_mixin.py:154} INFO - [2024-05-11T21:03:20.329+0000] {manager.py:499} INFO - Created Permission View: %s
[2024-05-11T21:03:20.330+0000] {logging_mixin.py:154} INFO - [2024-05-11T21:03:20.330+0000] {dag.py:2941} INFO - Sync 1 DAGs
[2024-05-11T21:03:20.338+0000] {logging_mixin.py:154} INFO - [2024-05-11T21:03:20.337+0000] {dag.py:2963} INFO - Creating ORM DAG for example_kubernetes_executor
[2024-05-11T21:03:20.339+0000] {logging_mixin.py:154} INFO - [2024-05-11T21:03:20.338+0000] {dag.py:3722} INFO - Setting next_dagrun for example_kubernetes_executor to None, run_after=None
[2024-05-11T21:03:20.348+0000] {processor.py:179} INFO - Processing /home/airflow/.local/lib/python3.8/site-packages/airflow/example_dags/example_kubernetes_executor.py took 0.154 seconds
[2024-05-11T21:03:50.449+0000] {processor.py:157} INFO - Started process (PID=110) to work on /home/airflow/.local/lib/python3.8/site-packages/airflow/example_dags/example_kubernetes_executor.py
[2024-05-11T21:03:50.451+0000] {processor.py:829} INFO - Processing file /home/airflow/.local/lib/python3.8/site-packages/airflow/example_dags/example_kubernetes_executor.py for tasks to queue
[2024-05-11T21:03:50.453+0000] {logging_mixin.py:154} INFO - [2024-05-11T21:03:50.453+0000] {dagbag.py:536} INFO - Filling up the DagBag from /home/airflow/.local/lib/python3.8/site-packages/airflow/example_dags/example_kubernetes_executor.py
[2024-05-11T21:03:50.462+0000] {processor.py:839} INFO - DAG(s) dict_keys(['example_kubernetes_executor']) retrieved from /home/airflow/.local/lib/python3.8/site-packages/airflow/example_dags/example_kubernetes_executor.py
[2024-05-11T21:03:50.490+0000] {logging_mixin.py:154} INFO - [2024-05-11T21:03:50.490+0000] {dag.py:2941} INFO - Sync 1 DAGs
[2024-05-11T21:03:50.501+0000] {logging_mixin.py:154} INFO - [2024-05-11T21:03:50.500+0000] {dag.py:3722} INFO - Setting next_dagrun for example_kubernetes_executor to None, run_after=None
[2024-05-11T21:03:50.518+0000] {processor.py:179} INFO - Processing /home/airflow/.local/lib/python3.8/site-packages/airflow/example_dags/example_kubernetes_executor.py took 0.072 seconds
[2024-05-11T21:04:20.922+0000] {processor.py:157} INFO - Started process (PID=164) to work on /home/airflow/.local/lib/python3.8/site-packages/airflow/example_dags/example_kubernetes_executor.py
[2024-05-11T21:04:20.924+0000] {processor.py:829} INFO - Processing file /home/airflow/.local/lib/python3.8/site-packages/airflow/example_dags/example_kubernetes_executor.py for tasks to queue
[2024-05-11T21:04:20.926+0000] {logging_mixin.py:154} INFO - [2024-05-11T21:04:20.925+0000] {dagbag.py:536} INFO - Filling up the DagBag from /home/airflow/.local/lib/python3.8/site-packages/airflow/example_dags/example_kubernetes_executor.py
[2024-05-11T21:04:20.935+0000] {processor.py:839} INFO - DAG(s) dict_keys(['example_kubernetes_executor']) retrieved from /home/airflow/.local/lib/python3.8/site-packages/airflow/example_dags/example_kubernetes_executor.py
[2024-05-11T21:04:20.962+0000] {logging_mixin.py:154} INFO - [2024-05-11T21:04:20.962+0000] {dag.py:2941} INFO - Sync 1 DAGs
[2024-05-11T21:04:20.970+0000] {logging_mixin.py:154} INFO - [2024-05-11T21:04:20.970+0000] {dag.py:3722} INFO - Setting next_dagrun for example_kubernetes_executor to None, run_after=None
[2024-05-11T21:04:20.981+0000] {processor.py:179} INFO - Processing /home/airflow/.local/lib/python3.8/site-packages/airflow/example_dags/example_kubernetes_executor.py took 0.062 seconds
[2024-05-11T21:04:51.242+0000] {processor.py:157} INFO - Started process (PID=219) to work on /home/airflow/.local/lib/python3.8/site-packages/airflow/example_dags/example_kubernetes_executor.py
[2024-05-11T21:04:51.243+0000] {processor.py:829} INFO - Processing file /home/airflow/.local/lib/python3.8/site-packages/airflow/example_dags/example_kubernetes_executor.py for tasks to queue
[2024-05-11T21:04:51.245+0000] {logging_mixin.py:154} INFO - [2024-05-11T21:04:51.245+0000] {dagbag.py:536} INFO - Filling up the DagBag from /home/airflow/.local/lib/python3.8/site-packages/airflow/example_dags/example_kubernetes_executor.py
[2024-05-11T21:04:51.255+0000] {processor.py:839} INFO - DAG(s) dict_keys(['example_kubernetes_executor']) retrieved from /home/airflow/.local/lib/python3.8/site-packages/airflow/example_dags/example_kubernetes_executor.py
[2024-05-11T21:04:51.282+0000] {logging_mixin.py:154} INFO - [2024-05-11T21:04:51.281+0000] {dag.py:2941} INFO - Sync 1 DAGs
[2024-05-11T21:04:51.289+0000] {logging_mixin.py:154} INFO - [2024-05-11T21:04:51.289+0000] {dag.py:3722} INFO - Setting next_dagrun for example_kubernetes_executor to None, run_after=None
[2024-05-11T21:04:51.299+0000] {processor.py:179} INFO - Processing /home/airflow/.local/lib/python3.8/site-packages/airflow/example_dags/example_kubernetes_executor.py took 0.060 seconds
[2024-05-11T21:05:43.147+0000] {processor.py:157} INFO - Started process (PID=56) to work on /home/airflow/.local/lib/python3.8/site-packages/airflow/example_dags/example_kubernetes_executor.py
[2024-05-11T21:05:43.149+0000] {processor.py:829} INFO - Processing file /home/airflow/.local/lib/python3.8/site-packages/airflow/example_dags/example_kubernetes_executor.py for tasks to queue
[2024-05-11T21:05:43.154+0000] {logging_mixin.py:154} INFO - [2024-05-11T21:05:43.153+0000] {dagbag.py:536} INFO - Filling up the DagBag from /home/airflow/.local/lib/python3.8/site-packages/airflow/example_dags/example_kubernetes_executor.py
[2024-05-11T21:05:43.174+0000] {processor.py:839} INFO - DAG(s) dict_keys(['example_kubernetes_executor']) retrieved from /home/airflow/.local/lib/python3.8/site-packages/airflow/example_dags/example_kubernetes_executor.py
[2024-05-11T21:05:43.207+0000] {logging_mixin.py:154} INFO - [2024-05-11T21:05:43.207+0000] {dag.py:2941} INFO - Sync 1 DAGs
[2024-05-11T21:05:43.223+0000] {logging_mixin.py:154} INFO - [2024-05-11T21:05:43.223+0000] {dag.py:3722} INFO - Setting next_dagrun for example_kubernetes_executor to None, run_after=None
[2024-05-11T21:05:43.259+0000] {processor.py:179} INFO - Processing /home/airflow/.local/lib/python3.8/site-packages/airflow/example_dags/example_kubernetes_executor.py took 0.119 seconds
[2024-05-11T21:06:13.996+0000] {processor.py:157} INFO - Started process (PID=111) to work on /home/airflow/.local/lib/python3.8/site-packages/airflow/example_dags/example_kubernetes_executor.py
[2024-05-11T21:06:13.997+0000] {processor.py:829} INFO - Processing file /home/airflow/.local/lib/python3.8/site-packages/airflow/example_dags/example_kubernetes_executor.py for tasks to queue
[2024-05-11T21:06:14.000+0000] {logging_mixin.py:154} INFO - [2024-05-11T21:06:14.000+0000] {dagbag.py:536} INFO - Filling up the DagBag from /home/airflow/.local/lib/python3.8/site-packages/airflow/example_dags/example_kubernetes_executor.py
[2024-05-11T21:06:14.011+0000] {processor.py:839} INFO - DAG(s) dict_keys(['example_kubernetes_executor']) retrieved from /home/airflow/.local/lib/python3.8/site-packages/airflow/example_dags/example_kubernetes_executor.py
[2024-05-11T21:06:14.048+0000] {logging_mixin.py:154} INFO - [2024-05-11T21:06:14.048+0000] {dag.py:2941} INFO - Sync 1 DAGs
[2024-05-11T21:06:14.056+0000] {logging_mixin.py:154} INFO - [2024-05-11T21:06:14.056+0000] {dag.py:3722} INFO - Setting next_dagrun for example_kubernetes_executor to None, run_after=None
[2024-05-11T21:06:14.067+0000] {processor.py:179} INFO - Processing /home/airflow/.local/lib/python3.8/site-packages/airflow/example_dags/example_kubernetes_executor.py took 0.074 seconds
[2024-05-11T21:06:44.340+0000] {processor.py:157} INFO - Started process (PID=166) to work on /home/airflow/.local/lib/python3.8/site-packages/airflow/example_dags/example_kubernetes_executor.py
[2024-05-11T21:06:44.341+0000] {processor.py:829} INFO - Processing file /home/airflow/.local/lib/python3.8/site-packages/airflow/example_dags/example_kubernetes_executor.py for tasks to queue
[2024-05-11T21:06:44.343+0000] {logging_mixin.py:154} INFO - [2024-05-11T21:06:44.343+0000] {dagbag.py:536} INFO - Filling up the DagBag from /home/airflow/.local/lib/python3.8/site-packages/airflow/example_dags/example_kubernetes_executor.py
[2024-05-11T21:06:44.353+0000] {processor.py:839} INFO - DAG(s) dict_keys(['example_kubernetes_executor']) retrieved from /home/airflow/.local/lib/python3.8/site-packages/airflow/example_dags/example_kubernetes_executor.py
[2024-05-11T21:06:44.380+0000] {logging_mixin.py:154} INFO - [2024-05-11T21:06:44.380+0000] {dag.py:2941} INFO - Sync 1 DAGs
[2024-05-11T21:06:44.387+0000] {logging_mixin.py:154} INFO - [2024-05-11T21:06:44.387+0000] {dag.py:3722} INFO - Setting next_dagrun for example_kubernetes_executor to None, run_after=None
[2024-05-11T21:06:44.399+0000] {processor.py:179} INFO - Processing /home/airflow/.local/lib/python3.8/site-packages/airflow/example_dags/example_kubernetes_executor.py took 0.061 seconds
[2024-05-11T21:07:14.568+0000] {processor.py:157} INFO - Started process (PID=221) to work on /home/airflow/.local/lib/python3.8/site-packages/airflow/example_dags/example_kubernetes_executor.py
[2024-05-11T21:07:14.569+0000] {processor.py:829} INFO - Processing file /home/airflow/.local/lib/python3.8/site-packages/airflow/example_dags/example_kubernetes_executor.py for tasks to queue
[2024-05-11T21:07:14.571+0000] {logging_mixin.py:154} INFO - [2024-05-11T21:07:14.571+0000] {dagbag.py:536} INFO - Filling up the DagBag from /home/airflow/.local/lib/python3.8/site-packages/airflow/example_dags/example_kubernetes_executor.py
[2024-05-11T21:07:14.580+0000] {processor.py:839} INFO - DAG(s) dict_keys(['example_kubernetes_executor']) retrieved from /home/airflow/.local/lib/python3.8/site-packages/airflow/example_dags/example_kubernetes_executor.py
[2024-05-11T21:07:14.612+0000] {logging_mixin.py:154} INFO - [2024-05-11T21:07:14.612+0000] {dag.py:2941} INFO - Sync 1 DAGs
[2024-05-11T21:07:14.619+0000] {logging_mixin.py:154} INFO - [2024-05-11T21:07:14.619+0000] {dag.py:3722} INFO - Setting next_dagrun for example_kubernetes_executor to None, run_after=None
[2024-05-11T21:07:14.631+0000] {processor.py:179} INFO - Processing /home/airflow/.local/lib/python3.8/site-packages/airflow/example_dags/example_kubernetes_executor.py took 0.066 seconds
[2024-05-11T21:07:44.875+0000] {processor.py:157} INFO - Started process (PID=280) to work on /home/airflow/.local/lib/python3.8/site-packages/airflow/example_dags/example_kubernetes_executor.py
[2024-05-11T21:07:44.877+0000] {processor.py:829} INFO - Processing file /home/airflow/.local/lib/python3.8/site-packages/airflow/example_dags/example_kubernetes_executor.py for tasks to queue
[2024-05-11T21:07:44.878+0000] {logging_mixin.py:154} INFO - [2024-05-11T21:07:44.878+0000] {dagbag.py:536} INFO - Filling up the DagBag from /home/airflow/.local/lib/python3.8/site-packages/airflow/example_dags/example_kubernetes_executor.py
[2024-05-11T21:07:44.887+0000] {processor.py:839} INFO - DAG(s) dict_keys(['example_kubernetes_executor']) retrieved from /home/airflow/.local/lib/python3.8/site-packages/airflow/example_dags/example_kubernetes_executor.py
[2024-05-11T21:07:44.913+0000] {logging_mixin.py:154} INFO - [2024-05-11T21:07:44.912+0000] {dag.py:2941} INFO - Sync 1 DAGs
[2024-05-11T21:07:44.920+0000] {logging_mixin.py:154} INFO - [2024-05-11T21:07:44.920+0000] {dag.py:3722} INFO - Setting next_dagrun for example_kubernetes_executor to None, run_after=None
[2024-05-11T21:07:44.929+0000] {processor.py:179} INFO - Processing /home/airflow/.local/lib/python3.8/site-packages/airflow/example_dags/example_kubernetes_executor.py took 0.057 seconds
[2024-05-11T21:08:15.132+0000] {processor.py:157} INFO - Started process (PID=335) to work on /home/airflow/.local/lib/python3.8/site-packages/airflow/example_dags/example_kubernetes_executor.py
[2024-05-11T21:08:15.133+0000] {processor.py:829} INFO - Processing file /home/airflow/.local/lib/python3.8/site-packages/airflow/example_dags/example_kubernetes_executor.py for tasks to queue
[2024-05-11T21:08:15.135+0000] {logging_mixin.py:154} INFO - [2024-05-11T21:08:15.135+0000] {dagbag.py:536} INFO - Filling up the DagBag from /home/airflow/.local/lib/python3.8/site-packages/airflow/example_dags/example_kubernetes_executor.py
[2024-05-11T21:08:15.144+0000] {processor.py:839} INFO - DAG(s) dict_keys(['example_kubernetes_executor']) retrieved from /home/airflow/.local/lib/python3.8/site-packages/airflow/example_dags/example_kubernetes_executor.py
[2024-05-11T21:08:15.170+0000] {logging_mixin.py:154} INFO - [2024-05-11T21:08:15.170+0000] {dag.py:2941} INFO - Sync 1 DAGs
[2024-05-11T21:08:15.178+0000] {logging_mixin.py:154} INFO - [2024-05-11T21:08:15.178+0000] {dag.py:3722} INFO - Setting next_dagrun for example_kubernetes_executor to None, run_after=None
[2024-05-11T21:08:15.189+0000] {processor.py:179} INFO - Processing /home/airflow/.local/lib/python3.8/site-packages/airflow/example_dags/example_kubernetes_executor.py took 0.060 seconds
[2024-05-11T21:08:45.362+0000] {processor.py:157} INFO - Started process (PID=390) to work on /home/airflow/.local/lib/python3.8/site-packages/airflow/example_dags/example_kubernetes_executor.py
[2024-05-11T21:08:45.363+0000] {processor.py:829} INFO - Processing file /home/airflow/.local/lib/python3.8/site-packages/airflow/example_dags/example_kubernetes_executor.py for tasks to queue
[2024-05-11T21:08:45.366+0000] {logging_mixin.py:154} INFO - [2024-05-11T21:08:45.365+0000] {dagbag.py:536} INFO - Filling up the DagBag from /home/airflow/.local/lib/python3.8/site-packages/airflow/example_dags/example_kubernetes_executor.py
[2024-05-11T21:08:45.375+0000] {processor.py:839} INFO - DAG(s) dict_keys(['example_kubernetes_executor']) retrieved from /home/airflow/.local/lib/python3.8/site-packages/airflow/example_dags/example_kubernetes_executor.py
[2024-05-11T21:08:45.403+0000] {logging_mixin.py:154} INFO - [2024-05-11T21:08:45.403+0000] {dag.py:2941} INFO - Sync 1 DAGs
[2024-05-11T21:08:45.412+0000] {logging_mixin.py:154} INFO - [2024-05-11T21:08:45.412+0000] {dag.py:3722} INFO - Setting next_dagrun for example_kubernetes_executor to None, run_after=None
[2024-05-11T21:08:45.426+0000] {processor.py:179} INFO - Processing /home/airflow/.local/lib/python3.8/site-packages/airflow/example_dags/example_kubernetes_executor.py took 0.067 seconds
[2024-05-11T21:09:15.832+0000] {processor.py:157} INFO - Started process (PID=444) to work on /home/airflow/.local/lib/python3.8/site-packages/airflow/example_dags/example_kubernetes_executor.py
[2024-05-11T21:09:15.834+0000] {processor.py:829} INFO - Processing file /home/airflow/.local/lib/python3.8/site-packages/airflow/example_dags/example_kubernetes_executor.py for tasks to queue
[2024-05-11T21:09:15.836+0000] {logging_mixin.py:154} INFO - [2024-05-11T21:09:15.835+0000] {dagbag.py:536} INFO - Filling up the DagBag from /home/airflow/.local/lib/python3.8/site-packages/airflow/example_dags/example_kubernetes_executor.py
[2024-05-11T21:09:15.845+0000] {processor.py:839} INFO - DAG(s) dict_keys(['example_kubernetes_executor']) retrieved from /home/airflow/.local/lib/python3.8/site-packages/airflow/example_dags/example_kubernetes_executor.py
[2024-05-11T21:09:15.872+0000] {logging_mixin.py:154} INFO - [2024-05-11T21:09:15.872+0000] {dag.py:2941} INFO - Sync 1 DAGs
[2024-05-11T21:09:15.880+0000] {logging_mixin.py:154} INFO - [2024-05-11T21:09:15.880+0000] {dag.py:3722} INFO - Setting next_dagrun for example_kubernetes_executor to None, run_after=None
[2024-05-11T21:09:15.890+0000] {processor.py:179} INFO - Processing /home/airflow/.local/lib/python3.8/site-packages/airflow/example_dags/example_kubernetes_executor.py took 0.060 seconds
[2024-05-11T21:09:46.151+0000] {processor.py:157} INFO - Started process (PID=499) to work on /home/airflow/.local/lib/python3.8/site-packages/airflow/example_dags/example_kubernetes_executor.py
[2024-05-11T21:09:46.152+0000] {processor.py:829} INFO - Processing file /home/airflow/.local/lib/python3.8/site-packages/airflow/example_dags/example_kubernetes_executor.py for tasks to queue
[2024-05-11T21:09:46.154+0000] {logging_mixin.py:154} INFO - [2024-05-11T21:09:46.154+0000] {dagbag.py:536} INFO - Filling up the DagBag from /home/airflow/.local/lib/python3.8/site-packages/airflow/example_dags/example_kubernetes_executor.py
[2024-05-11T21:09:46.163+0000] {processor.py:839} INFO - DAG(s) dict_keys(['example_kubernetes_executor']) retrieved from /home/airflow/.local/lib/python3.8/site-packages/airflow/example_dags/example_kubernetes_executor.py
[2024-05-11T21:09:46.189+0000] {logging_mixin.py:154} INFO - [2024-05-11T21:09:46.189+0000] {dag.py:2941} INFO - Sync 1 DAGs
[2024-05-11T21:09:46.197+0000] {logging_mixin.py:154} INFO - [2024-05-11T21:09:46.197+0000] {dag.py:3722} INFO - Setting next_dagrun for example_kubernetes_executor to None, run_after=None
[2024-05-11T21:09:46.208+0000] {processor.py:179} INFO - Processing /home/airflow/.local/lib/python3.8/site-packages/airflow/example_dags/example_kubernetes_executor.py took 0.060 seconds
[2024-05-11T21:10:16.329+0000] {processor.py:157} INFO - Started process (PID=553) to work on /home/airflow/.local/lib/python3.8/site-packages/airflow/example_dags/example_kubernetes_executor.py
[2024-05-11T21:10:16.330+0000] {processor.py:829} INFO - Processing file /home/airflow/.local/lib/python3.8/site-packages/airflow/example_dags/example_kubernetes_executor.py for tasks to queue
[2024-05-11T21:10:16.332+0000] {logging_mixin.py:154} INFO - [2024-05-11T21:10:16.332+0000] {dagbag.py:536} INFO - Filling up the DagBag from /home/airflow/.local/lib/python3.8/site-packages/airflow/example_dags/example_kubernetes_executor.py
[2024-05-11T21:10:16.341+0000] {processor.py:839} INFO - DAG(s) dict_keys(['example_kubernetes_executor']) retrieved from /home/airflow/.local/lib/python3.8/site-packages/airflow/example_dags/example_kubernetes_executor.py
[2024-05-11T21:10:16.367+0000] {logging_mixin.py:154} INFO - [2024-05-11T21:10:16.367+0000] {dag.py:2941} INFO - Sync 1 DAGs
[2024-05-11T21:10:16.374+0000] {logging_mixin.py:154} INFO - [2024-05-11T21:10:16.374+0000] {dag.py:3722} INFO - Setting next_dagrun for example_kubernetes_executor to None, run_after=None
[2024-05-11T21:10:16.386+0000] {processor.py:179} INFO - Processing /home/airflow/.local/lib/python3.8/site-packages/airflow/example_dags/example_kubernetes_executor.py took 0.059 seconds
[2024-05-11T21:10:46.727+0000] {processor.py:157} INFO - Started process (PID=608) to work on /home/airflow/.local/lib/python3.8/site-packages/airflow/example_dags/example_kubernetes_executor.py
[2024-05-11T21:10:46.728+0000] {processor.py:829} INFO - Processing file /home/airflow/.local/lib/python3.8/site-packages/airflow/example_dags/example_kubernetes_executor.py for tasks to queue
[2024-05-11T21:10:46.730+0000] {logging_mixin.py:154} INFO - [2024-05-11T21:10:46.730+0000] {dagbag.py:536} INFO - Filling up the DagBag from /home/airflow/.local/lib/python3.8/site-packages/airflow/example_dags/example_kubernetes_executor.py
[2024-05-11T21:10:46.740+0000] {processor.py:839} INFO - DAG(s) dict_keys(['example_kubernetes_executor']) retrieved from /home/airflow/.local/lib/python3.8/site-packages/airflow/example_dags/example_kubernetes_executor.py
[2024-05-11T21:10:46.766+0000] {logging_mixin.py:154} INFO - [2024-05-11T21:10:46.766+0000] {dag.py:2941} INFO - Sync 1 DAGs
[2024-05-11T21:10:46.774+0000] {logging_mixin.py:154} INFO - [2024-05-11T21:10:46.774+0000] {dag.py:3722} INFO - Setting next_dagrun for example_kubernetes_executor to None, run_after=None
[2024-05-11T21:10:46.784+0000] {processor.py:179} INFO - Processing /home/airflow/.local/lib/python3.8/site-packages/airflow/example_dags/example_kubernetes_executor.py took 0.060 seconds
[2024-05-11T21:11:17.070+0000] {processor.py:157} INFO - Started process (PID=663) to work on /home/airflow/.local/lib/python3.8/site-packages/airflow/example_dags/example_kubernetes_executor.py
[2024-05-11T21:11:17.071+0000] {processor.py:829} INFO - Processing file /home/airflow/.local/lib/python3.8/site-packages/airflow/example_dags/example_kubernetes_executor.py for tasks to queue
[2024-05-11T21:11:17.073+0000] {logging_mixin.py:154} INFO - [2024-05-11T21:11:17.073+0000] {dagbag.py:536} INFO - Filling up the DagBag from /home/airflow/.local/lib/python3.8/site-packages/airflow/example_dags/example_kubernetes_executor.py
[2024-05-11T21:11:17.082+0000] {processor.py:839} INFO - DAG(s) dict_keys(['example_kubernetes_executor']) retrieved from /home/airflow/.local/lib/python3.8/site-packages/airflow/example_dags/example_kubernetes_executor.py
[2024-05-11T21:11:17.108+0000] {logging_mixin.py:154} INFO - [2024-05-11T21:11:17.108+0000] {dag.py:2941} INFO - Sync 1 DAGs
[2024-05-11T21:11:17.116+0000] {logging_mixin.py:154} INFO - [2024-05-11T21:11:17.116+0000] {dag.py:3722} INFO - Setting next_dagrun for example_kubernetes_executor to None, run_after=None
[2024-05-11T21:11:17.125+0000] {processor.py:179} INFO - Processing /home/airflow/.local/lib/python3.8/site-packages/airflow/example_dags/example_kubernetes_executor.py took 0.058 seconds
[2024-05-11T21:11:47.285+0000] {processor.py:157} INFO - Started process (PID=718) to work on /home/airflow/.local/lib/python3.8/site-packages/airflow/example_dags/example_kubernetes_executor.py
[2024-05-11T21:11:47.287+0000] {processor.py:829} INFO - Processing file /home/airflow/.local/lib/python3.8/site-packages/airflow/example_dags/example_kubernetes_executor.py for tasks to queue
[2024-05-11T21:11:47.289+0000] {logging_mixin.py:154} INFO - [2024-05-11T21:11:47.288+0000] {dagbag.py:536} INFO - Filling up the DagBag from /home/airflow/.local/lib/python3.8/site-packages/airflow/example_dags/example_kubernetes_executor.py
[2024-05-11T21:11:47.298+0000] {processor.py:839} INFO - DAG(s) dict_keys(['example_kubernetes_executor']) retrieved from /home/airflow/.local/lib/python3.8/site-packages/airflow/example_dags/example_kubernetes_executor.py
[2024-05-11T21:11:47.324+0000] {logging_mixin.py:154} INFO - [2024-05-11T21:11:47.324+0000] {dag.py:2941} INFO - Sync 1 DAGs
[2024-05-11T21:11:47.331+0000] {logging_mixin.py:154} INFO - [2024-05-11T21:11:47.331+0000] {dag.py:3722} INFO - Setting next_dagrun for example_kubernetes_executor to None, run_after=None
[2024-05-11T21:11:47.341+0000] {processor.py:179} INFO - Processing /home/airflow/.local/lib/python3.8/site-packages/airflow/example_dags/example_kubernetes_executor.py took 0.059 seconds
[2024-05-11T21:12:17.570+0000] {processor.py:157} INFO - Started process (PID=774) to work on /home/airflow/.local/lib/python3.8/site-packages/airflow/example_dags/example_kubernetes_executor.py
[2024-05-11T21:12:17.571+0000] {processor.py:829} INFO - Processing file /home/airflow/.local/lib/python3.8/site-packages/airflow/example_dags/example_kubernetes_executor.py for tasks to queue
[2024-05-11T21:12:17.573+0000] {logging_mixin.py:154} INFO - [2024-05-11T21:12:17.572+0000] {dagbag.py:536} INFO - Filling up the DagBag from /home/airflow/.local/lib/python3.8/site-packages/airflow/example_dags/example_kubernetes_executor.py
[2024-05-11T21:12:17.582+0000] {processor.py:839} INFO - DAG(s) dict_keys(['example_kubernetes_executor']) retrieved from /home/airflow/.local/lib/python3.8/site-packages/airflow/example_dags/example_kubernetes_executor.py
[2024-05-11T21:12:17.608+0000] {logging_mixin.py:154} INFO - [2024-05-11T21:12:17.608+0000] {dag.py:2941} INFO - Sync 1 DAGs
[2024-05-11T21:12:17.616+0000] {logging_mixin.py:154} INFO - [2024-05-11T21:12:17.616+0000] {dag.py:3722} INFO - Setting next_dagrun for example_kubernetes_executor to None, run_after=None
[2024-05-11T21:12:17.628+0000] {processor.py:179} INFO - Processing /home/airflow/.local/lib/python3.8/site-packages/airflow/example_dags/example_kubernetes_executor.py took 0.061 seconds
[2024-05-11T21:12:47.955+0000] {processor.py:157} INFO - Started process (PID=829) to work on /home/airflow/.local/lib/python3.8/site-packages/airflow/example_dags/example_kubernetes_executor.py
[2024-05-11T21:12:47.956+0000] {processor.py:829} INFO - Processing file /home/airflow/.local/lib/python3.8/site-packages/airflow/example_dags/example_kubernetes_executor.py for tasks to queue
[2024-05-11T21:12:47.959+0000] {logging_mixin.py:154} INFO - [2024-05-11T21:12:47.958+0000] {dagbag.py:536} INFO - Filling up the DagBag from /home/airflow/.local/lib/python3.8/site-packages/airflow/example_dags/example_kubernetes_executor.py
[2024-05-11T21:12:47.969+0000] {processor.py:839} INFO - DAG(s) dict_keys(['example_kubernetes_executor']) retrieved from /home/airflow/.local/lib/python3.8/site-packages/airflow/example_dags/example_kubernetes_executor.py
[2024-05-11T21:12:47.999+0000] {logging_mixin.py:154} INFO - [2024-05-11T21:12:47.998+0000] {dag.py:2941} INFO - Sync 1 DAGs
[2024-05-11T21:12:48.007+0000] {logging_mixin.py:154} INFO - [2024-05-11T21:12:48.007+0000] {dag.py:3722} INFO - Setting next_dagrun for example_kubernetes_executor to None, run_after=None
[2024-05-11T21:12:48.018+0000] {processor.py:179} INFO - Processing /home/airflow/.local/lib/python3.8/site-packages/airflow/example_dags/example_kubernetes_executor.py took 0.066 seconds
[2024-05-11T21:13:18.331+0000] {processor.py:157} INFO - Started process (PID=884) to work on /home/airflow/.local/lib/python3.8/site-packages/airflow/example_dags/example_kubernetes_executor.py
[2024-05-11T21:13:18.333+0000] {processor.py:829} INFO - Processing file /home/airflow/.local/lib/python3.8/site-packages/airflow/example_dags/example_kubernetes_executor.py for tasks to queue
[2024-05-11T21:13:18.335+0000] {logging_mixin.py:154} INFO - [2024-05-11T21:13:18.334+0000] {dagbag.py:536} INFO - Filling up the DagBag from /home/airflow/.local/lib/python3.8/site-packages/airflow/example_dags/example_kubernetes_executor.py
[2024-05-11T21:13:18.344+0000] {processor.py:839} INFO - DAG(s) dict_keys(['example_kubernetes_executor']) retrieved from /home/airflow/.local/lib/python3.8/site-packages/airflow/example_dags/example_kubernetes_executor.py
[2024-05-11T21:13:18.370+0000] {logging_mixin.py:154} INFO - [2024-05-11T21:13:18.369+0000] {dag.py:2941} INFO - Sync 1 DAGs
[2024-05-11T21:13:18.377+0000] {logging_mixin.py:154} INFO - [2024-05-11T21:13:18.377+0000] {dag.py:3722} INFO - Setting next_dagrun for example_kubernetes_executor to None, run_after=None
[2024-05-11T21:13:18.388+0000] {processor.py:179} INFO - Processing /home/airflow/.local/lib/python3.8/site-packages/airflow/example_dags/example_kubernetes_executor.py took 0.060 seconds
[2024-05-11T21:13:48.442+0000] {processor.py:157} INFO - Started process (PID=939) to work on /home/airflow/.local/lib/python3.8/site-packages/airflow/example_dags/example_kubernetes_executor.py
[2024-05-11T21:13:48.443+0000] {processor.py:829} INFO - Processing file /home/airflow/.local/lib/python3.8/site-packages/airflow/example_dags/example_kubernetes_executor.py for tasks to queue
[2024-05-11T21:13:48.445+0000] {logging_mixin.py:154} INFO - [2024-05-11T21:13:48.445+0000] {dagbag.py:536} INFO - Filling up the DagBag from /home/airflow/.local/lib/python3.8/site-packages/airflow/example_dags/example_kubernetes_executor.py
[2024-05-11T21:13:48.455+0000] {processor.py:839} INFO - DAG(s) dict_keys(['example_kubernetes_executor']) retrieved from /home/airflow/.local/lib/python3.8/site-packages/airflow/example_dags/example_kubernetes_executor.py
[2024-05-11T21:13:48.481+0000] {logging_mixin.py:154} INFO - [2024-05-11T21:13:48.481+0000] {dag.py:2941} INFO - Sync 1 DAGs
[2024-05-11T21:13:48.490+0000] {logging_mixin.py:154} INFO - [2024-05-11T21:13:48.490+0000] {dag.py:3722} INFO - Setting next_dagrun for example_kubernetes_executor to None, run_after=None
[2024-05-11T21:13:48.501+0000] {processor.py:179} INFO - Processing /home/airflow/.local/lib/python3.8/site-packages/airflow/example_dags/example_kubernetes_executor.py took 0.062 seconds
[2024-05-11T21:14:18.698+0000] {processor.py:157} INFO - Started process (PID=994) to work on /home/airflow/.local/lib/python3.8/site-packages/airflow/example_dags/example_kubernetes_executor.py
[2024-05-11T21:14:18.699+0000] {processor.py:829} INFO - Processing file /home/airflow/.local/lib/python3.8/site-packages/airflow/example_dags/example_kubernetes_executor.py for tasks to queue
[2024-05-11T21:14:18.701+0000] {logging_mixin.py:154} INFO - [2024-05-11T21:14:18.701+0000] {dagbag.py:536} INFO - Filling up the DagBag from /home/airflow/.local/lib/python3.8/site-packages/airflow/example_dags/example_kubernetes_executor.py
[2024-05-11T21:14:18.711+0000] {processor.py:839} INFO - DAG(s) dict_keys(['example_kubernetes_executor']) retrieved from /home/airflow/.local/lib/python3.8/site-packages/airflow/example_dags/example_kubernetes_executor.py
[2024-05-11T21:14:18.737+0000] {logging_mixin.py:154} INFO - [2024-05-11T21:14:18.737+0000] {dag.py:2941} INFO - Sync 1 DAGs
[2024-05-11T21:14:18.746+0000] {logging_mixin.py:154} INFO - [2024-05-11T21:14:18.745+0000] {dag.py:3722} INFO - Setting next_dagrun for example_kubernetes_executor to None, run_after=None
[2024-05-11T21:14:18.757+0000] {processor.py:179} INFO - Processing /home/airflow/.local/lib/python3.8/site-packages/airflow/example_dags/example_kubernetes_executor.py took 0.061 seconds
[2024-05-11T21:14:48.987+0000] {processor.py:157} INFO - Started process (PID=1050) to work on /home/airflow/.local/lib/python3.8/site-packages/airflow/example_dags/example_kubernetes_executor.py
[2024-05-11T21:14:48.988+0000] {processor.py:829} INFO - Processing file /home/airflow/.local/lib/python3.8/site-packages/airflow/example_dags/example_kubernetes_executor.py for tasks to queue
[2024-05-11T21:14:48.992+0000] {logging_mixin.py:154} INFO - [2024-05-11T21:14:48.992+0000] {dagbag.py:536} INFO - Filling up the DagBag from /home/airflow/.local/lib/python3.8/site-packages/airflow/example_dags/example_kubernetes_executor.py
[2024-05-11T21:14:49.003+0000] {processor.py:839} INFO - DAG(s) dict_keys(['example_kubernetes_executor']) retrieved from /home/airflow/.local/lib/python3.8/site-packages/airflow/example_dags/example_kubernetes_executor.py
[2024-05-11T21:14:49.036+0000] {logging_mixin.py:154} INFO - [2024-05-11T21:14:49.036+0000] {dag.py:2941} INFO - Sync 1 DAGs
[2024-05-11T21:14:49.047+0000] {logging_mixin.py:154} INFO - [2024-05-11T21:14:49.047+0000] {dag.py:3722} INFO - Setting next_dagrun for example_kubernetes_executor to None, run_after=None
[2024-05-11T21:14:49.066+0000] {processor.py:179} INFO - Processing /home/airflow/.local/lib/python3.8/site-packages/airflow/example_dags/example_kubernetes_executor.py took 0.083 seconds
[2024-05-11T21:16:32.586+0000] {processor.py:157} INFO - Started process (PID=56) to work on /home/airflow/.local/lib/python3.8/site-packages/airflow/example_dags/example_kubernetes_executor.py
[2024-05-11T21:16:32.595+0000] {processor.py:829} INFO - Processing file /home/airflow/.local/lib/python3.8/site-packages/airflow/example_dags/example_kubernetes_executor.py for tasks to queue
[2024-05-11T21:16:32.604+0000] {logging_mixin.py:154} INFO - [2024-05-11T21:16:32.603+0000] {dagbag.py:536} INFO - Filling up the DagBag from /home/airflow/.local/lib/python3.8/site-packages/airflow/example_dags/example_kubernetes_executor.py
[2024-05-11T21:16:32.628+0000] {processor.py:839} INFO - DAG(s) dict_keys(['example_kubernetes_executor']) retrieved from /home/airflow/.local/lib/python3.8/site-packages/airflow/example_dags/example_kubernetes_executor.py
[2024-05-11T21:16:32.663+0000] {logging_mixin.py:154} INFO - [2024-05-11T21:16:32.663+0000] {dag.py:2941} INFO - Sync 1 DAGs
[2024-05-11T21:16:32.686+0000] {logging_mixin.py:154} INFO - [2024-05-11T21:16:32.686+0000] {dag.py:3722} INFO - Setting next_dagrun for example_kubernetes_executor to None, run_after=None
[2024-05-11T21:16:32.721+0000] {processor.py:179} INFO - Processing /home/airflow/.local/lib/python3.8/site-packages/airflow/example_dags/example_kubernetes_executor.py took 0.150 seconds
[2024-05-11T21:17:03.599+0000] {processor.py:157} INFO - Started process (PID=112) to work on /home/airflow/.local/lib/python3.8/site-packages/airflow/example_dags/example_kubernetes_executor.py
[2024-05-11T21:17:03.600+0000] {processor.py:829} INFO - Processing file /home/airflow/.local/lib/python3.8/site-packages/airflow/example_dags/example_kubernetes_executor.py for tasks to queue
[2024-05-11T21:17:03.602+0000] {logging_mixin.py:154} INFO - [2024-05-11T21:17:03.602+0000] {dagbag.py:536} INFO - Filling up the DagBag from /home/airflow/.local/lib/python3.8/site-packages/airflow/example_dags/example_kubernetes_executor.py
[2024-05-11T21:17:03.611+0000] {processor.py:839} INFO - DAG(s) dict_keys(['example_kubernetes_executor']) retrieved from /home/airflow/.local/lib/python3.8/site-packages/airflow/example_dags/example_kubernetes_executor.py
[2024-05-11T21:17:03.637+0000] {logging_mixin.py:154} INFO - [2024-05-11T21:17:03.637+0000] {dag.py:2941} INFO - Sync 1 DAGs
[2024-05-11T21:17:03.645+0000] {logging_mixin.py:154} INFO - [2024-05-11T21:17:03.645+0000] {dag.py:3722} INFO - Setting next_dagrun for example_kubernetes_executor to None, run_after=None
[2024-05-11T21:17:03.654+0000] {processor.py:179} INFO - Processing /home/airflow/.local/lib/python3.8/site-packages/airflow/example_dags/example_kubernetes_executor.py took 0.058 seconds
[2024-05-11T21:17:33.823+0000] {processor.py:157} INFO - Started process (PID=167) to work on /home/airflow/.local/lib/python3.8/site-packages/airflow/example_dags/example_kubernetes_executor.py
[2024-05-11T21:17:33.824+0000] {processor.py:829} INFO - Processing file /home/airflow/.local/lib/python3.8/site-packages/airflow/example_dags/example_kubernetes_executor.py for tasks to queue
[2024-05-11T21:17:33.826+0000] {logging_mixin.py:154} INFO - [2024-05-11T21:17:33.826+0000] {dagbag.py:536} INFO - Filling up the DagBag from /home/airflow/.local/lib/python3.8/site-packages/airflow/example_dags/example_kubernetes_executor.py
[2024-05-11T21:17:33.835+0000] {processor.py:839} INFO - DAG(s) dict_keys(['example_kubernetes_executor']) retrieved from /home/airflow/.local/lib/python3.8/site-packages/airflow/example_dags/example_kubernetes_executor.py
[2024-05-11T21:17:33.860+0000] {logging_mixin.py:154} INFO - [2024-05-11T21:17:33.860+0000] {dag.py:2941} INFO - Sync 1 DAGs
[2024-05-11T21:17:33.867+0000] {logging_mixin.py:154} INFO - [2024-05-11T21:17:33.867+0000] {dag.py:3722} INFO - Setting next_dagrun for example_kubernetes_executor to None, run_after=None
[2024-05-11T21:17:33.876+0000] {processor.py:179} INFO - Processing /home/airflow/.local/lib/python3.8/site-packages/airflow/example_dags/example_kubernetes_executor.py took 0.056 seconds
[2024-05-11T21:18:04.183+0000] {processor.py:157} INFO - Started process (PID=223) to work on /home/airflow/.local/lib/python3.8/site-packages/airflow/example_dags/example_kubernetes_executor.py
[2024-05-11T21:18:04.184+0000] {processor.py:829} INFO - Processing file /home/airflow/.local/lib/python3.8/site-packages/airflow/example_dags/example_kubernetes_executor.py for tasks to queue
[2024-05-11T21:18:04.186+0000] {logging_mixin.py:154} INFO - [2024-05-11T21:18:04.186+0000] {dagbag.py:536} INFO - Filling up the DagBag from /home/airflow/.local/lib/python3.8/site-packages/airflow/example_dags/example_kubernetes_executor.py
[2024-05-11T21:18:04.195+0000] {processor.py:839} INFO - DAG(s) dict_keys(['example_kubernetes_executor']) retrieved from /home/airflow/.local/lib/python3.8/site-packages/airflow/example_dags/example_kubernetes_executor.py
[2024-05-11T21:18:04.221+0000] {logging_mixin.py:154} INFO - [2024-05-11T21:18:04.221+0000] {dag.py:2941} INFO - Sync 1 DAGs
[2024-05-11T21:18:04.229+0000] {logging_mixin.py:154} INFO - [2024-05-11T21:18:04.229+0000] {dag.py:3722} INFO - Setting next_dagrun for example_kubernetes_executor to None, run_after=None
[2024-05-11T21:18:04.242+0000] {processor.py:179} INFO - Processing /home/airflow/.local/lib/python3.8/site-packages/airflow/example_dags/example_kubernetes_executor.py took 0.061 seconds
[2024-05-11T21:18:34.332+0000] {processor.py:157} INFO - Started process (PID=278) to work on /home/airflow/.local/lib/python3.8/site-packages/airflow/example_dags/example_kubernetes_executor.py
[2024-05-11T21:18:34.333+0000] {processor.py:829} INFO - Processing file /home/airflow/.local/lib/python3.8/site-packages/airflow/example_dags/example_kubernetes_executor.py for tasks to queue
[2024-05-11T21:18:34.336+0000] {logging_mixin.py:154} INFO - [2024-05-11T21:18:34.335+0000] {dagbag.py:536} INFO - Filling up the DagBag from /home/airflow/.local/lib/python3.8/site-packages/airflow/example_dags/example_kubernetes_executor.py
[2024-05-11T21:18:34.346+0000] {processor.py:839} INFO - DAG(s) dict_keys(['example_kubernetes_executor']) retrieved from /home/airflow/.local/lib/python3.8/site-packages/airflow/example_dags/example_kubernetes_executor.py
[2024-05-11T21:18:34.382+0000] {logging_mixin.py:154} INFO - [2024-05-11T21:18:34.382+0000] {dag.py:2941} INFO - Sync 1 DAGs
[2024-05-11T21:18:34.390+0000] {logging_mixin.py:154} INFO - [2024-05-11T21:18:34.390+0000] {dag.py:3722} INFO - Setting next_dagrun for example_kubernetes_executor to None, run_after=None
[2024-05-11T21:18:34.402+0000] {processor.py:179} INFO - Processing /home/airflow/.local/lib/python3.8/site-packages/airflow/example_dags/example_kubernetes_executor.py took 0.073 seconds
[2024-05-11T21:19:04.630+0000] {processor.py:157} INFO - Started process (PID=333) to work on /home/airflow/.local/lib/python3.8/site-packages/airflow/example_dags/example_kubernetes_executor.py
[2024-05-11T21:19:04.631+0000] {processor.py:829} INFO - Processing file /home/airflow/.local/lib/python3.8/site-packages/airflow/example_dags/example_kubernetes_executor.py for tasks to queue
[2024-05-11T21:19:04.633+0000] {logging_mixin.py:154} INFO - [2024-05-11T21:19:04.633+0000] {dagbag.py:536} INFO - Filling up the DagBag from /home/airflow/.local/lib/python3.8/site-packages/airflow/example_dags/example_kubernetes_executor.py
[2024-05-11T21:19:04.642+0000] {processor.py:839} INFO - DAG(s) dict_keys(['example_kubernetes_executor']) retrieved from /home/airflow/.local/lib/python3.8/site-packages/airflow/example_dags/example_kubernetes_executor.py
[2024-05-11T21:19:04.668+0000] {logging_mixin.py:154} INFO - [2024-05-11T21:19:04.668+0000] {dag.py:2941} INFO - Sync 1 DAGs
[2024-05-11T21:19:04.675+0000] {logging_mixin.py:154} INFO - [2024-05-11T21:19:04.675+0000] {dag.py:3722} INFO - Setting next_dagrun for example_kubernetes_executor to None, run_after=None
[2024-05-11T21:19:04.685+0000] {processor.py:179} INFO - Processing /home/airflow/.local/lib/python3.8/site-packages/airflow/example_dags/example_kubernetes_executor.py took 0.059 seconds
[2024-05-11T21:19:35.017+0000] {processor.py:157} INFO - Started process (PID=388) to work on /home/airflow/.local/lib/python3.8/site-packages/airflow/example_dags/example_kubernetes_executor.py
[2024-05-11T21:19:35.019+0000] {processor.py:829} INFO - Processing file /home/airflow/.local/lib/python3.8/site-packages/airflow/example_dags/example_kubernetes_executor.py for tasks to queue
[2024-05-11T21:19:35.021+0000] {logging_mixin.py:154} INFO - [2024-05-11T21:19:35.020+0000] {dagbag.py:536} INFO - Filling up the DagBag from /home/airflow/.local/lib/python3.8/site-packages/airflow/example_dags/example_kubernetes_executor.py
[2024-05-11T21:19:35.029+0000] {processor.py:839} INFO - DAG(s) dict_keys(['example_kubernetes_executor']) retrieved from /home/airflow/.local/lib/python3.8/site-packages/airflow/example_dags/example_kubernetes_executor.py
[2024-05-11T21:19:35.056+0000] {logging_mixin.py:154} INFO - [2024-05-11T21:19:35.056+0000] {dag.py:2941} INFO - Sync 1 DAGs
[2024-05-11T21:19:35.063+0000] {logging_mixin.py:154} INFO - [2024-05-11T21:19:35.063+0000] {dag.py:3722} INFO - Setting next_dagrun for example_kubernetes_executor to None, run_after=None
[2024-05-11T21:19:35.074+0000] {processor.py:179} INFO - Processing /home/airflow/.local/lib/python3.8/site-packages/airflow/example_dags/example_kubernetes_executor.py took 0.059 seconds
[2024-05-11T21:20:05.423+0000] {processor.py:157} INFO - Started process (PID=443) to work on /home/airflow/.local/lib/python3.8/site-packages/airflow/example_dags/example_kubernetes_executor.py
[2024-05-11T21:20:05.424+0000] {processor.py:829} INFO - Processing file /home/airflow/.local/lib/python3.8/site-packages/airflow/example_dags/example_kubernetes_executor.py for tasks to queue
[2024-05-11T21:20:05.426+0000] {logging_mixin.py:154} INFO - [2024-05-11T21:20:05.426+0000] {dagbag.py:536} INFO - Filling up the DagBag from /home/airflow/.local/lib/python3.8/site-packages/airflow/example_dags/example_kubernetes_executor.py
[2024-05-11T21:20:05.435+0000] {processor.py:839} INFO - DAG(s) dict_keys(['example_kubernetes_executor']) retrieved from /home/airflow/.local/lib/python3.8/site-packages/airflow/example_dags/example_kubernetes_executor.py
[2024-05-11T21:20:05.462+0000] {logging_mixin.py:154} INFO - [2024-05-11T21:20:05.462+0000] {dag.py:2941} INFO - Sync 1 DAGs
[2024-05-11T21:20:05.469+0000] {logging_mixin.py:154} INFO - [2024-05-11T21:20:05.469+0000] {dag.py:3722} INFO - Setting next_dagrun for example_kubernetes_executor to None, run_after=None
[2024-05-11T21:20:05.478+0000] {processor.py:179} INFO - Processing /home/airflow/.local/lib/python3.8/site-packages/airflow/example_dags/example_kubernetes_executor.py took 0.058 seconds
[2024-05-11T21:20:35.588+0000] {processor.py:157} INFO - Started process (PID=498) to work on /home/airflow/.local/lib/python3.8/site-packages/airflow/example_dags/example_kubernetes_executor.py
[2024-05-11T21:20:35.589+0000] {processor.py:829} INFO - Processing file /home/airflow/.local/lib/python3.8/site-packages/airflow/example_dags/example_kubernetes_executor.py for tasks to queue
[2024-05-11T21:20:35.591+0000] {logging_mixin.py:154} INFO - [2024-05-11T21:20:35.591+0000] {dagbag.py:536} INFO - Filling up the DagBag from /home/airflow/.local/lib/python3.8/site-packages/airflow/example_dags/example_kubernetes_executor.py
[2024-05-11T21:20:35.600+0000] {processor.py:839} INFO - DAG(s) dict_keys(['example_kubernetes_executor']) retrieved from /home/airflow/.local/lib/python3.8/site-packages/airflow/example_dags/example_kubernetes_executor.py
[2024-05-11T21:20:35.627+0000] {logging_mixin.py:154} INFO - [2024-05-11T21:20:35.627+0000] {dag.py:2941} INFO - Sync 1 DAGs
[2024-05-11T21:20:35.635+0000] {logging_mixin.py:154} INFO - [2024-05-11T21:20:35.635+0000] {dag.py:3722} INFO - Setting next_dagrun for example_kubernetes_executor to None, run_after=None
[2024-05-11T21:20:35.646+0000] {processor.py:179} INFO - Processing /home/airflow/.local/lib/python3.8/site-packages/airflow/example_dags/example_kubernetes_executor.py took 0.061 seconds
[2024-05-11T21:21:05.748+0000] {processor.py:157} INFO - Started process (PID=553) to work on /home/airflow/.local/lib/python3.8/site-packages/airflow/example_dags/example_kubernetes_executor.py
[2024-05-11T21:21:05.749+0000] {processor.py:829} INFO - Processing file /home/airflow/.local/lib/python3.8/site-packages/airflow/example_dags/example_kubernetes_executor.py for tasks to queue
[2024-05-11T21:21:05.751+0000] {logging_mixin.py:154} INFO - [2024-05-11T21:21:05.751+0000] {dagbag.py:536} INFO - Filling up the DagBag from /home/airflow/.local/lib/python3.8/site-packages/airflow/example_dags/example_kubernetes_executor.py
[2024-05-11T21:21:05.761+0000] {processor.py:839} INFO - DAG(s) dict_keys(['example_kubernetes_executor']) retrieved from /home/airflow/.local/lib/python3.8/site-packages/airflow/example_dags/example_kubernetes_executor.py
[2024-05-11T21:21:05.788+0000] {logging_mixin.py:154} INFO - [2024-05-11T21:21:05.788+0000] {dag.py:2941} INFO - Sync 1 DAGs
[2024-05-11T21:21:05.795+0000] {logging_mixin.py:154} INFO - [2024-05-11T21:21:05.795+0000] {dag.py:3722} INFO - Setting next_dagrun for example_kubernetes_executor to None, run_after=None
[2024-05-11T21:21:05.806+0000] {processor.py:179} INFO - Processing /home/airflow/.local/lib/python3.8/site-packages/airflow/example_dags/example_kubernetes_executor.py took 0.061 seconds
[2024-05-11T21:21:36.323+0000] {processor.py:157} INFO - Started process (PID=608) to work on /home/airflow/.local/lib/python3.8/site-packages/airflow/example_dags/example_kubernetes_executor.py
[2024-05-11T21:21:36.324+0000] {processor.py:829} INFO - Processing file /home/airflow/.local/lib/python3.8/site-packages/airflow/example_dags/example_kubernetes_executor.py for tasks to queue
[2024-05-11T21:21:36.326+0000] {logging_mixin.py:154} INFO - [2024-05-11T21:21:36.326+0000] {dagbag.py:536} INFO - Filling up the DagBag from /home/airflow/.local/lib/python3.8/site-packages/airflow/example_dags/example_kubernetes_executor.py
[2024-05-11T21:21:36.335+0000] {processor.py:839} INFO - DAG(s) dict_keys(['example_kubernetes_executor']) retrieved from /home/airflow/.local/lib/python3.8/site-packages/airflow/example_dags/example_kubernetes_executor.py
[2024-05-11T21:21:36.361+0000] {logging_mixin.py:154} INFO - [2024-05-11T21:21:36.361+0000] {dag.py:2941} INFO - Sync 1 DAGs
[2024-05-11T21:21:36.369+0000] {logging_mixin.py:154} INFO - [2024-05-11T21:21:36.369+0000] {dag.py:3722} INFO - Setting next_dagrun for example_kubernetes_executor to None, run_after=None
[2024-05-11T21:21:36.378+0000] {processor.py:179} INFO - Processing /home/airflow/.local/lib/python3.8/site-packages/airflow/example_dags/example_kubernetes_executor.py took 0.059 seconds
[2024-05-11T21:42:01.302+0000] {processor.py:157} INFO - Started process (PID=44) to work on /home/airflow/.local/lib/python3.8/site-packages/airflow/example_dags/example_kubernetes_executor.py
[2024-05-11T21:42:01.305+0000] {processor.py:829} INFO - Processing file /home/airflow/.local/lib/python3.8/site-packages/airflow/example_dags/example_kubernetes_executor.py for tasks to queue
[2024-05-11T21:42:01.309+0000] {logging_mixin.py:154} INFO - [2024-05-11T21:42:01.309+0000] {dagbag.py:536} INFO - Filling up the DagBag from /home/airflow/.local/lib/python3.8/site-packages/airflow/example_dags/example_kubernetes_executor.py
[2024-05-11T21:42:01.338+0000] {processor.py:839} INFO - DAG(s) dict_keys(['example_kubernetes_executor']) retrieved from /home/airflow/.local/lib/python3.8/site-packages/airflow/example_dags/example_kubernetes_executor.py
[2024-05-11T21:42:01.563+0000] {logging_mixin.py:154} INFO - [2024-05-11T21:42:01.563+0000] {manager.py:499} INFO - Created Permission View: %s
[2024-05-11T21:42:01.584+0000] {logging_mixin.py:154} INFO - [2024-05-11T21:42:01.584+0000] {manager.py:499} INFO - Created Permission View: %s
[2024-05-11T21:42:01.596+0000] {logging_mixin.py:154} INFO - [2024-05-11T21:42:01.596+0000] {manager.py:499} INFO - Created Permission View: %s
[2024-05-11T21:42:01.599+0000] {logging_mixin.py:154} INFO - [2024-05-11T21:42:01.598+0000] {dag.py:2941} INFO - Sync 1 DAGs
[2024-05-11T21:42:01.620+0000] {logging_mixin.py:154} INFO - [2024-05-11T21:42:01.619+0000] {dag.py:2963} INFO - Creating ORM DAG for example_kubernetes_executor
[2024-05-11T21:42:01.623+0000] {logging_mixin.py:154} INFO - [2024-05-11T21:42:01.623+0000] {dag.py:3722} INFO - Setting next_dagrun for example_kubernetes_executor to None, run_after=None
[2024-05-11T21:42:01.651+0000] {processor.py:179} INFO - Processing /home/airflow/.local/lib/python3.8/site-packages/airflow/example_dags/example_kubernetes_executor.py took 0.354 seconds
[2024-05-11T21:42:32.423+0000] {processor.py:157} INFO - Started process (PID=99) to work on /home/airflow/.local/lib/python3.8/site-packages/airflow/example_dags/example_kubernetes_executor.py
[2024-05-11T21:42:32.425+0000] {processor.py:829} INFO - Processing file /home/airflow/.local/lib/python3.8/site-packages/airflow/example_dags/example_kubernetes_executor.py for tasks to queue
[2024-05-11T21:42:32.429+0000] {logging_mixin.py:154} INFO - [2024-05-11T21:42:32.429+0000] {dagbag.py:536} INFO - Filling up the DagBag from /home/airflow/.local/lib/python3.8/site-packages/airflow/example_dags/example_kubernetes_executor.py
[2024-05-11T21:42:32.445+0000] {processor.py:839} INFO - DAG(s) dict_keys(['example_kubernetes_executor']) retrieved from /home/airflow/.local/lib/python3.8/site-packages/airflow/example_dags/example_kubernetes_executor.py
[2024-05-11T21:42:32.491+0000] {logging_mixin.py:154} INFO - [2024-05-11T21:42:32.490+0000] {dag.py:2941} INFO - Sync 1 DAGs
[2024-05-11T21:42:32.512+0000] {logging_mixin.py:154} INFO - [2024-05-11T21:42:32.512+0000] {dag.py:3722} INFO - Setting next_dagrun for example_kubernetes_executor to None, run_after=None
[2024-05-11T21:42:32.563+0000] {processor.py:179} INFO - Processing /home/airflow/.local/lib/python3.8/site-packages/airflow/example_dags/example_kubernetes_executor.py took 0.145 seconds
[2024-05-11T21:43:02.645+0000] {processor.py:157} INFO - Started process (PID=154) to work on /home/airflow/.local/lib/python3.8/site-packages/airflow/example_dags/example_kubernetes_executor.py
[2024-05-11T21:43:02.647+0000] {processor.py:829} INFO - Processing file /home/airflow/.local/lib/python3.8/site-packages/airflow/example_dags/example_kubernetes_executor.py for tasks to queue
[2024-05-11T21:43:02.650+0000] {logging_mixin.py:154} INFO - [2024-05-11T21:43:02.650+0000] {dagbag.py:536} INFO - Filling up the DagBag from /home/airflow/.local/lib/python3.8/site-packages/airflow/example_dags/example_kubernetes_executor.py
[2024-05-11T21:43:02.661+0000] {processor.py:839} INFO - DAG(s) dict_keys(['example_kubernetes_executor']) retrieved from /home/airflow/.local/lib/python3.8/site-packages/airflow/example_dags/example_kubernetes_executor.py
[2024-05-11T21:43:02.693+0000] {logging_mixin.py:154} INFO - [2024-05-11T21:43:02.693+0000] {dag.py:2941} INFO - Sync 1 DAGs
[2024-05-11T21:43:02.703+0000] {logging_mixin.py:154} INFO - [2024-05-11T21:43:02.703+0000] {dag.py:3722} INFO - Setting next_dagrun for example_kubernetes_executor to None, run_after=None
[2024-05-11T21:43:02.717+0000] {processor.py:179} INFO - Processing /home/airflow/.local/lib/python3.8/site-packages/airflow/example_dags/example_kubernetes_executor.py took 0.075 seconds
[2024-05-11T21:43:33.171+0000] {processor.py:157} INFO - Started process (PID=209) to work on /home/airflow/.local/lib/python3.8/site-packages/airflow/example_dags/example_kubernetes_executor.py
[2024-05-11T21:43:33.173+0000] {processor.py:829} INFO - Processing file /home/airflow/.local/lib/python3.8/site-packages/airflow/example_dags/example_kubernetes_executor.py for tasks to queue
[2024-05-11T21:43:33.178+0000] {logging_mixin.py:154} INFO - [2024-05-11T21:43:33.177+0000] {dagbag.py:536} INFO - Filling up the DagBag from /home/airflow/.local/lib/python3.8/site-packages/airflow/example_dags/example_kubernetes_executor.py
[2024-05-11T21:43:33.195+0000] {processor.py:839} INFO - DAG(s) dict_keys(['example_kubernetes_executor']) retrieved from /home/airflow/.local/lib/python3.8/site-packages/airflow/example_dags/example_kubernetes_executor.py
[2024-05-11T21:43:33.227+0000] {logging_mixin.py:154} INFO - [2024-05-11T21:43:33.227+0000] {dag.py:2941} INFO - Sync 1 DAGs
[2024-05-11T21:43:33.238+0000] {logging_mixin.py:154} INFO - [2024-05-11T21:43:33.238+0000] {dag.py:3722} INFO - Setting next_dagrun for example_kubernetes_executor to None, run_after=None
[2024-05-11T21:43:33.254+0000] {processor.py:179} INFO - Processing /home/airflow/.local/lib/python3.8/site-packages/airflow/example_dags/example_kubernetes_executor.py took 0.086 seconds
[2024-05-11T21:44:03.898+0000] {processor.py:157} INFO - Started process (PID=264) to work on /home/airflow/.local/lib/python3.8/site-packages/airflow/example_dags/example_kubernetes_executor.py
[2024-05-11T21:44:03.901+0000] {processor.py:829} INFO - Processing file /home/airflow/.local/lib/python3.8/site-packages/airflow/example_dags/example_kubernetes_executor.py for tasks to queue
[2024-05-11T21:44:03.904+0000] {logging_mixin.py:154} INFO - [2024-05-11T21:44:03.903+0000] {dagbag.py:536} INFO - Filling up the DagBag from /home/airflow/.local/lib/python3.8/site-packages/airflow/example_dags/example_kubernetes_executor.py
[2024-05-11T21:44:03.916+0000] {processor.py:839} INFO - DAG(s) dict_keys(['example_kubernetes_executor']) retrieved from /home/airflow/.local/lib/python3.8/site-packages/airflow/example_dags/example_kubernetes_executor.py
[2024-05-11T21:44:03.949+0000] {logging_mixin.py:154} INFO - [2024-05-11T21:44:03.948+0000] {dag.py:2941} INFO - Sync 1 DAGs
[2024-05-11T21:44:03.960+0000] {logging_mixin.py:154} INFO - [2024-05-11T21:44:03.960+0000] {dag.py:3722} INFO - Setting next_dagrun for example_kubernetes_executor to None, run_after=None
[2024-05-11T21:44:03.977+0000] {processor.py:179} INFO - Processing /home/airflow/.local/lib/python3.8/site-packages/airflow/example_dags/example_kubernetes_executor.py took 0.084 seconds
[2024-05-11T21:44:34.513+0000] {processor.py:157} INFO - Started process (PID=319) to work on /home/airflow/.local/lib/python3.8/site-packages/airflow/example_dags/example_kubernetes_executor.py
[2024-05-11T21:44:34.515+0000] {processor.py:829} INFO - Processing file /home/airflow/.local/lib/python3.8/site-packages/airflow/example_dags/example_kubernetes_executor.py for tasks to queue
[2024-05-11T21:44:34.518+0000] {logging_mixin.py:154} INFO - [2024-05-11T21:44:34.517+0000] {dagbag.py:536} INFO - Filling up the DagBag from /home/airflow/.local/lib/python3.8/site-packages/airflow/example_dags/example_kubernetes_executor.py
[2024-05-11T21:44:34.534+0000] {processor.py:839} INFO - DAG(s) dict_keys(['example_kubernetes_executor']) retrieved from /home/airflow/.local/lib/python3.8/site-packages/airflow/example_dags/example_kubernetes_executor.py
[2024-05-11T21:44:34.568+0000] {logging_mixin.py:154} INFO - [2024-05-11T21:44:34.568+0000] {dag.py:2941} INFO - Sync 1 DAGs
[2024-05-11T21:44:34.580+0000] {logging_mixin.py:154} INFO - [2024-05-11T21:44:34.580+0000] {dag.py:3722} INFO - Setting next_dagrun for example_kubernetes_executor to None, run_after=None
[2024-05-11T21:44:34.596+0000] {processor.py:179} INFO - Processing /home/airflow/.local/lib/python3.8/site-packages/airflow/example_dags/example_kubernetes_executor.py took 0.087 seconds
[2024-05-11T21:45:05.065+0000] {processor.py:157} INFO - Started process (PID=374) to work on /home/airflow/.local/lib/python3.8/site-packages/airflow/example_dags/example_kubernetes_executor.py
[2024-05-11T21:45:05.068+0000] {processor.py:829} INFO - Processing file /home/airflow/.local/lib/python3.8/site-packages/airflow/example_dags/example_kubernetes_executor.py for tasks to queue
[2024-05-11T21:45:05.072+0000] {logging_mixin.py:154} INFO - [2024-05-11T21:45:05.071+0000] {dagbag.py:536} INFO - Filling up the DagBag from /home/airflow/.local/lib/python3.8/site-packages/airflow/example_dags/example_kubernetes_executor.py
[2024-05-11T21:45:05.087+0000] {processor.py:839} INFO - DAG(s) dict_keys(['example_kubernetes_executor']) retrieved from /home/airflow/.local/lib/python3.8/site-packages/airflow/example_dags/example_kubernetes_executor.py
[2024-05-11T21:45:05.121+0000] {logging_mixin.py:154} INFO - [2024-05-11T21:45:05.120+0000] {dag.py:2941} INFO - Sync 1 DAGs
[2024-05-11T21:45:05.132+0000] {logging_mixin.py:154} INFO - [2024-05-11T21:45:05.132+0000] {dag.py:3722} INFO - Setting next_dagrun for example_kubernetes_executor to None, run_after=None
[2024-05-11T21:45:05.148+0000] {processor.py:179} INFO - Processing /home/airflow/.local/lib/python3.8/site-packages/airflow/example_dags/example_kubernetes_executor.py took 0.087 seconds
[2024-05-11T21:45:35.254+0000] {processor.py:157} INFO - Started process (PID=430) to work on /home/airflow/.local/lib/python3.8/site-packages/airflow/example_dags/example_kubernetes_executor.py
[2024-05-11T21:45:35.256+0000] {processor.py:829} INFO - Processing file /home/airflow/.local/lib/python3.8/site-packages/airflow/example_dags/example_kubernetes_executor.py for tasks to queue
[2024-05-11T21:45:35.259+0000] {logging_mixin.py:154} INFO - [2024-05-11T21:45:35.259+0000] {dagbag.py:536} INFO - Filling up the DagBag from /home/airflow/.local/lib/python3.8/site-packages/airflow/example_dags/example_kubernetes_executor.py
[2024-05-11T21:45:35.273+0000] {processor.py:839} INFO - DAG(s) dict_keys(['example_kubernetes_executor']) retrieved from /home/airflow/.local/lib/python3.8/site-packages/airflow/example_dags/example_kubernetes_executor.py
[2024-05-11T21:45:35.309+0000] {logging_mixin.py:154} INFO - [2024-05-11T21:45:35.309+0000] {dag.py:2941} INFO - Sync 1 DAGs
[2024-05-11T21:45:35.319+0000] {logging_mixin.py:154} INFO - [2024-05-11T21:45:35.319+0000] {dag.py:3722} INFO - Setting next_dagrun for example_kubernetes_executor to None, run_after=None
[2024-05-11T21:45:35.334+0000] {processor.py:179} INFO - Processing /home/airflow/.local/lib/python3.8/site-packages/airflow/example_dags/example_kubernetes_executor.py took 0.084 seconds
[2024-05-11T21:46:05.486+0000] {processor.py:157} INFO - Started process (PID=485) to work on /home/airflow/.local/lib/python3.8/site-packages/airflow/example_dags/example_kubernetes_executor.py
[2024-05-11T21:46:05.487+0000] {processor.py:829} INFO - Processing file /home/airflow/.local/lib/python3.8/site-packages/airflow/example_dags/example_kubernetes_executor.py for tasks to queue
[2024-05-11T21:46:05.490+0000] {logging_mixin.py:154} INFO - [2024-05-11T21:46:05.490+0000] {dagbag.py:536} INFO - Filling up the DagBag from /home/airflow/.local/lib/python3.8/site-packages/airflow/example_dags/example_kubernetes_executor.py
[2024-05-11T21:46:05.507+0000] {processor.py:839} INFO - DAG(s) dict_keys(['example_kubernetes_executor']) retrieved from /home/airflow/.local/lib/python3.8/site-packages/airflow/example_dags/example_kubernetes_executor.py
[2024-05-11T21:46:05.544+0000] {logging_mixin.py:154} INFO - [2024-05-11T21:46:05.544+0000] {dag.py:2941} INFO - Sync 1 DAGs
[2024-05-11T21:46:05.558+0000] {logging_mixin.py:154} INFO - [2024-05-11T21:46:05.558+0000] {dag.py:3722} INFO - Setting next_dagrun for example_kubernetes_executor to None, run_after=None
[2024-05-11T21:46:05.571+0000] {processor.py:179} INFO - Processing /home/airflow/.local/lib/python3.8/site-packages/airflow/example_dags/example_kubernetes_executor.py took 0.091 seconds
[2024-05-11T21:46:36.050+0000] {processor.py:157} INFO - Started process (PID=540) to work on /home/airflow/.local/lib/python3.8/site-packages/airflow/example_dags/example_kubernetes_executor.py
[2024-05-11T21:46:36.052+0000] {processor.py:829} INFO - Processing file /home/airflow/.local/lib/python3.8/site-packages/airflow/example_dags/example_kubernetes_executor.py for tasks to queue
[2024-05-11T21:46:36.054+0000] {logging_mixin.py:154} INFO - [2024-05-11T21:46:36.054+0000] {dagbag.py:536} INFO - Filling up the DagBag from /home/airflow/.local/lib/python3.8/site-packages/airflow/example_dags/example_kubernetes_executor.py
[2024-05-11T21:46:36.071+0000] {processor.py:839} INFO - DAG(s) dict_keys(['example_kubernetes_executor']) retrieved from /home/airflow/.local/lib/python3.8/site-packages/airflow/example_dags/example_kubernetes_executor.py
[2024-05-11T21:46:36.113+0000] {logging_mixin.py:154} INFO - [2024-05-11T21:46:36.113+0000] {dag.py:2941} INFO - Sync 1 DAGs
[2024-05-11T21:46:36.127+0000] {logging_mixin.py:154} INFO - [2024-05-11T21:46:36.126+0000] {dag.py:3722} INFO - Setting next_dagrun for example_kubernetes_executor to None, run_after=None
[2024-05-11T21:46:36.142+0000] {processor.py:179} INFO - Processing /home/airflow/.local/lib/python3.8/site-packages/airflow/example_dags/example_kubernetes_executor.py took 0.097 seconds
[2024-05-11T21:47:06.436+0000] {processor.py:157} INFO - Started process (PID=595) to work on /home/airflow/.local/lib/python3.8/site-packages/airflow/example_dags/example_kubernetes_executor.py
[2024-05-11T21:47:06.437+0000] {processor.py:829} INFO - Processing file /home/airflow/.local/lib/python3.8/site-packages/airflow/example_dags/example_kubernetes_executor.py for tasks to queue
[2024-05-11T21:47:06.440+0000] {logging_mixin.py:154} INFO - [2024-05-11T21:47:06.440+0000] {dagbag.py:536} INFO - Filling up the DagBag from /home/airflow/.local/lib/python3.8/site-packages/airflow/example_dags/example_kubernetes_executor.py
[2024-05-11T21:47:06.451+0000] {processor.py:839} INFO - DAG(s) dict_keys(['example_kubernetes_executor']) retrieved from /home/airflow/.local/lib/python3.8/site-packages/airflow/example_dags/example_kubernetes_executor.py
[2024-05-11T21:47:06.484+0000] {logging_mixin.py:154} INFO - [2024-05-11T21:47:06.484+0000] {dag.py:2941} INFO - Sync 1 DAGs
[2024-05-11T21:47:06.494+0000] {logging_mixin.py:154} INFO - [2024-05-11T21:47:06.494+0000] {dag.py:3722} INFO - Setting next_dagrun for example_kubernetes_executor to None, run_after=None
[2024-05-11T21:47:06.507+0000] {processor.py:179} INFO - Processing /home/airflow/.local/lib/python3.8/site-packages/airflow/example_dags/example_kubernetes_executor.py took 0.074 seconds
