[2024-05-11T21:03:18.285+0000] {processor.py:157} INFO - Started process (PID=41) to work on /home/airflow/.local/lib/python3.8/site-packages/airflow/example_dags/example_latest_only_with_trigger.py
[2024-05-11T21:03:18.294+0000] {processor.py:829} INFO - Processing file /home/airflow/.local/lib/python3.8/site-packages/airflow/example_dags/example_latest_only_with_trigger.py for tasks to queue
[2024-05-11T21:03:18.306+0000] {logging_mixin.py:154} INFO - [2024-05-11T21:03:18.305+0000] {dagbag.py:536} INFO - Filling up the DagBag from /home/airflow/.local/lib/python3.8/site-packages/airflow/example_dags/example_latest_only_with_trigger.py
[2024-05-11T21:03:18.323+0000] {processor.py:839} INFO - DAG(s) dict_keys(['latest_only_with_trigger']) retrieved from /home/airflow/.local/lib/python3.8/site-packages/airflow/example_dags/example_latest_only_with_trigger.py
[2024-05-11T21:03:18.542+0000] {logging_mixin.py:154} INFO - [2024-05-11T21:03:18.541+0000] {manager.py:499} INFO - Created Permission View: %s
[2024-05-11T21:03:18.565+0000] {logging_mixin.py:154} INFO - [2024-05-11T21:03:18.564+0000] {manager.py:499} INFO - Created Permission View: %s
[2024-05-11T21:03:18.570+0000] {logging_mixin.py:154} INFO - [2024-05-11T21:03:18.570+0000] {manager.py:499} INFO - Created Permission View: %s
[2024-05-11T21:03:18.571+0000] {logging_mixin.py:154} INFO - [2024-05-11T21:03:18.571+0000] {dag.py:2941} INFO - Sync 1 DAGs
[2024-05-11T21:03:18.581+0000] {logging_mixin.py:154} INFO - [2024-05-11T21:03:18.581+0000] {dag.py:2963} INFO - Creating ORM DAG for latest_only_with_trigger
[2024-05-11T21:03:18.594+0000] {logging_mixin.py:154} INFO - [2024-05-11T21:03:18.594+0000] {dag.py:3722} INFO - Setting next_dagrun for latest_only_with_trigger to 2024-05-11T17:03:18.593789+00:00, run_after=2024-05-11T21:03:18.593789+00:00
[2024-05-11T21:03:18.619+0000] {processor.py:179} INFO - Processing /home/airflow/.local/lib/python3.8/site-packages/airflow/example_dags/example_latest_only_with_trigger.py took 0.338 seconds
[2024-05-11T21:03:48.873+0000] {processor.py:157} INFO - Started process (PID=96) to work on /home/airflow/.local/lib/python3.8/site-packages/airflow/example_dags/example_latest_only_with_trigger.py
[2024-05-11T21:03:48.874+0000] {processor.py:829} INFO - Processing file /home/airflow/.local/lib/python3.8/site-packages/airflow/example_dags/example_latest_only_with_trigger.py for tasks to queue
[2024-05-11T21:03:48.876+0000] {logging_mixin.py:154} INFO - [2024-05-11T21:03:48.876+0000] {dagbag.py:536} INFO - Filling up the DagBag from /home/airflow/.local/lib/python3.8/site-packages/airflow/example_dags/example_latest_only_with_trigger.py
[2024-05-11T21:03:48.880+0000] {processor.py:839} INFO - DAG(s) dict_keys(['latest_only_with_trigger']) retrieved from /home/airflow/.local/lib/python3.8/site-packages/airflow/example_dags/example_latest_only_with_trigger.py
[2024-05-11T21:03:48.897+0000] {logging_mixin.py:154} INFO - [2024-05-11T21:03:48.896+0000] {dag.py:2941} INFO - Sync 1 DAGs
[2024-05-11T21:03:48.909+0000] {logging_mixin.py:154} INFO - [2024-05-11T21:03:48.909+0000] {dag.py:3722} INFO - Setting next_dagrun for latest_only_with_trigger to 2024-05-11T17:03:48.909650+00:00, run_after=2024-05-11T21:03:48.909650+00:00
[2024-05-11T21:03:48.919+0000] {processor.py:179} INFO - Processing /home/airflow/.local/lib/python3.8/site-packages/airflow/example_dags/example_latest_only_with_trigger.py took 0.049 seconds
[2024-05-11T21:04:19.259+0000] {processor.py:157} INFO - Started process (PID=150) to work on /home/airflow/.local/lib/python3.8/site-packages/airflow/example_dags/example_latest_only_with_trigger.py
[2024-05-11T21:04:19.260+0000] {processor.py:829} INFO - Processing file /home/airflow/.local/lib/python3.8/site-packages/airflow/example_dags/example_latest_only_with_trigger.py for tasks to queue
[2024-05-11T21:04:19.262+0000] {logging_mixin.py:154} INFO - [2024-05-11T21:04:19.262+0000] {dagbag.py:536} INFO - Filling up the DagBag from /home/airflow/.local/lib/python3.8/site-packages/airflow/example_dags/example_latest_only_with_trigger.py
[2024-05-11T21:04:19.267+0000] {processor.py:839} INFO - DAG(s) dict_keys(['latest_only_with_trigger']) retrieved from /home/airflow/.local/lib/python3.8/site-packages/airflow/example_dags/example_latest_only_with_trigger.py
[2024-05-11T21:04:19.285+0000] {logging_mixin.py:154} INFO - [2024-05-11T21:04:19.284+0000] {dag.py:2941} INFO - Sync 1 DAGs
[2024-05-11T21:04:19.298+0000] {logging_mixin.py:154} INFO - [2024-05-11T21:04:19.297+0000] {dag.py:3722} INFO - Setting next_dagrun for latest_only_with_trigger to 2024-05-11T17:04:19.297680+00:00, run_after=2024-05-11T21:04:19.297680+00:00
[2024-05-11T21:04:19.307+0000] {processor.py:179} INFO - Processing /home/airflow/.local/lib/python3.8/site-packages/airflow/example_dags/example_latest_only_with_trigger.py took 0.051 seconds
[2024-05-11T21:04:49.471+0000] {processor.py:157} INFO - Started process (PID=205) to work on /home/airflow/.local/lib/python3.8/site-packages/airflow/example_dags/example_latest_only_with_trigger.py
[2024-05-11T21:04:49.473+0000] {processor.py:829} INFO - Processing file /home/airflow/.local/lib/python3.8/site-packages/airflow/example_dags/example_latest_only_with_trigger.py for tasks to queue
[2024-05-11T21:04:49.475+0000] {logging_mixin.py:154} INFO - [2024-05-11T21:04:49.474+0000] {dagbag.py:536} INFO - Filling up the DagBag from /home/airflow/.local/lib/python3.8/site-packages/airflow/example_dags/example_latest_only_with_trigger.py
[2024-05-11T21:04:49.480+0000] {processor.py:839} INFO - DAG(s) dict_keys(['latest_only_with_trigger']) retrieved from /home/airflow/.local/lib/python3.8/site-packages/airflow/example_dags/example_latest_only_with_trigger.py
[2024-05-11T21:04:49.498+0000] {logging_mixin.py:154} INFO - [2024-05-11T21:04:49.498+0000] {dag.py:2941} INFO - Sync 1 DAGs
[2024-05-11T21:04:49.512+0000] {logging_mixin.py:154} INFO - [2024-05-11T21:04:49.512+0000] {dag.py:3722} INFO - Setting next_dagrun for latest_only_with_trigger to 2024-05-11T17:04:49.511856+00:00, run_after=2024-05-11T21:04:49.511856+00:00
[2024-05-11T21:04:49.523+0000] {processor.py:179} INFO - Processing /home/airflow/.local/lib/python3.8/site-packages/airflow/example_dags/example_latest_only_with_trigger.py took 0.056 seconds
[2024-05-11T21:05:41.963+0000] {processor.py:157} INFO - Started process (PID=42) to work on /home/airflow/.local/lib/python3.8/site-packages/airflow/example_dags/example_latest_only_with_trigger.py
[2024-05-11T21:05:41.969+0000] {processor.py:829} INFO - Processing file /home/airflow/.local/lib/python3.8/site-packages/airflow/example_dags/example_latest_only_with_trigger.py for tasks to queue
[2024-05-11T21:05:41.974+0000] {logging_mixin.py:154} INFO - [2024-05-11T21:05:41.974+0000] {dagbag.py:536} INFO - Filling up the DagBag from /home/airflow/.local/lib/python3.8/site-packages/airflow/example_dags/example_latest_only_with_trigger.py
[2024-05-11T21:05:41.994+0000] {processor.py:839} INFO - DAG(s) dict_keys(['latest_only_with_trigger']) retrieved from /home/airflow/.local/lib/python3.8/site-packages/airflow/example_dags/example_latest_only_with_trigger.py
[2024-05-11T21:05:42.021+0000] {logging_mixin.py:154} INFO - [2024-05-11T21:05:42.020+0000] {dag.py:2941} INFO - Sync 1 DAGs
[2024-05-11T21:05:42.073+0000] {logging_mixin.py:154} INFO - [2024-05-11T21:05:42.073+0000] {dag.py:3722} INFO - Setting next_dagrun for latest_only_with_trigger to 2024-05-11T17:05:42.072859+00:00, run_after=2024-05-11T21:05:42.072859+00:00
[2024-05-11T21:05:42.109+0000] {processor.py:179} INFO - Processing /home/airflow/.local/lib/python3.8/site-packages/airflow/example_dags/example_latest_only_with_trigger.py took 0.157 seconds
[2024-05-11T21:06:12.370+0000] {processor.py:157} INFO - Started process (PID=97) to work on /home/airflow/.local/lib/python3.8/site-packages/airflow/example_dags/example_latest_only_with_trigger.py
[2024-05-11T21:06:12.372+0000] {processor.py:829} INFO - Processing file /home/airflow/.local/lib/python3.8/site-packages/airflow/example_dags/example_latest_only_with_trigger.py for tasks to queue
[2024-05-11T21:06:12.374+0000] {logging_mixin.py:154} INFO - [2024-05-11T21:06:12.373+0000] {dagbag.py:536} INFO - Filling up the DagBag from /home/airflow/.local/lib/python3.8/site-packages/airflow/example_dags/example_latest_only_with_trigger.py
[2024-05-11T21:06:12.378+0000] {processor.py:839} INFO - DAG(s) dict_keys(['latest_only_with_trigger']) retrieved from /home/airflow/.local/lib/python3.8/site-packages/airflow/example_dags/example_latest_only_with_trigger.py
[2024-05-11T21:06:12.396+0000] {logging_mixin.py:154} INFO - [2024-05-11T21:06:12.396+0000] {dag.py:2941} INFO - Sync 1 DAGs
[2024-05-11T21:06:12.409+0000] {logging_mixin.py:154} INFO - [2024-05-11T21:06:12.409+0000] {dag.py:3722} INFO - Setting next_dagrun for latest_only_with_trigger to 2024-05-11T17:06:12.409365+00:00, run_after=2024-05-11T21:06:12.409365+00:00
[2024-05-11T21:06:12.419+0000] {processor.py:179} INFO - Processing /home/airflow/.local/lib/python3.8/site-packages/airflow/example_dags/example_latest_only_with_trigger.py took 0.051 seconds
[2024-05-11T21:06:42.680+0000] {processor.py:157} INFO - Started process (PID=152) to work on /home/airflow/.local/lib/python3.8/site-packages/airflow/example_dags/example_latest_only_with_trigger.py
[2024-05-11T21:06:42.682+0000] {processor.py:829} INFO - Processing file /home/airflow/.local/lib/python3.8/site-packages/airflow/example_dags/example_latest_only_with_trigger.py for tasks to queue
[2024-05-11T21:06:42.684+0000] {logging_mixin.py:154} INFO - [2024-05-11T21:06:42.683+0000] {dagbag.py:536} INFO - Filling up the DagBag from /home/airflow/.local/lib/python3.8/site-packages/airflow/example_dags/example_latest_only_with_trigger.py
[2024-05-11T21:06:42.688+0000] {processor.py:839} INFO - DAG(s) dict_keys(['latest_only_with_trigger']) retrieved from /home/airflow/.local/lib/python3.8/site-packages/airflow/example_dags/example_latest_only_with_trigger.py
[2024-05-11T21:06:42.710+0000] {logging_mixin.py:154} INFO - [2024-05-11T21:06:42.710+0000] {dag.py:2941} INFO - Sync 1 DAGs
[2024-05-11T21:06:42.724+0000] {logging_mixin.py:154} INFO - [2024-05-11T21:06:42.724+0000] {dag.py:3722} INFO - Setting next_dagrun for latest_only_with_trigger to 2024-05-11T17:06:42.724363+00:00, run_after=2024-05-11T21:06:42.724363+00:00
[2024-05-11T21:06:42.736+0000] {processor.py:179} INFO - Processing /home/airflow/.local/lib/python3.8/site-packages/airflow/example_dags/example_latest_only_with_trigger.py took 0.058 seconds
[2024-05-11T21:07:13.011+0000] {processor.py:157} INFO - Started process (PID=207) to work on /home/airflow/.local/lib/python3.8/site-packages/airflow/example_dags/example_latest_only_with_trigger.py
[2024-05-11T21:07:13.012+0000] {processor.py:829} INFO - Processing file /home/airflow/.local/lib/python3.8/site-packages/airflow/example_dags/example_latest_only_with_trigger.py for tasks to queue
[2024-05-11T21:07:13.015+0000] {logging_mixin.py:154} INFO - [2024-05-11T21:07:13.015+0000] {dagbag.py:536} INFO - Filling up the DagBag from /home/airflow/.local/lib/python3.8/site-packages/airflow/example_dags/example_latest_only_with_trigger.py
[2024-05-11T21:07:13.021+0000] {processor.py:839} INFO - DAG(s) dict_keys(['latest_only_with_trigger']) retrieved from /home/airflow/.local/lib/python3.8/site-packages/airflow/example_dags/example_latest_only_with_trigger.py
[2024-05-11T21:07:13.040+0000] {logging_mixin.py:154} INFO - [2024-05-11T21:07:13.040+0000] {dag.py:2941} INFO - Sync 1 DAGs
[2024-05-11T21:07:13.052+0000] {logging_mixin.py:154} INFO - [2024-05-11T21:07:13.052+0000] {dag.py:3722} INFO - Setting next_dagrun for latest_only_with_trigger to 2024-05-11T17:07:13.052503+00:00, run_after=2024-05-11T21:07:13.052503+00:00
[2024-05-11T21:07:13.063+0000] {processor.py:179} INFO - Processing /home/airflow/.local/lib/python3.8/site-packages/airflow/example_dags/example_latest_only_with_trigger.py took 0.057 seconds
[2024-05-11T21:07:43.248+0000] {processor.py:157} INFO - Started process (PID=266) to work on /home/airflow/.local/lib/python3.8/site-packages/airflow/example_dags/example_latest_only_with_trigger.py
[2024-05-11T21:07:43.250+0000] {processor.py:829} INFO - Processing file /home/airflow/.local/lib/python3.8/site-packages/airflow/example_dags/example_latest_only_with_trigger.py for tasks to queue
[2024-05-11T21:07:43.252+0000] {logging_mixin.py:154} INFO - [2024-05-11T21:07:43.252+0000] {dagbag.py:536} INFO - Filling up the DagBag from /home/airflow/.local/lib/python3.8/site-packages/airflow/example_dags/example_latest_only_with_trigger.py
[2024-05-11T21:07:43.256+0000] {processor.py:839} INFO - DAG(s) dict_keys(['latest_only_with_trigger']) retrieved from /home/airflow/.local/lib/python3.8/site-packages/airflow/example_dags/example_latest_only_with_trigger.py
[2024-05-11T21:07:43.272+0000] {logging_mixin.py:154} INFO - [2024-05-11T21:07:43.272+0000] {dag.py:2941} INFO - Sync 1 DAGs
[2024-05-11T21:07:43.284+0000] {logging_mixin.py:154} INFO - [2024-05-11T21:07:43.284+0000] {dag.py:3722} INFO - Setting next_dagrun for latest_only_with_trigger to 2024-05-11T17:07:43.284338+00:00, run_after=2024-05-11T21:07:43.284338+00:00
[2024-05-11T21:07:43.294+0000] {processor.py:179} INFO - Processing /home/airflow/.local/lib/python3.8/site-packages/airflow/example_dags/example_latest_only_with_trigger.py took 0.048 seconds
[2024-05-11T21:08:13.531+0000] {processor.py:157} INFO - Started process (PID=321) to work on /home/airflow/.local/lib/python3.8/site-packages/airflow/example_dags/example_latest_only_with_trigger.py
[2024-05-11T21:08:13.532+0000] {processor.py:829} INFO - Processing file /home/airflow/.local/lib/python3.8/site-packages/airflow/example_dags/example_latest_only_with_trigger.py for tasks to queue
[2024-05-11T21:08:13.535+0000] {logging_mixin.py:154} INFO - [2024-05-11T21:08:13.535+0000] {dagbag.py:536} INFO - Filling up the DagBag from /home/airflow/.local/lib/python3.8/site-packages/airflow/example_dags/example_latest_only_with_trigger.py
[2024-05-11T21:08:13.541+0000] {processor.py:839} INFO - DAG(s) dict_keys(['latest_only_with_trigger']) retrieved from /home/airflow/.local/lib/python3.8/site-packages/airflow/example_dags/example_latest_only_with_trigger.py
[2024-05-11T21:08:13.558+0000] {logging_mixin.py:154} INFO - [2024-05-11T21:08:13.558+0000] {dag.py:2941} INFO - Sync 1 DAGs
[2024-05-11T21:08:13.572+0000] {logging_mixin.py:154} INFO - [2024-05-11T21:08:13.572+0000] {dag.py:3722} INFO - Setting next_dagrun for latest_only_with_trigger to 2024-05-11T17:08:13.572173+00:00, run_after=2024-05-11T21:08:13.572173+00:00
[2024-05-11T21:08:13.582+0000] {processor.py:179} INFO - Processing /home/airflow/.local/lib/python3.8/site-packages/airflow/example_dags/example_latest_only_with_trigger.py took 0.056 seconds
[2024-05-11T21:08:43.770+0000] {processor.py:157} INFO - Started process (PID=376) to work on /home/airflow/.local/lib/python3.8/site-packages/airflow/example_dags/example_latest_only_with_trigger.py
[2024-05-11T21:08:43.772+0000] {processor.py:829} INFO - Processing file /home/airflow/.local/lib/python3.8/site-packages/airflow/example_dags/example_latest_only_with_trigger.py for tasks to queue
[2024-05-11T21:08:43.775+0000] {logging_mixin.py:154} INFO - [2024-05-11T21:08:43.775+0000] {dagbag.py:536} INFO - Filling up the DagBag from /home/airflow/.local/lib/python3.8/site-packages/airflow/example_dags/example_latest_only_with_trigger.py
[2024-05-11T21:08:43.780+0000] {processor.py:839} INFO - DAG(s) dict_keys(['latest_only_with_trigger']) retrieved from /home/airflow/.local/lib/python3.8/site-packages/airflow/example_dags/example_latest_only_with_trigger.py
[2024-05-11T21:08:43.799+0000] {logging_mixin.py:154} INFO - [2024-05-11T21:08:43.798+0000] {dag.py:2941} INFO - Sync 1 DAGs
[2024-05-11T21:08:43.814+0000] {logging_mixin.py:154} INFO - [2024-05-11T21:08:43.814+0000] {dag.py:3722} INFO - Setting next_dagrun for latest_only_with_trigger to 2024-05-11T17:08:43.814640+00:00, run_after=2024-05-11T21:08:43.814640+00:00
[2024-05-11T21:08:43.828+0000] {processor.py:179} INFO - Processing /home/airflow/.local/lib/python3.8/site-packages/airflow/example_dags/example_latest_only_with_trigger.py took 0.060 seconds
[2024-05-11T21:09:14.124+0000] {processor.py:157} INFO - Started process (PID=430) to work on /home/airflow/.local/lib/python3.8/site-packages/airflow/example_dags/example_latest_only_with_trigger.py
[2024-05-11T21:09:14.125+0000] {processor.py:829} INFO - Processing file /home/airflow/.local/lib/python3.8/site-packages/airflow/example_dags/example_latest_only_with_trigger.py for tasks to queue
[2024-05-11T21:09:14.127+0000] {logging_mixin.py:154} INFO - [2024-05-11T21:09:14.127+0000] {dagbag.py:536} INFO - Filling up the DagBag from /home/airflow/.local/lib/python3.8/site-packages/airflow/example_dags/example_latest_only_with_trigger.py
[2024-05-11T21:09:14.131+0000] {processor.py:839} INFO - DAG(s) dict_keys(['latest_only_with_trigger']) retrieved from /home/airflow/.local/lib/python3.8/site-packages/airflow/example_dags/example_latest_only_with_trigger.py
[2024-05-11T21:09:14.147+0000] {logging_mixin.py:154} INFO - [2024-05-11T21:09:14.147+0000] {dag.py:2941} INFO - Sync 1 DAGs
[2024-05-11T21:09:14.160+0000] {logging_mixin.py:154} INFO - [2024-05-11T21:09:14.160+0000] {dag.py:3722} INFO - Setting next_dagrun for latest_only_with_trigger to 2024-05-11T17:09:14.159966+00:00, run_after=2024-05-11T21:09:14.159966+00:00
[2024-05-11T21:09:14.170+0000] {processor.py:179} INFO - Processing /home/airflow/.local/lib/python3.8/site-packages/airflow/example_dags/example_latest_only_with_trigger.py took 0.049 seconds
[2024-05-11T21:09:44.466+0000] {processor.py:157} INFO - Started process (PID=485) to work on /home/airflow/.local/lib/python3.8/site-packages/airflow/example_dags/example_latest_only_with_trigger.py
[2024-05-11T21:09:44.469+0000] {processor.py:829} INFO - Processing file /home/airflow/.local/lib/python3.8/site-packages/airflow/example_dags/example_latest_only_with_trigger.py for tasks to queue
[2024-05-11T21:09:44.472+0000] {logging_mixin.py:154} INFO - [2024-05-11T21:09:44.471+0000] {dagbag.py:536} INFO - Filling up the DagBag from /home/airflow/.local/lib/python3.8/site-packages/airflow/example_dags/example_latest_only_with_trigger.py
[2024-05-11T21:09:44.477+0000] {processor.py:839} INFO - DAG(s) dict_keys(['latest_only_with_trigger']) retrieved from /home/airflow/.local/lib/python3.8/site-packages/airflow/example_dags/example_latest_only_with_trigger.py
[2024-05-11T21:09:44.496+0000] {logging_mixin.py:154} INFO - [2024-05-11T21:09:44.496+0000] {dag.py:2941} INFO - Sync 1 DAGs
[2024-05-11T21:09:44.511+0000] {logging_mixin.py:154} INFO - [2024-05-11T21:09:44.511+0000] {dag.py:3722} INFO - Setting next_dagrun for latest_only_with_trigger to 2024-05-11T17:09:44.511079+00:00, run_after=2024-05-11T21:09:44.511079+00:00
[2024-05-11T21:09:44.522+0000] {processor.py:179} INFO - Processing /home/airflow/.local/lib/python3.8/site-packages/airflow/example_dags/example_latest_only_with_trigger.py took 0.060 seconds
[2024-05-11T21:10:14.707+0000] {processor.py:157} INFO - Started process (PID=539) to work on /home/airflow/.local/lib/python3.8/site-packages/airflow/example_dags/example_latest_only_with_trigger.py
[2024-05-11T21:10:14.708+0000] {processor.py:829} INFO - Processing file /home/airflow/.local/lib/python3.8/site-packages/airflow/example_dags/example_latest_only_with_trigger.py for tasks to queue
[2024-05-11T21:10:14.710+0000] {logging_mixin.py:154} INFO - [2024-05-11T21:10:14.710+0000] {dagbag.py:536} INFO - Filling up the DagBag from /home/airflow/.local/lib/python3.8/site-packages/airflow/example_dags/example_latest_only_with_trigger.py
[2024-05-11T21:10:14.715+0000] {processor.py:839} INFO - DAG(s) dict_keys(['latest_only_with_trigger']) retrieved from /home/airflow/.local/lib/python3.8/site-packages/airflow/example_dags/example_latest_only_with_trigger.py
[2024-05-11T21:10:14.732+0000] {logging_mixin.py:154} INFO - [2024-05-11T21:10:14.732+0000] {dag.py:2941} INFO - Sync 1 DAGs
[2024-05-11T21:10:14.747+0000] {logging_mixin.py:154} INFO - [2024-05-11T21:10:14.746+0000] {dag.py:3722} INFO - Setting next_dagrun for latest_only_with_trigger to 2024-05-11T17:10:14.746660+00:00, run_after=2024-05-11T21:10:14.746660+00:00
[2024-05-11T21:10:14.758+0000] {processor.py:179} INFO - Processing /home/airflow/.local/lib/python3.8/site-packages/airflow/example_dags/example_latest_only_with_trigger.py took 0.054 seconds
[2024-05-11T21:10:44.992+0000] {processor.py:157} INFO - Started process (PID=594) to work on /home/airflow/.local/lib/python3.8/site-packages/airflow/example_dags/example_latest_only_with_trigger.py
[2024-05-11T21:10:44.993+0000] {processor.py:829} INFO - Processing file /home/airflow/.local/lib/python3.8/site-packages/airflow/example_dags/example_latest_only_with_trigger.py for tasks to queue
[2024-05-11T21:10:44.995+0000] {logging_mixin.py:154} INFO - [2024-05-11T21:10:44.995+0000] {dagbag.py:536} INFO - Filling up the DagBag from /home/airflow/.local/lib/python3.8/site-packages/airflow/example_dags/example_latest_only_with_trigger.py
[2024-05-11T21:10:44.999+0000] {processor.py:839} INFO - DAG(s) dict_keys(['latest_only_with_trigger']) retrieved from /home/airflow/.local/lib/python3.8/site-packages/airflow/example_dags/example_latest_only_with_trigger.py
[2024-05-11T21:10:45.016+0000] {logging_mixin.py:154} INFO - [2024-05-11T21:10:45.016+0000] {dag.py:2941} INFO - Sync 1 DAGs
[2024-05-11T21:10:45.032+0000] {logging_mixin.py:154} INFO - [2024-05-11T21:10:45.032+0000] {dag.py:3722} INFO - Setting next_dagrun for latest_only_with_trigger to 2024-05-11T17:10:45.032322+00:00, run_after=2024-05-11T21:10:45.032322+00:00
[2024-05-11T21:10:45.042+0000] {processor.py:179} INFO - Processing /home/airflow/.local/lib/python3.8/site-packages/airflow/example_dags/example_latest_only_with_trigger.py took 0.054 seconds
[2024-05-11T21:11:15.386+0000] {processor.py:157} INFO - Started process (PID=649) to work on /home/airflow/.local/lib/python3.8/site-packages/airflow/example_dags/example_latest_only_with_trigger.py
[2024-05-11T21:11:15.388+0000] {processor.py:829} INFO - Processing file /home/airflow/.local/lib/python3.8/site-packages/airflow/example_dags/example_latest_only_with_trigger.py for tasks to queue
[2024-05-11T21:11:15.390+0000] {logging_mixin.py:154} INFO - [2024-05-11T21:11:15.389+0000] {dagbag.py:536} INFO - Filling up the DagBag from /home/airflow/.local/lib/python3.8/site-packages/airflow/example_dags/example_latest_only_with_trigger.py
[2024-05-11T21:11:15.394+0000] {processor.py:839} INFO - DAG(s) dict_keys(['latest_only_with_trigger']) retrieved from /home/airflow/.local/lib/python3.8/site-packages/airflow/example_dags/example_latest_only_with_trigger.py
[2024-05-11T21:11:15.411+0000] {logging_mixin.py:154} INFO - [2024-05-11T21:11:15.411+0000] {dag.py:2941} INFO - Sync 1 DAGs
[2024-05-11T21:11:15.425+0000] {logging_mixin.py:154} INFO - [2024-05-11T21:11:15.424+0000] {dag.py:3722} INFO - Setting next_dagrun for latest_only_with_trigger to 2024-05-11T17:11:15.424763+00:00, run_after=2024-05-11T21:11:15.424763+00:00
[2024-05-11T21:11:15.435+0000] {processor.py:179} INFO - Processing /home/airflow/.local/lib/python3.8/site-packages/airflow/example_dags/example_latest_only_with_trigger.py took 0.051 seconds
[2024-05-11T21:11:45.714+0000] {processor.py:157} INFO - Started process (PID=704) to work on /home/airflow/.local/lib/python3.8/site-packages/airflow/example_dags/example_latest_only_with_trigger.py
[2024-05-11T21:11:45.715+0000] {processor.py:829} INFO - Processing file /home/airflow/.local/lib/python3.8/site-packages/airflow/example_dags/example_latest_only_with_trigger.py for tasks to queue
[2024-05-11T21:11:45.718+0000] {logging_mixin.py:154} INFO - [2024-05-11T21:11:45.717+0000] {dagbag.py:536} INFO - Filling up the DagBag from /home/airflow/.local/lib/python3.8/site-packages/airflow/example_dags/example_latest_only_with_trigger.py
[2024-05-11T21:11:45.722+0000] {processor.py:839} INFO - DAG(s) dict_keys(['latest_only_with_trigger']) retrieved from /home/airflow/.local/lib/python3.8/site-packages/airflow/example_dags/example_latest_only_with_trigger.py
[2024-05-11T21:11:45.743+0000] {logging_mixin.py:154} INFO - [2024-05-11T21:11:45.743+0000] {dag.py:2941} INFO - Sync 1 DAGs
[2024-05-11T21:11:45.760+0000] {logging_mixin.py:154} INFO - [2024-05-11T21:11:45.759+0000] {dag.py:3722} INFO - Setting next_dagrun for latest_only_with_trigger to 2024-05-11T17:11:45.759761+00:00, run_after=2024-05-11T21:11:45.759761+00:00
[2024-05-11T21:11:45.772+0000] {processor.py:179} INFO - Processing /home/airflow/.local/lib/python3.8/site-packages/airflow/example_dags/example_latest_only_with_trigger.py took 0.061 seconds
[2024-05-11T21:12:15.933+0000] {processor.py:157} INFO - Started process (PID=760) to work on /home/airflow/.local/lib/python3.8/site-packages/airflow/example_dags/example_latest_only_with_trigger.py
[2024-05-11T21:12:15.934+0000] {processor.py:829} INFO - Processing file /home/airflow/.local/lib/python3.8/site-packages/airflow/example_dags/example_latest_only_with_trigger.py for tasks to queue
[2024-05-11T21:12:15.936+0000] {logging_mixin.py:154} INFO - [2024-05-11T21:12:15.936+0000] {dagbag.py:536} INFO - Filling up the DagBag from /home/airflow/.local/lib/python3.8/site-packages/airflow/example_dags/example_latest_only_with_trigger.py
[2024-05-11T21:12:15.940+0000] {processor.py:839} INFO - DAG(s) dict_keys(['latest_only_with_trigger']) retrieved from /home/airflow/.local/lib/python3.8/site-packages/airflow/example_dags/example_latest_only_with_trigger.py
[2024-05-11T21:12:15.958+0000] {logging_mixin.py:154} INFO - [2024-05-11T21:12:15.958+0000] {dag.py:2941} INFO - Sync 1 DAGs
[2024-05-11T21:12:15.972+0000] {logging_mixin.py:154} INFO - [2024-05-11T21:12:15.972+0000] {dag.py:3722} INFO - Setting next_dagrun for latest_only_with_trigger to 2024-05-11T17:12:15.971834+00:00, run_after=2024-05-11T21:12:15.971834+00:00
[2024-05-11T21:12:15.982+0000] {processor.py:179} INFO - Processing /home/airflow/.local/lib/python3.8/site-packages/airflow/example_dags/example_latest_only_with_trigger.py took 0.053 seconds
[2024-05-11T21:12:46.324+0000] {processor.py:157} INFO - Started process (PID=815) to work on /home/airflow/.local/lib/python3.8/site-packages/airflow/example_dags/example_latest_only_with_trigger.py
[2024-05-11T21:12:46.325+0000] {processor.py:829} INFO - Processing file /home/airflow/.local/lib/python3.8/site-packages/airflow/example_dags/example_latest_only_with_trigger.py for tasks to queue
[2024-05-11T21:12:46.327+0000] {logging_mixin.py:154} INFO - [2024-05-11T21:12:46.327+0000] {dagbag.py:536} INFO - Filling up the DagBag from /home/airflow/.local/lib/python3.8/site-packages/airflow/example_dags/example_latest_only_with_trigger.py
[2024-05-11T21:12:46.331+0000] {processor.py:839} INFO - DAG(s) dict_keys(['latest_only_with_trigger']) retrieved from /home/airflow/.local/lib/python3.8/site-packages/airflow/example_dags/example_latest_only_with_trigger.py
[2024-05-11T21:12:46.353+0000] {logging_mixin.py:154} INFO - [2024-05-11T21:12:46.353+0000] {dag.py:2941} INFO - Sync 1 DAGs
[2024-05-11T21:12:46.368+0000] {logging_mixin.py:154} INFO - [2024-05-11T21:12:46.368+0000] {dag.py:3722} INFO - Setting next_dagrun for latest_only_with_trigger to 2024-05-11T17:12:46.368311+00:00, run_after=2024-05-11T21:12:46.368311+00:00
[2024-05-11T21:12:46.385+0000] {processor.py:179} INFO - Processing /home/airflow/.local/lib/python3.8/site-packages/airflow/example_dags/example_latest_only_with_trigger.py took 0.064 seconds
[2024-05-11T21:13:16.714+0000] {processor.py:157} INFO - Started process (PID=870) to work on /home/airflow/.local/lib/python3.8/site-packages/airflow/example_dags/example_latest_only_with_trigger.py
[2024-05-11T21:13:16.715+0000] {processor.py:829} INFO - Processing file /home/airflow/.local/lib/python3.8/site-packages/airflow/example_dags/example_latest_only_with_trigger.py for tasks to queue
[2024-05-11T21:13:16.717+0000] {logging_mixin.py:154} INFO - [2024-05-11T21:13:16.717+0000] {dagbag.py:536} INFO - Filling up the DagBag from /home/airflow/.local/lib/python3.8/site-packages/airflow/example_dags/example_latest_only_with_trigger.py
[2024-05-11T21:13:16.721+0000] {processor.py:839} INFO - DAG(s) dict_keys(['latest_only_with_trigger']) retrieved from /home/airflow/.local/lib/python3.8/site-packages/airflow/example_dags/example_latest_only_with_trigger.py
[2024-05-11T21:13:16.738+0000] {logging_mixin.py:154} INFO - [2024-05-11T21:13:16.738+0000] {dag.py:2941} INFO - Sync 1 DAGs
[2024-05-11T21:13:16.751+0000] {logging_mixin.py:154} INFO - [2024-05-11T21:13:16.751+0000] {dag.py:3722} INFO - Setting next_dagrun for latest_only_with_trigger to 2024-05-11T17:13:16.750962+00:00, run_after=2024-05-11T21:13:16.750962+00:00
[2024-05-11T21:13:16.761+0000] {processor.py:179} INFO - Processing /home/airflow/.local/lib/python3.8/site-packages/airflow/example_dags/example_latest_only_with_trigger.py took 0.050 seconds
[2024-05-11T21:13:46.907+0000] {processor.py:157} INFO - Started process (PID=925) to work on /home/airflow/.local/lib/python3.8/site-packages/airflow/example_dags/example_latest_only_with_trigger.py
[2024-05-11T21:13:46.908+0000] {processor.py:829} INFO - Processing file /home/airflow/.local/lib/python3.8/site-packages/airflow/example_dags/example_latest_only_with_trigger.py for tasks to queue
[2024-05-11T21:13:46.910+0000] {logging_mixin.py:154} INFO - [2024-05-11T21:13:46.910+0000] {dagbag.py:536} INFO - Filling up the DagBag from /home/airflow/.local/lib/python3.8/site-packages/airflow/example_dags/example_latest_only_with_trigger.py
[2024-05-11T21:13:46.915+0000] {processor.py:839} INFO - DAG(s) dict_keys(['latest_only_with_trigger']) retrieved from /home/airflow/.local/lib/python3.8/site-packages/airflow/example_dags/example_latest_only_with_trigger.py
[2024-05-11T21:13:46.932+0000] {logging_mixin.py:154} INFO - [2024-05-11T21:13:46.932+0000] {dag.py:2941} INFO - Sync 1 DAGs
[2024-05-11T21:13:46.947+0000] {logging_mixin.py:154} INFO - [2024-05-11T21:13:46.947+0000] {dag.py:3722} INFO - Setting next_dagrun for latest_only_with_trigger to 2024-05-11T17:13:46.947473+00:00, run_after=2024-05-11T21:13:46.947473+00:00
[2024-05-11T21:13:46.957+0000] {processor.py:179} INFO - Processing /home/airflow/.local/lib/python3.8/site-packages/airflow/example_dags/example_latest_only_with_trigger.py took 0.053 seconds
[2024-05-11T21:14:17.095+0000] {processor.py:157} INFO - Started process (PID=980) to work on /home/airflow/.local/lib/python3.8/site-packages/airflow/example_dags/example_latest_only_with_trigger.py
[2024-05-11T21:14:17.096+0000] {processor.py:829} INFO - Processing file /home/airflow/.local/lib/python3.8/site-packages/airflow/example_dags/example_latest_only_with_trigger.py for tasks to queue
[2024-05-11T21:14:17.098+0000] {logging_mixin.py:154} INFO - [2024-05-11T21:14:17.098+0000] {dagbag.py:536} INFO - Filling up the DagBag from /home/airflow/.local/lib/python3.8/site-packages/airflow/example_dags/example_latest_only_with_trigger.py
[2024-05-11T21:14:17.102+0000] {processor.py:839} INFO - DAG(s) dict_keys(['latest_only_with_trigger']) retrieved from /home/airflow/.local/lib/python3.8/site-packages/airflow/example_dags/example_latest_only_with_trigger.py
[2024-05-11T21:14:17.119+0000] {logging_mixin.py:154} INFO - [2024-05-11T21:14:17.119+0000] {dag.py:2941} INFO - Sync 1 DAGs
[2024-05-11T21:14:17.134+0000] {logging_mixin.py:154} INFO - [2024-05-11T21:14:17.134+0000] {dag.py:3722} INFO - Setting next_dagrun for latest_only_with_trigger to 2024-05-11T17:14:17.134028+00:00, run_after=2024-05-11T21:14:17.134028+00:00
[2024-05-11T21:14:17.148+0000] {processor.py:179} INFO - Processing /home/airflow/.local/lib/python3.8/site-packages/airflow/example_dags/example_latest_only_with_trigger.py took 0.056 seconds
[2024-05-11T21:14:47.325+0000] {processor.py:157} INFO - Started process (PID=1036) to work on /home/airflow/.local/lib/python3.8/site-packages/airflow/example_dags/example_latest_only_with_trigger.py
[2024-05-11T21:14:47.326+0000] {processor.py:829} INFO - Processing file /home/airflow/.local/lib/python3.8/site-packages/airflow/example_dags/example_latest_only_with_trigger.py for tasks to queue
[2024-05-11T21:14:47.328+0000] {logging_mixin.py:154} INFO - [2024-05-11T21:14:47.328+0000] {dagbag.py:536} INFO - Filling up the DagBag from /home/airflow/.local/lib/python3.8/site-packages/airflow/example_dags/example_latest_only_with_trigger.py
[2024-05-11T21:14:47.332+0000] {processor.py:839} INFO - DAG(s) dict_keys(['latest_only_with_trigger']) retrieved from /home/airflow/.local/lib/python3.8/site-packages/airflow/example_dags/example_latest_only_with_trigger.py
[2024-05-11T21:14:47.350+0000] {logging_mixin.py:154} INFO - [2024-05-11T21:14:47.350+0000] {dag.py:2941} INFO - Sync 1 DAGs
[2024-05-11T21:14:47.365+0000] {logging_mixin.py:154} INFO - [2024-05-11T21:14:47.365+0000] {dag.py:3722} INFO - Setting next_dagrun for latest_only_with_trigger to 2024-05-11T17:14:47.365053+00:00, run_after=2024-05-11T21:14:47.365053+00:00
[2024-05-11T21:14:47.377+0000] {processor.py:179} INFO - Processing /home/airflow/.local/lib/python3.8/site-packages/airflow/example_dags/example_latest_only_with_trigger.py took 0.055 seconds
[2024-05-11T21:15:17.740+0000] {processor.py:157} INFO - Started process (PID=1091) to work on /home/airflow/.local/lib/python3.8/site-packages/airflow/example_dags/example_latest_only_with_trigger.py
[2024-05-11T21:15:17.742+0000] {processor.py:829} INFO - Processing file /home/airflow/.local/lib/python3.8/site-packages/airflow/example_dags/example_latest_only_with_trigger.py for tasks to queue
[2024-05-11T21:15:17.743+0000] {logging_mixin.py:154} INFO - [2024-05-11T21:15:17.743+0000] {dagbag.py:536} INFO - Filling up the DagBag from /home/airflow/.local/lib/python3.8/site-packages/airflow/example_dags/example_latest_only_with_trigger.py
[2024-05-11T21:15:17.749+0000] {processor.py:839} INFO - DAG(s) dict_keys(['latest_only_with_trigger']) retrieved from /home/airflow/.local/lib/python3.8/site-packages/airflow/example_dags/example_latest_only_with_trigger.py
[2024-05-11T21:15:17.766+0000] {logging_mixin.py:154} INFO - [2024-05-11T21:15:17.766+0000] {dag.py:2941} INFO - Sync 1 DAGs
[2024-05-11T21:15:17.779+0000] {logging_mixin.py:154} INFO - [2024-05-11T21:15:17.779+0000] {dag.py:3722} INFO - Setting next_dagrun for latest_only_with_trigger to 2024-05-11T17:15:17.778932+00:00, run_after=2024-05-11T21:15:17.778932+00:00
[2024-05-11T21:15:17.791+0000] {processor.py:179} INFO - Processing /home/airflow/.local/lib/python3.8/site-packages/airflow/example_dags/example_latest_only_with_trigger.py took 0.054 seconds
[2024-05-11T21:16:31.193+0000] {processor.py:157} INFO - Started process (PID=42) to work on /home/airflow/.local/lib/python3.8/site-packages/airflow/example_dags/example_latest_only_with_trigger.py
[2024-05-11T21:16:31.195+0000] {processor.py:829} INFO - Processing file /home/airflow/.local/lib/python3.8/site-packages/airflow/example_dags/example_latest_only_with_trigger.py for tasks to queue
[2024-05-11T21:16:31.205+0000] {logging_mixin.py:154} INFO - [2024-05-11T21:16:31.204+0000] {dagbag.py:536} INFO - Filling up the DagBag from /home/airflow/.local/lib/python3.8/site-packages/airflow/example_dags/example_latest_only_with_trigger.py
[2024-05-11T21:16:31.234+0000] {processor.py:839} INFO - DAG(s) dict_keys(['latest_only_with_trigger']) retrieved from /home/airflow/.local/lib/python3.8/site-packages/airflow/example_dags/example_latest_only_with_trigger.py
[2024-05-11T21:16:31.280+0000] {logging_mixin.py:154} INFO - [2024-05-11T21:16:31.279+0000] {dag.py:2941} INFO - Sync 1 DAGs
[2024-05-11T21:16:31.303+0000] {logging_mixin.py:154} INFO - [2024-05-11T21:16:31.302+0000] {dag.py:3722} INFO - Setting next_dagrun for latest_only_with_trigger to 2024-05-11T17:16:31.302604+00:00, run_after=2024-05-11T21:16:31.302604+00:00
[2024-05-11T21:16:31.334+0000] {processor.py:179} INFO - Processing /home/airflow/.local/lib/python3.8/site-packages/airflow/example_dags/example_latest_only_with_trigger.py took 0.157 seconds
[2024-05-11T21:17:01.886+0000] {processor.py:157} INFO - Started process (PID=98) to work on /home/airflow/.local/lib/python3.8/site-packages/airflow/example_dags/example_latest_only_with_trigger.py
[2024-05-11T21:17:01.887+0000] {processor.py:829} INFO - Processing file /home/airflow/.local/lib/python3.8/site-packages/airflow/example_dags/example_latest_only_with_trigger.py for tasks to queue
[2024-05-11T21:17:01.889+0000] {logging_mixin.py:154} INFO - [2024-05-11T21:17:01.889+0000] {dagbag.py:536} INFO - Filling up the DagBag from /home/airflow/.local/lib/python3.8/site-packages/airflow/example_dags/example_latest_only_with_trigger.py
[2024-05-11T21:17:01.894+0000] {processor.py:839} INFO - DAG(s) dict_keys(['latest_only_with_trigger']) retrieved from /home/airflow/.local/lib/python3.8/site-packages/airflow/example_dags/example_latest_only_with_trigger.py
[2024-05-11T21:17:01.910+0000] {logging_mixin.py:154} INFO - [2024-05-11T21:17:01.910+0000] {dag.py:2941} INFO - Sync 1 DAGs
[2024-05-11T21:17:01.922+0000] {logging_mixin.py:154} INFO - [2024-05-11T21:17:01.922+0000] {dag.py:3722} INFO - Setting next_dagrun for latest_only_with_trigger to 2024-05-11T17:17:01.922240+00:00, run_after=2024-05-11T21:17:01.922240+00:00
[2024-05-11T21:17:01.932+0000] {processor.py:179} INFO - Processing /home/airflow/.local/lib/python3.8/site-packages/airflow/example_dags/example_latest_only_with_trigger.py took 0.048 seconds
[2024-05-11T21:17:32.224+0000] {processor.py:157} INFO - Started process (PID=153) to work on /home/airflow/.local/lib/python3.8/site-packages/airflow/example_dags/example_latest_only_with_trigger.py
[2024-05-11T21:17:32.225+0000] {processor.py:829} INFO - Processing file /home/airflow/.local/lib/python3.8/site-packages/airflow/example_dags/example_latest_only_with_trigger.py for tasks to queue
[2024-05-11T21:17:32.227+0000] {logging_mixin.py:154} INFO - [2024-05-11T21:17:32.227+0000] {dagbag.py:536} INFO - Filling up the DagBag from /home/airflow/.local/lib/python3.8/site-packages/airflow/example_dags/example_latest_only_with_trigger.py
[2024-05-11T21:17:32.232+0000] {processor.py:839} INFO - DAG(s) dict_keys(['latest_only_with_trigger']) retrieved from /home/airflow/.local/lib/python3.8/site-packages/airflow/example_dags/example_latest_only_with_trigger.py
[2024-05-11T21:17:32.249+0000] {logging_mixin.py:154} INFO - [2024-05-11T21:17:32.249+0000] {dag.py:2941} INFO - Sync 1 DAGs
[2024-05-11T21:17:32.261+0000] {logging_mixin.py:154} INFO - [2024-05-11T21:17:32.261+0000] {dag.py:3722} INFO - Setting next_dagrun for latest_only_with_trigger to 2024-05-11T17:17:32.261502+00:00, run_after=2024-05-11T21:17:32.261502+00:00
[2024-05-11T21:17:32.271+0000] {processor.py:179} INFO - Processing /home/airflow/.local/lib/python3.8/site-packages/airflow/example_dags/example_latest_only_with_trigger.py took 0.050 seconds
[2024-05-11T21:18:02.650+0000] {processor.py:157} INFO - Started process (PID=209) to work on /home/airflow/.local/lib/python3.8/site-packages/airflow/example_dags/example_latest_only_with_trigger.py
[2024-05-11T21:18:02.651+0000] {processor.py:829} INFO - Processing file /home/airflow/.local/lib/python3.8/site-packages/airflow/example_dags/example_latest_only_with_trigger.py for tasks to queue
[2024-05-11T21:18:02.653+0000] {logging_mixin.py:154} INFO - [2024-05-11T21:18:02.653+0000] {dagbag.py:536} INFO - Filling up the DagBag from /home/airflow/.local/lib/python3.8/site-packages/airflow/example_dags/example_latest_only_with_trigger.py
[2024-05-11T21:18:02.658+0000] {processor.py:839} INFO - DAG(s) dict_keys(['latest_only_with_trigger']) retrieved from /home/airflow/.local/lib/python3.8/site-packages/airflow/example_dags/example_latest_only_with_trigger.py
[2024-05-11T21:18:02.675+0000] {logging_mixin.py:154} INFO - [2024-05-11T21:18:02.674+0000] {dag.py:2941} INFO - Sync 1 DAGs
[2024-05-11T21:18:02.687+0000] {logging_mixin.py:154} INFO - [2024-05-11T21:18:02.687+0000] {dag.py:3722} INFO - Setting next_dagrun for latest_only_with_trigger to 2024-05-11T17:18:02.687487+00:00, run_after=2024-05-11T21:18:02.687487+00:00
[2024-05-11T21:18:02.699+0000] {processor.py:179} INFO - Processing /home/airflow/.local/lib/python3.8/site-packages/airflow/example_dags/example_latest_only_with_trigger.py took 0.051 seconds
[2024-05-11T21:18:32.834+0000] {processor.py:157} INFO - Started process (PID=264) to work on /home/airflow/.local/lib/python3.8/site-packages/airflow/example_dags/example_latest_only_with_trigger.py
[2024-05-11T21:18:32.836+0000] {processor.py:829} INFO - Processing file /home/airflow/.local/lib/python3.8/site-packages/airflow/example_dags/example_latest_only_with_trigger.py for tasks to queue
[2024-05-11T21:18:32.839+0000] {logging_mixin.py:154} INFO - [2024-05-11T21:18:32.838+0000] {dagbag.py:536} INFO - Filling up the DagBag from /home/airflow/.local/lib/python3.8/site-packages/airflow/example_dags/example_latest_only_with_trigger.py
[2024-05-11T21:18:32.843+0000] {processor.py:839} INFO - DAG(s) dict_keys(['latest_only_with_trigger']) retrieved from /home/airflow/.local/lib/python3.8/site-packages/airflow/example_dags/example_latest_only_with_trigger.py
[2024-05-11T21:18:32.859+0000] {logging_mixin.py:154} INFO - [2024-05-11T21:18:32.859+0000] {dag.py:2941} INFO - Sync 1 DAGs
[2024-05-11T21:18:32.873+0000] {logging_mixin.py:154} INFO - [2024-05-11T21:18:32.873+0000] {dag.py:3722} INFO - Setting next_dagrun for latest_only_with_trigger to 2024-05-11T17:18:32.872912+00:00, run_after=2024-05-11T21:18:32.872912+00:00
[2024-05-11T21:18:32.883+0000] {processor.py:179} INFO - Processing /home/airflow/.local/lib/python3.8/site-packages/airflow/example_dags/example_latest_only_with_trigger.py took 0.051 seconds
[2024-05-11T21:19:03.065+0000] {processor.py:157} INFO - Started process (PID=319) to work on /home/airflow/.local/lib/python3.8/site-packages/airflow/example_dags/example_latest_only_with_trigger.py
[2024-05-11T21:19:03.066+0000] {processor.py:829} INFO - Processing file /home/airflow/.local/lib/python3.8/site-packages/airflow/example_dags/example_latest_only_with_trigger.py for tasks to queue
[2024-05-11T21:19:03.069+0000] {logging_mixin.py:154} INFO - [2024-05-11T21:19:03.069+0000] {dagbag.py:536} INFO - Filling up the DagBag from /home/airflow/.local/lib/python3.8/site-packages/airflow/example_dags/example_latest_only_with_trigger.py
[2024-05-11T21:19:03.073+0000] {processor.py:839} INFO - DAG(s) dict_keys(['latest_only_with_trigger']) retrieved from /home/airflow/.local/lib/python3.8/site-packages/airflow/example_dags/example_latest_only_with_trigger.py
[2024-05-11T21:19:03.091+0000] {logging_mixin.py:154} INFO - [2024-05-11T21:19:03.091+0000] {dag.py:2941} INFO - Sync 1 DAGs
[2024-05-11T21:19:03.106+0000] {logging_mixin.py:154} INFO - [2024-05-11T21:19:03.105+0000] {dag.py:3722} INFO - Setting next_dagrun for latest_only_with_trigger to 2024-05-11T17:19:03.105745+00:00, run_after=2024-05-11T21:19:03.105745+00:00
[2024-05-11T21:19:03.119+0000] {processor.py:179} INFO - Processing /home/airflow/.local/lib/python3.8/site-packages/airflow/example_dags/example_latest_only_with_trigger.py took 0.057 seconds
[2024-05-11T21:19:33.469+0000] {processor.py:157} INFO - Started process (PID=374) to work on /home/airflow/.local/lib/python3.8/site-packages/airflow/example_dags/example_latest_only_with_trigger.py
[2024-05-11T21:19:33.471+0000] {processor.py:829} INFO - Processing file /home/airflow/.local/lib/python3.8/site-packages/airflow/example_dags/example_latest_only_with_trigger.py for tasks to queue
[2024-05-11T21:19:33.473+0000] {logging_mixin.py:154} INFO - [2024-05-11T21:19:33.472+0000] {dagbag.py:536} INFO - Filling up the DagBag from /home/airflow/.local/lib/python3.8/site-packages/airflow/example_dags/example_latest_only_with_trigger.py
[2024-05-11T21:19:33.477+0000] {processor.py:839} INFO - DAG(s) dict_keys(['latest_only_with_trigger']) retrieved from /home/airflow/.local/lib/python3.8/site-packages/airflow/example_dags/example_latest_only_with_trigger.py
[2024-05-11T21:19:33.494+0000] {logging_mixin.py:154} INFO - [2024-05-11T21:19:33.494+0000] {dag.py:2941} INFO - Sync 1 DAGs
[2024-05-11T21:19:33.507+0000] {logging_mixin.py:154} INFO - [2024-05-11T21:19:33.507+0000] {dag.py:3722} INFO - Setting next_dagrun for latest_only_with_trigger to 2024-05-11T17:19:33.507451+00:00, run_after=2024-05-11T21:19:33.507451+00:00
[2024-05-11T21:19:33.519+0000] {processor.py:179} INFO - Processing /home/airflow/.local/lib/python3.8/site-packages/airflow/example_dags/example_latest_only_with_trigger.py took 0.052 seconds
[2024-05-11T21:20:03.849+0000] {processor.py:157} INFO - Started process (PID=429) to work on /home/airflow/.local/lib/python3.8/site-packages/airflow/example_dags/example_latest_only_with_trigger.py
[2024-05-11T21:20:03.851+0000] {processor.py:829} INFO - Processing file /home/airflow/.local/lib/python3.8/site-packages/airflow/example_dags/example_latest_only_with_trigger.py for tasks to queue
[2024-05-11T21:20:03.853+0000] {logging_mixin.py:154} INFO - [2024-05-11T21:20:03.852+0000] {dagbag.py:536} INFO - Filling up the DagBag from /home/airflow/.local/lib/python3.8/site-packages/airflow/example_dags/example_latest_only_with_trigger.py
[2024-05-11T21:20:03.857+0000] {processor.py:839} INFO - DAG(s) dict_keys(['latest_only_with_trigger']) retrieved from /home/airflow/.local/lib/python3.8/site-packages/airflow/example_dags/example_latest_only_with_trigger.py
[2024-05-11T21:20:03.873+0000] {logging_mixin.py:154} INFO - [2024-05-11T21:20:03.873+0000] {dag.py:2941} INFO - Sync 1 DAGs
[2024-05-11T21:20:03.885+0000] {logging_mixin.py:154} INFO - [2024-05-11T21:20:03.885+0000] {dag.py:3722} INFO - Setting next_dagrun for latest_only_with_trigger to 2024-05-11T17:20:03.885437+00:00, run_after=2024-05-11T21:20:03.885437+00:00
[2024-05-11T21:20:03.897+0000] {processor.py:179} INFO - Processing /home/airflow/.local/lib/python3.8/site-packages/airflow/example_dags/example_latest_only_with_trigger.py took 0.050 seconds
[2024-05-11T21:20:34.055+0000] {processor.py:157} INFO - Started process (PID=484) to work on /home/airflow/.local/lib/python3.8/site-packages/airflow/example_dags/example_latest_only_with_trigger.py
[2024-05-11T21:20:34.059+0000] {processor.py:829} INFO - Processing file /home/airflow/.local/lib/python3.8/site-packages/airflow/example_dags/example_latest_only_with_trigger.py for tasks to queue
[2024-05-11T21:20:34.062+0000] {logging_mixin.py:154} INFO - [2024-05-11T21:20:34.061+0000] {dagbag.py:536} INFO - Filling up the DagBag from /home/airflow/.local/lib/python3.8/site-packages/airflow/example_dags/example_latest_only_with_trigger.py
[2024-05-11T21:20:34.066+0000] {processor.py:839} INFO - DAG(s) dict_keys(['latest_only_with_trigger']) retrieved from /home/airflow/.local/lib/python3.8/site-packages/airflow/example_dags/example_latest_only_with_trigger.py
[2024-05-11T21:20:34.085+0000] {logging_mixin.py:154} INFO - [2024-05-11T21:20:34.084+0000] {dag.py:2941} INFO - Sync 1 DAGs
[2024-05-11T21:20:34.099+0000] {logging_mixin.py:154} INFO - [2024-05-11T21:20:34.099+0000] {dag.py:3722} INFO - Setting next_dagrun for latest_only_with_trigger to 2024-05-11T17:20:34.099023+00:00, run_after=2024-05-11T21:20:34.099023+00:00
[2024-05-11T21:20:34.111+0000] {processor.py:179} INFO - Processing /home/airflow/.local/lib/python3.8/site-packages/airflow/example_dags/example_latest_only_with_trigger.py took 0.061 seconds
[2024-05-11T21:21:04.217+0000] {processor.py:157} INFO - Started process (PID=539) to work on /home/airflow/.local/lib/python3.8/site-packages/airflow/example_dags/example_latest_only_with_trigger.py
[2024-05-11T21:21:04.218+0000] {processor.py:829} INFO - Processing file /home/airflow/.local/lib/python3.8/site-packages/airflow/example_dags/example_latest_only_with_trigger.py for tasks to queue
[2024-05-11T21:21:04.220+0000] {logging_mixin.py:154} INFO - [2024-05-11T21:21:04.220+0000] {dagbag.py:536} INFO - Filling up the DagBag from /home/airflow/.local/lib/python3.8/site-packages/airflow/example_dags/example_latest_only_with_trigger.py
[2024-05-11T21:21:04.224+0000] {processor.py:839} INFO - DAG(s) dict_keys(['latest_only_with_trigger']) retrieved from /home/airflow/.local/lib/python3.8/site-packages/airflow/example_dags/example_latest_only_with_trigger.py
[2024-05-11T21:21:04.240+0000] {logging_mixin.py:154} INFO - [2024-05-11T21:21:04.240+0000] {dag.py:2941} INFO - Sync 1 DAGs
[2024-05-11T21:21:04.252+0000] {logging_mixin.py:154} INFO - [2024-05-11T21:21:04.252+0000] {dag.py:3722} INFO - Setting next_dagrun for latest_only_with_trigger to 2024-05-11T17:21:04.252226+00:00, run_after=2024-05-11T21:21:04.252226+00:00
[2024-05-11T21:21:04.261+0000] {processor.py:179} INFO - Processing /home/airflow/.local/lib/python3.8/site-packages/airflow/example_dags/example_latest_only_with_trigger.py took 0.047 seconds
[2024-05-11T21:21:34.721+0000] {processor.py:157} INFO - Started process (PID=594) to work on /home/airflow/.local/lib/python3.8/site-packages/airflow/example_dags/example_latest_only_with_trigger.py
[2024-05-11T21:21:34.722+0000] {processor.py:829} INFO - Processing file /home/airflow/.local/lib/python3.8/site-packages/airflow/example_dags/example_latest_only_with_trigger.py for tasks to queue
[2024-05-11T21:21:34.724+0000] {logging_mixin.py:154} INFO - [2024-05-11T21:21:34.724+0000] {dagbag.py:536} INFO - Filling up the DagBag from /home/airflow/.local/lib/python3.8/site-packages/airflow/example_dags/example_latest_only_with_trigger.py
[2024-05-11T21:21:34.729+0000] {processor.py:839} INFO - DAG(s) dict_keys(['latest_only_with_trigger']) retrieved from /home/airflow/.local/lib/python3.8/site-packages/airflow/example_dags/example_latest_only_with_trigger.py
[2024-05-11T21:21:34.745+0000] {logging_mixin.py:154} INFO - [2024-05-11T21:21:34.745+0000] {dag.py:2941} INFO - Sync 1 DAGs
[2024-05-11T21:21:34.757+0000] {logging_mixin.py:154} INFO - [2024-05-11T21:21:34.757+0000] {dag.py:3722} INFO - Setting next_dagrun for latest_only_with_trigger to 2024-05-11T17:21:34.757541+00:00, run_after=2024-05-11T21:21:34.757541+00:00
[2024-05-11T21:21:34.768+0000] {processor.py:179} INFO - Processing /home/airflow/.local/lib/python3.8/site-packages/airflow/example_dags/example_latest_only_with_trigger.py took 0.050 seconds
[2024-05-11T21:42:05.661+0000] {processor.py:157} INFO - Started process (PID=55) to work on /home/airflow/.local/lib/python3.8/site-packages/airflow/example_dags/example_latest_only_with_trigger.py
[2024-05-11T21:42:05.693+0000] {processor.py:829} INFO - Processing file /home/airflow/.local/lib/python3.8/site-packages/airflow/example_dags/example_latest_only_with_trigger.py for tasks to queue
[2024-05-11T21:42:05.714+0000] {logging_mixin.py:154} INFO - [2024-05-11T21:42:05.713+0000] {dagbag.py:536} INFO - Filling up the DagBag from /home/airflow/.local/lib/python3.8/site-packages/airflow/example_dags/example_latest_only_with_trigger.py
[2024-05-11T21:42:05.734+0000] {processor.py:839} INFO - DAG(s) dict_keys(['latest_only_with_trigger']) retrieved from /home/airflow/.local/lib/python3.8/site-packages/airflow/example_dags/example_latest_only_with_trigger.py
[2024-05-11T21:42:05.956+0000] {logging_mixin.py:154} INFO - [2024-05-11T21:42:05.956+0000] {manager.py:499} INFO - Created Permission View: %s
[2024-05-11T21:42:05.986+0000] {logging_mixin.py:154} INFO - [2024-05-11T21:42:05.986+0000] {manager.py:499} INFO - Created Permission View: %s
[2024-05-11T21:42:06.000+0000] {logging_mixin.py:154} INFO - [2024-05-11T21:42:06.000+0000] {manager.py:499} INFO - Created Permission View: %s
[2024-05-11T21:42:06.001+0000] {logging_mixin.py:154} INFO - [2024-05-11T21:42:06.001+0000] {dag.py:2941} INFO - Sync 1 DAGs
[2024-05-11T21:42:06.012+0000] {logging_mixin.py:154} INFO - [2024-05-11T21:42:06.011+0000] {dag.py:2963} INFO - Creating ORM DAG for latest_only_with_trigger
[2024-05-11T21:42:06.029+0000] {logging_mixin.py:154} INFO - [2024-05-11T21:42:06.028+0000] {dag.py:3722} INFO - Setting next_dagrun for latest_only_with_trigger to 2024-05-11T17:42:06.027531+00:00, run_after=2024-05-11T21:42:06.027531+00:00
[2024-05-11T21:42:06.049+0000] {processor.py:179} INFO - Processing /home/airflow/.local/lib/python3.8/site-packages/airflow/example_dags/example_latest_only_with_trigger.py took 0.431 seconds
[2024-05-11T21:42:36.989+0000] {processor.py:157} INFO - Started process (PID=110) to work on /home/airflow/.local/lib/python3.8/site-packages/airflow/example_dags/example_latest_only_with_trigger.py
[2024-05-11T21:42:36.991+0000] {processor.py:829} INFO - Processing file /home/airflow/.local/lib/python3.8/site-packages/airflow/example_dags/example_latest_only_with_trigger.py for tasks to queue
[2024-05-11T21:42:36.994+0000] {logging_mixin.py:154} INFO - [2024-05-11T21:42:36.993+0000] {dagbag.py:536} INFO - Filling up the DagBag from /home/airflow/.local/lib/python3.8/site-packages/airflow/example_dags/example_latest_only_with_trigger.py
[2024-05-11T21:42:36.999+0000] {processor.py:839} INFO - DAG(s) dict_keys(['latest_only_with_trigger']) retrieved from /home/airflow/.local/lib/python3.8/site-packages/airflow/example_dags/example_latest_only_with_trigger.py
[2024-05-11T21:42:37.021+0000] {logging_mixin.py:154} INFO - [2024-05-11T21:42:37.021+0000] {dag.py:2941} INFO - Sync 1 DAGs
[2024-05-11T21:42:37.037+0000] {logging_mixin.py:154} INFO - [2024-05-11T21:42:37.037+0000] {dag.py:3722} INFO - Setting next_dagrun for latest_only_with_trigger to 2024-05-11T17:42:37.037476+00:00, run_after=2024-05-11T21:42:37.037476+00:00
[2024-05-11T21:42:37.068+0000] {processor.py:179} INFO - Processing /home/airflow/.local/lib/python3.8/site-packages/airflow/example_dags/example_latest_only_with_trigger.py took 0.084 seconds
[2024-05-11T21:43:07.173+0000] {processor.py:157} INFO - Started process (PID=165) to work on /home/airflow/.local/lib/python3.8/site-packages/airflow/example_dags/example_latest_only_with_trigger.py
[2024-05-11T21:43:07.175+0000] {processor.py:829} INFO - Processing file /home/airflow/.local/lib/python3.8/site-packages/airflow/example_dags/example_latest_only_with_trigger.py for tasks to queue
[2024-05-11T21:43:07.177+0000] {logging_mixin.py:154} INFO - [2024-05-11T21:43:07.177+0000] {dagbag.py:536} INFO - Filling up the DagBag from /home/airflow/.local/lib/python3.8/site-packages/airflow/example_dags/example_latest_only_with_trigger.py
[2024-05-11T21:43:07.184+0000] {processor.py:839} INFO - DAG(s) dict_keys(['latest_only_with_trigger']) retrieved from /home/airflow/.local/lib/python3.8/site-packages/airflow/example_dags/example_latest_only_with_trigger.py
[2024-05-11T21:43:07.213+0000] {logging_mixin.py:154} INFO - [2024-05-11T21:43:07.212+0000] {dag.py:2941} INFO - Sync 1 DAGs
[2024-05-11T21:43:07.229+0000] {logging_mixin.py:154} INFO - [2024-05-11T21:43:07.229+0000] {dag.py:3722} INFO - Setting next_dagrun for latest_only_with_trigger to 2024-05-11T17:43:07.229137+00:00, run_after=2024-05-11T21:43:07.229137+00:00
[2024-05-11T21:43:07.243+0000] {processor.py:179} INFO - Processing /home/airflow/.local/lib/python3.8/site-packages/airflow/example_dags/example_latest_only_with_trigger.py took 0.073 seconds
[2024-05-11T21:43:37.736+0000] {processor.py:157} INFO - Started process (PID=220) to work on /home/airflow/.local/lib/python3.8/site-packages/airflow/example_dags/example_latest_only_with_trigger.py
[2024-05-11T21:43:37.738+0000] {processor.py:829} INFO - Processing file /home/airflow/.local/lib/python3.8/site-packages/airflow/example_dags/example_latest_only_with_trigger.py for tasks to queue
[2024-05-11T21:43:37.741+0000] {logging_mixin.py:154} INFO - [2024-05-11T21:43:37.741+0000] {dagbag.py:536} INFO - Filling up the DagBag from /home/airflow/.local/lib/python3.8/site-packages/airflow/example_dags/example_latest_only_with_trigger.py
[2024-05-11T21:43:37.747+0000] {processor.py:839} INFO - DAG(s) dict_keys(['latest_only_with_trigger']) retrieved from /home/airflow/.local/lib/python3.8/site-packages/airflow/example_dags/example_latest_only_with_trigger.py
[2024-05-11T21:43:37.778+0000] {logging_mixin.py:154} INFO - [2024-05-11T21:43:37.778+0000] {dag.py:2941} INFO - Sync 1 DAGs
[2024-05-11T21:43:37.797+0000] {logging_mixin.py:154} INFO - [2024-05-11T21:43:37.797+0000] {dag.py:3722} INFO - Setting next_dagrun for latest_only_with_trigger to 2024-05-11T17:43:37.797007+00:00, run_after=2024-05-11T21:43:37.797007+00:00
[2024-05-11T21:43:37.816+0000] {processor.py:179} INFO - Processing /home/airflow/.local/lib/python3.8/site-packages/airflow/example_dags/example_latest_only_with_trigger.py took 0.084 seconds
[2024-05-11T21:44:08.481+0000] {processor.py:157} INFO - Started process (PID=275) to work on /home/airflow/.local/lib/python3.8/site-packages/airflow/example_dags/example_latest_only_with_trigger.py
[2024-05-11T21:44:08.484+0000] {processor.py:829} INFO - Processing file /home/airflow/.local/lib/python3.8/site-packages/airflow/example_dags/example_latest_only_with_trigger.py for tasks to queue
[2024-05-11T21:44:08.487+0000] {logging_mixin.py:154} INFO - [2024-05-11T21:44:08.487+0000] {dagbag.py:536} INFO - Filling up the DagBag from /home/airflow/.local/lib/python3.8/site-packages/airflow/example_dags/example_latest_only_with_trigger.py
[2024-05-11T21:44:08.493+0000] {processor.py:839} INFO - DAG(s) dict_keys(['latest_only_with_trigger']) retrieved from /home/airflow/.local/lib/python3.8/site-packages/airflow/example_dags/example_latest_only_with_trigger.py
[2024-05-11T21:44:08.522+0000] {logging_mixin.py:154} INFO - [2024-05-11T21:44:08.522+0000] {dag.py:2941} INFO - Sync 1 DAGs
[2024-05-11T21:44:08.542+0000] {logging_mixin.py:154} INFO - [2024-05-11T21:44:08.541+0000] {dag.py:3722} INFO - Setting next_dagrun for latest_only_with_trigger to 2024-05-11T17:44:08.541553+00:00, run_after=2024-05-11T21:44:08.541553+00:00
[2024-05-11T21:44:08.555+0000] {processor.py:179} INFO - Processing /home/airflow/.local/lib/python3.8/site-packages/airflow/example_dags/example_latest_only_with_trigger.py took 0.078 seconds
[2024-05-11T21:44:39.020+0000] {processor.py:157} INFO - Started process (PID=330) to work on /home/airflow/.local/lib/python3.8/site-packages/airflow/example_dags/example_latest_only_with_trigger.py
[2024-05-11T21:44:39.022+0000] {processor.py:829} INFO - Processing file /home/airflow/.local/lib/python3.8/site-packages/airflow/example_dags/example_latest_only_with_trigger.py for tasks to queue
[2024-05-11T21:44:39.024+0000] {logging_mixin.py:154} INFO - [2024-05-11T21:44:39.024+0000] {dagbag.py:536} INFO - Filling up the DagBag from /home/airflow/.local/lib/python3.8/site-packages/airflow/example_dags/example_latest_only_with_trigger.py
[2024-05-11T21:44:39.030+0000] {processor.py:839} INFO - DAG(s) dict_keys(['latest_only_with_trigger']) retrieved from /home/airflow/.local/lib/python3.8/site-packages/airflow/example_dags/example_latest_only_with_trigger.py
[2024-05-11T21:44:39.052+0000] {logging_mixin.py:154} INFO - [2024-05-11T21:44:39.052+0000] {dag.py:2941} INFO - Sync 1 DAGs
[2024-05-11T21:44:39.072+0000] {logging_mixin.py:154} INFO - [2024-05-11T21:44:39.072+0000] {dag.py:3722} INFO - Setting next_dagrun for latest_only_with_trigger to 2024-05-11T17:44:39.072191+00:00, run_after=2024-05-11T21:44:39.072191+00:00
[2024-05-11T21:44:39.087+0000] {processor.py:179} INFO - Processing /home/airflow/.local/lib/python3.8/site-packages/airflow/example_dags/example_latest_only_with_trigger.py took 0.071 seconds
[2024-05-11T21:45:09.541+0000] {processor.py:157} INFO - Started process (PID=385) to work on /home/airflow/.local/lib/python3.8/site-packages/airflow/example_dags/example_latest_only_with_trigger.py
[2024-05-11T21:45:09.544+0000] {processor.py:829} INFO - Processing file /home/airflow/.local/lib/python3.8/site-packages/airflow/example_dags/example_latest_only_with_trigger.py for tasks to queue
[2024-05-11T21:45:09.548+0000] {logging_mixin.py:154} INFO - [2024-05-11T21:45:09.547+0000] {dagbag.py:536} INFO - Filling up the DagBag from /home/airflow/.local/lib/python3.8/site-packages/airflow/example_dags/example_latest_only_with_trigger.py
[2024-05-11T21:45:09.555+0000] {processor.py:839} INFO - DAG(s) dict_keys(['latest_only_with_trigger']) retrieved from /home/airflow/.local/lib/python3.8/site-packages/airflow/example_dags/example_latest_only_with_trigger.py
[2024-05-11T21:45:09.579+0000] {logging_mixin.py:154} INFO - [2024-05-11T21:45:09.579+0000] {dag.py:2941} INFO - Sync 1 DAGs
[2024-05-11T21:45:09.600+0000] {logging_mixin.py:154} INFO - [2024-05-11T21:45:09.599+0000] {dag.py:3722} INFO - Setting next_dagrun for latest_only_with_trigger to 2024-05-11T17:45:09.599667+00:00, run_after=2024-05-11T21:45:09.599667+00:00
[2024-05-11T21:45:09.615+0000] {processor.py:179} INFO - Processing /home/airflow/.local/lib/python3.8/site-packages/airflow/example_dags/example_latest_only_with_trigger.py took 0.078 seconds
[2024-05-11T21:45:39.794+0000] {processor.py:157} INFO - Started process (PID=441) to work on /home/airflow/.local/lib/python3.8/site-packages/airflow/example_dags/example_latest_only_with_trigger.py
[2024-05-11T21:45:39.799+0000] {processor.py:829} INFO - Processing file /home/airflow/.local/lib/python3.8/site-packages/airflow/example_dags/example_latest_only_with_trigger.py for tasks to queue
[2024-05-11T21:45:39.807+0000] {logging_mixin.py:154} INFO - [2024-05-11T21:45:39.806+0000] {dagbag.py:536} INFO - Filling up the DagBag from /home/airflow/.local/lib/python3.8/site-packages/airflow/example_dags/example_latest_only_with_trigger.py
[2024-05-11T21:45:39.818+0000] {processor.py:839} INFO - DAG(s) dict_keys(['latest_only_with_trigger']) retrieved from /home/airflow/.local/lib/python3.8/site-packages/airflow/example_dags/example_latest_only_with_trigger.py
[2024-05-11T21:45:39.875+0000] {logging_mixin.py:154} INFO - [2024-05-11T21:45:39.874+0000] {dag.py:2941} INFO - Sync 1 DAGs
[2024-05-11T21:45:39.902+0000] {logging_mixin.py:154} INFO - [2024-05-11T21:45:39.901+0000] {dag.py:3722} INFO - Setting next_dagrun for latest_only_with_trigger to 2024-05-11T17:45:39.901210+00:00, run_after=2024-05-11T21:45:39.901210+00:00
[2024-05-11T21:45:39.930+0000] {processor.py:179} INFO - Processing /home/airflow/.local/lib/python3.8/site-packages/airflow/example_dags/example_latest_only_with_trigger.py took 0.145 seconds
[2024-05-11T21:46:10.043+0000] {processor.py:157} INFO - Started process (PID=497) to work on /home/airflow/.local/lib/python3.8/site-packages/airflow/example_dags/example_latest_only_with_trigger.py
[2024-05-11T21:46:10.045+0000] {processor.py:829} INFO - Processing file /home/airflow/.local/lib/python3.8/site-packages/airflow/example_dags/example_latest_only_with_trigger.py for tasks to queue
[2024-05-11T21:46:10.047+0000] {logging_mixin.py:154} INFO - [2024-05-11T21:46:10.047+0000] {dagbag.py:536} INFO - Filling up the DagBag from /home/airflow/.local/lib/python3.8/site-packages/airflow/example_dags/example_latest_only_with_trigger.py
[2024-05-11T21:46:10.053+0000] {processor.py:839} INFO - DAG(s) dict_keys(['latest_only_with_trigger']) retrieved from /home/airflow/.local/lib/python3.8/site-packages/airflow/example_dags/example_latest_only_with_trigger.py
[2024-05-11T21:46:10.076+0000] {logging_mixin.py:154} INFO - [2024-05-11T21:46:10.076+0000] {dag.py:2941} INFO - Sync 1 DAGs
[2024-05-11T21:46:10.092+0000] {logging_mixin.py:154} INFO - [2024-05-11T21:46:10.092+0000] {dag.py:3722} INFO - Setting next_dagrun for latest_only_with_trigger to 2024-05-11T17:46:10.091766+00:00, run_after=2024-05-11T21:46:10.091766+00:00
[2024-05-11T21:46:10.105+0000] {processor.py:179} INFO - Processing /home/airflow/.local/lib/python3.8/site-packages/airflow/example_dags/example_latest_only_with_trigger.py took 0.066 seconds
[2024-05-11T21:46:40.587+0000] {processor.py:157} INFO - Started process (PID=551) to work on /home/airflow/.local/lib/python3.8/site-packages/airflow/example_dags/example_latest_only_with_trigger.py
[2024-05-11T21:46:40.589+0000] {processor.py:829} INFO - Processing file /home/airflow/.local/lib/python3.8/site-packages/airflow/example_dags/example_latest_only_with_trigger.py for tasks to queue
[2024-05-11T21:46:40.591+0000] {logging_mixin.py:154} INFO - [2024-05-11T21:46:40.591+0000] {dagbag.py:536} INFO - Filling up the DagBag from /home/airflow/.local/lib/python3.8/site-packages/airflow/example_dags/example_latest_only_with_trigger.py
[2024-05-11T21:46:40.596+0000] {processor.py:839} INFO - DAG(s) dict_keys(['latest_only_with_trigger']) retrieved from /home/airflow/.local/lib/python3.8/site-packages/airflow/example_dags/example_latest_only_with_trigger.py
[2024-05-11T21:46:40.632+0000] {logging_mixin.py:154} INFO - [2024-05-11T21:46:40.631+0000] {dag.py:2941} INFO - Sync 1 DAGs
[2024-05-11T21:46:40.667+0000] {logging_mixin.py:154} INFO - [2024-05-11T21:46:40.667+0000] {dag.py:3722} INFO - Setting next_dagrun for latest_only_with_trigger to 2024-05-11T17:46:40.666298+00:00, run_after=2024-05-11T21:46:40.666298+00:00
[2024-05-11T21:46:40.686+0000] {processor.py:179} INFO - Processing /home/airflow/.local/lib/python3.8/site-packages/airflow/example_dags/example_latest_only_with_trigger.py took 0.102 seconds
