[2024-05-11T21:03:21.128+0000] {processor.py:157} INFO - Started process (PID=65) to work on /home/airflow/.local/lib/python3.8/site-packages/airflow/example_dags/example_trigger_controller_dag.py
[2024-05-11T21:03:21.130+0000] {processor.py:829} INFO - Processing file /home/airflow/.local/lib/python3.8/site-packages/airflow/example_dags/example_trigger_controller_dag.py for tasks to queue
[2024-05-11T21:03:21.133+0000] {logging_mixin.py:154} INFO - [2024-05-11T21:03:21.132+0000] {dagbag.py:536} INFO - Filling up the DagBag from /home/airflow/.local/lib/python3.8/site-packages/airflow/example_dags/example_trigger_controller_dag.py
[2024-05-11T21:03:21.141+0000] {processor.py:839} INFO - DAG(s) dict_keys(['example_trigger_controller_dag']) retrieved from /home/airflow/.local/lib/python3.8/site-packages/airflow/example_dags/example_trigger_controller_dag.py
[2024-05-11T21:03:21.211+0000] {logging_mixin.py:154} INFO - [2024-05-11T21:03:21.211+0000] {manager.py:499} INFO - Created Permission View: %s
[2024-05-11T21:03:21.218+0000] {logging_mixin.py:154} INFO - [2024-05-11T21:03:21.218+0000] {manager.py:499} INFO - Created Permission View: %s
[2024-05-11T21:03:21.222+0000] {logging_mixin.py:154} INFO - [2024-05-11T21:03:21.222+0000] {manager.py:499} INFO - Created Permission View: %s
[2024-05-11T21:03:21.223+0000] {logging_mixin.py:154} INFO - [2024-05-11T21:03:21.223+0000] {dag.py:2941} INFO - Sync 1 DAGs
[2024-05-11T21:03:21.229+0000] {logging_mixin.py:154} INFO - [2024-05-11T21:03:21.229+0000] {dag.py:2963} INFO - Creating ORM DAG for example_trigger_controller_dag
[2024-05-11T21:03:21.245+0000] {logging_mixin.py:154} INFO - [2024-05-11T21:03:21.245+0000] {dag.py:3722} INFO - Setting next_dagrun for example_trigger_controller_dag to 2021-01-01T00:00:00+00:00, run_after=2021-01-01T00:00:00+00:00
[2024-05-11T21:03:21.258+0000] {processor.py:179} INFO - Processing /home/airflow/.local/lib/python3.8/site-packages/airflow/example_dags/example_trigger_controller_dag.py took 0.134 seconds
[2024-05-11T21:03:52.053+0000] {processor.py:157} INFO - Started process (PID=120) to work on /home/airflow/.local/lib/python3.8/site-packages/airflow/example_dags/example_trigger_controller_dag.py
[2024-05-11T21:03:52.055+0000] {processor.py:829} INFO - Processing file /home/airflow/.local/lib/python3.8/site-packages/airflow/example_dags/example_trigger_controller_dag.py for tasks to queue
[2024-05-11T21:03:52.058+0000] {logging_mixin.py:154} INFO - [2024-05-11T21:03:52.058+0000] {dagbag.py:536} INFO - Filling up the DagBag from /home/airflow/.local/lib/python3.8/site-packages/airflow/example_dags/example_trigger_controller_dag.py
[2024-05-11T21:03:52.062+0000] {processor.py:839} INFO - DAG(s) dict_keys(['example_trigger_controller_dag']) retrieved from /home/airflow/.local/lib/python3.8/site-packages/airflow/example_dags/example_trigger_controller_dag.py
[2024-05-11T21:03:52.081+0000] {logging_mixin.py:154} INFO - [2024-05-11T21:03:52.081+0000] {dag.py:2941} INFO - Sync 1 DAGs
[2024-05-11T21:03:52.095+0000] {logging_mixin.py:154} INFO - [2024-05-11T21:03:52.095+0000] {dag.py:3722} INFO - Setting next_dagrun for example_trigger_controller_dag to 2021-01-01T00:00:00+00:00, run_after=2021-01-01T00:00:00+00:00
[2024-05-11T21:03:52.108+0000] {processor.py:179} INFO - Processing /home/airflow/.local/lib/python3.8/site-packages/airflow/example_dags/example_trigger_controller_dag.py took 0.058 seconds
[2024-05-11T21:04:22.352+0000] {processor.py:157} INFO - Started process (PID=174) to work on /home/airflow/.local/lib/python3.8/site-packages/airflow/example_dags/example_trigger_controller_dag.py
[2024-05-11T21:04:22.353+0000] {processor.py:829} INFO - Processing file /home/airflow/.local/lib/python3.8/site-packages/airflow/example_dags/example_trigger_controller_dag.py for tasks to queue
[2024-05-11T21:04:22.356+0000] {logging_mixin.py:154} INFO - [2024-05-11T21:04:22.355+0000] {dagbag.py:536} INFO - Filling up the DagBag from /home/airflow/.local/lib/python3.8/site-packages/airflow/example_dags/example_trigger_controller_dag.py
[2024-05-11T21:04:22.359+0000] {processor.py:839} INFO - DAG(s) dict_keys(['example_trigger_controller_dag']) retrieved from /home/airflow/.local/lib/python3.8/site-packages/airflow/example_dags/example_trigger_controller_dag.py
[2024-05-11T21:04:22.378+0000] {logging_mixin.py:154} INFO - [2024-05-11T21:04:22.378+0000] {dag.py:2941} INFO - Sync 1 DAGs
[2024-05-11T21:04:22.391+0000] {logging_mixin.py:154} INFO - [2024-05-11T21:04:22.391+0000] {dag.py:3722} INFO - Setting next_dagrun for example_trigger_controller_dag to 2021-01-01T00:00:00+00:00, run_after=2021-01-01T00:00:00+00:00
[2024-05-11T21:04:22.403+0000] {processor.py:179} INFO - Processing /home/airflow/.local/lib/python3.8/site-packages/airflow/example_dags/example_trigger_controller_dag.py took 0.053 seconds
[2024-05-11T21:04:52.761+0000] {processor.py:157} INFO - Started process (PID=229) to work on /home/airflow/.local/lib/python3.8/site-packages/airflow/example_dags/example_trigger_controller_dag.py
[2024-05-11T21:04:52.762+0000] {processor.py:829} INFO - Processing file /home/airflow/.local/lib/python3.8/site-packages/airflow/example_dags/example_trigger_controller_dag.py for tasks to queue
[2024-05-11T21:04:52.765+0000] {logging_mixin.py:154} INFO - [2024-05-11T21:04:52.765+0000] {dagbag.py:536} INFO - Filling up the DagBag from /home/airflow/.local/lib/python3.8/site-packages/airflow/example_dags/example_trigger_controller_dag.py
[2024-05-11T21:04:52.770+0000] {processor.py:839} INFO - DAG(s) dict_keys(['example_trigger_controller_dag']) retrieved from /home/airflow/.local/lib/python3.8/site-packages/airflow/example_dags/example_trigger_controller_dag.py
[2024-05-11T21:04:52.791+0000] {logging_mixin.py:154} INFO - [2024-05-11T21:04:52.790+0000] {dag.py:2941} INFO - Sync 1 DAGs
[2024-05-11T21:04:52.828+0000] {logging_mixin.py:154} INFO - [2024-05-11T21:04:52.828+0000] {dag.py:3722} INFO - Setting next_dagrun for example_trigger_controller_dag to 2021-01-01T00:00:00+00:00, run_after=2021-01-01T00:00:00+00:00
[2024-05-11T21:04:52.861+0000] {processor.py:179} INFO - Processing /home/airflow/.local/lib/python3.8/site-packages/airflow/example_dags/example_trigger_controller_dag.py took 0.104 seconds
[2024-05-11T21:05:44.296+0000] {processor.py:157} INFO - Started process (PID=66) to work on /home/airflow/.local/lib/python3.8/site-packages/airflow/example_dags/example_trigger_controller_dag.py
[2024-05-11T21:05:44.299+0000] {processor.py:829} INFO - Processing file /home/airflow/.local/lib/python3.8/site-packages/airflow/example_dags/example_trigger_controller_dag.py for tasks to queue
[2024-05-11T21:05:44.303+0000] {logging_mixin.py:154} INFO - [2024-05-11T21:05:44.302+0000] {dagbag.py:536} INFO - Filling up the DagBag from /home/airflow/.local/lib/python3.8/site-packages/airflow/example_dags/example_trigger_controller_dag.py
[2024-05-11T21:05:44.308+0000] {processor.py:839} INFO - DAG(s) dict_keys(['example_trigger_controller_dag']) retrieved from /home/airflow/.local/lib/python3.8/site-packages/airflow/example_dags/example_trigger_controller_dag.py
[2024-05-11T21:05:44.332+0000] {logging_mixin.py:154} INFO - [2024-05-11T21:05:44.332+0000] {dag.py:2941} INFO - Sync 1 DAGs
[2024-05-11T21:05:44.375+0000] {logging_mixin.py:154} INFO - [2024-05-11T21:05:44.374+0000] {dag.py:3722} INFO - Setting next_dagrun for example_trigger_controller_dag to 2021-01-01T00:00:00+00:00, run_after=2021-01-01T00:00:00+00:00
[2024-05-11T21:05:44.396+0000] {processor.py:179} INFO - Processing /home/airflow/.local/lib/python3.8/site-packages/airflow/example_dags/example_trigger_controller_dag.py took 0.106 seconds
[2024-05-11T21:06:14.454+0000] {processor.py:157} INFO - Started process (PID=121) to work on /home/airflow/.local/lib/python3.8/site-packages/airflow/example_dags/example_trigger_controller_dag.py
[2024-05-11T21:06:14.456+0000] {processor.py:829} INFO - Processing file /home/airflow/.local/lib/python3.8/site-packages/airflow/example_dags/example_trigger_controller_dag.py for tasks to queue
[2024-05-11T21:06:14.458+0000] {logging_mixin.py:154} INFO - [2024-05-11T21:06:14.458+0000] {dagbag.py:536} INFO - Filling up the DagBag from /home/airflow/.local/lib/python3.8/site-packages/airflow/example_dags/example_trigger_controller_dag.py
[2024-05-11T21:06:14.465+0000] {processor.py:839} INFO - DAG(s) dict_keys(['example_trigger_controller_dag']) retrieved from /home/airflow/.local/lib/python3.8/site-packages/airflow/example_dags/example_trigger_controller_dag.py
[2024-05-11T21:06:14.488+0000] {logging_mixin.py:154} INFO - [2024-05-11T21:06:14.487+0000] {dag.py:2941} INFO - Sync 1 DAGs
[2024-05-11T21:06:14.501+0000] {logging_mixin.py:154} INFO - [2024-05-11T21:06:14.501+0000] {dag.py:3722} INFO - Setting next_dagrun for example_trigger_controller_dag to 2021-01-01T00:00:00+00:00, run_after=2021-01-01T00:00:00+00:00
[2024-05-11T21:06:14.511+0000] {processor.py:179} INFO - Processing /home/airflow/.local/lib/python3.8/site-packages/airflow/example_dags/example_trigger_controller_dag.py took 0.061 seconds
[2024-05-11T21:06:44.808+0000] {processor.py:157} INFO - Started process (PID=176) to work on /home/airflow/.local/lib/python3.8/site-packages/airflow/example_dags/example_trigger_controller_dag.py
[2024-05-11T21:06:44.809+0000] {processor.py:829} INFO - Processing file /home/airflow/.local/lib/python3.8/site-packages/airflow/example_dags/example_trigger_controller_dag.py for tasks to queue
[2024-05-11T21:06:44.812+0000] {logging_mixin.py:154} INFO - [2024-05-11T21:06:44.811+0000] {dagbag.py:536} INFO - Filling up the DagBag from /home/airflow/.local/lib/python3.8/site-packages/airflow/example_dags/example_trigger_controller_dag.py
[2024-05-11T21:06:44.815+0000] {processor.py:839} INFO - DAG(s) dict_keys(['example_trigger_controller_dag']) retrieved from /home/airflow/.local/lib/python3.8/site-packages/airflow/example_dags/example_trigger_controller_dag.py
[2024-05-11T21:06:44.832+0000] {logging_mixin.py:154} INFO - [2024-05-11T21:06:44.832+0000] {dag.py:2941} INFO - Sync 1 DAGs
[2024-05-11T21:06:44.845+0000] {logging_mixin.py:154} INFO - [2024-05-11T21:06:44.845+0000] {dag.py:3722} INFO - Setting next_dagrun for example_trigger_controller_dag to 2021-01-01T00:00:00+00:00, run_after=2021-01-01T00:00:00+00:00
[2024-05-11T21:06:44.856+0000] {processor.py:179} INFO - Processing /home/airflow/.local/lib/python3.8/site-packages/airflow/example_dags/example_trigger_controller_dag.py took 0.051 seconds
[2024-05-11T21:07:15.024+0000] {processor.py:157} INFO - Started process (PID=231) to work on /home/airflow/.local/lib/python3.8/site-packages/airflow/example_dags/example_trigger_controller_dag.py
[2024-05-11T21:07:15.026+0000] {processor.py:829} INFO - Processing file /home/airflow/.local/lib/python3.8/site-packages/airflow/example_dags/example_trigger_controller_dag.py for tasks to queue
[2024-05-11T21:07:15.029+0000] {logging_mixin.py:154} INFO - [2024-05-11T21:07:15.029+0000] {dagbag.py:536} INFO - Filling up the DagBag from /home/airflow/.local/lib/python3.8/site-packages/airflow/example_dags/example_trigger_controller_dag.py
[2024-05-11T21:07:15.037+0000] {processor.py:839} INFO - DAG(s) dict_keys(['example_trigger_controller_dag']) retrieved from /home/airflow/.local/lib/python3.8/site-packages/airflow/example_dags/example_trigger_controller_dag.py
[2024-05-11T21:07:15.055+0000] {logging_mixin.py:154} INFO - [2024-05-11T21:07:15.055+0000] {dag.py:2941} INFO - Sync 1 DAGs
[2024-05-11T21:07:15.069+0000] {logging_mixin.py:154} INFO - [2024-05-11T21:07:15.069+0000] {dag.py:3722} INFO - Setting next_dagrun for example_trigger_controller_dag to 2021-01-01T00:00:00+00:00, run_after=2021-01-01T00:00:00+00:00
[2024-05-11T21:07:15.080+0000] {processor.py:179} INFO - Processing /home/airflow/.local/lib/python3.8/site-packages/airflow/example_dags/example_trigger_controller_dag.py took 0.060 seconds
[2024-05-11T21:07:45.314+0000] {processor.py:157} INFO - Started process (PID=290) to work on /home/airflow/.local/lib/python3.8/site-packages/airflow/example_dags/example_trigger_controller_dag.py
[2024-05-11T21:07:45.316+0000] {processor.py:829} INFO - Processing file /home/airflow/.local/lib/python3.8/site-packages/airflow/example_dags/example_trigger_controller_dag.py for tasks to queue
[2024-05-11T21:07:45.318+0000] {logging_mixin.py:154} INFO - [2024-05-11T21:07:45.318+0000] {dagbag.py:536} INFO - Filling up the DagBag from /home/airflow/.local/lib/python3.8/site-packages/airflow/example_dags/example_trigger_controller_dag.py
[2024-05-11T21:07:45.322+0000] {processor.py:839} INFO - DAG(s) dict_keys(['example_trigger_controller_dag']) retrieved from /home/airflow/.local/lib/python3.8/site-packages/airflow/example_dags/example_trigger_controller_dag.py
[2024-05-11T21:07:45.339+0000] {logging_mixin.py:154} INFO - [2024-05-11T21:07:45.339+0000] {dag.py:2941} INFO - Sync 1 DAGs
[2024-05-11T21:07:45.352+0000] {logging_mixin.py:154} INFO - [2024-05-11T21:07:45.352+0000] {dag.py:3722} INFO - Setting next_dagrun for example_trigger_controller_dag to 2021-01-01T00:00:00+00:00, run_after=2021-01-01T00:00:00+00:00
[2024-05-11T21:07:45.362+0000] {processor.py:179} INFO - Processing /home/airflow/.local/lib/python3.8/site-packages/airflow/example_dags/example_trigger_controller_dag.py took 0.050 seconds
[2024-05-11T21:08:15.541+0000] {processor.py:157} INFO - Started process (PID=345) to work on /home/airflow/.local/lib/python3.8/site-packages/airflow/example_dags/example_trigger_controller_dag.py
[2024-05-11T21:08:15.542+0000] {processor.py:829} INFO - Processing file /home/airflow/.local/lib/python3.8/site-packages/airflow/example_dags/example_trigger_controller_dag.py for tasks to queue
[2024-05-11T21:08:15.544+0000] {logging_mixin.py:154} INFO - [2024-05-11T21:08:15.544+0000] {dagbag.py:536} INFO - Filling up the DagBag from /home/airflow/.local/lib/python3.8/site-packages/airflow/example_dags/example_trigger_controller_dag.py
[2024-05-11T21:08:15.548+0000] {processor.py:839} INFO - DAG(s) dict_keys(['example_trigger_controller_dag']) retrieved from /home/airflow/.local/lib/python3.8/site-packages/airflow/example_dags/example_trigger_controller_dag.py
[2024-05-11T21:08:15.566+0000] {logging_mixin.py:154} INFO - [2024-05-11T21:08:15.565+0000] {dag.py:2941} INFO - Sync 1 DAGs
[2024-05-11T21:08:15.579+0000] {logging_mixin.py:154} INFO - [2024-05-11T21:08:15.579+0000] {dag.py:3722} INFO - Setting next_dagrun for example_trigger_controller_dag to 2021-01-01T00:00:00+00:00, run_after=2021-01-01T00:00:00+00:00
[2024-05-11T21:08:15.589+0000] {processor.py:179} INFO - Processing /home/airflow/.local/lib/python3.8/site-packages/airflow/example_dags/example_trigger_controller_dag.py took 0.051 seconds
[2024-05-11T21:08:45.816+0000] {processor.py:157} INFO - Started process (PID=400) to work on /home/airflow/.local/lib/python3.8/site-packages/airflow/example_dags/example_trigger_controller_dag.py
[2024-05-11T21:08:45.818+0000] {processor.py:829} INFO - Processing file /home/airflow/.local/lib/python3.8/site-packages/airflow/example_dags/example_trigger_controller_dag.py for tasks to queue
[2024-05-11T21:08:45.820+0000] {logging_mixin.py:154} INFO - [2024-05-11T21:08:45.820+0000] {dagbag.py:536} INFO - Filling up the DagBag from /home/airflow/.local/lib/python3.8/site-packages/airflow/example_dags/example_trigger_controller_dag.py
[2024-05-11T21:08:45.825+0000] {processor.py:839} INFO - DAG(s) dict_keys(['example_trigger_controller_dag']) retrieved from /home/airflow/.local/lib/python3.8/site-packages/airflow/example_dags/example_trigger_controller_dag.py
[2024-05-11T21:08:45.843+0000] {logging_mixin.py:154} INFO - [2024-05-11T21:08:45.843+0000] {dag.py:2941} INFO - Sync 1 DAGs
[2024-05-11T21:08:45.858+0000] {logging_mixin.py:154} INFO - [2024-05-11T21:08:45.857+0000] {dag.py:3722} INFO - Setting next_dagrun for example_trigger_controller_dag to 2021-01-01T00:00:00+00:00, run_after=2021-01-01T00:00:00+00:00
[2024-05-11T21:08:45.869+0000] {processor.py:179} INFO - Processing /home/airflow/.local/lib/python3.8/site-packages/airflow/example_dags/example_trigger_controller_dag.py took 0.056 seconds
[2024-05-11T21:09:16.276+0000] {processor.py:157} INFO - Started process (PID=454) to work on /home/airflow/.local/lib/python3.8/site-packages/airflow/example_dags/example_trigger_controller_dag.py
[2024-05-11T21:09:16.278+0000] {processor.py:829} INFO - Processing file /home/airflow/.local/lib/python3.8/site-packages/airflow/example_dags/example_trigger_controller_dag.py for tasks to queue
[2024-05-11T21:09:16.280+0000] {logging_mixin.py:154} INFO - [2024-05-11T21:09:16.280+0000] {dagbag.py:536} INFO - Filling up the DagBag from /home/airflow/.local/lib/python3.8/site-packages/airflow/example_dags/example_trigger_controller_dag.py
[2024-05-11T21:09:16.285+0000] {processor.py:839} INFO - DAG(s) dict_keys(['example_trigger_controller_dag']) retrieved from /home/airflow/.local/lib/python3.8/site-packages/airflow/example_dags/example_trigger_controller_dag.py
[2024-05-11T21:09:16.303+0000] {logging_mixin.py:154} INFO - [2024-05-11T21:09:16.303+0000] {dag.py:2941} INFO - Sync 1 DAGs
[2024-05-11T21:09:16.318+0000] {logging_mixin.py:154} INFO - [2024-05-11T21:09:16.317+0000] {dag.py:3722} INFO - Setting next_dagrun for example_trigger_controller_dag to 2021-01-01T00:00:00+00:00, run_after=2021-01-01T00:00:00+00:00
[2024-05-11T21:09:16.328+0000] {processor.py:179} INFO - Processing /home/airflow/.local/lib/python3.8/site-packages/airflow/example_dags/example_trigger_controller_dag.py took 0.054 seconds
[2024-05-11T21:09:46.542+0000] {processor.py:157} INFO - Started process (PID=509) to work on /home/airflow/.local/lib/python3.8/site-packages/airflow/example_dags/example_trigger_controller_dag.py
[2024-05-11T21:09:46.544+0000] {processor.py:829} INFO - Processing file /home/airflow/.local/lib/python3.8/site-packages/airflow/example_dags/example_trigger_controller_dag.py for tasks to queue
[2024-05-11T21:09:46.545+0000] {logging_mixin.py:154} INFO - [2024-05-11T21:09:46.545+0000] {dagbag.py:536} INFO - Filling up the DagBag from /home/airflow/.local/lib/python3.8/site-packages/airflow/example_dags/example_trigger_controller_dag.py
[2024-05-11T21:09:46.549+0000] {processor.py:839} INFO - DAG(s) dict_keys(['example_trigger_controller_dag']) retrieved from /home/airflow/.local/lib/python3.8/site-packages/airflow/example_dags/example_trigger_controller_dag.py
[2024-05-11T21:09:46.566+0000] {logging_mixin.py:154} INFO - [2024-05-11T21:09:46.566+0000] {dag.py:2941} INFO - Sync 1 DAGs
[2024-05-11T21:09:46.581+0000] {logging_mixin.py:154} INFO - [2024-05-11T21:09:46.581+0000] {dag.py:3722} INFO - Setting next_dagrun for example_trigger_controller_dag to 2021-01-01T00:00:00+00:00, run_after=2021-01-01T00:00:00+00:00
[2024-05-11T21:09:46.594+0000] {processor.py:179} INFO - Processing /home/airflow/.local/lib/python3.8/site-packages/airflow/example_dags/example_trigger_controller_dag.py took 0.055 seconds
[2024-05-11T21:10:16.779+0000] {processor.py:157} INFO - Started process (PID=563) to work on /home/airflow/.local/lib/python3.8/site-packages/airflow/example_dags/example_trigger_controller_dag.py
[2024-05-11T21:10:16.782+0000] {processor.py:829} INFO - Processing file /home/airflow/.local/lib/python3.8/site-packages/airflow/example_dags/example_trigger_controller_dag.py for tasks to queue
[2024-05-11T21:10:16.787+0000] {logging_mixin.py:154} INFO - [2024-05-11T21:10:16.786+0000] {dagbag.py:536} INFO - Filling up the DagBag from /home/airflow/.local/lib/python3.8/site-packages/airflow/example_dags/example_trigger_controller_dag.py
[2024-05-11T21:10:16.793+0000] {processor.py:839} INFO - DAG(s) dict_keys(['example_trigger_controller_dag']) retrieved from /home/airflow/.local/lib/python3.8/site-packages/airflow/example_dags/example_trigger_controller_dag.py
[2024-05-11T21:10:16.818+0000] {logging_mixin.py:154} INFO - [2024-05-11T21:10:16.818+0000] {dag.py:2941} INFO - Sync 1 DAGs
[2024-05-11T21:10:16.836+0000] {logging_mixin.py:154} INFO - [2024-05-11T21:10:16.836+0000] {dag.py:3722} INFO - Setting next_dagrun for example_trigger_controller_dag to 2021-01-01T00:00:00+00:00, run_after=2021-01-01T00:00:00+00:00
[2024-05-11T21:10:16.855+0000] {processor.py:179} INFO - Processing /home/airflow/.local/lib/python3.8/site-packages/airflow/example_dags/example_trigger_controller_dag.py took 0.081 seconds
[2024-05-11T21:10:47.202+0000] {processor.py:157} INFO - Started process (PID=618) to work on /home/airflow/.local/lib/python3.8/site-packages/airflow/example_dags/example_trigger_controller_dag.py
[2024-05-11T21:10:47.204+0000] {processor.py:829} INFO - Processing file /home/airflow/.local/lib/python3.8/site-packages/airflow/example_dags/example_trigger_controller_dag.py for tasks to queue
[2024-05-11T21:10:47.206+0000] {logging_mixin.py:154} INFO - [2024-05-11T21:10:47.205+0000] {dagbag.py:536} INFO - Filling up the DagBag from /home/airflow/.local/lib/python3.8/site-packages/airflow/example_dags/example_trigger_controller_dag.py
[2024-05-11T21:10:47.210+0000] {processor.py:839} INFO - DAG(s) dict_keys(['example_trigger_controller_dag']) retrieved from /home/airflow/.local/lib/python3.8/site-packages/airflow/example_dags/example_trigger_controller_dag.py
[2024-05-11T21:10:47.227+0000] {logging_mixin.py:154} INFO - [2024-05-11T21:10:47.227+0000] {dag.py:2941} INFO - Sync 1 DAGs
[2024-05-11T21:10:47.240+0000] {logging_mixin.py:154} INFO - [2024-05-11T21:10:47.240+0000] {dag.py:3722} INFO - Setting next_dagrun for example_trigger_controller_dag to 2021-01-01T00:00:00+00:00, run_after=2021-01-01T00:00:00+00:00
[2024-05-11T21:10:47.253+0000] {processor.py:179} INFO - Processing /home/airflow/.local/lib/python3.8/site-packages/airflow/example_dags/example_trigger_controller_dag.py took 0.054 seconds
[2024-05-11T21:11:17.464+0000] {processor.py:157} INFO - Started process (PID=673) to work on /home/airflow/.local/lib/python3.8/site-packages/airflow/example_dags/example_trigger_controller_dag.py
[2024-05-11T21:11:17.465+0000] {processor.py:829} INFO - Processing file /home/airflow/.local/lib/python3.8/site-packages/airflow/example_dags/example_trigger_controller_dag.py for tasks to queue
[2024-05-11T21:11:17.467+0000] {logging_mixin.py:154} INFO - [2024-05-11T21:11:17.467+0000] {dagbag.py:536} INFO - Filling up the DagBag from /home/airflow/.local/lib/python3.8/site-packages/airflow/example_dags/example_trigger_controller_dag.py
[2024-05-11T21:11:17.471+0000] {processor.py:839} INFO - DAG(s) dict_keys(['example_trigger_controller_dag']) retrieved from /home/airflow/.local/lib/python3.8/site-packages/airflow/example_dags/example_trigger_controller_dag.py
[2024-05-11T21:11:17.488+0000] {logging_mixin.py:154} INFO - [2024-05-11T21:11:17.487+0000] {dag.py:2941} INFO - Sync 1 DAGs
[2024-05-11T21:11:17.502+0000] {logging_mixin.py:154} INFO - [2024-05-11T21:11:17.502+0000] {dag.py:3722} INFO - Setting next_dagrun for example_trigger_controller_dag to 2021-01-01T00:00:00+00:00, run_after=2021-01-01T00:00:00+00:00
[2024-05-11T21:11:17.513+0000] {processor.py:179} INFO - Processing /home/airflow/.local/lib/python3.8/site-packages/airflow/example_dags/example_trigger_controller_dag.py took 0.052 seconds
[2024-05-11T21:11:47.770+0000] {processor.py:157} INFO - Started process (PID=728) to work on /home/airflow/.local/lib/python3.8/site-packages/airflow/example_dags/example_trigger_controller_dag.py
[2024-05-11T21:11:47.771+0000] {processor.py:829} INFO - Processing file /home/airflow/.local/lib/python3.8/site-packages/airflow/example_dags/example_trigger_controller_dag.py for tasks to queue
[2024-05-11T21:11:47.773+0000] {logging_mixin.py:154} INFO - [2024-05-11T21:11:47.773+0000] {dagbag.py:536} INFO - Filling up the DagBag from /home/airflow/.local/lib/python3.8/site-packages/airflow/example_dags/example_trigger_controller_dag.py
[2024-05-11T21:11:47.777+0000] {processor.py:839} INFO - DAG(s) dict_keys(['example_trigger_controller_dag']) retrieved from /home/airflow/.local/lib/python3.8/site-packages/airflow/example_dags/example_trigger_controller_dag.py
[2024-05-11T21:11:47.794+0000] {logging_mixin.py:154} INFO - [2024-05-11T21:11:47.794+0000] {dag.py:2941} INFO - Sync 1 DAGs
[2024-05-11T21:11:47.807+0000] {logging_mixin.py:154} INFO - [2024-05-11T21:11:47.807+0000] {dag.py:3722} INFO - Setting next_dagrun for example_trigger_controller_dag to 2021-01-01T00:00:00+00:00, run_after=2021-01-01T00:00:00+00:00
[2024-05-11T21:11:47.818+0000] {processor.py:179} INFO - Processing /home/airflow/.local/lib/python3.8/site-packages/airflow/example_dags/example_trigger_controller_dag.py took 0.051 seconds
[2024-05-11T21:12:17.982+0000] {processor.py:157} INFO - Started process (PID=784) to work on /home/airflow/.local/lib/python3.8/site-packages/airflow/example_dags/example_trigger_controller_dag.py
[2024-05-11T21:12:17.984+0000] {processor.py:829} INFO - Processing file /home/airflow/.local/lib/python3.8/site-packages/airflow/example_dags/example_trigger_controller_dag.py for tasks to queue
[2024-05-11T21:12:17.987+0000] {logging_mixin.py:154} INFO - [2024-05-11T21:12:17.987+0000] {dagbag.py:536} INFO - Filling up the DagBag from /home/airflow/.local/lib/python3.8/site-packages/airflow/example_dags/example_trigger_controller_dag.py
[2024-05-11T21:12:17.993+0000] {processor.py:839} INFO - DAG(s) dict_keys(['example_trigger_controller_dag']) retrieved from /home/airflow/.local/lib/python3.8/site-packages/airflow/example_dags/example_trigger_controller_dag.py
[2024-05-11T21:12:18.031+0000] {logging_mixin.py:154} INFO - [2024-05-11T21:12:18.030+0000] {dag.py:2941} INFO - Sync 1 DAGs
[2024-05-11T21:12:18.050+0000] {logging_mixin.py:154} INFO - [2024-05-11T21:12:18.050+0000] {dag.py:3722} INFO - Setting next_dagrun for example_trigger_controller_dag to 2021-01-01T00:00:00+00:00, run_after=2021-01-01T00:00:00+00:00
[2024-05-11T21:12:18.072+0000] {processor.py:179} INFO - Processing /home/airflow/.local/lib/python3.8/site-packages/airflow/example_dags/example_trigger_controller_dag.py took 0.094 seconds
[2024-05-11T21:12:48.404+0000] {processor.py:157} INFO - Started process (PID=839) to work on /home/airflow/.local/lib/python3.8/site-packages/airflow/example_dags/example_trigger_controller_dag.py
[2024-05-11T21:12:48.406+0000] {processor.py:829} INFO - Processing file /home/airflow/.local/lib/python3.8/site-packages/airflow/example_dags/example_trigger_controller_dag.py for tasks to queue
[2024-05-11T21:12:48.408+0000] {logging_mixin.py:154} INFO - [2024-05-11T21:12:48.408+0000] {dagbag.py:536} INFO - Filling up the DagBag from /home/airflow/.local/lib/python3.8/site-packages/airflow/example_dags/example_trigger_controller_dag.py
[2024-05-11T21:12:48.412+0000] {processor.py:839} INFO - DAG(s) dict_keys(['example_trigger_controller_dag']) retrieved from /home/airflow/.local/lib/python3.8/site-packages/airflow/example_dags/example_trigger_controller_dag.py
[2024-05-11T21:12:48.431+0000] {logging_mixin.py:154} INFO - [2024-05-11T21:12:48.431+0000] {dag.py:2941} INFO - Sync 1 DAGs
[2024-05-11T21:12:48.447+0000] {logging_mixin.py:154} INFO - [2024-05-11T21:12:48.446+0000] {dag.py:3722} INFO - Setting next_dagrun for example_trigger_controller_dag to 2021-01-01T00:00:00+00:00, run_after=2021-01-01T00:00:00+00:00
[2024-05-11T21:12:48.459+0000] {processor.py:179} INFO - Processing /home/airflow/.local/lib/python3.8/site-packages/airflow/example_dags/example_trigger_controller_dag.py took 0.058 seconds
[2024-05-11T21:13:18.727+0000] {processor.py:157} INFO - Started process (PID=894) to work on /home/airflow/.local/lib/python3.8/site-packages/airflow/example_dags/example_trigger_controller_dag.py
[2024-05-11T21:13:18.728+0000] {processor.py:829} INFO - Processing file /home/airflow/.local/lib/python3.8/site-packages/airflow/example_dags/example_trigger_controller_dag.py for tasks to queue
[2024-05-11T21:13:18.730+0000] {logging_mixin.py:154} INFO - [2024-05-11T21:13:18.730+0000] {dagbag.py:536} INFO - Filling up the DagBag from /home/airflow/.local/lib/python3.8/site-packages/airflow/example_dags/example_trigger_controller_dag.py
[2024-05-11T21:13:18.734+0000] {processor.py:839} INFO - DAG(s) dict_keys(['example_trigger_controller_dag']) retrieved from /home/airflow/.local/lib/python3.8/site-packages/airflow/example_dags/example_trigger_controller_dag.py
[2024-05-11T21:13:18.752+0000] {logging_mixin.py:154} INFO - [2024-05-11T21:13:18.751+0000] {dag.py:2941} INFO - Sync 1 DAGs
[2024-05-11T21:13:18.766+0000] {logging_mixin.py:154} INFO - [2024-05-11T21:13:18.766+0000] {dag.py:3722} INFO - Setting next_dagrun for example_trigger_controller_dag to 2021-01-01T00:00:00+00:00, run_after=2021-01-01T00:00:00+00:00
[2024-05-11T21:13:18.777+0000] {processor.py:179} INFO - Processing /home/airflow/.local/lib/python3.8/site-packages/airflow/example_dags/example_trigger_controller_dag.py took 0.053 seconds
[2024-05-11T21:13:48.837+0000] {processor.py:157} INFO - Started process (PID=949) to work on /home/airflow/.local/lib/python3.8/site-packages/airflow/example_dags/example_trigger_controller_dag.py
[2024-05-11T21:13:48.839+0000] {processor.py:829} INFO - Processing file /home/airflow/.local/lib/python3.8/site-packages/airflow/example_dags/example_trigger_controller_dag.py for tasks to queue
[2024-05-11T21:13:48.841+0000] {logging_mixin.py:154} INFO - [2024-05-11T21:13:48.841+0000] {dagbag.py:536} INFO - Filling up the DagBag from /home/airflow/.local/lib/python3.8/site-packages/airflow/example_dags/example_trigger_controller_dag.py
[2024-05-11T21:13:48.845+0000] {processor.py:839} INFO - DAG(s) dict_keys(['example_trigger_controller_dag']) retrieved from /home/airflow/.local/lib/python3.8/site-packages/airflow/example_dags/example_trigger_controller_dag.py
[2024-05-11T21:13:48.862+0000] {logging_mixin.py:154} INFO - [2024-05-11T21:13:48.861+0000] {dag.py:2941} INFO - Sync 1 DAGs
[2024-05-11T21:13:48.876+0000] {logging_mixin.py:154} INFO - [2024-05-11T21:13:48.876+0000] {dag.py:3722} INFO - Setting next_dagrun for example_trigger_controller_dag to 2021-01-01T00:00:00+00:00, run_after=2021-01-01T00:00:00+00:00
[2024-05-11T21:13:48.886+0000] {processor.py:179} INFO - Processing /home/airflow/.local/lib/python3.8/site-packages/airflow/example_dags/example_trigger_controller_dag.py took 0.052 seconds
[2024-05-11T21:14:19.111+0000] {processor.py:157} INFO - Started process (PID=1004) to work on /home/airflow/.local/lib/python3.8/site-packages/airflow/example_dags/example_trigger_controller_dag.py
[2024-05-11T21:14:19.112+0000] {processor.py:829} INFO - Processing file /home/airflow/.local/lib/python3.8/site-packages/airflow/example_dags/example_trigger_controller_dag.py for tasks to queue
[2024-05-11T21:14:19.114+0000] {logging_mixin.py:154} INFO - [2024-05-11T21:14:19.114+0000] {dagbag.py:536} INFO - Filling up the DagBag from /home/airflow/.local/lib/python3.8/site-packages/airflow/example_dags/example_trigger_controller_dag.py
[2024-05-11T21:14:19.118+0000] {processor.py:839} INFO - DAG(s) dict_keys(['example_trigger_controller_dag']) retrieved from /home/airflow/.local/lib/python3.8/site-packages/airflow/example_dags/example_trigger_controller_dag.py
[2024-05-11T21:14:19.135+0000] {logging_mixin.py:154} INFO - [2024-05-11T21:14:19.135+0000] {dag.py:2941} INFO - Sync 1 DAGs
[2024-05-11T21:14:19.149+0000] {logging_mixin.py:154} INFO - [2024-05-11T21:14:19.149+0000] {dag.py:3722} INFO - Setting next_dagrun for example_trigger_controller_dag to 2021-01-01T00:00:00+00:00, run_after=2021-01-01T00:00:00+00:00
[2024-05-11T21:14:19.159+0000] {processor.py:179} INFO - Processing /home/airflow/.local/lib/python3.8/site-packages/airflow/example_dags/example_trigger_controller_dag.py took 0.052 seconds
[2024-05-11T21:14:49.489+0000] {processor.py:157} INFO - Started process (PID=1060) to work on /home/airflow/.local/lib/python3.8/site-packages/airflow/example_dags/example_trigger_controller_dag.py
[2024-05-11T21:14:49.490+0000] {processor.py:829} INFO - Processing file /home/airflow/.local/lib/python3.8/site-packages/airflow/example_dags/example_trigger_controller_dag.py for tasks to queue
[2024-05-11T21:14:49.493+0000] {logging_mixin.py:154} INFO - [2024-05-11T21:14:49.492+0000] {dagbag.py:536} INFO - Filling up the DagBag from /home/airflow/.local/lib/python3.8/site-packages/airflow/example_dags/example_trigger_controller_dag.py
[2024-05-11T21:14:49.497+0000] {processor.py:839} INFO - DAG(s) dict_keys(['example_trigger_controller_dag']) retrieved from /home/airflow/.local/lib/python3.8/site-packages/airflow/example_dags/example_trigger_controller_dag.py
[2024-05-11T21:14:49.514+0000] {logging_mixin.py:154} INFO - [2024-05-11T21:14:49.514+0000] {dag.py:2941} INFO - Sync 1 DAGs
[2024-05-11T21:14:49.527+0000] {logging_mixin.py:154} INFO - [2024-05-11T21:14:49.527+0000] {dag.py:3722} INFO - Setting next_dagrun for example_trigger_controller_dag to 2021-01-01T00:00:00+00:00, run_after=2021-01-01T00:00:00+00:00
[2024-05-11T21:14:49.537+0000] {processor.py:179} INFO - Processing /home/airflow/.local/lib/python3.8/site-packages/airflow/example_dags/example_trigger_controller_dag.py took 0.052 seconds
[2024-05-11T21:16:33.417+0000] {processor.py:157} INFO - Started process (PID=66) to work on /home/airflow/.local/lib/python3.8/site-packages/airflow/example_dags/example_trigger_controller_dag.py
[2024-05-11T21:16:33.418+0000] {processor.py:829} INFO - Processing file /home/airflow/.local/lib/python3.8/site-packages/airflow/example_dags/example_trigger_controller_dag.py for tasks to queue
[2024-05-11T21:16:33.421+0000] {logging_mixin.py:154} INFO - [2024-05-11T21:16:33.421+0000] {dagbag.py:536} INFO - Filling up the DagBag from /home/airflow/.local/lib/python3.8/site-packages/airflow/example_dags/example_trigger_controller_dag.py
[2024-05-11T21:16:33.427+0000] {processor.py:839} INFO - DAG(s) dict_keys(['example_trigger_controller_dag']) retrieved from /home/airflow/.local/lib/python3.8/site-packages/airflow/example_dags/example_trigger_controller_dag.py
[2024-05-11T21:16:33.440+0000] {logging_mixin.py:154} INFO - [2024-05-11T21:16:33.440+0000] {dag.py:2941} INFO - Sync 1 DAGs
[2024-05-11T21:16:33.458+0000] {logging_mixin.py:154} INFO - [2024-05-11T21:16:33.458+0000] {dag.py:3722} INFO - Setting next_dagrun for example_trigger_controller_dag to 2021-01-01T00:00:00+00:00, run_after=2021-01-01T00:00:00+00:00
[2024-05-11T21:16:33.471+0000] {processor.py:179} INFO - Processing /home/airflow/.local/lib/python3.8/site-packages/airflow/example_dags/example_trigger_controller_dag.py took 0.058 seconds
[2024-05-11T21:17:03.986+0000] {processor.py:157} INFO - Started process (PID=122) to work on /home/airflow/.local/lib/python3.8/site-packages/airflow/example_dags/example_trigger_controller_dag.py
[2024-05-11T21:17:03.988+0000] {processor.py:829} INFO - Processing file /home/airflow/.local/lib/python3.8/site-packages/airflow/example_dags/example_trigger_controller_dag.py for tasks to queue
[2024-05-11T21:17:03.992+0000] {logging_mixin.py:154} INFO - [2024-05-11T21:17:03.992+0000] {dagbag.py:536} INFO - Filling up the DagBag from /home/airflow/.local/lib/python3.8/site-packages/airflow/example_dags/example_trigger_controller_dag.py
[2024-05-11T21:17:03.999+0000] {processor.py:839} INFO - DAG(s) dict_keys(['example_trigger_controller_dag']) retrieved from /home/airflow/.local/lib/python3.8/site-packages/airflow/example_dags/example_trigger_controller_dag.py
[2024-05-11T21:17:04.022+0000] {logging_mixin.py:154} INFO - [2024-05-11T21:17:04.022+0000] {dag.py:2941} INFO - Sync 1 DAGs
[2024-05-11T21:17:04.040+0000] {logging_mixin.py:154} INFO - [2024-05-11T21:17:04.039+0000] {dag.py:3722} INFO - Setting next_dagrun for example_trigger_controller_dag to 2021-01-01T00:00:00+00:00, run_after=2021-01-01T00:00:00+00:00
[2024-05-11T21:17:04.055+0000] {processor.py:179} INFO - Processing /home/airflow/.local/lib/python3.8/site-packages/airflow/example_dags/example_trigger_controller_dag.py took 0.076 seconds
[2024-05-11T21:17:34.333+0000] {processor.py:157} INFO - Started process (PID=177) to work on /home/airflow/.local/lib/python3.8/site-packages/airflow/example_dags/example_trigger_controller_dag.py
[2024-05-11T21:17:34.334+0000] {processor.py:829} INFO - Processing file /home/airflow/.local/lib/python3.8/site-packages/airflow/example_dags/example_trigger_controller_dag.py for tasks to queue
[2024-05-11T21:17:34.336+0000] {logging_mixin.py:154} INFO - [2024-05-11T21:17:34.336+0000] {dagbag.py:536} INFO - Filling up the DagBag from /home/airflow/.local/lib/python3.8/site-packages/airflow/example_dags/example_trigger_controller_dag.py
[2024-05-11T21:17:34.340+0000] {processor.py:839} INFO - DAG(s) dict_keys(['example_trigger_controller_dag']) retrieved from /home/airflow/.local/lib/python3.8/site-packages/airflow/example_dags/example_trigger_controller_dag.py
[2024-05-11T21:17:34.357+0000] {logging_mixin.py:154} INFO - [2024-05-11T21:17:34.357+0000] {dag.py:2941} INFO - Sync 1 DAGs
[2024-05-11T21:17:34.370+0000] {logging_mixin.py:154} INFO - [2024-05-11T21:17:34.370+0000] {dag.py:3722} INFO - Setting next_dagrun for example_trigger_controller_dag to 2021-01-01T00:00:00+00:00, run_after=2021-01-01T00:00:00+00:00
[2024-05-11T21:17:34.381+0000] {processor.py:179} INFO - Processing /home/airflow/.local/lib/python3.8/site-packages/airflow/example_dags/example_trigger_controller_dag.py took 0.051 seconds
[2024-05-11T21:18:04.718+0000] {processor.py:157} INFO - Started process (PID=233) to work on /home/airflow/.local/lib/python3.8/site-packages/airflow/example_dags/example_trigger_controller_dag.py
[2024-05-11T21:18:04.719+0000] {processor.py:829} INFO - Processing file /home/airflow/.local/lib/python3.8/site-packages/airflow/example_dags/example_trigger_controller_dag.py for tasks to queue
[2024-05-11T21:18:04.721+0000] {logging_mixin.py:154} INFO - [2024-05-11T21:18:04.721+0000] {dagbag.py:536} INFO - Filling up the DagBag from /home/airflow/.local/lib/python3.8/site-packages/airflow/example_dags/example_trigger_controller_dag.py
[2024-05-11T21:18:04.725+0000] {processor.py:839} INFO - DAG(s) dict_keys(['example_trigger_controller_dag']) retrieved from /home/airflow/.local/lib/python3.8/site-packages/airflow/example_dags/example_trigger_controller_dag.py
[2024-05-11T21:18:04.741+0000] {logging_mixin.py:154} INFO - [2024-05-11T21:18:04.740+0000] {dag.py:2941} INFO - Sync 1 DAGs
[2024-05-11T21:18:04.753+0000] {logging_mixin.py:154} INFO - [2024-05-11T21:18:04.752+0000] {dag.py:3722} INFO - Setting next_dagrun for example_trigger_controller_dag to 2021-01-01T00:00:00+00:00, run_after=2021-01-01T00:00:00+00:00
[2024-05-11T21:18:04.762+0000] {processor.py:179} INFO - Processing /home/airflow/.local/lib/python3.8/site-packages/airflow/example_dags/example_trigger_controller_dag.py took 0.047 seconds
[2024-05-11T21:18:34.875+0000] {processor.py:157} INFO - Started process (PID=288) to work on /home/airflow/.local/lib/python3.8/site-packages/airflow/example_dags/example_trigger_controller_dag.py
[2024-05-11T21:18:34.877+0000] {processor.py:829} INFO - Processing file /home/airflow/.local/lib/python3.8/site-packages/airflow/example_dags/example_trigger_controller_dag.py for tasks to queue
[2024-05-11T21:18:34.879+0000] {logging_mixin.py:154} INFO - [2024-05-11T21:18:34.879+0000] {dagbag.py:536} INFO - Filling up the DagBag from /home/airflow/.local/lib/python3.8/site-packages/airflow/example_dags/example_trigger_controller_dag.py
[2024-05-11T21:18:34.883+0000] {processor.py:839} INFO - DAG(s) dict_keys(['example_trigger_controller_dag']) retrieved from /home/airflow/.local/lib/python3.8/site-packages/airflow/example_dags/example_trigger_controller_dag.py
[2024-05-11T21:18:34.902+0000] {logging_mixin.py:154} INFO - [2024-05-11T21:18:34.901+0000] {dag.py:2941} INFO - Sync 1 DAGs
[2024-05-11T21:18:34.915+0000] {logging_mixin.py:154} INFO - [2024-05-11T21:18:34.915+0000] {dag.py:3722} INFO - Setting next_dagrun for example_trigger_controller_dag to 2021-01-01T00:00:00+00:00, run_after=2021-01-01T00:00:00+00:00
[2024-05-11T21:18:34.929+0000] {processor.py:179} INFO - Processing /home/airflow/.local/lib/python3.8/site-packages/airflow/example_dags/example_trigger_controller_dag.py took 0.057 seconds
[2024-05-11T21:19:05.072+0000] {processor.py:157} INFO - Started process (PID=343) to work on /home/airflow/.local/lib/python3.8/site-packages/airflow/example_dags/example_trigger_controller_dag.py
[2024-05-11T21:19:05.075+0000] {processor.py:829} INFO - Processing file /home/airflow/.local/lib/python3.8/site-packages/airflow/example_dags/example_trigger_controller_dag.py for tasks to queue
[2024-05-11T21:19:05.077+0000] {logging_mixin.py:154} INFO - [2024-05-11T21:19:05.077+0000] {dagbag.py:536} INFO - Filling up the DagBag from /home/airflow/.local/lib/python3.8/site-packages/airflow/example_dags/example_trigger_controller_dag.py
[2024-05-11T21:19:05.081+0000] {processor.py:839} INFO - DAG(s) dict_keys(['example_trigger_controller_dag']) retrieved from /home/airflow/.local/lib/python3.8/site-packages/airflow/example_dags/example_trigger_controller_dag.py
[2024-05-11T21:19:05.097+0000] {logging_mixin.py:154} INFO - [2024-05-11T21:19:05.097+0000] {dag.py:2941} INFO - Sync 1 DAGs
[2024-05-11T21:19:05.110+0000] {logging_mixin.py:154} INFO - [2024-05-11T21:19:05.110+0000] {dag.py:3722} INFO - Setting next_dagrun for example_trigger_controller_dag to 2021-01-01T00:00:00+00:00, run_after=2021-01-01T00:00:00+00:00
[2024-05-11T21:19:05.120+0000] {processor.py:179} INFO - Processing /home/airflow/.local/lib/python3.8/site-packages/airflow/example_dags/example_trigger_controller_dag.py took 0.051 seconds
[2024-05-11T21:19:35.447+0000] {processor.py:157} INFO - Started process (PID=398) to work on /home/airflow/.local/lib/python3.8/site-packages/airflow/example_dags/example_trigger_controller_dag.py
[2024-05-11T21:19:35.448+0000] {processor.py:829} INFO - Processing file /home/airflow/.local/lib/python3.8/site-packages/airflow/example_dags/example_trigger_controller_dag.py for tasks to queue
[2024-05-11T21:19:35.450+0000] {logging_mixin.py:154} INFO - [2024-05-11T21:19:35.450+0000] {dagbag.py:536} INFO - Filling up the DagBag from /home/airflow/.local/lib/python3.8/site-packages/airflow/example_dags/example_trigger_controller_dag.py
[2024-05-11T21:19:35.454+0000] {processor.py:839} INFO - DAG(s) dict_keys(['example_trigger_controller_dag']) retrieved from /home/airflow/.local/lib/python3.8/site-packages/airflow/example_dags/example_trigger_controller_dag.py
[2024-05-11T21:19:35.471+0000] {logging_mixin.py:154} INFO - [2024-05-11T21:19:35.471+0000] {dag.py:2941} INFO - Sync 1 DAGs
[2024-05-11T21:19:35.483+0000] {logging_mixin.py:154} INFO - [2024-05-11T21:19:35.483+0000] {dag.py:3722} INFO - Setting next_dagrun for example_trigger_controller_dag to 2021-01-01T00:00:00+00:00, run_after=2021-01-01T00:00:00+00:00
[2024-05-11T21:19:35.492+0000] {processor.py:179} INFO - Processing /home/airflow/.local/lib/python3.8/site-packages/airflow/example_dags/example_trigger_controller_dag.py took 0.048 seconds
[2024-05-11T21:20:05.919+0000] {processor.py:157} INFO - Started process (PID=453) to work on /home/airflow/.local/lib/python3.8/site-packages/airflow/example_dags/example_trigger_controller_dag.py
[2024-05-11T21:20:05.921+0000] {processor.py:829} INFO - Processing file /home/airflow/.local/lib/python3.8/site-packages/airflow/example_dags/example_trigger_controller_dag.py for tasks to queue
[2024-05-11T21:20:05.922+0000] {logging_mixin.py:154} INFO - [2024-05-11T21:20:05.922+0000] {dagbag.py:536} INFO - Filling up the DagBag from /home/airflow/.local/lib/python3.8/site-packages/airflow/example_dags/example_trigger_controller_dag.py
[2024-05-11T21:20:05.926+0000] {processor.py:839} INFO - DAG(s) dict_keys(['example_trigger_controller_dag']) retrieved from /home/airflow/.local/lib/python3.8/site-packages/airflow/example_dags/example_trigger_controller_dag.py
[2024-05-11T21:20:05.942+0000] {logging_mixin.py:154} INFO - [2024-05-11T21:20:05.942+0000] {dag.py:2941} INFO - Sync 1 DAGs
[2024-05-11T21:20:05.954+0000] {logging_mixin.py:154} INFO - [2024-05-11T21:20:05.953+0000] {dag.py:3722} INFO - Setting next_dagrun for example_trigger_controller_dag to 2021-01-01T00:00:00+00:00, run_after=2021-01-01T00:00:00+00:00
[2024-05-11T21:20:05.963+0000] {processor.py:179} INFO - Processing /home/airflow/.local/lib/python3.8/site-packages/airflow/example_dags/example_trigger_controller_dag.py took 0.046 seconds
[2024-05-11T21:20:36.100+0000] {processor.py:157} INFO - Started process (PID=508) to work on /home/airflow/.local/lib/python3.8/site-packages/airflow/example_dags/example_trigger_controller_dag.py
[2024-05-11T21:20:36.101+0000] {processor.py:829} INFO - Processing file /home/airflow/.local/lib/python3.8/site-packages/airflow/example_dags/example_trigger_controller_dag.py for tasks to queue
[2024-05-11T21:20:36.103+0000] {logging_mixin.py:154} INFO - [2024-05-11T21:20:36.103+0000] {dagbag.py:536} INFO - Filling up the DagBag from /home/airflow/.local/lib/python3.8/site-packages/airflow/example_dags/example_trigger_controller_dag.py
[2024-05-11T21:20:36.107+0000] {processor.py:839} INFO - DAG(s) dict_keys(['example_trigger_controller_dag']) retrieved from /home/airflow/.local/lib/python3.8/site-packages/airflow/example_dags/example_trigger_controller_dag.py
[2024-05-11T21:20:36.123+0000] {logging_mixin.py:154} INFO - [2024-05-11T21:20:36.123+0000] {dag.py:2941} INFO - Sync 1 DAGs
[2024-05-11T21:20:36.136+0000] {logging_mixin.py:154} INFO - [2024-05-11T21:20:36.136+0000] {dag.py:3722} INFO - Setting next_dagrun for example_trigger_controller_dag to 2021-01-01T00:00:00+00:00, run_after=2021-01-01T00:00:00+00:00
[2024-05-11T21:20:36.145+0000] {processor.py:179} INFO - Processing /home/airflow/.local/lib/python3.8/site-packages/airflow/example_dags/example_trigger_controller_dag.py took 0.048 seconds
[2024-05-11T21:21:06.183+0000] {processor.py:157} INFO - Started process (PID=563) to work on /home/airflow/.local/lib/python3.8/site-packages/airflow/example_dags/example_trigger_controller_dag.py
[2024-05-11T21:21:06.184+0000] {processor.py:829} INFO - Processing file /home/airflow/.local/lib/python3.8/site-packages/airflow/example_dags/example_trigger_controller_dag.py for tasks to queue
[2024-05-11T21:21:06.186+0000] {logging_mixin.py:154} INFO - [2024-05-11T21:21:06.186+0000] {dagbag.py:536} INFO - Filling up the DagBag from /home/airflow/.local/lib/python3.8/site-packages/airflow/example_dags/example_trigger_controller_dag.py
[2024-05-11T21:21:06.190+0000] {processor.py:839} INFO - DAG(s) dict_keys(['example_trigger_controller_dag']) retrieved from /home/airflow/.local/lib/python3.8/site-packages/airflow/example_dags/example_trigger_controller_dag.py
[2024-05-11T21:21:06.206+0000] {logging_mixin.py:154} INFO - [2024-05-11T21:21:06.206+0000] {dag.py:2941} INFO - Sync 1 DAGs
[2024-05-11T21:21:06.219+0000] {logging_mixin.py:154} INFO - [2024-05-11T21:21:06.218+0000] {dag.py:3722} INFO - Setting next_dagrun for example_trigger_controller_dag to 2021-01-01T00:00:00+00:00, run_after=2021-01-01T00:00:00+00:00
[2024-05-11T21:21:06.228+0000] {processor.py:179} INFO - Processing /home/airflow/.local/lib/python3.8/site-packages/airflow/example_dags/example_trigger_controller_dag.py took 0.048 seconds
[2024-05-11T21:21:36.711+0000] {processor.py:157} INFO - Started process (PID=618) to work on /home/airflow/.local/lib/python3.8/site-packages/airflow/example_dags/example_trigger_controller_dag.py
[2024-05-11T21:21:36.712+0000] {processor.py:829} INFO - Processing file /home/airflow/.local/lib/python3.8/site-packages/airflow/example_dags/example_trigger_controller_dag.py for tasks to queue
[2024-05-11T21:21:36.714+0000] {logging_mixin.py:154} INFO - [2024-05-11T21:21:36.714+0000] {dagbag.py:536} INFO - Filling up the DagBag from /home/airflow/.local/lib/python3.8/site-packages/airflow/example_dags/example_trigger_controller_dag.py
[2024-05-11T21:21:36.718+0000] {processor.py:839} INFO - DAG(s) dict_keys(['example_trigger_controller_dag']) retrieved from /home/airflow/.local/lib/python3.8/site-packages/airflow/example_dags/example_trigger_controller_dag.py
[2024-05-11T21:21:36.734+0000] {logging_mixin.py:154} INFO - [2024-05-11T21:21:36.734+0000] {dag.py:2941} INFO - Sync 1 DAGs
[2024-05-11T21:21:36.747+0000] {logging_mixin.py:154} INFO - [2024-05-11T21:21:36.747+0000] {dag.py:3722} INFO - Setting next_dagrun for example_trigger_controller_dag to 2021-01-01T00:00:00+00:00, run_after=2021-01-01T00:00:00+00:00
[2024-05-11T21:21:36.758+0000] {processor.py:179} INFO - Processing /home/airflow/.local/lib/python3.8/site-packages/airflow/example_dags/example_trigger_controller_dag.py took 0.049 seconds
[2024-05-11T21:42:07.397+0000] {processor.py:157} INFO - Started process (PID=63) to work on /home/airflow/.local/lib/python3.8/site-packages/airflow/example_dags/example_trigger_controller_dag.py
[2024-05-11T21:42:07.404+0000] {processor.py:829} INFO - Processing file /home/airflow/.local/lib/python3.8/site-packages/airflow/example_dags/example_trigger_controller_dag.py for tasks to queue
[2024-05-11T21:42:07.408+0000] {logging_mixin.py:154} INFO - [2024-05-11T21:42:07.408+0000] {dagbag.py:536} INFO - Filling up the DagBag from /home/airflow/.local/lib/python3.8/site-packages/airflow/example_dags/example_trigger_controller_dag.py
[2024-05-11T21:42:07.416+0000] {processor.py:839} INFO - DAG(s) dict_keys(['example_trigger_controller_dag']) retrieved from /home/airflow/.local/lib/python3.8/site-packages/airflow/example_dags/example_trigger_controller_dag.py
[2024-05-11T21:42:07.555+0000] {logging_mixin.py:154} INFO - [2024-05-11T21:42:07.555+0000] {manager.py:499} INFO - Created Permission View: %s
[2024-05-11T21:42:07.572+0000] {logging_mixin.py:154} INFO - [2024-05-11T21:42:07.572+0000] {manager.py:499} INFO - Created Permission View: %s
[2024-05-11T21:42:07.583+0000] {logging_mixin.py:154} INFO - [2024-05-11T21:42:07.583+0000] {manager.py:499} INFO - Created Permission View: %s
[2024-05-11T21:42:07.584+0000] {logging_mixin.py:154} INFO - [2024-05-11T21:42:07.584+0000] {dag.py:2941} INFO - Sync 1 DAGs
[2024-05-11T21:42:07.598+0000] {logging_mixin.py:154} INFO - [2024-05-11T21:42:07.597+0000] {dag.py:2963} INFO - Creating ORM DAG for example_trigger_controller_dag
[2024-05-11T21:42:07.611+0000] {logging_mixin.py:154} INFO - [2024-05-11T21:42:07.611+0000] {dag.py:3722} INFO - Setting next_dagrun for example_trigger_controller_dag to 2021-01-01T00:00:00+00:00, run_after=2021-01-01T00:00:00+00:00
[2024-05-11T21:42:07.630+0000] {processor.py:179} INFO - Processing /home/airflow/.local/lib/python3.8/site-packages/airflow/example_dags/example_trigger_controller_dag.py took 0.239 seconds
[2024-05-11T21:42:38.377+0000] {processor.py:157} INFO - Started process (PID=118) to work on /home/airflow/.local/lib/python3.8/site-packages/airflow/example_dags/example_trigger_controller_dag.py
[2024-05-11T21:42:38.379+0000] {processor.py:829} INFO - Processing file /home/airflow/.local/lib/python3.8/site-packages/airflow/example_dags/example_trigger_controller_dag.py for tasks to queue
[2024-05-11T21:42:38.381+0000] {logging_mixin.py:154} INFO - [2024-05-11T21:42:38.381+0000] {dagbag.py:536} INFO - Filling up the DagBag from /home/airflow/.local/lib/python3.8/site-packages/airflow/example_dags/example_trigger_controller_dag.py
[2024-05-11T21:42:38.386+0000] {processor.py:839} INFO - DAG(s) dict_keys(['example_trigger_controller_dag']) retrieved from /home/airflow/.local/lib/python3.8/site-packages/airflow/example_dags/example_trigger_controller_dag.py
[2024-05-11T21:42:38.406+0000] {logging_mixin.py:154} INFO - [2024-05-11T21:42:38.406+0000] {dag.py:2941} INFO - Sync 1 DAGs
[2024-05-11T21:42:38.425+0000] {logging_mixin.py:154} INFO - [2024-05-11T21:42:38.425+0000] {dag.py:3722} INFO - Setting next_dagrun for example_trigger_controller_dag to 2021-01-01T00:00:00+00:00, run_after=2021-01-01T00:00:00+00:00
[2024-05-11T21:42:38.442+0000] {processor.py:179} INFO - Processing /home/airflow/.local/lib/python3.8/site-packages/airflow/example_dags/example_trigger_controller_dag.py took 0.068 seconds
[2024-05-11T21:43:08.551+0000] {processor.py:157} INFO - Started process (PID=173) to work on /home/airflow/.local/lib/python3.8/site-packages/airflow/example_dags/example_trigger_controller_dag.py
[2024-05-11T21:43:08.552+0000] {processor.py:829} INFO - Processing file /home/airflow/.local/lib/python3.8/site-packages/airflow/example_dags/example_trigger_controller_dag.py for tasks to queue
[2024-05-11T21:43:08.554+0000] {logging_mixin.py:154} INFO - [2024-05-11T21:43:08.554+0000] {dagbag.py:536} INFO - Filling up the DagBag from /home/airflow/.local/lib/python3.8/site-packages/airflow/example_dags/example_trigger_controller_dag.py
[2024-05-11T21:43:08.559+0000] {processor.py:839} INFO - DAG(s) dict_keys(['example_trigger_controller_dag']) retrieved from /home/airflow/.local/lib/python3.8/site-packages/airflow/example_dags/example_trigger_controller_dag.py
[2024-05-11T21:43:08.584+0000] {logging_mixin.py:154} INFO - [2024-05-11T21:43:08.583+0000] {dag.py:2941} INFO - Sync 1 DAGs
[2024-05-11T21:43:08.602+0000] {logging_mixin.py:154} INFO - [2024-05-11T21:43:08.601+0000] {dag.py:3722} INFO - Setting next_dagrun for example_trigger_controller_dag to 2021-01-01T00:00:00+00:00, run_after=2021-01-01T00:00:00+00:00
[2024-05-11T21:43:08.616+0000] {processor.py:179} INFO - Processing /home/airflow/.local/lib/python3.8/site-packages/airflow/example_dags/example_trigger_controller_dag.py took 0.069 seconds
[2024-05-11T21:43:39.199+0000] {processor.py:157} INFO - Started process (PID=228) to work on /home/airflow/.local/lib/python3.8/site-packages/airflow/example_dags/example_trigger_controller_dag.py
[2024-05-11T21:43:39.201+0000] {processor.py:829} INFO - Processing file /home/airflow/.local/lib/python3.8/site-packages/airflow/example_dags/example_trigger_controller_dag.py for tasks to queue
[2024-05-11T21:43:39.203+0000] {logging_mixin.py:154} INFO - [2024-05-11T21:43:39.203+0000] {dagbag.py:536} INFO - Filling up the DagBag from /home/airflow/.local/lib/python3.8/site-packages/airflow/example_dags/example_trigger_controller_dag.py
[2024-05-11T21:43:39.207+0000] {processor.py:839} INFO - DAG(s) dict_keys(['example_trigger_controller_dag']) retrieved from /home/airflow/.local/lib/python3.8/site-packages/airflow/example_dags/example_trigger_controller_dag.py
[2024-05-11T21:43:39.230+0000] {logging_mixin.py:154} INFO - [2024-05-11T21:43:39.230+0000] {dag.py:2941} INFO - Sync 1 DAGs
[2024-05-11T21:43:39.247+0000] {logging_mixin.py:154} INFO - [2024-05-11T21:43:39.247+0000] {dag.py:3722} INFO - Setting next_dagrun for example_trigger_controller_dag to 2021-01-01T00:00:00+00:00, run_after=2021-01-01T00:00:00+00:00
[2024-05-11T21:43:39.260+0000] {processor.py:179} INFO - Processing /home/airflow/.local/lib/python3.8/site-packages/airflow/example_dags/example_trigger_controller_dag.py took 0.064 seconds
[2024-05-11T21:44:09.903+0000] {processor.py:157} INFO - Started process (PID=283) to work on /home/airflow/.local/lib/python3.8/site-packages/airflow/example_dags/example_trigger_controller_dag.py
[2024-05-11T21:44:09.905+0000] {processor.py:829} INFO - Processing file /home/airflow/.local/lib/python3.8/site-packages/airflow/example_dags/example_trigger_controller_dag.py for tasks to queue
[2024-05-11T21:44:09.907+0000] {logging_mixin.py:154} INFO - [2024-05-11T21:44:09.907+0000] {dagbag.py:536} INFO - Filling up the DagBag from /home/airflow/.local/lib/python3.8/site-packages/airflow/example_dags/example_trigger_controller_dag.py
[2024-05-11T21:44:09.912+0000] {processor.py:839} INFO - DAG(s) dict_keys(['example_trigger_controller_dag']) retrieved from /home/airflow/.local/lib/python3.8/site-packages/airflow/example_dags/example_trigger_controller_dag.py
[2024-05-11T21:44:09.935+0000] {logging_mixin.py:154} INFO - [2024-05-11T21:44:09.935+0000] {dag.py:2941} INFO - Sync 1 DAGs
[2024-05-11T21:44:09.951+0000] {logging_mixin.py:154} INFO - [2024-05-11T21:44:09.951+0000] {dag.py:3722} INFO - Setting next_dagrun for example_trigger_controller_dag to 2021-01-01T00:00:00+00:00, run_after=2021-01-01T00:00:00+00:00
[2024-05-11T21:44:09.965+0000] {processor.py:179} INFO - Processing /home/airflow/.local/lib/python3.8/site-packages/airflow/example_dags/example_trigger_controller_dag.py took 0.064 seconds
[2024-05-11T21:44:40.380+0000] {processor.py:157} INFO - Started process (PID=338) to work on /home/airflow/.local/lib/python3.8/site-packages/airflow/example_dags/example_trigger_controller_dag.py
[2024-05-11T21:44:40.381+0000] {processor.py:829} INFO - Processing file /home/airflow/.local/lib/python3.8/site-packages/airflow/example_dags/example_trigger_controller_dag.py for tasks to queue
[2024-05-11T21:44:40.384+0000] {logging_mixin.py:154} INFO - [2024-05-11T21:44:40.384+0000] {dagbag.py:536} INFO - Filling up the DagBag from /home/airflow/.local/lib/python3.8/site-packages/airflow/example_dags/example_trigger_controller_dag.py
[2024-05-11T21:44:40.389+0000] {processor.py:839} INFO - DAG(s) dict_keys(['example_trigger_controller_dag']) retrieved from /home/airflow/.local/lib/python3.8/site-packages/airflow/example_dags/example_trigger_controller_dag.py
[2024-05-11T21:44:40.409+0000] {logging_mixin.py:154} INFO - [2024-05-11T21:44:40.409+0000] {dag.py:2941} INFO - Sync 1 DAGs
[2024-05-11T21:44:40.425+0000] {logging_mixin.py:154} INFO - [2024-05-11T21:44:40.424+0000] {dag.py:3722} INFO - Setting next_dagrun for example_trigger_controller_dag to 2021-01-01T00:00:00+00:00, run_after=2021-01-01T00:00:00+00:00
[2024-05-11T21:44:40.438+0000] {processor.py:179} INFO - Processing /home/airflow/.local/lib/python3.8/site-packages/airflow/example_dags/example_trigger_controller_dag.py took 0.062 seconds
[2024-05-11T21:45:11.047+0000] {processor.py:157} INFO - Started process (PID=393) to work on /home/airflow/.local/lib/python3.8/site-packages/airflow/example_dags/example_trigger_controller_dag.py
[2024-05-11T21:45:11.051+0000] {processor.py:829} INFO - Processing file /home/airflow/.local/lib/python3.8/site-packages/airflow/example_dags/example_trigger_controller_dag.py for tasks to queue
[2024-05-11T21:45:11.053+0000] {logging_mixin.py:154} INFO - [2024-05-11T21:45:11.053+0000] {dagbag.py:536} INFO - Filling up the DagBag from /home/airflow/.local/lib/python3.8/site-packages/airflow/example_dags/example_trigger_controller_dag.py
[2024-05-11T21:45:11.058+0000] {processor.py:839} INFO - DAG(s) dict_keys(['example_trigger_controller_dag']) retrieved from /home/airflow/.local/lib/python3.8/site-packages/airflow/example_dags/example_trigger_controller_dag.py
[2024-05-11T21:45:11.080+0000] {logging_mixin.py:154} INFO - [2024-05-11T21:45:11.080+0000] {dag.py:2941} INFO - Sync 1 DAGs
[2024-05-11T21:45:11.097+0000] {logging_mixin.py:154} INFO - [2024-05-11T21:45:11.096+0000] {dag.py:3722} INFO - Setting next_dagrun for example_trigger_controller_dag to 2021-01-01T00:00:00+00:00, run_after=2021-01-01T00:00:00+00:00
[2024-05-11T21:45:11.110+0000] {processor.py:179} INFO - Processing /home/airflow/.local/lib/python3.8/site-packages/airflow/example_dags/example_trigger_controller_dag.py took 0.066 seconds
[2024-05-11T21:45:41.637+0000] {processor.py:157} INFO - Started process (PID=449) to work on /home/airflow/.local/lib/python3.8/site-packages/airflow/example_dags/example_trigger_controller_dag.py
[2024-05-11T21:45:41.639+0000] {processor.py:829} INFO - Processing file /home/airflow/.local/lib/python3.8/site-packages/airflow/example_dags/example_trigger_controller_dag.py for tasks to queue
[2024-05-11T21:45:41.644+0000] {logging_mixin.py:154} INFO - [2024-05-11T21:45:41.644+0000] {dagbag.py:536} INFO - Filling up the DagBag from /home/airflow/.local/lib/python3.8/site-packages/airflow/example_dags/example_trigger_controller_dag.py
[2024-05-11T21:45:41.650+0000] {processor.py:839} INFO - DAG(s) dict_keys(['example_trigger_controller_dag']) retrieved from /home/airflow/.local/lib/python3.8/site-packages/airflow/example_dags/example_trigger_controller_dag.py
[2024-05-11T21:45:41.681+0000] {logging_mixin.py:154} INFO - [2024-05-11T21:45:41.681+0000] {dag.py:2941} INFO - Sync 1 DAGs
[2024-05-11T21:45:41.705+0000] {logging_mixin.py:154} INFO - [2024-05-11T21:45:41.705+0000] {dag.py:3722} INFO - Setting next_dagrun for example_trigger_controller_dag to 2021-01-01T00:00:00+00:00, run_after=2021-01-01T00:00:00+00:00
[2024-05-11T21:45:41.718+0000] {processor.py:179} INFO - Processing /home/airflow/.local/lib/python3.8/site-packages/airflow/example_dags/example_trigger_controller_dag.py took 0.085 seconds
[2024-05-11T21:46:12.422+0000] {processor.py:157} INFO - Started process (PID=504) to work on /home/airflow/.local/lib/python3.8/site-packages/airflow/example_dags/example_trigger_controller_dag.py
[2024-05-11T21:46:12.424+0000] {processor.py:829} INFO - Processing file /home/airflow/.local/lib/python3.8/site-packages/airflow/example_dags/example_trigger_controller_dag.py for tasks to queue
[2024-05-11T21:46:12.429+0000] {logging_mixin.py:154} INFO - [2024-05-11T21:46:12.429+0000] {dagbag.py:536} INFO - Filling up the DagBag from /home/airflow/.local/lib/python3.8/site-packages/airflow/example_dags/example_trigger_controller_dag.py
[2024-05-11T21:46:12.434+0000] {processor.py:839} INFO - DAG(s) dict_keys(['example_trigger_controller_dag']) retrieved from /home/airflow/.local/lib/python3.8/site-packages/airflow/example_dags/example_trigger_controller_dag.py
[2024-05-11T21:46:12.456+0000] {logging_mixin.py:154} INFO - [2024-05-11T21:46:12.456+0000] {dag.py:2941} INFO - Sync 1 DAGs
[2024-05-11T21:46:12.474+0000] {logging_mixin.py:154} INFO - [2024-05-11T21:46:12.474+0000] {dag.py:3722} INFO - Setting next_dagrun for example_trigger_controller_dag to 2021-01-01T00:00:00+00:00, run_after=2021-01-01T00:00:00+00:00
[2024-05-11T21:46:12.490+0000] {processor.py:179} INFO - Processing /home/airflow/.local/lib/python3.8/site-packages/airflow/example_dags/example_trigger_controller_dag.py took 0.071 seconds
[2024-05-11T21:46:42.994+0000] {processor.py:157} INFO - Started process (PID=559) to work on /home/airflow/.local/lib/python3.8/site-packages/airflow/example_dags/example_trigger_controller_dag.py
[2024-05-11T21:46:42.996+0000] {processor.py:829} INFO - Processing file /home/airflow/.local/lib/python3.8/site-packages/airflow/example_dags/example_trigger_controller_dag.py for tasks to queue
[2024-05-11T21:46:42.999+0000] {logging_mixin.py:154} INFO - [2024-05-11T21:46:42.998+0000] {dagbag.py:536} INFO - Filling up the DagBag from /home/airflow/.local/lib/python3.8/site-packages/airflow/example_dags/example_trigger_controller_dag.py
[2024-05-11T21:46:43.003+0000] {processor.py:839} INFO - DAG(s) dict_keys(['example_trigger_controller_dag']) retrieved from /home/airflow/.local/lib/python3.8/site-packages/airflow/example_dags/example_trigger_controller_dag.py
[2024-05-11T21:46:43.023+0000] {logging_mixin.py:154} INFO - [2024-05-11T21:46:43.023+0000] {dag.py:2941} INFO - Sync 1 DAGs
[2024-05-11T21:46:43.036+0000] {logging_mixin.py:154} INFO - [2024-05-11T21:46:43.036+0000] {dag.py:3722} INFO - Setting next_dagrun for example_trigger_controller_dag to 2021-01-01T00:00:00+00:00, run_after=2021-01-01T00:00:00+00:00
[2024-05-11T21:46:43.051+0000] {processor.py:179} INFO - Processing /home/airflow/.local/lib/python3.8/site-packages/airflow/example_dags/example_trigger_controller_dag.py took 0.059 seconds
