[2024-05-11T21:03:17.407+0000] {processor.py:157} INFO - Started process (PID=36) to work on /home/airflow/.local/lib/python3.8/site-packages/airflow/example_dags/example_dag_decorator.py
[2024-05-11T21:03:17.409+0000] {processor.py:829} INFO - Processing file /home/airflow/.local/lib/python3.8/site-packages/airflow/example_dags/example_dag_decorator.py for tasks to queue
[2024-05-11T21:03:17.416+0000] {logging_mixin.py:154} INFO - [2024-05-11T21:03:17.415+0000] {dagbag.py:536} INFO - Filling up the DagBag from /home/airflow/.local/lib/python3.8/site-packages/airflow/example_dags/example_dag_decorator.py
[2024-05-11T21:03:17.717+0000] {processor.py:839} INFO - DAG(s) dict_keys(['example_dag_decorator']) retrieved from /home/airflow/.local/lib/python3.8/site-packages/airflow/example_dags/example_dag_decorator.py
[2024-05-11T21:03:17.955+0000] {logging_mixin.py:154} INFO - [2024-05-11T21:03:17.955+0000] {manager.py:499} INFO - Created Permission View: %s
[2024-05-11T21:03:17.967+0000] {logging_mixin.py:154} INFO - [2024-05-11T21:03:17.967+0000] {manager.py:499} INFO - Created Permission View: %s
[2024-05-11T21:03:17.977+0000] {logging_mixin.py:154} INFO - [2024-05-11T21:03:17.977+0000] {manager.py:499} INFO - Created Permission View: %s
[2024-05-11T21:03:17.979+0000] {logging_mixin.py:154} INFO - [2024-05-11T21:03:17.979+0000] {dag.py:2941} INFO - Sync 1 DAGs
[2024-05-11T21:03:17.988+0000] {logging_mixin.py:154} INFO - [2024-05-11T21:03:17.988+0000] {dag.py:2963} INFO - Creating ORM DAG for example_dag_decorator
[2024-05-11T21:03:17.990+0000] {logging_mixin.py:154} INFO - [2024-05-11T21:03:17.990+0000] {dag.py:3722} INFO - Setting next_dagrun for example_dag_decorator to None, run_after=None
[2024-05-11T21:03:18.017+0000] {processor.py:179} INFO - Processing /home/airflow/.local/lib/python3.8/site-packages/airflow/example_dags/example_dag_decorator.py took 0.613 seconds
[2024-05-11T21:03:48.601+0000] {processor.py:157} INFO - Started process (PID=91) to work on /home/airflow/.local/lib/python3.8/site-packages/airflow/example_dags/example_dag_decorator.py
[2024-05-11T21:03:48.603+0000] {processor.py:829} INFO - Processing file /home/airflow/.local/lib/python3.8/site-packages/airflow/example_dags/example_dag_decorator.py for tasks to queue
[2024-05-11T21:03:48.609+0000] {logging_mixin.py:154} INFO - [2024-05-11T21:03:48.609+0000] {dagbag.py:536} INFO - Filling up the DagBag from /home/airflow/.local/lib/python3.8/site-packages/airflow/example_dags/example_dag_decorator.py
[2024-05-11T21:03:48.673+0000] {processor.py:839} INFO - DAG(s) dict_keys(['example_dag_decorator']) retrieved from /home/airflow/.local/lib/python3.8/site-packages/airflow/example_dags/example_dag_decorator.py
[2024-05-11T21:03:48.754+0000] {logging_mixin.py:154} INFO - [2024-05-11T21:03:48.754+0000] {dag.py:2941} INFO - Sync 1 DAGs
[2024-05-11T21:03:48.761+0000] {logging_mixin.py:154} INFO - [2024-05-11T21:03:48.761+0000] {dag.py:3722} INFO - Setting next_dagrun for example_dag_decorator to None, run_after=None
[2024-05-11T21:03:48.773+0000] {processor.py:179} INFO - Processing /home/airflow/.local/lib/python3.8/site-packages/airflow/example_dags/example_dag_decorator.py took 0.178 seconds
[2024-05-11T21:04:19.001+0000] {processor.py:157} INFO - Started process (PID=145) to work on /home/airflow/.local/lib/python3.8/site-packages/airflow/example_dags/example_dag_decorator.py
[2024-05-11T21:04:19.004+0000] {processor.py:829} INFO - Processing file /home/airflow/.local/lib/python3.8/site-packages/airflow/example_dags/example_dag_decorator.py for tasks to queue
[2024-05-11T21:04:19.008+0000] {logging_mixin.py:154} INFO - [2024-05-11T21:04:19.008+0000] {dagbag.py:536} INFO - Filling up the DagBag from /home/airflow/.local/lib/python3.8/site-packages/airflow/example_dags/example_dag_decorator.py
[2024-05-11T21:04:19.065+0000] {processor.py:839} INFO - DAG(s) dict_keys(['example_dag_decorator']) retrieved from /home/airflow/.local/lib/python3.8/site-packages/airflow/example_dags/example_dag_decorator.py
[2024-05-11T21:04:19.142+0000] {logging_mixin.py:154} INFO - [2024-05-11T21:04:19.142+0000] {dag.py:2941} INFO - Sync 1 DAGs
[2024-05-11T21:04:19.151+0000] {logging_mixin.py:154} INFO - [2024-05-11T21:04:19.151+0000] {dag.py:3722} INFO - Setting next_dagrun for example_dag_decorator to None, run_after=None
[2024-05-11T21:04:19.161+0000] {processor.py:179} INFO - Processing /home/airflow/.local/lib/python3.8/site-packages/airflow/example_dags/example_dag_decorator.py took 0.167 seconds
[2024-05-11T21:04:49.219+0000] {processor.py:157} INFO - Started process (PID=200) to work on /home/airflow/.local/lib/python3.8/site-packages/airflow/example_dags/example_dag_decorator.py
[2024-05-11T21:04:49.221+0000] {processor.py:829} INFO - Processing file /home/airflow/.local/lib/python3.8/site-packages/airflow/example_dags/example_dag_decorator.py for tasks to queue
[2024-05-11T21:04:49.224+0000] {logging_mixin.py:154} INFO - [2024-05-11T21:04:49.223+0000] {dagbag.py:536} INFO - Filling up the DagBag from /home/airflow/.local/lib/python3.8/site-packages/airflow/example_dags/example_dag_decorator.py
[2024-05-11T21:04:49.271+0000] {processor.py:839} INFO - DAG(s) dict_keys(['example_dag_decorator']) retrieved from /home/airflow/.local/lib/python3.8/site-packages/airflow/example_dags/example_dag_decorator.py
[2024-05-11T21:04:49.341+0000] {logging_mixin.py:154} INFO - [2024-05-11T21:04:49.341+0000] {dag.py:2941} INFO - Sync 1 DAGs
[2024-05-11T21:04:49.348+0000] {logging_mixin.py:154} INFO - [2024-05-11T21:04:49.348+0000] {dag.py:3722} INFO - Setting next_dagrun for example_dag_decorator to None, run_after=None
[2024-05-11T21:04:49.359+0000] {processor.py:179} INFO - Processing /home/airflow/.local/lib/python3.8/site-packages/airflow/example_dags/example_dag_decorator.py took 0.145 seconds
[2024-05-11T21:05:41.628+0000] {processor.py:157} INFO - Started process (PID=37) to work on /home/airflow/.local/lib/python3.8/site-packages/airflow/example_dags/example_dag_decorator.py
[2024-05-11T21:05:41.629+0000] {processor.py:829} INFO - Processing file /home/airflow/.local/lib/python3.8/site-packages/airflow/example_dags/example_dag_decorator.py for tasks to queue
[2024-05-11T21:05:41.632+0000] {logging_mixin.py:154} INFO - [2024-05-11T21:05:41.631+0000] {dagbag.py:536} INFO - Filling up the DagBag from /home/airflow/.local/lib/python3.8/site-packages/airflow/example_dags/example_dag_decorator.py
[2024-05-11T21:05:41.739+0000] {processor.py:839} INFO - DAG(s) dict_keys(['example_dag_decorator']) retrieved from /home/airflow/.local/lib/python3.8/site-packages/airflow/example_dags/example_dag_decorator.py
[2024-05-11T21:05:41.753+0000] {logging_mixin.py:154} INFO - [2024-05-11T21:05:41.753+0000] {dag.py:2941} INFO - Sync 1 DAGs
[2024-05-11T21:05:41.767+0000] {logging_mixin.py:154} INFO - [2024-05-11T21:05:41.766+0000] {dag.py:3722} INFO - Setting next_dagrun for example_dag_decorator to None, run_after=None
[2024-05-11T21:05:41.784+0000] {processor.py:179} INFO - Processing /home/airflow/.local/lib/python3.8/site-packages/airflow/example_dags/example_dag_decorator.py took 0.159 seconds
[2024-05-11T21:06:12.109+0000] {processor.py:157} INFO - Started process (PID=92) to work on /home/airflow/.local/lib/python3.8/site-packages/airflow/example_dags/example_dag_decorator.py
[2024-05-11T21:06:12.110+0000] {processor.py:829} INFO - Processing file /home/airflow/.local/lib/python3.8/site-packages/airflow/example_dags/example_dag_decorator.py for tasks to queue
[2024-05-11T21:06:12.113+0000] {logging_mixin.py:154} INFO - [2024-05-11T21:06:12.112+0000] {dagbag.py:536} INFO - Filling up the DagBag from /home/airflow/.local/lib/python3.8/site-packages/airflow/example_dags/example_dag_decorator.py
[2024-05-11T21:06:12.160+0000] {processor.py:839} INFO - DAG(s) dict_keys(['example_dag_decorator']) retrieved from /home/airflow/.local/lib/python3.8/site-packages/airflow/example_dags/example_dag_decorator.py
[2024-05-11T21:06:12.226+0000] {logging_mixin.py:154} INFO - [2024-05-11T21:06:12.226+0000] {dag.py:2941} INFO - Sync 1 DAGs
[2024-05-11T21:06:12.232+0000] {logging_mixin.py:154} INFO - [2024-05-11T21:06:12.232+0000] {dag.py:3722} INFO - Setting next_dagrun for example_dag_decorator to None, run_after=None
[2024-05-11T21:06:12.243+0000] {processor.py:179} INFO - Processing /home/airflow/.local/lib/python3.8/site-packages/airflow/example_dags/example_dag_decorator.py took 0.138 seconds
[2024-05-11T21:06:42.452+0000] {processor.py:157} INFO - Started process (PID=148) to work on /home/airflow/.local/lib/python3.8/site-packages/airflow/example_dags/example_dag_decorator.py
[2024-05-11T21:06:42.453+0000] {processor.py:829} INFO - Processing file /home/airflow/.local/lib/python3.8/site-packages/airflow/example_dags/example_dag_decorator.py for tasks to queue
[2024-05-11T21:06:42.455+0000] {logging_mixin.py:154} INFO - [2024-05-11T21:06:42.455+0000] {dagbag.py:536} INFO - Filling up the DagBag from /home/airflow/.local/lib/python3.8/site-packages/airflow/example_dags/example_dag_decorator.py
[2024-05-11T21:06:42.494+0000] {processor.py:839} INFO - DAG(s) dict_keys(['example_dag_decorator']) retrieved from /home/airflow/.local/lib/python3.8/site-packages/airflow/example_dags/example_dag_decorator.py
[2024-05-11T21:06:42.552+0000] {logging_mixin.py:154} INFO - [2024-05-11T21:06:42.552+0000] {dag.py:2941} INFO - Sync 1 DAGs
[2024-05-11T21:06:42.558+0000] {logging_mixin.py:154} INFO - [2024-05-11T21:06:42.558+0000] {dag.py:3722} INFO - Setting next_dagrun for example_dag_decorator to None, run_after=None
[2024-05-11T21:06:42.567+0000] {processor.py:179} INFO - Processing /home/airflow/.local/lib/python3.8/site-packages/airflow/example_dags/example_dag_decorator.py took 0.118 seconds
[2024-05-11T21:07:12.809+0000] {processor.py:157} INFO - Started process (PID=203) to work on /home/airflow/.local/lib/python3.8/site-packages/airflow/example_dags/example_dag_decorator.py
[2024-05-11T21:07:12.810+0000] {processor.py:829} INFO - Processing file /home/airflow/.local/lib/python3.8/site-packages/airflow/example_dags/example_dag_decorator.py for tasks to queue
[2024-05-11T21:07:12.812+0000] {logging_mixin.py:154} INFO - [2024-05-11T21:07:12.812+0000] {dagbag.py:536} INFO - Filling up the DagBag from /home/airflow/.local/lib/python3.8/site-packages/airflow/example_dags/example_dag_decorator.py
[2024-05-11T21:07:12.858+0000] {processor.py:839} INFO - DAG(s) dict_keys(['example_dag_decorator']) retrieved from /home/airflow/.local/lib/python3.8/site-packages/airflow/example_dags/example_dag_decorator.py
[2024-05-11T21:07:12.930+0000] {logging_mixin.py:154} INFO - [2024-05-11T21:07:12.930+0000] {dag.py:2941} INFO - Sync 1 DAGs
[2024-05-11T21:07:12.936+0000] {logging_mixin.py:154} INFO - [2024-05-11T21:07:12.936+0000] {dag.py:3722} INFO - Setting next_dagrun for example_dag_decorator to None, run_after=None
[2024-05-11T21:07:12.948+0000] {processor.py:179} INFO - Processing /home/airflow/.local/lib/python3.8/site-packages/airflow/example_dags/example_dag_decorator.py took 0.142 seconds
[2024-05-11T21:07:43.089+0000] {processor.py:157} INFO - Started process (PID=263) to work on /home/airflow/.local/lib/python3.8/site-packages/airflow/example_dags/example_dag_decorator.py
[2024-05-11T21:07:43.090+0000] {processor.py:829} INFO - Processing file /home/airflow/.local/lib/python3.8/site-packages/airflow/example_dags/example_dag_decorator.py for tasks to queue
[2024-05-11T21:07:43.092+0000] {logging_mixin.py:154} INFO - [2024-05-11T21:07:43.092+0000] {dagbag.py:536} INFO - Filling up the DagBag from /home/airflow/.local/lib/python3.8/site-packages/airflow/example_dags/example_dag_decorator.py
[2024-05-11T21:07:43.139+0000] {processor.py:839} INFO - DAG(s) dict_keys(['example_dag_decorator']) retrieved from /home/airflow/.local/lib/python3.8/site-packages/airflow/example_dags/example_dag_decorator.py
[2024-05-11T21:07:43.204+0000] {logging_mixin.py:154} INFO - [2024-05-11T21:07:43.204+0000] {dag.py:2941} INFO - Sync 1 DAGs
[2024-05-11T21:07:43.211+0000] {logging_mixin.py:154} INFO - [2024-05-11T21:07:43.211+0000] {dag.py:3722} INFO - Setting next_dagrun for example_dag_decorator to None, run_after=None
[2024-05-11T21:07:43.222+0000] {processor.py:179} INFO - Processing /home/airflow/.local/lib/python3.8/site-packages/airflow/example_dags/example_dag_decorator.py took 0.136 seconds
[2024-05-11T21:08:13.283+0000] {processor.py:157} INFO - Started process (PID=317) to work on /home/airflow/.local/lib/python3.8/site-packages/airflow/example_dags/example_dag_decorator.py
[2024-05-11T21:08:13.284+0000] {processor.py:829} INFO - Processing file /home/airflow/.local/lib/python3.8/site-packages/airflow/example_dags/example_dag_decorator.py for tasks to queue
[2024-05-11T21:08:13.286+0000] {logging_mixin.py:154} INFO - [2024-05-11T21:08:13.286+0000] {dagbag.py:536} INFO - Filling up the DagBag from /home/airflow/.local/lib/python3.8/site-packages/airflow/example_dags/example_dag_decorator.py
[2024-05-11T21:08:13.326+0000] {processor.py:839} INFO - DAG(s) dict_keys(['example_dag_decorator']) retrieved from /home/airflow/.local/lib/python3.8/site-packages/airflow/example_dags/example_dag_decorator.py
[2024-05-11T21:08:13.381+0000] {logging_mixin.py:154} INFO - [2024-05-11T21:08:13.381+0000] {dag.py:2941} INFO - Sync 1 DAGs
[2024-05-11T21:08:13.387+0000] {logging_mixin.py:154} INFO - [2024-05-11T21:08:13.387+0000] {dag.py:3722} INFO - Setting next_dagrun for example_dag_decorator to None, run_after=None
[2024-05-11T21:08:13.396+0000] {processor.py:179} INFO - Processing /home/airflow/.local/lib/python3.8/site-packages/airflow/example_dags/example_dag_decorator.py took 0.116 seconds
[2024-05-11T21:08:43.489+0000] {processor.py:157} INFO - Started process (PID=372) to work on /home/airflow/.local/lib/python3.8/site-packages/airflow/example_dags/example_dag_decorator.py
[2024-05-11T21:08:43.491+0000] {processor.py:829} INFO - Processing file /home/airflow/.local/lib/python3.8/site-packages/airflow/example_dags/example_dag_decorator.py for tasks to queue
[2024-05-11T21:08:43.492+0000] {logging_mixin.py:154} INFO - [2024-05-11T21:08:43.492+0000] {dagbag.py:536} INFO - Filling up the DagBag from /home/airflow/.local/lib/python3.8/site-packages/airflow/example_dags/example_dag_decorator.py
[2024-05-11T21:08:43.531+0000] {processor.py:839} INFO - DAG(s) dict_keys(['example_dag_decorator']) retrieved from /home/airflow/.local/lib/python3.8/site-packages/airflow/example_dags/example_dag_decorator.py
[2024-05-11T21:08:43.617+0000] {logging_mixin.py:154} INFO - [2024-05-11T21:08:43.617+0000] {dag.py:2941} INFO - Sync 1 DAGs
[2024-05-11T21:08:43.625+0000] {logging_mixin.py:154} INFO - [2024-05-11T21:08:43.625+0000] {dag.py:3722} INFO - Setting next_dagrun for example_dag_decorator to None, run_after=None
[2024-05-11T21:08:43.637+0000] {processor.py:179} INFO - Processing /home/airflow/.local/lib/python3.8/site-packages/airflow/example_dags/example_dag_decorator.py took 0.150 seconds
[2024-05-11T21:09:13.870+0000] {processor.py:157} INFO - Started process (PID=425) to work on /home/airflow/.local/lib/python3.8/site-packages/airflow/example_dags/example_dag_decorator.py
[2024-05-11T21:09:13.872+0000] {processor.py:829} INFO - Processing file /home/airflow/.local/lib/python3.8/site-packages/airflow/example_dags/example_dag_decorator.py for tasks to queue
[2024-05-11T21:09:13.877+0000] {logging_mixin.py:154} INFO - [2024-05-11T21:09:13.877+0000] {dagbag.py:536} INFO - Filling up the DagBag from /home/airflow/.local/lib/python3.8/site-packages/airflow/example_dags/example_dag_decorator.py
[2024-05-11T21:09:13.924+0000] {processor.py:839} INFO - DAG(s) dict_keys(['example_dag_decorator']) retrieved from /home/airflow/.local/lib/python3.8/site-packages/airflow/example_dags/example_dag_decorator.py
[2024-05-11T21:09:13.999+0000] {logging_mixin.py:154} INFO - [2024-05-11T21:09:13.999+0000] {dag.py:2941} INFO - Sync 1 DAGs
[2024-05-11T21:09:14.007+0000] {logging_mixin.py:154} INFO - [2024-05-11T21:09:14.007+0000] {dag.py:3722} INFO - Setting next_dagrun for example_dag_decorator to None, run_after=None
[2024-05-11T21:09:14.025+0000] {processor.py:179} INFO - Processing /home/airflow/.local/lib/python3.8/site-packages/airflow/example_dags/example_dag_decorator.py took 0.158 seconds
[2024-05-11T21:09:44.224+0000] {processor.py:157} INFO - Started process (PID=481) to work on /home/airflow/.local/lib/python3.8/site-packages/airflow/example_dags/example_dag_decorator.py
[2024-05-11T21:09:44.225+0000] {processor.py:829} INFO - Processing file /home/airflow/.local/lib/python3.8/site-packages/airflow/example_dags/example_dag_decorator.py for tasks to queue
[2024-05-11T21:09:44.228+0000] {logging_mixin.py:154} INFO - [2024-05-11T21:09:44.227+0000] {dagbag.py:536} INFO - Filling up the DagBag from /home/airflow/.local/lib/python3.8/site-packages/airflow/example_dags/example_dag_decorator.py
[2024-05-11T21:09:44.271+0000] {processor.py:839} INFO - DAG(s) dict_keys(['example_dag_decorator']) retrieved from /home/airflow/.local/lib/python3.8/site-packages/airflow/example_dags/example_dag_decorator.py
[2024-05-11T21:09:44.331+0000] {logging_mixin.py:154} INFO - [2024-05-11T21:09:44.331+0000] {dag.py:2941} INFO - Sync 1 DAGs
[2024-05-11T21:09:44.337+0000] {logging_mixin.py:154} INFO - [2024-05-11T21:09:44.337+0000] {dag.py:3722} INFO - Setting next_dagrun for example_dag_decorator to None, run_after=None
[2024-05-11T21:09:44.347+0000] {processor.py:179} INFO - Processing /home/airflow/.local/lib/python3.8/site-packages/airflow/example_dags/example_dag_decorator.py took 0.125 seconds
[2024-05-11T21:10:14.466+0000] {processor.py:157} INFO - Started process (PID=535) to work on /home/airflow/.local/lib/python3.8/site-packages/airflow/example_dags/example_dag_decorator.py
[2024-05-11T21:10:14.467+0000] {processor.py:829} INFO - Processing file /home/airflow/.local/lib/python3.8/site-packages/airflow/example_dags/example_dag_decorator.py for tasks to queue
[2024-05-11T21:10:14.469+0000] {logging_mixin.py:154} INFO - [2024-05-11T21:10:14.469+0000] {dagbag.py:536} INFO - Filling up the DagBag from /home/airflow/.local/lib/python3.8/site-packages/airflow/example_dags/example_dag_decorator.py
[2024-05-11T21:10:14.508+0000] {processor.py:839} INFO - DAG(s) dict_keys(['example_dag_decorator']) retrieved from /home/airflow/.local/lib/python3.8/site-packages/airflow/example_dags/example_dag_decorator.py
[2024-05-11T21:10:14.565+0000] {logging_mixin.py:154} INFO - [2024-05-11T21:10:14.564+0000] {dag.py:2941} INFO - Sync 1 DAGs
[2024-05-11T21:10:14.571+0000] {logging_mixin.py:154} INFO - [2024-05-11T21:10:14.571+0000] {dag.py:3722} INFO - Setting next_dagrun for example_dag_decorator to None, run_after=None
[2024-05-11T21:10:14.581+0000] {processor.py:179} INFO - Processing /home/airflow/.local/lib/python3.8/site-packages/airflow/example_dags/example_dag_decorator.py took 0.117 seconds
[2024-05-11T21:10:44.754+0000] {processor.py:157} INFO - Started process (PID=589) to work on /home/airflow/.local/lib/python3.8/site-packages/airflow/example_dags/example_dag_decorator.py
[2024-05-11T21:10:44.756+0000] {processor.py:829} INFO - Processing file /home/airflow/.local/lib/python3.8/site-packages/airflow/example_dags/example_dag_decorator.py for tasks to queue
[2024-05-11T21:10:44.758+0000] {logging_mixin.py:154} INFO - [2024-05-11T21:10:44.758+0000] {dagbag.py:536} INFO - Filling up the DagBag from /home/airflow/.local/lib/python3.8/site-packages/airflow/example_dags/example_dag_decorator.py
[2024-05-11T21:10:44.800+0000] {processor.py:839} INFO - DAG(s) dict_keys(['example_dag_decorator']) retrieved from /home/airflow/.local/lib/python3.8/site-packages/airflow/example_dags/example_dag_decorator.py
[2024-05-11T21:10:44.860+0000] {logging_mixin.py:154} INFO - [2024-05-11T21:10:44.860+0000] {dag.py:2941} INFO - Sync 1 DAGs
[2024-05-11T21:10:44.866+0000] {logging_mixin.py:154} INFO - [2024-05-11T21:10:44.866+0000] {dag.py:3722} INFO - Setting next_dagrun for example_dag_decorator to None, run_after=None
[2024-05-11T21:10:44.877+0000] {processor.py:179} INFO - Processing /home/airflow/.local/lib/python3.8/site-packages/airflow/example_dags/example_dag_decorator.py took 0.125 seconds
[2024-05-11T21:11:15.147+0000] {processor.py:157} INFO - Started process (PID=644) to work on /home/airflow/.local/lib/python3.8/site-packages/airflow/example_dags/example_dag_decorator.py
[2024-05-11T21:11:15.148+0000] {processor.py:829} INFO - Processing file /home/airflow/.local/lib/python3.8/site-packages/airflow/example_dags/example_dag_decorator.py for tasks to queue
[2024-05-11T21:11:15.151+0000] {logging_mixin.py:154} INFO - [2024-05-11T21:11:15.150+0000] {dagbag.py:536} INFO - Filling up the DagBag from /home/airflow/.local/lib/python3.8/site-packages/airflow/example_dags/example_dag_decorator.py
[2024-05-11T21:11:15.190+0000] {processor.py:839} INFO - DAG(s) dict_keys(['example_dag_decorator']) retrieved from /home/airflow/.local/lib/python3.8/site-packages/airflow/example_dags/example_dag_decorator.py
[2024-05-11T21:11:15.253+0000] {logging_mixin.py:154} INFO - [2024-05-11T21:11:15.253+0000] {dag.py:2941} INFO - Sync 1 DAGs
[2024-05-11T21:11:15.260+0000] {logging_mixin.py:154} INFO - [2024-05-11T21:11:15.260+0000] {dag.py:3722} INFO - Setting next_dagrun for example_dag_decorator to None, run_after=None
[2024-05-11T21:11:15.273+0000] {processor.py:179} INFO - Processing /home/airflow/.local/lib/python3.8/site-packages/airflow/example_dags/example_dag_decorator.py took 0.129 seconds
[2024-05-11T21:11:45.463+0000] {processor.py:157} INFO - Started process (PID=699) to work on /home/airflow/.local/lib/python3.8/site-packages/airflow/example_dags/example_dag_decorator.py
[2024-05-11T21:11:45.465+0000] {processor.py:829} INFO - Processing file /home/airflow/.local/lib/python3.8/site-packages/airflow/example_dags/example_dag_decorator.py for tasks to queue
[2024-05-11T21:11:45.468+0000] {logging_mixin.py:154} INFO - [2024-05-11T21:11:45.468+0000] {dagbag.py:536} INFO - Filling up the DagBag from /home/airflow/.local/lib/python3.8/site-packages/airflow/example_dags/example_dag_decorator.py
[2024-05-11T21:11:45.509+0000] {processor.py:839} INFO - DAG(s) dict_keys(['example_dag_decorator']) retrieved from /home/airflow/.local/lib/python3.8/site-packages/airflow/example_dags/example_dag_decorator.py
[2024-05-11T21:11:45.569+0000] {logging_mixin.py:154} INFO - [2024-05-11T21:11:45.568+0000] {dag.py:2941} INFO - Sync 1 DAGs
[2024-05-11T21:11:45.577+0000] {logging_mixin.py:154} INFO - [2024-05-11T21:11:45.576+0000] {dag.py:3722} INFO - Setting next_dagrun for example_dag_decorator to None, run_after=None
[2024-05-11T21:11:45.590+0000] {processor.py:179} INFO - Processing /home/airflow/.local/lib/python3.8/site-packages/airflow/example_dags/example_dag_decorator.py took 0.130 seconds
[2024-05-11T21:12:15.683+0000] {processor.py:157} INFO - Started process (PID=755) to work on /home/airflow/.local/lib/python3.8/site-packages/airflow/example_dags/example_dag_decorator.py
[2024-05-11T21:12:15.684+0000] {processor.py:829} INFO - Processing file /home/airflow/.local/lib/python3.8/site-packages/airflow/example_dags/example_dag_decorator.py for tasks to queue
[2024-05-11T21:12:15.686+0000] {logging_mixin.py:154} INFO - [2024-05-11T21:12:15.685+0000] {dagbag.py:536} INFO - Filling up the DagBag from /home/airflow/.local/lib/python3.8/site-packages/airflow/example_dags/example_dag_decorator.py
[2024-05-11T21:12:15.729+0000] {processor.py:839} INFO - DAG(s) dict_keys(['example_dag_decorator']) retrieved from /home/airflow/.local/lib/python3.8/site-packages/airflow/example_dags/example_dag_decorator.py
[2024-05-11T21:12:15.797+0000] {logging_mixin.py:154} INFO - [2024-05-11T21:12:15.797+0000] {dag.py:2941} INFO - Sync 1 DAGs
[2024-05-11T21:12:15.804+0000] {logging_mixin.py:154} INFO - [2024-05-11T21:12:15.804+0000] {dag.py:3722} INFO - Setting next_dagrun for example_dag_decorator to None, run_after=None
[2024-05-11T21:12:15.817+0000] {processor.py:179} INFO - Processing /home/airflow/.local/lib/python3.8/site-packages/airflow/example_dags/example_dag_decorator.py took 0.137 seconds
[2024-05-11T21:12:46.062+0000] {processor.py:157} INFO - Started process (PID=810) to work on /home/airflow/.local/lib/python3.8/site-packages/airflow/example_dags/example_dag_decorator.py
[2024-05-11T21:12:46.063+0000] {processor.py:829} INFO - Processing file /home/airflow/.local/lib/python3.8/site-packages/airflow/example_dags/example_dag_decorator.py for tasks to queue
[2024-05-11T21:12:46.065+0000] {logging_mixin.py:154} INFO - [2024-05-11T21:12:46.065+0000] {dagbag.py:536} INFO - Filling up the DagBag from /home/airflow/.local/lib/python3.8/site-packages/airflow/example_dags/example_dag_decorator.py
[2024-05-11T21:12:46.114+0000] {processor.py:839} INFO - DAG(s) dict_keys(['example_dag_decorator']) retrieved from /home/airflow/.local/lib/python3.8/site-packages/airflow/example_dags/example_dag_decorator.py
[2024-05-11T21:12:46.178+0000] {logging_mixin.py:154} INFO - [2024-05-11T21:12:46.178+0000] {dag.py:2941} INFO - Sync 1 DAGs
[2024-05-11T21:12:46.185+0000] {logging_mixin.py:154} INFO - [2024-05-11T21:12:46.185+0000] {dag.py:3722} INFO - Setting next_dagrun for example_dag_decorator to None, run_after=None
[2024-05-11T21:12:46.197+0000] {processor.py:179} INFO - Processing /home/airflow/.local/lib/python3.8/site-packages/airflow/example_dags/example_dag_decorator.py took 0.138 seconds
[2024-05-11T21:13:16.449+0000] {processor.py:157} INFO - Started process (PID=865) to work on /home/airflow/.local/lib/python3.8/site-packages/airflow/example_dags/example_dag_decorator.py
[2024-05-11T21:13:16.451+0000] {processor.py:829} INFO - Processing file /home/airflow/.local/lib/python3.8/site-packages/airflow/example_dags/example_dag_decorator.py for tasks to queue
[2024-05-11T21:13:16.453+0000] {logging_mixin.py:154} INFO - [2024-05-11T21:13:16.452+0000] {dagbag.py:536} INFO - Filling up the DagBag from /home/airflow/.local/lib/python3.8/site-packages/airflow/example_dags/example_dag_decorator.py
[2024-05-11T21:13:16.498+0000] {processor.py:839} INFO - DAG(s) dict_keys(['example_dag_decorator']) retrieved from /home/airflow/.local/lib/python3.8/site-packages/airflow/example_dags/example_dag_decorator.py
[2024-05-11T21:13:16.589+0000] {logging_mixin.py:154} INFO - [2024-05-11T21:13:16.589+0000] {dag.py:2941} INFO - Sync 1 DAGs
[2024-05-11T21:13:16.608+0000] {logging_mixin.py:154} INFO - [2024-05-11T21:13:16.608+0000] {dag.py:3722} INFO - Setting next_dagrun for example_dag_decorator to None, run_after=None
[2024-05-11T21:13:16.620+0000] {processor.py:179} INFO - Processing /home/airflow/.local/lib/python3.8/site-packages/airflow/example_dags/example_dag_decorator.py took 0.174 seconds
[2024-05-11T21:13:46.650+0000] {processor.py:157} INFO - Started process (PID=920) to work on /home/airflow/.local/lib/python3.8/site-packages/airflow/example_dags/example_dag_decorator.py
[2024-05-11T21:13:46.651+0000] {processor.py:829} INFO - Processing file /home/airflow/.local/lib/python3.8/site-packages/airflow/example_dags/example_dag_decorator.py for tasks to queue
[2024-05-11T21:13:46.653+0000] {logging_mixin.py:154} INFO - [2024-05-11T21:13:46.653+0000] {dagbag.py:536} INFO - Filling up the DagBag from /home/airflow/.local/lib/python3.8/site-packages/airflow/example_dags/example_dag_decorator.py
[2024-05-11T21:13:46.696+0000] {processor.py:839} INFO - DAG(s) dict_keys(['example_dag_decorator']) retrieved from /home/airflow/.local/lib/python3.8/site-packages/airflow/example_dags/example_dag_decorator.py
[2024-05-11T21:13:46.765+0000] {logging_mixin.py:154} INFO - [2024-05-11T21:13:46.765+0000] {dag.py:2941} INFO - Sync 1 DAGs
[2024-05-11T21:13:46.777+0000] {logging_mixin.py:154} INFO - [2024-05-11T21:13:46.777+0000] {dag.py:3722} INFO - Setting next_dagrun for example_dag_decorator to None, run_after=None
[2024-05-11T21:13:46.789+0000] {processor.py:179} INFO - Processing /home/airflow/.local/lib/python3.8/site-packages/airflow/example_dags/example_dag_decorator.py took 0.142 seconds
[2024-05-11T21:14:16.846+0000] {processor.py:157} INFO - Started process (PID=975) to work on /home/airflow/.local/lib/python3.8/site-packages/airflow/example_dags/example_dag_decorator.py
[2024-05-11T21:14:16.848+0000] {processor.py:829} INFO - Processing file /home/airflow/.local/lib/python3.8/site-packages/airflow/example_dags/example_dag_decorator.py for tasks to queue
[2024-05-11T21:14:16.849+0000] {logging_mixin.py:154} INFO - [2024-05-11T21:14:16.849+0000] {dagbag.py:536} INFO - Filling up the DagBag from /home/airflow/.local/lib/python3.8/site-packages/airflow/example_dags/example_dag_decorator.py
[2024-05-11T21:14:16.892+0000] {processor.py:839} INFO - DAG(s) dict_keys(['example_dag_decorator']) retrieved from /home/airflow/.local/lib/python3.8/site-packages/airflow/example_dags/example_dag_decorator.py
[2024-05-11T21:14:16.957+0000] {logging_mixin.py:154} INFO - [2024-05-11T21:14:16.956+0000] {dag.py:2941} INFO - Sync 1 DAGs
[2024-05-11T21:14:16.965+0000] {logging_mixin.py:154} INFO - [2024-05-11T21:14:16.965+0000] {dag.py:3722} INFO - Setting next_dagrun for example_dag_decorator to None, run_after=None
[2024-05-11T21:14:16.978+0000] {processor.py:179} INFO - Processing /home/airflow/.local/lib/python3.8/site-packages/airflow/example_dags/example_dag_decorator.py took 0.134 seconds
[2024-05-11T21:14:47.058+0000] {processor.py:157} INFO - Started process (PID=1031) to work on /home/airflow/.local/lib/python3.8/site-packages/airflow/example_dags/example_dag_decorator.py
[2024-05-11T21:14:47.059+0000] {processor.py:829} INFO - Processing file /home/airflow/.local/lib/python3.8/site-packages/airflow/example_dags/example_dag_decorator.py for tasks to queue
[2024-05-11T21:14:47.062+0000] {logging_mixin.py:154} INFO - [2024-05-11T21:14:47.062+0000] {dagbag.py:536} INFO - Filling up the DagBag from /home/airflow/.local/lib/python3.8/site-packages/airflow/example_dags/example_dag_decorator.py
[2024-05-11T21:14:47.105+0000] {processor.py:839} INFO - DAG(s) dict_keys(['example_dag_decorator']) retrieved from /home/airflow/.local/lib/python3.8/site-packages/airflow/example_dags/example_dag_decorator.py
[2024-05-11T21:14:47.178+0000] {logging_mixin.py:154} INFO - [2024-05-11T21:14:47.177+0000] {dag.py:2941} INFO - Sync 1 DAGs
[2024-05-11T21:14:47.186+0000] {logging_mixin.py:154} INFO - [2024-05-11T21:14:47.186+0000] {dag.py:3722} INFO - Setting next_dagrun for example_dag_decorator to None, run_after=None
[2024-05-11T21:14:47.203+0000] {processor.py:179} INFO - Processing /home/airflow/.local/lib/python3.8/site-packages/airflow/example_dags/example_dag_decorator.py took 0.148 seconds
[2024-05-11T21:15:17.506+0000] {processor.py:157} INFO - Started process (PID=1086) to work on /home/airflow/.local/lib/python3.8/site-packages/airflow/example_dags/example_dag_decorator.py
[2024-05-11T21:15:17.507+0000] {processor.py:829} INFO - Processing file /home/airflow/.local/lib/python3.8/site-packages/airflow/example_dags/example_dag_decorator.py for tasks to queue
[2024-05-11T21:15:17.509+0000] {logging_mixin.py:154} INFO - [2024-05-11T21:15:17.508+0000] {dagbag.py:536} INFO - Filling up the DagBag from /home/airflow/.local/lib/python3.8/site-packages/airflow/example_dags/example_dag_decorator.py
[2024-05-11T21:15:17.555+0000] {processor.py:839} INFO - DAG(s) dict_keys(['example_dag_decorator']) retrieved from /home/airflow/.local/lib/python3.8/site-packages/airflow/example_dags/example_dag_decorator.py
[2024-05-11T21:15:17.616+0000] {logging_mixin.py:154} INFO - [2024-05-11T21:15:17.616+0000] {dag.py:2941} INFO - Sync 1 DAGs
[2024-05-11T21:15:17.622+0000] {logging_mixin.py:154} INFO - [2024-05-11T21:15:17.622+0000] {dag.py:3722} INFO - Setting next_dagrun for example_dag_decorator to None, run_after=None
[2024-05-11T21:15:17.632+0000] {processor.py:179} INFO - Processing /home/airflow/.local/lib/python3.8/site-packages/airflow/example_dags/example_dag_decorator.py took 0.130 seconds
[2024-05-11T21:16:30.534+0000] {processor.py:157} INFO - Started process (PID=37) to work on /home/airflow/.local/lib/python3.8/site-packages/airflow/example_dags/example_dag_decorator.py
[2024-05-11T21:16:30.538+0000] {processor.py:829} INFO - Processing file /home/airflow/.local/lib/python3.8/site-packages/airflow/example_dags/example_dag_decorator.py for tasks to queue
[2024-05-11T21:16:30.551+0000] {logging_mixin.py:154} INFO - [2024-05-11T21:16:30.548+0000] {dagbag.py:536} INFO - Filling up the DagBag from /home/airflow/.local/lib/python3.8/site-packages/airflow/example_dags/example_dag_decorator.py
[2024-05-11T21:16:30.731+0000] {processor.py:839} INFO - DAG(s) dict_keys(['example_dag_decorator']) retrieved from /home/airflow/.local/lib/python3.8/site-packages/airflow/example_dags/example_dag_decorator.py
[2024-05-11T21:16:30.763+0000] {logging_mixin.py:154} INFO - [2024-05-11T21:16:30.763+0000] {dag.py:2941} INFO - Sync 1 DAGs
[2024-05-11T21:16:30.800+0000] {logging_mixin.py:154} INFO - [2024-05-11T21:16:30.800+0000] {dag.py:3722} INFO - Setting next_dagrun for example_dag_decorator to None, run_after=None
[2024-05-11T21:16:30.821+0000] {processor.py:179} INFO - Processing /home/airflow/.local/lib/python3.8/site-packages/airflow/example_dags/example_dag_decorator.py took 0.291 seconds
[2024-05-11T21:17:01.620+0000] {processor.py:157} INFO - Started process (PID=93) to work on /home/airflow/.local/lib/python3.8/site-packages/airflow/example_dags/example_dag_decorator.py
[2024-05-11T21:17:01.623+0000] {processor.py:829} INFO - Processing file /home/airflow/.local/lib/python3.8/site-packages/airflow/example_dags/example_dag_decorator.py for tasks to queue
[2024-05-11T21:17:01.627+0000] {logging_mixin.py:154} INFO - [2024-05-11T21:17:01.626+0000] {dagbag.py:536} INFO - Filling up the DagBag from /home/airflow/.local/lib/python3.8/site-packages/airflow/example_dags/example_dag_decorator.py
[2024-05-11T21:17:01.700+0000] {processor.py:839} INFO - DAG(s) dict_keys(['example_dag_decorator']) retrieved from /home/airflow/.local/lib/python3.8/site-packages/airflow/example_dags/example_dag_decorator.py
[2024-05-11T21:17:01.776+0000] {logging_mixin.py:154} INFO - [2024-05-11T21:17:01.776+0000] {dag.py:2941} INFO - Sync 1 DAGs
[2024-05-11T21:17:01.784+0000] {logging_mixin.py:154} INFO - [2024-05-11T21:17:01.784+0000] {dag.py:3722} INFO - Setting next_dagrun for example_dag_decorator to None, run_after=None
[2024-05-11T21:17:01.796+0000] {processor.py:179} INFO - Processing /home/airflow/.local/lib/python3.8/site-packages/airflow/example_dags/example_dag_decorator.py took 0.181 seconds
[2024-05-11T21:17:31.978+0000] {processor.py:157} INFO - Started process (PID=148) to work on /home/airflow/.local/lib/python3.8/site-packages/airflow/example_dags/example_dag_decorator.py
[2024-05-11T21:17:31.980+0000] {processor.py:829} INFO - Processing file /home/airflow/.local/lib/python3.8/site-packages/airflow/example_dags/example_dag_decorator.py for tasks to queue
[2024-05-11T21:17:31.984+0000] {logging_mixin.py:154} INFO - [2024-05-11T21:17:31.984+0000] {dagbag.py:536} INFO - Filling up the DagBag from /home/airflow/.local/lib/python3.8/site-packages/airflow/example_dags/example_dag_decorator.py
[2024-05-11T21:17:32.041+0000] {processor.py:839} INFO - DAG(s) dict_keys(['example_dag_decorator']) retrieved from /home/airflow/.local/lib/python3.8/site-packages/airflow/example_dags/example_dag_decorator.py
[2024-05-11T21:17:32.112+0000] {logging_mixin.py:154} INFO - [2024-05-11T21:17:32.112+0000] {dag.py:2941} INFO - Sync 1 DAGs
[2024-05-11T21:17:32.120+0000] {logging_mixin.py:154} INFO - [2024-05-11T21:17:32.120+0000] {dag.py:3722} INFO - Setting next_dagrun for example_dag_decorator to None, run_after=None
[2024-05-11T21:17:32.133+0000] {processor.py:179} INFO - Processing /home/airflow/.local/lib/python3.8/site-packages/airflow/example_dags/example_dag_decorator.py took 0.161 seconds
[2024-05-11T21:18:02.394+0000] {processor.py:157} INFO - Started process (PID=204) to work on /home/airflow/.local/lib/python3.8/site-packages/airflow/example_dags/example_dag_decorator.py
[2024-05-11T21:18:02.396+0000] {processor.py:829} INFO - Processing file /home/airflow/.local/lib/python3.8/site-packages/airflow/example_dags/example_dag_decorator.py for tasks to queue
[2024-05-11T21:18:02.398+0000] {logging_mixin.py:154} INFO - [2024-05-11T21:18:02.398+0000] {dagbag.py:536} INFO - Filling up the DagBag from /home/airflow/.local/lib/python3.8/site-packages/airflow/example_dags/example_dag_decorator.py
[2024-05-11T21:18:02.455+0000] {processor.py:839} INFO - DAG(s) dict_keys(['example_dag_decorator']) retrieved from /home/airflow/.local/lib/python3.8/site-packages/airflow/example_dags/example_dag_decorator.py
[2024-05-11T21:18:02.522+0000] {logging_mixin.py:154} INFO - [2024-05-11T21:18:02.522+0000] {dag.py:2941} INFO - Sync 1 DAGs
[2024-05-11T21:18:02.529+0000] {logging_mixin.py:154} INFO - [2024-05-11T21:18:02.529+0000] {dag.py:3722} INFO - Setting next_dagrun for example_dag_decorator to None, run_after=None
[2024-05-11T21:18:02.540+0000] {processor.py:179} INFO - Processing /home/airflow/.local/lib/python3.8/site-packages/airflow/example_dags/example_dag_decorator.py took 0.150 seconds
[2024-05-11T21:18:32.592+0000] {processor.py:157} INFO - Started process (PID=259) to work on /home/airflow/.local/lib/python3.8/site-packages/airflow/example_dags/example_dag_decorator.py
[2024-05-11T21:18:32.595+0000] {processor.py:829} INFO - Processing file /home/airflow/.local/lib/python3.8/site-packages/airflow/example_dags/example_dag_decorator.py for tasks to queue
[2024-05-11T21:18:32.599+0000] {logging_mixin.py:154} INFO - [2024-05-11T21:18:32.599+0000] {dagbag.py:536} INFO - Filling up the DagBag from /home/airflow/.local/lib/python3.8/site-packages/airflow/example_dags/example_dag_decorator.py
[2024-05-11T21:18:32.659+0000] {processor.py:839} INFO - DAG(s) dict_keys(['example_dag_decorator']) retrieved from /home/airflow/.local/lib/python3.8/site-packages/airflow/example_dags/example_dag_decorator.py
[2024-05-11T21:18:32.723+0000] {logging_mixin.py:154} INFO - [2024-05-11T21:18:32.722+0000] {dag.py:2941} INFO - Sync 1 DAGs
[2024-05-11T21:18:32.729+0000] {logging_mixin.py:154} INFO - [2024-05-11T21:18:32.729+0000] {dag.py:3722} INFO - Setting next_dagrun for example_dag_decorator to None, run_after=None
[2024-05-11T21:18:32.743+0000] {processor.py:179} INFO - Processing /home/airflow/.local/lib/python3.8/site-packages/airflow/example_dags/example_dag_decorator.py took 0.157 seconds
[2024-05-11T21:19:02.804+0000] {processor.py:157} INFO - Started process (PID=314) to work on /home/airflow/.local/lib/python3.8/site-packages/airflow/example_dags/example_dag_decorator.py
[2024-05-11T21:19:02.807+0000] {processor.py:829} INFO - Processing file /home/airflow/.local/lib/python3.8/site-packages/airflow/example_dags/example_dag_decorator.py for tasks to queue
[2024-05-11T21:19:02.811+0000] {logging_mixin.py:154} INFO - [2024-05-11T21:19:02.811+0000] {dagbag.py:536} INFO - Filling up the DagBag from /home/airflow/.local/lib/python3.8/site-packages/airflow/example_dags/example_dag_decorator.py
[2024-05-11T21:19:02.871+0000] {processor.py:839} INFO - DAG(s) dict_keys(['example_dag_decorator']) retrieved from /home/airflow/.local/lib/python3.8/site-packages/airflow/example_dags/example_dag_decorator.py
[2024-05-11T21:19:02.932+0000] {logging_mixin.py:154} INFO - [2024-05-11T21:19:02.932+0000] {dag.py:2941} INFO - Sync 1 DAGs
[2024-05-11T21:19:02.938+0000] {logging_mixin.py:154} INFO - [2024-05-11T21:19:02.938+0000] {dag.py:3722} INFO - Setting next_dagrun for example_dag_decorator to None, run_after=None
[2024-05-11T21:19:02.949+0000] {processor.py:179} INFO - Processing /home/airflow/.local/lib/python3.8/site-packages/airflow/example_dags/example_dag_decorator.py took 0.153 seconds
[2024-05-11T21:19:33.221+0000] {processor.py:157} INFO - Started process (PID=369) to work on /home/airflow/.local/lib/python3.8/site-packages/airflow/example_dags/example_dag_decorator.py
[2024-05-11T21:19:33.224+0000] {processor.py:829} INFO - Processing file /home/airflow/.local/lib/python3.8/site-packages/airflow/example_dags/example_dag_decorator.py for tasks to queue
[2024-05-11T21:19:33.228+0000] {logging_mixin.py:154} INFO - [2024-05-11T21:19:33.227+0000] {dagbag.py:536} INFO - Filling up the DagBag from /home/airflow/.local/lib/python3.8/site-packages/airflow/example_dags/example_dag_decorator.py
[2024-05-11T21:19:33.280+0000] {processor.py:839} INFO - DAG(s) dict_keys(['example_dag_decorator']) retrieved from /home/airflow/.local/lib/python3.8/site-packages/airflow/example_dags/example_dag_decorator.py
[2024-05-11T21:19:33.342+0000] {logging_mixin.py:154} INFO - [2024-05-11T21:19:33.342+0000] {dag.py:2941} INFO - Sync 1 DAGs
[2024-05-11T21:19:33.348+0000] {logging_mixin.py:154} INFO - [2024-05-11T21:19:33.348+0000] {dag.py:3722} INFO - Setting next_dagrun for example_dag_decorator to None, run_after=None
[2024-05-11T21:19:33.360+0000] {processor.py:179} INFO - Processing /home/airflow/.local/lib/python3.8/site-packages/airflow/example_dags/example_dag_decorator.py took 0.144 seconds
[2024-05-11T21:20:03.612+0000] {processor.py:157} INFO - Started process (PID=424) to work on /home/airflow/.local/lib/python3.8/site-packages/airflow/example_dags/example_dag_decorator.py
[2024-05-11T21:20:03.614+0000] {processor.py:829} INFO - Processing file /home/airflow/.local/lib/python3.8/site-packages/airflow/example_dags/example_dag_decorator.py for tasks to queue
[2024-05-11T21:20:03.618+0000] {logging_mixin.py:154} INFO - [2024-05-11T21:20:03.618+0000] {dagbag.py:536} INFO - Filling up the DagBag from /home/airflow/.local/lib/python3.8/site-packages/airflow/example_dags/example_dag_decorator.py
[2024-05-11T21:20:03.670+0000] {processor.py:839} INFO - DAG(s) dict_keys(['example_dag_decorator']) retrieved from /home/airflow/.local/lib/python3.8/site-packages/airflow/example_dags/example_dag_decorator.py
[2024-05-11T21:20:03.728+0000] {logging_mixin.py:154} INFO - [2024-05-11T21:20:03.727+0000] {dag.py:2941} INFO - Sync 1 DAGs
[2024-05-11T21:20:03.734+0000] {logging_mixin.py:154} INFO - [2024-05-11T21:20:03.734+0000] {dag.py:3722} INFO - Setting next_dagrun for example_dag_decorator to None, run_after=None
[2024-05-11T21:20:03.744+0000] {processor.py:179} INFO - Processing /home/airflow/.local/lib/python3.8/site-packages/airflow/example_dags/example_dag_decorator.py took 0.137 seconds
[2024-05-11T21:20:33.805+0000] {processor.py:157} INFO - Started process (PID=479) to work on /home/airflow/.local/lib/python3.8/site-packages/airflow/example_dags/example_dag_decorator.py
[2024-05-11T21:20:33.809+0000] {processor.py:829} INFO - Processing file /home/airflow/.local/lib/python3.8/site-packages/airflow/example_dags/example_dag_decorator.py for tasks to queue
[2024-05-11T21:20:33.813+0000] {logging_mixin.py:154} INFO - [2024-05-11T21:20:33.813+0000] {dagbag.py:536} INFO - Filling up the DagBag from /home/airflow/.local/lib/python3.8/site-packages/airflow/example_dags/example_dag_decorator.py
[2024-05-11T21:20:33.866+0000] {processor.py:839} INFO - DAG(s) dict_keys(['example_dag_decorator']) retrieved from /home/airflow/.local/lib/python3.8/site-packages/airflow/example_dags/example_dag_decorator.py
[2024-05-11T21:20:33.923+0000] {logging_mixin.py:154} INFO - [2024-05-11T21:20:33.923+0000] {dag.py:2941} INFO - Sync 1 DAGs
[2024-05-11T21:20:33.929+0000] {logging_mixin.py:154} INFO - [2024-05-11T21:20:33.929+0000] {dag.py:3722} INFO - Setting next_dagrun for example_dag_decorator to None, run_after=None
[2024-05-11T21:20:33.939+0000] {processor.py:179} INFO - Processing /home/airflow/.local/lib/python3.8/site-packages/airflow/example_dags/example_dag_decorator.py took 0.140 seconds
[2024-05-11T21:21:03.995+0000] {processor.py:157} INFO - Started process (PID=535) to work on /home/airflow/.local/lib/python3.8/site-packages/airflow/example_dags/example_dag_decorator.py
[2024-05-11T21:21:03.997+0000] {processor.py:829} INFO - Processing file /home/airflow/.local/lib/python3.8/site-packages/airflow/example_dags/example_dag_decorator.py for tasks to queue
[2024-05-11T21:21:03.999+0000] {logging_mixin.py:154} INFO - [2024-05-11T21:21:03.998+0000] {dagbag.py:536} INFO - Filling up the DagBag from /home/airflow/.local/lib/python3.8/site-packages/airflow/example_dags/example_dag_decorator.py
[2024-05-11T21:21:04.043+0000] {processor.py:839} INFO - DAG(s) dict_keys(['example_dag_decorator']) retrieved from /home/airflow/.local/lib/python3.8/site-packages/airflow/example_dags/example_dag_decorator.py
[2024-05-11T21:21:04.110+0000] {logging_mixin.py:154} INFO - [2024-05-11T21:21:04.110+0000] {dag.py:2941} INFO - Sync 1 DAGs
[2024-05-11T21:21:04.117+0000] {logging_mixin.py:154} INFO - [2024-05-11T21:21:04.117+0000] {dag.py:3722} INFO - Setting next_dagrun for example_dag_decorator to None, run_after=None
[2024-05-11T21:21:04.129+0000] {processor.py:179} INFO - Processing /home/airflow/.local/lib/python3.8/site-packages/airflow/example_dags/example_dag_decorator.py took 0.137 seconds
[2024-05-11T21:21:34.376+0000] {processor.py:157} INFO - Started process (PID=589) to work on /home/airflow/.local/lib/python3.8/site-packages/airflow/example_dags/example_dag_decorator.py
[2024-05-11T21:21:34.378+0000] {processor.py:829} INFO - Processing file /home/airflow/.local/lib/python3.8/site-packages/airflow/example_dags/example_dag_decorator.py for tasks to queue
[2024-05-11T21:21:34.381+0000] {logging_mixin.py:154} INFO - [2024-05-11T21:21:34.381+0000] {dagbag.py:536} INFO - Filling up the DagBag from /home/airflow/.local/lib/python3.8/site-packages/airflow/example_dags/example_dag_decorator.py
[2024-05-11T21:21:34.488+0000] {processor.py:839} INFO - DAG(s) dict_keys(['example_dag_decorator']) retrieved from /home/airflow/.local/lib/python3.8/site-packages/airflow/example_dags/example_dag_decorator.py
[2024-05-11T21:21:34.596+0000] {logging_mixin.py:154} INFO - [2024-05-11T21:21:34.596+0000] {dag.py:2941} INFO - Sync 1 DAGs
[2024-05-11T21:21:34.604+0000] {logging_mixin.py:154} INFO - [2024-05-11T21:21:34.604+0000] {dag.py:3722} INFO - Setting next_dagrun for example_dag_decorator to None, run_after=None
[2024-05-11T21:21:34.618+0000] {processor.py:179} INFO - Processing /home/airflow/.local/lib/python3.8/site-packages/airflow/example_dags/example_dag_decorator.py took 0.245 seconds
[2024-05-11T21:22:04.749+0000] {processor.py:157} INFO - Started process (PID=644) to work on /home/airflow/.local/lib/python3.8/site-packages/airflow/example_dags/example_dag_decorator.py
[2024-05-11T21:22:04.752+0000] {processor.py:829} INFO - Processing file /home/airflow/.local/lib/python3.8/site-packages/airflow/example_dags/example_dag_decorator.py for tasks to queue
[2024-05-11T21:22:04.757+0000] {logging_mixin.py:154} INFO - [2024-05-11T21:22:04.757+0000] {dagbag.py:536} INFO - Filling up the DagBag from /home/airflow/.local/lib/python3.8/site-packages/airflow/example_dags/example_dag_decorator.py
[2024-05-11T21:22:05.014+0000] {processor.py:839} INFO - DAG(s) dict_keys(['example_dag_decorator']) retrieved from /home/airflow/.local/lib/python3.8/site-packages/airflow/example_dags/example_dag_decorator.py
[2024-05-11T21:22:05.350+0000] {logging_mixin.py:154} INFO - [2024-05-11T21:22:05.349+0000] {dag.py:2941} INFO - Sync 1 DAGs
[2024-05-11T21:22:05.379+0000] {logging_mixin.py:154} INFO - [2024-05-11T21:22:05.379+0000] {dag.py:3722} INFO - Setting next_dagrun for example_dag_decorator to None, run_after=None
[2024-05-11T21:22:05.432+0000] {processor.py:179} INFO - Processing /home/airflow/.local/lib/python3.8/site-packages/airflow/example_dags/example_dag_decorator.py took 0.692 seconds
[2024-05-11T21:42:09.886+0000] {processor.py:157} INFO - Started process (PID=81) to work on /home/airflow/.local/lib/python3.8/site-packages/airflow/example_dags/example_dag_decorator.py
[2024-05-11T21:42:09.888+0000] {processor.py:829} INFO - Processing file /home/airflow/.local/lib/python3.8/site-packages/airflow/example_dags/example_dag_decorator.py for tasks to queue
[2024-05-11T21:42:09.892+0000] {logging_mixin.py:154} INFO - [2024-05-11T21:42:09.891+0000] {dagbag.py:536} INFO - Filling up the DagBag from /home/airflow/.local/lib/python3.8/site-packages/airflow/example_dags/example_dag_decorator.py
[2024-05-11T21:42:10.076+0000] {processor.py:839} INFO - DAG(s) dict_keys(['example_dag_decorator']) retrieved from /home/airflow/.local/lib/python3.8/site-packages/airflow/example_dags/example_dag_decorator.py
[2024-05-11T21:42:10.179+0000] {logging_mixin.py:154} INFO - [2024-05-11T21:42:10.179+0000] {manager.py:499} INFO - Created Permission View: %s
[2024-05-11T21:42:10.189+0000] {logging_mixin.py:154} INFO - [2024-05-11T21:42:10.189+0000] {manager.py:499} INFO - Created Permission View: %s
[2024-05-11T21:42:10.197+0000] {logging_mixin.py:154} INFO - [2024-05-11T21:42:10.197+0000] {manager.py:499} INFO - Created Permission View: %s
[2024-05-11T21:42:10.199+0000] {logging_mixin.py:154} INFO - [2024-05-11T21:42:10.199+0000] {dag.py:2941} INFO - Sync 1 DAGs
[2024-05-11T21:42:10.212+0000] {logging_mixin.py:154} INFO - [2024-05-11T21:42:10.211+0000] {dag.py:2963} INFO - Creating ORM DAG for example_dag_decorator
[2024-05-11T21:42:10.213+0000] {logging_mixin.py:154} INFO - [2024-05-11T21:42:10.213+0000] {dag.py:3722} INFO - Setting next_dagrun for example_dag_decorator to None, run_after=None
[2024-05-11T21:42:10.233+0000] {processor.py:179} INFO - Processing /home/airflow/.local/lib/python3.8/site-packages/airflow/example_dags/example_dag_decorator.py took 0.352 seconds
[2024-05-11T21:42:40.462+0000] {processor.py:157} INFO - Started process (PID=136) to work on /home/airflow/.local/lib/python3.8/site-packages/airflow/example_dags/example_dag_decorator.py
[2024-05-11T21:42:40.464+0000] {processor.py:829} INFO - Processing file /home/airflow/.local/lib/python3.8/site-packages/airflow/example_dags/example_dag_decorator.py for tasks to queue
[2024-05-11T21:42:40.467+0000] {logging_mixin.py:154} INFO - [2024-05-11T21:42:40.467+0000] {dagbag.py:536} INFO - Filling up the DagBag from /home/airflow/.local/lib/python3.8/site-packages/airflow/example_dags/example_dag_decorator.py
[2024-05-11T21:42:40.528+0000] {processor.py:839} INFO - DAG(s) dict_keys(['example_dag_decorator']) retrieved from /home/airflow/.local/lib/python3.8/site-packages/airflow/example_dags/example_dag_decorator.py
[2024-05-11T21:42:40.632+0000] {logging_mixin.py:154} INFO - [2024-05-11T21:42:40.632+0000] {dag.py:2941} INFO - Sync 1 DAGs
[2024-05-11T21:42:40.645+0000] {logging_mixin.py:154} INFO - [2024-05-11T21:42:40.645+0000] {dag.py:3722} INFO - Setting next_dagrun for example_dag_decorator to None, run_after=None
[2024-05-11T21:42:40.665+0000] {processor.py:179} INFO - Processing /home/airflow/.local/lib/python3.8/site-packages/airflow/example_dags/example_dag_decorator.py took 0.206 seconds
[2024-05-11T21:43:11.611+0000] {processor.py:157} INFO - Started process (PID=192) to work on /home/airflow/.local/lib/python3.8/site-packages/airflow/example_dags/example_dag_decorator.py
[2024-05-11T21:43:11.614+0000] {processor.py:829} INFO - Processing file /home/airflow/.local/lib/python3.8/site-packages/airflow/example_dags/example_dag_decorator.py for tasks to queue
[2024-05-11T21:43:11.618+0000] {logging_mixin.py:154} INFO - [2024-05-11T21:43:11.617+0000] {dagbag.py:536} INFO - Filling up the DagBag from /home/airflow/.local/lib/python3.8/site-packages/airflow/example_dags/example_dag_decorator.py
[2024-05-11T21:43:11.664+0000] {processor.py:839} INFO - DAG(s) dict_keys(['example_dag_decorator']) retrieved from /home/airflow/.local/lib/python3.8/site-packages/airflow/example_dags/example_dag_decorator.py
[2024-05-11T21:43:11.729+0000] {logging_mixin.py:154} INFO - [2024-05-11T21:43:11.729+0000] {dag.py:2941} INFO - Sync 1 DAGs
[2024-05-11T21:43:11.737+0000] {logging_mixin.py:154} INFO - [2024-05-11T21:43:11.737+0000] {dag.py:3722} INFO - Setting next_dagrun for example_dag_decorator to None, run_after=None
[2024-05-11T21:43:11.750+0000] {processor.py:179} INFO - Processing /home/airflow/.local/lib/python3.8/site-packages/airflow/example_dags/example_dag_decorator.py took 0.143 seconds
[2024-05-11T21:43:42.329+0000] {processor.py:157} INFO - Started process (PID=247) to work on /home/airflow/.local/lib/python3.8/site-packages/airflow/example_dags/example_dag_decorator.py
[2024-05-11T21:43:42.330+0000] {processor.py:829} INFO - Processing file /home/airflow/.local/lib/python3.8/site-packages/airflow/example_dags/example_dag_decorator.py for tasks to queue
[2024-05-11T21:43:42.333+0000] {logging_mixin.py:154} INFO - [2024-05-11T21:43:42.333+0000] {dagbag.py:536} INFO - Filling up the DagBag from /home/airflow/.local/lib/python3.8/site-packages/airflow/example_dags/example_dag_decorator.py
[2024-05-11T21:43:42.386+0000] {processor.py:839} INFO - DAG(s) dict_keys(['example_dag_decorator']) retrieved from /home/airflow/.local/lib/python3.8/site-packages/airflow/example_dags/example_dag_decorator.py
[2024-05-11T21:43:42.464+0000] {logging_mixin.py:154} INFO - [2024-05-11T21:43:42.464+0000] {dag.py:2941} INFO - Sync 1 DAGs
[2024-05-11T21:43:42.472+0000] {logging_mixin.py:154} INFO - [2024-05-11T21:43:42.472+0000] {dag.py:3722} INFO - Setting next_dagrun for example_dag_decorator to None, run_after=None
[2024-05-11T21:43:42.485+0000] {processor.py:179} INFO - Processing /home/airflow/.local/lib/python3.8/site-packages/airflow/example_dags/example_dag_decorator.py took 0.161 seconds
[2024-05-11T21:44:12.933+0000] {processor.py:157} INFO - Started process (PID=302) to work on /home/airflow/.local/lib/python3.8/site-packages/airflow/example_dags/example_dag_decorator.py
[2024-05-11T21:44:12.936+0000] {processor.py:829} INFO - Processing file /home/airflow/.local/lib/python3.8/site-packages/airflow/example_dags/example_dag_decorator.py for tasks to queue
[2024-05-11T21:44:12.939+0000] {logging_mixin.py:154} INFO - [2024-05-11T21:44:12.939+0000] {dagbag.py:536} INFO - Filling up the DagBag from /home/airflow/.local/lib/python3.8/site-packages/airflow/example_dags/example_dag_decorator.py
[2024-05-11T21:44:12.998+0000] {processor.py:839} INFO - DAG(s) dict_keys(['example_dag_decorator']) retrieved from /home/airflow/.local/lib/python3.8/site-packages/airflow/example_dags/example_dag_decorator.py
[2024-05-11T21:44:13.085+0000] {logging_mixin.py:154} INFO - [2024-05-11T21:44:13.085+0000] {dag.py:2941} INFO - Sync 1 DAGs
[2024-05-11T21:44:13.098+0000] {logging_mixin.py:154} INFO - [2024-05-11T21:44:13.098+0000] {dag.py:3722} INFO - Setting next_dagrun for example_dag_decorator to None, run_after=None
[2024-05-11T21:44:13.113+0000] {processor.py:179} INFO - Processing /home/airflow/.local/lib/python3.8/site-packages/airflow/example_dags/example_dag_decorator.py took 0.184 seconds
[2024-05-11T21:44:43.484+0000] {processor.py:157} INFO - Started process (PID=357) to work on /home/airflow/.local/lib/python3.8/site-packages/airflow/example_dags/example_dag_decorator.py
[2024-05-11T21:44:43.485+0000] {processor.py:829} INFO - Processing file /home/airflow/.local/lib/python3.8/site-packages/airflow/example_dags/example_dag_decorator.py for tasks to queue
[2024-05-11T21:44:43.488+0000] {logging_mixin.py:154} INFO - [2024-05-11T21:44:43.487+0000] {dagbag.py:536} INFO - Filling up the DagBag from /home/airflow/.local/lib/python3.8/site-packages/airflow/example_dags/example_dag_decorator.py
[2024-05-11T21:44:43.536+0000] {processor.py:839} INFO - DAG(s) dict_keys(['example_dag_decorator']) retrieved from /home/airflow/.local/lib/python3.8/site-packages/airflow/example_dags/example_dag_decorator.py
[2024-05-11T21:44:43.555+0000] {logging_mixin.py:154} INFO - [2024-05-11T21:44:43.555+0000] {dag.py:2941} INFO - Sync 1 DAGs
[2024-05-11T21:44:43.564+0000] {logging_mixin.py:154} INFO - [2024-05-11T21:44:43.564+0000] {dag.py:3722} INFO - Setting next_dagrun for example_dag_decorator to None, run_after=None
[2024-05-11T21:44:43.576+0000] {processor.py:179} INFO - Processing /home/airflow/.local/lib/python3.8/site-packages/airflow/example_dags/example_dag_decorator.py took 0.096 seconds
[2024-05-11T21:45:14.216+0000] {processor.py:157} INFO - Started process (PID=412) to work on /home/airflow/.local/lib/python3.8/site-packages/airflow/example_dags/example_dag_decorator.py
[2024-05-11T21:45:14.218+0000] {processor.py:829} INFO - Processing file /home/airflow/.local/lib/python3.8/site-packages/airflow/example_dags/example_dag_decorator.py for tasks to queue
[2024-05-11T21:45:14.221+0000] {logging_mixin.py:154} INFO - [2024-05-11T21:45:14.220+0000] {dagbag.py:536} INFO - Filling up the DagBag from /home/airflow/.local/lib/python3.8/site-packages/airflow/example_dags/example_dag_decorator.py
[2024-05-11T21:45:14.277+0000] {processor.py:839} INFO - DAG(s) dict_keys(['example_dag_decorator']) retrieved from /home/airflow/.local/lib/python3.8/site-packages/airflow/example_dags/example_dag_decorator.py
[2024-05-11T21:45:14.371+0000] {logging_mixin.py:154} INFO - [2024-05-11T21:45:14.370+0000] {dag.py:2941} INFO - Sync 1 DAGs
[2024-05-11T21:45:14.382+0000] {logging_mixin.py:154} INFO - [2024-05-11T21:45:14.382+0000] {dag.py:3722} INFO - Setting next_dagrun for example_dag_decorator to None, run_after=None
[2024-05-11T21:45:14.398+0000] {processor.py:179} INFO - Processing /home/airflow/.local/lib/python3.8/site-packages/airflow/example_dags/example_dag_decorator.py took 0.186 seconds
[2024-05-11T21:45:44.725+0000] {processor.py:157} INFO - Started process (PID=468) to work on /home/airflow/.local/lib/python3.8/site-packages/airflow/example_dags/example_dag_decorator.py
[2024-05-11T21:45:44.726+0000] {processor.py:829} INFO - Processing file /home/airflow/.local/lib/python3.8/site-packages/airflow/example_dags/example_dag_decorator.py for tasks to queue
[2024-05-11T21:45:44.729+0000] {logging_mixin.py:154} INFO - [2024-05-11T21:45:44.729+0000] {dagbag.py:536} INFO - Filling up the DagBag from /home/airflow/.local/lib/python3.8/site-packages/airflow/example_dags/example_dag_decorator.py
[2024-05-11T21:45:44.797+0000] {processor.py:839} INFO - DAG(s) dict_keys(['example_dag_decorator']) retrieved from /home/airflow/.local/lib/python3.8/site-packages/airflow/example_dags/example_dag_decorator.py
[2024-05-11T21:45:44.893+0000] {logging_mixin.py:154} INFO - [2024-05-11T21:45:44.893+0000] {dag.py:2941} INFO - Sync 1 DAGs
[2024-05-11T21:45:44.904+0000] {logging_mixin.py:154} INFO - [2024-05-11T21:45:44.904+0000] {dag.py:3722} INFO - Setting next_dagrun for example_dag_decorator to None, run_after=None
[2024-05-11T21:45:44.922+0000] {processor.py:179} INFO - Processing /home/airflow/.local/lib/python3.8/site-packages/airflow/example_dags/example_dag_decorator.py took 0.202 seconds
[2024-05-11T21:46:15.742+0000] {processor.py:157} INFO - Started process (PID=523) to work on /home/airflow/.local/lib/python3.8/site-packages/airflow/example_dags/example_dag_decorator.py
[2024-05-11T21:46:15.743+0000] {processor.py:829} INFO - Processing file /home/airflow/.local/lib/python3.8/site-packages/airflow/example_dags/example_dag_decorator.py for tasks to queue
[2024-05-11T21:46:15.746+0000] {logging_mixin.py:154} INFO - [2024-05-11T21:46:15.745+0000] {dagbag.py:536} INFO - Filling up the DagBag from /home/airflow/.local/lib/python3.8/site-packages/airflow/example_dags/example_dag_decorator.py
[2024-05-11T21:46:15.805+0000] {processor.py:839} INFO - DAG(s) dict_keys(['example_dag_decorator']) retrieved from /home/airflow/.local/lib/python3.8/site-packages/airflow/example_dags/example_dag_decorator.py
[2024-05-11T21:46:15.896+0000] {logging_mixin.py:154} INFO - [2024-05-11T21:46:15.895+0000] {dag.py:2941} INFO - Sync 1 DAGs
[2024-05-11T21:46:15.903+0000] {logging_mixin.py:154} INFO - [2024-05-11T21:46:15.903+0000] {dag.py:3722} INFO - Setting next_dagrun for example_dag_decorator to None, run_after=None
[2024-05-11T21:46:15.918+0000] {processor.py:179} INFO - Processing /home/airflow/.local/lib/python3.8/site-packages/airflow/example_dags/example_dag_decorator.py took 0.179 seconds
[2024-05-11T21:46:46.029+0000] {processor.py:157} INFO - Started process (PID=578) to work on /home/airflow/.local/lib/python3.8/site-packages/airflow/example_dags/example_dag_decorator.py
[2024-05-11T21:46:46.037+0000] {processor.py:829} INFO - Processing file /home/airflow/.local/lib/python3.8/site-packages/airflow/example_dags/example_dag_decorator.py for tasks to queue
[2024-05-11T21:46:46.041+0000] {logging_mixin.py:154} INFO - [2024-05-11T21:46:46.040+0000] {dagbag.py:536} INFO - Filling up the DagBag from /home/airflow/.local/lib/python3.8/site-packages/airflow/example_dags/example_dag_decorator.py
[2024-05-11T21:46:46.160+0000] {processor.py:839} INFO - DAG(s) dict_keys(['example_dag_decorator']) retrieved from /home/airflow/.local/lib/python3.8/site-packages/airflow/example_dags/example_dag_decorator.py
[2024-05-11T21:46:46.274+0000] {logging_mixin.py:154} INFO - [2024-05-11T21:46:46.273+0000] {dag.py:2941} INFO - Sync 1 DAGs
[2024-05-11T21:46:46.285+0000] {logging_mixin.py:154} INFO - [2024-05-11T21:46:46.284+0000] {dag.py:3722} INFO - Setting next_dagrun for example_dag_decorator to None, run_after=None
[2024-05-11T21:46:46.344+0000] {processor.py:179} INFO - Processing /home/airflow/.local/lib/python3.8/site-packages/airflow/example_dags/example_dag_decorator.py took 0.325 seconds
