[2024-05-11T21:03:20.979+0000] {processor.py:157} INFO - Started process (PID=64) to work on /home/airflow/.local/lib/python3.8/site-packages/airflow/example_dags/example_complex.py
[2024-05-11T21:03:20.990+0000] {processor.py:829} INFO - Processing file /home/airflow/.local/lib/python3.8/site-packages/airflow/example_dags/example_complex.py for tasks to queue
[2024-05-11T21:03:20.995+0000] {logging_mixin.py:154} INFO - [2024-05-11T21:03:20.995+0000] {dagbag.py:536} INFO - Filling up the DagBag from /home/airflow/.local/lib/python3.8/site-packages/airflow/example_dags/example_complex.py
[2024-05-11T21:03:21.005+0000] {processor.py:839} INFO - DAG(s) dict_keys(['example_complex']) retrieved from /home/airflow/.local/lib/python3.8/site-packages/airflow/example_dags/example_complex.py
[2024-05-11T21:03:21.080+0000] {logging_mixin.py:154} INFO - [2024-05-11T21:03:21.079+0000] {manager.py:499} INFO - Created Permission View: %s
[2024-05-11T21:03:21.086+0000] {logging_mixin.py:154} INFO - [2024-05-11T21:03:21.086+0000] {manager.py:499} INFO - Created Permission View: %s
[2024-05-11T21:03:21.091+0000] {logging_mixin.py:154} INFO - [2024-05-11T21:03:21.091+0000] {manager.py:499} INFO - Created Permission View: %s
[2024-05-11T21:03:21.092+0000] {logging_mixin.py:154} INFO - [2024-05-11T21:03:21.092+0000] {dag.py:2941} INFO - Sync 1 DAGs
[2024-05-11T21:03:21.104+0000] {logging_mixin.py:154} INFO - [2024-05-11T21:03:21.104+0000] {dag.py:2963} INFO - Creating ORM DAG for example_complex
[2024-05-11T21:03:21.105+0000] {logging_mixin.py:154} INFO - [2024-05-11T21:03:21.105+0000] {dag.py:3722} INFO - Setting next_dagrun for example_complex to None, run_after=None
[2024-05-11T21:03:21.125+0000] {processor.py:179} INFO - Processing /home/airflow/.local/lib/python3.8/site-packages/airflow/example_dags/example_complex.py took 0.149 seconds
[2024-05-11T21:03:51.975+0000] {processor.py:157} INFO - Started process (PID=119) to work on /home/airflow/.local/lib/python3.8/site-packages/airflow/example_dags/example_complex.py
[2024-05-11T21:03:51.977+0000] {processor.py:829} INFO - Processing file /home/airflow/.local/lib/python3.8/site-packages/airflow/example_dags/example_complex.py for tasks to queue
[2024-05-11T21:03:51.980+0000] {logging_mixin.py:154} INFO - [2024-05-11T21:03:51.980+0000] {dagbag.py:536} INFO - Filling up the DagBag from /home/airflow/.local/lib/python3.8/site-packages/airflow/example_dags/example_complex.py
[2024-05-11T21:03:51.989+0000] {processor.py:839} INFO - DAG(s) dict_keys(['example_complex']) retrieved from /home/airflow/.local/lib/python3.8/site-packages/airflow/example_dags/example_complex.py
[2024-05-11T21:03:52.016+0000] {logging_mixin.py:154} INFO - [2024-05-11T21:03:52.016+0000] {dag.py:2941} INFO - Sync 1 DAGs
[2024-05-11T21:03:52.025+0000] {logging_mixin.py:154} INFO - [2024-05-11T21:03:52.025+0000] {dag.py:3722} INFO - Setting next_dagrun for example_complex to None, run_after=None
[2024-05-11T21:03:52.044+0000] {processor.py:179} INFO - Processing /home/airflow/.local/lib/python3.8/site-packages/airflow/example_dags/example_complex.py took 0.074 seconds
[2024-05-11T21:04:22.291+0000] {processor.py:157} INFO - Started process (PID=173) to work on /home/airflow/.local/lib/python3.8/site-packages/airflow/example_dags/example_complex.py
[2024-05-11T21:04:22.292+0000] {processor.py:829} INFO - Processing file /home/airflow/.local/lib/python3.8/site-packages/airflow/example_dags/example_complex.py for tasks to queue
[2024-05-11T21:04:22.294+0000] {logging_mixin.py:154} INFO - [2024-05-11T21:04:22.294+0000] {dagbag.py:536} INFO - Filling up the DagBag from /home/airflow/.local/lib/python3.8/site-packages/airflow/example_dags/example_complex.py
[2024-05-11T21:04:22.301+0000] {processor.py:839} INFO - DAG(s) dict_keys(['example_complex']) retrieved from /home/airflow/.local/lib/python3.8/site-packages/airflow/example_dags/example_complex.py
[2024-05-11T21:04:22.322+0000] {logging_mixin.py:154} INFO - [2024-05-11T21:04:22.322+0000] {dag.py:2941} INFO - Sync 1 DAGs
[2024-05-11T21:04:22.329+0000] {logging_mixin.py:154} INFO - [2024-05-11T21:04:22.329+0000] {dag.py:3722} INFO - Setting next_dagrun for example_complex to None, run_after=None
[2024-05-11T21:04:22.341+0000] {processor.py:179} INFO - Processing /home/airflow/.local/lib/python3.8/site-packages/airflow/example_dags/example_complex.py took 0.053 seconds
[2024-05-11T21:04:52.701+0000] {processor.py:157} INFO - Started process (PID=228) to work on /home/airflow/.local/lib/python3.8/site-packages/airflow/example_dags/example_complex.py
[2024-05-11T21:04:52.703+0000] {processor.py:829} INFO - Processing file /home/airflow/.local/lib/python3.8/site-packages/airflow/example_dags/example_complex.py for tasks to queue
[2024-05-11T21:04:52.705+0000] {logging_mixin.py:154} INFO - [2024-05-11T21:04:52.705+0000] {dagbag.py:536} INFO - Filling up the DagBag from /home/airflow/.local/lib/python3.8/site-packages/airflow/example_dags/example_complex.py
[2024-05-11T21:04:52.712+0000] {processor.py:839} INFO - DAG(s) dict_keys(['example_complex']) retrieved from /home/airflow/.local/lib/python3.8/site-packages/airflow/example_dags/example_complex.py
[2024-05-11T21:04:52.734+0000] {logging_mixin.py:154} INFO - [2024-05-11T21:04:52.734+0000] {dag.py:2941} INFO - Sync 1 DAGs
[2024-05-11T21:04:52.743+0000] {logging_mixin.py:154} INFO - [2024-05-11T21:04:52.743+0000] {dag.py:3722} INFO - Setting next_dagrun for example_complex to None, run_after=None
[2024-05-11T21:04:52.757+0000] {processor.py:179} INFO - Processing /home/airflow/.local/lib/python3.8/site-packages/airflow/example_dags/example_complex.py took 0.059 seconds
[2024-05-11T21:05:44.144+0000] {processor.py:157} INFO - Started process (PID=65) to work on /home/airflow/.local/lib/python3.8/site-packages/airflow/example_dags/example_complex.py
[2024-05-11T21:05:44.146+0000] {processor.py:829} INFO - Processing file /home/airflow/.local/lib/python3.8/site-packages/airflow/example_dags/example_complex.py for tasks to queue
[2024-05-11T21:05:44.149+0000] {logging_mixin.py:154} INFO - [2024-05-11T21:05:44.148+0000] {dagbag.py:536} INFO - Filling up the DagBag from /home/airflow/.local/lib/python3.8/site-packages/airflow/example_dags/example_complex.py
[2024-05-11T21:05:44.159+0000] {processor.py:839} INFO - DAG(s) dict_keys(['example_complex']) retrieved from /home/airflow/.local/lib/python3.8/site-packages/airflow/example_dags/example_complex.py
[2024-05-11T21:05:44.207+0000] {logging_mixin.py:154} INFO - [2024-05-11T21:05:44.207+0000] {dag.py:2941} INFO - Sync 1 DAGs
[2024-05-11T21:05:44.230+0000] {logging_mixin.py:154} INFO - [2024-05-11T21:05:44.230+0000] {dag.py:3722} INFO - Setting next_dagrun for example_complex to None, run_after=None
[2024-05-11T21:05:44.252+0000] {processor.py:179} INFO - Processing /home/airflow/.local/lib/python3.8/site-packages/airflow/example_dags/example_complex.py took 0.111 seconds
[2024-05-11T21:06:14.398+0000] {processor.py:157} INFO - Started process (PID=120) to work on /home/airflow/.local/lib/python3.8/site-packages/airflow/example_dags/example_complex.py
[2024-05-11T21:06:14.399+0000] {processor.py:829} INFO - Processing file /home/airflow/.local/lib/python3.8/site-packages/airflow/example_dags/example_complex.py for tasks to queue
[2024-05-11T21:06:14.401+0000] {logging_mixin.py:154} INFO - [2024-05-11T21:06:14.401+0000] {dagbag.py:536} INFO - Filling up the DagBag from /home/airflow/.local/lib/python3.8/site-packages/airflow/example_dags/example_complex.py
[2024-05-11T21:06:14.408+0000] {processor.py:839} INFO - DAG(s) dict_keys(['example_complex']) retrieved from /home/airflow/.local/lib/python3.8/site-packages/airflow/example_dags/example_complex.py
[2024-05-11T21:06:14.429+0000] {logging_mixin.py:154} INFO - [2024-05-11T21:06:14.429+0000] {dag.py:2941} INFO - Sync 1 DAGs
[2024-05-11T21:06:14.438+0000] {logging_mixin.py:154} INFO - [2024-05-11T21:06:14.438+0000] {dag.py:3722} INFO - Setting next_dagrun for example_complex to None, run_after=None
[2024-05-11T21:06:14.448+0000] {processor.py:179} INFO - Processing /home/airflow/.local/lib/python3.8/site-packages/airflow/example_dags/example_complex.py took 0.053 seconds
[2024-05-11T21:06:44.737+0000] {processor.py:157} INFO - Started process (PID=175) to work on /home/airflow/.local/lib/python3.8/site-packages/airflow/example_dags/example_complex.py
[2024-05-11T21:06:44.738+0000] {processor.py:829} INFO - Processing file /home/airflow/.local/lib/python3.8/site-packages/airflow/example_dags/example_complex.py for tasks to queue
[2024-05-11T21:06:44.740+0000] {logging_mixin.py:154} INFO - [2024-05-11T21:06:44.740+0000] {dagbag.py:536} INFO - Filling up the DagBag from /home/airflow/.local/lib/python3.8/site-packages/airflow/example_dags/example_complex.py
[2024-05-11T21:06:44.747+0000] {processor.py:839} INFO - DAG(s) dict_keys(['example_complex']) retrieved from /home/airflow/.local/lib/python3.8/site-packages/airflow/example_dags/example_complex.py
[2024-05-11T21:06:44.767+0000] {logging_mixin.py:154} INFO - [2024-05-11T21:06:44.767+0000] {dag.py:2941} INFO - Sync 1 DAGs
[2024-05-11T21:06:44.775+0000] {logging_mixin.py:154} INFO - [2024-05-11T21:06:44.775+0000] {dag.py:3722} INFO - Setting next_dagrun for example_complex to None, run_after=None
[2024-05-11T21:06:44.785+0000] {processor.py:179} INFO - Processing /home/airflow/.local/lib/python3.8/site-packages/airflow/example_dags/example_complex.py took 0.051 seconds
[2024-05-11T21:07:14.965+0000] {processor.py:157} INFO - Started process (PID=230) to work on /home/airflow/.local/lib/python3.8/site-packages/airflow/example_dags/example_complex.py
[2024-05-11T21:07:14.966+0000] {processor.py:829} INFO - Processing file /home/airflow/.local/lib/python3.8/site-packages/airflow/example_dags/example_complex.py for tasks to queue
[2024-05-11T21:07:14.968+0000] {logging_mixin.py:154} INFO - [2024-05-11T21:07:14.968+0000] {dagbag.py:536} INFO - Filling up the DagBag from /home/airflow/.local/lib/python3.8/site-packages/airflow/example_dags/example_complex.py
[2024-05-11T21:07:14.975+0000] {processor.py:839} INFO - DAG(s) dict_keys(['example_complex']) retrieved from /home/airflow/.local/lib/python3.8/site-packages/airflow/example_dags/example_complex.py
[2024-05-11T21:07:14.996+0000] {logging_mixin.py:154} INFO - [2024-05-11T21:07:14.995+0000] {dag.py:2941} INFO - Sync 1 DAGs
[2024-05-11T21:07:15.004+0000] {logging_mixin.py:154} INFO - [2024-05-11T21:07:15.004+0000] {dag.py:3722} INFO - Setting next_dagrun for example_complex to None, run_after=None
[2024-05-11T21:07:15.019+0000] {processor.py:179} INFO - Processing /home/airflow/.local/lib/python3.8/site-packages/airflow/example_dags/example_complex.py took 0.057 seconds
[2024-05-11T21:07:45.257+0000] {processor.py:157} INFO - Started process (PID=289) to work on /home/airflow/.local/lib/python3.8/site-packages/airflow/example_dags/example_complex.py
[2024-05-11T21:07:45.259+0000] {processor.py:829} INFO - Processing file /home/airflow/.local/lib/python3.8/site-packages/airflow/example_dags/example_complex.py for tasks to queue
[2024-05-11T21:07:45.261+0000] {logging_mixin.py:154} INFO - [2024-05-11T21:07:45.261+0000] {dagbag.py:536} INFO - Filling up the DagBag from /home/airflow/.local/lib/python3.8/site-packages/airflow/example_dags/example_complex.py
[2024-05-11T21:07:45.272+0000] {processor.py:839} INFO - DAG(s) dict_keys(['example_complex']) retrieved from /home/airflow/.local/lib/python3.8/site-packages/airflow/example_dags/example_complex.py
[2024-05-11T21:07:45.293+0000] {logging_mixin.py:154} INFO - [2024-05-11T21:07:45.293+0000] {dag.py:2941} INFO - Sync 1 DAGs
[2024-05-11T21:07:45.302+0000] {logging_mixin.py:154} INFO - [2024-05-11T21:07:45.302+0000] {dag.py:3722} INFO - Setting next_dagrun for example_complex to None, run_after=None
[2024-05-11T21:07:45.313+0000] {processor.py:179} INFO - Processing /home/airflow/.local/lib/python3.8/site-packages/airflow/example_dags/example_complex.py took 0.059 seconds
[2024-05-11T21:08:15.504+0000] {processor.py:157} INFO - Started process (PID=344) to work on /home/airflow/.local/lib/python3.8/site-packages/airflow/example_dags/example_complex.py
[2024-05-11T21:08:15.505+0000] {processor.py:829} INFO - Processing file /home/airflow/.local/lib/python3.8/site-packages/airflow/example_dags/example_complex.py for tasks to queue
[2024-05-11T21:08:15.507+0000] {logging_mixin.py:154} INFO - [2024-05-11T21:08:15.507+0000] {dagbag.py:536} INFO - Filling up the DagBag from /home/airflow/.local/lib/python3.8/site-packages/airflow/example_dags/example_complex.py
[2024-05-11T21:08:15.514+0000] {processor.py:839} INFO - DAG(s) dict_keys(['example_complex']) retrieved from /home/airflow/.local/lib/python3.8/site-packages/airflow/example_dags/example_complex.py
[2024-05-11T21:08:15.537+0000] {logging_mixin.py:154} INFO - [2024-05-11T21:08:15.537+0000] {dag.py:2941} INFO - Sync 1 DAGs
[2024-05-11T21:08:15.545+0000] {logging_mixin.py:154} INFO - [2024-05-11T21:08:15.545+0000] {dag.py:3722} INFO - Setting next_dagrun for example_complex to None, run_after=None
[2024-05-11T21:08:15.555+0000] {processor.py:179} INFO - Processing /home/airflow/.local/lib/python3.8/site-packages/airflow/example_dags/example_complex.py took 0.055 seconds
[2024-05-11T21:08:45.781+0000] {processor.py:157} INFO - Started process (PID=399) to work on /home/airflow/.local/lib/python3.8/site-packages/airflow/example_dags/example_complex.py
[2024-05-11T21:08:45.783+0000] {processor.py:829} INFO - Processing file /home/airflow/.local/lib/python3.8/site-packages/airflow/example_dags/example_complex.py for tasks to queue
[2024-05-11T21:08:45.785+0000] {logging_mixin.py:154} INFO - [2024-05-11T21:08:45.785+0000] {dagbag.py:536} INFO - Filling up the DagBag from /home/airflow/.local/lib/python3.8/site-packages/airflow/example_dags/example_complex.py
[2024-05-11T21:08:45.794+0000] {processor.py:839} INFO - DAG(s) dict_keys(['example_complex']) retrieved from /home/airflow/.local/lib/python3.8/site-packages/airflow/example_dags/example_complex.py
[2024-05-11T21:08:45.819+0000] {logging_mixin.py:154} INFO - [2024-05-11T21:08:45.819+0000] {dag.py:2941} INFO - Sync 1 DAGs
[2024-05-11T21:08:45.829+0000] {logging_mixin.py:154} INFO - [2024-05-11T21:08:45.829+0000] {dag.py:3722} INFO - Setting next_dagrun for example_complex to None, run_after=None
[2024-05-11T21:08:45.840+0000] {processor.py:179} INFO - Processing /home/airflow/.local/lib/python3.8/site-packages/airflow/example_dags/example_complex.py took 0.061 seconds
[2024-05-11T21:09:16.218+0000] {processor.py:157} INFO - Started process (PID=453) to work on /home/airflow/.local/lib/python3.8/site-packages/airflow/example_dags/example_complex.py
[2024-05-11T21:09:16.219+0000] {processor.py:829} INFO - Processing file /home/airflow/.local/lib/python3.8/site-packages/airflow/example_dags/example_complex.py for tasks to queue
[2024-05-11T21:09:16.221+0000] {logging_mixin.py:154} INFO - [2024-05-11T21:09:16.221+0000] {dagbag.py:536} INFO - Filling up the DagBag from /home/airflow/.local/lib/python3.8/site-packages/airflow/example_dags/example_complex.py
[2024-05-11T21:09:16.228+0000] {processor.py:839} INFO - DAG(s) dict_keys(['example_complex']) retrieved from /home/airflow/.local/lib/python3.8/site-packages/airflow/example_dags/example_complex.py
[2024-05-11T21:09:16.249+0000] {logging_mixin.py:154} INFO - [2024-05-11T21:09:16.249+0000] {dag.py:2941} INFO - Sync 1 DAGs
[2024-05-11T21:09:16.257+0000] {logging_mixin.py:154} INFO - [2024-05-11T21:09:16.257+0000] {dag.py:3722} INFO - Setting next_dagrun for example_complex to None, run_after=None
[2024-05-11T21:09:16.268+0000] {processor.py:179} INFO - Processing /home/airflow/.local/lib/python3.8/site-packages/airflow/example_dags/example_complex.py took 0.053 seconds
[2024-05-11T21:09:46.512+0000] {processor.py:157} INFO - Started process (PID=508) to work on /home/airflow/.local/lib/python3.8/site-packages/airflow/example_dags/example_complex.py
[2024-05-11T21:09:46.514+0000] {processor.py:829} INFO - Processing file /home/airflow/.local/lib/python3.8/site-packages/airflow/example_dags/example_complex.py for tasks to queue
[2024-05-11T21:09:46.516+0000] {logging_mixin.py:154} INFO - [2024-05-11T21:09:46.516+0000] {dagbag.py:536} INFO - Filling up the DagBag from /home/airflow/.local/lib/python3.8/site-packages/airflow/example_dags/example_complex.py
[2024-05-11T21:09:46.523+0000] {processor.py:839} INFO - DAG(s) dict_keys(['example_complex']) retrieved from /home/airflow/.local/lib/python3.8/site-packages/airflow/example_dags/example_complex.py
[2024-05-11T21:09:46.545+0000] {logging_mixin.py:154} INFO - [2024-05-11T21:09:46.545+0000] {dag.py:2941} INFO - Sync 1 DAGs
[2024-05-11T21:09:46.553+0000] {logging_mixin.py:154} INFO - [2024-05-11T21:09:46.553+0000] {dag.py:3722} INFO - Setting next_dagrun for example_complex to None, run_after=None
[2024-05-11T21:09:46.564+0000] {processor.py:179} INFO - Processing /home/airflow/.local/lib/python3.8/site-packages/airflow/example_dags/example_complex.py took 0.054 seconds
[2024-05-11T21:10:16.712+0000] {processor.py:157} INFO - Started process (PID=562) to work on /home/airflow/.local/lib/python3.8/site-packages/airflow/example_dags/example_complex.py
[2024-05-11T21:10:16.713+0000] {processor.py:829} INFO - Processing file /home/airflow/.local/lib/python3.8/site-packages/airflow/example_dags/example_complex.py for tasks to queue
[2024-05-11T21:10:16.715+0000] {logging_mixin.py:154} INFO - [2024-05-11T21:10:16.715+0000] {dagbag.py:536} INFO - Filling up the DagBag from /home/airflow/.local/lib/python3.8/site-packages/airflow/example_dags/example_complex.py
[2024-05-11T21:10:16.723+0000] {processor.py:839} INFO - DAG(s) dict_keys(['example_complex']) retrieved from /home/airflow/.local/lib/python3.8/site-packages/airflow/example_dags/example_complex.py
[2024-05-11T21:10:16.754+0000] {logging_mixin.py:154} INFO - [2024-05-11T21:10:16.754+0000] {dag.py:2941} INFO - Sync 1 DAGs
[2024-05-11T21:10:16.767+0000] {logging_mixin.py:154} INFO - [2024-05-11T21:10:16.767+0000] {dag.py:3722} INFO - Setting next_dagrun for example_complex to None, run_after=None
[2024-05-11T21:10:16.787+0000] {processor.py:179} INFO - Processing /home/airflow/.local/lib/python3.8/site-packages/airflow/example_dags/example_complex.py took 0.078 seconds
[2024-05-11T21:10:47.141+0000] {processor.py:157} INFO - Started process (PID=617) to work on /home/airflow/.local/lib/python3.8/site-packages/airflow/example_dags/example_complex.py
[2024-05-11T21:10:47.143+0000] {processor.py:829} INFO - Processing file /home/airflow/.local/lib/python3.8/site-packages/airflow/example_dags/example_complex.py for tasks to queue
[2024-05-11T21:10:47.145+0000] {logging_mixin.py:154} INFO - [2024-05-11T21:10:47.144+0000] {dagbag.py:536} INFO - Filling up the DagBag from /home/airflow/.local/lib/python3.8/site-packages/airflow/example_dags/example_complex.py
[2024-05-11T21:10:47.152+0000] {processor.py:839} INFO - DAG(s) dict_keys(['example_complex']) retrieved from /home/airflow/.local/lib/python3.8/site-packages/airflow/example_dags/example_complex.py
[2024-05-11T21:10:47.172+0000] {logging_mixin.py:154} INFO - [2024-05-11T21:10:47.172+0000] {dag.py:2941} INFO - Sync 1 DAGs
[2024-05-11T21:10:47.180+0000] {logging_mixin.py:154} INFO - [2024-05-11T21:10:47.179+0000] {dag.py:3722} INFO - Setting next_dagrun for example_complex to None, run_after=None
[2024-05-11T21:10:47.192+0000] {processor.py:179} INFO - Processing /home/airflow/.local/lib/python3.8/site-packages/airflow/example_dags/example_complex.py took 0.054 seconds
[2024-05-11T21:11:17.439+0000] {processor.py:157} INFO - Started process (PID=672) to work on /home/airflow/.local/lib/python3.8/site-packages/airflow/example_dags/example_complex.py
[2024-05-11T21:11:17.440+0000] {processor.py:829} INFO - Processing file /home/airflow/.local/lib/python3.8/site-packages/airflow/example_dags/example_complex.py for tasks to queue
[2024-05-11T21:11:17.442+0000] {logging_mixin.py:154} INFO - [2024-05-11T21:11:17.442+0000] {dagbag.py:536} INFO - Filling up the DagBag from /home/airflow/.local/lib/python3.8/site-packages/airflow/example_dags/example_complex.py
[2024-05-11T21:11:17.449+0000] {processor.py:839} INFO - DAG(s) dict_keys(['example_complex']) retrieved from /home/airflow/.local/lib/python3.8/site-packages/airflow/example_dags/example_complex.py
[2024-05-11T21:11:17.470+0000] {logging_mixin.py:154} INFO - [2024-05-11T21:11:17.470+0000] {dag.py:2941} INFO - Sync 1 DAGs
[2024-05-11T21:11:17.479+0000] {logging_mixin.py:154} INFO - [2024-05-11T21:11:17.479+0000] {dag.py:3722} INFO - Setting next_dagrun for example_complex to None, run_after=None
[2024-05-11T21:11:17.490+0000] {processor.py:179} INFO - Processing /home/airflow/.local/lib/python3.8/site-packages/airflow/example_dags/example_complex.py took 0.054 seconds
[2024-05-11T21:11:47.700+0000] {processor.py:157} INFO - Started process (PID=727) to work on /home/airflow/.local/lib/python3.8/site-packages/airflow/example_dags/example_complex.py
[2024-05-11T21:11:47.701+0000] {processor.py:829} INFO - Processing file /home/airflow/.local/lib/python3.8/site-packages/airflow/example_dags/example_complex.py for tasks to queue
[2024-05-11T21:11:47.703+0000] {logging_mixin.py:154} INFO - [2024-05-11T21:11:47.703+0000] {dagbag.py:536} INFO - Filling up the DagBag from /home/airflow/.local/lib/python3.8/site-packages/airflow/example_dags/example_complex.py
[2024-05-11T21:11:47.710+0000] {processor.py:839} INFO - DAG(s) dict_keys(['example_complex']) retrieved from /home/airflow/.local/lib/python3.8/site-packages/airflow/example_dags/example_complex.py
[2024-05-11T21:11:47.730+0000] {logging_mixin.py:154} INFO - [2024-05-11T21:11:47.730+0000] {dag.py:2941} INFO - Sync 1 DAGs
[2024-05-11T21:11:47.738+0000] {logging_mixin.py:154} INFO - [2024-05-11T21:11:47.738+0000] {dag.py:3722} INFO - Setting next_dagrun for example_complex to None, run_after=None
[2024-05-11T21:11:47.748+0000] {processor.py:179} INFO - Processing /home/airflow/.local/lib/python3.8/site-packages/airflow/example_dags/example_complex.py took 0.050 seconds
[2024-05-11T21:12:17.933+0000] {processor.py:157} INFO - Started process (PID=783) to work on /home/airflow/.local/lib/python3.8/site-packages/airflow/example_dags/example_complex.py
[2024-05-11T21:12:17.934+0000] {processor.py:829} INFO - Processing file /home/airflow/.local/lib/python3.8/site-packages/airflow/example_dags/example_complex.py for tasks to queue
[2024-05-11T21:12:17.936+0000] {logging_mixin.py:154} INFO - [2024-05-11T21:12:17.936+0000] {dagbag.py:536} INFO - Filling up the DagBag from /home/airflow/.local/lib/python3.8/site-packages/airflow/example_dags/example_complex.py
[2024-05-11T21:12:17.943+0000] {processor.py:839} INFO - DAG(s) dict_keys(['example_complex']) retrieved from /home/airflow/.local/lib/python3.8/site-packages/airflow/example_dags/example_complex.py
[2024-05-11T21:12:17.968+0000] {logging_mixin.py:154} INFO - [2024-05-11T21:12:17.968+0000] {dag.py:2941} INFO - Sync 1 DAGs
[2024-05-11T21:12:17.980+0000] {logging_mixin.py:154} INFO - [2024-05-11T21:12:17.980+0000] {dag.py:3722} INFO - Setting next_dagrun for example_complex to None, run_after=None
[2024-05-11T21:12:18.011+0000] {processor.py:179} INFO - Processing /home/airflow/.local/lib/python3.8/site-packages/airflow/example_dags/example_complex.py took 0.081 seconds
[2024-05-11T21:12:48.368+0000] {processor.py:157} INFO - Started process (PID=838) to work on /home/airflow/.local/lib/python3.8/site-packages/airflow/example_dags/example_complex.py
[2024-05-11T21:12:48.369+0000] {processor.py:829} INFO - Processing file /home/airflow/.local/lib/python3.8/site-packages/airflow/example_dags/example_complex.py for tasks to queue
[2024-05-11T21:12:48.372+0000] {logging_mixin.py:154} INFO - [2024-05-11T21:12:48.372+0000] {dagbag.py:536} INFO - Filling up the DagBag from /home/airflow/.local/lib/python3.8/site-packages/airflow/example_dags/example_complex.py
[2024-05-11T21:12:48.380+0000] {processor.py:839} INFO - DAG(s) dict_keys(['example_complex']) retrieved from /home/airflow/.local/lib/python3.8/site-packages/airflow/example_dags/example_complex.py
[2024-05-11T21:12:48.405+0000] {logging_mixin.py:154} INFO - [2024-05-11T21:12:48.405+0000] {dag.py:2941} INFO - Sync 1 DAGs
[2024-05-11T21:12:48.414+0000] {logging_mixin.py:154} INFO - [2024-05-11T21:12:48.414+0000] {dag.py:3722} INFO - Setting next_dagrun for example_complex to None, run_after=None
[2024-05-11T21:12:48.426+0000] {processor.py:179} INFO - Processing /home/airflow/.local/lib/python3.8/site-packages/airflow/example_dags/example_complex.py took 0.062 seconds
[2024-05-11T21:13:18.696+0000] {processor.py:157} INFO - Started process (PID=893) to work on /home/airflow/.local/lib/python3.8/site-packages/airflow/example_dags/example_complex.py
[2024-05-11T21:13:18.698+0000] {processor.py:829} INFO - Processing file /home/airflow/.local/lib/python3.8/site-packages/airflow/example_dags/example_complex.py for tasks to queue
[2024-05-11T21:13:18.700+0000] {logging_mixin.py:154} INFO - [2024-05-11T21:13:18.699+0000] {dagbag.py:536} INFO - Filling up the DagBag from /home/airflow/.local/lib/python3.8/site-packages/airflow/example_dags/example_complex.py
[2024-05-11T21:13:18.707+0000] {processor.py:839} INFO - DAG(s) dict_keys(['example_complex']) retrieved from /home/airflow/.local/lib/python3.8/site-packages/airflow/example_dags/example_complex.py
[2024-05-11T21:13:18.728+0000] {logging_mixin.py:154} INFO - [2024-05-11T21:13:18.728+0000] {dag.py:2941} INFO - Sync 1 DAGs
[2024-05-11T21:13:18.737+0000] {logging_mixin.py:154} INFO - [2024-05-11T21:13:18.736+0000] {dag.py:3722} INFO - Setting next_dagrun for example_complex to None, run_after=None
[2024-05-11T21:13:18.746+0000] {processor.py:179} INFO - Processing /home/airflow/.local/lib/python3.8/site-packages/airflow/example_dags/example_complex.py took 0.053 seconds
[2024-05-11T21:13:48.807+0000] {processor.py:157} INFO - Started process (PID=948) to work on /home/airflow/.local/lib/python3.8/site-packages/airflow/example_dags/example_complex.py
[2024-05-11T21:13:48.808+0000] {processor.py:829} INFO - Processing file /home/airflow/.local/lib/python3.8/site-packages/airflow/example_dags/example_complex.py for tasks to queue
[2024-05-11T21:13:48.810+0000] {logging_mixin.py:154} INFO - [2024-05-11T21:13:48.810+0000] {dagbag.py:536} INFO - Filling up the DagBag from /home/airflow/.local/lib/python3.8/site-packages/airflow/example_dags/example_complex.py
[2024-05-11T21:13:48.817+0000] {processor.py:839} INFO - DAG(s) dict_keys(['example_complex']) retrieved from /home/airflow/.local/lib/python3.8/site-packages/airflow/example_dags/example_complex.py
[2024-05-11T21:13:48.839+0000] {logging_mixin.py:154} INFO - [2024-05-11T21:13:48.839+0000] {dag.py:2941} INFO - Sync 1 DAGs
[2024-05-11T21:13:48.847+0000] {logging_mixin.py:154} INFO - [2024-05-11T21:13:48.847+0000] {dag.py:3722} INFO - Setting next_dagrun for example_complex to None, run_after=None
[2024-05-11T21:13:48.858+0000] {processor.py:179} INFO - Processing /home/airflow/.local/lib/python3.8/site-packages/airflow/example_dags/example_complex.py took 0.054 seconds
[2024-05-11T21:14:19.081+0000] {processor.py:157} INFO - Started process (PID=1003) to work on /home/airflow/.local/lib/python3.8/site-packages/airflow/example_dags/example_complex.py
[2024-05-11T21:14:19.082+0000] {processor.py:829} INFO - Processing file /home/airflow/.local/lib/python3.8/site-packages/airflow/example_dags/example_complex.py for tasks to queue
[2024-05-11T21:14:19.084+0000] {logging_mixin.py:154} INFO - [2024-05-11T21:14:19.084+0000] {dagbag.py:536} INFO - Filling up the DagBag from /home/airflow/.local/lib/python3.8/site-packages/airflow/example_dags/example_complex.py
[2024-05-11T21:14:19.091+0000] {processor.py:839} INFO - DAG(s) dict_keys(['example_complex']) retrieved from /home/airflow/.local/lib/python3.8/site-packages/airflow/example_dags/example_complex.py
[2024-05-11T21:14:19.114+0000] {logging_mixin.py:154} INFO - [2024-05-11T21:14:19.114+0000] {dag.py:2941} INFO - Sync 1 DAGs
[2024-05-11T21:14:19.121+0000] {logging_mixin.py:154} INFO - [2024-05-11T21:14:19.121+0000] {dag.py:3722} INFO - Setting next_dagrun for example_complex to None, run_after=None
[2024-05-11T21:14:19.132+0000] {processor.py:179} INFO - Processing /home/airflow/.local/lib/python3.8/site-packages/airflow/example_dags/example_complex.py took 0.053 seconds
[2024-05-11T21:14:49.423+0000] {processor.py:157} INFO - Started process (PID=1059) to work on /home/airflow/.local/lib/python3.8/site-packages/airflow/example_dags/example_complex.py
[2024-05-11T21:14:49.425+0000] {processor.py:829} INFO - Processing file /home/airflow/.local/lib/python3.8/site-packages/airflow/example_dags/example_complex.py for tasks to queue
[2024-05-11T21:14:49.427+0000] {logging_mixin.py:154} INFO - [2024-05-11T21:14:49.427+0000] {dagbag.py:536} INFO - Filling up the DagBag from /home/airflow/.local/lib/python3.8/site-packages/airflow/example_dags/example_complex.py
[2024-05-11T21:14:49.434+0000] {processor.py:839} INFO - DAG(s) dict_keys(['example_complex']) retrieved from /home/airflow/.local/lib/python3.8/site-packages/airflow/example_dags/example_complex.py
[2024-05-11T21:14:49.460+0000] {logging_mixin.py:154} INFO - [2024-05-11T21:14:49.460+0000] {dag.py:2941} INFO - Sync 1 DAGs
[2024-05-11T21:14:49.471+0000] {logging_mixin.py:154} INFO - [2024-05-11T21:14:49.471+0000] {dag.py:3722} INFO - Setting next_dagrun for example_complex to None, run_after=None
[2024-05-11T21:14:49.483+0000] {processor.py:179} INFO - Processing /home/airflow/.local/lib/python3.8/site-packages/airflow/example_dags/example_complex.py took 0.063 seconds
[2024-05-11T21:16:33.354+0000] {processor.py:157} INFO - Started process (PID=65) to work on /home/airflow/.local/lib/python3.8/site-packages/airflow/example_dags/example_complex.py
[2024-05-11T21:16:33.356+0000] {processor.py:829} INFO - Processing file /home/airflow/.local/lib/python3.8/site-packages/airflow/example_dags/example_complex.py for tasks to queue
[2024-05-11T21:16:33.358+0000] {logging_mixin.py:154} INFO - [2024-05-11T21:16:33.358+0000] {dagbag.py:536} INFO - Filling up the DagBag from /home/airflow/.local/lib/python3.8/site-packages/airflow/example_dags/example_complex.py
[2024-05-11T21:16:33.371+0000] {processor.py:839} INFO - DAG(s) dict_keys(['example_complex']) retrieved from /home/airflow/.local/lib/python3.8/site-packages/airflow/example_dags/example_complex.py
[2024-05-11T21:16:33.392+0000] {logging_mixin.py:154} INFO - [2024-05-11T21:16:33.392+0000] {dag.py:2941} INFO - Sync 1 DAGs
[2024-05-11T21:16:33.403+0000] {logging_mixin.py:154} INFO - [2024-05-11T21:16:33.403+0000] {dag.py:3722} INFO - Setting next_dagrun for example_complex to None, run_after=None
[2024-05-11T21:16:33.421+0000] {processor.py:179} INFO - Processing /home/airflow/.local/lib/python3.8/site-packages/airflow/example_dags/example_complex.py took 0.070 seconds
[2024-05-11T21:17:03.954+0000] {processor.py:157} INFO - Started process (PID=121) to work on /home/airflow/.local/lib/python3.8/site-packages/airflow/example_dags/example_complex.py
[2024-05-11T21:17:03.955+0000] {processor.py:829} INFO - Processing file /home/airflow/.local/lib/python3.8/site-packages/airflow/example_dags/example_complex.py for tasks to queue
[2024-05-11T21:17:03.957+0000] {logging_mixin.py:154} INFO - [2024-05-11T21:17:03.957+0000] {dagbag.py:536} INFO - Filling up the DagBag from /home/airflow/.local/lib/python3.8/site-packages/airflow/example_dags/example_complex.py
[2024-05-11T21:17:03.964+0000] {processor.py:839} INFO - DAG(s) dict_keys(['example_complex']) retrieved from /home/airflow/.local/lib/python3.8/site-packages/airflow/example_dags/example_complex.py
[2024-05-11T21:17:03.999+0000] {logging_mixin.py:154} INFO - [2024-05-11T21:17:03.999+0000] {dag.py:2941} INFO - Sync 1 DAGs
[2024-05-11T21:17:04.008+0000] {logging_mixin.py:154} INFO - [2024-05-11T21:17:04.008+0000] {dag.py:3722} INFO - Setting next_dagrun for example_complex to None, run_after=None
[2024-05-11T21:17:04.025+0000] {processor.py:179} INFO - Processing /home/airflow/.local/lib/python3.8/site-packages/airflow/example_dags/example_complex.py took 0.074 seconds
[2024-05-11T21:17:34.276+0000] {processor.py:157} INFO - Started process (PID=176) to work on /home/airflow/.local/lib/python3.8/site-packages/airflow/example_dags/example_complex.py
[2024-05-11T21:17:34.277+0000] {processor.py:829} INFO - Processing file /home/airflow/.local/lib/python3.8/site-packages/airflow/example_dags/example_complex.py for tasks to queue
[2024-05-11T21:17:34.279+0000] {logging_mixin.py:154} INFO - [2024-05-11T21:17:34.279+0000] {dagbag.py:536} INFO - Filling up the DagBag from /home/airflow/.local/lib/python3.8/site-packages/airflow/example_dags/example_complex.py
[2024-05-11T21:17:34.287+0000] {processor.py:839} INFO - DAG(s) dict_keys(['example_complex']) retrieved from /home/airflow/.local/lib/python3.8/site-packages/airflow/example_dags/example_complex.py
[2024-05-11T21:17:34.307+0000] {logging_mixin.py:154} INFO - [2024-05-11T21:17:34.307+0000] {dag.py:2941} INFO - Sync 1 DAGs
[2024-05-11T21:17:34.315+0000] {logging_mixin.py:154} INFO - [2024-05-11T21:17:34.315+0000] {dag.py:3722} INFO - Setting next_dagrun for example_complex to None, run_after=None
[2024-05-11T21:17:34.326+0000] {processor.py:179} INFO - Processing /home/airflow/.local/lib/python3.8/site-packages/airflow/example_dags/example_complex.py took 0.054 seconds
[2024-05-11T21:18:04.653+0000] {processor.py:157} INFO - Started process (PID=232) to work on /home/airflow/.local/lib/python3.8/site-packages/airflow/example_dags/example_complex.py
[2024-05-11T21:18:04.655+0000] {processor.py:829} INFO - Processing file /home/airflow/.local/lib/python3.8/site-packages/airflow/example_dags/example_complex.py for tasks to queue
[2024-05-11T21:18:04.657+0000] {logging_mixin.py:154} INFO - [2024-05-11T21:18:04.656+0000] {dagbag.py:536} INFO - Filling up the DagBag from /home/airflow/.local/lib/python3.8/site-packages/airflow/example_dags/example_complex.py
[2024-05-11T21:18:04.663+0000] {processor.py:839} INFO - DAG(s) dict_keys(['example_complex']) retrieved from /home/airflow/.local/lib/python3.8/site-packages/airflow/example_dags/example_complex.py
[2024-05-11T21:18:04.684+0000] {logging_mixin.py:154} INFO - [2024-05-11T21:18:04.684+0000] {dag.py:2941} INFO - Sync 1 DAGs
[2024-05-11T21:18:04.692+0000] {logging_mixin.py:154} INFO - [2024-05-11T21:18:04.691+0000] {dag.py:3722} INFO - Setting next_dagrun for example_complex to None, run_after=None
[2024-05-11T21:18:04.702+0000] {processor.py:179} INFO - Processing /home/airflow/.local/lib/python3.8/site-packages/airflow/example_dags/example_complex.py took 0.052 seconds
[2024-05-11T21:18:34.811+0000] {processor.py:157} INFO - Started process (PID=287) to work on /home/airflow/.local/lib/python3.8/site-packages/airflow/example_dags/example_complex.py
[2024-05-11T21:18:34.812+0000] {processor.py:829} INFO - Processing file /home/airflow/.local/lib/python3.8/site-packages/airflow/example_dags/example_complex.py for tasks to queue
[2024-05-11T21:18:34.814+0000] {logging_mixin.py:154} INFO - [2024-05-11T21:18:34.814+0000] {dagbag.py:536} INFO - Filling up the DagBag from /home/airflow/.local/lib/python3.8/site-packages/airflow/example_dags/example_complex.py
[2024-05-11T21:18:34.821+0000] {processor.py:839} INFO - DAG(s) dict_keys(['example_complex']) retrieved from /home/airflow/.local/lib/python3.8/site-packages/airflow/example_dags/example_complex.py
[2024-05-11T21:18:34.842+0000] {logging_mixin.py:154} INFO - [2024-05-11T21:18:34.842+0000] {dag.py:2941} INFO - Sync 1 DAGs
[2024-05-11T21:18:34.850+0000] {logging_mixin.py:154} INFO - [2024-05-11T21:18:34.850+0000] {dag.py:3722} INFO - Setting next_dagrun for example_complex to None, run_after=None
[2024-05-11T21:18:34.862+0000] {processor.py:179} INFO - Processing /home/airflow/.local/lib/python3.8/site-packages/airflow/example_dags/example_complex.py took 0.054 seconds
[2024-05-11T21:19:05.016+0000] {processor.py:157} INFO - Started process (PID=342) to work on /home/airflow/.local/lib/python3.8/site-packages/airflow/example_dags/example_complex.py
[2024-05-11T21:19:05.017+0000] {processor.py:829} INFO - Processing file /home/airflow/.local/lib/python3.8/site-packages/airflow/example_dags/example_complex.py for tasks to queue
[2024-05-11T21:19:05.020+0000] {logging_mixin.py:154} INFO - [2024-05-11T21:19:05.019+0000] {dagbag.py:536} INFO - Filling up the DagBag from /home/airflow/.local/lib/python3.8/site-packages/airflow/example_dags/example_complex.py
[2024-05-11T21:19:05.026+0000] {processor.py:839} INFO - DAG(s) dict_keys(['example_complex']) retrieved from /home/airflow/.local/lib/python3.8/site-packages/airflow/example_dags/example_complex.py
[2024-05-11T21:19:05.047+0000] {logging_mixin.py:154} INFO - [2024-05-11T21:19:05.047+0000] {dag.py:2941} INFO - Sync 1 DAGs
[2024-05-11T21:19:05.055+0000] {logging_mixin.py:154} INFO - [2024-05-11T21:19:05.055+0000] {dag.py:3722} INFO - Setting next_dagrun for example_complex to None, run_after=None
[2024-05-11T21:19:05.066+0000] {processor.py:179} INFO - Processing /home/airflow/.local/lib/python3.8/site-packages/airflow/example_dags/example_complex.py took 0.053 seconds
[2024-05-11T21:19:35.395+0000] {processor.py:157} INFO - Started process (PID=397) to work on /home/airflow/.local/lib/python3.8/site-packages/airflow/example_dags/example_complex.py
[2024-05-11T21:19:35.397+0000] {processor.py:829} INFO - Processing file /home/airflow/.local/lib/python3.8/site-packages/airflow/example_dags/example_complex.py for tasks to queue
[2024-05-11T21:19:35.398+0000] {logging_mixin.py:154} INFO - [2024-05-11T21:19:35.398+0000] {dagbag.py:536} INFO - Filling up the DagBag from /home/airflow/.local/lib/python3.8/site-packages/airflow/example_dags/example_complex.py
[2024-05-11T21:19:35.405+0000] {processor.py:839} INFO - DAG(s) dict_keys(['example_complex']) retrieved from /home/airflow/.local/lib/python3.8/site-packages/airflow/example_dags/example_complex.py
[2024-05-11T21:19:35.425+0000] {logging_mixin.py:154} INFO - [2024-05-11T21:19:35.425+0000] {dag.py:2941} INFO - Sync 1 DAGs
[2024-05-11T21:19:35.433+0000] {logging_mixin.py:154} INFO - [2024-05-11T21:19:35.433+0000] {dag.py:3722} INFO - Setting next_dagrun for example_complex to None, run_after=None
[2024-05-11T21:19:35.444+0000] {processor.py:179} INFO - Processing /home/airflow/.local/lib/python3.8/site-packages/airflow/example_dags/example_complex.py took 0.051 seconds
[2024-05-11T21:20:05.858+0000] {processor.py:157} INFO - Started process (PID=452) to work on /home/airflow/.local/lib/python3.8/site-packages/airflow/example_dags/example_complex.py
[2024-05-11T21:20:05.859+0000] {processor.py:829} INFO - Processing file /home/airflow/.local/lib/python3.8/site-packages/airflow/example_dags/example_complex.py for tasks to queue
[2024-05-11T21:20:05.861+0000] {logging_mixin.py:154} INFO - [2024-05-11T21:20:05.861+0000] {dagbag.py:536} INFO - Filling up the DagBag from /home/airflow/.local/lib/python3.8/site-packages/airflow/example_dags/example_complex.py
[2024-05-11T21:20:05.868+0000] {processor.py:839} INFO - DAG(s) dict_keys(['example_complex']) retrieved from /home/airflow/.local/lib/python3.8/site-packages/airflow/example_dags/example_complex.py
[2024-05-11T21:20:05.888+0000] {logging_mixin.py:154} INFO - [2024-05-11T21:20:05.888+0000] {dag.py:2941} INFO - Sync 1 DAGs
[2024-05-11T21:20:05.896+0000] {logging_mixin.py:154} INFO - [2024-05-11T21:20:05.896+0000] {dag.py:3722} INFO - Setting next_dagrun for example_complex to None, run_after=None
[2024-05-11T21:20:05.907+0000] {processor.py:179} INFO - Processing /home/airflow/.local/lib/python3.8/site-packages/airflow/example_dags/example_complex.py took 0.051 seconds
[2024-05-11T21:20:36.033+0000] {processor.py:157} INFO - Started process (PID=507) to work on /home/airflow/.local/lib/python3.8/site-packages/airflow/example_dags/example_complex.py
[2024-05-11T21:20:36.034+0000] {processor.py:829} INFO - Processing file /home/airflow/.local/lib/python3.8/site-packages/airflow/example_dags/example_complex.py for tasks to queue
[2024-05-11T21:20:36.035+0000] {logging_mixin.py:154} INFO - [2024-05-11T21:20:36.035+0000] {dagbag.py:536} INFO - Filling up the DagBag from /home/airflow/.local/lib/python3.8/site-packages/airflow/example_dags/example_complex.py
[2024-05-11T21:20:36.042+0000] {processor.py:839} INFO - DAG(s) dict_keys(['example_complex']) retrieved from /home/airflow/.local/lib/python3.8/site-packages/airflow/example_dags/example_complex.py
[2024-05-11T21:20:36.063+0000] {logging_mixin.py:154} INFO - [2024-05-11T21:20:36.063+0000] {dag.py:2941} INFO - Sync 1 DAGs
[2024-05-11T21:20:36.070+0000] {logging_mixin.py:154} INFO - [2024-05-11T21:20:36.070+0000] {dag.py:3722} INFO - Setting next_dagrun for example_complex to None, run_after=None
[2024-05-11T21:20:36.080+0000] {processor.py:179} INFO - Processing /home/airflow/.local/lib/python3.8/site-packages/airflow/example_dags/example_complex.py took 0.050 seconds
[2024-05-11T21:21:06.127+0000] {processor.py:157} INFO - Started process (PID=562) to work on /home/airflow/.local/lib/python3.8/site-packages/airflow/example_dags/example_complex.py
[2024-05-11T21:21:06.128+0000] {processor.py:829} INFO - Processing file /home/airflow/.local/lib/python3.8/site-packages/airflow/example_dags/example_complex.py for tasks to queue
[2024-05-11T21:21:06.130+0000] {logging_mixin.py:154} INFO - [2024-05-11T21:21:06.130+0000] {dagbag.py:536} INFO - Filling up the DagBag from /home/airflow/.local/lib/python3.8/site-packages/airflow/example_dags/example_complex.py
[2024-05-11T21:21:06.137+0000] {processor.py:839} INFO - DAG(s) dict_keys(['example_complex']) retrieved from /home/airflow/.local/lib/python3.8/site-packages/airflow/example_dags/example_complex.py
[2024-05-11T21:21:06.157+0000] {logging_mixin.py:154} INFO - [2024-05-11T21:21:06.157+0000] {dag.py:2941} INFO - Sync 1 DAGs
[2024-05-11T21:21:06.165+0000] {logging_mixin.py:154} INFO - [2024-05-11T21:21:06.165+0000] {dag.py:3722} INFO - Setting next_dagrun for example_complex to None, run_after=None
[2024-05-11T21:21:06.176+0000] {processor.py:179} INFO - Processing /home/airflow/.local/lib/python3.8/site-packages/airflow/example_dags/example_complex.py took 0.052 seconds
[2024-05-11T21:21:36.685+0000] {processor.py:157} INFO - Started process (PID=617) to work on /home/airflow/.local/lib/python3.8/site-packages/airflow/example_dags/example_complex.py
[2024-05-11T21:21:36.687+0000] {processor.py:829} INFO - Processing file /home/airflow/.local/lib/python3.8/site-packages/airflow/example_dags/example_complex.py for tasks to queue
[2024-05-11T21:21:36.689+0000] {logging_mixin.py:154} INFO - [2024-05-11T21:21:36.688+0000] {dagbag.py:536} INFO - Filling up the DagBag from /home/airflow/.local/lib/python3.8/site-packages/airflow/example_dags/example_complex.py
[2024-05-11T21:21:36.696+0000] {processor.py:839} INFO - DAG(s) dict_keys(['example_complex']) retrieved from /home/airflow/.local/lib/python3.8/site-packages/airflow/example_dags/example_complex.py
[2024-05-11T21:21:36.717+0000] {logging_mixin.py:154} INFO - [2024-05-11T21:21:36.717+0000] {dag.py:2941} INFO - Sync 1 DAGs
[2024-05-11T21:21:36.725+0000] {logging_mixin.py:154} INFO - [2024-05-11T21:21:36.725+0000] {dag.py:3722} INFO - Setting next_dagrun for example_complex to None, run_after=None
[2024-05-11T21:21:36.736+0000] {processor.py:179} INFO - Processing /home/airflow/.local/lib/python3.8/site-packages/airflow/example_dags/example_complex.py took 0.053 seconds
[2024-05-11T21:42:09.792+0000] {processor.py:157} INFO - Started process (PID=80) to work on /home/airflow/.local/lib/python3.8/site-packages/airflow/example_dags/example_complex.py
[2024-05-11T21:42:09.794+0000] {processor.py:829} INFO - Processing file /home/airflow/.local/lib/python3.8/site-packages/airflow/example_dags/example_complex.py for tasks to queue
[2024-05-11T21:42:09.798+0000] {logging_mixin.py:154} INFO - [2024-05-11T21:42:09.798+0000] {dagbag.py:536} INFO - Filling up the DagBag from /home/airflow/.local/lib/python3.8/site-packages/airflow/example_dags/example_complex.py
[2024-05-11T21:42:09.813+0000] {processor.py:839} INFO - DAG(s) dict_keys(['example_complex']) retrieved from /home/airflow/.local/lib/python3.8/site-packages/airflow/example_dags/example_complex.py
[2024-05-11T21:42:09.920+0000] {logging_mixin.py:154} INFO - [2024-05-11T21:42:09.919+0000] {manager.py:499} INFO - Created Permission View: %s
[2024-05-11T21:42:09.932+0000] {logging_mixin.py:154} INFO - [2024-05-11T21:42:09.932+0000] {manager.py:499} INFO - Created Permission View: %s
[2024-05-11T21:42:09.942+0000] {logging_mixin.py:154} INFO - [2024-05-11T21:42:09.941+0000] {manager.py:499} INFO - Created Permission View: %s
[2024-05-11T21:42:09.943+0000] {logging_mixin.py:154} INFO - [2024-05-11T21:42:09.943+0000] {dag.py:2941} INFO - Sync 1 DAGs
[2024-05-11T21:42:09.956+0000] {logging_mixin.py:154} INFO - [2024-05-11T21:42:09.955+0000] {dag.py:2963} INFO - Creating ORM DAG for example_complex
[2024-05-11T21:42:09.957+0000] {logging_mixin.py:154} INFO - [2024-05-11T21:42:09.957+0000] {dag.py:3722} INFO - Setting next_dagrun for example_complex to None, run_after=None
[2024-05-11T21:42:09.992+0000] {processor.py:179} INFO - Processing /home/airflow/.local/lib/python3.8/site-packages/airflow/example_dags/example_complex.py took 0.204 seconds
[2024-05-11T21:42:40.364+0000] {processor.py:157} INFO - Started process (PID=135) to work on /home/airflow/.local/lib/python3.8/site-packages/airflow/example_dags/example_complex.py
[2024-05-11T21:42:40.366+0000] {processor.py:829} INFO - Processing file /home/airflow/.local/lib/python3.8/site-packages/airflow/example_dags/example_complex.py for tasks to queue
[2024-05-11T21:42:40.370+0000] {logging_mixin.py:154} INFO - [2024-05-11T21:42:40.369+0000] {dagbag.py:536} INFO - Filling up the DagBag from /home/airflow/.local/lib/python3.8/site-packages/airflow/example_dags/example_complex.py
[2024-05-11T21:42:40.379+0000] {processor.py:839} INFO - DAG(s) dict_keys(['example_complex']) retrieved from /home/airflow/.local/lib/python3.8/site-packages/airflow/example_dags/example_complex.py
[2024-05-11T21:42:40.411+0000] {logging_mixin.py:154} INFO - [2024-05-11T21:42:40.411+0000] {dag.py:2941} INFO - Sync 1 DAGs
[2024-05-11T21:42:40.421+0000] {logging_mixin.py:154} INFO - [2024-05-11T21:42:40.421+0000] {dag.py:3722} INFO - Setting next_dagrun for example_complex to None, run_after=None
[2024-05-11T21:42:40.434+0000] {processor.py:179} INFO - Processing /home/airflow/.local/lib/python3.8/site-packages/airflow/example_dags/example_complex.py took 0.074 seconds
[2024-05-11T21:43:10.494+0000] {processor.py:157} INFO - Started process (PID=190) to work on /home/airflow/.local/lib/python3.8/site-packages/airflow/example_dags/example_complex.py
[2024-05-11T21:43:10.496+0000] {processor.py:829} INFO - Processing file /home/airflow/.local/lib/python3.8/site-packages/airflow/example_dags/example_complex.py for tasks to queue
[2024-05-11T21:43:10.498+0000] {logging_mixin.py:154} INFO - [2024-05-11T21:43:10.498+0000] {dagbag.py:536} INFO - Filling up the DagBag from /home/airflow/.local/lib/python3.8/site-packages/airflow/example_dags/example_complex.py
[2024-05-11T21:43:10.506+0000] {processor.py:839} INFO - DAG(s) dict_keys(['example_complex']) retrieved from /home/airflow/.local/lib/python3.8/site-packages/airflow/example_dags/example_complex.py
[2024-05-11T21:43:10.530+0000] {logging_mixin.py:154} INFO - [2024-05-11T21:43:10.530+0000] {dag.py:2941} INFO - Sync 1 DAGs
[2024-05-11T21:43:10.541+0000] {logging_mixin.py:154} INFO - [2024-05-11T21:43:10.541+0000] {dag.py:3722} INFO - Setting next_dagrun for example_complex to None, run_after=None
[2024-05-11T21:43:10.555+0000] {processor.py:179} INFO - Processing /home/airflow/.local/lib/python3.8/site-packages/airflow/example_dags/example_complex.py took 0.064 seconds
[2024-05-11T21:43:41.207+0000] {processor.py:157} INFO - Started process (PID=245) to work on /home/airflow/.local/lib/python3.8/site-packages/airflow/example_dags/example_complex.py
[2024-05-11T21:43:41.210+0000] {processor.py:829} INFO - Processing file /home/airflow/.local/lib/python3.8/site-packages/airflow/example_dags/example_complex.py for tasks to queue
[2024-05-11T21:43:41.214+0000] {logging_mixin.py:154} INFO - [2024-05-11T21:43:41.213+0000] {dagbag.py:536} INFO - Filling up the DagBag from /home/airflow/.local/lib/python3.8/site-packages/airflow/example_dags/example_complex.py
[2024-05-11T21:43:41.222+0000] {processor.py:839} INFO - DAG(s) dict_keys(['example_complex']) retrieved from /home/airflow/.local/lib/python3.8/site-packages/airflow/example_dags/example_complex.py
[2024-05-11T21:43:41.249+0000] {logging_mixin.py:154} INFO - [2024-05-11T21:43:41.249+0000] {dag.py:2941} INFO - Sync 1 DAGs
[2024-05-11T21:43:41.258+0000] {logging_mixin.py:154} INFO - [2024-05-11T21:43:41.258+0000] {dag.py:3722} INFO - Setting next_dagrun for example_complex to None, run_after=None
[2024-05-11T21:43:41.272+0000] {processor.py:179} INFO - Processing /home/airflow/.local/lib/python3.8/site-packages/airflow/example_dags/example_complex.py took 0.068 seconds
[2024-05-11T21:44:11.810+0000] {processor.py:157} INFO - Started process (PID=300) to work on /home/airflow/.local/lib/python3.8/site-packages/airflow/example_dags/example_complex.py
[2024-05-11T21:44:11.812+0000] {processor.py:829} INFO - Processing file /home/airflow/.local/lib/python3.8/site-packages/airflow/example_dags/example_complex.py for tasks to queue
[2024-05-11T21:44:11.814+0000] {logging_mixin.py:154} INFO - [2024-05-11T21:44:11.814+0000] {dagbag.py:536} INFO - Filling up the DagBag from /home/airflow/.local/lib/python3.8/site-packages/airflow/example_dags/example_complex.py
[2024-05-11T21:44:11.822+0000] {processor.py:839} INFO - DAG(s) dict_keys(['example_complex']) retrieved from /home/airflow/.local/lib/python3.8/site-packages/airflow/example_dags/example_complex.py
[2024-05-11T21:44:11.862+0000] {logging_mixin.py:154} INFO - [2024-05-11T21:44:11.862+0000] {dag.py:2941} INFO - Sync 1 DAGs
[2024-05-11T21:44:11.872+0000] {logging_mixin.py:154} INFO - [2024-05-11T21:44:11.872+0000] {dag.py:3722} INFO - Setting next_dagrun for example_complex to None, run_after=None
[2024-05-11T21:44:11.886+0000] {processor.py:179} INFO - Processing /home/airflow/.local/lib/python3.8/site-packages/airflow/example_dags/example_complex.py took 0.079 seconds
[2024-05-11T21:44:42.378+0000] {processor.py:157} INFO - Started process (PID=355) to work on /home/airflow/.local/lib/python3.8/site-packages/airflow/example_dags/example_complex.py
[2024-05-11T21:44:42.380+0000] {processor.py:829} INFO - Processing file /home/airflow/.local/lib/python3.8/site-packages/airflow/example_dags/example_complex.py for tasks to queue
[2024-05-11T21:44:42.383+0000] {logging_mixin.py:154} INFO - [2024-05-11T21:44:42.383+0000] {dagbag.py:536} INFO - Filling up the DagBag from /home/airflow/.local/lib/python3.8/site-packages/airflow/example_dags/example_complex.py
[2024-05-11T21:44:42.391+0000] {processor.py:839} INFO - DAG(s) dict_keys(['example_complex']) retrieved from /home/airflow/.local/lib/python3.8/site-packages/airflow/example_dags/example_complex.py
[2024-05-11T21:44:42.425+0000] {logging_mixin.py:154} INFO - [2024-05-11T21:44:42.425+0000] {dag.py:2941} INFO - Sync 1 DAGs
[2024-05-11T21:44:42.435+0000] {logging_mixin.py:154} INFO - [2024-05-11T21:44:42.435+0000] {dag.py:3722} INFO - Setting next_dagrun for example_complex to None, run_after=None
[2024-05-11T21:44:42.450+0000] {processor.py:179} INFO - Processing /home/airflow/.local/lib/python3.8/site-packages/airflow/example_dags/example_complex.py took 0.076 seconds
[2024-05-11T21:45:13.070+0000] {processor.py:157} INFO - Started process (PID=410) to work on /home/airflow/.local/lib/python3.8/site-packages/airflow/example_dags/example_complex.py
[2024-05-11T21:45:13.072+0000] {processor.py:829} INFO - Processing file /home/airflow/.local/lib/python3.8/site-packages/airflow/example_dags/example_complex.py for tasks to queue
[2024-05-11T21:45:13.075+0000] {logging_mixin.py:154} INFO - [2024-05-11T21:45:13.074+0000] {dagbag.py:536} INFO - Filling up the DagBag from /home/airflow/.local/lib/python3.8/site-packages/airflow/example_dags/example_complex.py
[2024-05-11T21:45:13.083+0000] {processor.py:839} INFO - DAG(s) dict_keys(['example_complex']) retrieved from /home/airflow/.local/lib/python3.8/site-packages/airflow/example_dags/example_complex.py
[2024-05-11T21:45:13.112+0000] {logging_mixin.py:154} INFO - [2024-05-11T21:45:13.112+0000] {dag.py:2941} INFO - Sync 1 DAGs
[2024-05-11T21:45:13.131+0000] {logging_mixin.py:154} INFO - [2024-05-11T21:45:13.131+0000] {dag.py:3722} INFO - Setting next_dagrun for example_complex to None, run_after=None
[2024-05-11T21:45:13.148+0000] {processor.py:179} INFO - Processing /home/airflow/.local/lib/python3.8/site-packages/airflow/example_dags/example_complex.py took 0.081 seconds
[2024-05-11T21:45:43.604+0000] {processor.py:157} INFO - Started process (PID=466) to work on /home/airflow/.local/lib/python3.8/site-packages/airflow/example_dags/example_complex.py
[2024-05-11T21:45:43.605+0000] {processor.py:829} INFO - Processing file /home/airflow/.local/lib/python3.8/site-packages/airflow/example_dags/example_complex.py for tasks to queue
[2024-05-11T21:45:43.608+0000] {logging_mixin.py:154} INFO - [2024-05-11T21:45:43.608+0000] {dagbag.py:536} INFO - Filling up the DagBag from /home/airflow/.local/lib/python3.8/site-packages/airflow/example_dags/example_complex.py
[2024-05-11T21:45:43.617+0000] {processor.py:839} INFO - DAG(s) dict_keys(['example_complex']) retrieved from /home/airflow/.local/lib/python3.8/site-packages/airflow/example_dags/example_complex.py
[2024-05-11T21:45:43.645+0000] {logging_mixin.py:154} INFO - [2024-05-11T21:45:43.645+0000] {dag.py:2941} INFO - Sync 1 DAGs
[2024-05-11T21:45:43.654+0000] {logging_mixin.py:154} INFO - [2024-05-11T21:45:43.654+0000] {dag.py:3722} INFO - Setting next_dagrun for example_complex to None, run_after=None
[2024-05-11T21:45:43.670+0000] {processor.py:179} INFO - Processing /home/airflow/.local/lib/python3.8/site-packages/airflow/example_dags/example_complex.py took 0.069 seconds
[2024-05-11T21:46:14.642+0000] {processor.py:157} INFO - Started process (PID=521) to work on /home/airflow/.local/lib/python3.8/site-packages/airflow/example_dags/example_complex.py
[2024-05-11T21:46:14.643+0000] {processor.py:829} INFO - Processing file /home/airflow/.local/lib/python3.8/site-packages/airflow/example_dags/example_complex.py for tasks to queue
[2024-05-11T21:46:14.646+0000] {logging_mixin.py:154} INFO - [2024-05-11T21:46:14.646+0000] {dagbag.py:536} INFO - Filling up the DagBag from /home/airflow/.local/lib/python3.8/site-packages/airflow/example_dags/example_complex.py
[2024-05-11T21:46:14.656+0000] {processor.py:839} INFO - DAG(s) dict_keys(['example_complex']) retrieved from /home/airflow/.local/lib/python3.8/site-packages/airflow/example_dags/example_complex.py
[2024-05-11T21:46:14.683+0000] {logging_mixin.py:154} INFO - [2024-05-11T21:46:14.683+0000] {dag.py:2941} INFO - Sync 1 DAGs
[2024-05-11T21:46:14.692+0000] {logging_mixin.py:154} INFO - [2024-05-11T21:46:14.692+0000] {dag.py:3722} INFO - Setting next_dagrun for example_complex to None, run_after=None
[2024-05-11T21:46:14.706+0000] {processor.py:179} INFO - Processing /home/airflow/.local/lib/python3.8/site-packages/airflow/example_dags/example_complex.py took 0.068 seconds
[2024-05-11T21:46:44.977+0000] {processor.py:157} INFO - Started process (PID=576) to work on /home/airflow/.local/lib/python3.8/site-packages/airflow/example_dags/example_complex.py
[2024-05-11T21:46:44.979+0000] {processor.py:829} INFO - Processing file /home/airflow/.local/lib/python3.8/site-packages/airflow/example_dags/example_complex.py for tasks to queue
[2024-05-11T21:46:44.982+0000] {logging_mixin.py:154} INFO - [2024-05-11T21:46:44.982+0000] {dagbag.py:536} INFO - Filling up the DagBag from /home/airflow/.local/lib/python3.8/site-packages/airflow/example_dags/example_complex.py
[2024-05-11T21:46:44.991+0000] {processor.py:839} INFO - DAG(s) dict_keys(['example_complex']) retrieved from /home/airflow/.local/lib/python3.8/site-packages/airflow/example_dags/example_complex.py
[2024-05-11T21:46:45.019+0000] {logging_mixin.py:154} INFO - [2024-05-11T21:46:45.019+0000] {dag.py:2941} INFO - Sync 1 DAGs
[2024-05-11T21:46:45.028+0000] {logging_mixin.py:154} INFO - [2024-05-11T21:46:45.028+0000] {dag.py:3722} INFO - Setting next_dagrun for example_complex to None, run_after=None
[2024-05-11T21:46:45.041+0000] {processor.py:179} INFO - Processing /home/airflow/.local/lib/python3.8/site-packages/airflow/example_dags/example_complex.py took 0.068 seconds
