[2024-05-11T21:03:20.389+0000] {processor.py:157} INFO - Started process (PID=57) to work on /home/airflow/.local/lib/python3.8/site-packages/airflow/example_dags/example_external_task_marker_dag.py
[2024-05-11T21:03:20.390+0000] {processor.py:829} INFO - Processing file /home/airflow/.local/lib/python3.8/site-packages/airflow/example_dags/example_external_task_marker_dag.py for tasks to queue
[2024-05-11T21:03:20.393+0000] {logging_mixin.py:154} INFO - [2024-05-11T21:03:20.392+0000] {dagbag.py:536} INFO - Filling up the DagBag from /home/airflow/.local/lib/python3.8/site-packages/airflow/example_dags/example_external_task_marker_dag.py
[2024-05-11T21:03:20.399+0000] {processor.py:839} INFO - DAG(s) dict_keys(['example_external_task_marker_parent', 'example_external_task_marker_child']) retrieved from /home/airflow/.local/lib/python3.8/site-packages/airflow/example_dags/example_external_task_marker_dag.py
[2024-05-11T21:03:20.488+0000] {logging_mixin.py:154} INFO - [2024-05-11T21:03:20.487+0000] {manager.py:499} INFO - Created Permission View: %s
[2024-05-11T21:03:20.495+0000] {logging_mixin.py:154} INFO - [2024-05-11T21:03:20.495+0000] {manager.py:499} INFO - Created Permission View: %s
[2024-05-11T21:03:20.501+0000] {logging_mixin.py:154} INFO - [2024-05-11T21:03:20.501+0000] {manager.py:499} INFO - Created Permission View: %s
[2024-05-11T21:03:20.514+0000] {logging_mixin.py:154} INFO - [2024-05-11T21:03:20.513+0000] {manager.py:499} INFO - Created Permission View: %s
[2024-05-11T21:03:20.517+0000] {logging_mixin.py:154} INFO - [2024-05-11T21:03:20.517+0000] {manager.py:499} INFO - Created Permission View: %s
[2024-05-11T21:03:20.521+0000] {logging_mixin.py:154} INFO - [2024-05-11T21:03:20.520+0000] {manager.py:499} INFO - Created Permission View: %s
[2024-05-11T21:03:20.521+0000] {logging_mixin.py:154} INFO - [2024-05-11T21:03:20.521+0000] {dag.py:2941} INFO - Sync 2 DAGs
[2024-05-11T21:03:20.529+0000] {logging_mixin.py:154} INFO - [2024-05-11T21:03:20.529+0000] {dag.py:2963} INFO - Creating ORM DAG for example_external_task_marker_parent
[2024-05-11T21:03:20.530+0000] {logging_mixin.py:154} INFO - [2024-05-11T21:03:20.530+0000] {dag.py:2963} INFO - Creating ORM DAG for example_external_task_marker_child
[2024-05-11T21:03:20.531+0000] {logging_mixin.py:154} INFO - [2024-05-11T21:03:20.531+0000] {dag.py:3722} INFO - Setting next_dagrun for example_external_task_marker_child to None, run_after=None
[2024-05-11T21:03:20.531+0000] {logging_mixin.py:154} INFO - [2024-05-11T21:03:20.531+0000] {dag.py:3722} INFO - Setting next_dagrun for example_external_task_marker_parent to None, run_after=None
[2024-05-11T21:03:20.540+0000] {processor.py:179} INFO - Processing /home/airflow/.local/lib/python3.8/site-packages/airflow/example_dags/example_external_task_marker_dag.py took 0.155 seconds
[2024-05-11T21:03:50.607+0000] {processor.py:157} INFO - Started process (PID=112) to work on /home/airflow/.local/lib/python3.8/site-packages/airflow/example_dags/example_external_task_marker_dag.py
[2024-05-11T21:03:50.608+0000] {processor.py:829} INFO - Processing file /home/airflow/.local/lib/python3.8/site-packages/airflow/example_dags/example_external_task_marker_dag.py for tasks to queue
[2024-05-11T21:03:50.610+0000] {logging_mixin.py:154} INFO - [2024-05-11T21:03:50.610+0000] {dagbag.py:536} INFO - Filling up the DagBag from /home/airflow/.local/lib/python3.8/site-packages/airflow/example_dags/example_external_task_marker_dag.py
[2024-05-11T21:03:50.615+0000] {processor.py:839} INFO - DAG(s) dict_keys(['example_external_task_marker_child', 'example_external_task_marker_parent']) retrieved from /home/airflow/.local/lib/python3.8/site-packages/airflow/example_dags/example_external_task_marker_dag.py
[2024-05-11T21:03:50.633+0000] {logging_mixin.py:154} INFO - [2024-05-11T21:03:50.633+0000] {dag.py:2941} INFO - Sync 2 DAGs
[2024-05-11T21:03:50.642+0000] {logging_mixin.py:154} INFO - [2024-05-11T21:03:50.642+0000] {dag.py:3722} INFO - Setting next_dagrun for example_external_task_marker_child to None, run_after=None
[2024-05-11T21:03:50.644+0000] {logging_mixin.py:154} INFO - [2024-05-11T21:03:50.644+0000] {dag.py:3722} INFO - Setting next_dagrun for example_external_task_marker_parent to None, run_after=None
[2024-05-11T21:03:50.653+0000] {processor.py:179} INFO - Processing /home/airflow/.local/lib/python3.8/site-packages/airflow/example_dags/example_external_task_marker_dag.py took 0.050 seconds
[2024-05-11T21:04:21.007+0000] {processor.py:157} INFO - Started process (PID=166) to work on /home/airflow/.local/lib/python3.8/site-packages/airflow/example_dags/example_external_task_marker_dag.py
[2024-05-11T21:04:21.009+0000] {processor.py:829} INFO - Processing file /home/airflow/.local/lib/python3.8/site-packages/airflow/example_dags/example_external_task_marker_dag.py for tasks to queue
[2024-05-11T21:04:21.011+0000] {logging_mixin.py:154} INFO - [2024-05-11T21:04:21.010+0000] {dagbag.py:536} INFO - Filling up the DagBag from /home/airflow/.local/lib/python3.8/site-packages/airflow/example_dags/example_external_task_marker_dag.py
[2024-05-11T21:04:21.016+0000] {processor.py:839} INFO - DAG(s) dict_keys(['example_external_task_marker_child', 'example_external_task_marker_parent']) retrieved from /home/airflow/.local/lib/python3.8/site-packages/airflow/example_dags/example_external_task_marker_dag.py
[2024-05-11T21:04:21.034+0000] {logging_mixin.py:154} INFO - [2024-05-11T21:04:21.034+0000] {dag.py:2941} INFO - Sync 2 DAGs
[2024-05-11T21:04:21.042+0000] {logging_mixin.py:154} INFO - [2024-05-11T21:04:21.042+0000] {dag.py:3722} INFO - Setting next_dagrun for example_external_task_marker_child to None, run_after=None
[2024-05-11T21:04:21.044+0000] {logging_mixin.py:154} INFO - [2024-05-11T21:04:21.044+0000] {dag.py:3722} INFO - Setting next_dagrun for example_external_task_marker_parent to None, run_after=None
[2024-05-11T21:04:21.055+0000] {processor.py:179} INFO - Processing /home/airflow/.local/lib/python3.8/site-packages/airflow/example_dags/example_external_task_marker_dag.py took 0.051 seconds
[2024-05-11T21:04:51.394+0000] {processor.py:157} INFO - Started process (PID=221) to work on /home/airflow/.local/lib/python3.8/site-packages/airflow/example_dags/example_external_task_marker_dag.py
[2024-05-11T21:04:51.395+0000] {processor.py:829} INFO - Processing file /home/airflow/.local/lib/python3.8/site-packages/airflow/example_dags/example_external_task_marker_dag.py for tasks to queue
[2024-05-11T21:04:51.397+0000] {logging_mixin.py:154} INFO - [2024-05-11T21:04:51.397+0000] {dagbag.py:536} INFO - Filling up the DagBag from /home/airflow/.local/lib/python3.8/site-packages/airflow/example_dags/example_external_task_marker_dag.py
[2024-05-11T21:04:51.402+0000] {processor.py:839} INFO - DAG(s) dict_keys(['example_external_task_marker_child', 'example_external_task_marker_parent']) retrieved from /home/airflow/.local/lib/python3.8/site-packages/airflow/example_dags/example_external_task_marker_dag.py
[2024-05-11T21:04:51.422+0000] {logging_mixin.py:154} INFO - [2024-05-11T21:04:51.422+0000] {dag.py:2941} INFO - Sync 2 DAGs
[2024-05-11T21:04:51.434+0000] {logging_mixin.py:154} INFO - [2024-05-11T21:04:51.434+0000] {dag.py:3722} INFO - Setting next_dagrun for example_external_task_marker_child to None, run_after=None
[2024-05-11T21:04:51.437+0000] {logging_mixin.py:154} INFO - [2024-05-11T21:04:51.437+0000] {dag.py:3722} INFO - Setting next_dagrun for example_external_task_marker_parent to None, run_after=None
[2024-05-11T21:04:51.448+0000] {processor.py:179} INFO - Processing /home/airflow/.local/lib/python3.8/site-packages/airflow/example_dags/example_external_task_marker_dag.py took 0.057 seconds
[2024-05-11T21:05:43.318+0000] {processor.py:157} INFO - Started process (PID=58) to work on /home/airflow/.local/lib/python3.8/site-packages/airflow/example_dags/example_external_task_marker_dag.py
[2024-05-11T21:05:43.322+0000] {processor.py:829} INFO - Processing file /home/airflow/.local/lib/python3.8/site-packages/airflow/example_dags/example_external_task_marker_dag.py for tasks to queue
[2024-05-11T21:05:43.334+0000] {logging_mixin.py:154} INFO - [2024-05-11T21:05:43.334+0000] {dagbag.py:536} INFO - Filling up the DagBag from /home/airflow/.local/lib/python3.8/site-packages/airflow/example_dags/example_external_task_marker_dag.py
[2024-05-11T21:05:43.358+0000] {processor.py:839} INFO - DAG(s) dict_keys(['example_external_task_marker_parent', 'example_external_task_marker_child']) retrieved from /home/airflow/.local/lib/python3.8/site-packages/airflow/example_dags/example_external_task_marker_dag.py
[2024-05-11T21:05:43.396+0000] {logging_mixin.py:154} INFO - [2024-05-11T21:05:43.396+0000] {dag.py:2941} INFO - Sync 2 DAGs
[2024-05-11T21:05:43.413+0000] {logging_mixin.py:154} INFO - [2024-05-11T21:05:43.413+0000] {dag.py:3722} INFO - Setting next_dagrun for example_external_task_marker_child to None, run_after=None
[2024-05-11T21:05:43.419+0000] {logging_mixin.py:154} INFO - [2024-05-11T21:05:43.418+0000] {dag.py:3722} INFO - Setting next_dagrun for example_external_task_marker_parent to None, run_after=None
[2024-05-11T21:05:43.454+0000] {processor.py:179} INFO - Processing /home/airflow/.local/lib/python3.8/site-packages/airflow/example_dags/example_external_task_marker_dag.py took 0.141 seconds
[2024-05-11T21:06:14.093+0000] {processor.py:157} INFO - Started process (PID=113) to work on /home/airflow/.local/lib/python3.8/site-packages/airflow/example_dags/example_external_task_marker_dag.py
[2024-05-11T21:06:14.094+0000] {processor.py:829} INFO - Processing file /home/airflow/.local/lib/python3.8/site-packages/airflow/example_dags/example_external_task_marker_dag.py for tasks to queue
[2024-05-11T21:06:14.096+0000] {logging_mixin.py:154} INFO - [2024-05-11T21:06:14.095+0000] {dagbag.py:536} INFO - Filling up the DagBag from /home/airflow/.local/lib/python3.8/site-packages/airflow/example_dags/example_external_task_marker_dag.py
[2024-05-11T21:06:14.100+0000] {processor.py:839} INFO - DAG(s) dict_keys(['example_external_task_marker_parent', 'example_external_task_marker_child']) retrieved from /home/airflow/.local/lib/python3.8/site-packages/airflow/example_dags/example_external_task_marker_dag.py
[2024-05-11T21:06:14.119+0000] {logging_mixin.py:154} INFO - [2024-05-11T21:06:14.119+0000] {dag.py:2941} INFO - Sync 2 DAGs
[2024-05-11T21:06:14.127+0000] {logging_mixin.py:154} INFO - [2024-05-11T21:06:14.127+0000] {dag.py:3722} INFO - Setting next_dagrun for example_external_task_marker_child to None, run_after=None
[2024-05-11T21:06:14.129+0000] {logging_mixin.py:154} INFO - [2024-05-11T21:06:14.129+0000] {dag.py:3722} INFO - Setting next_dagrun for example_external_task_marker_parent to None, run_after=None
[2024-05-11T21:06:14.138+0000] {processor.py:179} INFO - Processing /home/airflow/.local/lib/python3.8/site-packages/airflow/example_dags/example_external_task_marker_dag.py took 0.048 seconds
[2024-05-11T21:06:44.422+0000] {processor.py:157} INFO - Started process (PID=168) to work on /home/airflow/.local/lib/python3.8/site-packages/airflow/example_dags/example_external_task_marker_dag.py
[2024-05-11T21:06:44.424+0000] {processor.py:829} INFO - Processing file /home/airflow/.local/lib/python3.8/site-packages/airflow/example_dags/example_external_task_marker_dag.py for tasks to queue
[2024-05-11T21:06:44.426+0000] {logging_mixin.py:154} INFO - [2024-05-11T21:06:44.426+0000] {dagbag.py:536} INFO - Filling up the DagBag from /home/airflow/.local/lib/python3.8/site-packages/airflow/example_dags/example_external_task_marker_dag.py
[2024-05-11T21:06:44.431+0000] {processor.py:839} INFO - DAG(s) dict_keys(['example_external_task_marker_child', 'example_external_task_marker_parent']) retrieved from /home/airflow/.local/lib/python3.8/site-packages/airflow/example_dags/example_external_task_marker_dag.py
[2024-05-11T21:06:44.450+0000] {logging_mixin.py:154} INFO - [2024-05-11T21:06:44.450+0000] {dag.py:2941} INFO - Sync 2 DAGs
[2024-05-11T21:06:44.458+0000] {logging_mixin.py:154} INFO - [2024-05-11T21:06:44.458+0000] {dag.py:3722} INFO - Setting next_dagrun for example_external_task_marker_child to None, run_after=None
[2024-05-11T21:06:44.461+0000] {logging_mixin.py:154} INFO - [2024-05-11T21:06:44.461+0000] {dag.py:3722} INFO - Setting next_dagrun for example_external_task_marker_parent to None, run_after=None
[2024-05-11T21:06:44.471+0000] {processor.py:179} INFO - Processing /home/airflow/.local/lib/python3.8/site-packages/airflow/example_dags/example_external_task_marker_dag.py took 0.051 seconds
[2024-05-11T21:07:14.725+0000] {processor.py:157} INFO - Started process (PID=223) to work on /home/airflow/.local/lib/python3.8/site-packages/airflow/example_dags/example_external_task_marker_dag.py
[2024-05-11T21:07:14.727+0000] {processor.py:829} INFO - Processing file /home/airflow/.local/lib/python3.8/site-packages/airflow/example_dags/example_external_task_marker_dag.py for tasks to queue
[2024-05-11T21:07:14.729+0000] {logging_mixin.py:154} INFO - [2024-05-11T21:07:14.728+0000] {dagbag.py:536} INFO - Filling up the DagBag from /home/airflow/.local/lib/python3.8/site-packages/airflow/example_dags/example_external_task_marker_dag.py
[2024-05-11T21:07:14.733+0000] {processor.py:839} INFO - DAG(s) dict_keys(['example_external_task_marker_child', 'example_external_task_marker_parent']) retrieved from /home/airflow/.local/lib/python3.8/site-packages/airflow/example_dags/example_external_task_marker_dag.py
[2024-05-11T21:07:14.752+0000] {logging_mixin.py:154} INFO - [2024-05-11T21:07:14.752+0000] {dag.py:2941} INFO - Sync 2 DAGs
[2024-05-11T21:07:14.760+0000] {logging_mixin.py:154} INFO - [2024-05-11T21:07:14.760+0000] {dag.py:3722} INFO - Setting next_dagrun for example_external_task_marker_child to None, run_after=None
[2024-05-11T21:07:14.762+0000] {logging_mixin.py:154} INFO - [2024-05-11T21:07:14.762+0000] {dag.py:3722} INFO - Setting next_dagrun for example_external_task_marker_parent to None, run_after=None
[2024-05-11T21:07:14.771+0000] {processor.py:179} INFO - Processing /home/airflow/.local/lib/python3.8/site-packages/airflow/example_dags/example_external_task_marker_dag.py took 0.048 seconds
[2024-05-11T21:07:44.957+0000] {processor.py:157} INFO - Started process (PID=282) to work on /home/airflow/.local/lib/python3.8/site-packages/airflow/example_dags/example_external_task_marker_dag.py
[2024-05-11T21:07:44.958+0000] {processor.py:829} INFO - Processing file /home/airflow/.local/lib/python3.8/site-packages/airflow/example_dags/example_external_task_marker_dag.py for tasks to queue
[2024-05-11T21:07:44.960+0000] {logging_mixin.py:154} INFO - [2024-05-11T21:07:44.960+0000] {dagbag.py:536} INFO - Filling up the DagBag from /home/airflow/.local/lib/python3.8/site-packages/airflow/example_dags/example_external_task_marker_dag.py
[2024-05-11T21:07:44.965+0000] {processor.py:839} INFO - DAG(s) dict_keys(['example_external_task_marker_child', 'example_external_task_marker_parent']) retrieved from /home/airflow/.local/lib/python3.8/site-packages/airflow/example_dags/example_external_task_marker_dag.py
[2024-05-11T21:07:44.983+0000] {logging_mixin.py:154} INFO - [2024-05-11T21:07:44.982+0000] {dag.py:2941} INFO - Sync 2 DAGs
[2024-05-11T21:07:44.990+0000] {logging_mixin.py:154} INFO - [2024-05-11T21:07:44.990+0000] {dag.py:3722} INFO - Setting next_dagrun for example_external_task_marker_child to None, run_after=None
[2024-05-11T21:07:44.992+0000] {logging_mixin.py:154} INFO - [2024-05-11T21:07:44.992+0000] {dag.py:3722} INFO - Setting next_dagrun for example_external_task_marker_parent to None, run_after=None
[2024-05-11T21:07:45.001+0000] {processor.py:179} INFO - Processing /home/airflow/.local/lib/python3.8/site-packages/airflow/example_dags/example_external_task_marker_dag.py took 0.047 seconds
[2024-05-11T21:08:15.214+0000] {processor.py:157} INFO - Started process (PID=337) to work on /home/airflow/.local/lib/python3.8/site-packages/airflow/example_dags/example_external_task_marker_dag.py
[2024-05-11T21:08:15.216+0000] {processor.py:829} INFO - Processing file /home/airflow/.local/lib/python3.8/site-packages/airflow/example_dags/example_external_task_marker_dag.py for tasks to queue
[2024-05-11T21:08:15.218+0000] {logging_mixin.py:154} INFO - [2024-05-11T21:08:15.217+0000] {dagbag.py:536} INFO - Filling up the DagBag from /home/airflow/.local/lib/python3.8/site-packages/airflow/example_dags/example_external_task_marker_dag.py
[2024-05-11T21:08:15.222+0000] {processor.py:839} INFO - DAG(s) dict_keys(['example_external_task_marker_child', 'example_external_task_marker_parent']) retrieved from /home/airflow/.local/lib/python3.8/site-packages/airflow/example_dags/example_external_task_marker_dag.py
[2024-05-11T21:08:15.242+0000] {logging_mixin.py:154} INFO - [2024-05-11T21:08:15.242+0000] {dag.py:2941} INFO - Sync 2 DAGs
[2024-05-11T21:08:15.250+0000] {logging_mixin.py:154} INFO - [2024-05-11T21:08:15.250+0000] {dag.py:3722} INFO - Setting next_dagrun for example_external_task_marker_child to None, run_after=None
[2024-05-11T21:08:15.253+0000] {logging_mixin.py:154} INFO - [2024-05-11T21:08:15.253+0000] {dag.py:3722} INFO - Setting next_dagrun for example_external_task_marker_parent to None, run_after=None
[2024-05-11T21:08:15.263+0000] {processor.py:179} INFO - Processing /home/airflow/.local/lib/python3.8/site-packages/airflow/example_dags/example_external_task_marker_dag.py took 0.051 seconds
[2024-05-11T21:08:45.453+0000] {processor.py:157} INFO - Started process (PID=392) to work on /home/airflow/.local/lib/python3.8/site-packages/airflow/example_dags/example_external_task_marker_dag.py
[2024-05-11T21:08:45.455+0000] {processor.py:829} INFO - Processing file /home/airflow/.local/lib/python3.8/site-packages/airflow/example_dags/example_external_task_marker_dag.py for tasks to queue
[2024-05-11T21:08:45.457+0000] {logging_mixin.py:154} INFO - [2024-05-11T21:08:45.457+0000] {dagbag.py:536} INFO - Filling up the DagBag from /home/airflow/.local/lib/python3.8/site-packages/airflow/example_dags/example_external_task_marker_dag.py
[2024-05-11T21:08:45.462+0000] {processor.py:839} INFO - DAG(s) dict_keys(['example_external_task_marker_parent', 'example_external_task_marker_child']) retrieved from /home/airflow/.local/lib/python3.8/site-packages/airflow/example_dags/example_external_task_marker_dag.py
[2024-05-11T21:08:45.484+0000] {logging_mixin.py:154} INFO - [2024-05-11T21:08:45.484+0000] {dag.py:2941} INFO - Sync 2 DAGs
[2024-05-11T21:08:45.493+0000] {logging_mixin.py:154} INFO - [2024-05-11T21:08:45.492+0000] {dag.py:3722} INFO - Setting next_dagrun for example_external_task_marker_child to None, run_after=None
[2024-05-11T21:08:45.495+0000] {logging_mixin.py:154} INFO - [2024-05-11T21:08:45.495+0000] {dag.py:3722} INFO - Setting next_dagrun for example_external_task_marker_parent to None, run_after=None
[2024-05-11T21:08:45.505+0000] {processor.py:179} INFO - Processing /home/airflow/.local/lib/python3.8/site-packages/airflow/example_dags/example_external_task_marker_dag.py took 0.055 seconds
[2024-05-11T21:09:15.982+0000] {processor.py:157} INFO - Started process (PID=446) to work on /home/airflow/.local/lib/python3.8/site-packages/airflow/example_dags/example_external_task_marker_dag.py
[2024-05-11T21:09:15.984+0000] {processor.py:829} INFO - Processing file /home/airflow/.local/lib/python3.8/site-packages/airflow/example_dags/example_external_task_marker_dag.py for tasks to queue
[2024-05-11T21:09:15.985+0000] {logging_mixin.py:154} INFO - [2024-05-11T21:09:15.985+0000] {dagbag.py:536} INFO - Filling up the DagBag from /home/airflow/.local/lib/python3.8/site-packages/airflow/example_dags/example_external_task_marker_dag.py
[2024-05-11T21:09:15.990+0000] {processor.py:839} INFO - DAG(s) dict_keys(['example_external_task_marker_parent', 'example_external_task_marker_child']) retrieved from /home/airflow/.local/lib/python3.8/site-packages/airflow/example_dags/example_external_task_marker_dag.py
[2024-05-11T21:09:16.009+0000] {logging_mixin.py:154} INFO - [2024-05-11T21:09:16.009+0000] {dag.py:2941} INFO - Sync 2 DAGs
[2024-05-11T21:09:16.017+0000] {logging_mixin.py:154} INFO - [2024-05-11T21:09:16.017+0000] {dag.py:3722} INFO - Setting next_dagrun for example_external_task_marker_child to None, run_after=None
[2024-05-11T21:09:16.019+0000] {logging_mixin.py:154} INFO - [2024-05-11T21:09:16.019+0000] {dag.py:3722} INFO - Setting next_dagrun for example_external_task_marker_parent to None, run_after=None
[2024-05-11T21:09:16.028+0000] {processor.py:179} INFO - Processing /home/airflow/.local/lib/python3.8/site-packages/airflow/example_dags/example_external_task_marker_dag.py took 0.049 seconds
[2024-05-11T21:09:46.233+0000] {processor.py:157} INFO - Started process (PID=501) to work on /home/airflow/.local/lib/python3.8/site-packages/airflow/example_dags/example_external_task_marker_dag.py
[2024-05-11T21:09:46.234+0000] {processor.py:829} INFO - Processing file /home/airflow/.local/lib/python3.8/site-packages/airflow/example_dags/example_external_task_marker_dag.py for tasks to queue
[2024-05-11T21:09:46.236+0000] {logging_mixin.py:154} INFO - [2024-05-11T21:09:46.236+0000] {dagbag.py:536} INFO - Filling up the DagBag from /home/airflow/.local/lib/python3.8/site-packages/airflow/example_dags/example_external_task_marker_dag.py
[2024-05-11T21:09:46.241+0000] {processor.py:839} INFO - DAG(s) dict_keys(['example_external_task_marker_child', 'example_external_task_marker_parent']) retrieved from /home/airflow/.local/lib/python3.8/site-packages/airflow/example_dags/example_external_task_marker_dag.py
[2024-05-11T21:09:46.259+0000] {logging_mixin.py:154} INFO - [2024-05-11T21:09:46.259+0000] {dag.py:2941} INFO - Sync 2 DAGs
[2024-05-11T21:09:46.266+0000] {logging_mixin.py:154} INFO - [2024-05-11T21:09:46.266+0000] {dag.py:3722} INFO - Setting next_dagrun for example_external_task_marker_child to None, run_after=None
[2024-05-11T21:09:46.268+0000] {logging_mixin.py:154} INFO - [2024-05-11T21:09:46.268+0000] {dag.py:3722} INFO - Setting next_dagrun for example_external_task_marker_parent to None, run_after=None
[2024-05-11T21:09:46.278+0000] {processor.py:179} INFO - Processing /home/airflow/.local/lib/python3.8/site-packages/airflow/example_dags/example_external_task_marker_dag.py took 0.048 seconds
[2024-05-11T21:10:16.413+0000] {processor.py:157} INFO - Started process (PID=555) to work on /home/airflow/.local/lib/python3.8/site-packages/airflow/example_dags/example_external_task_marker_dag.py
[2024-05-11T21:10:16.414+0000] {processor.py:829} INFO - Processing file /home/airflow/.local/lib/python3.8/site-packages/airflow/example_dags/example_external_task_marker_dag.py for tasks to queue
[2024-05-11T21:10:16.416+0000] {logging_mixin.py:154} INFO - [2024-05-11T21:10:16.416+0000] {dagbag.py:536} INFO - Filling up the DagBag from /home/airflow/.local/lib/python3.8/site-packages/airflow/example_dags/example_external_task_marker_dag.py
[2024-05-11T21:10:16.421+0000] {processor.py:839} INFO - DAG(s) dict_keys(['example_external_task_marker_parent', 'example_external_task_marker_child']) retrieved from /home/airflow/.local/lib/python3.8/site-packages/airflow/example_dags/example_external_task_marker_dag.py
[2024-05-11T21:10:16.440+0000] {logging_mixin.py:154} INFO - [2024-05-11T21:10:16.440+0000] {dag.py:2941} INFO - Sync 2 DAGs
[2024-05-11T21:10:16.448+0000] {logging_mixin.py:154} INFO - [2024-05-11T21:10:16.448+0000] {dag.py:3722} INFO - Setting next_dagrun for example_external_task_marker_child to None, run_after=None
[2024-05-11T21:10:16.452+0000] {logging_mixin.py:154} INFO - [2024-05-11T21:10:16.451+0000] {dag.py:3722} INFO - Setting next_dagrun for example_external_task_marker_parent to None, run_after=None
[2024-05-11T21:10:16.461+0000] {processor.py:179} INFO - Processing /home/airflow/.local/lib/python3.8/site-packages/airflow/example_dags/example_external_task_marker_dag.py took 0.051 seconds
[2024-05-11T21:10:46.807+0000] {processor.py:157} INFO - Started process (PID=610) to work on /home/airflow/.local/lib/python3.8/site-packages/airflow/example_dags/example_external_task_marker_dag.py
[2024-05-11T21:10:46.808+0000] {processor.py:829} INFO - Processing file /home/airflow/.local/lib/python3.8/site-packages/airflow/example_dags/example_external_task_marker_dag.py for tasks to queue
[2024-05-11T21:10:46.810+0000] {logging_mixin.py:154} INFO - [2024-05-11T21:10:46.810+0000] {dagbag.py:536} INFO - Filling up the DagBag from /home/airflow/.local/lib/python3.8/site-packages/airflow/example_dags/example_external_task_marker_dag.py
[2024-05-11T21:10:46.814+0000] {processor.py:839} INFO - DAG(s) dict_keys(['example_external_task_marker_child', 'example_external_task_marker_parent']) retrieved from /home/airflow/.local/lib/python3.8/site-packages/airflow/example_dags/example_external_task_marker_dag.py
[2024-05-11T21:10:46.832+0000] {logging_mixin.py:154} INFO - [2024-05-11T21:10:46.832+0000] {dag.py:2941} INFO - Sync 2 DAGs
[2024-05-11T21:10:46.841+0000] {logging_mixin.py:154} INFO - [2024-05-11T21:10:46.841+0000] {dag.py:3722} INFO - Setting next_dagrun for example_external_task_marker_child to None, run_after=None
[2024-05-11T21:10:46.843+0000] {logging_mixin.py:154} INFO - [2024-05-11T21:10:46.843+0000] {dag.py:3722} INFO - Setting next_dagrun for example_external_task_marker_parent to None, run_after=None
[2024-05-11T21:10:46.851+0000] {processor.py:179} INFO - Processing /home/airflow/.local/lib/python3.8/site-packages/airflow/example_dags/example_external_task_marker_dag.py took 0.047 seconds
[2024-05-11T21:11:17.150+0000] {processor.py:157} INFO - Started process (PID=665) to work on /home/airflow/.local/lib/python3.8/site-packages/airflow/example_dags/example_external_task_marker_dag.py
[2024-05-11T21:11:17.151+0000] {processor.py:829} INFO - Processing file /home/airflow/.local/lib/python3.8/site-packages/airflow/example_dags/example_external_task_marker_dag.py for tasks to queue
[2024-05-11T21:11:17.153+0000] {logging_mixin.py:154} INFO - [2024-05-11T21:11:17.153+0000] {dagbag.py:536} INFO - Filling up the DagBag from /home/airflow/.local/lib/python3.8/site-packages/airflow/example_dags/example_external_task_marker_dag.py
[2024-05-11T21:11:17.157+0000] {processor.py:839} INFO - DAG(s) dict_keys(['example_external_task_marker_child', 'example_external_task_marker_parent']) retrieved from /home/airflow/.local/lib/python3.8/site-packages/airflow/example_dags/example_external_task_marker_dag.py
[2024-05-11T21:11:17.175+0000] {logging_mixin.py:154} INFO - [2024-05-11T21:11:17.175+0000] {dag.py:2941} INFO - Sync 2 DAGs
[2024-05-11T21:11:17.183+0000] {logging_mixin.py:154} INFO - [2024-05-11T21:11:17.183+0000] {dag.py:3722} INFO - Setting next_dagrun for example_external_task_marker_child to None, run_after=None
[2024-05-11T21:11:17.185+0000] {logging_mixin.py:154} INFO - [2024-05-11T21:11:17.185+0000] {dag.py:3722} INFO - Setting next_dagrun for example_external_task_marker_parent to None, run_after=None
[2024-05-11T21:11:17.193+0000] {processor.py:179} INFO - Processing /home/airflow/.local/lib/python3.8/site-packages/airflow/example_dags/example_external_task_marker_dag.py took 0.047 seconds
[2024-05-11T21:11:47.365+0000] {processor.py:157} INFO - Started process (PID=720) to work on /home/airflow/.local/lib/python3.8/site-packages/airflow/example_dags/example_external_task_marker_dag.py
[2024-05-11T21:11:47.367+0000] {processor.py:829} INFO - Processing file /home/airflow/.local/lib/python3.8/site-packages/airflow/example_dags/example_external_task_marker_dag.py for tasks to queue
[2024-05-11T21:11:47.369+0000] {logging_mixin.py:154} INFO - [2024-05-11T21:11:47.368+0000] {dagbag.py:536} INFO - Filling up the DagBag from /home/airflow/.local/lib/python3.8/site-packages/airflow/example_dags/example_external_task_marker_dag.py
[2024-05-11T21:11:47.373+0000] {processor.py:839} INFO - DAG(s) dict_keys(['example_external_task_marker_parent', 'example_external_task_marker_child']) retrieved from /home/airflow/.local/lib/python3.8/site-packages/airflow/example_dags/example_external_task_marker_dag.py
[2024-05-11T21:11:47.392+0000] {logging_mixin.py:154} INFO - [2024-05-11T21:11:47.392+0000] {dag.py:2941} INFO - Sync 2 DAGs
[2024-05-11T21:11:47.400+0000] {logging_mixin.py:154} INFO - [2024-05-11T21:11:47.400+0000] {dag.py:3722} INFO - Setting next_dagrun for example_external_task_marker_child to None, run_after=None
[2024-05-11T21:11:47.402+0000] {logging_mixin.py:154} INFO - [2024-05-11T21:11:47.402+0000] {dag.py:3722} INFO - Setting next_dagrun for example_external_task_marker_parent to None, run_after=None
[2024-05-11T21:11:47.412+0000] {processor.py:179} INFO - Processing /home/airflow/.local/lib/python3.8/site-packages/airflow/example_dags/example_external_task_marker_dag.py took 0.050 seconds
[2024-05-11T21:12:17.653+0000] {processor.py:157} INFO - Started process (PID=776) to work on /home/airflow/.local/lib/python3.8/site-packages/airflow/example_dags/example_external_task_marker_dag.py
[2024-05-11T21:12:17.654+0000] {processor.py:829} INFO - Processing file /home/airflow/.local/lib/python3.8/site-packages/airflow/example_dags/example_external_task_marker_dag.py for tasks to queue
[2024-05-11T21:12:17.656+0000] {logging_mixin.py:154} INFO - [2024-05-11T21:12:17.656+0000] {dagbag.py:536} INFO - Filling up the DagBag from /home/airflow/.local/lib/python3.8/site-packages/airflow/example_dags/example_external_task_marker_dag.py
[2024-05-11T21:12:17.661+0000] {processor.py:839} INFO - DAG(s) dict_keys(['example_external_task_marker_parent', 'example_external_task_marker_child']) retrieved from /home/airflow/.local/lib/python3.8/site-packages/airflow/example_dags/example_external_task_marker_dag.py
[2024-05-11T21:12:17.679+0000] {logging_mixin.py:154} INFO - [2024-05-11T21:12:17.679+0000] {dag.py:2941} INFO - Sync 2 DAGs
[2024-05-11T21:12:17.687+0000] {logging_mixin.py:154} INFO - [2024-05-11T21:12:17.687+0000] {dag.py:3722} INFO - Setting next_dagrun for example_external_task_marker_child to None, run_after=None
[2024-05-11T21:12:17.690+0000] {logging_mixin.py:154} INFO - [2024-05-11T21:12:17.690+0000] {dag.py:3722} INFO - Setting next_dagrun for example_external_task_marker_parent to None, run_after=None
[2024-05-11T21:12:17.704+0000] {processor.py:179} INFO - Processing /home/airflow/.local/lib/python3.8/site-packages/airflow/example_dags/example_external_task_marker_dag.py took 0.053 seconds
[2024-05-11T21:12:48.058+0000] {processor.py:157} INFO - Started process (PID=831) to work on /home/airflow/.local/lib/python3.8/site-packages/airflow/example_dags/example_external_task_marker_dag.py
[2024-05-11T21:12:48.059+0000] {processor.py:829} INFO - Processing file /home/airflow/.local/lib/python3.8/site-packages/airflow/example_dags/example_external_task_marker_dag.py for tasks to queue
[2024-05-11T21:12:48.062+0000] {logging_mixin.py:154} INFO - [2024-05-11T21:12:48.062+0000] {dagbag.py:536} INFO - Filling up the DagBag from /home/airflow/.local/lib/python3.8/site-packages/airflow/example_dags/example_external_task_marker_dag.py
[2024-05-11T21:12:48.066+0000] {processor.py:839} INFO - DAG(s) dict_keys(['example_external_task_marker_child', 'example_external_task_marker_parent']) retrieved from /home/airflow/.local/lib/python3.8/site-packages/airflow/example_dags/example_external_task_marker_dag.py
[2024-05-11T21:12:48.084+0000] {logging_mixin.py:154} INFO - [2024-05-11T21:12:48.084+0000] {dag.py:2941} INFO - Sync 2 DAGs
[2024-05-11T21:12:48.093+0000] {logging_mixin.py:154} INFO - [2024-05-11T21:12:48.092+0000] {dag.py:3722} INFO - Setting next_dagrun for example_external_task_marker_child to None, run_after=None
[2024-05-11T21:12:48.095+0000] {logging_mixin.py:154} INFO - [2024-05-11T21:12:48.095+0000] {dag.py:3722} INFO - Setting next_dagrun for example_external_task_marker_parent to None, run_after=None
[2024-05-11T21:12:48.104+0000] {processor.py:179} INFO - Processing /home/airflow/.local/lib/python3.8/site-packages/airflow/example_dags/example_external_task_marker_dag.py took 0.049 seconds
[2024-05-11T21:13:18.414+0000] {processor.py:157} INFO - Started process (PID=886) to work on /home/airflow/.local/lib/python3.8/site-packages/airflow/example_dags/example_external_task_marker_dag.py
[2024-05-11T21:13:18.416+0000] {processor.py:829} INFO - Processing file /home/airflow/.local/lib/python3.8/site-packages/airflow/example_dags/example_external_task_marker_dag.py for tasks to queue
[2024-05-11T21:13:18.417+0000] {logging_mixin.py:154} INFO - [2024-05-11T21:13:18.417+0000] {dagbag.py:536} INFO - Filling up the DagBag from /home/airflow/.local/lib/python3.8/site-packages/airflow/example_dags/example_external_task_marker_dag.py
[2024-05-11T21:13:18.422+0000] {processor.py:839} INFO - DAG(s) dict_keys(['example_external_task_marker_child', 'example_external_task_marker_parent']) retrieved from /home/airflow/.local/lib/python3.8/site-packages/airflow/example_dags/example_external_task_marker_dag.py
[2024-05-11T21:13:18.441+0000] {logging_mixin.py:154} INFO - [2024-05-11T21:13:18.441+0000] {dag.py:2941} INFO - Sync 2 DAGs
[2024-05-11T21:13:18.449+0000] {logging_mixin.py:154} INFO - [2024-05-11T21:13:18.449+0000] {dag.py:3722} INFO - Setting next_dagrun for example_external_task_marker_child to None, run_after=None
[2024-05-11T21:13:18.451+0000] {logging_mixin.py:154} INFO - [2024-05-11T21:13:18.451+0000] {dag.py:3722} INFO - Setting next_dagrun for example_external_task_marker_parent to None, run_after=None
[2024-05-11T21:13:18.462+0000] {processor.py:179} INFO - Processing /home/airflow/.local/lib/python3.8/site-packages/airflow/example_dags/example_external_task_marker_dag.py took 0.050 seconds
[2024-05-11T21:13:48.527+0000] {processor.py:157} INFO - Started process (PID=941) to work on /home/airflow/.local/lib/python3.8/site-packages/airflow/example_dags/example_external_task_marker_dag.py
[2024-05-11T21:13:48.529+0000] {processor.py:829} INFO - Processing file /home/airflow/.local/lib/python3.8/site-packages/airflow/example_dags/example_external_task_marker_dag.py for tasks to queue
[2024-05-11T21:13:48.531+0000] {logging_mixin.py:154} INFO - [2024-05-11T21:13:48.531+0000] {dagbag.py:536} INFO - Filling up the DagBag from /home/airflow/.local/lib/python3.8/site-packages/airflow/example_dags/example_external_task_marker_dag.py
[2024-05-11T21:13:48.535+0000] {processor.py:839} INFO - DAG(s) dict_keys(['example_external_task_marker_child', 'example_external_task_marker_parent']) retrieved from /home/airflow/.local/lib/python3.8/site-packages/airflow/example_dags/example_external_task_marker_dag.py
[2024-05-11T21:13:48.554+0000] {logging_mixin.py:154} INFO - [2024-05-11T21:13:48.554+0000] {dag.py:2941} INFO - Sync 2 DAGs
[2024-05-11T21:13:48.561+0000] {logging_mixin.py:154} INFO - [2024-05-11T21:13:48.561+0000] {dag.py:3722} INFO - Setting next_dagrun for example_external_task_marker_child to None, run_after=None
[2024-05-11T21:13:48.563+0000] {logging_mixin.py:154} INFO - [2024-05-11T21:13:48.563+0000] {dag.py:3722} INFO - Setting next_dagrun for example_external_task_marker_parent to None, run_after=None
[2024-05-11T21:13:48.576+0000] {processor.py:179} INFO - Processing /home/airflow/.local/lib/python3.8/site-packages/airflow/example_dags/example_external_task_marker_dag.py took 0.052 seconds
[2024-05-11T21:14:18.782+0000] {processor.py:157} INFO - Started process (PID=996) to work on /home/airflow/.local/lib/python3.8/site-packages/airflow/example_dags/example_external_task_marker_dag.py
[2024-05-11T21:14:18.784+0000] {processor.py:829} INFO - Processing file /home/airflow/.local/lib/python3.8/site-packages/airflow/example_dags/example_external_task_marker_dag.py for tasks to queue
[2024-05-11T21:14:18.785+0000] {logging_mixin.py:154} INFO - [2024-05-11T21:14:18.785+0000] {dagbag.py:536} INFO - Filling up the DagBag from /home/airflow/.local/lib/python3.8/site-packages/airflow/example_dags/example_external_task_marker_dag.py
[2024-05-11T21:14:18.790+0000] {processor.py:839} INFO - DAG(s) dict_keys(['example_external_task_marker_child', 'example_external_task_marker_parent']) retrieved from /home/airflow/.local/lib/python3.8/site-packages/airflow/example_dags/example_external_task_marker_dag.py
[2024-05-11T21:14:18.810+0000] {logging_mixin.py:154} INFO - [2024-05-11T21:14:18.810+0000] {dag.py:2941} INFO - Sync 2 DAGs
[2024-05-11T21:14:18.818+0000] {logging_mixin.py:154} INFO - [2024-05-11T21:14:18.818+0000] {dag.py:3722} INFO - Setting next_dagrun for example_external_task_marker_child to None, run_after=None
[2024-05-11T21:14:18.821+0000] {logging_mixin.py:154} INFO - [2024-05-11T21:14:18.821+0000] {dag.py:3722} INFO - Setting next_dagrun for example_external_task_marker_parent to None, run_after=None
[2024-05-11T21:14:18.831+0000] {processor.py:179} INFO - Processing /home/airflow/.local/lib/python3.8/site-packages/airflow/example_dags/example_external_task_marker_dag.py took 0.052 seconds
[2024-05-11T21:14:49.098+0000] {processor.py:157} INFO - Started process (PID=1052) to work on /home/airflow/.local/lib/python3.8/site-packages/airflow/example_dags/example_external_task_marker_dag.py
[2024-05-11T21:14:49.099+0000] {processor.py:829} INFO - Processing file /home/airflow/.local/lib/python3.8/site-packages/airflow/example_dags/example_external_task_marker_dag.py for tasks to queue
[2024-05-11T21:14:49.102+0000] {logging_mixin.py:154} INFO - [2024-05-11T21:14:49.101+0000] {dagbag.py:536} INFO - Filling up the DagBag from /home/airflow/.local/lib/python3.8/site-packages/airflow/example_dags/example_external_task_marker_dag.py
[2024-05-11T21:14:49.107+0000] {processor.py:839} INFO - DAG(s) dict_keys(['example_external_task_marker_parent', 'example_external_task_marker_child']) retrieved from /home/airflow/.local/lib/python3.8/site-packages/airflow/example_dags/example_external_task_marker_dag.py
[2024-05-11T21:14:49.129+0000] {logging_mixin.py:154} INFO - [2024-05-11T21:14:49.129+0000] {dag.py:2941} INFO - Sync 2 DAGs
[2024-05-11T21:14:49.137+0000] {logging_mixin.py:154} INFO - [2024-05-11T21:14:49.137+0000] {dag.py:3722} INFO - Setting next_dagrun for example_external_task_marker_child to None, run_after=None
[2024-05-11T21:14:49.140+0000] {logging_mixin.py:154} INFO - [2024-05-11T21:14:49.140+0000] {dag.py:3722} INFO - Setting next_dagrun for example_external_task_marker_parent to None, run_after=None
[2024-05-11T21:14:49.151+0000] {processor.py:179} INFO - Processing /home/airflow/.local/lib/python3.8/site-packages/airflow/example_dags/example_external_task_marker_dag.py took 0.056 seconds
[2024-05-11T21:16:32.779+0000] {processor.py:157} INFO - Started process (PID=58) to work on /home/airflow/.local/lib/python3.8/site-packages/airflow/example_dags/example_external_task_marker_dag.py
[2024-05-11T21:16:32.782+0000] {processor.py:829} INFO - Processing file /home/airflow/.local/lib/python3.8/site-packages/airflow/example_dags/example_external_task_marker_dag.py for tasks to queue
[2024-05-11T21:16:32.787+0000] {logging_mixin.py:154} INFO - [2024-05-11T21:16:32.787+0000] {dagbag.py:536} INFO - Filling up the DagBag from /home/airflow/.local/lib/python3.8/site-packages/airflow/example_dags/example_external_task_marker_dag.py
[2024-05-11T21:16:32.801+0000] {processor.py:839} INFO - DAG(s) dict_keys(['example_external_task_marker_child', 'example_external_task_marker_parent']) retrieved from /home/airflow/.local/lib/python3.8/site-packages/airflow/example_dags/example_external_task_marker_dag.py
[2024-05-11T21:16:32.843+0000] {logging_mixin.py:154} INFO - [2024-05-11T21:16:32.843+0000] {dag.py:2941} INFO - Sync 2 DAGs
[2024-05-11T21:16:32.871+0000] {logging_mixin.py:154} INFO - [2024-05-11T21:16:32.871+0000] {dag.py:3722} INFO - Setting next_dagrun for example_external_task_marker_child to None, run_after=None
[2024-05-11T21:16:32.883+0000] {logging_mixin.py:154} INFO - [2024-05-11T21:16:32.883+0000] {dag.py:3722} INFO - Setting next_dagrun for example_external_task_marker_parent to None, run_after=None
[2024-05-11T21:16:32.911+0000] {processor.py:179} INFO - Processing /home/airflow/.local/lib/python3.8/site-packages/airflow/example_dags/example_external_task_marker_dag.py took 0.135 seconds
[2024-05-11T21:17:03.676+0000] {processor.py:157} INFO - Started process (PID=114) to work on /home/airflow/.local/lib/python3.8/site-packages/airflow/example_dags/example_external_task_marker_dag.py
[2024-05-11T21:17:03.677+0000] {processor.py:829} INFO - Processing file /home/airflow/.local/lib/python3.8/site-packages/airflow/example_dags/example_external_task_marker_dag.py for tasks to queue
[2024-05-11T21:17:03.679+0000] {logging_mixin.py:154} INFO - [2024-05-11T21:17:03.679+0000] {dagbag.py:536} INFO - Filling up the DagBag from /home/airflow/.local/lib/python3.8/site-packages/airflow/example_dags/example_external_task_marker_dag.py
[2024-05-11T21:17:03.684+0000] {processor.py:839} INFO - DAG(s) dict_keys(['example_external_task_marker_parent', 'example_external_task_marker_child']) retrieved from /home/airflow/.local/lib/python3.8/site-packages/airflow/example_dags/example_external_task_marker_dag.py
[2024-05-11T21:17:03.701+0000] {logging_mixin.py:154} INFO - [2024-05-11T21:17:03.701+0000] {dag.py:2941} INFO - Sync 2 DAGs
[2024-05-11T21:17:03.709+0000] {logging_mixin.py:154} INFO - [2024-05-11T21:17:03.709+0000] {dag.py:3722} INFO - Setting next_dagrun for example_external_task_marker_child to None, run_after=None
[2024-05-11T21:17:03.711+0000] {logging_mixin.py:154} INFO - [2024-05-11T21:17:03.711+0000] {dag.py:3722} INFO - Setting next_dagrun for example_external_task_marker_parent to None, run_after=None
[2024-05-11T21:17:03.720+0000] {processor.py:179} INFO - Processing /home/airflow/.local/lib/python3.8/site-packages/airflow/example_dags/example_external_task_marker_dag.py took 0.046 seconds
[2024-05-11T21:17:33.897+0000] {processor.py:157} INFO - Started process (PID=169) to work on /home/airflow/.local/lib/python3.8/site-packages/airflow/example_dags/example_external_task_marker_dag.py
[2024-05-11T21:17:33.898+0000] {processor.py:829} INFO - Processing file /home/airflow/.local/lib/python3.8/site-packages/airflow/example_dags/example_external_task_marker_dag.py for tasks to queue
[2024-05-11T21:17:33.900+0000] {logging_mixin.py:154} INFO - [2024-05-11T21:17:33.899+0000] {dagbag.py:536} INFO - Filling up the DagBag from /home/airflow/.local/lib/python3.8/site-packages/airflow/example_dags/example_external_task_marker_dag.py
[2024-05-11T21:17:33.904+0000] {processor.py:839} INFO - DAG(s) dict_keys(['example_external_task_marker_child', 'example_external_task_marker_parent']) retrieved from /home/airflow/.local/lib/python3.8/site-packages/airflow/example_dags/example_external_task_marker_dag.py
[2024-05-11T21:17:33.921+0000] {logging_mixin.py:154} INFO - [2024-05-11T21:17:33.921+0000] {dag.py:2941} INFO - Sync 2 DAGs
[2024-05-11T21:17:33.929+0000] {logging_mixin.py:154} INFO - [2024-05-11T21:17:33.929+0000] {dag.py:3722} INFO - Setting next_dagrun for example_external_task_marker_child to None, run_after=None
[2024-05-11T21:17:33.931+0000] {logging_mixin.py:154} INFO - [2024-05-11T21:17:33.931+0000] {dag.py:3722} INFO - Setting next_dagrun for example_external_task_marker_parent to None, run_after=None
[2024-05-11T21:17:33.939+0000] {processor.py:179} INFO - Processing /home/airflow/.local/lib/python3.8/site-packages/airflow/example_dags/example_external_task_marker_dag.py took 0.045 seconds
[2024-05-11T21:18:04.340+0000] {processor.py:157} INFO - Started process (PID=225) to work on /home/airflow/.local/lib/python3.8/site-packages/airflow/example_dags/example_external_task_marker_dag.py
[2024-05-11T21:18:04.341+0000] {processor.py:829} INFO - Processing file /home/airflow/.local/lib/python3.8/site-packages/airflow/example_dags/example_external_task_marker_dag.py for tasks to queue
[2024-05-11T21:18:04.343+0000] {logging_mixin.py:154} INFO - [2024-05-11T21:18:04.343+0000] {dagbag.py:536} INFO - Filling up the DagBag from /home/airflow/.local/lib/python3.8/site-packages/airflow/example_dags/example_external_task_marker_dag.py
[2024-05-11T21:18:04.348+0000] {processor.py:839} INFO - DAG(s) dict_keys(['example_external_task_marker_child', 'example_external_task_marker_parent']) retrieved from /home/airflow/.local/lib/python3.8/site-packages/airflow/example_dags/example_external_task_marker_dag.py
[2024-05-11T21:18:04.366+0000] {logging_mixin.py:154} INFO - [2024-05-11T21:18:04.366+0000] {dag.py:2941} INFO - Sync 2 DAGs
[2024-05-11T21:18:04.375+0000] {logging_mixin.py:154} INFO - [2024-05-11T21:18:04.375+0000] {dag.py:3722} INFO - Setting next_dagrun for example_external_task_marker_child to None, run_after=None
[2024-05-11T21:18:04.377+0000] {logging_mixin.py:154} INFO - [2024-05-11T21:18:04.377+0000] {dag.py:3722} INFO - Setting next_dagrun for example_external_task_marker_parent to None, run_after=None
[2024-05-11T21:18:04.387+0000] {processor.py:179} INFO - Processing /home/airflow/.local/lib/python3.8/site-packages/airflow/example_dags/example_external_task_marker_dag.py took 0.050 seconds
[2024-05-11T21:18:34.505+0000] {processor.py:157} INFO - Started process (PID=280) to work on /home/airflow/.local/lib/python3.8/site-packages/airflow/example_dags/example_external_task_marker_dag.py
[2024-05-11T21:18:34.506+0000] {processor.py:829} INFO - Processing file /home/airflow/.local/lib/python3.8/site-packages/airflow/example_dags/example_external_task_marker_dag.py for tasks to queue
[2024-05-11T21:18:34.508+0000] {logging_mixin.py:154} INFO - [2024-05-11T21:18:34.508+0000] {dagbag.py:536} INFO - Filling up the DagBag from /home/airflow/.local/lib/python3.8/site-packages/airflow/example_dags/example_external_task_marker_dag.py
[2024-05-11T21:18:34.512+0000] {processor.py:839} INFO - DAG(s) dict_keys(['example_external_task_marker_parent', 'example_external_task_marker_child']) retrieved from /home/airflow/.local/lib/python3.8/site-packages/airflow/example_dags/example_external_task_marker_dag.py
[2024-05-11T21:18:34.531+0000] {logging_mixin.py:154} INFO - [2024-05-11T21:18:34.531+0000] {dag.py:2941} INFO - Sync 2 DAGs
[2024-05-11T21:18:34.540+0000] {logging_mixin.py:154} INFO - [2024-05-11T21:18:34.539+0000] {dag.py:3722} INFO - Setting next_dagrun for example_external_task_marker_child to None, run_after=None
[2024-05-11T21:18:34.542+0000] {logging_mixin.py:154} INFO - [2024-05-11T21:18:34.542+0000] {dag.py:3722} INFO - Setting next_dagrun for example_external_task_marker_parent to None, run_after=None
[2024-05-11T21:18:34.552+0000] {processor.py:179} INFO - Processing /home/airflow/.local/lib/python3.8/site-packages/airflow/example_dags/example_external_task_marker_dag.py took 0.050 seconds
[2024-05-11T21:19:04.775+0000] {processor.py:157} INFO - Started process (PID=335) to work on /home/airflow/.local/lib/python3.8/site-packages/airflow/example_dags/example_external_task_marker_dag.py
[2024-05-11T21:19:04.777+0000] {processor.py:829} INFO - Processing file /home/airflow/.local/lib/python3.8/site-packages/airflow/example_dags/example_external_task_marker_dag.py for tasks to queue
[2024-05-11T21:19:04.779+0000] {logging_mixin.py:154} INFO - [2024-05-11T21:19:04.778+0000] {dagbag.py:536} INFO - Filling up the DagBag from /home/airflow/.local/lib/python3.8/site-packages/airflow/example_dags/example_external_task_marker_dag.py
[2024-05-11T21:19:04.783+0000] {processor.py:839} INFO - DAG(s) dict_keys(['example_external_task_marker_parent', 'example_external_task_marker_child']) retrieved from /home/airflow/.local/lib/python3.8/site-packages/airflow/example_dags/example_external_task_marker_dag.py
[2024-05-11T21:19:04.801+0000] {logging_mixin.py:154} INFO - [2024-05-11T21:19:04.801+0000] {dag.py:2941} INFO - Sync 2 DAGs
[2024-05-11T21:19:04.809+0000] {logging_mixin.py:154} INFO - [2024-05-11T21:19:04.809+0000] {dag.py:3722} INFO - Setting next_dagrun for example_external_task_marker_child to None, run_after=None
[2024-05-11T21:19:04.812+0000] {logging_mixin.py:154} INFO - [2024-05-11T21:19:04.812+0000] {dag.py:3722} INFO - Setting next_dagrun for example_external_task_marker_parent to None, run_after=None
[2024-05-11T21:19:04.820+0000] {processor.py:179} INFO - Processing /home/airflow/.local/lib/python3.8/site-packages/airflow/example_dags/example_external_task_marker_dag.py took 0.048 seconds
[2024-05-11T21:19:35.162+0000] {processor.py:157} INFO - Started process (PID=390) to work on /home/airflow/.local/lib/python3.8/site-packages/airflow/example_dags/example_external_task_marker_dag.py
[2024-05-11T21:19:35.164+0000] {processor.py:829} INFO - Processing file /home/airflow/.local/lib/python3.8/site-packages/airflow/example_dags/example_external_task_marker_dag.py for tasks to queue
[2024-05-11T21:19:35.166+0000] {logging_mixin.py:154} INFO - [2024-05-11T21:19:35.166+0000] {dagbag.py:536} INFO - Filling up the DagBag from /home/airflow/.local/lib/python3.8/site-packages/airflow/example_dags/example_external_task_marker_dag.py
[2024-05-11T21:19:35.171+0000] {processor.py:839} INFO - DAG(s) dict_keys(['example_external_task_marker_child', 'example_external_task_marker_parent']) retrieved from /home/airflow/.local/lib/python3.8/site-packages/airflow/example_dags/example_external_task_marker_dag.py
[2024-05-11T21:19:35.188+0000] {logging_mixin.py:154} INFO - [2024-05-11T21:19:35.188+0000] {dag.py:2941} INFO - Sync 2 DAGs
[2024-05-11T21:19:35.196+0000] {logging_mixin.py:154} INFO - [2024-05-11T21:19:35.196+0000] {dag.py:3722} INFO - Setting next_dagrun for example_external_task_marker_child to None, run_after=None
[2024-05-11T21:19:35.199+0000] {logging_mixin.py:154} INFO - [2024-05-11T21:19:35.199+0000] {dag.py:3722} INFO - Setting next_dagrun for example_external_task_marker_parent to None, run_after=None
[2024-05-11T21:19:35.208+0000] {processor.py:179} INFO - Processing /home/airflow/.local/lib/python3.8/site-packages/airflow/example_dags/example_external_task_marker_dag.py took 0.048 seconds
[2024-05-11T21:20:05.563+0000] {processor.py:157} INFO - Started process (PID=445) to work on /home/airflow/.local/lib/python3.8/site-packages/airflow/example_dags/example_external_task_marker_dag.py
[2024-05-11T21:20:05.565+0000] {processor.py:829} INFO - Processing file /home/airflow/.local/lib/python3.8/site-packages/airflow/example_dags/example_external_task_marker_dag.py for tasks to queue
[2024-05-11T21:20:05.567+0000] {logging_mixin.py:154} INFO - [2024-05-11T21:20:05.566+0000] {dagbag.py:536} INFO - Filling up the DagBag from /home/airflow/.local/lib/python3.8/site-packages/airflow/example_dags/example_external_task_marker_dag.py
[2024-05-11T21:20:05.574+0000] {processor.py:839} INFO - DAG(s) dict_keys(['example_external_task_marker_child', 'example_external_task_marker_parent']) retrieved from /home/airflow/.local/lib/python3.8/site-packages/airflow/example_dags/example_external_task_marker_dag.py
[2024-05-11T21:20:05.593+0000] {logging_mixin.py:154} INFO - [2024-05-11T21:20:05.592+0000] {dag.py:2941} INFO - Sync 2 DAGs
[2024-05-11T21:20:05.601+0000] {logging_mixin.py:154} INFO - [2024-05-11T21:20:05.601+0000] {dag.py:3722} INFO - Setting next_dagrun for example_external_task_marker_child to None, run_after=None
[2024-05-11T21:20:05.603+0000] {logging_mixin.py:154} INFO - [2024-05-11T21:20:05.603+0000] {dag.py:3722} INFO - Setting next_dagrun for example_external_task_marker_parent to None, run_after=None
[2024-05-11T21:20:05.612+0000] {processor.py:179} INFO - Processing /home/airflow/.local/lib/python3.8/site-packages/airflow/example_dags/example_external_task_marker_dag.py took 0.052 seconds
[2024-05-11T21:20:35.736+0000] {processor.py:157} INFO - Started process (PID=500) to work on /home/airflow/.local/lib/python3.8/site-packages/airflow/example_dags/example_external_task_marker_dag.py
[2024-05-11T21:20:35.737+0000] {processor.py:829} INFO - Processing file /home/airflow/.local/lib/python3.8/site-packages/airflow/example_dags/example_external_task_marker_dag.py for tasks to queue
[2024-05-11T21:20:35.739+0000] {logging_mixin.py:154} INFO - [2024-05-11T21:20:35.739+0000] {dagbag.py:536} INFO - Filling up the DagBag from /home/airflow/.local/lib/python3.8/site-packages/airflow/example_dags/example_external_task_marker_dag.py
[2024-05-11T21:20:35.744+0000] {processor.py:839} INFO - DAG(s) dict_keys(['example_external_task_marker_child', 'example_external_task_marker_parent']) retrieved from /home/airflow/.local/lib/python3.8/site-packages/airflow/example_dags/example_external_task_marker_dag.py
[2024-05-11T21:20:35.761+0000] {logging_mixin.py:154} INFO - [2024-05-11T21:20:35.761+0000] {dag.py:2941} INFO - Sync 2 DAGs
[2024-05-11T21:20:35.770+0000] {logging_mixin.py:154} INFO - [2024-05-11T21:20:35.770+0000] {dag.py:3722} INFO - Setting next_dagrun for example_external_task_marker_child to None, run_after=None
[2024-05-11T21:20:35.772+0000] {logging_mixin.py:154} INFO - [2024-05-11T21:20:35.772+0000] {dag.py:3722} INFO - Setting next_dagrun for example_external_task_marker_parent to None, run_after=None
[2024-05-11T21:20:35.781+0000] {processor.py:179} INFO - Processing /home/airflow/.local/lib/python3.8/site-packages/airflow/example_dags/example_external_task_marker_dag.py took 0.047 seconds
[2024-05-11T21:21:05.895+0000] {processor.py:157} INFO - Started process (PID=555) to work on /home/airflow/.local/lib/python3.8/site-packages/airflow/example_dags/example_external_task_marker_dag.py
[2024-05-11T21:21:05.897+0000] {processor.py:829} INFO - Processing file /home/airflow/.local/lib/python3.8/site-packages/airflow/example_dags/example_external_task_marker_dag.py for tasks to queue
[2024-05-11T21:21:05.899+0000] {logging_mixin.py:154} INFO - [2024-05-11T21:21:05.898+0000] {dagbag.py:536} INFO - Filling up the DagBag from /home/airflow/.local/lib/python3.8/site-packages/airflow/example_dags/example_external_task_marker_dag.py
[2024-05-11T21:21:05.903+0000] {processor.py:839} INFO - DAG(s) dict_keys(['example_external_task_marker_parent', 'example_external_task_marker_child']) retrieved from /home/airflow/.local/lib/python3.8/site-packages/airflow/example_dags/example_external_task_marker_dag.py
[2024-05-11T21:21:05.921+0000] {logging_mixin.py:154} INFO - [2024-05-11T21:21:05.921+0000] {dag.py:2941} INFO - Sync 2 DAGs
[2024-05-11T21:21:05.929+0000] {logging_mixin.py:154} INFO - [2024-05-11T21:21:05.929+0000] {dag.py:3722} INFO - Setting next_dagrun for example_external_task_marker_child to None, run_after=None
[2024-05-11T21:21:05.931+0000] {logging_mixin.py:154} INFO - [2024-05-11T21:21:05.931+0000] {dag.py:3722} INFO - Setting next_dagrun for example_external_task_marker_parent to None, run_after=None
[2024-05-11T21:21:05.941+0000] {processor.py:179} INFO - Processing /home/airflow/.local/lib/python3.8/site-packages/airflow/example_dags/example_external_task_marker_dag.py took 0.048 seconds
[2024-05-11T21:21:36.400+0000] {processor.py:157} INFO - Started process (PID=610) to work on /home/airflow/.local/lib/python3.8/site-packages/airflow/example_dags/example_external_task_marker_dag.py
[2024-05-11T21:21:36.401+0000] {processor.py:829} INFO - Processing file /home/airflow/.local/lib/python3.8/site-packages/airflow/example_dags/example_external_task_marker_dag.py for tasks to queue
[2024-05-11T21:21:36.403+0000] {logging_mixin.py:154} INFO - [2024-05-11T21:21:36.403+0000] {dagbag.py:536} INFO - Filling up the DagBag from /home/airflow/.local/lib/python3.8/site-packages/airflow/example_dags/example_external_task_marker_dag.py
[2024-05-11T21:21:36.408+0000] {processor.py:839} INFO - DAG(s) dict_keys(['example_external_task_marker_parent', 'example_external_task_marker_child']) retrieved from /home/airflow/.local/lib/python3.8/site-packages/airflow/example_dags/example_external_task_marker_dag.py
[2024-05-11T21:21:36.426+0000] {logging_mixin.py:154} INFO - [2024-05-11T21:21:36.426+0000] {dag.py:2941} INFO - Sync 2 DAGs
[2024-05-11T21:21:36.434+0000] {logging_mixin.py:154} INFO - [2024-05-11T21:21:36.434+0000] {dag.py:3722} INFO - Setting next_dagrun for example_external_task_marker_child to None, run_after=None
[2024-05-11T21:21:36.437+0000] {logging_mixin.py:154} INFO - [2024-05-11T21:21:36.437+0000] {dag.py:3722} INFO - Setting next_dagrun for example_external_task_marker_parent to None, run_after=None
[2024-05-11T21:21:36.447+0000] {processor.py:179} INFO - Processing /home/airflow/.local/lib/python3.8/site-packages/airflow/example_dags/example_external_task_marker_dag.py took 0.049 seconds
[2024-05-11T21:42:07.995+0000] {processor.py:157} INFO - Started process (PID=68) to work on /home/airflow/.local/lib/python3.8/site-packages/airflow/example_dags/example_external_task_marker_dag.py
[2024-05-11T21:42:08.002+0000] {processor.py:829} INFO - Processing file /home/airflow/.local/lib/python3.8/site-packages/airflow/example_dags/example_external_task_marker_dag.py for tasks to queue
[2024-05-11T21:42:08.007+0000] {logging_mixin.py:154} INFO - [2024-05-11T21:42:08.006+0000] {dagbag.py:536} INFO - Filling up the DagBag from /home/airflow/.local/lib/python3.8/site-packages/airflow/example_dags/example_external_task_marker_dag.py
[2024-05-11T21:42:08.016+0000] {processor.py:839} INFO - DAG(s) dict_keys(['example_external_task_marker_child', 'example_external_task_marker_parent']) retrieved from /home/airflow/.local/lib/python3.8/site-packages/airflow/example_dags/example_external_task_marker_dag.py
[2024-05-11T21:42:08.252+0000] {logging_mixin.py:154} INFO - [2024-05-11T21:42:08.252+0000] {manager.py:499} INFO - Created Permission View: %s
[2024-05-11T21:42:08.270+0000] {logging_mixin.py:154} INFO - [2024-05-11T21:42:08.270+0000] {manager.py:499} INFO - Created Permission View: %s
[2024-05-11T21:42:08.292+0000] {logging_mixin.py:154} INFO - [2024-05-11T21:42:08.292+0000] {manager.py:499} INFO - Created Permission View: %s
[2024-05-11T21:42:08.312+0000] {logging_mixin.py:154} INFO - [2024-05-11T21:42:08.311+0000] {manager.py:499} INFO - Created Permission View: %s
[2024-05-11T21:42:08.321+0000] {logging_mixin.py:154} INFO - [2024-05-11T21:42:08.321+0000] {manager.py:499} INFO - Created Permission View: %s
[2024-05-11T21:42:08.334+0000] {logging_mixin.py:154} INFO - [2024-05-11T21:42:08.334+0000] {manager.py:499} INFO - Created Permission View: %s
[2024-05-11T21:42:08.335+0000] {logging_mixin.py:154} INFO - [2024-05-11T21:42:08.335+0000] {dag.py:2941} INFO - Sync 2 DAGs
[2024-05-11T21:42:08.346+0000] {logging_mixin.py:154} INFO - [2024-05-11T21:42:08.346+0000] {dag.py:2963} INFO - Creating ORM DAG for example_external_task_marker_child
[2024-05-11T21:42:08.348+0000] {logging_mixin.py:154} INFO - [2024-05-11T21:42:08.348+0000] {dag.py:2963} INFO - Creating ORM DAG for example_external_task_marker_parent
[2024-05-11T21:42:08.350+0000] {logging_mixin.py:154} INFO - [2024-05-11T21:42:08.350+0000] {dag.py:3722} INFO - Setting next_dagrun for example_external_task_marker_child to None, run_after=None
[2024-05-11T21:42:08.353+0000] {logging_mixin.py:154} INFO - [2024-05-11T21:42:08.352+0000] {dag.py:3722} INFO - Setting next_dagrun for example_external_task_marker_parent to None, run_after=None
[2024-05-11T21:42:08.390+0000] {processor.py:179} INFO - Processing /home/airflow/.local/lib/python3.8/site-packages/airflow/example_dags/example_external_task_marker_dag.py took 0.398 seconds
[2024-05-11T21:42:38.604+0000] {processor.py:157} INFO - Started process (PID=123) to work on /home/airflow/.local/lib/python3.8/site-packages/airflow/example_dags/example_external_task_marker_dag.py
[2024-05-11T21:42:38.606+0000] {processor.py:829} INFO - Processing file /home/airflow/.local/lib/python3.8/site-packages/airflow/example_dags/example_external_task_marker_dag.py for tasks to queue
[2024-05-11T21:42:38.609+0000] {logging_mixin.py:154} INFO - [2024-05-11T21:42:38.608+0000] {dagbag.py:536} INFO - Filling up the DagBag from /home/airflow/.local/lib/python3.8/site-packages/airflow/example_dags/example_external_task_marker_dag.py
[2024-05-11T21:42:38.614+0000] {processor.py:839} INFO - DAG(s) dict_keys(['example_external_task_marker_child', 'example_external_task_marker_parent']) retrieved from /home/airflow/.local/lib/python3.8/site-packages/airflow/example_dags/example_external_task_marker_dag.py
[2024-05-11T21:42:38.640+0000] {logging_mixin.py:154} INFO - [2024-05-11T21:42:38.640+0000] {dag.py:2941} INFO - Sync 2 DAGs
[2024-05-11T21:42:38.651+0000] {logging_mixin.py:154} INFO - [2024-05-11T21:42:38.651+0000] {dag.py:3722} INFO - Setting next_dagrun for example_external_task_marker_child to None, run_after=None
[2024-05-11T21:42:38.655+0000] {logging_mixin.py:154} INFO - [2024-05-11T21:42:38.655+0000] {dag.py:3722} INFO - Setting next_dagrun for example_external_task_marker_parent to None, run_after=None
[2024-05-11T21:42:38.670+0000] {processor.py:179} INFO - Processing /home/airflow/.local/lib/python3.8/site-packages/airflow/example_dags/example_external_task_marker_dag.py took 0.068 seconds
[2024-05-11T21:43:08.801+0000] {processor.py:157} INFO - Started process (PID=178) to work on /home/airflow/.local/lib/python3.8/site-packages/airflow/example_dags/example_external_task_marker_dag.py
[2024-05-11T21:43:08.803+0000] {processor.py:829} INFO - Processing file /home/airflow/.local/lib/python3.8/site-packages/airflow/example_dags/example_external_task_marker_dag.py for tasks to queue
[2024-05-11T21:43:08.807+0000] {logging_mixin.py:154} INFO - [2024-05-11T21:43:08.806+0000] {dagbag.py:536} INFO - Filling up the DagBag from /home/airflow/.local/lib/python3.8/site-packages/airflow/example_dags/example_external_task_marker_dag.py
[2024-05-11T21:43:08.814+0000] {processor.py:839} INFO - DAG(s) dict_keys(['example_external_task_marker_child', 'example_external_task_marker_parent']) retrieved from /home/airflow/.local/lib/python3.8/site-packages/airflow/example_dags/example_external_task_marker_dag.py
[2024-05-11T21:43:08.846+0000] {logging_mixin.py:154} INFO - [2024-05-11T21:43:08.846+0000] {dag.py:2941} INFO - Sync 2 DAGs
[2024-05-11T21:43:08.858+0000] {logging_mixin.py:154} INFO - [2024-05-11T21:43:08.858+0000] {dag.py:3722} INFO - Setting next_dagrun for example_external_task_marker_child to None, run_after=None
[2024-05-11T21:43:08.862+0000] {logging_mixin.py:154} INFO - [2024-05-11T21:43:08.862+0000] {dag.py:3722} INFO - Setting next_dagrun for example_external_task_marker_parent to None, run_after=None
[2024-05-11T21:43:08.876+0000] {processor.py:179} INFO - Processing /home/airflow/.local/lib/python3.8/site-packages/airflow/example_dags/example_external_task_marker_dag.py took 0.078 seconds
[2024-05-11T21:43:39.464+0000] {processor.py:157} INFO - Started process (PID=233) to work on /home/airflow/.local/lib/python3.8/site-packages/airflow/example_dags/example_external_task_marker_dag.py
[2024-05-11T21:43:39.466+0000] {processor.py:829} INFO - Processing file /home/airflow/.local/lib/python3.8/site-packages/airflow/example_dags/example_external_task_marker_dag.py for tasks to queue
[2024-05-11T21:43:39.470+0000] {logging_mixin.py:154} INFO - [2024-05-11T21:43:39.469+0000] {dagbag.py:536} INFO - Filling up the DagBag from /home/airflow/.local/lib/python3.8/site-packages/airflow/example_dags/example_external_task_marker_dag.py
[2024-05-11T21:43:39.476+0000] {processor.py:839} INFO - DAG(s) dict_keys(['example_external_task_marker_parent', 'example_external_task_marker_child']) retrieved from /home/airflow/.local/lib/python3.8/site-packages/airflow/example_dags/example_external_task_marker_dag.py
[2024-05-11T21:43:39.520+0000] {logging_mixin.py:154} INFO - [2024-05-11T21:43:39.520+0000] {dag.py:2941} INFO - Sync 2 DAGs
[2024-05-11T21:43:39.535+0000] {logging_mixin.py:154} INFO - [2024-05-11T21:43:39.534+0000] {dag.py:3722} INFO - Setting next_dagrun for example_external_task_marker_child to None, run_after=None
[2024-05-11T21:43:39.538+0000] {logging_mixin.py:154} INFO - [2024-05-11T21:43:39.538+0000] {dag.py:3722} INFO - Setting next_dagrun for example_external_task_marker_parent to None, run_after=None
[2024-05-11T21:43:39.558+0000] {processor.py:179} INFO - Processing /home/airflow/.local/lib/python3.8/site-packages/airflow/example_dags/example_external_task_marker_dag.py took 0.098 seconds
[2024-05-11T21:44:10.126+0000] {processor.py:157} INFO - Started process (PID=288) to work on /home/airflow/.local/lib/python3.8/site-packages/airflow/example_dags/example_external_task_marker_dag.py
[2024-05-11T21:44:10.128+0000] {processor.py:829} INFO - Processing file /home/airflow/.local/lib/python3.8/site-packages/airflow/example_dags/example_external_task_marker_dag.py for tasks to queue
[2024-05-11T21:44:10.133+0000] {logging_mixin.py:154} INFO - [2024-05-11T21:44:10.132+0000] {dagbag.py:536} INFO - Filling up the DagBag from /home/airflow/.local/lib/python3.8/site-packages/airflow/example_dags/example_external_task_marker_dag.py
[2024-05-11T21:44:10.139+0000] {processor.py:839} INFO - DAG(s) dict_keys(['example_external_task_marker_parent', 'example_external_task_marker_child']) retrieved from /home/airflow/.local/lib/python3.8/site-packages/airflow/example_dags/example_external_task_marker_dag.py
[2024-05-11T21:44:10.163+0000] {logging_mixin.py:154} INFO - [2024-05-11T21:44:10.163+0000] {dag.py:2941} INFO - Sync 2 DAGs
[2024-05-11T21:44:10.174+0000] {logging_mixin.py:154} INFO - [2024-05-11T21:44:10.174+0000] {dag.py:3722} INFO - Setting next_dagrun for example_external_task_marker_child to None, run_after=None
[2024-05-11T21:44:10.180+0000] {logging_mixin.py:154} INFO - [2024-05-11T21:44:10.179+0000] {dag.py:3722} INFO - Setting next_dagrun for example_external_task_marker_parent to None, run_after=None
[2024-05-11T21:44:10.200+0000] {processor.py:179} INFO - Processing /home/airflow/.local/lib/python3.8/site-packages/airflow/example_dags/example_external_task_marker_dag.py took 0.078 seconds
[2024-05-11T21:44:40.596+0000] {processor.py:157} INFO - Started process (PID=343) to work on /home/airflow/.local/lib/python3.8/site-packages/airflow/example_dags/example_external_task_marker_dag.py
[2024-05-11T21:44:40.598+0000] {processor.py:829} INFO - Processing file /home/airflow/.local/lib/python3.8/site-packages/airflow/example_dags/example_external_task_marker_dag.py for tasks to queue
[2024-05-11T21:44:40.601+0000] {logging_mixin.py:154} INFO - [2024-05-11T21:44:40.600+0000] {dagbag.py:536} INFO - Filling up the DagBag from /home/airflow/.local/lib/python3.8/site-packages/airflow/example_dags/example_external_task_marker_dag.py
[2024-05-11T21:44:40.606+0000] {processor.py:839} INFO - DAG(s) dict_keys(['example_external_task_marker_parent', 'example_external_task_marker_child']) retrieved from /home/airflow/.local/lib/python3.8/site-packages/airflow/example_dags/example_external_task_marker_dag.py
[2024-05-11T21:44:40.631+0000] {logging_mixin.py:154} INFO - [2024-05-11T21:44:40.631+0000] {dag.py:2941} INFO - Sync 2 DAGs
[2024-05-11T21:44:40.641+0000] {logging_mixin.py:154} INFO - [2024-05-11T21:44:40.641+0000] {dag.py:3722} INFO - Setting next_dagrun for example_external_task_marker_child to None, run_after=None
[2024-05-11T21:44:40.645+0000] {logging_mixin.py:154} INFO - [2024-05-11T21:44:40.645+0000] {dag.py:3722} INFO - Setting next_dagrun for example_external_task_marker_parent to None, run_after=None
[2024-05-11T21:44:40.657+0000] {processor.py:179} INFO - Processing /home/airflow/.local/lib/python3.8/site-packages/airflow/example_dags/example_external_task_marker_dag.py took 0.064 seconds
[2024-05-11T21:45:11.274+0000] {processor.py:157} INFO - Started process (PID=398) to work on /home/airflow/.local/lib/python3.8/site-packages/airflow/example_dags/example_external_task_marker_dag.py
[2024-05-11T21:45:11.275+0000] {processor.py:829} INFO - Processing file /home/airflow/.local/lib/python3.8/site-packages/airflow/example_dags/example_external_task_marker_dag.py for tasks to queue
[2024-05-11T21:45:11.279+0000] {logging_mixin.py:154} INFO - [2024-05-11T21:45:11.278+0000] {dagbag.py:536} INFO - Filling up the DagBag from /home/airflow/.local/lib/python3.8/site-packages/airflow/example_dags/example_external_task_marker_dag.py
[2024-05-11T21:45:11.284+0000] {processor.py:839} INFO - DAG(s) dict_keys(['example_external_task_marker_parent', 'example_external_task_marker_child']) retrieved from /home/airflow/.local/lib/python3.8/site-packages/airflow/example_dags/example_external_task_marker_dag.py
[2024-05-11T21:45:11.309+0000] {logging_mixin.py:154} INFO - [2024-05-11T21:45:11.309+0000] {dag.py:2941} INFO - Sync 2 DAGs
[2024-05-11T21:45:11.320+0000] {logging_mixin.py:154} INFO - [2024-05-11T21:45:11.320+0000] {dag.py:3722} INFO - Setting next_dagrun for example_external_task_marker_child to None, run_after=None
[2024-05-11T21:45:11.323+0000] {logging_mixin.py:154} INFO - [2024-05-11T21:45:11.323+0000] {dag.py:3722} INFO - Setting next_dagrun for example_external_task_marker_parent to None, run_after=None
[2024-05-11T21:45:11.337+0000] {processor.py:179} INFO - Processing /home/airflow/.local/lib/python3.8/site-packages/airflow/example_dags/example_external_task_marker_dag.py took 0.067 seconds
[2024-05-11T21:45:41.909+0000] {processor.py:157} INFO - Started process (PID=454) to work on /home/airflow/.local/lib/python3.8/site-packages/airflow/example_dags/example_external_task_marker_dag.py
[2024-05-11T21:45:41.910+0000] {processor.py:829} INFO - Processing file /home/airflow/.local/lib/python3.8/site-packages/airflow/example_dags/example_external_task_marker_dag.py for tasks to queue
[2024-05-11T21:45:41.915+0000] {logging_mixin.py:154} INFO - [2024-05-11T21:45:41.915+0000] {dagbag.py:536} INFO - Filling up the DagBag from /home/airflow/.local/lib/python3.8/site-packages/airflow/example_dags/example_external_task_marker_dag.py
[2024-05-11T21:45:41.923+0000] {processor.py:839} INFO - DAG(s) dict_keys(['example_external_task_marker_child', 'example_external_task_marker_parent']) retrieved from /home/airflow/.local/lib/python3.8/site-packages/airflow/example_dags/example_external_task_marker_dag.py
[2024-05-11T21:45:41.956+0000] {logging_mixin.py:154} INFO - [2024-05-11T21:45:41.956+0000] {dag.py:2941} INFO - Sync 2 DAGs
[2024-05-11T21:45:41.967+0000] {logging_mixin.py:154} INFO - [2024-05-11T21:45:41.967+0000] {dag.py:3722} INFO - Setting next_dagrun for example_external_task_marker_child to None, run_after=None
[2024-05-11T21:45:41.971+0000] {logging_mixin.py:154} INFO - [2024-05-11T21:45:41.971+0000] {dag.py:3722} INFO - Setting next_dagrun for example_external_task_marker_parent to None, run_after=None
[2024-05-11T21:45:41.988+0000] {processor.py:179} INFO - Processing /home/airflow/.local/lib/python3.8/site-packages/airflow/example_dags/example_external_task_marker_dag.py took 0.082 seconds
[2024-05-11T21:46:12.647+0000] {processor.py:157} INFO - Started process (PID=509) to work on /home/airflow/.local/lib/python3.8/site-packages/airflow/example_dags/example_external_task_marker_dag.py
[2024-05-11T21:46:12.649+0000] {processor.py:829} INFO - Processing file /home/airflow/.local/lib/python3.8/site-packages/airflow/example_dags/example_external_task_marker_dag.py for tasks to queue
[2024-05-11T21:46:12.653+0000] {logging_mixin.py:154} INFO - [2024-05-11T21:46:12.652+0000] {dagbag.py:536} INFO - Filling up the DagBag from /home/airflow/.local/lib/python3.8/site-packages/airflow/example_dags/example_external_task_marker_dag.py
[2024-05-11T21:46:12.660+0000] {processor.py:839} INFO - DAG(s) dict_keys(['example_external_task_marker_child', 'example_external_task_marker_parent']) retrieved from /home/airflow/.local/lib/python3.8/site-packages/airflow/example_dags/example_external_task_marker_dag.py
[2024-05-11T21:46:12.687+0000] {logging_mixin.py:154} INFO - [2024-05-11T21:46:12.687+0000] {dag.py:2941} INFO - Sync 2 DAGs
[2024-05-11T21:46:12.698+0000] {logging_mixin.py:154} INFO - [2024-05-11T21:46:12.698+0000] {dag.py:3722} INFO - Setting next_dagrun for example_external_task_marker_child to None, run_after=None
[2024-05-11T21:46:12.702+0000] {logging_mixin.py:154} INFO - [2024-05-11T21:46:12.701+0000] {dag.py:3722} INFO - Setting next_dagrun for example_external_task_marker_parent to None, run_after=None
[2024-05-11T21:46:12.715+0000] {processor.py:179} INFO - Processing /home/airflow/.local/lib/python3.8/site-packages/airflow/example_dags/example_external_task_marker_dag.py took 0.072 seconds
[2024-05-11T21:46:43.211+0000] {processor.py:157} INFO - Started process (PID=564) to work on /home/airflow/.local/lib/python3.8/site-packages/airflow/example_dags/example_external_task_marker_dag.py
[2024-05-11T21:46:43.213+0000] {processor.py:829} INFO - Processing file /home/airflow/.local/lib/python3.8/site-packages/airflow/example_dags/example_external_task_marker_dag.py for tasks to queue
[2024-05-11T21:46:43.216+0000] {logging_mixin.py:154} INFO - [2024-05-11T21:46:43.216+0000] {dagbag.py:536} INFO - Filling up the DagBag from /home/airflow/.local/lib/python3.8/site-packages/airflow/example_dags/example_external_task_marker_dag.py
[2024-05-11T21:46:43.223+0000] {processor.py:839} INFO - DAG(s) dict_keys(['example_external_task_marker_parent', 'example_external_task_marker_child']) retrieved from /home/airflow/.local/lib/python3.8/site-packages/airflow/example_dags/example_external_task_marker_dag.py
[2024-05-11T21:46:43.250+0000] {logging_mixin.py:154} INFO - [2024-05-11T21:46:43.250+0000] {dag.py:2941} INFO - Sync 2 DAGs
[2024-05-11T21:46:43.262+0000] {logging_mixin.py:154} INFO - [2024-05-11T21:46:43.262+0000] {dag.py:3722} INFO - Setting next_dagrun for example_external_task_marker_child to None, run_after=None
[2024-05-11T21:46:43.266+0000] {logging_mixin.py:154} INFO - [2024-05-11T21:46:43.265+0000] {dag.py:3722} INFO - Setting next_dagrun for example_external_task_marker_parent to None, run_after=None
[2024-05-11T21:46:43.279+0000] {processor.py:179} INFO - Processing /home/airflow/.local/lib/python3.8/site-packages/airflow/example_dags/example_external_task_marker_dag.py took 0.071 seconds
