[2024-05-11T21:03:19.165+0000] {processor.py:157} INFO - Started process (PID=46) to work on /home/airflow/.local/lib/python3.8/site-packages/airflow/example_dags/example_task_group_decorator.py
[2024-05-11T21:03:19.167+0000] {processor.py:829} INFO - Processing file /home/airflow/.local/lib/python3.8/site-packages/airflow/example_dags/example_task_group_decorator.py for tasks to queue
[2024-05-11T21:03:19.170+0000] {logging_mixin.py:154} INFO - [2024-05-11T21:03:19.169+0000] {dagbag.py:536} INFO - Filling up the DagBag from /home/airflow/.local/lib/python3.8/site-packages/airflow/example_dags/example_task_group_decorator.py
[2024-05-11T21:03:19.185+0000] {processor.py:839} INFO - DAG(s) dict_keys(['example_task_group_decorator']) retrieved from /home/airflow/.local/lib/python3.8/site-packages/airflow/example_dags/example_task_group_decorator.py
[2024-05-11T21:03:19.316+0000] {logging_mixin.py:154} INFO - [2024-05-11T21:03:19.316+0000] {manager.py:499} INFO - Created Permission View: %s
[2024-05-11T21:03:19.333+0000] {logging_mixin.py:154} INFO - [2024-05-11T21:03:19.333+0000] {manager.py:499} INFO - Created Permission View: %s
[2024-05-11T21:03:19.357+0000] {logging_mixin.py:154} INFO - [2024-05-11T21:03:19.357+0000] {manager.py:499} INFO - Created Permission View: %s
[2024-05-11T21:03:19.358+0000] {logging_mixin.py:154} INFO - [2024-05-11T21:03:19.358+0000] {dag.py:2941} INFO - Sync 1 DAGs
[2024-05-11T21:03:19.371+0000] {logging_mixin.py:154} INFO - [2024-05-11T21:03:19.371+0000] {dag.py:2963} INFO - Creating ORM DAG for example_task_group_decorator
[2024-05-11T21:03:19.379+0000] {logging_mixin.py:154} INFO - [2024-05-11T21:03:19.379+0000] {dag.py:3722} INFO - Setting next_dagrun for example_task_group_decorator to 2024-05-10T21:03:19.378944+00:00, run_after=2024-05-11T21:03:19.378944+00:00
[2024-05-11T21:03:19.421+0000] {processor.py:179} INFO - Processing /home/airflow/.local/lib/python3.8/site-packages/airflow/example_dags/example_task_group_decorator.py took 0.259 seconds
[2024-05-11T21:03:50.064+0000] {processor.py:157} INFO - Started process (PID=101) to work on /home/airflow/.local/lib/python3.8/site-packages/airflow/example_dags/example_task_group_decorator.py
[2024-05-11T21:03:50.066+0000] {processor.py:829} INFO - Processing file /home/airflow/.local/lib/python3.8/site-packages/airflow/example_dags/example_task_group_decorator.py for tasks to queue
[2024-05-11T21:03:50.067+0000] {logging_mixin.py:154} INFO - [2024-05-11T21:03:50.067+0000] {dagbag.py:536} INFO - Filling up the DagBag from /home/airflow/.local/lib/python3.8/site-packages/airflow/example_dags/example_task_group_decorator.py
[2024-05-11T21:03:50.077+0000] {processor.py:839} INFO - DAG(s) dict_keys(['example_task_group_decorator']) retrieved from /home/airflow/.local/lib/python3.8/site-packages/airflow/example_dags/example_task_group_decorator.py
[2024-05-11T21:03:50.095+0000] {logging_mixin.py:154} INFO - [2024-05-11T21:03:50.095+0000] {dag.py:2941} INFO - Sync 1 DAGs
[2024-05-11T21:03:50.107+0000] {logging_mixin.py:154} INFO - [2024-05-11T21:03:50.107+0000] {dag.py:3722} INFO - Setting next_dagrun for example_task_group_decorator to 2024-05-10T21:03:50.107560+00:00, run_after=2024-05-11T21:03:50.107560+00:00
[2024-05-11T21:03:50.117+0000] {processor.py:179} INFO - Processing /home/airflow/.local/lib/python3.8/site-packages/airflow/example_dags/example_task_group_decorator.py took 0.055 seconds
[2024-05-11T21:04:20.503+0000] {processor.py:157} INFO - Started process (PID=155) to work on /home/airflow/.local/lib/python3.8/site-packages/airflow/example_dags/example_task_group_decorator.py
[2024-05-11T21:04:20.505+0000] {processor.py:829} INFO - Processing file /home/airflow/.local/lib/python3.8/site-packages/airflow/example_dags/example_task_group_decorator.py for tasks to queue
[2024-05-11T21:04:20.507+0000] {logging_mixin.py:154} INFO - [2024-05-11T21:04:20.507+0000] {dagbag.py:536} INFO - Filling up the DagBag from /home/airflow/.local/lib/python3.8/site-packages/airflow/example_dags/example_task_group_decorator.py
[2024-05-11T21:04:20.517+0000] {processor.py:839} INFO - DAG(s) dict_keys(['example_task_group_decorator']) retrieved from /home/airflow/.local/lib/python3.8/site-packages/airflow/example_dags/example_task_group_decorator.py
[2024-05-11T21:04:20.536+0000] {logging_mixin.py:154} INFO - [2024-05-11T21:04:20.535+0000] {dag.py:2941} INFO - Sync 1 DAGs
[2024-05-11T21:04:20.549+0000] {logging_mixin.py:154} INFO - [2024-05-11T21:04:20.549+0000] {dag.py:3722} INFO - Setting next_dagrun for example_task_group_decorator to 2024-05-10T21:04:20.549009+00:00, run_after=2024-05-11T21:04:20.549009+00:00
[2024-05-11T21:04:20.559+0000] {processor.py:179} INFO - Processing /home/airflow/.local/lib/python3.8/site-packages/airflow/example_dags/example_task_group_decorator.py took 0.058 seconds
[2024-05-11T21:04:50.748+0000] {processor.py:157} INFO - Started process (PID=210) to work on /home/airflow/.local/lib/python3.8/site-packages/airflow/example_dags/example_task_group_decorator.py
[2024-05-11T21:04:50.749+0000] {processor.py:829} INFO - Processing file /home/airflow/.local/lib/python3.8/site-packages/airflow/example_dags/example_task_group_decorator.py for tasks to queue
[2024-05-11T21:04:50.751+0000] {logging_mixin.py:154} INFO - [2024-05-11T21:04:50.751+0000] {dagbag.py:536} INFO - Filling up the DagBag from /home/airflow/.local/lib/python3.8/site-packages/airflow/example_dags/example_task_group_decorator.py
[2024-05-11T21:04:50.759+0000] {processor.py:839} INFO - DAG(s) dict_keys(['example_task_group_decorator']) retrieved from /home/airflow/.local/lib/python3.8/site-packages/airflow/example_dags/example_task_group_decorator.py
[2024-05-11T21:04:50.777+0000] {logging_mixin.py:154} INFO - [2024-05-11T21:04:50.777+0000] {dag.py:2941} INFO - Sync 1 DAGs
[2024-05-11T21:04:50.790+0000] {logging_mixin.py:154} INFO - [2024-05-11T21:04:50.790+0000] {dag.py:3722} INFO - Setting next_dagrun for example_task_group_decorator to 2024-05-10T21:04:50.789992+00:00, run_after=2024-05-11T21:04:50.789992+00:00
[2024-05-11T21:04:50.802+0000] {processor.py:179} INFO - Processing /home/airflow/.local/lib/python3.8/site-packages/airflow/example_dags/example_task_group_decorator.py took 0.057 seconds
[2024-05-11T21:05:42.377+0000] {processor.py:157} INFO - Started process (PID=47) to work on /home/airflow/.local/lib/python3.8/site-packages/airflow/example_dags/example_task_group_decorator.py
[2024-05-11T21:05:42.379+0000] {processor.py:829} INFO - Processing file /home/airflow/.local/lib/python3.8/site-packages/airflow/example_dags/example_task_group_decorator.py for tasks to queue
[2024-05-11T21:05:42.382+0000] {logging_mixin.py:154} INFO - [2024-05-11T21:05:42.382+0000] {dagbag.py:536} INFO - Filling up the DagBag from /home/airflow/.local/lib/python3.8/site-packages/airflow/example_dags/example_task_group_decorator.py
[2024-05-11T21:05:42.401+0000] {processor.py:839} INFO - DAG(s) dict_keys(['example_task_group_decorator']) retrieved from /home/airflow/.local/lib/python3.8/site-packages/airflow/example_dags/example_task_group_decorator.py
[2024-05-11T21:05:42.440+0000] {logging_mixin.py:154} INFO - [2024-05-11T21:05:42.440+0000] {dag.py:2941} INFO - Sync 1 DAGs
[2024-05-11T21:05:42.464+0000] {logging_mixin.py:154} INFO - [2024-05-11T21:05:42.464+0000] {dag.py:3722} INFO - Setting next_dagrun for example_task_group_decorator to 2024-05-10T21:05:42.464124+00:00, run_after=2024-05-11T21:05:42.464124+00:00
[2024-05-11T21:05:42.484+0000] {processor.py:179} INFO - Processing /home/airflow/.local/lib/python3.8/site-packages/airflow/example_dags/example_task_group_decorator.py took 0.112 seconds
[2024-05-11T21:06:12.579+0000] {processor.py:157} INFO - Started process (PID=102) to work on /home/airflow/.local/lib/python3.8/site-packages/airflow/example_dags/example_task_group_decorator.py
[2024-05-11T21:06:12.580+0000] {processor.py:829} INFO - Processing file /home/airflow/.local/lib/python3.8/site-packages/airflow/example_dags/example_task_group_decorator.py for tasks to queue
[2024-05-11T21:06:12.582+0000] {logging_mixin.py:154} INFO - [2024-05-11T21:06:12.582+0000] {dagbag.py:536} INFO - Filling up the DagBag from /home/airflow/.local/lib/python3.8/site-packages/airflow/example_dags/example_task_group_decorator.py
[2024-05-11T21:06:12.591+0000] {processor.py:839} INFO - DAG(s) dict_keys(['example_task_group_decorator']) retrieved from /home/airflow/.local/lib/python3.8/site-packages/airflow/example_dags/example_task_group_decorator.py
[2024-05-11T21:06:12.610+0000] {logging_mixin.py:154} INFO - [2024-05-11T21:06:12.609+0000] {dag.py:2941} INFO - Sync 1 DAGs
[2024-05-11T21:06:12.622+0000] {logging_mixin.py:154} INFO - [2024-05-11T21:06:12.622+0000] {dag.py:3722} INFO - Setting next_dagrun for example_task_group_decorator to 2024-05-10T21:06:12.622191+00:00, run_after=2024-05-11T21:06:12.622191+00:00
[2024-05-11T21:06:12.632+0000] {processor.py:179} INFO - Processing /home/airflow/.local/lib/python3.8/site-packages/airflow/example_dags/example_task_group_decorator.py took 0.055 seconds
[2024-05-11T21:06:42.981+0000] {processor.py:157} INFO - Started process (PID=157) to work on /home/airflow/.local/lib/python3.8/site-packages/airflow/example_dags/example_task_group_decorator.py
[2024-05-11T21:06:42.983+0000] {processor.py:829} INFO - Processing file /home/airflow/.local/lib/python3.8/site-packages/airflow/example_dags/example_task_group_decorator.py for tasks to queue
[2024-05-11T21:06:42.986+0000] {logging_mixin.py:154} INFO - [2024-05-11T21:06:42.985+0000] {dagbag.py:536} INFO - Filling up the DagBag from /home/airflow/.local/lib/python3.8/site-packages/airflow/example_dags/example_task_group_decorator.py
[2024-05-11T21:06:42.997+0000] {processor.py:839} INFO - DAG(s) dict_keys(['example_task_group_decorator']) retrieved from /home/airflow/.local/lib/python3.8/site-packages/airflow/example_dags/example_task_group_decorator.py
[2024-05-11T21:06:43.014+0000] {logging_mixin.py:154} INFO - [2024-05-11T21:06:43.014+0000] {dag.py:2941} INFO - Sync 1 DAGs
[2024-05-11T21:06:43.027+0000] {logging_mixin.py:154} INFO - [2024-05-11T21:06:43.027+0000] {dag.py:3722} INFO - Setting next_dagrun for example_task_group_decorator to 2024-05-10T21:06:43.027276+00:00, run_after=2024-05-11T21:06:43.027276+00:00
[2024-05-11T21:06:43.037+0000] {processor.py:179} INFO - Processing /home/airflow/.local/lib/python3.8/site-packages/airflow/example_dags/example_task_group_decorator.py took 0.059 seconds
[2024-05-11T21:07:13.233+0000] {processor.py:157} INFO - Started process (PID=212) to work on /home/airflow/.local/lib/python3.8/site-packages/airflow/example_dags/example_task_group_decorator.py
[2024-05-11T21:07:13.234+0000] {processor.py:829} INFO - Processing file /home/airflow/.local/lib/python3.8/site-packages/airflow/example_dags/example_task_group_decorator.py for tasks to queue
[2024-05-11T21:07:13.236+0000] {logging_mixin.py:154} INFO - [2024-05-11T21:07:13.236+0000] {dagbag.py:536} INFO - Filling up the DagBag from /home/airflow/.local/lib/python3.8/site-packages/airflow/example_dags/example_task_group_decorator.py
[2024-05-11T21:07:13.244+0000] {processor.py:839} INFO - DAG(s) dict_keys(['example_task_group_decorator']) retrieved from /home/airflow/.local/lib/python3.8/site-packages/airflow/example_dags/example_task_group_decorator.py
[2024-05-11T21:07:13.261+0000] {logging_mixin.py:154} INFO - [2024-05-11T21:07:13.261+0000] {dag.py:2941} INFO - Sync 1 DAGs
[2024-05-11T21:07:13.273+0000] {logging_mixin.py:154} INFO - [2024-05-11T21:07:13.273+0000] {dag.py:3722} INFO - Setting next_dagrun for example_task_group_decorator to 2024-05-10T21:07:13.273106+00:00, run_after=2024-05-11T21:07:13.273106+00:00
[2024-05-11T21:07:13.282+0000] {processor.py:179} INFO - Processing /home/airflow/.local/lib/python3.8/site-packages/airflow/example_dags/example_task_group_decorator.py took 0.052 seconds
[2024-05-11T21:07:43.469+0000] {processor.py:157} INFO - Started process (PID=271) to work on /home/airflow/.local/lib/python3.8/site-packages/airflow/example_dags/example_task_group_decorator.py
[2024-05-11T21:07:43.470+0000] {processor.py:829} INFO - Processing file /home/airflow/.local/lib/python3.8/site-packages/airflow/example_dags/example_task_group_decorator.py for tasks to queue
[2024-05-11T21:07:43.473+0000] {logging_mixin.py:154} INFO - [2024-05-11T21:07:43.473+0000] {dagbag.py:536} INFO - Filling up the DagBag from /home/airflow/.local/lib/python3.8/site-packages/airflow/example_dags/example_task_group_decorator.py
[2024-05-11T21:07:43.482+0000] {processor.py:839} INFO - DAG(s) dict_keys(['example_task_group_decorator']) retrieved from /home/airflow/.local/lib/python3.8/site-packages/airflow/example_dags/example_task_group_decorator.py
[2024-05-11T21:07:43.499+0000] {logging_mixin.py:154} INFO - [2024-05-11T21:07:43.499+0000] {dag.py:2941} INFO - Sync 1 DAGs
[2024-05-11T21:07:43.511+0000] {logging_mixin.py:154} INFO - [2024-05-11T21:07:43.511+0000] {dag.py:3722} INFO - Setting next_dagrun for example_task_group_decorator to 2024-05-10T21:07:43.511326+00:00, run_after=2024-05-11T21:07:43.511326+00:00
[2024-05-11T21:07:43.520+0000] {processor.py:179} INFO - Processing /home/airflow/.local/lib/python3.8/site-packages/airflow/example_dags/example_task_group_decorator.py took 0.054 seconds
[2024-05-11T21:08:13.812+0000] {processor.py:157} INFO - Started process (PID=326) to work on /home/airflow/.local/lib/python3.8/site-packages/airflow/example_dags/example_task_group_decorator.py
[2024-05-11T21:08:13.814+0000] {processor.py:829} INFO - Processing file /home/airflow/.local/lib/python3.8/site-packages/airflow/example_dags/example_task_group_decorator.py for tasks to queue
[2024-05-11T21:08:13.815+0000] {logging_mixin.py:154} INFO - [2024-05-11T21:08:13.815+0000] {dagbag.py:536} INFO - Filling up the DagBag from /home/airflow/.local/lib/python3.8/site-packages/airflow/example_dags/example_task_group_decorator.py
[2024-05-11T21:08:13.824+0000] {processor.py:839} INFO - DAG(s) dict_keys(['example_task_group_decorator']) retrieved from /home/airflow/.local/lib/python3.8/site-packages/airflow/example_dags/example_task_group_decorator.py
[2024-05-11T21:08:13.842+0000] {logging_mixin.py:154} INFO - [2024-05-11T21:08:13.842+0000] {dag.py:2941} INFO - Sync 1 DAGs
[2024-05-11T21:08:13.854+0000] {logging_mixin.py:154} INFO - [2024-05-11T21:08:13.854+0000] {dag.py:3722} INFO - Setting next_dagrun for example_task_group_decorator to 2024-05-10T21:08:13.853831+00:00, run_after=2024-05-11T21:08:13.853831+00:00
[2024-05-11T21:08:13.862+0000] {processor.py:179} INFO - Processing /home/airflow/.local/lib/python3.8/site-packages/airflow/example_dags/example_task_group_decorator.py took 0.054 seconds
[2024-05-11T21:08:43.999+0000] {processor.py:157} INFO - Started process (PID=381) to work on /home/airflow/.local/lib/python3.8/site-packages/airflow/example_dags/example_task_group_decorator.py
[2024-05-11T21:08:44.000+0000] {processor.py:829} INFO - Processing file /home/airflow/.local/lib/python3.8/site-packages/airflow/example_dags/example_task_group_decorator.py for tasks to queue
[2024-05-11T21:08:44.003+0000] {logging_mixin.py:154} INFO - [2024-05-11T21:08:44.003+0000] {dagbag.py:536} INFO - Filling up the DagBag from /home/airflow/.local/lib/python3.8/site-packages/airflow/example_dags/example_task_group_decorator.py
[2024-05-11T21:08:44.013+0000] {processor.py:839} INFO - DAG(s) dict_keys(['example_task_group_decorator']) retrieved from /home/airflow/.local/lib/python3.8/site-packages/airflow/example_dags/example_task_group_decorator.py
[2024-05-11T21:08:44.058+0000] {logging_mixin.py:154} INFO - [2024-05-11T21:08:44.057+0000] {dag.py:2941} INFO - Sync 1 DAGs
[2024-05-11T21:08:44.076+0000] {logging_mixin.py:154} INFO - [2024-05-11T21:08:44.076+0000] {dag.py:3722} INFO - Setting next_dagrun for example_task_group_decorator to 2024-05-10T21:08:44.076353+00:00, run_after=2024-05-11T21:08:44.076353+00:00
[2024-05-11T21:08:44.088+0000] {processor.py:179} INFO - Processing /home/airflow/.local/lib/python3.8/site-packages/airflow/example_dags/example_task_group_decorator.py took 0.092 seconds
[2024-05-11T21:09:14.415+0000] {processor.py:157} INFO - Started process (PID=435) to work on /home/airflow/.local/lib/python3.8/site-packages/airflow/example_dags/example_task_group_decorator.py
[2024-05-11T21:09:14.417+0000] {processor.py:829} INFO - Processing file /home/airflow/.local/lib/python3.8/site-packages/airflow/example_dags/example_task_group_decorator.py for tasks to queue
[2024-05-11T21:09:14.420+0000] {logging_mixin.py:154} INFO - [2024-05-11T21:09:14.419+0000] {dagbag.py:536} INFO - Filling up the DagBag from /home/airflow/.local/lib/python3.8/site-packages/airflow/example_dags/example_task_group_decorator.py
[2024-05-11T21:09:14.434+0000] {processor.py:839} INFO - DAG(s) dict_keys(['example_task_group_decorator']) retrieved from /home/airflow/.local/lib/python3.8/site-packages/airflow/example_dags/example_task_group_decorator.py
[2024-05-11T21:09:14.455+0000] {logging_mixin.py:154} INFO - [2024-05-11T21:09:14.455+0000] {dag.py:2941} INFO - Sync 1 DAGs
[2024-05-11T21:09:14.475+0000] {logging_mixin.py:154} INFO - [2024-05-11T21:09:14.475+0000] {dag.py:3722} INFO - Setting next_dagrun for example_task_group_decorator to 2024-05-10T21:09:14.475507+00:00, run_after=2024-05-11T21:09:14.475507+00:00
[2024-05-11T21:09:14.499+0000] {processor.py:179} INFO - Processing /home/airflow/.local/lib/python3.8/site-packages/airflow/example_dags/example_task_group_decorator.py took 0.088 seconds
[2024-05-11T21:09:44.793+0000] {processor.py:157} INFO - Started process (PID=490) to work on /home/airflow/.local/lib/python3.8/site-packages/airflow/example_dags/example_task_group_decorator.py
[2024-05-11T21:09:44.795+0000] {processor.py:829} INFO - Processing file /home/airflow/.local/lib/python3.8/site-packages/airflow/example_dags/example_task_group_decorator.py for tasks to queue
[2024-05-11T21:09:44.797+0000] {logging_mixin.py:154} INFO - [2024-05-11T21:09:44.796+0000] {dagbag.py:536} INFO - Filling up the DagBag from /home/airflow/.local/lib/python3.8/site-packages/airflow/example_dags/example_task_group_decorator.py
[2024-05-11T21:09:44.805+0000] {processor.py:839} INFO - DAG(s) dict_keys(['example_task_group_decorator']) retrieved from /home/airflow/.local/lib/python3.8/site-packages/airflow/example_dags/example_task_group_decorator.py
[2024-05-11T21:09:44.824+0000] {logging_mixin.py:154} INFO - [2024-05-11T21:09:44.824+0000] {dag.py:2941} INFO - Sync 1 DAGs
[2024-05-11T21:09:44.836+0000] {logging_mixin.py:154} INFO - [2024-05-11T21:09:44.836+0000] {dag.py:3722} INFO - Setting next_dagrun for example_task_group_decorator to 2024-05-10T21:09:44.836608+00:00, run_after=2024-05-11T21:09:44.836608+00:00
[2024-05-11T21:09:44.846+0000] {processor.py:179} INFO - Processing /home/airflow/.local/lib/python3.8/site-packages/airflow/example_dags/example_task_group_decorator.py took 0.056 seconds
[2024-05-11T21:10:14.982+0000] {processor.py:157} INFO - Started process (PID=544) to work on /home/airflow/.local/lib/python3.8/site-packages/airflow/example_dags/example_task_group_decorator.py
[2024-05-11T21:10:14.984+0000] {processor.py:829} INFO - Processing file /home/airflow/.local/lib/python3.8/site-packages/airflow/example_dags/example_task_group_decorator.py for tasks to queue
[2024-05-11T21:10:14.985+0000] {logging_mixin.py:154} INFO - [2024-05-11T21:10:14.985+0000] {dagbag.py:536} INFO - Filling up the DagBag from /home/airflow/.local/lib/python3.8/site-packages/airflow/example_dags/example_task_group_decorator.py
[2024-05-11T21:10:14.993+0000] {processor.py:839} INFO - DAG(s) dict_keys(['example_task_group_decorator']) retrieved from /home/airflow/.local/lib/python3.8/site-packages/airflow/example_dags/example_task_group_decorator.py
[2024-05-11T21:10:15.011+0000] {logging_mixin.py:154} INFO - [2024-05-11T21:10:15.011+0000] {dag.py:2941} INFO - Sync 1 DAGs
[2024-05-11T21:10:15.023+0000] {logging_mixin.py:154} INFO - [2024-05-11T21:10:15.023+0000] {dag.py:3722} INFO - Setting next_dagrun for example_task_group_decorator to 2024-05-10T21:10:15.023138+00:00, run_after=2024-05-11T21:10:15.023138+00:00
[2024-05-11T21:10:15.033+0000] {processor.py:179} INFO - Processing /home/airflow/.local/lib/python3.8/site-packages/airflow/example_dags/example_task_group_decorator.py took 0.053 seconds
[2024-05-11T21:10:45.210+0000] {processor.py:157} INFO - Started process (PID=599) to work on /home/airflow/.local/lib/python3.8/site-packages/airflow/example_dags/example_task_group_decorator.py
[2024-05-11T21:10:45.211+0000] {processor.py:829} INFO - Processing file /home/airflow/.local/lib/python3.8/site-packages/airflow/example_dags/example_task_group_decorator.py for tasks to queue
[2024-05-11T21:10:45.213+0000] {logging_mixin.py:154} INFO - [2024-05-11T21:10:45.213+0000] {dagbag.py:536} INFO - Filling up the DagBag from /home/airflow/.local/lib/python3.8/site-packages/airflow/example_dags/example_task_group_decorator.py
[2024-05-11T21:10:45.222+0000] {processor.py:839} INFO - DAG(s) dict_keys(['example_task_group_decorator']) retrieved from /home/airflow/.local/lib/python3.8/site-packages/airflow/example_dags/example_task_group_decorator.py
[2024-05-11T21:10:45.240+0000] {logging_mixin.py:154} INFO - [2024-05-11T21:10:45.240+0000] {dag.py:2941} INFO - Sync 1 DAGs
[2024-05-11T21:10:45.252+0000] {logging_mixin.py:154} INFO - [2024-05-11T21:10:45.252+0000] {dag.py:3722} INFO - Setting next_dagrun for example_task_group_decorator to 2024-05-10T21:10:45.252553+00:00, run_after=2024-05-11T21:10:45.252553+00:00
[2024-05-11T21:10:45.263+0000] {processor.py:179} INFO - Processing /home/airflow/.local/lib/python3.8/site-packages/airflow/example_dags/example_task_group_decorator.py took 0.057 seconds
[2024-05-11T21:11:15.592+0000] {processor.py:157} INFO - Started process (PID=654) to work on /home/airflow/.local/lib/python3.8/site-packages/airflow/example_dags/example_task_group_decorator.py
[2024-05-11T21:11:15.593+0000] {processor.py:829} INFO - Processing file /home/airflow/.local/lib/python3.8/site-packages/airflow/example_dags/example_task_group_decorator.py for tasks to queue
[2024-05-11T21:11:15.595+0000] {logging_mixin.py:154} INFO - [2024-05-11T21:11:15.595+0000] {dagbag.py:536} INFO - Filling up the DagBag from /home/airflow/.local/lib/python3.8/site-packages/airflow/example_dags/example_task_group_decorator.py
[2024-05-11T21:11:15.602+0000] {processor.py:839} INFO - DAG(s) dict_keys(['example_task_group_decorator']) retrieved from /home/airflow/.local/lib/python3.8/site-packages/airflow/example_dags/example_task_group_decorator.py
[2024-05-11T21:11:15.619+0000] {logging_mixin.py:154} INFO - [2024-05-11T21:11:15.619+0000] {dag.py:2941} INFO - Sync 1 DAGs
[2024-05-11T21:11:15.631+0000] {logging_mixin.py:154} INFO - [2024-05-11T21:11:15.631+0000] {dag.py:3722} INFO - Setting next_dagrun for example_task_group_decorator to 2024-05-10T21:11:15.631097+00:00, run_after=2024-05-11T21:11:15.631097+00:00
[2024-05-11T21:11:15.640+0000] {processor.py:179} INFO - Processing /home/airflow/.local/lib/python3.8/site-packages/airflow/example_dags/example_task_group_decorator.py took 0.050 seconds
[2024-05-11T21:11:45.934+0000] {processor.py:157} INFO - Started process (PID=709) to work on /home/airflow/.local/lib/python3.8/site-packages/airflow/example_dags/example_task_group_decorator.py
[2024-05-11T21:11:45.935+0000] {processor.py:829} INFO - Processing file /home/airflow/.local/lib/python3.8/site-packages/airflow/example_dags/example_task_group_decorator.py for tasks to queue
[2024-05-11T21:11:45.937+0000] {logging_mixin.py:154} INFO - [2024-05-11T21:11:45.937+0000] {dagbag.py:536} INFO - Filling up the DagBag from /home/airflow/.local/lib/python3.8/site-packages/airflow/example_dags/example_task_group_decorator.py
[2024-05-11T21:11:45.945+0000] {processor.py:839} INFO - DAG(s) dict_keys(['example_task_group_decorator']) retrieved from /home/airflow/.local/lib/python3.8/site-packages/airflow/example_dags/example_task_group_decorator.py
[2024-05-11T21:11:45.968+0000] {logging_mixin.py:154} INFO - [2024-05-11T21:11:45.967+0000] {dag.py:2941} INFO - Sync 1 DAGs
[2024-05-11T21:11:45.979+0000] {logging_mixin.py:154} INFO - [2024-05-11T21:11:45.979+0000] {dag.py:3722} INFO - Setting next_dagrun for example_task_group_decorator to 2024-05-10T21:11:45.979493+00:00, run_after=2024-05-11T21:11:45.979493+00:00
[2024-05-11T21:11:45.989+0000] {processor.py:179} INFO - Processing /home/airflow/.local/lib/python3.8/site-packages/airflow/example_dags/example_task_group_decorator.py took 0.057 seconds
[2024-05-11T21:12:16.217+0000] {processor.py:157} INFO - Started process (PID=765) to work on /home/airflow/.local/lib/python3.8/site-packages/airflow/example_dags/example_task_group_decorator.py
[2024-05-11T21:12:16.219+0000] {processor.py:829} INFO - Processing file /home/airflow/.local/lib/python3.8/site-packages/airflow/example_dags/example_task_group_decorator.py for tasks to queue
[2024-05-11T21:12:16.220+0000] {logging_mixin.py:154} INFO - [2024-05-11T21:12:16.220+0000] {dagbag.py:536} INFO - Filling up the DagBag from /home/airflow/.local/lib/python3.8/site-packages/airflow/example_dags/example_task_group_decorator.py
[2024-05-11T21:12:16.229+0000] {processor.py:839} INFO - DAG(s) dict_keys(['example_task_group_decorator']) retrieved from /home/airflow/.local/lib/python3.8/site-packages/airflow/example_dags/example_task_group_decorator.py
[2024-05-11T21:12:16.246+0000] {logging_mixin.py:154} INFO - [2024-05-11T21:12:16.246+0000] {dag.py:2941} INFO - Sync 1 DAGs
[2024-05-11T21:12:16.258+0000] {logging_mixin.py:154} INFO - [2024-05-11T21:12:16.258+0000] {dag.py:3722} INFO - Setting next_dagrun for example_task_group_decorator to 2024-05-10T21:12:16.258188+00:00, run_after=2024-05-11T21:12:16.258188+00:00
[2024-05-11T21:12:16.267+0000] {processor.py:179} INFO - Processing /home/airflow/.local/lib/python3.8/site-packages/airflow/example_dags/example_task_group_decorator.py took 0.052 seconds
[2024-05-11T21:12:46.611+0000] {processor.py:157} INFO - Started process (PID=820) to work on /home/airflow/.local/lib/python3.8/site-packages/airflow/example_dags/example_task_group_decorator.py
[2024-05-11T21:12:46.612+0000] {processor.py:829} INFO - Processing file /home/airflow/.local/lib/python3.8/site-packages/airflow/example_dags/example_task_group_decorator.py for tasks to queue
[2024-05-11T21:12:46.614+0000] {logging_mixin.py:154} INFO - [2024-05-11T21:12:46.614+0000] {dagbag.py:536} INFO - Filling up the DagBag from /home/airflow/.local/lib/python3.8/site-packages/airflow/example_dags/example_task_group_decorator.py
[2024-05-11T21:12:46.622+0000] {processor.py:839} INFO - DAG(s) dict_keys(['example_task_group_decorator']) retrieved from /home/airflow/.local/lib/python3.8/site-packages/airflow/example_dags/example_task_group_decorator.py
[2024-05-11T21:12:46.639+0000] {logging_mixin.py:154} INFO - [2024-05-11T21:12:46.639+0000] {dag.py:2941} INFO - Sync 1 DAGs
[2024-05-11T21:12:46.651+0000] {logging_mixin.py:154} INFO - [2024-05-11T21:12:46.651+0000] {dag.py:3722} INFO - Setting next_dagrun for example_task_group_decorator to 2024-05-10T21:12:46.650840+00:00, run_after=2024-05-11T21:12:46.650840+00:00
[2024-05-11T21:12:46.660+0000] {processor.py:179} INFO - Processing /home/airflow/.local/lib/python3.8/site-packages/airflow/example_dags/example_task_group_decorator.py took 0.052 seconds
[2024-05-11T21:13:16.905+0000] {processor.py:157} INFO - Started process (PID=875) to work on /home/airflow/.local/lib/python3.8/site-packages/airflow/example_dags/example_task_group_decorator.py
[2024-05-11T21:13:16.906+0000] {processor.py:829} INFO - Processing file /home/airflow/.local/lib/python3.8/site-packages/airflow/example_dags/example_task_group_decorator.py for tasks to queue
[2024-05-11T21:13:16.908+0000] {logging_mixin.py:154} INFO - [2024-05-11T21:13:16.908+0000] {dagbag.py:536} INFO - Filling up the DagBag from /home/airflow/.local/lib/python3.8/site-packages/airflow/example_dags/example_task_group_decorator.py
[2024-05-11T21:13:16.917+0000] {processor.py:839} INFO - DAG(s) dict_keys(['example_task_group_decorator']) retrieved from /home/airflow/.local/lib/python3.8/site-packages/airflow/example_dags/example_task_group_decorator.py
[2024-05-11T21:13:16.935+0000] {logging_mixin.py:154} INFO - [2024-05-11T21:13:16.935+0000] {dag.py:2941} INFO - Sync 1 DAGs
[2024-05-11T21:13:16.947+0000] {logging_mixin.py:154} INFO - [2024-05-11T21:13:16.947+0000] {dag.py:3722} INFO - Setting next_dagrun for example_task_group_decorator to 2024-05-10T21:13:16.947542+00:00, run_after=2024-05-11T21:13:16.947542+00:00
[2024-05-11T21:13:16.958+0000] {processor.py:179} INFO - Processing /home/airflow/.local/lib/python3.8/site-packages/airflow/example_dags/example_task_group_decorator.py took 0.056 seconds
[2024-05-11T21:13:47.113+0000] {processor.py:157} INFO - Started process (PID=930) to work on /home/airflow/.local/lib/python3.8/site-packages/airflow/example_dags/example_task_group_decorator.py
[2024-05-11T21:13:47.114+0000] {processor.py:829} INFO - Processing file /home/airflow/.local/lib/python3.8/site-packages/airflow/example_dags/example_task_group_decorator.py for tasks to queue
[2024-05-11T21:13:47.116+0000] {logging_mixin.py:154} INFO - [2024-05-11T21:13:47.116+0000] {dagbag.py:536} INFO - Filling up the DagBag from /home/airflow/.local/lib/python3.8/site-packages/airflow/example_dags/example_task_group_decorator.py
[2024-05-11T21:13:47.124+0000] {processor.py:839} INFO - DAG(s) dict_keys(['example_task_group_decorator']) retrieved from /home/airflow/.local/lib/python3.8/site-packages/airflow/example_dags/example_task_group_decorator.py
[2024-05-11T21:13:47.141+0000] {logging_mixin.py:154} INFO - [2024-05-11T21:13:47.140+0000] {dag.py:2941} INFO - Sync 1 DAGs
[2024-05-11T21:13:47.152+0000] {logging_mixin.py:154} INFO - [2024-05-11T21:13:47.152+0000] {dag.py:3722} INFO - Setting next_dagrun for example_task_group_decorator to 2024-05-10T21:13:47.152283+00:00, run_after=2024-05-11T21:13:47.152283+00:00
[2024-05-11T21:13:47.161+0000] {processor.py:179} INFO - Processing /home/airflow/.local/lib/python3.8/site-packages/airflow/example_dags/example_task_group_decorator.py took 0.050 seconds
[2024-05-11T21:14:17.371+0000] {processor.py:157} INFO - Started process (PID=985) to work on /home/airflow/.local/lib/python3.8/site-packages/airflow/example_dags/example_task_group_decorator.py
[2024-05-11T21:14:17.373+0000] {processor.py:829} INFO - Processing file /home/airflow/.local/lib/python3.8/site-packages/airflow/example_dags/example_task_group_decorator.py for tasks to queue
[2024-05-11T21:14:17.374+0000] {logging_mixin.py:154} INFO - [2024-05-11T21:14:17.374+0000] {dagbag.py:536} INFO - Filling up the DagBag from /home/airflow/.local/lib/python3.8/site-packages/airflow/example_dags/example_task_group_decorator.py
[2024-05-11T21:14:17.382+0000] {processor.py:839} INFO - DAG(s) dict_keys(['example_task_group_decorator']) retrieved from /home/airflow/.local/lib/python3.8/site-packages/airflow/example_dags/example_task_group_decorator.py
[2024-05-11T21:14:17.399+0000] {logging_mixin.py:154} INFO - [2024-05-11T21:14:17.399+0000] {dag.py:2941} INFO - Sync 1 DAGs
[2024-05-11T21:14:17.411+0000] {logging_mixin.py:154} INFO - [2024-05-11T21:14:17.411+0000] {dag.py:3722} INFO - Setting next_dagrun for example_task_group_decorator to 2024-05-10T21:14:17.411199+00:00, run_after=2024-05-11T21:14:17.411199+00:00
[2024-05-11T21:14:17.420+0000] {processor.py:179} INFO - Processing /home/airflow/.local/lib/python3.8/site-packages/airflow/example_dags/example_task_group_decorator.py took 0.052 seconds
[2024-05-11T21:14:47.559+0000] {processor.py:157} INFO - Started process (PID=1041) to work on /home/airflow/.local/lib/python3.8/site-packages/airflow/example_dags/example_task_group_decorator.py
[2024-05-11T21:14:47.560+0000] {processor.py:829} INFO - Processing file /home/airflow/.local/lib/python3.8/site-packages/airflow/example_dags/example_task_group_decorator.py for tasks to queue
[2024-05-11T21:14:47.562+0000] {logging_mixin.py:154} INFO - [2024-05-11T21:14:47.562+0000] {dagbag.py:536} INFO - Filling up the DagBag from /home/airflow/.local/lib/python3.8/site-packages/airflow/example_dags/example_task_group_decorator.py
[2024-05-11T21:14:47.571+0000] {processor.py:839} INFO - DAG(s) dict_keys(['example_task_group_decorator']) retrieved from /home/airflow/.local/lib/python3.8/site-packages/airflow/example_dags/example_task_group_decorator.py
[2024-05-11T21:14:47.591+0000] {logging_mixin.py:154} INFO - [2024-05-11T21:14:47.590+0000] {dag.py:2941} INFO - Sync 1 DAGs
[2024-05-11T21:14:47.604+0000] {logging_mixin.py:154} INFO - [2024-05-11T21:14:47.604+0000] {dag.py:3722} INFO - Setting next_dagrun for example_task_group_decorator to 2024-05-10T21:14:47.603845+00:00, run_after=2024-05-11T21:14:47.603845+00:00
[2024-05-11T21:14:47.616+0000] {processor.py:179} INFO - Processing /home/airflow/.local/lib/python3.8/site-packages/airflow/example_dags/example_task_group_decorator.py took 0.060 seconds
[2024-05-11T21:15:17.957+0000] {processor.py:157} INFO - Started process (PID=1096) to work on /home/airflow/.local/lib/python3.8/site-packages/airflow/example_dags/example_task_group_decorator.py
[2024-05-11T21:15:17.960+0000] {processor.py:829} INFO - Processing file /home/airflow/.local/lib/python3.8/site-packages/airflow/example_dags/example_task_group_decorator.py for tasks to queue
[2024-05-11T21:15:17.963+0000] {logging_mixin.py:154} INFO - [2024-05-11T21:15:17.962+0000] {dagbag.py:536} INFO - Filling up the DagBag from /home/airflow/.local/lib/python3.8/site-packages/airflow/example_dags/example_task_group_decorator.py
[2024-05-11T21:15:17.971+0000] {processor.py:839} INFO - DAG(s) dict_keys(['example_task_group_decorator']) retrieved from /home/airflow/.local/lib/python3.8/site-packages/airflow/example_dags/example_task_group_decorator.py
[2024-05-11T21:15:17.993+0000] {logging_mixin.py:154} INFO - [2024-05-11T21:15:17.992+0000] {dag.py:2941} INFO - Sync 1 DAGs
[2024-05-11T21:15:18.007+0000] {logging_mixin.py:154} INFO - [2024-05-11T21:15:18.007+0000] {dag.py:3722} INFO - Setting next_dagrun for example_task_group_decorator to 2024-05-10T21:15:18.007409+00:00, run_after=2024-05-11T21:15:18.007409+00:00
[2024-05-11T21:15:18.019+0000] {processor.py:179} INFO - Processing /home/airflow/.local/lib/python3.8/site-packages/airflow/example_dags/example_task_group_decorator.py took 0.065 seconds
[2024-05-11T21:16:31.751+0000] {processor.py:157} INFO - Started process (PID=47) to work on /home/airflow/.local/lib/python3.8/site-packages/airflow/example_dags/example_task_group_decorator.py
[2024-05-11T21:16:31.754+0000] {processor.py:829} INFO - Processing file /home/airflow/.local/lib/python3.8/site-packages/airflow/example_dags/example_task_group_decorator.py for tasks to queue
[2024-05-11T21:16:31.766+0000] {logging_mixin.py:154} INFO - [2024-05-11T21:16:31.766+0000] {dagbag.py:536} INFO - Filling up the DagBag from /home/airflow/.local/lib/python3.8/site-packages/airflow/example_dags/example_task_group_decorator.py
[2024-05-11T21:16:31.800+0000] {processor.py:839} INFO - DAG(s) dict_keys(['example_task_group_decorator']) retrieved from /home/airflow/.local/lib/python3.8/site-packages/airflow/example_dags/example_task_group_decorator.py
[2024-05-11T21:16:31.825+0000] {logging_mixin.py:154} INFO - [2024-05-11T21:16:31.824+0000] {dag.py:2941} INFO - Sync 1 DAGs
[2024-05-11T21:16:31.863+0000] {logging_mixin.py:154} INFO - [2024-05-11T21:16:31.863+0000] {dag.py:3722} INFO - Setting next_dagrun for example_task_group_decorator to 2024-05-10T21:16:31.862921+00:00, run_after=2024-05-11T21:16:31.862921+00:00
[2024-05-11T21:16:31.894+0000] {processor.py:179} INFO - Processing /home/airflow/.local/lib/python3.8/site-packages/airflow/example_dags/example_task_group_decorator.py took 0.148 seconds
[2024-05-11T21:17:02.125+0000] {processor.py:157} INFO - Started process (PID=103) to work on /home/airflow/.local/lib/python3.8/site-packages/airflow/example_dags/example_task_group_decorator.py
[2024-05-11T21:17:02.126+0000] {processor.py:829} INFO - Processing file /home/airflow/.local/lib/python3.8/site-packages/airflow/example_dags/example_task_group_decorator.py for tasks to queue
[2024-05-11T21:17:02.128+0000] {logging_mixin.py:154} INFO - [2024-05-11T21:17:02.128+0000] {dagbag.py:536} INFO - Filling up the DagBag from /home/airflow/.local/lib/python3.8/site-packages/airflow/example_dags/example_task_group_decorator.py
[2024-05-11T21:17:02.137+0000] {processor.py:839} INFO - DAG(s) dict_keys(['example_task_group_decorator']) retrieved from /home/airflow/.local/lib/python3.8/site-packages/airflow/example_dags/example_task_group_decorator.py
[2024-05-11T21:17:02.155+0000] {logging_mixin.py:154} INFO - [2024-05-11T21:17:02.155+0000] {dag.py:2941} INFO - Sync 1 DAGs
[2024-05-11T21:17:02.168+0000] {logging_mixin.py:154} INFO - [2024-05-11T21:17:02.168+0000] {dag.py:3722} INFO - Setting next_dagrun for example_task_group_decorator to 2024-05-10T21:17:02.168222+00:00, run_after=2024-05-11T21:17:02.168222+00:00
[2024-05-11T21:17:02.179+0000] {processor.py:179} INFO - Processing /home/airflow/.local/lib/python3.8/site-packages/airflow/example_dags/example_task_group_decorator.py took 0.058 seconds
[2024-05-11T21:17:32.404+0000] {processor.py:157} INFO - Started process (PID=158) to work on /home/airflow/.local/lib/python3.8/site-packages/airflow/example_dags/example_task_group_decorator.py
[2024-05-11T21:17:32.405+0000] {processor.py:829} INFO - Processing file /home/airflow/.local/lib/python3.8/site-packages/airflow/example_dags/example_task_group_decorator.py for tasks to queue
[2024-05-11T21:17:32.407+0000] {logging_mixin.py:154} INFO - [2024-05-11T21:17:32.407+0000] {dagbag.py:536} INFO - Filling up the DagBag from /home/airflow/.local/lib/python3.8/site-packages/airflow/example_dags/example_task_group_decorator.py
[2024-05-11T21:17:32.416+0000] {processor.py:839} INFO - DAG(s) dict_keys(['example_task_group_decorator']) retrieved from /home/airflow/.local/lib/python3.8/site-packages/airflow/example_dags/example_task_group_decorator.py
[2024-05-11T21:17:32.434+0000] {logging_mixin.py:154} INFO - [2024-05-11T21:17:32.434+0000] {dag.py:2941} INFO - Sync 1 DAGs
[2024-05-11T21:17:32.447+0000] {logging_mixin.py:154} INFO - [2024-05-11T21:17:32.447+0000] {dag.py:3722} INFO - Setting next_dagrun for example_task_group_decorator to 2024-05-10T21:17:32.447369+00:00, run_after=2024-05-11T21:17:32.447369+00:00
[2024-05-11T21:17:32.457+0000] {processor.py:179} INFO - Processing /home/airflow/.local/lib/python3.8/site-packages/airflow/example_dags/example_task_group_decorator.py took 0.056 seconds
[2024-05-11T21:18:02.875+0000] {processor.py:157} INFO - Started process (PID=214) to work on /home/airflow/.local/lib/python3.8/site-packages/airflow/example_dags/example_task_group_decorator.py
[2024-05-11T21:18:02.877+0000] {processor.py:829} INFO - Processing file /home/airflow/.local/lib/python3.8/site-packages/airflow/example_dags/example_task_group_decorator.py for tasks to queue
[2024-05-11T21:18:02.879+0000] {logging_mixin.py:154} INFO - [2024-05-11T21:18:02.878+0000] {dagbag.py:536} INFO - Filling up the DagBag from /home/airflow/.local/lib/python3.8/site-packages/airflow/example_dags/example_task_group_decorator.py
[2024-05-11T21:18:02.887+0000] {processor.py:839} INFO - DAG(s) dict_keys(['example_task_group_decorator']) retrieved from /home/airflow/.local/lib/python3.8/site-packages/airflow/example_dags/example_task_group_decorator.py
[2024-05-11T21:18:02.904+0000] {logging_mixin.py:154} INFO - [2024-05-11T21:18:02.904+0000] {dag.py:2941} INFO - Sync 1 DAGs
[2024-05-11T21:18:02.917+0000] {logging_mixin.py:154} INFO - [2024-05-11T21:18:02.917+0000] {dag.py:3722} INFO - Setting next_dagrun for example_task_group_decorator to 2024-05-10T21:18:02.916887+00:00, run_after=2024-05-11T21:18:02.916887+00:00
[2024-05-11T21:18:02.926+0000] {processor.py:179} INFO - Processing /home/airflow/.local/lib/python3.8/site-packages/airflow/example_dags/example_task_group_decorator.py took 0.054 seconds
[2024-05-11T21:18:33.028+0000] {processor.py:157} INFO - Started process (PID=269) to work on /home/airflow/.local/lib/python3.8/site-packages/airflow/example_dags/example_task_group_decorator.py
[2024-05-11T21:18:33.030+0000] {processor.py:829} INFO - Processing file /home/airflow/.local/lib/python3.8/site-packages/airflow/example_dags/example_task_group_decorator.py for tasks to queue
[2024-05-11T21:18:33.032+0000] {logging_mixin.py:154} INFO - [2024-05-11T21:18:33.032+0000] {dagbag.py:536} INFO - Filling up the DagBag from /home/airflow/.local/lib/python3.8/site-packages/airflow/example_dags/example_task_group_decorator.py
[2024-05-11T21:18:33.042+0000] {processor.py:839} INFO - DAG(s) dict_keys(['example_task_group_decorator']) retrieved from /home/airflow/.local/lib/python3.8/site-packages/airflow/example_dags/example_task_group_decorator.py
[2024-05-11T21:18:33.061+0000] {logging_mixin.py:154} INFO - [2024-05-11T21:18:33.061+0000] {dag.py:2941} INFO - Sync 1 DAGs
[2024-05-11T21:18:33.074+0000] {logging_mixin.py:154} INFO - [2024-05-11T21:18:33.074+0000] {dag.py:3722} INFO - Setting next_dagrun for example_task_group_decorator to 2024-05-10T21:18:33.073810+00:00, run_after=2024-05-11T21:18:33.073810+00:00
[2024-05-11T21:18:33.083+0000] {processor.py:179} INFO - Processing /home/airflow/.local/lib/python3.8/site-packages/airflow/example_dags/example_task_group_decorator.py took 0.058 seconds
[2024-05-11T21:19:03.299+0000] {processor.py:157} INFO - Started process (PID=324) to work on /home/airflow/.local/lib/python3.8/site-packages/airflow/example_dags/example_task_group_decorator.py
[2024-05-11T21:19:03.300+0000] {processor.py:829} INFO - Processing file /home/airflow/.local/lib/python3.8/site-packages/airflow/example_dags/example_task_group_decorator.py for tasks to queue
[2024-05-11T21:19:03.302+0000] {logging_mixin.py:154} INFO - [2024-05-11T21:19:03.302+0000] {dagbag.py:536} INFO - Filling up the DagBag from /home/airflow/.local/lib/python3.8/site-packages/airflow/example_dags/example_task_group_decorator.py
[2024-05-11T21:19:03.311+0000] {processor.py:839} INFO - DAG(s) dict_keys(['example_task_group_decorator']) retrieved from /home/airflow/.local/lib/python3.8/site-packages/airflow/example_dags/example_task_group_decorator.py
[2024-05-11T21:19:03.329+0000] {logging_mixin.py:154} INFO - [2024-05-11T21:19:03.328+0000] {dag.py:2941} INFO - Sync 1 DAGs
[2024-05-11T21:19:03.341+0000] {logging_mixin.py:154} INFO - [2024-05-11T21:19:03.341+0000] {dag.py:3722} INFO - Setting next_dagrun for example_task_group_decorator to 2024-05-10T21:19:03.341634+00:00, run_after=2024-05-11T21:19:03.341634+00:00
[2024-05-11T21:19:03.352+0000] {processor.py:179} INFO - Processing /home/airflow/.local/lib/python3.8/site-packages/airflow/example_dags/example_task_group_decorator.py took 0.056 seconds
[2024-05-11T21:19:33.698+0000] {processor.py:157} INFO - Started process (PID=379) to work on /home/airflow/.local/lib/python3.8/site-packages/airflow/example_dags/example_task_group_decorator.py
[2024-05-11T21:19:33.699+0000] {processor.py:829} INFO - Processing file /home/airflow/.local/lib/python3.8/site-packages/airflow/example_dags/example_task_group_decorator.py for tasks to queue
[2024-05-11T21:19:33.701+0000] {logging_mixin.py:154} INFO - [2024-05-11T21:19:33.701+0000] {dagbag.py:536} INFO - Filling up the DagBag from /home/airflow/.local/lib/python3.8/site-packages/airflow/example_dags/example_task_group_decorator.py
[2024-05-11T21:19:33.709+0000] {processor.py:839} INFO - DAG(s) dict_keys(['example_task_group_decorator']) retrieved from /home/airflow/.local/lib/python3.8/site-packages/airflow/example_dags/example_task_group_decorator.py
[2024-05-11T21:19:33.727+0000] {logging_mixin.py:154} INFO - [2024-05-11T21:19:33.727+0000] {dag.py:2941} INFO - Sync 1 DAGs
[2024-05-11T21:19:33.740+0000] {logging_mixin.py:154} INFO - [2024-05-11T21:19:33.740+0000] {dag.py:3722} INFO - Setting next_dagrun for example_task_group_decorator to 2024-05-10T21:19:33.739949+00:00, run_after=2024-05-11T21:19:33.739949+00:00
[2024-05-11T21:19:33.749+0000] {processor.py:179} INFO - Processing /home/airflow/.local/lib/python3.8/site-packages/airflow/example_dags/example_task_group_decorator.py took 0.054 seconds
[2024-05-11T21:20:04.074+0000] {processor.py:157} INFO - Started process (PID=434) to work on /home/airflow/.local/lib/python3.8/site-packages/airflow/example_dags/example_task_group_decorator.py
[2024-05-11T21:20:04.075+0000] {processor.py:829} INFO - Processing file /home/airflow/.local/lib/python3.8/site-packages/airflow/example_dags/example_task_group_decorator.py for tasks to queue
[2024-05-11T21:20:04.077+0000] {logging_mixin.py:154} INFO - [2024-05-11T21:20:04.077+0000] {dagbag.py:536} INFO - Filling up the DagBag from /home/airflow/.local/lib/python3.8/site-packages/airflow/example_dags/example_task_group_decorator.py
[2024-05-11T21:20:04.087+0000] {processor.py:839} INFO - DAG(s) dict_keys(['example_task_group_decorator']) retrieved from /home/airflow/.local/lib/python3.8/site-packages/airflow/example_dags/example_task_group_decorator.py
[2024-05-11T21:20:04.108+0000] {logging_mixin.py:154} INFO - [2024-05-11T21:20:04.108+0000] {dag.py:2941} INFO - Sync 1 DAGs
[2024-05-11T21:20:04.121+0000] {logging_mixin.py:154} INFO - [2024-05-11T21:20:04.121+0000] {dag.py:3722} INFO - Setting next_dagrun for example_task_group_decorator to 2024-05-10T21:20:04.121055+00:00, run_after=2024-05-11T21:20:04.121055+00:00
[2024-05-11T21:20:04.131+0000] {processor.py:179} INFO - Processing /home/airflow/.local/lib/python3.8/site-packages/airflow/example_dags/example_task_group_decorator.py took 0.060 seconds
[2024-05-11T21:20:34.272+0000] {processor.py:157} INFO - Started process (PID=489) to work on /home/airflow/.local/lib/python3.8/site-packages/airflow/example_dags/example_task_group_decorator.py
[2024-05-11T21:20:34.273+0000] {processor.py:829} INFO - Processing file /home/airflow/.local/lib/python3.8/site-packages/airflow/example_dags/example_task_group_decorator.py for tasks to queue
[2024-05-11T21:20:34.275+0000] {logging_mixin.py:154} INFO - [2024-05-11T21:20:34.275+0000] {dagbag.py:536} INFO - Filling up the DagBag from /home/airflow/.local/lib/python3.8/site-packages/airflow/example_dags/example_task_group_decorator.py
[2024-05-11T21:20:34.284+0000] {processor.py:839} INFO - DAG(s) dict_keys(['example_task_group_decorator']) retrieved from /home/airflow/.local/lib/python3.8/site-packages/airflow/example_dags/example_task_group_decorator.py
[2024-05-11T21:20:34.301+0000] {logging_mixin.py:154} INFO - [2024-05-11T21:20:34.301+0000] {dag.py:2941} INFO - Sync 1 DAGs
[2024-05-11T21:20:34.314+0000] {logging_mixin.py:154} INFO - [2024-05-11T21:20:34.314+0000] {dag.py:3722} INFO - Setting next_dagrun for example_task_group_decorator to 2024-05-10T21:20:34.313996+00:00, run_after=2024-05-11T21:20:34.313996+00:00
[2024-05-11T21:20:34.324+0000] {processor.py:179} INFO - Processing /home/airflow/.local/lib/python3.8/site-packages/airflow/example_dags/example_task_group_decorator.py took 0.055 seconds
[2024-05-11T21:21:04.426+0000] {processor.py:157} INFO - Started process (PID=544) to work on /home/airflow/.local/lib/python3.8/site-packages/airflow/example_dags/example_task_group_decorator.py
[2024-05-11T21:21:04.427+0000] {processor.py:829} INFO - Processing file /home/airflow/.local/lib/python3.8/site-packages/airflow/example_dags/example_task_group_decorator.py for tasks to queue
[2024-05-11T21:21:04.429+0000] {logging_mixin.py:154} INFO - [2024-05-11T21:21:04.429+0000] {dagbag.py:536} INFO - Filling up the DagBag from /home/airflow/.local/lib/python3.8/site-packages/airflow/example_dags/example_task_group_decorator.py
[2024-05-11T21:21:04.438+0000] {processor.py:839} INFO - DAG(s) dict_keys(['example_task_group_decorator']) retrieved from /home/airflow/.local/lib/python3.8/site-packages/airflow/example_dags/example_task_group_decorator.py
[2024-05-11T21:21:04.457+0000] {logging_mixin.py:154} INFO - [2024-05-11T21:21:04.457+0000] {dag.py:2941} INFO - Sync 1 DAGs
[2024-05-11T21:21:04.473+0000] {logging_mixin.py:154} INFO - [2024-05-11T21:21:04.473+0000] {dag.py:3722} INFO - Setting next_dagrun for example_task_group_decorator to 2024-05-10T21:21:04.472882+00:00, run_after=2024-05-11T21:21:04.472882+00:00
[2024-05-11T21:21:04.485+0000] {processor.py:179} INFO - Processing /home/airflow/.local/lib/python3.8/site-packages/airflow/example_dags/example_task_group_decorator.py took 0.062 seconds
[2024-05-11T21:21:34.894+0000] {processor.py:157} INFO - Started process (PID=599) to work on /home/airflow/.local/lib/python3.8/site-packages/airflow/example_dags/example_task_group_decorator.py
[2024-05-11T21:21:34.895+0000] {processor.py:829} INFO - Processing file /home/airflow/.local/lib/python3.8/site-packages/airflow/example_dags/example_task_group_decorator.py for tasks to queue
[2024-05-11T21:21:34.898+0000] {logging_mixin.py:154} INFO - [2024-05-11T21:21:34.898+0000] {dagbag.py:536} INFO - Filling up the DagBag from /home/airflow/.local/lib/python3.8/site-packages/airflow/example_dags/example_task_group_decorator.py
[2024-05-11T21:21:34.908+0000] {processor.py:839} INFO - DAG(s) dict_keys(['example_task_group_decorator']) retrieved from /home/airflow/.local/lib/python3.8/site-packages/airflow/example_dags/example_task_group_decorator.py
[2024-05-11T21:21:34.928+0000] {logging_mixin.py:154} INFO - [2024-05-11T21:21:34.928+0000] {dag.py:2941} INFO - Sync 1 DAGs
[2024-05-11T21:21:34.942+0000] {logging_mixin.py:154} INFO - [2024-05-11T21:21:34.942+0000] {dag.py:3722} INFO - Setting next_dagrun for example_task_group_decorator to 2024-05-10T21:21:34.942493+00:00, run_after=2024-05-11T21:21:34.942493+00:00
[2024-05-11T21:21:34.954+0000] {processor.py:179} INFO - Processing /home/airflow/.local/lib/python3.8/site-packages/airflow/example_dags/example_task_group_decorator.py took 0.063 seconds
[2024-05-11T21:42:07.425+0000] {processor.py:157} INFO - Started process (PID=64) to work on /home/airflow/.local/lib/python3.8/site-packages/airflow/example_dags/example_task_group_decorator.py
[2024-05-11T21:42:07.427+0000] {processor.py:829} INFO - Processing file /home/airflow/.local/lib/python3.8/site-packages/airflow/example_dags/example_task_group_decorator.py for tasks to queue
[2024-05-11T21:42:07.431+0000] {logging_mixin.py:154} INFO - [2024-05-11T21:42:07.430+0000] {dagbag.py:536} INFO - Filling up the DagBag from /home/airflow/.local/lib/python3.8/site-packages/airflow/example_dags/example_task_group_decorator.py
[2024-05-11T21:42:07.456+0000] {processor.py:839} INFO - DAG(s) dict_keys(['example_task_group_decorator']) retrieved from /home/airflow/.local/lib/python3.8/site-packages/airflow/example_dags/example_task_group_decorator.py
[2024-05-11T21:42:07.588+0000] {logging_mixin.py:154} INFO - [2024-05-11T21:42:07.588+0000] {manager.py:499} INFO - Created Permission View: %s
[2024-05-11T21:42:07.606+0000] {logging_mixin.py:154} INFO - [2024-05-11T21:42:07.605+0000] {manager.py:499} INFO - Created Permission View: %s
[2024-05-11T21:42:07.614+0000] {logging_mixin.py:154} INFO - [2024-05-11T21:42:07.614+0000] {manager.py:499} INFO - Created Permission View: %s
[2024-05-11T21:42:07.616+0000] {logging_mixin.py:154} INFO - [2024-05-11T21:42:07.616+0000] {dag.py:2941} INFO - Sync 1 DAGs
[2024-05-11T21:42:07.627+0000] {logging_mixin.py:154} INFO - [2024-05-11T21:42:07.627+0000] {dag.py:2963} INFO - Creating ORM DAG for example_task_group_decorator
[2024-05-11T21:42:07.638+0000] {logging_mixin.py:154} INFO - [2024-05-11T21:42:07.638+0000] {dag.py:3722} INFO - Setting next_dagrun for example_task_group_decorator to 2024-05-10T21:42:07.637756+00:00, run_after=2024-05-11T21:42:07.637756+00:00
[2024-05-11T21:42:07.658+0000] {processor.py:179} INFO - Processing /home/airflow/.local/lib/python3.8/site-packages/airflow/example_dags/example_task_group_decorator.py took 0.238 seconds
[2024-05-11T21:42:38.387+0000] {processor.py:157} INFO - Started process (PID=119) to work on /home/airflow/.local/lib/python3.8/site-packages/airflow/example_dags/example_task_group_decorator.py
[2024-05-11T21:42:38.389+0000] {processor.py:829} INFO - Processing file /home/airflow/.local/lib/python3.8/site-packages/airflow/example_dags/example_task_group_decorator.py for tasks to queue
[2024-05-11T21:42:38.391+0000] {logging_mixin.py:154} INFO - [2024-05-11T21:42:38.391+0000] {dagbag.py:536} INFO - Filling up the DagBag from /home/airflow/.local/lib/python3.8/site-packages/airflow/example_dags/example_task_group_decorator.py
[2024-05-11T21:42:38.402+0000] {processor.py:839} INFO - DAG(s) dict_keys(['example_task_group_decorator']) retrieved from /home/airflow/.local/lib/python3.8/site-packages/airflow/example_dags/example_task_group_decorator.py
[2024-05-11T21:42:38.425+0000] {logging_mixin.py:154} INFO - [2024-05-11T21:42:38.425+0000] {dag.py:2941} INFO - Sync 1 DAGs
[2024-05-11T21:42:38.448+0000] {logging_mixin.py:154} INFO - [2024-05-11T21:42:38.448+0000] {dag.py:3722} INFO - Setting next_dagrun for example_task_group_decorator to 2024-05-10T21:42:38.448170+00:00, run_after=2024-05-11T21:42:38.448170+00:00
[2024-05-11T21:42:38.462+0000] {processor.py:179} INFO - Processing /home/airflow/.local/lib/python3.8/site-packages/airflow/example_dags/example_task_group_decorator.py took 0.078 seconds
[2024-05-11T21:43:08.572+0000] {processor.py:157} INFO - Started process (PID=174) to work on /home/airflow/.local/lib/python3.8/site-packages/airflow/example_dags/example_task_group_decorator.py
[2024-05-11T21:43:08.573+0000] {processor.py:829} INFO - Processing file /home/airflow/.local/lib/python3.8/site-packages/airflow/example_dags/example_task_group_decorator.py for tasks to queue
[2024-05-11T21:43:08.577+0000] {logging_mixin.py:154} INFO - [2024-05-11T21:43:08.577+0000] {dagbag.py:536} INFO - Filling up the DagBag from /home/airflow/.local/lib/python3.8/site-packages/airflow/example_dags/example_task_group_decorator.py
[2024-05-11T21:43:08.590+0000] {processor.py:839} INFO - DAG(s) dict_keys(['example_task_group_decorator']) retrieved from /home/airflow/.local/lib/python3.8/site-packages/airflow/example_dags/example_task_group_decorator.py
[2024-05-11T21:43:08.613+0000] {logging_mixin.py:154} INFO - [2024-05-11T21:43:08.613+0000] {dag.py:2941} INFO - Sync 1 DAGs
[2024-05-11T21:43:08.631+0000] {logging_mixin.py:154} INFO - [2024-05-11T21:43:08.631+0000] {dag.py:3722} INFO - Setting next_dagrun for example_task_group_decorator to 2024-05-10T21:43:08.631113+00:00, run_after=2024-05-11T21:43:08.631113+00:00
[2024-05-11T21:43:08.645+0000] {processor.py:179} INFO - Processing /home/airflow/.local/lib/python3.8/site-packages/airflow/example_dags/example_task_group_decorator.py took 0.077 seconds
[2024-05-11T21:43:39.212+0000] {processor.py:157} INFO - Started process (PID=229) to work on /home/airflow/.local/lib/python3.8/site-packages/airflow/example_dags/example_task_group_decorator.py
[2024-05-11T21:43:39.215+0000] {processor.py:829} INFO - Processing file /home/airflow/.local/lib/python3.8/site-packages/airflow/example_dags/example_task_group_decorator.py for tasks to queue
[2024-05-11T21:43:39.219+0000] {logging_mixin.py:154} INFO - [2024-05-11T21:43:39.218+0000] {dagbag.py:536} INFO - Filling up the DagBag from /home/airflow/.local/lib/python3.8/site-packages/airflow/example_dags/example_task_group_decorator.py
[2024-05-11T21:43:39.229+0000] {processor.py:839} INFO - DAG(s) dict_keys(['example_task_group_decorator']) retrieved from /home/airflow/.local/lib/python3.8/site-packages/airflow/example_dags/example_task_group_decorator.py
[2024-05-11T21:43:39.253+0000] {logging_mixin.py:154} INFO - [2024-05-11T21:43:39.253+0000] {dag.py:2941} INFO - Sync 1 DAGs
[2024-05-11T21:43:39.271+0000] {logging_mixin.py:154} INFO - [2024-05-11T21:43:39.271+0000] {dag.py:3722} INFO - Setting next_dagrun for example_task_group_decorator to 2024-05-10T21:43:39.271364+00:00, run_after=2024-05-11T21:43:39.271364+00:00
[2024-05-11T21:43:39.299+0000] {processor.py:179} INFO - Processing /home/airflow/.local/lib/python3.8/site-packages/airflow/example_dags/example_task_group_decorator.py took 0.091 seconds
[2024-05-11T21:44:09.918+0000] {processor.py:157} INFO - Started process (PID=284) to work on /home/airflow/.local/lib/python3.8/site-packages/airflow/example_dags/example_task_group_decorator.py
[2024-05-11T21:44:09.921+0000] {processor.py:829} INFO - Processing file /home/airflow/.local/lib/python3.8/site-packages/airflow/example_dags/example_task_group_decorator.py for tasks to queue
[2024-05-11T21:44:09.924+0000] {logging_mixin.py:154} INFO - [2024-05-11T21:44:09.924+0000] {dagbag.py:536} INFO - Filling up the DagBag from /home/airflow/.local/lib/python3.8/site-packages/airflow/example_dags/example_task_group_decorator.py
[2024-05-11T21:44:09.935+0000] {processor.py:839} INFO - DAG(s) dict_keys(['example_task_group_decorator']) retrieved from /home/airflow/.local/lib/python3.8/site-packages/airflow/example_dags/example_task_group_decorator.py
[2024-05-11T21:44:09.958+0000] {logging_mixin.py:154} INFO - [2024-05-11T21:44:09.958+0000] {dag.py:2941} INFO - Sync 1 DAGs
[2024-05-11T21:44:09.977+0000] {logging_mixin.py:154} INFO - [2024-05-11T21:44:09.976+0000] {dag.py:3722} INFO - Setting next_dagrun for example_task_group_decorator to 2024-05-10T21:44:09.976553+00:00, run_after=2024-05-11T21:44:09.976553+00:00
[2024-05-11T21:44:09.990+0000] {processor.py:179} INFO - Processing /home/airflow/.local/lib/python3.8/site-packages/airflow/example_dags/example_task_group_decorator.py took 0.075 seconds
[2024-05-11T21:44:40.395+0000] {processor.py:157} INFO - Started process (PID=339) to work on /home/airflow/.local/lib/python3.8/site-packages/airflow/example_dags/example_task_group_decorator.py
[2024-05-11T21:44:40.397+0000] {processor.py:829} INFO - Processing file /home/airflow/.local/lib/python3.8/site-packages/airflow/example_dags/example_task_group_decorator.py for tasks to queue
[2024-05-11T21:44:40.399+0000] {logging_mixin.py:154} INFO - [2024-05-11T21:44:40.399+0000] {dagbag.py:536} INFO - Filling up the DagBag from /home/airflow/.local/lib/python3.8/site-packages/airflow/example_dags/example_task_group_decorator.py
[2024-05-11T21:44:40.410+0000] {processor.py:839} INFO - DAG(s) dict_keys(['example_task_group_decorator']) retrieved from /home/airflow/.local/lib/python3.8/site-packages/airflow/example_dags/example_task_group_decorator.py
[2024-05-11T21:44:40.433+0000] {logging_mixin.py:154} INFO - [2024-05-11T21:44:40.433+0000] {dag.py:2941} INFO - Sync 1 DAGs
[2024-05-11T21:44:40.451+0000] {logging_mixin.py:154} INFO - [2024-05-11T21:44:40.450+0000] {dag.py:3722} INFO - Setting next_dagrun for example_task_group_decorator to 2024-05-10T21:44:40.450743+00:00, run_after=2024-05-11T21:44:40.450743+00:00
[2024-05-11T21:44:40.470+0000] {processor.py:179} INFO - Processing /home/airflow/.local/lib/python3.8/site-packages/airflow/example_dags/example_task_group_decorator.py took 0.078 seconds
[2024-05-11T21:45:11.058+0000] {processor.py:157} INFO - Started process (PID=394) to work on /home/airflow/.local/lib/python3.8/site-packages/airflow/example_dags/example_task_group_decorator.py
[2024-05-11T21:45:11.059+0000] {processor.py:829} INFO - Processing file /home/airflow/.local/lib/python3.8/site-packages/airflow/example_dags/example_task_group_decorator.py for tasks to queue
[2024-05-11T21:45:11.062+0000] {logging_mixin.py:154} INFO - [2024-05-11T21:45:11.061+0000] {dagbag.py:536} INFO - Filling up the DagBag from /home/airflow/.local/lib/python3.8/site-packages/airflow/example_dags/example_task_group_decorator.py
[2024-05-11T21:45:11.074+0000] {processor.py:839} INFO - DAG(s) dict_keys(['example_task_group_decorator']) retrieved from /home/airflow/.local/lib/python3.8/site-packages/airflow/example_dags/example_task_group_decorator.py
[2024-05-11T21:45:11.097+0000] {logging_mixin.py:154} INFO - [2024-05-11T21:45:11.097+0000] {dag.py:2941} INFO - Sync 1 DAGs
[2024-05-11T21:45:11.112+0000] {logging_mixin.py:154} INFO - [2024-05-11T21:45:11.112+0000] {dag.py:3722} INFO - Setting next_dagrun for example_task_group_decorator to 2024-05-10T21:45:11.112629+00:00, run_after=2024-05-11T21:45:11.112629+00:00
[2024-05-11T21:45:11.127+0000] {processor.py:179} INFO - Processing /home/airflow/.local/lib/python3.8/site-packages/airflow/example_dags/example_task_group_decorator.py took 0.073 seconds
[2024-05-11T21:45:41.643+0000] {processor.py:157} INFO - Started process (PID=450) to work on /home/airflow/.local/lib/python3.8/site-packages/airflow/example_dags/example_task_group_decorator.py
[2024-05-11T21:45:41.645+0000] {processor.py:829} INFO - Processing file /home/airflow/.local/lib/python3.8/site-packages/airflow/example_dags/example_task_group_decorator.py for tasks to queue
[2024-05-11T21:45:41.649+0000] {logging_mixin.py:154} INFO - [2024-05-11T21:45:41.648+0000] {dagbag.py:536} INFO - Filling up the DagBag from /home/airflow/.local/lib/python3.8/site-packages/airflow/example_dags/example_task_group_decorator.py
[2024-05-11T21:45:41.664+0000] {processor.py:839} INFO - DAG(s) dict_keys(['example_task_group_decorator']) retrieved from /home/airflow/.local/lib/python3.8/site-packages/airflow/example_dags/example_task_group_decorator.py
[2024-05-11T21:45:41.698+0000] {logging_mixin.py:154} INFO - [2024-05-11T21:45:41.698+0000] {dag.py:2941} INFO - Sync 1 DAGs
[2024-05-11T21:45:41.714+0000] {logging_mixin.py:154} INFO - [2024-05-11T21:45:41.714+0000] {dag.py:3722} INFO - Setting next_dagrun for example_task_group_decorator to 2024-05-10T21:45:41.714103+00:00, run_after=2024-05-11T21:45:41.714103+00:00
[2024-05-11T21:45:41.727+0000] {processor.py:179} INFO - Processing /home/airflow/.local/lib/python3.8/site-packages/airflow/example_dags/example_task_group_decorator.py took 0.090 seconds
[2024-05-11T21:46:12.436+0000] {processor.py:157} INFO - Started process (PID=505) to work on /home/airflow/.local/lib/python3.8/site-packages/airflow/example_dags/example_task_group_decorator.py
[2024-05-11T21:46:12.437+0000] {processor.py:829} INFO - Processing file /home/airflow/.local/lib/python3.8/site-packages/airflow/example_dags/example_task_group_decorator.py for tasks to queue
[2024-05-11T21:46:12.440+0000] {logging_mixin.py:154} INFO - [2024-05-11T21:46:12.440+0000] {dagbag.py:536} INFO - Filling up the DagBag from /home/airflow/.local/lib/python3.8/site-packages/airflow/example_dags/example_task_group_decorator.py
[2024-05-11T21:46:12.451+0000] {processor.py:839} INFO - DAG(s) dict_keys(['example_task_group_decorator']) retrieved from /home/airflow/.local/lib/python3.8/site-packages/airflow/example_dags/example_task_group_decorator.py
[2024-05-11T21:46:12.476+0000] {logging_mixin.py:154} INFO - [2024-05-11T21:46:12.476+0000] {dag.py:2941} INFO - Sync 1 DAGs
[2024-05-11T21:46:12.495+0000] {logging_mixin.py:154} INFO - [2024-05-11T21:46:12.494+0000] {dag.py:3722} INFO - Setting next_dagrun for example_task_group_decorator to 2024-05-10T21:46:12.494669+00:00, run_after=2024-05-11T21:46:12.494669+00:00
[2024-05-11T21:46:12.509+0000] {processor.py:179} INFO - Processing /home/airflow/.local/lib/python3.8/site-packages/airflow/example_dags/example_task_group_decorator.py took 0.077 seconds
[2024-05-11T21:46:43.010+0000] {processor.py:157} INFO - Started process (PID=560) to work on /home/airflow/.local/lib/python3.8/site-packages/airflow/example_dags/example_task_group_decorator.py
[2024-05-11T21:46:43.012+0000] {processor.py:829} INFO - Processing file /home/airflow/.local/lib/python3.8/site-packages/airflow/example_dags/example_task_group_decorator.py for tasks to queue
[2024-05-11T21:46:43.014+0000] {logging_mixin.py:154} INFO - [2024-05-11T21:46:43.014+0000] {dagbag.py:536} INFO - Filling up the DagBag from /home/airflow/.local/lib/python3.8/site-packages/airflow/example_dags/example_task_group_decorator.py
[2024-05-11T21:46:43.024+0000] {processor.py:839} INFO - DAG(s) dict_keys(['example_task_group_decorator']) retrieved from /home/airflow/.local/lib/python3.8/site-packages/airflow/example_dags/example_task_group_decorator.py
[2024-05-11T21:46:43.046+0000] {logging_mixin.py:154} INFO - [2024-05-11T21:46:43.046+0000] {dag.py:2941} INFO - Sync 1 DAGs
[2024-05-11T21:46:43.064+0000] {logging_mixin.py:154} INFO - [2024-05-11T21:46:43.064+0000] {dag.py:3722} INFO - Setting next_dagrun for example_task_group_decorator to 2024-05-10T21:46:43.064183+00:00, run_after=2024-05-11T21:46:43.064183+00:00
[2024-05-11T21:46:43.078+0000] {processor.py:179} INFO - Processing /home/airflow/.local/lib/python3.8/site-packages/airflow/example_dags/example_task_group_decorator.py took 0.071 seconds
