[2024-05-11T21:03:21.164+0000] {processor.py:157} INFO - Started process (PID=66) to work on /home/airflow/.local/lib/python3.8/site-packages/airflow/example_dags/example_branch_datetime_operator.py
[2024-05-11T21:03:21.165+0000] {processor.py:829} INFO - Processing file /home/airflow/.local/lib/python3.8/site-packages/airflow/example_dags/example_branch_datetime_operator.py for tasks to queue
[2024-05-11T21:03:21.169+0000] {logging_mixin.py:154} INFO - [2024-05-11T21:03:21.169+0000] {dagbag.py:536} INFO - Filling up the DagBag from /home/airflow/.local/lib/python3.8/site-packages/airflow/example_dags/example_branch_datetime_operator.py
[2024-05-11T21:03:21.177+0000] {processor.py:839} INFO - DAG(s) dict_keys(['example_branch_datetime_operator_2', 'example_branch_datetime_operator', 'example_branch_datetime_operator_3']) retrieved from /home/airflow/.local/lib/python3.8/site-packages/airflow/example_dags/example_branch_datetime_operator.py
[2024-05-11T21:03:21.246+0000] {logging_mixin.py:154} INFO - [2024-05-11T21:03:21.246+0000] {manager.py:499} INFO - Created Permission View: %s
[2024-05-11T21:03:21.251+0000] {logging_mixin.py:154} INFO - [2024-05-11T21:03:21.251+0000] {manager.py:499} INFO - Created Permission View: %s
[2024-05-11T21:03:21.256+0000] {logging_mixin.py:154} INFO - [2024-05-11T21:03:21.256+0000] {manager.py:499} INFO - Created Permission View: %s
[2024-05-11T21:03:21.267+0000] {logging_mixin.py:154} INFO - [2024-05-11T21:03:21.266+0000] {manager.py:499} INFO - Created Permission View: %s
[2024-05-11T21:03:21.273+0000] {logging_mixin.py:154} INFO - [2024-05-11T21:03:21.273+0000] {manager.py:499} INFO - Created Permission View: %s
[2024-05-11T21:03:21.278+0000] {logging_mixin.py:154} INFO - [2024-05-11T21:03:21.278+0000] {manager.py:499} INFO - Created Permission View: %s
[2024-05-11T21:03:21.286+0000] {logging_mixin.py:154} INFO - [2024-05-11T21:03:21.286+0000] {manager.py:499} INFO - Created Permission View: %s
[2024-05-11T21:03:21.290+0000] {logging_mixin.py:154} INFO - [2024-05-11T21:03:21.290+0000] {manager.py:499} INFO - Created Permission View: %s
[2024-05-11T21:03:21.294+0000] {logging_mixin.py:154} INFO - [2024-05-11T21:03:21.294+0000] {manager.py:499} INFO - Created Permission View: %s
[2024-05-11T21:03:21.294+0000] {logging_mixin.py:154} INFO - [2024-05-11T21:03:21.294+0000] {dag.py:2941} INFO - Sync 3 DAGs
[2024-05-11T21:03:21.302+0000] {logging_mixin.py:154} INFO - [2024-05-11T21:03:21.302+0000] {dag.py:2963} INFO - Creating ORM DAG for example_branch_datetime_operator_3
[2024-05-11T21:03:21.303+0000] {logging_mixin.py:154} INFO - [2024-05-11T21:03:21.303+0000] {dag.py:2963} INFO - Creating ORM DAG for example_branch_datetime_operator
[2024-05-11T21:03:21.304+0000] {logging_mixin.py:154} INFO - [2024-05-11T21:03:21.303+0000] {dag.py:2963} INFO - Creating ORM DAG for example_branch_datetime_operator_2
[2024-05-11T21:03:21.310+0000] {logging_mixin.py:154} INFO - [2024-05-11T21:03:21.310+0000] {dag.py:3722} INFO - Setting next_dagrun for example_branch_datetime_operator to 2024-05-10T00:00:00+00:00, run_after=2024-05-11T00:00:00+00:00
[2024-05-11T21:03:21.312+0000] {logging_mixin.py:154} INFO - [2024-05-11T21:03:21.312+0000] {dag.py:3722} INFO - Setting next_dagrun for example_branch_datetime_operator_2 to 2024-05-10T00:00:00+00:00, run_after=2024-05-11T00:00:00+00:00
[2024-05-11T21:03:21.313+0000] {logging_mixin.py:154} INFO - [2024-05-11T21:03:21.313+0000] {dag.py:3722} INFO - Setting next_dagrun for example_branch_datetime_operator_3 to 2024-05-10T00:00:00+00:00, run_after=2024-05-11T00:00:00+00:00
[2024-05-11T21:03:21.324+0000] {processor.py:179} INFO - Processing /home/airflow/.local/lib/python3.8/site-packages/airflow/example_dags/example_branch_datetime_operator.py took 0.163 seconds
[2024-05-11T21:03:52.072+0000] {processor.py:157} INFO - Started process (PID=121) to work on /home/airflow/.local/lib/python3.8/site-packages/airflow/example_dags/example_branch_datetime_operator.py
[2024-05-11T21:03:52.074+0000] {processor.py:829} INFO - Processing file /home/airflow/.local/lib/python3.8/site-packages/airflow/example_dags/example_branch_datetime_operator.py for tasks to queue
[2024-05-11T21:03:52.077+0000] {logging_mixin.py:154} INFO - [2024-05-11T21:03:52.077+0000] {dagbag.py:536} INFO - Filling up the DagBag from /home/airflow/.local/lib/python3.8/site-packages/airflow/example_dags/example_branch_datetime_operator.py
[2024-05-11T21:03:52.085+0000] {processor.py:839} INFO - DAG(s) dict_keys(['example_branch_datetime_operator', 'example_branch_datetime_operator_3', 'example_branch_datetime_operator_2']) retrieved from /home/airflow/.local/lib/python3.8/site-packages/airflow/example_dags/example_branch_datetime_operator.py
[2024-05-11T21:03:52.108+0000] {logging_mixin.py:154} INFO - [2024-05-11T21:03:52.108+0000] {dag.py:2941} INFO - Sync 3 DAGs
[2024-05-11T21:03:52.125+0000] {logging_mixin.py:154} INFO - [2024-05-11T21:03:52.125+0000] {dag.py:3722} INFO - Setting next_dagrun for example_branch_datetime_operator to 2024-05-10T00:00:00+00:00, run_after=2024-05-11T00:00:00+00:00
[2024-05-11T21:03:52.130+0000] {logging_mixin.py:154} INFO - [2024-05-11T21:03:52.130+0000] {dag.py:3722} INFO - Setting next_dagrun for example_branch_datetime_operator_2 to 2024-05-10T00:00:00+00:00, run_after=2024-05-11T00:00:00+00:00
[2024-05-11T21:03:52.133+0000] {logging_mixin.py:154} INFO - [2024-05-11T21:03:52.133+0000] {dag.py:3722} INFO - Setting next_dagrun for example_branch_datetime_operator_3 to 2024-05-10T00:00:00+00:00, run_after=2024-05-11T00:00:00+00:00
[2024-05-11T21:03:52.149+0000] {processor.py:179} INFO - Processing /home/airflow/.local/lib/python3.8/site-packages/airflow/example_dags/example_branch_datetime_operator.py took 0.079 seconds
[2024-05-11T21:04:22.367+0000] {processor.py:157} INFO - Started process (PID=175) to work on /home/airflow/.local/lib/python3.8/site-packages/airflow/example_dags/example_branch_datetime_operator.py
[2024-05-11T21:04:22.369+0000] {processor.py:829} INFO - Processing file /home/airflow/.local/lib/python3.8/site-packages/airflow/example_dags/example_branch_datetime_operator.py for tasks to queue
[2024-05-11T21:04:22.371+0000] {logging_mixin.py:154} INFO - [2024-05-11T21:04:22.370+0000] {dagbag.py:536} INFO - Filling up the DagBag from /home/airflow/.local/lib/python3.8/site-packages/airflow/example_dags/example_branch_datetime_operator.py
[2024-05-11T21:04:22.378+0000] {processor.py:839} INFO - DAG(s) dict_keys(['example_branch_datetime_operator', 'example_branch_datetime_operator_2', 'example_branch_datetime_operator_3']) retrieved from /home/airflow/.local/lib/python3.8/site-packages/airflow/example_dags/example_branch_datetime_operator.py
[2024-05-11T21:04:22.400+0000] {logging_mixin.py:154} INFO - [2024-05-11T21:04:22.400+0000] {dag.py:2941} INFO - Sync 3 DAGs
[2024-05-11T21:04:22.416+0000] {logging_mixin.py:154} INFO - [2024-05-11T21:04:22.416+0000] {dag.py:3722} INFO - Setting next_dagrun for example_branch_datetime_operator to 2024-05-10T00:00:00+00:00, run_after=2024-05-11T00:00:00+00:00
[2024-05-11T21:04:22.420+0000] {logging_mixin.py:154} INFO - [2024-05-11T21:04:22.420+0000] {dag.py:3722} INFO - Setting next_dagrun for example_branch_datetime_operator_2 to 2024-05-10T00:00:00+00:00, run_after=2024-05-11T00:00:00+00:00
[2024-05-11T21:04:22.422+0000] {logging_mixin.py:154} INFO - [2024-05-11T21:04:22.422+0000] {dag.py:3722} INFO - Setting next_dagrun for example_branch_datetime_operator_3 to 2024-05-10T00:00:00+00:00, run_after=2024-05-11T00:00:00+00:00
[2024-05-11T21:04:22.433+0000] {processor.py:179} INFO - Processing /home/airflow/.local/lib/python3.8/site-packages/airflow/example_dags/example_branch_datetime_operator.py took 0.068 seconds
[2024-05-11T21:04:52.785+0000] {processor.py:157} INFO - Started process (PID=230) to work on /home/airflow/.local/lib/python3.8/site-packages/airflow/example_dags/example_branch_datetime_operator.py
[2024-05-11T21:04:52.786+0000] {processor.py:829} INFO - Processing file /home/airflow/.local/lib/python3.8/site-packages/airflow/example_dags/example_branch_datetime_operator.py for tasks to queue
[2024-05-11T21:04:52.789+0000] {logging_mixin.py:154} INFO - [2024-05-11T21:04:52.789+0000] {dagbag.py:536} INFO - Filling up the DagBag from /home/airflow/.local/lib/python3.8/site-packages/airflow/example_dags/example_branch_datetime_operator.py
[2024-05-11T21:04:52.797+0000] {processor.py:839} INFO - DAG(s) dict_keys(['example_branch_datetime_operator_3', 'example_branch_datetime_operator_2', 'example_branch_datetime_operator']) retrieved from /home/airflow/.local/lib/python3.8/site-packages/airflow/example_dags/example_branch_datetime_operator.py
[2024-05-11T21:04:52.865+0000] {logging_mixin.py:154} INFO - [2024-05-11T21:04:52.865+0000] {dag.py:2941} INFO - Sync 3 DAGs
[2024-05-11T21:04:52.883+0000] {logging_mixin.py:154} INFO - [2024-05-11T21:04:52.883+0000] {dag.py:3722} INFO - Setting next_dagrun for example_branch_datetime_operator to 2024-05-10T00:00:00+00:00, run_after=2024-05-11T00:00:00+00:00
[2024-05-11T21:04:52.887+0000] {logging_mixin.py:154} INFO - [2024-05-11T21:04:52.887+0000] {dag.py:3722} INFO - Setting next_dagrun for example_branch_datetime_operator_2 to 2024-05-10T00:00:00+00:00, run_after=2024-05-11T00:00:00+00:00
[2024-05-11T21:04:52.890+0000] {logging_mixin.py:154} INFO - [2024-05-11T21:04:52.890+0000] {dag.py:3722} INFO - Setting next_dagrun for example_branch_datetime_operator_3 to 2024-05-10T00:00:00+00:00, run_after=2024-05-11T00:00:00+00:00
[2024-05-11T21:04:52.900+0000] {processor.py:179} INFO - Processing /home/airflow/.local/lib/python3.8/site-packages/airflow/example_dags/example_branch_datetime_operator.py took 0.119 seconds
[2024-05-11T21:05:44.311+0000] {processor.py:157} INFO - Started process (PID=67) to work on /home/airflow/.local/lib/python3.8/site-packages/airflow/example_dags/example_branch_datetime_operator.py
[2024-05-11T21:05:44.313+0000] {processor.py:829} INFO - Processing file /home/airflow/.local/lib/python3.8/site-packages/airflow/example_dags/example_branch_datetime_operator.py for tasks to queue
[2024-05-11T21:05:44.316+0000] {logging_mixin.py:154} INFO - [2024-05-11T21:05:44.316+0000] {dagbag.py:536} INFO - Filling up the DagBag from /home/airflow/.local/lib/python3.8/site-packages/airflow/example_dags/example_branch_datetime_operator.py
[2024-05-11T21:05:44.330+0000] {processor.py:839} INFO - DAG(s) dict_keys(['example_branch_datetime_operator_2', 'example_branch_datetime_operator', 'example_branch_datetime_operator_3']) retrieved from /home/airflow/.local/lib/python3.8/site-packages/airflow/example_dags/example_branch_datetime_operator.py
[2024-05-11T21:05:44.348+0000] {logging_mixin.py:154} INFO - [2024-05-11T21:05:44.348+0000] {dag.py:2941} INFO - Sync 3 DAGs
[2024-05-11T21:05:44.377+0000] {logging_mixin.py:154} INFO - [2024-05-11T21:05:44.377+0000] {dag.py:3722} INFO - Setting next_dagrun for example_branch_datetime_operator to 2024-05-10T00:00:00+00:00, run_after=2024-05-11T00:00:00+00:00
[2024-05-11T21:05:44.381+0000] {logging_mixin.py:154} INFO - [2024-05-11T21:05:44.381+0000] {dag.py:3722} INFO - Setting next_dagrun for example_branch_datetime_operator_2 to 2024-05-10T00:00:00+00:00, run_after=2024-05-11T00:00:00+00:00
[2024-05-11T21:05:44.384+0000] {logging_mixin.py:154} INFO - [2024-05-11T21:05:44.384+0000] {dag.py:3722} INFO - Setting next_dagrun for example_branch_datetime_operator_3 to 2024-05-10T00:00:00+00:00, run_after=2024-05-11T00:00:00+00:00
[2024-05-11T21:05:44.398+0000] {processor.py:179} INFO - Processing /home/airflow/.local/lib/python3.8/site-packages/airflow/example_dags/example_branch_datetime_operator.py took 0.090 seconds
[2024-05-11T21:06:14.482+0000] {processor.py:157} INFO - Started process (PID=122) to work on /home/airflow/.local/lib/python3.8/site-packages/airflow/example_dags/example_branch_datetime_operator.py
[2024-05-11T21:06:14.483+0000] {processor.py:829} INFO - Processing file /home/airflow/.local/lib/python3.8/site-packages/airflow/example_dags/example_branch_datetime_operator.py for tasks to queue
[2024-05-11T21:06:14.485+0000] {logging_mixin.py:154} INFO - [2024-05-11T21:06:14.485+0000] {dagbag.py:536} INFO - Filling up the DagBag from /home/airflow/.local/lib/python3.8/site-packages/airflow/example_dags/example_branch_datetime_operator.py
[2024-05-11T21:06:14.493+0000] {processor.py:839} INFO - DAG(s) dict_keys(['example_branch_datetime_operator_3', 'example_branch_datetime_operator_2', 'example_branch_datetime_operator']) retrieved from /home/airflow/.local/lib/python3.8/site-packages/airflow/example_dags/example_branch_datetime_operator.py
[2024-05-11T21:06:14.513+0000] {logging_mixin.py:154} INFO - [2024-05-11T21:06:14.513+0000] {dag.py:2941} INFO - Sync 3 DAGs
[2024-05-11T21:06:14.528+0000] {logging_mixin.py:154} INFO - [2024-05-11T21:06:14.528+0000] {dag.py:3722} INFO - Setting next_dagrun for example_branch_datetime_operator to 2024-05-10T00:00:00+00:00, run_after=2024-05-11T00:00:00+00:00
[2024-05-11T21:06:14.532+0000] {logging_mixin.py:154} INFO - [2024-05-11T21:06:14.532+0000] {dag.py:3722} INFO - Setting next_dagrun for example_branch_datetime_operator_2 to 2024-05-10T00:00:00+00:00, run_after=2024-05-11T00:00:00+00:00
[2024-05-11T21:06:14.534+0000] {logging_mixin.py:154} INFO - [2024-05-11T21:06:14.534+0000] {dag.py:3722} INFO - Setting next_dagrun for example_branch_datetime_operator_3 to 2024-05-10T00:00:00+00:00, run_after=2024-05-11T00:00:00+00:00
[2024-05-11T21:06:14.547+0000] {processor.py:179} INFO - Processing /home/airflow/.local/lib/python3.8/site-packages/airflow/example_dags/example_branch_datetime_operator.py took 0.068 seconds
[2024-05-11T21:06:44.814+0000] {processor.py:157} INFO - Started process (PID=177) to work on /home/airflow/.local/lib/python3.8/site-packages/airflow/example_dags/example_branch_datetime_operator.py
[2024-05-11T21:06:44.815+0000] {processor.py:829} INFO - Processing file /home/airflow/.local/lib/python3.8/site-packages/airflow/example_dags/example_branch_datetime_operator.py for tasks to queue
[2024-05-11T21:06:44.817+0000] {logging_mixin.py:154} INFO - [2024-05-11T21:06:44.817+0000] {dagbag.py:536} INFO - Filling up the DagBag from /home/airflow/.local/lib/python3.8/site-packages/airflow/example_dags/example_branch_datetime_operator.py
[2024-05-11T21:06:44.824+0000] {processor.py:839} INFO - DAG(s) dict_keys(['example_branch_datetime_operator_3', 'example_branch_datetime_operator_2', 'example_branch_datetime_operator']) retrieved from /home/airflow/.local/lib/python3.8/site-packages/airflow/example_dags/example_branch_datetime_operator.py
[2024-05-11T21:06:44.844+0000] {logging_mixin.py:154} INFO - [2024-05-11T21:06:44.844+0000] {dag.py:2941} INFO - Sync 3 DAGs
[2024-05-11T21:06:44.858+0000] {logging_mixin.py:154} INFO - [2024-05-11T21:06:44.858+0000] {dag.py:3722} INFO - Setting next_dagrun for example_branch_datetime_operator to 2024-05-10T00:00:00+00:00, run_after=2024-05-11T00:00:00+00:00
[2024-05-11T21:06:44.862+0000] {logging_mixin.py:154} INFO - [2024-05-11T21:06:44.862+0000] {dag.py:3722} INFO - Setting next_dagrun for example_branch_datetime_operator_2 to 2024-05-10T00:00:00+00:00, run_after=2024-05-11T00:00:00+00:00
[2024-05-11T21:06:44.865+0000] {logging_mixin.py:154} INFO - [2024-05-11T21:06:44.865+0000] {dag.py:3722} INFO - Setting next_dagrun for example_branch_datetime_operator_3 to 2024-05-10T00:00:00+00:00, run_after=2024-05-11T00:00:00+00:00
[2024-05-11T21:06:44.875+0000] {processor.py:179} INFO - Processing /home/airflow/.local/lib/python3.8/site-packages/airflow/example_dags/example_branch_datetime_operator.py took 0.064 seconds
[2024-05-11T21:07:15.049+0000] {processor.py:157} INFO - Started process (PID=232) to work on /home/airflow/.local/lib/python3.8/site-packages/airflow/example_dags/example_branch_datetime_operator.py
[2024-05-11T21:07:15.050+0000] {processor.py:829} INFO - Processing file /home/airflow/.local/lib/python3.8/site-packages/airflow/example_dags/example_branch_datetime_operator.py for tasks to queue
[2024-05-11T21:07:15.052+0000] {logging_mixin.py:154} INFO - [2024-05-11T21:07:15.052+0000] {dagbag.py:536} INFO - Filling up the DagBag from /home/airflow/.local/lib/python3.8/site-packages/airflow/example_dags/example_branch_datetime_operator.py
[2024-05-11T21:07:15.059+0000] {processor.py:839} INFO - DAG(s) dict_keys(['example_branch_datetime_operator_3', 'example_branch_datetime_operator_2', 'example_branch_datetime_operator']) retrieved from /home/airflow/.local/lib/python3.8/site-packages/airflow/example_dags/example_branch_datetime_operator.py
[2024-05-11T21:07:15.080+0000] {logging_mixin.py:154} INFO - [2024-05-11T21:07:15.080+0000] {dag.py:2941} INFO - Sync 3 DAGs
[2024-05-11T21:07:15.094+0000] {logging_mixin.py:154} INFO - [2024-05-11T21:07:15.094+0000] {dag.py:3722} INFO - Setting next_dagrun for example_branch_datetime_operator to 2024-05-10T00:00:00+00:00, run_after=2024-05-11T00:00:00+00:00
[2024-05-11T21:07:15.098+0000] {logging_mixin.py:154} INFO - [2024-05-11T21:07:15.098+0000] {dag.py:3722} INFO - Setting next_dagrun for example_branch_datetime_operator_2 to 2024-05-10T00:00:00+00:00, run_after=2024-05-11T00:00:00+00:00
[2024-05-11T21:07:15.100+0000] {logging_mixin.py:154} INFO - [2024-05-11T21:07:15.100+0000] {dag.py:3722} INFO - Setting next_dagrun for example_branch_datetime_operator_3 to 2024-05-10T00:00:00+00:00, run_after=2024-05-11T00:00:00+00:00
[2024-05-11T21:07:15.109+0000] {processor.py:179} INFO - Processing /home/airflow/.local/lib/python3.8/site-packages/airflow/example_dags/example_branch_datetime_operator.py took 0.064 seconds
[2024-05-11T21:07:45.336+0000] {processor.py:157} INFO - Started process (PID=291) to work on /home/airflow/.local/lib/python3.8/site-packages/airflow/example_dags/example_branch_datetime_operator.py
[2024-05-11T21:07:45.338+0000] {processor.py:829} INFO - Processing file /home/airflow/.local/lib/python3.8/site-packages/airflow/example_dags/example_branch_datetime_operator.py for tasks to queue
[2024-05-11T21:07:45.340+0000] {logging_mixin.py:154} INFO - [2024-05-11T21:07:45.340+0000] {dagbag.py:536} INFO - Filling up the DagBag from /home/airflow/.local/lib/python3.8/site-packages/airflow/example_dags/example_branch_datetime_operator.py
[2024-05-11T21:07:45.347+0000] {processor.py:839} INFO - DAG(s) dict_keys(['example_branch_datetime_operator_2', 'example_branch_datetime_operator_3', 'example_branch_datetime_operator']) retrieved from /home/airflow/.local/lib/python3.8/site-packages/airflow/example_dags/example_branch_datetime_operator.py
[2024-05-11T21:07:45.366+0000] {logging_mixin.py:154} INFO - [2024-05-11T21:07:45.366+0000] {dag.py:2941} INFO - Sync 3 DAGs
[2024-05-11T21:07:45.382+0000] {logging_mixin.py:154} INFO - [2024-05-11T21:07:45.382+0000] {dag.py:3722} INFO - Setting next_dagrun for example_branch_datetime_operator to 2024-05-10T00:00:00+00:00, run_after=2024-05-11T00:00:00+00:00
[2024-05-11T21:07:45.385+0000] {logging_mixin.py:154} INFO - [2024-05-11T21:07:45.385+0000] {dag.py:3722} INFO - Setting next_dagrun for example_branch_datetime_operator_2 to 2024-05-10T00:00:00+00:00, run_after=2024-05-11T00:00:00+00:00
[2024-05-11T21:07:45.387+0000] {logging_mixin.py:154} INFO - [2024-05-11T21:07:45.387+0000] {dag.py:3722} INFO - Setting next_dagrun for example_branch_datetime_operator_3 to 2024-05-10T00:00:00+00:00, run_after=2024-05-11T00:00:00+00:00
[2024-05-11T21:07:45.396+0000] {processor.py:179} INFO - Processing /home/airflow/.local/lib/python3.8/site-packages/airflow/example_dags/example_branch_datetime_operator.py took 0.062 seconds
[2024-05-11T21:08:15.579+0000] {processor.py:157} INFO - Started process (PID=346) to work on /home/airflow/.local/lib/python3.8/site-packages/airflow/example_dags/example_branch_datetime_operator.py
[2024-05-11T21:08:15.580+0000] {processor.py:829} INFO - Processing file /home/airflow/.local/lib/python3.8/site-packages/airflow/example_dags/example_branch_datetime_operator.py for tasks to queue
[2024-05-11T21:08:15.582+0000] {logging_mixin.py:154} INFO - [2024-05-11T21:08:15.582+0000] {dagbag.py:536} INFO - Filling up the DagBag from /home/airflow/.local/lib/python3.8/site-packages/airflow/example_dags/example_branch_datetime_operator.py
[2024-05-11T21:08:15.589+0000] {processor.py:839} INFO - DAG(s) dict_keys(['example_branch_datetime_operator_3', 'example_branch_datetime_operator_2', 'example_branch_datetime_operator']) retrieved from /home/airflow/.local/lib/python3.8/site-packages/airflow/example_dags/example_branch_datetime_operator.py
[2024-05-11T21:08:15.610+0000] {logging_mixin.py:154} INFO - [2024-05-11T21:08:15.610+0000] {dag.py:2941} INFO - Sync 3 DAGs
[2024-05-11T21:08:15.625+0000] {logging_mixin.py:154} INFO - [2024-05-11T21:08:15.625+0000] {dag.py:3722} INFO - Setting next_dagrun for example_branch_datetime_operator to 2024-05-10T00:00:00+00:00, run_after=2024-05-11T00:00:00+00:00
[2024-05-11T21:08:15.628+0000] {logging_mixin.py:154} INFO - [2024-05-11T21:08:15.628+0000] {dag.py:3722} INFO - Setting next_dagrun for example_branch_datetime_operator_2 to 2024-05-10T00:00:00+00:00, run_after=2024-05-11T00:00:00+00:00
[2024-05-11T21:08:15.630+0000] {logging_mixin.py:154} INFO - [2024-05-11T21:08:15.630+0000] {dag.py:3722} INFO - Setting next_dagrun for example_branch_datetime_operator_3 to 2024-05-10T00:00:00+00:00, run_after=2024-05-11T00:00:00+00:00
[2024-05-11T21:08:15.639+0000] {processor.py:179} INFO - Processing /home/airflow/.local/lib/python3.8/site-packages/airflow/example_dags/example_branch_datetime_operator.py took 0.063 seconds
[2024-05-11T21:08:45.864+0000] {processor.py:157} INFO - Started process (PID=401) to work on /home/airflow/.local/lib/python3.8/site-packages/airflow/example_dags/example_branch_datetime_operator.py
[2024-05-11T21:08:45.865+0000] {processor.py:829} INFO - Processing file /home/airflow/.local/lib/python3.8/site-packages/airflow/example_dags/example_branch_datetime_operator.py for tasks to queue
[2024-05-11T21:08:45.867+0000] {logging_mixin.py:154} INFO - [2024-05-11T21:08:45.867+0000] {dagbag.py:536} INFO - Filling up the DagBag from /home/airflow/.local/lib/python3.8/site-packages/airflow/example_dags/example_branch_datetime_operator.py
[2024-05-11T21:08:45.875+0000] {processor.py:839} INFO - DAG(s) dict_keys(['example_branch_datetime_operator_2', 'example_branch_datetime_operator', 'example_branch_datetime_operator_3']) retrieved from /home/airflow/.local/lib/python3.8/site-packages/airflow/example_dags/example_branch_datetime_operator.py
[2024-05-11T21:08:45.896+0000] {logging_mixin.py:154} INFO - [2024-05-11T21:08:45.896+0000] {dag.py:2941} INFO - Sync 3 DAGs
[2024-05-11T21:08:45.911+0000] {logging_mixin.py:154} INFO - [2024-05-11T21:08:45.911+0000] {dag.py:3722} INFO - Setting next_dagrun for example_branch_datetime_operator to 2024-05-10T00:00:00+00:00, run_after=2024-05-11T00:00:00+00:00
[2024-05-11T21:08:45.914+0000] {logging_mixin.py:154} INFO - [2024-05-11T21:08:45.914+0000] {dag.py:3722} INFO - Setting next_dagrun for example_branch_datetime_operator_2 to 2024-05-10T00:00:00+00:00, run_after=2024-05-11T00:00:00+00:00
[2024-05-11T21:08:45.916+0000] {logging_mixin.py:154} INFO - [2024-05-11T21:08:45.915+0000] {dag.py:3722} INFO - Setting next_dagrun for example_branch_datetime_operator_3 to 2024-05-10T00:00:00+00:00, run_after=2024-05-11T00:00:00+00:00
[2024-05-11T21:08:45.925+0000] {processor.py:179} INFO - Processing /home/airflow/.local/lib/python3.8/site-packages/airflow/example_dags/example_branch_datetime_operator.py took 0.064 seconds
[2024-05-11T21:09:16.296+0000] {processor.py:157} INFO - Started process (PID=455) to work on /home/airflow/.local/lib/python3.8/site-packages/airflow/example_dags/example_branch_datetime_operator.py
[2024-05-11T21:09:16.298+0000] {processor.py:829} INFO - Processing file /home/airflow/.local/lib/python3.8/site-packages/airflow/example_dags/example_branch_datetime_operator.py for tasks to queue
[2024-05-11T21:09:16.300+0000] {logging_mixin.py:154} INFO - [2024-05-11T21:09:16.299+0000] {dagbag.py:536} INFO - Filling up the DagBag from /home/airflow/.local/lib/python3.8/site-packages/airflow/example_dags/example_branch_datetime_operator.py
[2024-05-11T21:09:16.307+0000] {processor.py:839} INFO - DAG(s) dict_keys(['example_branch_datetime_operator', 'example_branch_datetime_operator_3', 'example_branch_datetime_operator_2']) retrieved from /home/airflow/.local/lib/python3.8/site-packages/airflow/example_dags/example_branch_datetime_operator.py
[2024-05-11T21:09:16.328+0000] {logging_mixin.py:154} INFO - [2024-05-11T21:09:16.327+0000] {dag.py:2941} INFO - Sync 3 DAGs
[2024-05-11T21:09:16.343+0000] {logging_mixin.py:154} INFO - [2024-05-11T21:09:16.343+0000] {dag.py:3722} INFO - Setting next_dagrun for example_branch_datetime_operator to 2024-05-10T00:00:00+00:00, run_after=2024-05-11T00:00:00+00:00
[2024-05-11T21:09:16.346+0000] {logging_mixin.py:154} INFO - [2024-05-11T21:09:16.346+0000] {dag.py:3722} INFO - Setting next_dagrun for example_branch_datetime_operator_2 to 2024-05-10T00:00:00+00:00, run_after=2024-05-11T00:00:00+00:00
[2024-05-11T21:09:16.348+0000] {logging_mixin.py:154} INFO - [2024-05-11T21:09:16.348+0000] {dag.py:3722} INFO - Setting next_dagrun for example_branch_datetime_operator_3 to 2024-05-10T00:00:00+00:00, run_after=2024-05-11T00:00:00+00:00
[2024-05-11T21:09:16.357+0000] {processor.py:179} INFO - Processing /home/airflow/.local/lib/python3.8/site-packages/airflow/example_dags/example_branch_datetime_operator.py took 0.064 seconds
[2024-05-11T21:09:46.588+0000] {processor.py:157} INFO - Started process (PID=510) to work on /home/airflow/.local/lib/python3.8/site-packages/airflow/example_dags/example_branch_datetime_operator.py
[2024-05-11T21:09:46.589+0000] {processor.py:829} INFO - Processing file /home/airflow/.local/lib/python3.8/site-packages/airflow/example_dags/example_branch_datetime_operator.py for tasks to queue
[2024-05-11T21:09:46.591+0000] {logging_mixin.py:154} INFO - [2024-05-11T21:09:46.591+0000] {dagbag.py:536} INFO - Filling up the DagBag from /home/airflow/.local/lib/python3.8/site-packages/airflow/example_dags/example_branch_datetime_operator.py
[2024-05-11T21:09:46.599+0000] {processor.py:839} INFO - DAG(s) dict_keys(['example_branch_datetime_operator_3', 'example_branch_datetime_operator_2', 'example_branch_datetime_operator']) retrieved from /home/airflow/.local/lib/python3.8/site-packages/airflow/example_dags/example_branch_datetime_operator.py
[2024-05-11T21:09:46.621+0000] {logging_mixin.py:154} INFO - [2024-05-11T21:09:46.621+0000] {dag.py:2941} INFO - Sync 3 DAGs
[2024-05-11T21:09:46.637+0000] {logging_mixin.py:154} INFO - [2024-05-11T21:09:46.637+0000] {dag.py:3722} INFO - Setting next_dagrun for example_branch_datetime_operator to 2024-05-10T00:00:00+00:00, run_after=2024-05-11T00:00:00+00:00
[2024-05-11T21:09:46.640+0000] {logging_mixin.py:154} INFO - [2024-05-11T21:09:46.640+0000] {dag.py:3722} INFO - Setting next_dagrun for example_branch_datetime_operator_2 to 2024-05-10T00:00:00+00:00, run_after=2024-05-11T00:00:00+00:00
[2024-05-11T21:09:46.642+0000] {logging_mixin.py:154} INFO - [2024-05-11T21:09:46.642+0000] {dag.py:3722} INFO - Setting next_dagrun for example_branch_datetime_operator_3 to 2024-05-10T00:00:00+00:00, run_after=2024-05-11T00:00:00+00:00
[2024-05-11T21:09:46.653+0000] {processor.py:179} INFO - Processing /home/airflow/.local/lib/python3.8/site-packages/airflow/example_dags/example_branch_datetime_operator.py took 0.068 seconds
[2024-05-11T21:10:16.823+0000] {processor.py:157} INFO - Started process (PID=564) to work on /home/airflow/.local/lib/python3.8/site-packages/airflow/example_dags/example_branch_datetime_operator.py
[2024-05-11T21:10:16.825+0000] {processor.py:829} INFO - Processing file /home/airflow/.local/lib/python3.8/site-packages/airflow/example_dags/example_branch_datetime_operator.py for tasks to queue
[2024-05-11T21:10:16.828+0000] {logging_mixin.py:154} INFO - [2024-05-11T21:10:16.827+0000] {dagbag.py:536} INFO - Filling up the DagBag from /home/airflow/.local/lib/python3.8/site-packages/airflow/example_dags/example_branch_datetime_operator.py
[2024-05-11T21:10:16.838+0000] {processor.py:839} INFO - DAG(s) dict_keys(['example_branch_datetime_operator_2', 'example_branch_datetime_operator', 'example_branch_datetime_operator_3']) retrieved from /home/airflow/.local/lib/python3.8/site-packages/airflow/example_dags/example_branch_datetime_operator.py
[2024-05-11T21:10:16.865+0000] {logging_mixin.py:154} INFO - [2024-05-11T21:10:16.865+0000] {dag.py:2941} INFO - Sync 3 DAGs
[2024-05-11T21:10:16.881+0000] {logging_mixin.py:154} INFO - [2024-05-11T21:10:16.881+0000] {dag.py:3722} INFO - Setting next_dagrun for example_branch_datetime_operator to 2024-05-10T00:00:00+00:00, run_after=2024-05-11T00:00:00+00:00
[2024-05-11T21:10:16.885+0000] {logging_mixin.py:154} INFO - [2024-05-11T21:10:16.885+0000] {dag.py:3722} INFO - Setting next_dagrun for example_branch_datetime_operator_2 to 2024-05-10T00:00:00+00:00, run_after=2024-05-11T00:00:00+00:00
[2024-05-11T21:10:16.887+0000] {logging_mixin.py:154} INFO - [2024-05-11T21:10:16.887+0000] {dag.py:3722} INFO - Setting next_dagrun for example_branch_datetime_operator_3 to 2024-05-10T00:00:00+00:00, run_after=2024-05-11T00:00:00+00:00
[2024-05-11T21:10:16.896+0000] {processor.py:179} INFO - Processing /home/airflow/.local/lib/python3.8/site-packages/airflow/example_dags/example_branch_datetime_operator.py took 0.076 seconds
[2024-05-11T21:10:47.219+0000] {processor.py:157} INFO - Started process (PID=619) to work on /home/airflow/.local/lib/python3.8/site-packages/airflow/example_dags/example_branch_datetime_operator.py
[2024-05-11T21:10:47.221+0000] {processor.py:829} INFO - Processing file /home/airflow/.local/lib/python3.8/site-packages/airflow/example_dags/example_branch_datetime_operator.py for tasks to queue
[2024-05-11T21:10:47.223+0000] {logging_mixin.py:154} INFO - [2024-05-11T21:10:47.223+0000] {dagbag.py:536} INFO - Filling up the DagBag from /home/airflow/.local/lib/python3.8/site-packages/airflow/example_dags/example_branch_datetime_operator.py
[2024-05-11T21:10:47.230+0000] {processor.py:839} INFO - DAG(s) dict_keys(['example_branch_datetime_operator_3', 'example_branch_datetime_operator', 'example_branch_datetime_operator_2']) retrieved from /home/airflow/.local/lib/python3.8/site-packages/airflow/example_dags/example_branch_datetime_operator.py
[2024-05-11T21:10:47.252+0000] {logging_mixin.py:154} INFO - [2024-05-11T21:10:47.252+0000] {dag.py:2941} INFO - Sync 3 DAGs
[2024-05-11T21:10:47.268+0000] {logging_mixin.py:154} INFO - [2024-05-11T21:10:47.268+0000] {dag.py:3722} INFO - Setting next_dagrun for example_branch_datetime_operator to 2024-05-10T00:00:00+00:00, run_after=2024-05-11T00:00:00+00:00
[2024-05-11T21:10:47.272+0000] {logging_mixin.py:154} INFO - [2024-05-11T21:10:47.271+0000] {dag.py:3722} INFO - Setting next_dagrun for example_branch_datetime_operator_2 to 2024-05-10T00:00:00+00:00, run_after=2024-05-11T00:00:00+00:00
[2024-05-11T21:10:47.274+0000] {logging_mixin.py:154} INFO - [2024-05-11T21:10:47.274+0000] {dag.py:3722} INFO - Setting next_dagrun for example_branch_datetime_operator_3 to 2024-05-10T00:00:00+00:00, run_after=2024-05-11T00:00:00+00:00
[2024-05-11T21:10:47.284+0000] {processor.py:179} INFO - Processing /home/airflow/.local/lib/python3.8/site-packages/airflow/example_dags/example_branch_datetime_operator.py took 0.067 seconds
[2024-05-11T21:11:17.514+0000] {processor.py:157} INFO - Started process (PID=674) to work on /home/airflow/.local/lib/python3.8/site-packages/airflow/example_dags/example_branch_datetime_operator.py
[2024-05-11T21:11:17.515+0000] {processor.py:829} INFO - Processing file /home/airflow/.local/lib/python3.8/site-packages/airflow/example_dags/example_branch_datetime_operator.py for tasks to queue
[2024-05-11T21:11:17.518+0000] {logging_mixin.py:154} INFO - [2024-05-11T21:11:17.518+0000] {dagbag.py:536} INFO - Filling up the DagBag from /home/airflow/.local/lib/python3.8/site-packages/airflow/example_dags/example_branch_datetime_operator.py
[2024-05-11T21:11:17.525+0000] {processor.py:839} INFO - DAG(s) dict_keys(['example_branch_datetime_operator', 'example_branch_datetime_operator_2', 'example_branch_datetime_operator_3']) retrieved from /home/airflow/.local/lib/python3.8/site-packages/airflow/example_dags/example_branch_datetime_operator.py
[2024-05-11T21:11:17.549+0000] {logging_mixin.py:154} INFO - [2024-05-11T21:11:17.549+0000] {dag.py:2941} INFO - Sync 3 DAGs
[2024-05-11T21:11:17.563+0000] {logging_mixin.py:154} INFO - [2024-05-11T21:11:17.563+0000] {dag.py:3722} INFO - Setting next_dagrun for example_branch_datetime_operator to 2024-05-10T00:00:00+00:00, run_after=2024-05-11T00:00:00+00:00
[2024-05-11T21:11:17.567+0000] {logging_mixin.py:154} INFO - [2024-05-11T21:11:17.567+0000] {dag.py:3722} INFO - Setting next_dagrun for example_branch_datetime_operator_2 to 2024-05-10T00:00:00+00:00, run_after=2024-05-11T00:00:00+00:00
[2024-05-11T21:11:17.569+0000] {logging_mixin.py:154} INFO - [2024-05-11T21:11:17.568+0000] {dag.py:3722} INFO - Setting next_dagrun for example_branch_datetime_operator_3 to 2024-05-10T00:00:00+00:00, run_after=2024-05-11T00:00:00+00:00
[2024-05-11T21:11:17.578+0000] {processor.py:179} INFO - Processing /home/airflow/.local/lib/python3.8/site-packages/airflow/example_dags/example_branch_datetime_operator.py took 0.067 seconds
[2024-05-11T21:11:47.774+0000] {processor.py:157} INFO - Started process (PID=729) to work on /home/airflow/.local/lib/python3.8/site-packages/airflow/example_dags/example_branch_datetime_operator.py
[2024-05-11T21:11:47.776+0000] {processor.py:829} INFO - Processing file /home/airflow/.local/lib/python3.8/site-packages/airflow/example_dags/example_branch_datetime_operator.py for tasks to queue
[2024-05-11T21:11:47.778+0000] {logging_mixin.py:154} INFO - [2024-05-11T21:11:47.777+0000] {dagbag.py:536} INFO - Filling up the DagBag from /home/airflow/.local/lib/python3.8/site-packages/airflow/example_dags/example_branch_datetime_operator.py
[2024-05-11T21:11:47.784+0000] {processor.py:839} INFO - DAG(s) dict_keys(['example_branch_datetime_operator_2', 'example_branch_datetime_operator', 'example_branch_datetime_operator_3']) retrieved from /home/airflow/.local/lib/python3.8/site-packages/airflow/example_dags/example_branch_datetime_operator.py
[2024-05-11T21:11:47.804+0000] {logging_mixin.py:154} INFO - [2024-05-11T21:11:47.804+0000] {dag.py:2941} INFO - Sync 3 DAGs
[2024-05-11T21:11:47.818+0000] {logging_mixin.py:154} INFO - [2024-05-11T21:11:47.818+0000] {dag.py:3722} INFO - Setting next_dagrun for example_branch_datetime_operator to 2024-05-10T00:00:00+00:00, run_after=2024-05-11T00:00:00+00:00
[2024-05-11T21:11:47.822+0000] {logging_mixin.py:154} INFO - [2024-05-11T21:11:47.822+0000] {dag.py:3722} INFO - Setting next_dagrun for example_branch_datetime_operator_2 to 2024-05-10T00:00:00+00:00, run_after=2024-05-11T00:00:00+00:00
[2024-05-11T21:11:47.824+0000] {logging_mixin.py:154} INFO - [2024-05-11T21:11:47.824+0000] {dag.py:3722} INFO - Setting next_dagrun for example_branch_datetime_operator_3 to 2024-05-10T00:00:00+00:00, run_after=2024-05-11T00:00:00+00:00
[2024-05-11T21:11:47.835+0000] {processor.py:179} INFO - Processing /home/airflow/.local/lib/python3.8/site-packages/airflow/example_dags/example_branch_datetime_operator.py took 0.063 seconds
[2024-05-11T21:12:18.058+0000] {processor.py:157} INFO - Started process (PID=785) to work on /home/airflow/.local/lib/python3.8/site-packages/airflow/example_dags/example_branch_datetime_operator.py
[2024-05-11T21:12:18.061+0000] {processor.py:829} INFO - Processing file /home/airflow/.local/lib/python3.8/site-packages/airflow/example_dags/example_branch_datetime_operator.py for tasks to queue
[2024-05-11T21:12:18.065+0000] {logging_mixin.py:154} INFO - [2024-05-11T21:12:18.065+0000] {dagbag.py:536} INFO - Filling up the DagBag from /home/airflow/.local/lib/python3.8/site-packages/airflow/example_dags/example_branch_datetime_operator.py
[2024-05-11T21:12:18.074+0000] {processor.py:839} INFO - DAG(s) dict_keys(['example_branch_datetime_operator_2', 'example_branch_datetime_operator_3', 'example_branch_datetime_operator']) retrieved from /home/airflow/.local/lib/python3.8/site-packages/airflow/example_dags/example_branch_datetime_operator.py
[2024-05-11T21:12:18.114+0000] {logging_mixin.py:154} INFO - [2024-05-11T21:12:18.114+0000] {dag.py:2941} INFO - Sync 3 DAGs
[2024-05-11T21:12:18.140+0000] {logging_mixin.py:154} INFO - [2024-05-11T21:12:18.140+0000] {dag.py:3722} INFO - Setting next_dagrun for example_branch_datetime_operator to 2024-05-10T00:00:00+00:00, run_after=2024-05-11T00:00:00+00:00
[2024-05-11T21:12:18.153+0000] {logging_mixin.py:154} INFO - [2024-05-11T21:12:18.153+0000] {dag.py:3722} INFO - Setting next_dagrun for example_branch_datetime_operator_2 to 2024-05-10T00:00:00+00:00, run_after=2024-05-11T00:00:00+00:00
[2024-05-11T21:12:18.161+0000] {logging_mixin.py:154} INFO - [2024-05-11T21:12:18.161+0000] {dag.py:3722} INFO - Setting next_dagrun for example_branch_datetime_operator_3 to 2024-05-10T00:00:00+00:00, run_after=2024-05-11T00:00:00+00:00
[2024-05-11T21:12:18.182+0000] {processor.py:179} INFO - Processing /home/airflow/.local/lib/python3.8/site-packages/airflow/example_dags/example_branch_datetime_operator.py took 0.128 seconds
[2024-05-11T21:12:48.452+0000] {processor.py:157} INFO - Started process (PID=840) to work on /home/airflow/.local/lib/python3.8/site-packages/airflow/example_dags/example_branch_datetime_operator.py
[2024-05-11T21:12:48.453+0000] {processor.py:829} INFO - Processing file /home/airflow/.local/lib/python3.8/site-packages/airflow/example_dags/example_branch_datetime_operator.py for tasks to queue
[2024-05-11T21:12:48.455+0000] {logging_mixin.py:154} INFO - [2024-05-11T21:12:48.455+0000] {dagbag.py:536} INFO - Filling up the DagBag from /home/airflow/.local/lib/python3.8/site-packages/airflow/example_dags/example_branch_datetime_operator.py
[2024-05-11T21:12:48.463+0000] {processor.py:839} INFO - DAG(s) dict_keys(['example_branch_datetime_operator', 'example_branch_datetime_operator_2', 'example_branch_datetime_operator_3']) retrieved from /home/airflow/.local/lib/python3.8/site-packages/airflow/example_dags/example_branch_datetime_operator.py
[2024-05-11T21:12:48.485+0000] {logging_mixin.py:154} INFO - [2024-05-11T21:12:48.485+0000] {dag.py:2941} INFO - Sync 3 DAGs
[2024-05-11T21:12:48.500+0000] {logging_mixin.py:154} INFO - [2024-05-11T21:12:48.500+0000] {dag.py:3722} INFO - Setting next_dagrun for example_branch_datetime_operator to 2024-05-10T00:00:00+00:00, run_after=2024-05-11T00:00:00+00:00
[2024-05-11T21:12:48.503+0000] {logging_mixin.py:154} INFO - [2024-05-11T21:12:48.503+0000] {dag.py:3722} INFO - Setting next_dagrun for example_branch_datetime_operator_2 to 2024-05-10T00:00:00+00:00, run_after=2024-05-11T00:00:00+00:00
[2024-05-11T21:12:48.506+0000] {logging_mixin.py:154} INFO - [2024-05-11T21:12:48.505+0000] {dag.py:3722} INFO - Setting next_dagrun for example_branch_datetime_operator_3 to 2024-05-10T00:00:00+00:00, run_after=2024-05-11T00:00:00+00:00
[2024-05-11T21:12:48.516+0000] {processor.py:179} INFO - Processing /home/airflow/.local/lib/python3.8/site-packages/airflow/example_dags/example_branch_datetime_operator.py took 0.067 seconds
[2024-05-11T21:13:18.770+0000] {processor.py:157} INFO - Started process (PID=895) to work on /home/airflow/.local/lib/python3.8/site-packages/airflow/example_dags/example_branch_datetime_operator.py
[2024-05-11T21:13:18.771+0000] {processor.py:829} INFO - Processing file /home/airflow/.local/lib/python3.8/site-packages/airflow/example_dags/example_branch_datetime_operator.py for tasks to queue
[2024-05-11T21:13:18.773+0000] {logging_mixin.py:154} INFO - [2024-05-11T21:13:18.773+0000] {dagbag.py:536} INFO - Filling up the DagBag from /home/airflow/.local/lib/python3.8/site-packages/airflow/example_dags/example_branch_datetime_operator.py
[2024-05-11T21:13:18.780+0000] {processor.py:839} INFO - DAG(s) dict_keys(['example_branch_datetime_operator', 'example_branch_datetime_operator_2', 'example_branch_datetime_operator_3']) retrieved from /home/airflow/.local/lib/python3.8/site-packages/airflow/example_dags/example_branch_datetime_operator.py
[2024-05-11T21:13:18.800+0000] {logging_mixin.py:154} INFO - [2024-05-11T21:13:18.800+0000] {dag.py:2941} INFO - Sync 3 DAGs
[2024-05-11T21:13:18.815+0000] {logging_mixin.py:154} INFO - [2024-05-11T21:13:18.815+0000] {dag.py:3722} INFO - Setting next_dagrun for example_branch_datetime_operator to 2024-05-10T00:00:00+00:00, run_after=2024-05-11T00:00:00+00:00
[2024-05-11T21:13:18.818+0000] {logging_mixin.py:154} INFO - [2024-05-11T21:13:18.818+0000] {dag.py:3722} INFO - Setting next_dagrun for example_branch_datetime_operator_2 to 2024-05-10T00:00:00+00:00, run_after=2024-05-11T00:00:00+00:00
[2024-05-11T21:13:18.820+0000] {logging_mixin.py:154} INFO - [2024-05-11T21:13:18.820+0000] {dag.py:3722} INFO - Setting next_dagrun for example_branch_datetime_operator_3 to 2024-05-10T00:00:00+00:00, run_after=2024-05-11T00:00:00+00:00
[2024-05-11T21:13:18.829+0000] {processor.py:179} INFO - Processing /home/airflow/.local/lib/python3.8/site-packages/airflow/example_dags/example_branch_datetime_operator.py took 0.062 seconds
[2024-05-11T21:13:48.882+0000] {processor.py:157} INFO - Started process (PID=950) to work on /home/airflow/.local/lib/python3.8/site-packages/airflow/example_dags/example_branch_datetime_operator.py
[2024-05-11T21:13:48.883+0000] {processor.py:829} INFO - Processing file /home/airflow/.local/lib/python3.8/site-packages/airflow/example_dags/example_branch_datetime_operator.py for tasks to queue
[2024-05-11T21:13:48.885+0000] {logging_mixin.py:154} INFO - [2024-05-11T21:13:48.885+0000] {dagbag.py:536} INFO - Filling up the DagBag from /home/airflow/.local/lib/python3.8/site-packages/airflow/example_dags/example_branch_datetime_operator.py
[2024-05-11T21:13:48.892+0000] {processor.py:839} INFO - DAG(s) dict_keys(['example_branch_datetime_operator', 'example_branch_datetime_operator_3', 'example_branch_datetime_operator_2']) retrieved from /home/airflow/.local/lib/python3.8/site-packages/airflow/example_dags/example_branch_datetime_operator.py
[2024-05-11T21:13:48.913+0000] {logging_mixin.py:154} INFO - [2024-05-11T21:13:48.913+0000] {dag.py:2941} INFO - Sync 3 DAGs
[2024-05-11T21:13:48.927+0000] {logging_mixin.py:154} INFO - [2024-05-11T21:13:48.927+0000] {dag.py:3722} INFO - Setting next_dagrun for example_branch_datetime_operator to 2024-05-10T00:00:00+00:00, run_after=2024-05-11T00:00:00+00:00
[2024-05-11T21:13:48.930+0000] {logging_mixin.py:154} INFO - [2024-05-11T21:13:48.930+0000] {dag.py:3722} INFO - Setting next_dagrun for example_branch_datetime_operator_2 to 2024-05-10T00:00:00+00:00, run_after=2024-05-11T00:00:00+00:00
[2024-05-11T21:13:48.932+0000] {logging_mixin.py:154} INFO - [2024-05-11T21:13:48.932+0000] {dag.py:3722} INFO - Setting next_dagrun for example_branch_datetime_operator_3 to 2024-05-10T00:00:00+00:00, run_after=2024-05-11T00:00:00+00:00
[2024-05-11T21:13:48.941+0000] {processor.py:179} INFO - Processing /home/airflow/.local/lib/python3.8/site-packages/airflow/example_dags/example_branch_datetime_operator.py took 0.062 seconds
[2024-05-11T21:14:19.155+0000] {processor.py:157} INFO - Started process (PID=1005) to work on /home/airflow/.local/lib/python3.8/site-packages/airflow/example_dags/example_branch_datetime_operator.py
[2024-05-11T21:14:19.156+0000] {processor.py:829} INFO - Processing file /home/airflow/.local/lib/python3.8/site-packages/airflow/example_dags/example_branch_datetime_operator.py for tasks to queue
[2024-05-11T21:14:19.158+0000] {logging_mixin.py:154} INFO - [2024-05-11T21:14:19.158+0000] {dagbag.py:536} INFO - Filling up the DagBag from /home/airflow/.local/lib/python3.8/site-packages/airflow/example_dags/example_branch_datetime_operator.py
[2024-05-11T21:14:19.165+0000] {processor.py:839} INFO - DAG(s) dict_keys(['example_branch_datetime_operator_3', 'example_branch_datetime_operator_2', 'example_branch_datetime_operator']) retrieved from /home/airflow/.local/lib/python3.8/site-packages/airflow/example_dags/example_branch_datetime_operator.py
[2024-05-11T21:14:19.187+0000] {logging_mixin.py:154} INFO - [2024-05-11T21:14:19.186+0000] {dag.py:2941} INFO - Sync 3 DAGs
[2024-05-11T21:14:19.200+0000] {logging_mixin.py:154} INFO - [2024-05-11T21:14:19.200+0000] {dag.py:3722} INFO - Setting next_dagrun for example_branch_datetime_operator to 2024-05-10T00:00:00+00:00, run_after=2024-05-11T00:00:00+00:00
[2024-05-11T21:14:19.203+0000] {logging_mixin.py:154} INFO - [2024-05-11T21:14:19.203+0000] {dag.py:3722} INFO - Setting next_dagrun for example_branch_datetime_operator_2 to 2024-05-10T00:00:00+00:00, run_after=2024-05-11T00:00:00+00:00
[2024-05-11T21:14:19.205+0000] {logging_mixin.py:154} INFO - [2024-05-11T21:14:19.205+0000] {dag.py:3722} INFO - Setting next_dagrun for example_branch_datetime_operator_3 to 2024-05-10T00:00:00+00:00, run_after=2024-05-11T00:00:00+00:00
[2024-05-11T21:14:19.215+0000] {processor.py:179} INFO - Processing /home/airflow/.local/lib/python3.8/site-packages/airflow/example_dags/example_branch_datetime_operator.py took 0.063 seconds
[2024-05-11T21:14:49.508+0000] {processor.py:157} INFO - Started process (PID=1061) to work on /home/airflow/.local/lib/python3.8/site-packages/airflow/example_dags/example_branch_datetime_operator.py
[2024-05-11T21:14:49.510+0000] {processor.py:829} INFO - Processing file /home/airflow/.local/lib/python3.8/site-packages/airflow/example_dags/example_branch_datetime_operator.py for tasks to queue
[2024-05-11T21:14:49.512+0000] {logging_mixin.py:154} INFO - [2024-05-11T21:14:49.511+0000] {dagbag.py:536} INFO - Filling up the DagBag from /home/airflow/.local/lib/python3.8/site-packages/airflow/example_dags/example_branch_datetime_operator.py
[2024-05-11T21:14:49.519+0000] {processor.py:839} INFO - DAG(s) dict_keys(['example_branch_datetime_operator_2', 'example_branch_datetime_operator_3', 'example_branch_datetime_operator']) retrieved from /home/airflow/.local/lib/python3.8/site-packages/airflow/example_dags/example_branch_datetime_operator.py
[2024-05-11T21:14:49.539+0000] {logging_mixin.py:154} INFO - [2024-05-11T21:14:49.539+0000] {dag.py:2941} INFO - Sync 3 DAGs
[2024-05-11T21:14:49.554+0000] {logging_mixin.py:154} INFO - [2024-05-11T21:14:49.554+0000] {dag.py:3722} INFO - Setting next_dagrun for example_branch_datetime_operator to 2024-05-10T00:00:00+00:00, run_after=2024-05-11T00:00:00+00:00
[2024-05-11T21:14:49.557+0000] {logging_mixin.py:154} INFO - [2024-05-11T21:14:49.557+0000] {dag.py:3722} INFO - Setting next_dagrun for example_branch_datetime_operator_2 to 2024-05-10T00:00:00+00:00, run_after=2024-05-11T00:00:00+00:00
[2024-05-11T21:14:49.559+0000] {logging_mixin.py:154} INFO - [2024-05-11T21:14:49.559+0000] {dag.py:3722} INFO - Setting next_dagrun for example_branch_datetime_operator_3 to 2024-05-10T00:00:00+00:00, run_after=2024-05-11T00:00:00+00:00
[2024-05-11T21:14:49.569+0000] {processor.py:179} INFO - Processing /home/airflow/.local/lib/python3.8/site-packages/airflow/example_dags/example_branch_datetime_operator.py took 0.063 seconds
[2024-05-11T21:16:33.453+0000] {processor.py:157} INFO - Started process (PID=67) to work on /home/airflow/.local/lib/python3.8/site-packages/airflow/example_dags/example_branch_datetime_operator.py
[2024-05-11T21:16:33.455+0000] {processor.py:829} INFO - Processing file /home/airflow/.local/lib/python3.8/site-packages/airflow/example_dags/example_branch_datetime_operator.py for tasks to queue
[2024-05-11T21:16:33.458+0000] {logging_mixin.py:154} INFO - [2024-05-11T21:16:33.457+0000] {dagbag.py:536} INFO - Filling up the DagBag from /home/airflow/.local/lib/python3.8/site-packages/airflow/example_dags/example_branch_datetime_operator.py
[2024-05-11T21:16:33.476+0000] {processor.py:839} INFO - DAG(s) dict_keys(['example_branch_datetime_operator_3', 'example_branch_datetime_operator_2', 'example_branch_datetime_operator']) retrieved from /home/airflow/.local/lib/python3.8/site-packages/airflow/example_dags/example_branch_datetime_operator.py
[2024-05-11T21:16:33.496+0000] {logging_mixin.py:154} INFO - [2024-05-11T21:16:33.496+0000] {dag.py:2941} INFO - Sync 3 DAGs
[2024-05-11T21:16:33.526+0000] {logging_mixin.py:154} INFO - [2024-05-11T21:16:33.526+0000] {dag.py:3722} INFO - Setting next_dagrun for example_branch_datetime_operator to 2024-05-10T00:00:00+00:00, run_after=2024-05-11T00:00:00+00:00
[2024-05-11T21:16:33.534+0000] {logging_mixin.py:154} INFO - [2024-05-11T21:16:33.533+0000] {dag.py:3722} INFO - Setting next_dagrun for example_branch_datetime_operator_2 to 2024-05-10T00:00:00+00:00, run_after=2024-05-11T00:00:00+00:00
[2024-05-11T21:16:33.536+0000] {logging_mixin.py:154} INFO - [2024-05-11T21:16:33.536+0000] {dag.py:3722} INFO - Setting next_dagrun for example_branch_datetime_operator_3 to 2024-05-10T00:00:00+00:00, run_after=2024-05-11T00:00:00+00:00
[2024-05-11T21:16:33.561+0000] {processor.py:179} INFO - Processing /home/airflow/.local/lib/python3.8/site-packages/airflow/example_dags/example_branch_datetime_operator.py took 0.111 seconds
[2024-05-11T21:17:04.055+0000] {processor.py:157} INFO - Started process (PID=123) to work on /home/airflow/.local/lib/python3.8/site-packages/airflow/example_dags/example_branch_datetime_operator.py
[2024-05-11T21:17:04.057+0000] {processor.py:829} INFO - Processing file /home/airflow/.local/lib/python3.8/site-packages/airflow/example_dags/example_branch_datetime_operator.py for tasks to queue
[2024-05-11T21:17:04.060+0000] {logging_mixin.py:154} INFO - [2024-05-11T21:17:04.059+0000] {dagbag.py:536} INFO - Filling up the DagBag from /home/airflow/.local/lib/python3.8/site-packages/airflow/example_dags/example_branch_datetime_operator.py
[2024-05-11T21:17:04.067+0000] {processor.py:839} INFO - DAG(s) dict_keys(['example_branch_datetime_operator_2', 'example_branch_datetime_operator', 'example_branch_datetime_operator_3']) retrieved from /home/airflow/.local/lib/python3.8/site-packages/airflow/example_dags/example_branch_datetime_operator.py
[2024-05-11T21:17:04.087+0000] {logging_mixin.py:154} INFO - [2024-05-11T21:17:04.087+0000] {dag.py:2941} INFO - Sync 3 DAGs
[2024-05-11T21:17:04.101+0000] {logging_mixin.py:154} INFO - [2024-05-11T21:17:04.101+0000] {dag.py:3722} INFO - Setting next_dagrun for example_branch_datetime_operator to 2024-05-10T00:00:00+00:00, run_after=2024-05-11T00:00:00+00:00
[2024-05-11T21:17:04.104+0000] {logging_mixin.py:154} INFO - [2024-05-11T21:17:04.104+0000] {dag.py:3722} INFO - Setting next_dagrun for example_branch_datetime_operator_2 to 2024-05-10T00:00:00+00:00, run_after=2024-05-11T00:00:00+00:00
[2024-05-11T21:17:04.105+0000] {logging_mixin.py:154} INFO - [2024-05-11T21:17:04.105+0000] {dag.py:3722} INFO - Setting next_dagrun for example_branch_datetime_operator_3 to 2024-05-10T00:00:00+00:00, run_after=2024-05-11T00:00:00+00:00
[2024-05-11T21:17:04.114+0000] {processor.py:179} INFO - Processing /home/airflow/.local/lib/python3.8/site-packages/airflow/example_dags/example_branch_datetime_operator.py took 0.062 seconds
[2024-05-11T21:17:34.350+0000] {processor.py:157} INFO - Started process (PID=178) to work on /home/airflow/.local/lib/python3.8/site-packages/airflow/example_dags/example_branch_datetime_operator.py
[2024-05-11T21:17:34.352+0000] {processor.py:829} INFO - Processing file /home/airflow/.local/lib/python3.8/site-packages/airflow/example_dags/example_branch_datetime_operator.py for tasks to queue
[2024-05-11T21:17:34.354+0000] {logging_mixin.py:154} INFO - [2024-05-11T21:17:34.353+0000] {dagbag.py:536} INFO - Filling up the DagBag from /home/airflow/.local/lib/python3.8/site-packages/airflow/example_dags/example_branch_datetime_operator.py
[2024-05-11T21:17:34.360+0000] {processor.py:839} INFO - DAG(s) dict_keys(['example_branch_datetime_operator_2', 'example_branch_datetime_operator_3', 'example_branch_datetime_operator']) retrieved from /home/airflow/.local/lib/python3.8/site-packages/airflow/example_dags/example_branch_datetime_operator.py
[2024-05-11T21:17:34.380+0000] {logging_mixin.py:154} INFO - [2024-05-11T21:17:34.380+0000] {dag.py:2941} INFO - Sync 3 DAGs
[2024-05-11T21:17:34.396+0000] {logging_mixin.py:154} INFO - [2024-05-11T21:17:34.395+0000] {dag.py:3722} INFO - Setting next_dagrun for example_branch_datetime_operator to 2024-05-10T00:00:00+00:00, run_after=2024-05-11T00:00:00+00:00
[2024-05-11T21:17:34.399+0000] {logging_mixin.py:154} INFO - [2024-05-11T21:17:34.399+0000] {dag.py:3722} INFO - Setting next_dagrun for example_branch_datetime_operator_2 to 2024-05-10T00:00:00+00:00, run_after=2024-05-11T00:00:00+00:00
[2024-05-11T21:17:34.401+0000] {logging_mixin.py:154} INFO - [2024-05-11T21:17:34.401+0000] {dag.py:3722} INFO - Setting next_dagrun for example_branch_datetime_operator_3 to 2024-05-10T00:00:00+00:00, run_after=2024-05-11T00:00:00+00:00
[2024-05-11T21:17:34.412+0000] {processor.py:179} INFO - Processing /home/airflow/.local/lib/python3.8/site-packages/airflow/example_dags/example_branch_datetime_operator.py took 0.064 seconds
[2024-05-11T21:18:04.726+0000] {processor.py:157} INFO - Started process (PID=234) to work on /home/airflow/.local/lib/python3.8/site-packages/airflow/example_dags/example_branch_datetime_operator.py
[2024-05-11T21:18:04.728+0000] {processor.py:829} INFO - Processing file /home/airflow/.local/lib/python3.8/site-packages/airflow/example_dags/example_branch_datetime_operator.py for tasks to queue
[2024-05-11T21:18:04.730+0000] {logging_mixin.py:154} INFO - [2024-05-11T21:18:04.729+0000] {dagbag.py:536} INFO - Filling up the DagBag from /home/airflow/.local/lib/python3.8/site-packages/airflow/example_dags/example_branch_datetime_operator.py
[2024-05-11T21:18:04.736+0000] {processor.py:839} INFO - DAG(s) dict_keys(['example_branch_datetime_operator_2', 'example_branch_datetime_operator_3', 'example_branch_datetime_operator']) retrieved from /home/airflow/.local/lib/python3.8/site-packages/airflow/example_dags/example_branch_datetime_operator.py
[2024-05-11T21:18:04.756+0000] {logging_mixin.py:154} INFO - [2024-05-11T21:18:04.756+0000] {dag.py:2941} INFO - Sync 3 DAGs
[2024-05-11T21:18:04.770+0000] {logging_mixin.py:154} INFO - [2024-05-11T21:18:04.769+0000] {dag.py:3722} INFO - Setting next_dagrun for example_branch_datetime_operator to 2024-05-10T00:00:00+00:00, run_after=2024-05-11T00:00:00+00:00
[2024-05-11T21:18:04.773+0000] {logging_mixin.py:154} INFO - [2024-05-11T21:18:04.773+0000] {dag.py:3722} INFO - Setting next_dagrun for example_branch_datetime_operator_2 to 2024-05-10T00:00:00+00:00, run_after=2024-05-11T00:00:00+00:00
[2024-05-11T21:18:04.774+0000] {logging_mixin.py:154} INFO - [2024-05-11T21:18:04.774+0000] {dag.py:3722} INFO - Setting next_dagrun for example_branch_datetime_operator_3 to 2024-05-10T00:00:00+00:00, run_after=2024-05-11T00:00:00+00:00
[2024-05-11T21:18:04.784+0000] {processor.py:179} INFO - Processing /home/airflow/.local/lib/python3.8/site-packages/airflow/example_dags/example_branch_datetime_operator.py took 0.060 seconds
[2024-05-11T21:18:34.888+0000] {processor.py:157} INFO - Started process (PID=289) to work on /home/airflow/.local/lib/python3.8/site-packages/airflow/example_dags/example_branch_datetime_operator.py
[2024-05-11T21:18:34.890+0000] {processor.py:829} INFO - Processing file /home/airflow/.local/lib/python3.8/site-packages/airflow/example_dags/example_branch_datetime_operator.py for tasks to queue
[2024-05-11T21:18:34.892+0000] {logging_mixin.py:154} INFO - [2024-05-11T21:18:34.892+0000] {dagbag.py:536} INFO - Filling up the DagBag from /home/airflow/.local/lib/python3.8/site-packages/airflow/example_dags/example_branch_datetime_operator.py
[2024-05-11T21:18:34.900+0000] {processor.py:839} INFO - DAG(s) dict_keys(['example_branch_datetime_operator', 'example_branch_datetime_operator_3', 'example_branch_datetime_operator_2']) retrieved from /home/airflow/.local/lib/python3.8/site-packages/airflow/example_dags/example_branch_datetime_operator.py
[2024-05-11T21:18:34.921+0000] {logging_mixin.py:154} INFO - [2024-05-11T21:18:34.921+0000] {dag.py:2941} INFO - Sync 3 DAGs
[2024-05-11T21:18:34.938+0000] {logging_mixin.py:154} INFO - [2024-05-11T21:18:34.938+0000] {dag.py:3722} INFO - Setting next_dagrun for example_branch_datetime_operator to 2024-05-10T00:00:00+00:00, run_after=2024-05-11T00:00:00+00:00
[2024-05-11T21:18:34.942+0000] {logging_mixin.py:154} INFO - [2024-05-11T21:18:34.942+0000] {dag.py:3722} INFO - Setting next_dagrun for example_branch_datetime_operator_2 to 2024-05-10T00:00:00+00:00, run_after=2024-05-11T00:00:00+00:00
[2024-05-11T21:18:34.945+0000] {logging_mixin.py:154} INFO - [2024-05-11T21:18:34.945+0000] {dag.py:3722} INFO - Setting next_dagrun for example_branch_datetime_operator_3 to 2024-05-10T00:00:00+00:00, run_after=2024-05-11T00:00:00+00:00
[2024-05-11T21:18:34.956+0000] {processor.py:179} INFO - Processing /home/airflow/.local/lib/python3.8/site-packages/airflow/example_dags/example_branch_datetime_operator.py took 0.071 seconds
[2024-05-11T21:19:05.090+0000] {processor.py:157} INFO - Started process (PID=344) to work on /home/airflow/.local/lib/python3.8/site-packages/airflow/example_dags/example_branch_datetime_operator.py
[2024-05-11T21:19:05.091+0000] {processor.py:829} INFO - Processing file /home/airflow/.local/lib/python3.8/site-packages/airflow/example_dags/example_branch_datetime_operator.py for tasks to queue
[2024-05-11T21:19:05.093+0000] {logging_mixin.py:154} INFO - [2024-05-11T21:19:05.093+0000] {dagbag.py:536} INFO - Filling up the DagBag from /home/airflow/.local/lib/python3.8/site-packages/airflow/example_dags/example_branch_datetime_operator.py
[2024-05-11T21:19:05.100+0000] {processor.py:839} INFO - DAG(s) dict_keys(['example_branch_datetime_operator_2', 'example_branch_datetime_operator_3', 'example_branch_datetime_operator']) retrieved from /home/airflow/.local/lib/python3.8/site-packages/airflow/example_dags/example_branch_datetime_operator.py
[2024-05-11T21:19:05.121+0000] {logging_mixin.py:154} INFO - [2024-05-11T21:19:05.121+0000] {dag.py:2941} INFO - Sync 3 DAGs
[2024-05-11T21:19:05.136+0000] {logging_mixin.py:154} INFO - [2024-05-11T21:19:05.136+0000] {dag.py:3722} INFO - Setting next_dagrun for example_branch_datetime_operator to 2024-05-10T00:00:00+00:00, run_after=2024-05-11T00:00:00+00:00
[2024-05-11T21:19:05.139+0000] {logging_mixin.py:154} INFO - [2024-05-11T21:19:05.139+0000] {dag.py:3722} INFO - Setting next_dagrun for example_branch_datetime_operator_2 to 2024-05-10T00:00:00+00:00, run_after=2024-05-11T00:00:00+00:00
[2024-05-11T21:19:05.141+0000] {logging_mixin.py:154} INFO - [2024-05-11T21:19:05.140+0000] {dag.py:3722} INFO - Setting next_dagrun for example_branch_datetime_operator_3 to 2024-05-10T00:00:00+00:00, run_after=2024-05-11T00:00:00+00:00
[2024-05-11T21:19:05.150+0000] {processor.py:179} INFO - Processing /home/airflow/.local/lib/python3.8/site-packages/airflow/example_dags/example_branch_datetime_operator.py took 0.062 seconds
[2024-05-11T21:19:35.467+0000] {processor.py:157} INFO - Started process (PID=399) to work on /home/airflow/.local/lib/python3.8/site-packages/airflow/example_dags/example_branch_datetime_operator.py
[2024-05-11T21:19:35.468+0000] {processor.py:829} INFO - Processing file /home/airflow/.local/lib/python3.8/site-packages/airflow/example_dags/example_branch_datetime_operator.py for tasks to queue
[2024-05-11T21:19:35.470+0000] {logging_mixin.py:154} INFO - [2024-05-11T21:19:35.469+0000] {dagbag.py:536} INFO - Filling up the DagBag from /home/airflow/.local/lib/python3.8/site-packages/airflow/example_dags/example_branch_datetime_operator.py
[2024-05-11T21:19:35.476+0000] {processor.py:839} INFO - DAG(s) dict_keys(['example_branch_datetime_operator', 'example_branch_datetime_operator_2', 'example_branch_datetime_operator_3']) retrieved from /home/airflow/.local/lib/python3.8/site-packages/airflow/example_dags/example_branch_datetime_operator.py
[2024-05-11T21:19:35.496+0000] {logging_mixin.py:154} INFO - [2024-05-11T21:19:35.495+0000] {dag.py:2941} INFO - Sync 3 DAGs
[2024-05-11T21:19:35.510+0000] {logging_mixin.py:154} INFO - [2024-05-11T21:19:35.510+0000] {dag.py:3722} INFO - Setting next_dagrun for example_branch_datetime_operator to 2024-05-10T00:00:00+00:00, run_after=2024-05-11T00:00:00+00:00
[2024-05-11T21:19:35.513+0000] {logging_mixin.py:154} INFO - [2024-05-11T21:19:35.513+0000] {dag.py:3722} INFO - Setting next_dagrun for example_branch_datetime_operator_2 to 2024-05-10T00:00:00+00:00, run_after=2024-05-11T00:00:00+00:00
[2024-05-11T21:19:35.515+0000] {logging_mixin.py:154} INFO - [2024-05-11T21:19:35.515+0000] {dag.py:3722} INFO - Setting next_dagrun for example_branch_datetime_operator_3 to 2024-05-10T00:00:00+00:00, run_after=2024-05-11T00:00:00+00:00
[2024-05-11T21:19:35.524+0000] {processor.py:179} INFO - Processing /home/airflow/.local/lib/python3.8/site-packages/airflow/example_dags/example_branch_datetime_operator.py took 0.060 seconds
[2024-05-11T21:20:05.930+0000] {processor.py:157} INFO - Started process (PID=454) to work on /home/airflow/.local/lib/python3.8/site-packages/airflow/example_dags/example_branch_datetime_operator.py
[2024-05-11T21:20:05.932+0000] {processor.py:829} INFO - Processing file /home/airflow/.local/lib/python3.8/site-packages/airflow/example_dags/example_branch_datetime_operator.py for tasks to queue
[2024-05-11T21:20:05.934+0000] {logging_mixin.py:154} INFO - [2024-05-11T21:20:05.933+0000] {dagbag.py:536} INFO - Filling up the DagBag from /home/airflow/.local/lib/python3.8/site-packages/airflow/example_dags/example_branch_datetime_operator.py
[2024-05-11T21:20:05.940+0000] {processor.py:839} INFO - DAG(s) dict_keys(['example_branch_datetime_operator_2', 'example_branch_datetime_operator_3', 'example_branch_datetime_operator']) retrieved from /home/airflow/.local/lib/python3.8/site-packages/airflow/example_dags/example_branch_datetime_operator.py
[2024-05-11T21:20:05.960+0000] {logging_mixin.py:154} INFO - [2024-05-11T21:20:05.960+0000] {dag.py:2941} INFO - Sync 3 DAGs
[2024-05-11T21:20:05.974+0000] {logging_mixin.py:154} INFO - [2024-05-11T21:20:05.974+0000] {dag.py:3722} INFO - Setting next_dagrun for example_branch_datetime_operator to 2024-05-10T00:00:00+00:00, run_after=2024-05-11T00:00:00+00:00
[2024-05-11T21:20:05.977+0000] {logging_mixin.py:154} INFO - [2024-05-11T21:20:05.977+0000] {dag.py:3722} INFO - Setting next_dagrun for example_branch_datetime_operator_2 to 2024-05-10T00:00:00+00:00, run_after=2024-05-11T00:00:00+00:00
[2024-05-11T21:20:05.979+0000] {logging_mixin.py:154} INFO - [2024-05-11T21:20:05.979+0000] {dag.py:3722} INFO - Setting next_dagrun for example_branch_datetime_operator_3 to 2024-05-10T00:00:00+00:00, run_after=2024-05-11T00:00:00+00:00
[2024-05-11T21:20:05.989+0000] {processor.py:179} INFO - Processing /home/airflow/.local/lib/python3.8/site-packages/airflow/example_dags/example_branch_datetime_operator.py took 0.062 seconds
[2024-05-11T21:20:36.105+0000] {processor.py:157} INFO - Started process (PID=509) to work on /home/airflow/.local/lib/python3.8/site-packages/airflow/example_dags/example_branch_datetime_operator.py
[2024-05-11T21:20:36.106+0000] {processor.py:829} INFO - Processing file /home/airflow/.local/lib/python3.8/site-packages/airflow/example_dags/example_branch_datetime_operator.py for tasks to queue
[2024-05-11T21:20:36.108+0000] {logging_mixin.py:154} INFO - [2024-05-11T21:20:36.108+0000] {dagbag.py:536} INFO - Filling up the DagBag from /home/airflow/.local/lib/python3.8/site-packages/airflow/example_dags/example_branch_datetime_operator.py
[2024-05-11T21:20:36.115+0000] {processor.py:839} INFO - DAG(s) dict_keys(['example_branch_datetime_operator_3', 'example_branch_datetime_operator', 'example_branch_datetime_operator_2']) retrieved from /home/airflow/.local/lib/python3.8/site-packages/airflow/example_dags/example_branch_datetime_operator.py
[2024-05-11T21:20:36.134+0000] {logging_mixin.py:154} INFO - [2024-05-11T21:20:36.134+0000] {dag.py:2941} INFO - Sync 3 DAGs
[2024-05-11T21:20:36.151+0000] {logging_mixin.py:154} INFO - [2024-05-11T21:20:36.151+0000] {dag.py:3722} INFO - Setting next_dagrun for example_branch_datetime_operator to 2024-05-10T00:00:00+00:00, run_after=2024-05-11T00:00:00+00:00
[2024-05-11T21:20:36.154+0000] {logging_mixin.py:154} INFO - [2024-05-11T21:20:36.154+0000] {dag.py:3722} INFO - Setting next_dagrun for example_branch_datetime_operator_2 to 2024-05-10T00:00:00+00:00, run_after=2024-05-11T00:00:00+00:00
[2024-05-11T21:20:36.156+0000] {logging_mixin.py:154} INFO - [2024-05-11T21:20:36.156+0000] {dag.py:3722} INFO - Setting next_dagrun for example_branch_datetime_operator_3 to 2024-05-10T00:00:00+00:00, run_after=2024-05-11T00:00:00+00:00
[2024-05-11T21:20:36.165+0000] {processor.py:179} INFO - Processing /home/airflow/.local/lib/python3.8/site-packages/airflow/example_dags/example_branch_datetime_operator.py took 0.063 seconds
[2024-05-11T21:21:06.199+0000] {processor.py:157} INFO - Started process (PID=564) to work on /home/airflow/.local/lib/python3.8/site-packages/airflow/example_dags/example_branch_datetime_operator.py
[2024-05-11T21:21:06.201+0000] {processor.py:829} INFO - Processing file /home/airflow/.local/lib/python3.8/site-packages/airflow/example_dags/example_branch_datetime_operator.py for tasks to queue
[2024-05-11T21:21:06.203+0000] {logging_mixin.py:154} INFO - [2024-05-11T21:21:06.203+0000] {dagbag.py:536} INFO - Filling up the DagBag from /home/airflow/.local/lib/python3.8/site-packages/airflow/example_dags/example_branch_datetime_operator.py
[2024-05-11T21:21:06.210+0000] {processor.py:839} INFO - DAG(s) dict_keys(['example_branch_datetime_operator_2', 'example_branch_datetime_operator_3', 'example_branch_datetime_operator']) retrieved from /home/airflow/.local/lib/python3.8/site-packages/airflow/example_dags/example_branch_datetime_operator.py
[2024-05-11T21:21:06.229+0000] {logging_mixin.py:154} INFO - [2024-05-11T21:21:06.229+0000] {dag.py:2941} INFO - Sync 3 DAGs
[2024-05-11T21:21:06.244+0000] {logging_mixin.py:154} INFO - [2024-05-11T21:21:06.243+0000] {dag.py:3722} INFO - Setting next_dagrun for example_branch_datetime_operator to 2024-05-10T00:00:00+00:00, run_after=2024-05-11T00:00:00+00:00
[2024-05-11T21:21:06.247+0000] {logging_mixin.py:154} INFO - [2024-05-11T21:21:06.247+0000] {dag.py:3722} INFO - Setting next_dagrun for example_branch_datetime_operator_2 to 2024-05-10T00:00:00+00:00, run_after=2024-05-11T00:00:00+00:00
[2024-05-11T21:21:06.249+0000] {logging_mixin.py:154} INFO - [2024-05-11T21:21:06.249+0000] {dag.py:3722} INFO - Setting next_dagrun for example_branch_datetime_operator_3 to 2024-05-10T00:00:00+00:00, run_after=2024-05-11T00:00:00+00:00
[2024-05-11T21:21:06.258+0000] {processor.py:179} INFO - Processing /home/airflow/.local/lib/python3.8/site-packages/airflow/example_dags/example_branch_datetime_operator.py took 0.061 seconds
[2024-05-11T21:21:36.758+0000] {processor.py:157} INFO - Started process (PID=619) to work on /home/airflow/.local/lib/python3.8/site-packages/airflow/example_dags/example_branch_datetime_operator.py
[2024-05-11T21:21:36.759+0000] {processor.py:829} INFO - Processing file /home/airflow/.local/lib/python3.8/site-packages/airflow/example_dags/example_branch_datetime_operator.py for tasks to queue
[2024-05-11T21:21:36.761+0000] {logging_mixin.py:154} INFO - [2024-05-11T21:21:36.761+0000] {dagbag.py:536} INFO - Filling up the DagBag from /home/airflow/.local/lib/python3.8/site-packages/airflow/example_dags/example_branch_datetime_operator.py
[2024-05-11T21:21:36.768+0000] {processor.py:839} INFO - DAG(s) dict_keys(['example_branch_datetime_operator_3', 'example_branch_datetime_operator', 'example_branch_datetime_operator_2']) retrieved from /home/airflow/.local/lib/python3.8/site-packages/airflow/example_dags/example_branch_datetime_operator.py
[2024-05-11T21:21:36.788+0000] {logging_mixin.py:154} INFO - [2024-05-11T21:21:36.788+0000] {dag.py:2941} INFO - Sync 3 DAGs
[2024-05-11T21:21:36.802+0000] {logging_mixin.py:154} INFO - [2024-05-11T21:21:36.802+0000] {dag.py:3722} INFO - Setting next_dagrun for example_branch_datetime_operator to 2024-05-10T00:00:00+00:00, run_after=2024-05-11T00:00:00+00:00
[2024-05-11T21:21:36.806+0000] {logging_mixin.py:154} INFO - [2024-05-11T21:21:36.806+0000] {dag.py:3722} INFO - Setting next_dagrun for example_branch_datetime_operator_2 to 2024-05-10T00:00:00+00:00, run_after=2024-05-11T00:00:00+00:00
[2024-05-11T21:21:36.807+0000] {logging_mixin.py:154} INFO - [2024-05-11T21:21:36.807+0000] {dag.py:3722} INFO - Setting next_dagrun for example_branch_datetime_operator_3 to 2024-05-10T00:00:00+00:00, run_after=2024-05-11T00:00:00+00:00
[2024-05-11T21:21:36.816+0000] {processor.py:179} INFO - Processing /home/airflow/.local/lib/python3.8/site-packages/airflow/example_dags/example_branch_datetime_operator.py took 0.061 seconds
[2024-05-11T21:42:04.207+0000] {processor.py:157} INFO - Started process (PID=52) to work on /home/airflow/.local/lib/python3.8/site-packages/airflow/example_dags/example_branch_datetime_operator.py
[2024-05-11T21:42:04.214+0000] {processor.py:829} INFO - Processing file /home/airflow/.local/lib/python3.8/site-packages/airflow/example_dags/example_branch_datetime_operator.py for tasks to queue
[2024-05-11T21:42:04.249+0000] {logging_mixin.py:154} INFO - [2024-05-11T21:42:04.243+0000] {dagbag.py:536} INFO - Filling up the DagBag from /home/airflow/.local/lib/python3.8/site-packages/airflow/example_dags/example_branch_datetime_operator.py
[2024-05-11T21:42:04.308+0000] {processor.py:839} INFO - DAG(s) dict_keys(['example_branch_datetime_operator', 'example_branch_datetime_operator_3', 'example_branch_datetime_operator_2']) retrieved from /home/airflow/.local/lib/python3.8/site-packages/airflow/example_dags/example_branch_datetime_operator.py
[2024-05-11T21:42:04.805+0000] {logging_mixin.py:154} INFO - [2024-05-11T21:42:04.805+0000] {manager.py:499} INFO - Created Permission View: %s
[2024-05-11T21:42:04.864+0000] {logging_mixin.py:154} INFO - [2024-05-11T21:42:04.864+0000] {manager.py:499} INFO - Created Permission View: %s
[2024-05-11T21:42:04.910+0000] {logging_mixin.py:154} INFO - [2024-05-11T21:42:04.910+0000] {manager.py:499} INFO - Created Permission View: %s
[2024-05-11T21:42:04.971+0000] {logging_mixin.py:154} INFO - [2024-05-11T21:42:04.971+0000] {manager.py:499} INFO - Created Permission View: %s
[2024-05-11T21:42:04.985+0000] {logging_mixin.py:154} INFO - [2024-05-11T21:42:04.985+0000] {manager.py:499} INFO - Created Permission View: %s
[2024-05-11T21:42:05.001+0000] {logging_mixin.py:154} INFO - [2024-05-11T21:42:05.001+0000] {manager.py:499} INFO - Created Permission View: %s
[2024-05-11T21:42:05.035+0000] {logging_mixin.py:154} INFO - [2024-05-11T21:42:05.035+0000] {manager.py:499} INFO - Created Permission View: %s
[2024-05-11T21:42:05.061+0000] {logging_mixin.py:154} INFO - [2024-05-11T21:42:05.060+0000] {manager.py:499} INFO - Created Permission View: %s
[2024-05-11T21:42:05.085+0000] {logging_mixin.py:154} INFO - [2024-05-11T21:42:05.085+0000] {manager.py:499} INFO - Created Permission View: %s
[2024-05-11T21:42:05.107+0000] {logging_mixin.py:154} INFO - [2024-05-11T21:42:05.107+0000] {dag.py:2941} INFO - Sync 3 DAGs
[2024-05-11T21:42:05.138+0000] {logging_mixin.py:154} INFO - [2024-05-11T21:42:05.137+0000] {dag.py:2963} INFO - Creating ORM DAG for example_branch_datetime_operator_2
[2024-05-11T21:42:05.141+0000] {logging_mixin.py:154} INFO - [2024-05-11T21:42:05.141+0000] {dag.py:2963} INFO - Creating ORM DAG for example_branch_datetime_operator_3
[2024-05-11T21:42:05.144+0000] {logging_mixin.py:154} INFO - [2024-05-11T21:42:05.144+0000] {dag.py:2963} INFO - Creating ORM DAG for example_branch_datetime_operator
[2024-05-11T21:42:05.167+0000] {logging_mixin.py:154} INFO - [2024-05-11T21:42:05.167+0000] {dag.py:3722} INFO - Setting next_dagrun for example_branch_datetime_operator to 2024-05-10T00:00:00+00:00, run_after=2024-05-11T00:00:00+00:00
[2024-05-11T21:42:05.196+0000] {logging_mixin.py:154} INFO - [2024-05-11T21:42:05.196+0000] {dag.py:3722} INFO - Setting next_dagrun for example_branch_datetime_operator_2 to 2024-05-10T00:00:00+00:00, run_after=2024-05-11T00:00:00+00:00
[2024-05-11T21:42:05.220+0000] {logging_mixin.py:154} INFO - [2024-05-11T21:42:05.220+0000] {dag.py:3722} INFO - Setting next_dagrun for example_branch_datetime_operator_3 to 2024-05-10T00:00:00+00:00, run_after=2024-05-11T00:00:00+00:00
[2024-05-11T21:42:05.284+0000] {processor.py:179} INFO - Processing /home/airflow/.local/lib/python3.8/site-packages/airflow/example_dags/example_branch_datetime_operator.py took 1.091 seconds
[2024-05-11T21:42:35.856+0000] {processor.py:157} INFO - Started process (PID=107) to work on /home/airflow/.local/lib/python3.8/site-packages/airflow/example_dags/example_branch_datetime_operator.py
[2024-05-11T21:42:35.859+0000] {processor.py:829} INFO - Processing file /home/airflow/.local/lib/python3.8/site-packages/airflow/example_dags/example_branch_datetime_operator.py for tasks to queue
[2024-05-11T21:42:35.861+0000] {logging_mixin.py:154} INFO - [2024-05-11T21:42:35.861+0000] {dagbag.py:536} INFO - Filling up the DagBag from /home/airflow/.local/lib/python3.8/site-packages/airflow/example_dags/example_branch_datetime_operator.py
[2024-05-11T21:42:35.868+0000] {processor.py:839} INFO - DAG(s) dict_keys(['example_branch_datetime_operator_2', 'example_branch_datetime_operator', 'example_branch_datetime_operator_3']) retrieved from /home/airflow/.local/lib/python3.8/site-packages/airflow/example_dags/example_branch_datetime_operator.py
[2024-05-11T21:42:35.898+0000] {logging_mixin.py:154} INFO - [2024-05-11T21:42:35.898+0000] {dag.py:2941} INFO - Sync 3 DAGs
[2024-05-11T21:42:35.913+0000] {logging_mixin.py:154} INFO - [2024-05-11T21:42:35.913+0000] {dag.py:3722} INFO - Setting next_dagrun for example_branch_datetime_operator to 2024-05-10T00:00:00+00:00, run_after=2024-05-11T00:00:00+00:00
[2024-05-11T21:42:35.917+0000] {logging_mixin.py:154} INFO - [2024-05-11T21:42:35.917+0000] {dag.py:3722} INFO - Setting next_dagrun for example_branch_datetime_operator_2 to 2024-05-10T00:00:00+00:00, run_after=2024-05-11T00:00:00+00:00
[2024-05-11T21:42:35.919+0000] {logging_mixin.py:154} INFO - [2024-05-11T21:42:35.919+0000] {dag.py:3722} INFO - Setting next_dagrun for example_branch_datetime_operator_3 to 2024-05-10T00:00:00+00:00, run_after=2024-05-11T00:00:00+00:00
[2024-05-11T21:42:35.931+0000] {processor.py:179} INFO - Processing /home/airflow/.local/lib/python3.8/site-packages/airflow/example_dags/example_branch_datetime_operator.py took 0.079 seconds
[2024-05-11T21:43:06.040+0000] {processor.py:157} INFO - Started process (PID=162) to work on /home/airflow/.local/lib/python3.8/site-packages/airflow/example_dags/example_branch_datetime_operator.py
[2024-05-11T21:43:06.043+0000] {processor.py:829} INFO - Processing file /home/airflow/.local/lib/python3.8/site-packages/airflow/example_dags/example_branch_datetime_operator.py for tasks to queue
[2024-05-11T21:43:06.047+0000] {logging_mixin.py:154} INFO - [2024-05-11T21:43:06.047+0000] {dagbag.py:536} INFO - Filling up the DagBag from /home/airflow/.local/lib/python3.8/site-packages/airflow/example_dags/example_branch_datetime_operator.py
[2024-05-11T21:43:06.055+0000] {processor.py:839} INFO - DAG(s) dict_keys(['example_branch_datetime_operator_2', 'example_branch_datetime_operator_3', 'example_branch_datetime_operator']) retrieved from /home/airflow/.local/lib/python3.8/site-packages/airflow/example_dags/example_branch_datetime_operator.py
[2024-05-11T21:43:06.082+0000] {logging_mixin.py:154} INFO - [2024-05-11T21:43:06.082+0000] {dag.py:2941} INFO - Sync 3 DAGs
[2024-05-11T21:43:06.101+0000] {logging_mixin.py:154} INFO - [2024-05-11T21:43:06.101+0000] {dag.py:3722} INFO - Setting next_dagrun for example_branch_datetime_operator to 2024-05-10T00:00:00+00:00, run_after=2024-05-11T00:00:00+00:00
[2024-05-11T21:43:06.104+0000] {logging_mixin.py:154} INFO - [2024-05-11T21:43:06.104+0000] {dag.py:3722} INFO - Setting next_dagrun for example_branch_datetime_operator_2 to 2024-05-10T00:00:00+00:00, run_after=2024-05-11T00:00:00+00:00
[2024-05-11T21:43:06.106+0000] {logging_mixin.py:154} INFO - [2024-05-11T21:43:06.106+0000] {dag.py:3722} INFO - Setting next_dagrun for example_branch_datetime_operator_3 to 2024-05-10T00:00:00+00:00, run_after=2024-05-11T00:00:00+00:00
[2024-05-11T21:43:06.122+0000] {processor.py:179} INFO - Processing /home/airflow/.local/lib/python3.8/site-packages/airflow/example_dags/example_branch_datetime_operator.py took 0.085 seconds
[2024-05-11T21:43:36.612+0000] {processor.py:157} INFO - Started process (PID=217) to work on /home/airflow/.local/lib/python3.8/site-packages/airflow/example_dags/example_branch_datetime_operator.py
[2024-05-11T21:43:36.614+0000] {processor.py:829} INFO - Processing file /home/airflow/.local/lib/python3.8/site-packages/airflow/example_dags/example_branch_datetime_operator.py for tasks to queue
[2024-05-11T21:43:36.617+0000] {logging_mixin.py:154} INFO - [2024-05-11T21:43:36.617+0000] {dagbag.py:536} INFO - Filling up the DagBag from /home/airflow/.local/lib/python3.8/site-packages/airflow/example_dags/example_branch_datetime_operator.py
[2024-05-11T21:43:36.626+0000] {processor.py:839} INFO - DAG(s) dict_keys(['example_branch_datetime_operator_2', 'example_branch_datetime_operator', 'example_branch_datetime_operator_3']) retrieved from /home/airflow/.local/lib/python3.8/site-packages/airflow/example_dags/example_branch_datetime_operator.py
[2024-05-11T21:43:36.654+0000] {logging_mixin.py:154} INFO - [2024-05-11T21:43:36.653+0000] {dag.py:2941} INFO - Sync 3 DAGs
[2024-05-11T21:43:36.671+0000] {logging_mixin.py:154} INFO - [2024-05-11T21:43:36.671+0000] {dag.py:3722} INFO - Setting next_dagrun for example_branch_datetime_operator to 2024-05-10T00:00:00+00:00, run_after=2024-05-11T00:00:00+00:00
[2024-05-11T21:43:36.676+0000] {logging_mixin.py:154} INFO - [2024-05-11T21:43:36.676+0000] {dag.py:3722} INFO - Setting next_dagrun for example_branch_datetime_operator_2 to 2024-05-10T00:00:00+00:00, run_after=2024-05-11T00:00:00+00:00
[2024-05-11T21:43:36.678+0000] {logging_mixin.py:154} INFO - [2024-05-11T21:43:36.678+0000] {dag.py:3722} INFO - Setting next_dagrun for example_branch_datetime_operator_3 to 2024-05-10T00:00:00+00:00, run_after=2024-05-11T00:00:00+00:00
[2024-05-11T21:43:36.689+0000] {processor.py:179} INFO - Processing /home/airflow/.local/lib/python3.8/site-packages/airflow/example_dags/example_branch_datetime_operator.py took 0.080 seconds
[2024-05-11T21:44:07.329+0000] {processor.py:157} INFO - Started process (PID=272) to work on /home/airflow/.local/lib/python3.8/site-packages/airflow/example_dags/example_branch_datetime_operator.py
[2024-05-11T21:44:07.331+0000] {processor.py:829} INFO - Processing file /home/airflow/.local/lib/python3.8/site-packages/airflow/example_dags/example_branch_datetime_operator.py for tasks to queue
[2024-05-11T21:44:07.334+0000] {logging_mixin.py:154} INFO - [2024-05-11T21:44:07.334+0000] {dagbag.py:536} INFO - Filling up the DagBag from /home/airflow/.local/lib/python3.8/site-packages/airflow/example_dags/example_branch_datetime_operator.py
[2024-05-11T21:44:07.345+0000] {processor.py:839} INFO - DAG(s) dict_keys(['example_branch_datetime_operator', 'example_branch_datetime_operator_2', 'example_branch_datetime_operator_3']) retrieved from /home/airflow/.local/lib/python3.8/site-packages/airflow/example_dags/example_branch_datetime_operator.py
[2024-05-11T21:44:07.383+0000] {logging_mixin.py:154} INFO - [2024-05-11T21:44:07.383+0000] {dag.py:2941} INFO - Sync 3 DAGs
[2024-05-11T21:44:07.407+0000] {logging_mixin.py:154} INFO - [2024-05-11T21:44:07.407+0000] {dag.py:3722} INFO - Setting next_dagrun for example_branch_datetime_operator to 2024-05-10T00:00:00+00:00, run_after=2024-05-11T00:00:00+00:00
[2024-05-11T21:44:07.413+0000] {logging_mixin.py:154} INFO - [2024-05-11T21:44:07.413+0000] {dag.py:3722} INFO - Setting next_dagrun for example_branch_datetime_operator_2 to 2024-05-10T00:00:00+00:00, run_after=2024-05-11T00:00:00+00:00
[2024-05-11T21:44:07.417+0000] {logging_mixin.py:154} INFO - [2024-05-11T21:44:07.416+0000] {dag.py:3722} INFO - Setting next_dagrun for example_branch_datetime_operator_3 to 2024-05-10T00:00:00+00:00, run_after=2024-05-11T00:00:00+00:00
[2024-05-11T21:44:07.431+0000] {processor.py:179} INFO - Processing /home/airflow/.local/lib/python3.8/site-packages/airflow/example_dags/example_branch_datetime_operator.py took 0.106 seconds
[2024-05-11T21:44:37.897+0000] {processor.py:157} INFO - Started process (PID=327) to work on /home/airflow/.local/lib/python3.8/site-packages/airflow/example_dags/example_branch_datetime_operator.py
[2024-05-11T21:44:37.899+0000] {processor.py:829} INFO - Processing file /home/airflow/.local/lib/python3.8/site-packages/airflow/example_dags/example_branch_datetime_operator.py for tasks to queue
[2024-05-11T21:44:37.902+0000] {logging_mixin.py:154} INFO - [2024-05-11T21:44:37.902+0000] {dagbag.py:536} INFO - Filling up the DagBag from /home/airflow/.local/lib/python3.8/site-packages/airflow/example_dags/example_branch_datetime_operator.py
[2024-05-11T21:44:37.914+0000] {processor.py:839} INFO - DAG(s) dict_keys(['example_branch_datetime_operator', 'example_branch_datetime_operator_2', 'example_branch_datetime_operator_3']) retrieved from /home/airflow/.local/lib/python3.8/site-packages/airflow/example_dags/example_branch_datetime_operator.py
[2024-05-11T21:44:37.940+0000] {logging_mixin.py:154} INFO - [2024-05-11T21:44:37.939+0000] {dag.py:2941} INFO - Sync 3 DAGs
[2024-05-11T21:44:37.959+0000] {logging_mixin.py:154} INFO - [2024-05-11T21:44:37.959+0000] {dag.py:3722} INFO - Setting next_dagrun for example_branch_datetime_operator to 2024-05-10T00:00:00+00:00, run_after=2024-05-11T00:00:00+00:00
[2024-05-11T21:44:37.963+0000] {logging_mixin.py:154} INFO - [2024-05-11T21:44:37.963+0000] {dag.py:3722} INFO - Setting next_dagrun for example_branch_datetime_operator_2 to 2024-05-10T00:00:00+00:00, run_after=2024-05-11T00:00:00+00:00
[2024-05-11T21:44:37.966+0000] {logging_mixin.py:154} INFO - [2024-05-11T21:44:37.966+0000] {dag.py:3722} INFO - Setting next_dagrun for example_branch_datetime_operator_3 to 2024-05-10T00:00:00+00:00, run_after=2024-05-11T00:00:00+00:00
[2024-05-11T21:44:37.982+0000] {processor.py:179} INFO - Processing /home/airflow/.local/lib/python3.8/site-packages/airflow/example_dags/example_branch_datetime_operator.py took 0.092 seconds
[2024-05-11T21:45:08.406+0000] {processor.py:157} INFO - Started process (PID=382) to work on /home/airflow/.local/lib/python3.8/site-packages/airflow/example_dags/example_branch_datetime_operator.py
[2024-05-11T21:45:08.408+0000] {processor.py:829} INFO - Processing file /home/airflow/.local/lib/python3.8/site-packages/airflow/example_dags/example_branch_datetime_operator.py for tasks to queue
[2024-05-11T21:45:08.410+0000] {logging_mixin.py:154} INFO - [2024-05-11T21:45:08.410+0000] {dagbag.py:536} INFO - Filling up the DagBag from /home/airflow/.local/lib/python3.8/site-packages/airflow/example_dags/example_branch_datetime_operator.py
[2024-05-11T21:45:08.418+0000] {processor.py:839} INFO - DAG(s) dict_keys(['example_branch_datetime_operator_3', 'example_branch_datetime_operator', 'example_branch_datetime_operator_2']) retrieved from /home/airflow/.local/lib/python3.8/site-packages/airflow/example_dags/example_branch_datetime_operator.py
[2024-05-11T21:45:08.452+0000] {logging_mixin.py:154} INFO - [2024-05-11T21:45:08.452+0000] {dag.py:2941} INFO - Sync 3 DAGs
[2024-05-11T21:45:08.475+0000] {logging_mixin.py:154} INFO - [2024-05-11T21:45:08.475+0000] {dag.py:3722} INFO - Setting next_dagrun for example_branch_datetime_operator to 2024-05-10T00:00:00+00:00, run_after=2024-05-11T00:00:00+00:00
[2024-05-11T21:45:08.480+0000] {logging_mixin.py:154} INFO - [2024-05-11T21:45:08.480+0000] {dag.py:3722} INFO - Setting next_dagrun for example_branch_datetime_operator_2 to 2024-05-10T00:00:00+00:00, run_after=2024-05-11T00:00:00+00:00
[2024-05-11T21:45:08.482+0000] {logging_mixin.py:154} INFO - [2024-05-11T21:45:08.482+0000] {dag.py:3722} INFO - Setting next_dagrun for example_branch_datetime_operator_3 to 2024-05-10T00:00:00+00:00, run_after=2024-05-11T00:00:00+00:00
[2024-05-11T21:45:08.496+0000] {processor.py:179} INFO - Processing /home/airflow/.local/lib/python3.8/site-packages/airflow/example_dags/example_branch_datetime_operator.py took 0.095 seconds
[2024-05-11T21:45:38.642+0000] {processor.py:157} INFO - Started process (PID=438) to work on /home/airflow/.local/lib/python3.8/site-packages/airflow/example_dags/example_branch_datetime_operator.py
[2024-05-11T21:45:38.644+0000] {processor.py:829} INFO - Processing file /home/airflow/.local/lib/python3.8/site-packages/airflow/example_dags/example_branch_datetime_operator.py for tasks to queue
[2024-05-11T21:45:38.647+0000] {logging_mixin.py:154} INFO - [2024-05-11T21:45:38.647+0000] {dagbag.py:536} INFO - Filling up the DagBag from /home/airflow/.local/lib/python3.8/site-packages/airflow/example_dags/example_branch_datetime_operator.py
[2024-05-11T21:45:38.655+0000] {processor.py:839} INFO - DAG(s) dict_keys(['example_branch_datetime_operator', 'example_branch_datetime_operator_3', 'example_branch_datetime_operator_2']) retrieved from /home/airflow/.local/lib/python3.8/site-packages/airflow/example_dags/example_branch_datetime_operator.py
[2024-05-11T21:45:38.682+0000] {logging_mixin.py:154} INFO - [2024-05-11T21:45:38.682+0000] {dag.py:2941} INFO - Sync 3 DAGs
[2024-05-11T21:45:38.700+0000] {logging_mixin.py:154} INFO - [2024-05-11T21:45:38.700+0000] {dag.py:3722} INFO - Setting next_dagrun for example_branch_datetime_operator to 2024-05-10T00:00:00+00:00, run_after=2024-05-11T00:00:00+00:00
[2024-05-11T21:45:38.704+0000] {logging_mixin.py:154} INFO - [2024-05-11T21:45:38.704+0000] {dag.py:3722} INFO - Setting next_dagrun for example_branch_datetime_operator_2 to 2024-05-10T00:00:00+00:00, run_after=2024-05-11T00:00:00+00:00
[2024-05-11T21:45:38.706+0000] {logging_mixin.py:154} INFO - [2024-05-11T21:45:38.706+0000] {dag.py:3722} INFO - Setting next_dagrun for example_branch_datetime_operator_3 to 2024-05-10T00:00:00+00:00, run_after=2024-05-11T00:00:00+00:00
[2024-05-11T21:45:38.719+0000] {processor.py:179} INFO - Processing /home/airflow/.local/lib/python3.8/site-packages/airflow/example_dags/example_branch_datetime_operator.py took 0.081 seconds
[2024-05-11T21:46:08.842+0000] {processor.py:157} INFO - Started process (PID=493) to work on /home/airflow/.local/lib/python3.8/site-packages/airflow/example_dags/example_branch_datetime_operator.py
[2024-05-11T21:46:08.843+0000] {processor.py:829} INFO - Processing file /home/airflow/.local/lib/python3.8/site-packages/airflow/example_dags/example_branch_datetime_operator.py for tasks to queue
[2024-05-11T21:46:08.846+0000] {logging_mixin.py:154} INFO - [2024-05-11T21:46:08.846+0000] {dagbag.py:536} INFO - Filling up the DagBag from /home/airflow/.local/lib/python3.8/site-packages/airflow/example_dags/example_branch_datetime_operator.py
[2024-05-11T21:46:08.854+0000] {processor.py:839} INFO - DAG(s) dict_keys(['example_branch_datetime_operator', 'example_branch_datetime_operator_3', 'example_branch_datetime_operator_2']) retrieved from /home/airflow/.local/lib/python3.8/site-packages/airflow/example_dags/example_branch_datetime_operator.py
[2024-05-11T21:46:08.880+0000] {logging_mixin.py:154} INFO - [2024-05-11T21:46:08.880+0000] {dag.py:2941} INFO - Sync 3 DAGs
[2024-05-11T21:46:08.898+0000] {logging_mixin.py:154} INFO - [2024-05-11T21:46:08.898+0000] {dag.py:3722} INFO - Setting next_dagrun for example_branch_datetime_operator to 2024-05-10T00:00:00+00:00, run_after=2024-05-11T00:00:00+00:00
[2024-05-11T21:46:08.903+0000] {logging_mixin.py:154} INFO - [2024-05-11T21:46:08.902+0000] {dag.py:3722} INFO - Setting next_dagrun for example_branch_datetime_operator_2 to 2024-05-10T00:00:00+00:00, run_after=2024-05-11T00:00:00+00:00
[2024-05-11T21:46:08.905+0000] {logging_mixin.py:154} INFO - [2024-05-11T21:46:08.905+0000] {dag.py:3722} INFO - Setting next_dagrun for example_branch_datetime_operator_3 to 2024-05-10T00:00:00+00:00, run_after=2024-05-11T00:00:00+00:00
[2024-05-11T21:46:08.919+0000] {processor.py:179} INFO - Processing /home/airflow/.local/lib/python3.8/site-packages/airflow/example_dags/example_branch_datetime_operator.py took 0.082 seconds
[2024-05-11T21:46:39.455+0000] {processor.py:157} INFO - Started process (PID=548) to work on /home/airflow/.local/lib/python3.8/site-packages/airflow/example_dags/example_branch_datetime_operator.py
[2024-05-11T21:46:39.457+0000] {processor.py:829} INFO - Processing file /home/airflow/.local/lib/python3.8/site-packages/airflow/example_dags/example_branch_datetime_operator.py for tasks to queue
[2024-05-11T21:46:39.460+0000] {logging_mixin.py:154} INFO - [2024-05-11T21:46:39.459+0000] {dagbag.py:536} INFO - Filling up the DagBag from /home/airflow/.local/lib/python3.8/site-packages/airflow/example_dags/example_branch_datetime_operator.py
[2024-05-11T21:46:39.467+0000] {processor.py:839} INFO - DAG(s) dict_keys(['example_branch_datetime_operator_3', 'example_branch_datetime_operator', 'example_branch_datetime_operator_2']) retrieved from /home/airflow/.local/lib/python3.8/site-packages/airflow/example_dags/example_branch_datetime_operator.py
[2024-05-11T21:46:39.492+0000] {logging_mixin.py:154} INFO - [2024-05-11T21:46:39.492+0000] {dag.py:2941} INFO - Sync 3 DAGs
[2024-05-11T21:46:39.510+0000] {logging_mixin.py:154} INFO - [2024-05-11T21:46:39.510+0000] {dag.py:3722} INFO - Setting next_dagrun for example_branch_datetime_operator to 2024-05-10T00:00:00+00:00, run_after=2024-05-11T00:00:00+00:00
[2024-05-11T21:46:39.514+0000] {logging_mixin.py:154} INFO - [2024-05-11T21:46:39.514+0000] {dag.py:3722} INFO - Setting next_dagrun for example_branch_datetime_operator_2 to 2024-05-10T00:00:00+00:00, run_after=2024-05-11T00:00:00+00:00
[2024-05-11T21:46:39.517+0000] {logging_mixin.py:154} INFO - [2024-05-11T21:46:39.516+0000] {dag.py:3722} INFO - Setting next_dagrun for example_branch_datetime_operator_3 to 2024-05-10T00:00:00+00:00, run_after=2024-05-11T00:00:00+00:00
[2024-05-11T21:46:39.528+0000] {processor.py:179} INFO - Processing /home/airflow/.local/lib/python3.8/site-packages/airflow/example_dags/example_branch_datetime_operator.py took 0.076 seconds
