[2024-05-11T21:03:21.289+0000] {processor.py:157} INFO - Started process (PID=67) to work on /home/airflow/.local/lib/python3.8/site-packages/airflow/example_dags/example_time_delta_sensor_async.py
[2024-05-11T21:03:21.290+0000] {processor.py:829} INFO - Processing file /home/airflow/.local/lib/python3.8/site-packages/airflow/example_dags/example_time_delta_sensor_async.py for tasks to queue
[2024-05-11T21:03:21.293+0000] {logging_mixin.py:154} INFO - [2024-05-11T21:03:21.292+0000] {dagbag.py:536} INFO - Filling up the DagBag from /home/airflow/.local/lib/python3.8/site-packages/airflow/example_dags/example_time_delta_sensor_async.py
[2024-05-11T21:03:21.297+0000] {processor.py:839} INFO - DAG(s) dict_keys(['example_time_delta_sensor_async']) retrieved from /home/airflow/.local/lib/python3.8/site-packages/airflow/example_dags/example_time_delta_sensor_async.py
[2024-05-11T21:03:21.369+0000] {logging_mixin.py:154} INFO - [2024-05-11T21:03:21.369+0000] {manager.py:499} INFO - Created Permission View: %s
[2024-05-11T21:03:21.377+0000] {logging_mixin.py:154} INFO - [2024-05-11T21:03:21.377+0000] {manager.py:499} INFO - Created Permission View: %s
[2024-05-11T21:03:21.381+0000] {logging_mixin.py:154} INFO - [2024-05-11T21:03:21.381+0000] {manager.py:499} INFO - Created Permission View: %s
[2024-05-11T21:03:21.382+0000] {logging_mixin.py:154} INFO - [2024-05-11T21:03:21.382+0000] {dag.py:2941} INFO - Sync 1 DAGs
[2024-05-11T21:03:21.389+0000] {logging_mixin.py:154} INFO - [2024-05-11T21:03:21.389+0000] {dag.py:2963} INFO - Creating ORM DAG for example_time_delta_sensor_async
[2024-05-11T21:03:21.390+0000] {logging_mixin.py:154} INFO - [2024-05-11T21:03:21.390+0000] {dag.py:3722} INFO - Setting next_dagrun for example_time_delta_sensor_async to None, run_after=None
[2024-05-11T21:03:21.400+0000] {processor.py:179} INFO - Processing /home/airflow/.local/lib/python3.8/site-packages/airflow/example_dags/example_time_delta_sensor_async.py took 0.115 seconds
[2024-05-11T21:03:52.137+0000] {processor.py:157} INFO - Started process (PID=122) to work on /home/airflow/.local/lib/python3.8/site-packages/airflow/example_dags/example_time_delta_sensor_async.py
[2024-05-11T21:03:52.139+0000] {processor.py:829} INFO - Processing file /home/airflow/.local/lib/python3.8/site-packages/airflow/example_dags/example_time_delta_sensor_async.py for tasks to queue
[2024-05-11T21:03:52.142+0000] {logging_mixin.py:154} INFO - [2024-05-11T21:03:52.142+0000] {dagbag.py:536} INFO - Filling up the DagBag from /home/airflow/.local/lib/python3.8/site-packages/airflow/example_dags/example_time_delta_sensor_async.py
[2024-05-11T21:03:52.148+0000] {processor.py:839} INFO - DAG(s) dict_keys(['example_time_delta_sensor_async']) retrieved from /home/airflow/.local/lib/python3.8/site-packages/airflow/example_dags/example_time_delta_sensor_async.py
[2024-05-11T21:03:52.168+0000] {logging_mixin.py:154} INFO - [2024-05-11T21:03:52.168+0000] {dag.py:2941} INFO - Sync 1 DAGs
[2024-05-11T21:03:52.176+0000] {logging_mixin.py:154} INFO - [2024-05-11T21:03:52.176+0000] {dag.py:3722} INFO - Setting next_dagrun for example_time_delta_sensor_async to None, run_after=None
[2024-05-11T21:03:52.201+0000] {processor.py:179} INFO - Processing /home/airflow/.local/lib/python3.8/site-packages/airflow/example_dags/example_time_delta_sensor_async.py took 0.066 seconds
[2024-05-11T21:04:22.428+0000] {processor.py:157} INFO - Started process (PID=176) to work on /home/airflow/.local/lib/python3.8/site-packages/airflow/example_dags/example_time_delta_sensor_async.py
[2024-05-11T21:04:22.430+0000] {processor.py:829} INFO - Processing file /home/airflow/.local/lib/python3.8/site-packages/airflow/example_dags/example_time_delta_sensor_async.py for tasks to queue
[2024-05-11T21:04:22.432+0000] {logging_mixin.py:154} INFO - [2024-05-11T21:04:22.432+0000] {dagbag.py:536} INFO - Filling up the DagBag from /home/airflow/.local/lib/python3.8/site-packages/airflow/example_dags/example_time_delta_sensor_async.py
[2024-05-11T21:04:22.436+0000] {processor.py:839} INFO - DAG(s) dict_keys(['example_time_delta_sensor_async']) retrieved from /home/airflow/.local/lib/python3.8/site-packages/airflow/example_dags/example_time_delta_sensor_async.py
[2024-05-11T21:04:22.455+0000] {logging_mixin.py:154} INFO - [2024-05-11T21:04:22.455+0000] {dag.py:2941} INFO - Sync 1 DAGs
[2024-05-11T21:04:22.465+0000] {logging_mixin.py:154} INFO - [2024-05-11T21:04:22.465+0000] {dag.py:3722} INFO - Setting next_dagrun for example_time_delta_sensor_async to None, run_after=None
[2024-05-11T21:04:22.480+0000] {processor.py:179} INFO - Processing /home/airflow/.local/lib/python3.8/site-packages/airflow/example_dags/example_time_delta_sensor_async.py took 0.055 seconds
[2024-05-11T21:04:52.891+0000] {processor.py:157} INFO - Started process (PID=231) to work on /home/airflow/.local/lib/python3.8/site-packages/airflow/example_dags/example_time_delta_sensor_async.py
[2024-05-11T21:04:52.892+0000] {processor.py:829} INFO - Processing file /home/airflow/.local/lib/python3.8/site-packages/airflow/example_dags/example_time_delta_sensor_async.py for tasks to queue
[2024-05-11T21:04:52.894+0000] {logging_mixin.py:154} INFO - [2024-05-11T21:04:52.894+0000] {dagbag.py:536} INFO - Filling up the DagBag from /home/airflow/.local/lib/python3.8/site-packages/airflow/example_dags/example_time_delta_sensor_async.py
[2024-05-11T21:04:52.899+0000] {processor.py:839} INFO - DAG(s) dict_keys(['example_time_delta_sensor_async']) retrieved from /home/airflow/.local/lib/python3.8/site-packages/airflow/example_dags/example_time_delta_sensor_async.py
[2024-05-11T21:04:52.918+0000] {logging_mixin.py:154} INFO - [2024-05-11T21:04:52.918+0000] {dag.py:2941} INFO - Sync 1 DAGs
[2024-05-11T21:04:52.928+0000] {logging_mixin.py:154} INFO - [2024-05-11T21:04:52.928+0000] {dag.py:3722} INFO - Setting next_dagrun for example_time_delta_sensor_async to None, run_after=None
[2024-05-11T21:04:52.940+0000] {processor.py:179} INFO - Processing /home/airflow/.local/lib/python3.8/site-packages/airflow/example_dags/example_time_delta_sensor_async.py took 0.052 seconds
[2024-05-11T21:05:44.427+0000] {processor.py:157} INFO - Started process (PID=68) to work on /home/airflow/.local/lib/python3.8/site-packages/airflow/example_dags/example_time_delta_sensor_async.py
[2024-05-11T21:05:44.429+0000] {processor.py:829} INFO - Processing file /home/airflow/.local/lib/python3.8/site-packages/airflow/example_dags/example_time_delta_sensor_async.py for tasks to queue
[2024-05-11T21:05:44.432+0000] {logging_mixin.py:154} INFO - [2024-05-11T21:05:44.432+0000] {dagbag.py:536} INFO - Filling up the DagBag from /home/airflow/.local/lib/python3.8/site-packages/airflow/example_dags/example_time_delta_sensor_async.py
[2024-05-11T21:05:44.438+0000] {processor.py:839} INFO - DAG(s) dict_keys(['example_time_delta_sensor_async']) retrieved from /home/airflow/.local/lib/python3.8/site-packages/airflow/example_dags/example_time_delta_sensor_async.py
[2024-05-11T21:05:44.451+0000] {logging_mixin.py:154} INFO - [2024-05-11T21:05:44.451+0000] {dag.py:2941} INFO - Sync 1 DAGs
[2024-05-11T21:05:44.461+0000] {logging_mixin.py:154} INFO - [2024-05-11T21:05:44.461+0000] {dag.py:3722} INFO - Setting next_dagrun for example_time_delta_sensor_async to None, run_after=None
[2024-05-11T21:05:44.475+0000] {processor.py:179} INFO - Processing /home/airflow/.local/lib/python3.8/site-packages/airflow/example_dags/example_time_delta_sensor_async.py took 0.051 seconds
[2024-05-11T21:06:14.536+0000] {processor.py:157} INFO - Started process (PID=123) to work on /home/airflow/.local/lib/python3.8/site-packages/airflow/example_dags/example_time_delta_sensor_async.py
[2024-05-11T21:06:14.538+0000] {processor.py:829} INFO - Processing file /home/airflow/.local/lib/python3.8/site-packages/airflow/example_dags/example_time_delta_sensor_async.py for tasks to queue
[2024-05-11T21:06:14.541+0000] {logging_mixin.py:154} INFO - [2024-05-11T21:06:14.541+0000] {dagbag.py:536} INFO - Filling up the DagBag from /home/airflow/.local/lib/python3.8/site-packages/airflow/example_dags/example_time_delta_sensor_async.py
[2024-05-11T21:06:14.547+0000] {processor.py:839} INFO - DAG(s) dict_keys(['example_time_delta_sensor_async']) retrieved from /home/airflow/.local/lib/python3.8/site-packages/airflow/example_dags/example_time_delta_sensor_async.py
[2024-05-11T21:06:14.569+0000] {logging_mixin.py:154} INFO - [2024-05-11T21:06:14.569+0000] {dag.py:2941} INFO - Sync 1 DAGs
[2024-05-11T21:06:14.577+0000] {logging_mixin.py:154} INFO - [2024-05-11T21:06:14.577+0000] {dag.py:3722} INFO - Setting next_dagrun for example_time_delta_sensor_async to None, run_after=None
[2024-05-11T21:06:14.587+0000] {processor.py:179} INFO - Processing /home/airflow/.local/lib/python3.8/site-packages/airflow/example_dags/example_time_delta_sensor_async.py took 0.054 seconds
[2024-05-11T21:06:44.882+0000] {processor.py:157} INFO - Started process (PID=178) to work on /home/airflow/.local/lib/python3.8/site-packages/airflow/example_dags/example_time_delta_sensor_async.py
[2024-05-11T21:06:44.883+0000] {processor.py:829} INFO - Processing file /home/airflow/.local/lib/python3.8/site-packages/airflow/example_dags/example_time_delta_sensor_async.py for tasks to queue
[2024-05-11T21:06:44.885+0000] {logging_mixin.py:154} INFO - [2024-05-11T21:06:44.885+0000] {dagbag.py:536} INFO - Filling up the DagBag from /home/airflow/.local/lib/python3.8/site-packages/airflow/example_dags/example_time_delta_sensor_async.py
[2024-05-11T21:06:44.890+0000] {processor.py:839} INFO - DAG(s) dict_keys(['example_time_delta_sensor_async']) retrieved from /home/airflow/.local/lib/python3.8/site-packages/airflow/example_dags/example_time_delta_sensor_async.py
[2024-05-11T21:06:44.907+0000] {logging_mixin.py:154} INFO - [2024-05-11T21:06:44.907+0000] {dag.py:2941} INFO - Sync 1 DAGs
[2024-05-11T21:06:44.915+0000] {logging_mixin.py:154} INFO - [2024-05-11T21:06:44.915+0000] {dag.py:3722} INFO - Setting next_dagrun for example_time_delta_sensor_async to None, run_after=None
[2024-05-11T21:06:44.926+0000] {processor.py:179} INFO - Processing /home/airflow/.local/lib/python3.8/site-packages/airflow/example_dags/example_time_delta_sensor_async.py took 0.047 seconds
[2024-05-11T21:07:15.103+0000] {processor.py:157} INFO - Started process (PID=233) to work on /home/airflow/.local/lib/python3.8/site-packages/airflow/example_dags/example_time_delta_sensor_async.py
[2024-05-11T21:07:15.104+0000] {processor.py:829} INFO - Processing file /home/airflow/.local/lib/python3.8/site-packages/airflow/example_dags/example_time_delta_sensor_async.py for tasks to queue
[2024-05-11T21:07:15.106+0000] {logging_mixin.py:154} INFO - [2024-05-11T21:07:15.106+0000] {dagbag.py:536} INFO - Filling up the DagBag from /home/airflow/.local/lib/python3.8/site-packages/airflow/example_dags/example_time_delta_sensor_async.py
[2024-05-11T21:07:15.110+0000] {processor.py:839} INFO - DAG(s) dict_keys(['example_time_delta_sensor_async']) retrieved from /home/airflow/.local/lib/python3.8/site-packages/airflow/example_dags/example_time_delta_sensor_async.py
[2024-05-11T21:07:15.128+0000] {logging_mixin.py:154} INFO - [2024-05-11T21:07:15.127+0000] {dag.py:2941} INFO - Sync 1 DAGs
[2024-05-11T21:07:15.136+0000] {logging_mixin.py:154} INFO - [2024-05-11T21:07:15.136+0000] {dag.py:3722} INFO - Setting next_dagrun for example_time_delta_sensor_async to None, run_after=None
[2024-05-11T21:07:15.146+0000] {processor.py:179} INFO - Processing /home/airflow/.local/lib/python3.8/site-packages/airflow/example_dags/example_time_delta_sensor_async.py took 0.047 seconds
[2024-05-11T21:07:45.385+0000] {processor.py:157} INFO - Started process (PID=292) to work on /home/airflow/.local/lib/python3.8/site-packages/airflow/example_dags/example_time_delta_sensor_async.py
[2024-05-11T21:07:45.386+0000] {processor.py:829} INFO - Processing file /home/airflow/.local/lib/python3.8/site-packages/airflow/example_dags/example_time_delta_sensor_async.py for tasks to queue
[2024-05-11T21:07:45.388+0000] {logging_mixin.py:154} INFO - [2024-05-11T21:07:45.388+0000] {dagbag.py:536} INFO - Filling up the DagBag from /home/airflow/.local/lib/python3.8/site-packages/airflow/example_dags/example_time_delta_sensor_async.py
[2024-05-11T21:07:45.393+0000] {processor.py:839} INFO - DAG(s) dict_keys(['example_time_delta_sensor_async']) retrieved from /home/airflow/.local/lib/python3.8/site-packages/airflow/example_dags/example_time_delta_sensor_async.py
[2024-05-11T21:07:45.409+0000] {logging_mixin.py:154} INFO - [2024-05-11T21:07:45.409+0000] {dag.py:2941} INFO - Sync 1 DAGs
[2024-05-11T21:07:45.418+0000] {logging_mixin.py:154} INFO - [2024-05-11T21:07:45.418+0000] {dag.py:3722} INFO - Setting next_dagrun for example_time_delta_sensor_async to None, run_after=None
[2024-05-11T21:07:45.428+0000] {processor.py:179} INFO - Processing /home/airflow/.local/lib/python3.8/site-packages/airflow/example_dags/example_time_delta_sensor_async.py took 0.046 seconds
[2024-05-11T21:08:15.614+0000] {processor.py:157} INFO - Started process (PID=347) to work on /home/airflow/.local/lib/python3.8/site-packages/airflow/example_dags/example_time_delta_sensor_async.py
[2024-05-11T21:08:15.615+0000] {processor.py:829} INFO - Processing file /home/airflow/.local/lib/python3.8/site-packages/airflow/example_dags/example_time_delta_sensor_async.py for tasks to queue
[2024-05-11T21:08:15.618+0000] {logging_mixin.py:154} INFO - [2024-05-11T21:08:15.617+0000] {dagbag.py:536} INFO - Filling up the DagBag from /home/airflow/.local/lib/python3.8/site-packages/airflow/example_dags/example_time_delta_sensor_async.py
[2024-05-11T21:08:15.622+0000] {processor.py:839} INFO - DAG(s) dict_keys(['example_time_delta_sensor_async']) retrieved from /home/airflow/.local/lib/python3.8/site-packages/airflow/example_dags/example_time_delta_sensor_async.py
[2024-05-11T21:08:15.639+0000] {logging_mixin.py:154} INFO - [2024-05-11T21:08:15.638+0000] {dag.py:2941} INFO - Sync 1 DAGs
[2024-05-11T21:08:15.647+0000] {logging_mixin.py:154} INFO - [2024-05-11T21:08:15.647+0000] {dag.py:3722} INFO - Setting next_dagrun for example_time_delta_sensor_async to None, run_after=None
[2024-05-11T21:08:15.658+0000] {processor.py:179} INFO - Processing /home/airflow/.local/lib/python3.8/site-packages/airflow/example_dags/example_time_delta_sensor_async.py took 0.048 seconds
[2024-05-11T21:08:45.893+0000] {processor.py:157} INFO - Started process (PID=402) to work on /home/airflow/.local/lib/python3.8/site-packages/airflow/example_dags/example_time_delta_sensor_async.py
[2024-05-11T21:08:45.895+0000] {processor.py:829} INFO - Processing file /home/airflow/.local/lib/python3.8/site-packages/airflow/example_dags/example_time_delta_sensor_async.py for tasks to queue
[2024-05-11T21:08:45.897+0000] {logging_mixin.py:154} INFO - [2024-05-11T21:08:45.896+0000] {dagbag.py:536} INFO - Filling up the DagBag from /home/airflow/.local/lib/python3.8/site-packages/airflow/example_dags/example_time_delta_sensor_async.py
[2024-05-11T21:08:45.901+0000] {processor.py:839} INFO - DAG(s) dict_keys(['example_time_delta_sensor_async']) retrieved from /home/airflow/.local/lib/python3.8/site-packages/airflow/example_dags/example_time_delta_sensor_async.py
[2024-05-11T21:08:45.918+0000] {logging_mixin.py:154} INFO - [2024-05-11T21:08:45.918+0000] {dag.py:2941} INFO - Sync 1 DAGs
[2024-05-11T21:08:45.926+0000] {logging_mixin.py:154} INFO - [2024-05-11T21:08:45.925+0000] {dag.py:3722} INFO - Setting next_dagrun for example_time_delta_sensor_async to None, run_after=None
[2024-05-11T21:08:45.939+0000] {processor.py:179} INFO - Processing /home/airflow/.local/lib/python3.8/site-packages/airflow/example_dags/example_time_delta_sensor_async.py took 0.048 seconds
[2024-05-11T21:09:16.351+0000] {processor.py:157} INFO - Started process (PID=456) to work on /home/airflow/.local/lib/python3.8/site-packages/airflow/example_dags/example_time_delta_sensor_async.py
[2024-05-11T21:09:16.352+0000] {processor.py:829} INFO - Processing file /home/airflow/.local/lib/python3.8/site-packages/airflow/example_dags/example_time_delta_sensor_async.py for tasks to queue
[2024-05-11T21:09:16.354+0000] {logging_mixin.py:154} INFO - [2024-05-11T21:09:16.354+0000] {dagbag.py:536} INFO - Filling up the DagBag from /home/airflow/.local/lib/python3.8/site-packages/airflow/example_dags/example_time_delta_sensor_async.py
[2024-05-11T21:09:16.358+0000] {processor.py:839} INFO - DAG(s) dict_keys(['example_time_delta_sensor_async']) retrieved from /home/airflow/.local/lib/python3.8/site-packages/airflow/example_dags/example_time_delta_sensor_async.py
[2024-05-11T21:09:16.376+0000] {logging_mixin.py:154} INFO - [2024-05-11T21:09:16.376+0000] {dag.py:2941} INFO - Sync 1 DAGs
[2024-05-11T21:09:16.384+0000] {logging_mixin.py:154} INFO - [2024-05-11T21:09:16.384+0000] {dag.py:3722} INFO - Setting next_dagrun for example_time_delta_sensor_async to None, run_after=None
[2024-05-11T21:09:16.395+0000] {processor.py:179} INFO - Processing /home/airflow/.local/lib/python3.8/site-packages/airflow/example_dags/example_time_delta_sensor_async.py took 0.047 seconds
[2024-05-11T21:09:46.619+0000] {processor.py:157} INFO - Started process (PID=511) to work on /home/airflow/.local/lib/python3.8/site-packages/airflow/example_dags/example_time_delta_sensor_async.py
[2024-05-11T21:09:46.621+0000] {processor.py:829} INFO - Processing file /home/airflow/.local/lib/python3.8/site-packages/airflow/example_dags/example_time_delta_sensor_async.py for tasks to queue
[2024-05-11T21:09:46.623+0000] {logging_mixin.py:154} INFO - [2024-05-11T21:09:46.622+0000] {dagbag.py:536} INFO - Filling up the DagBag from /home/airflow/.local/lib/python3.8/site-packages/airflow/example_dags/example_time_delta_sensor_async.py
[2024-05-11T21:09:46.627+0000] {processor.py:839} INFO - DAG(s) dict_keys(['example_time_delta_sensor_async']) retrieved from /home/airflow/.local/lib/python3.8/site-packages/airflow/example_dags/example_time_delta_sensor_async.py
[2024-05-11T21:09:46.644+0000] {logging_mixin.py:154} INFO - [2024-05-11T21:09:46.644+0000] {dag.py:2941} INFO - Sync 1 DAGs
[2024-05-11T21:09:46.652+0000] {logging_mixin.py:154} INFO - [2024-05-11T21:09:46.652+0000] {dag.py:3722} INFO - Setting next_dagrun for example_time_delta_sensor_async to None, run_after=None
[2024-05-11T21:09:46.665+0000] {processor.py:179} INFO - Processing /home/airflow/.local/lib/python3.8/site-packages/airflow/example_dags/example_time_delta_sensor_async.py took 0.049 seconds
[2024-05-11T21:10:16.881+0000] {processor.py:157} INFO - Started process (PID=565) to work on /home/airflow/.local/lib/python3.8/site-packages/airflow/example_dags/example_time_delta_sensor_async.py
[2024-05-11T21:10:16.882+0000] {processor.py:829} INFO - Processing file /home/airflow/.local/lib/python3.8/site-packages/airflow/example_dags/example_time_delta_sensor_async.py for tasks to queue
[2024-05-11T21:10:16.884+0000] {logging_mixin.py:154} INFO - [2024-05-11T21:10:16.884+0000] {dagbag.py:536} INFO - Filling up the DagBag from /home/airflow/.local/lib/python3.8/site-packages/airflow/example_dags/example_time_delta_sensor_async.py
[2024-05-11T21:10:16.889+0000] {processor.py:839} INFO - DAG(s) dict_keys(['example_time_delta_sensor_async']) retrieved from /home/airflow/.local/lib/python3.8/site-packages/airflow/example_dags/example_time_delta_sensor_async.py
[2024-05-11T21:10:16.906+0000] {logging_mixin.py:154} INFO - [2024-05-11T21:10:16.906+0000] {dag.py:2941} INFO - Sync 1 DAGs
[2024-05-11T21:10:16.914+0000] {logging_mixin.py:154} INFO - [2024-05-11T21:10:16.913+0000] {dag.py:3722} INFO - Setting next_dagrun for example_time_delta_sensor_async to None, run_after=None
[2024-05-11T21:10:16.925+0000] {processor.py:179} INFO - Processing /home/airflow/.local/lib/python3.8/site-packages/airflow/example_dags/example_time_delta_sensor_async.py took 0.046 seconds
[2024-05-11T21:10:47.277+0000] {processor.py:157} INFO - Started process (PID=620) to work on /home/airflow/.local/lib/python3.8/site-packages/airflow/example_dags/example_time_delta_sensor_async.py
[2024-05-11T21:10:47.278+0000] {processor.py:829} INFO - Processing file /home/airflow/.local/lib/python3.8/site-packages/airflow/example_dags/example_time_delta_sensor_async.py for tasks to queue
[2024-05-11T21:10:47.280+0000] {logging_mixin.py:154} INFO - [2024-05-11T21:10:47.280+0000] {dagbag.py:536} INFO - Filling up the DagBag from /home/airflow/.local/lib/python3.8/site-packages/airflow/example_dags/example_time_delta_sensor_async.py
[2024-05-11T21:10:47.285+0000] {processor.py:839} INFO - DAG(s) dict_keys(['example_time_delta_sensor_async']) retrieved from /home/airflow/.local/lib/python3.8/site-packages/airflow/example_dags/example_time_delta_sensor_async.py
[2024-05-11T21:10:47.303+0000] {logging_mixin.py:154} INFO - [2024-05-11T21:10:47.303+0000] {dag.py:2941} INFO - Sync 1 DAGs
[2024-05-11T21:10:47.312+0000] {logging_mixin.py:154} INFO - [2024-05-11T21:10:47.312+0000] {dag.py:3722} INFO - Setting next_dagrun for example_time_delta_sensor_async to None, run_after=None
[2024-05-11T21:10:47.323+0000] {processor.py:179} INFO - Processing /home/airflow/.local/lib/python3.8/site-packages/airflow/example_dags/example_time_delta_sensor_async.py took 0.049 seconds
[2024-05-11T21:11:17.539+0000] {processor.py:157} INFO - Started process (PID=675) to work on /home/airflow/.local/lib/python3.8/site-packages/airflow/example_dags/example_time_delta_sensor_async.py
[2024-05-11T21:11:17.541+0000] {processor.py:829} INFO - Processing file /home/airflow/.local/lib/python3.8/site-packages/airflow/example_dags/example_time_delta_sensor_async.py for tasks to queue
[2024-05-11T21:11:17.543+0000] {logging_mixin.py:154} INFO - [2024-05-11T21:11:17.543+0000] {dagbag.py:536} INFO - Filling up the DagBag from /home/airflow/.local/lib/python3.8/site-packages/airflow/example_dags/example_time_delta_sensor_async.py
[2024-05-11T21:11:17.547+0000] {processor.py:839} INFO - DAG(s) dict_keys(['example_time_delta_sensor_async']) retrieved from /home/airflow/.local/lib/python3.8/site-packages/airflow/example_dags/example_time_delta_sensor_async.py
[2024-05-11T21:11:17.565+0000] {logging_mixin.py:154} INFO - [2024-05-11T21:11:17.564+0000] {dag.py:2941} INFO - Sync 1 DAGs
[2024-05-11T21:11:17.572+0000] {logging_mixin.py:154} INFO - [2024-05-11T21:11:17.572+0000] {dag.py:3722} INFO - Setting next_dagrun for example_time_delta_sensor_async to None, run_after=None
[2024-05-11T21:11:17.584+0000] {processor.py:179} INFO - Processing /home/airflow/.local/lib/python3.8/site-packages/airflow/example_dags/example_time_delta_sensor_async.py took 0.048 seconds
[2024-05-11T21:11:47.842+0000] {processor.py:157} INFO - Started process (PID=730) to work on /home/airflow/.local/lib/python3.8/site-packages/airflow/example_dags/example_time_delta_sensor_async.py
[2024-05-11T21:11:47.844+0000] {processor.py:829} INFO - Processing file /home/airflow/.local/lib/python3.8/site-packages/airflow/example_dags/example_time_delta_sensor_async.py for tasks to queue
[2024-05-11T21:11:47.847+0000] {logging_mixin.py:154} INFO - [2024-05-11T21:11:47.846+0000] {dagbag.py:536} INFO - Filling up the DagBag from /home/airflow/.local/lib/python3.8/site-packages/airflow/example_dags/example_time_delta_sensor_async.py
[2024-05-11T21:11:47.851+0000] {processor.py:839} INFO - DAG(s) dict_keys(['example_time_delta_sensor_async']) retrieved from /home/airflow/.local/lib/python3.8/site-packages/airflow/example_dags/example_time_delta_sensor_async.py
[2024-05-11T21:11:47.868+0000] {logging_mixin.py:154} INFO - [2024-05-11T21:11:47.868+0000] {dag.py:2941} INFO - Sync 1 DAGs
[2024-05-11T21:11:47.878+0000] {logging_mixin.py:154} INFO - [2024-05-11T21:11:47.878+0000] {dag.py:3722} INFO - Setting next_dagrun for example_time_delta_sensor_async to None, run_after=None
[2024-05-11T21:11:47.888+0000] {processor.py:179} INFO - Processing /home/airflow/.local/lib/python3.8/site-packages/airflow/example_dags/example_time_delta_sensor_async.py took 0.049 seconds
[2024-05-11T21:12:18.124+0000] {processor.py:157} INFO - Started process (PID=786) to work on /home/airflow/.local/lib/python3.8/site-packages/airflow/example_dags/example_time_delta_sensor_async.py
[2024-05-11T21:12:18.126+0000] {processor.py:829} INFO - Processing file /home/airflow/.local/lib/python3.8/site-packages/airflow/example_dags/example_time_delta_sensor_async.py for tasks to queue
[2024-05-11T21:12:18.129+0000] {logging_mixin.py:154} INFO - [2024-05-11T21:12:18.129+0000] {dagbag.py:536} INFO - Filling up the DagBag from /home/airflow/.local/lib/python3.8/site-packages/airflow/example_dags/example_time_delta_sensor_async.py
[2024-05-11T21:12:18.139+0000] {processor.py:839} INFO - DAG(s) dict_keys(['example_time_delta_sensor_async']) retrieved from /home/airflow/.local/lib/python3.8/site-packages/airflow/example_dags/example_time_delta_sensor_async.py
[2024-05-11T21:12:18.170+0000] {logging_mixin.py:154} INFO - [2024-05-11T21:12:18.170+0000] {dag.py:2941} INFO - Sync 1 DAGs
[2024-05-11T21:12:18.189+0000] {logging_mixin.py:154} INFO - [2024-05-11T21:12:18.188+0000] {dag.py:3722} INFO - Setting next_dagrun for example_time_delta_sensor_async to None, run_after=None
[2024-05-11T21:12:18.211+0000] {processor.py:179} INFO - Processing /home/airflow/.local/lib/python3.8/site-packages/airflow/example_dags/example_time_delta_sensor_async.py took 0.091 seconds
[2024-05-11T21:12:48.484+0000] {processor.py:157} INFO - Started process (PID=841) to work on /home/airflow/.local/lib/python3.8/site-packages/airflow/example_dags/example_time_delta_sensor_async.py
[2024-05-11T21:12:48.485+0000] {processor.py:829} INFO - Processing file /home/airflow/.local/lib/python3.8/site-packages/airflow/example_dags/example_time_delta_sensor_async.py for tasks to queue
[2024-05-11T21:12:48.487+0000] {logging_mixin.py:154} INFO - [2024-05-11T21:12:48.487+0000] {dagbag.py:536} INFO - Filling up the DagBag from /home/airflow/.local/lib/python3.8/site-packages/airflow/example_dags/example_time_delta_sensor_async.py
[2024-05-11T21:12:48.492+0000] {processor.py:839} INFO - DAG(s) dict_keys(['example_time_delta_sensor_async']) retrieved from /home/airflow/.local/lib/python3.8/site-packages/airflow/example_dags/example_time_delta_sensor_async.py
[2024-05-11T21:12:48.510+0000] {logging_mixin.py:154} INFO - [2024-05-11T21:12:48.510+0000] {dag.py:2941} INFO - Sync 1 DAGs
[2024-05-11T21:12:48.518+0000] {logging_mixin.py:154} INFO - [2024-05-11T21:12:48.518+0000] {dag.py:3722} INFO - Setting next_dagrun for example_time_delta_sensor_async to None, run_after=None
[2024-05-11T21:12:48.530+0000] {processor.py:179} INFO - Processing /home/airflow/.local/lib/python3.8/site-packages/airflow/example_dags/example_time_delta_sensor_async.py took 0.049 seconds
[2024-05-11T21:13:18.800+0000] {processor.py:157} INFO - Started process (PID=896) to work on /home/airflow/.local/lib/python3.8/site-packages/airflow/example_dags/example_time_delta_sensor_async.py
[2024-05-11T21:13:18.801+0000] {processor.py:829} INFO - Processing file /home/airflow/.local/lib/python3.8/site-packages/airflow/example_dags/example_time_delta_sensor_async.py for tasks to queue
[2024-05-11T21:13:18.803+0000] {logging_mixin.py:154} INFO - [2024-05-11T21:13:18.803+0000] {dagbag.py:536} INFO - Filling up the DagBag from /home/airflow/.local/lib/python3.8/site-packages/airflow/example_dags/example_time_delta_sensor_async.py
[2024-05-11T21:13:18.807+0000] {processor.py:839} INFO - DAG(s) dict_keys(['example_time_delta_sensor_async']) retrieved from /home/airflow/.local/lib/python3.8/site-packages/airflow/example_dags/example_time_delta_sensor_async.py
[2024-05-11T21:13:18.824+0000] {logging_mixin.py:154} INFO - [2024-05-11T21:13:18.823+0000] {dag.py:2941} INFO - Sync 1 DAGs
[2024-05-11T21:13:18.832+0000] {logging_mixin.py:154} INFO - [2024-05-11T21:13:18.832+0000] {dag.py:3722} INFO - Setting next_dagrun for example_time_delta_sensor_async to None, run_after=None
[2024-05-11T21:13:18.843+0000] {processor.py:179} INFO - Processing /home/airflow/.local/lib/python3.8/site-packages/airflow/example_dags/example_time_delta_sensor_async.py took 0.046 seconds
[2024-05-11T21:13:48.909+0000] {processor.py:157} INFO - Started process (PID=951) to work on /home/airflow/.local/lib/python3.8/site-packages/airflow/example_dags/example_time_delta_sensor_async.py
[2024-05-11T21:13:48.911+0000] {processor.py:829} INFO - Processing file /home/airflow/.local/lib/python3.8/site-packages/airflow/example_dags/example_time_delta_sensor_async.py for tasks to queue
[2024-05-11T21:13:48.913+0000] {logging_mixin.py:154} INFO - [2024-05-11T21:13:48.912+0000] {dagbag.py:536} INFO - Filling up the DagBag from /home/airflow/.local/lib/python3.8/site-packages/airflow/example_dags/example_time_delta_sensor_async.py
[2024-05-11T21:13:48.917+0000] {processor.py:839} INFO - DAG(s) dict_keys(['example_time_delta_sensor_async']) retrieved from /home/airflow/.local/lib/python3.8/site-packages/airflow/example_dags/example_time_delta_sensor_async.py
[2024-05-11T21:13:48.934+0000] {logging_mixin.py:154} INFO - [2024-05-11T21:13:48.933+0000] {dag.py:2941} INFO - Sync 1 DAGs
[2024-05-11T21:13:48.941+0000] {logging_mixin.py:154} INFO - [2024-05-11T21:13:48.941+0000] {dag.py:3722} INFO - Setting next_dagrun for example_time_delta_sensor_async to None, run_after=None
[2024-05-11T21:13:48.953+0000] {processor.py:179} INFO - Processing /home/airflow/.local/lib/python3.8/site-packages/airflow/example_dags/example_time_delta_sensor_async.py took 0.046 seconds
[2024-05-11T21:14:19.182+0000] {processor.py:157} INFO - Started process (PID=1006) to work on /home/airflow/.local/lib/python3.8/site-packages/airflow/example_dags/example_time_delta_sensor_async.py
[2024-05-11T21:14:19.183+0000] {processor.py:829} INFO - Processing file /home/airflow/.local/lib/python3.8/site-packages/airflow/example_dags/example_time_delta_sensor_async.py for tasks to queue
[2024-05-11T21:14:19.185+0000] {logging_mixin.py:154} INFO - [2024-05-11T21:14:19.185+0000] {dagbag.py:536} INFO - Filling up the DagBag from /home/airflow/.local/lib/python3.8/site-packages/airflow/example_dags/example_time_delta_sensor_async.py
[2024-05-11T21:14:19.190+0000] {processor.py:839} INFO - DAG(s) dict_keys(['example_time_delta_sensor_async']) retrieved from /home/airflow/.local/lib/python3.8/site-packages/airflow/example_dags/example_time_delta_sensor_async.py
[2024-05-11T21:14:19.206+0000] {logging_mixin.py:154} INFO - [2024-05-11T21:14:19.205+0000] {dag.py:2941} INFO - Sync 1 DAGs
[2024-05-11T21:14:19.213+0000] {logging_mixin.py:154} INFO - [2024-05-11T21:14:19.213+0000] {dag.py:3722} INFO - Setting next_dagrun for example_time_delta_sensor_async to None, run_after=None
[2024-05-11T21:14:19.225+0000] {processor.py:179} INFO - Processing /home/airflow/.local/lib/python3.8/site-packages/airflow/example_dags/example_time_delta_sensor_async.py took 0.045 seconds
[2024-05-11T21:14:49.560+0000] {processor.py:157} INFO - Started process (PID=1062) to work on /home/airflow/.local/lib/python3.8/site-packages/airflow/example_dags/example_time_delta_sensor_async.py
[2024-05-11T21:14:49.562+0000] {processor.py:829} INFO - Processing file /home/airflow/.local/lib/python3.8/site-packages/airflow/example_dags/example_time_delta_sensor_async.py for tasks to queue
[2024-05-11T21:14:49.564+0000] {logging_mixin.py:154} INFO - [2024-05-11T21:14:49.563+0000] {dagbag.py:536} INFO - Filling up the DagBag from /home/airflow/.local/lib/python3.8/site-packages/airflow/example_dags/example_time_delta_sensor_async.py
[2024-05-11T21:14:49.568+0000] {processor.py:839} INFO - DAG(s) dict_keys(['example_time_delta_sensor_async']) retrieved from /home/airflow/.local/lib/python3.8/site-packages/airflow/example_dags/example_time_delta_sensor_async.py
[2024-05-11T21:14:49.586+0000] {logging_mixin.py:154} INFO - [2024-05-11T21:14:49.586+0000] {dag.py:2941} INFO - Sync 1 DAGs
[2024-05-11T21:14:49.596+0000] {logging_mixin.py:154} INFO - [2024-05-11T21:14:49.596+0000] {dag.py:3722} INFO - Setting next_dagrun for example_time_delta_sensor_async to None, run_after=None
[2024-05-11T21:14:49.609+0000] {processor.py:179} INFO - Processing /home/airflow/.local/lib/python3.8/site-packages/airflow/example_dags/example_time_delta_sensor_async.py took 0.052 seconds
[2024-05-11T21:16:33.514+0000] {processor.py:157} INFO - Started process (PID=68) to work on /home/airflow/.local/lib/python3.8/site-packages/airflow/example_dags/example_time_delta_sensor_async.py
[2024-05-11T21:16:33.515+0000] {processor.py:829} INFO - Processing file /home/airflow/.local/lib/python3.8/site-packages/airflow/example_dags/example_time_delta_sensor_async.py for tasks to queue
[2024-05-11T21:16:33.519+0000] {logging_mixin.py:154} INFO - [2024-05-11T21:16:33.518+0000] {dagbag.py:536} INFO - Filling up the DagBag from /home/airflow/.local/lib/python3.8/site-packages/airflow/example_dags/example_time_delta_sensor_async.py
[2024-05-11T21:16:33.525+0000] {processor.py:839} INFO - DAG(s) dict_keys(['example_time_delta_sensor_async']) retrieved from /home/airflow/.local/lib/python3.8/site-packages/airflow/example_dags/example_time_delta_sensor_async.py
[2024-05-11T21:16:33.550+0000] {logging_mixin.py:154} INFO - [2024-05-11T21:16:33.550+0000] {dag.py:2941} INFO - Sync 1 DAGs
[2024-05-11T21:16:33.576+0000] {logging_mixin.py:154} INFO - [2024-05-11T21:16:33.576+0000] {dag.py:3722} INFO - Setting next_dagrun for example_time_delta_sensor_async to None, run_after=None
[2024-05-11T21:16:33.589+0000] {processor.py:179} INFO - Processing /home/airflow/.local/lib/python3.8/site-packages/airflow/example_dags/example_time_delta_sensor_async.py took 0.079 seconds
[2024-05-11T21:17:04.079+0000] {processor.py:157} INFO - Started process (PID=124) to work on /home/airflow/.local/lib/python3.8/site-packages/airflow/example_dags/example_time_delta_sensor_async.py
[2024-05-11T21:17:04.081+0000] {processor.py:829} INFO - Processing file /home/airflow/.local/lib/python3.8/site-packages/airflow/example_dags/example_time_delta_sensor_async.py for tasks to queue
[2024-05-11T21:17:04.083+0000] {logging_mixin.py:154} INFO - [2024-05-11T21:17:04.082+0000] {dagbag.py:536} INFO - Filling up the DagBag from /home/airflow/.local/lib/python3.8/site-packages/airflow/example_dags/example_time_delta_sensor_async.py
[2024-05-11T21:17:04.086+0000] {processor.py:839} INFO - DAG(s) dict_keys(['example_time_delta_sensor_async']) retrieved from /home/airflow/.local/lib/python3.8/site-packages/airflow/example_dags/example_time_delta_sensor_async.py
[2024-05-11T21:17:04.102+0000] {logging_mixin.py:154} INFO - [2024-05-11T21:17:04.102+0000] {dag.py:2941} INFO - Sync 1 DAGs
[2024-05-11T21:17:04.110+0000] {logging_mixin.py:154} INFO - [2024-05-11T21:17:04.110+0000] {dag.py:3722} INFO - Setting next_dagrun for example_time_delta_sensor_async to None, run_after=None
[2024-05-11T21:17:04.120+0000] {processor.py:179} INFO - Processing /home/airflow/.local/lib/python3.8/site-packages/airflow/example_dags/example_time_delta_sensor_async.py took 0.044 seconds
[2024-05-11T21:17:34.405+0000] {processor.py:157} INFO - Started process (PID=179) to work on /home/airflow/.local/lib/python3.8/site-packages/airflow/example_dags/example_time_delta_sensor_async.py
[2024-05-11T21:17:34.406+0000] {processor.py:829} INFO - Processing file /home/airflow/.local/lib/python3.8/site-packages/airflow/example_dags/example_time_delta_sensor_async.py for tasks to queue
[2024-05-11T21:17:34.408+0000] {logging_mixin.py:154} INFO - [2024-05-11T21:17:34.408+0000] {dagbag.py:536} INFO - Filling up the DagBag from /home/airflow/.local/lib/python3.8/site-packages/airflow/example_dags/example_time_delta_sensor_async.py
[2024-05-11T21:17:34.412+0000] {processor.py:839} INFO - DAG(s) dict_keys(['example_time_delta_sensor_async']) retrieved from /home/airflow/.local/lib/python3.8/site-packages/airflow/example_dags/example_time_delta_sensor_async.py
[2024-05-11T21:17:34.431+0000] {logging_mixin.py:154} INFO - [2024-05-11T21:17:34.431+0000] {dag.py:2941} INFO - Sync 1 DAGs
[2024-05-11T21:17:34.442+0000] {logging_mixin.py:154} INFO - [2024-05-11T21:17:34.442+0000] {dag.py:3722} INFO - Setting next_dagrun for example_time_delta_sensor_async to None, run_after=None
[2024-05-11T21:17:34.469+0000] {processor.py:179} INFO - Processing /home/airflow/.local/lib/python3.8/site-packages/airflow/example_dags/example_time_delta_sensor_async.py took 0.067 seconds
[2024-05-11T21:18:04.784+0000] {processor.py:157} INFO - Started process (PID=235) to work on /home/airflow/.local/lib/python3.8/site-packages/airflow/example_dags/example_time_delta_sensor_async.py
[2024-05-11T21:18:04.785+0000] {processor.py:829} INFO - Processing file /home/airflow/.local/lib/python3.8/site-packages/airflow/example_dags/example_time_delta_sensor_async.py for tasks to queue
[2024-05-11T21:18:04.788+0000] {logging_mixin.py:154} INFO - [2024-05-11T21:18:04.787+0000] {dagbag.py:536} INFO - Filling up the DagBag from /home/airflow/.local/lib/python3.8/site-packages/airflow/example_dags/example_time_delta_sensor_async.py
[2024-05-11T21:18:04.792+0000] {processor.py:839} INFO - DAG(s) dict_keys(['example_time_delta_sensor_async']) retrieved from /home/airflow/.local/lib/python3.8/site-packages/airflow/example_dags/example_time_delta_sensor_async.py
[2024-05-11T21:18:04.809+0000] {logging_mixin.py:154} INFO - [2024-05-11T21:18:04.808+0000] {dag.py:2941} INFO - Sync 1 DAGs
[2024-05-11T21:18:04.816+0000] {logging_mixin.py:154} INFO - [2024-05-11T21:18:04.816+0000] {dag.py:3722} INFO - Setting next_dagrun for example_time_delta_sensor_async to None, run_after=None
[2024-05-11T21:18:04.827+0000] {processor.py:179} INFO - Processing /home/airflow/.local/lib/python3.8/site-packages/airflow/example_dags/example_time_delta_sensor_async.py took 0.045 seconds
[2024-05-11T21:18:34.954+0000] {processor.py:157} INFO - Started process (PID=290) to work on /home/airflow/.local/lib/python3.8/site-packages/airflow/example_dags/example_time_delta_sensor_async.py
[2024-05-11T21:18:34.955+0000] {processor.py:829} INFO - Processing file /home/airflow/.local/lib/python3.8/site-packages/airflow/example_dags/example_time_delta_sensor_async.py for tasks to queue
[2024-05-11T21:18:34.964+0000] {logging_mixin.py:154} INFO - [2024-05-11T21:18:34.964+0000] {dagbag.py:536} INFO - Filling up the DagBag from /home/airflow/.local/lib/python3.8/site-packages/airflow/example_dags/example_time_delta_sensor_async.py
[2024-05-11T21:18:34.969+0000] {processor.py:839} INFO - DAG(s) dict_keys(['example_time_delta_sensor_async']) retrieved from /home/airflow/.local/lib/python3.8/site-packages/airflow/example_dags/example_time_delta_sensor_async.py
[2024-05-11T21:18:34.988+0000] {logging_mixin.py:154} INFO - [2024-05-11T21:18:34.988+0000] {dag.py:2941} INFO - Sync 1 DAGs
[2024-05-11T21:18:34.997+0000] {logging_mixin.py:154} INFO - [2024-05-11T21:18:34.997+0000] {dag.py:3722} INFO - Setting next_dagrun for example_time_delta_sensor_async to None, run_after=None
[2024-05-11T21:18:35.009+0000] {processor.py:179} INFO - Processing /home/airflow/.local/lib/python3.8/site-packages/airflow/example_dags/example_time_delta_sensor_async.py took 0.058 seconds
[2024-05-11T21:19:05.142+0000] {processor.py:157} INFO - Started process (PID=345) to work on /home/airflow/.local/lib/python3.8/site-packages/airflow/example_dags/example_time_delta_sensor_async.py
[2024-05-11T21:19:05.144+0000] {processor.py:829} INFO - Processing file /home/airflow/.local/lib/python3.8/site-packages/airflow/example_dags/example_time_delta_sensor_async.py for tasks to queue
[2024-05-11T21:19:05.145+0000] {logging_mixin.py:154} INFO - [2024-05-11T21:19:05.145+0000] {dagbag.py:536} INFO - Filling up the DagBag from /home/airflow/.local/lib/python3.8/site-packages/airflow/example_dags/example_time_delta_sensor_async.py
[2024-05-11T21:19:05.149+0000] {processor.py:839} INFO - DAG(s) dict_keys(['example_time_delta_sensor_async']) retrieved from /home/airflow/.local/lib/python3.8/site-packages/airflow/example_dags/example_time_delta_sensor_async.py
[2024-05-11T21:19:05.166+0000] {logging_mixin.py:154} INFO - [2024-05-11T21:19:05.166+0000] {dag.py:2941} INFO - Sync 1 DAGs
[2024-05-11T21:19:05.174+0000] {logging_mixin.py:154} INFO - [2024-05-11T21:19:05.174+0000] {dag.py:3722} INFO - Setting next_dagrun for example_time_delta_sensor_async to None, run_after=None
[2024-05-11T21:19:05.185+0000] {processor.py:179} INFO - Processing /home/airflow/.local/lib/python3.8/site-packages/airflow/example_dags/example_time_delta_sensor_async.py took 0.045 seconds
[2024-05-11T21:19:35.514+0000] {processor.py:157} INFO - Started process (PID=400) to work on /home/airflow/.local/lib/python3.8/site-packages/airflow/example_dags/example_time_delta_sensor_async.py
[2024-05-11T21:19:35.515+0000] {processor.py:829} INFO - Processing file /home/airflow/.local/lib/python3.8/site-packages/airflow/example_dags/example_time_delta_sensor_async.py for tasks to queue
[2024-05-11T21:19:35.517+0000] {logging_mixin.py:154} INFO - [2024-05-11T21:19:35.517+0000] {dagbag.py:536} INFO - Filling up the DagBag from /home/airflow/.local/lib/python3.8/site-packages/airflow/example_dags/example_time_delta_sensor_async.py
[2024-05-11T21:19:35.521+0000] {processor.py:839} INFO - DAG(s) dict_keys(['example_time_delta_sensor_async']) retrieved from /home/airflow/.local/lib/python3.8/site-packages/airflow/example_dags/example_time_delta_sensor_async.py
[2024-05-11T21:19:35.541+0000] {logging_mixin.py:154} INFO - [2024-05-11T21:19:35.541+0000] {dag.py:2941} INFO - Sync 1 DAGs
[2024-05-11T21:19:35.549+0000] {logging_mixin.py:154} INFO - [2024-05-11T21:19:35.549+0000] {dag.py:3722} INFO - Setting next_dagrun for example_time_delta_sensor_async to None, run_after=None
[2024-05-11T21:19:35.559+0000] {processor.py:179} INFO - Processing /home/airflow/.local/lib/python3.8/site-packages/airflow/example_dags/example_time_delta_sensor_async.py took 0.048 seconds
[2024-05-11T21:20:05.985+0000] {processor.py:157} INFO - Started process (PID=455) to work on /home/airflow/.local/lib/python3.8/site-packages/airflow/example_dags/example_time_delta_sensor_async.py
[2024-05-11T21:20:05.986+0000] {processor.py:829} INFO - Processing file /home/airflow/.local/lib/python3.8/site-packages/airflow/example_dags/example_time_delta_sensor_async.py for tasks to queue
[2024-05-11T21:20:05.988+0000] {logging_mixin.py:154} INFO - [2024-05-11T21:20:05.988+0000] {dagbag.py:536} INFO - Filling up the DagBag from /home/airflow/.local/lib/python3.8/site-packages/airflow/example_dags/example_time_delta_sensor_async.py
[2024-05-11T21:20:05.992+0000] {processor.py:839} INFO - DAG(s) dict_keys(['example_time_delta_sensor_async']) retrieved from /home/airflow/.local/lib/python3.8/site-packages/airflow/example_dags/example_time_delta_sensor_async.py
[2024-05-11T21:20:06.009+0000] {logging_mixin.py:154} INFO - [2024-05-11T21:20:06.009+0000] {dag.py:2941} INFO - Sync 1 DAGs
[2024-05-11T21:20:06.016+0000] {logging_mixin.py:154} INFO - [2024-05-11T21:20:06.016+0000] {dag.py:3722} INFO - Setting next_dagrun for example_time_delta_sensor_async to None, run_after=None
[2024-05-11T21:20:06.026+0000] {processor.py:179} INFO - Processing /home/airflow/.local/lib/python3.8/site-packages/airflow/example_dags/example_time_delta_sensor_async.py took 0.045 seconds
[2024-05-11T21:20:36.167+0000] {processor.py:157} INFO - Started process (PID=510) to work on /home/airflow/.local/lib/python3.8/site-packages/airflow/example_dags/example_time_delta_sensor_async.py
[2024-05-11T21:20:36.169+0000] {processor.py:829} INFO - Processing file /home/airflow/.local/lib/python3.8/site-packages/airflow/example_dags/example_time_delta_sensor_async.py for tasks to queue
[2024-05-11T21:20:36.171+0000] {logging_mixin.py:154} INFO - [2024-05-11T21:20:36.171+0000] {dagbag.py:536} INFO - Filling up the DagBag from /home/airflow/.local/lib/python3.8/site-packages/airflow/example_dags/example_time_delta_sensor_async.py
[2024-05-11T21:20:36.175+0000] {processor.py:839} INFO - DAG(s) dict_keys(['example_time_delta_sensor_async']) retrieved from /home/airflow/.local/lib/python3.8/site-packages/airflow/example_dags/example_time_delta_sensor_async.py
[2024-05-11T21:20:36.191+0000] {logging_mixin.py:154} INFO - [2024-05-11T21:20:36.191+0000] {dag.py:2941} INFO - Sync 1 DAGs
[2024-05-11T21:20:36.199+0000] {logging_mixin.py:154} INFO - [2024-05-11T21:20:36.199+0000] {dag.py:3722} INFO - Setting next_dagrun for example_time_delta_sensor_async to None, run_after=None
[2024-05-11T21:20:36.209+0000] {processor.py:179} INFO - Processing /home/airflow/.local/lib/python3.8/site-packages/airflow/example_dags/example_time_delta_sensor_async.py took 0.044 seconds
[2024-05-11T21:21:06.250+0000] {processor.py:157} INFO - Started process (PID=565) to work on /home/airflow/.local/lib/python3.8/site-packages/airflow/example_dags/example_time_delta_sensor_async.py
[2024-05-11T21:21:06.252+0000] {processor.py:829} INFO - Processing file /home/airflow/.local/lib/python3.8/site-packages/airflow/example_dags/example_time_delta_sensor_async.py for tasks to queue
[2024-05-11T21:21:06.254+0000] {logging_mixin.py:154} INFO - [2024-05-11T21:21:06.253+0000] {dagbag.py:536} INFO - Filling up the DagBag from /home/airflow/.local/lib/python3.8/site-packages/airflow/example_dags/example_time_delta_sensor_async.py
[2024-05-11T21:21:06.258+0000] {processor.py:839} INFO - DAG(s) dict_keys(['example_time_delta_sensor_async']) retrieved from /home/airflow/.local/lib/python3.8/site-packages/airflow/example_dags/example_time_delta_sensor_async.py
[2024-05-11T21:21:06.274+0000] {logging_mixin.py:154} INFO - [2024-05-11T21:21:06.274+0000] {dag.py:2941} INFO - Sync 1 DAGs
[2024-05-11T21:21:06.283+0000] {logging_mixin.py:154} INFO - [2024-05-11T21:21:06.282+0000] {dag.py:3722} INFO - Setting next_dagrun for example_time_delta_sensor_async to None, run_after=None
[2024-05-11T21:21:06.293+0000] {processor.py:179} INFO - Processing /home/airflow/.local/lib/python3.8/site-packages/airflow/example_dags/example_time_delta_sensor_async.py took 0.046 seconds
[2024-05-11T21:21:36.781+0000] {processor.py:157} INFO - Started process (PID=620) to work on /home/airflow/.local/lib/python3.8/site-packages/airflow/example_dags/example_time_delta_sensor_async.py
[2024-05-11T21:21:36.782+0000] {processor.py:829} INFO - Processing file /home/airflow/.local/lib/python3.8/site-packages/airflow/example_dags/example_time_delta_sensor_async.py for tasks to queue
[2024-05-11T21:21:36.784+0000] {logging_mixin.py:154} INFO - [2024-05-11T21:21:36.784+0000] {dagbag.py:536} INFO - Filling up the DagBag from /home/airflow/.local/lib/python3.8/site-packages/airflow/example_dags/example_time_delta_sensor_async.py
[2024-05-11T21:21:36.788+0000] {processor.py:839} INFO - DAG(s) dict_keys(['example_time_delta_sensor_async']) retrieved from /home/airflow/.local/lib/python3.8/site-packages/airflow/example_dags/example_time_delta_sensor_async.py
[2024-05-11T21:21:36.805+0000] {logging_mixin.py:154} INFO - [2024-05-11T21:21:36.804+0000] {dag.py:2941} INFO - Sync 1 DAGs
[2024-05-11T21:21:36.812+0000] {logging_mixin.py:154} INFO - [2024-05-11T21:21:36.812+0000] {dag.py:3722} INFO - Setting next_dagrun for example_time_delta_sensor_async to None, run_after=None
[2024-05-11T21:21:36.823+0000] {processor.py:179} INFO - Processing /home/airflow/.local/lib/python3.8/site-packages/airflow/example_dags/example_time_delta_sensor_async.py took 0.045 seconds
[2024-05-11T21:42:10.038+0000] {processor.py:157} INFO - Started process (PID=82) to work on /home/airflow/.local/lib/python3.8/site-packages/airflow/example_dags/example_time_delta_sensor_async.py
[2024-05-11T21:42:10.040+0000] {processor.py:829} INFO - Processing file /home/airflow/.local/lib/python3.8/site-packages/airflow/example_dags/example_time_delta_sensor_async.py for tasks to queue
[2024-05-11T21:42:10.044+0000] {logging_mixin.py:154} INFO - [2024-05-11T21:42:10.043+0000] {dagbag.py:536} INFO - Filling up the DagBag from /home/airflow/.local/lib/python3.8/site-packages/airflow/example_dags/example_time_delta_sensor_async.py
[2024-05-11T21:42:10.052+0000] {processor.py:839} INFO - DAG(s) dict_keys(['example_time_delta_sensor_async']) retrieved from /home/airflow/.local/lib/python3.8/site-packages/airflow/example_dags/example_time_delta_sensor_async.py
[2024-05-11T21:42:10.169+0000] {logging_mixin.py:154} INFO - [2024-05-11T21:42:10.169+0000] {manager.py:499} INFO - Created Permission View: %s
[2024-05-11T21:42:10.180+0000] {logging_mixin.py:154} INFO - [2024-05-11T21:42:10.180+0000] {manager.py:499} INFO - Created Permission View: %s
[2024-05-11T21:42:10.188+0000] {logging_mixin.py:154} INFO - [2024-05-11T21:42:10.188+0000] {manager.py:499} INFO - Created Permission View: %s
[2024-05-11T21:42:10.189+0000] {logging_mixin.py:154} INFO - [2024-05-11T21:42:10.189+0000] {dag.py:2941} INFO - Sync 1 DAGs
[2024-05-11T21:42:10.200+0000] {logging_mixin.py:154} INFO - [2024-05-11T21:42:10.200+0000] {dag.py:2963} INFO - Creating ORM DAG for example_time_delta_sensor_async
[2024-05-11T21:42:10.202+0000] {logging_mixin.py:154} INFO - [2024-05-11T21:42:10.202+0000] {dag.py:3722} INFO - Setting next_dagrun for example_time_delta_sensor_async to None, run_after=None
[2024-05-11T21:42:10.221+0000] {processor.py:179} INFO - Processing /home/airflow/.local/lib/python3.8/site-packages/airflow/example_dags/example_time_delta_sensor_async.py took 0.187 seconds
[2024-05-11T21:42:40.471+0000] {processor.py:157} INFO - Started process (PID=137) to work on /home/airflow/.local/lib/python3.8/site-packages/airflow/example_dags/example_time_delta_sensor_async.py
[2024-05-11T21:42:40.473+0000] {processor.py:829} INFO - Processing file /home/airflow/.local/lib/python3.8/site-packages/airflow/example_dags/example_time_delta_sensor_async.py for tasks to queue
[2024-05-11T21:42:40.475+0000] {logging_mixin.py:154} INFO - [2024-05-11T21:42:40.475+0000] {dagbag.py:536} INFO - Filling up the DagBag from /home/airflow/.local/lib/python3.8/site-packages/airflow/example_dags/example_time_delta_sensor_async.py
[2024-05-11T21:42:40.481+0000] {processor.py:839} INFO - DAG(s) dict_keys(['example_time_delta_sensor_async']) retrieved from /home/airflow/.local/lib/python3.8/site-packages/airflow/example_dags/example_time_delta_sensor_async.py
[2024-05-11T21:42:40.503+0000] {logging_mixin.py:154} INFO - [2024-05-11T21:42:40.503+0000] {dag.py:2941} INFO - Sync 1 DAGs
[2024-05-11T21:42:40.516+0000] {logging_mixin.py:154} INFO - [2024-05-11T21:42:40.516+0000] {dag.py:3722} INFO - Setting next_dagrun for example_time_delta_sensor_async to None, run_after=None
[2024-05-11T21:42:40.537+0000] {processor.py:179} INFO - Processing /home/airflow/.local/lib/python3.8/site-packages/airflow/example_dags/example_time_delta_sensor_async.py took 0.070 seconds
[2024-05-11T21:43:10.585+0000] {processor.py:157} INFO - Started process (PID=191) to work on /home/airflow/.local/lib/python3.8/site-packages/airflow/example_dags/example_time_delta_sensor_async.py
[2024-05-11T21:43:10.586+0000] {processor.py:829} INFO - Processing file /home/airflow/.local/lib/python3.8/site-packages/airflow/example_dags/example_time_delta_sensor_async.py for tasks to queue
[2024-05-11T21:43:10.589+0000] {logging_mixin.py:154} INFO - [2024-05-11T21:43:10.588+0000] {dagbag.py:536} INFO - Filling up the DagBag from /home/airflow/.local/lib/python3.8/site-packages/airflow/example_dags/example_time_delta_sensor_async.py
[2024-05-11T21:43:10.593+0000] {processor.py:839} INFO - DAG(s) dict_keys(['example_time_delta_sensor_async']) retrieved from /home/airflow/.local/lib/python3.8/site-packages/airflow/example_dags/example_time_delta_sensor_async.py
[2024-05-11T21:43:10.612+0000] {logging_mixin.py:154} INFO - [2024-05-11T21:43:10.612+0000] {dag.py:2941} INFO - Sync 1 DAGs
[2024-05-11T21:43:10.621+0000] {logging_mixin.py:154} INFO - [2024-05-11T21:43:10.621+0000] {dag.py:3722} INFO - Setting next_dagrun for example_time_delta_sensor_async to None, run_after=None
[2024-05-11T21:43:10.633+0000] {processor.py:179} INFO - Processing /home/airflow/.local/lib/python3.8/site-packages/airflow/example_dags/example_time_delta_sensor_async.py took 0.051 seconds
[2024-05-11T21:43:41.299+0000] {processor.py:157} INFO - Started process (PID=246) to work on /home/airflow/.local/lib/python3.8/site-packages/airflow/example_dags/example_time_delta_sensor_async.py
[2024-05-11T21:43:41.300+0000] {processor.py:829} INFO - Processing file /home/airflow/.local/lib/python3.8/site-packages/airflow/example_dags/example_time_delta_sensor_async.py for tasks to queue
[2024-05-11T21:43:41.303+0000] {logging_mixin.py:154} INFO - [2024-05-11T21:43:41.302+0000] {dagbag.py:536} INFO - Filling up the DagBag from /home/airflow/.local/lib/python3.8/site-packages/airflow/example_dags/example_time_delta_sensor_async.py
[2024-05-11T21:43:41.307+0000] {processor.py:839} INFO - DAG(s) dict_keys(['example_time_delta_sensor_async']) retrieved from /home/airflow/.local/lib/python3.8/site-packages/airflow/example_dags/example_time_delta_sensor_async.py
[2024-05-11T21:43:41.328+0000] {logging_mixin.py:154} INFO - [2024-05-11T21:43:41.327+0000] {dag.py:2941} INFO - Sync 1 DAGs
[2024-05-11T21:43:41.338+0000] {logging_mixin.py:154} INFO - [2024-05-11T21:43:41.338+0000] {dag.py:3722} INFO - Setting next_dagrun for example_time_delta_sensor_async to None, run_after=None
[2024-05-11T21:43:41.351+0000] {processor.py:179} INFO - Processing /home/airflow/.local/lib/python3.8/site-packages/airflow/example_dags/example_time_delta_sensor_async.py took 0.056 seconds
[2024-05-11T21:44:11.904+0000] {processor.py:157} INFO - Started process (PID=301) to work on /home/airflow/.local/lib/python3.8/site-packages/airflow/example_dags/example_time_delta_sensor_async.py
[2024-05-11T21:44:11.905+0000] {processor.py:829} INFO - Processing file /home/airflow/.local/lib/python3.8/site-packages/airflow/example_dags/example_time_delta_sensor_async.py for tasks to queue
[2024-05-11T21:44:11.907+0000] {logging_mixin.py:154} INFO - [2024-05-11T21:44:11.907+0000] {dagbag.py:536} INFO - Filling up the DagBag from /home/airflow/.local/lib/python3.8/site-packages/airflow/example_dags/example_time_delta_sensor_async.py
[2024-05-11T21:44:11.911+0000] {processor.py:839} INFO - DAG(s) dict_keys(['example_time_delta_sensor_async']) retrieved from /home/airflow/.local/lib/python3.8/site-packages/airflow/example_dags/example_time_delta_sensor_async.py
[2024-05-11T21:44:11.930+0000] {logging_mixin.py:154} INFO - [2024-05-11T21:44:11.929+0000] {dag.py:2941} INFO - Sync 1 DAGs
[2024-05-11T21:44:11.939+0000] {logging_mixin.py:154} INFO - [2024-05-11T21:44:11.939+0000] {dag.py:3722} INFO - Setting next_dagrun for example_time_delta_sensor_async to None, run_after=None
[2024-05-11T21:44:11.956+0000] {processor.py:179} INFO - Processing /home/airflow/.local/lib/python3.8/site-packages/airflow/example_dags/example_time_delta_sensor_async.py took 0.054 seconds
[2024-05-11T21:44:42.383+0000] {processor.py:157} INFO - Started process (PID=356) to work on /home/airflow/.local/lib/python3.8/site-packages/airflow/example_dags/example_time_delta_sensor_async.py
[2024-05-11T21:44:42.385+0000] {processor.py:829} INFO - Processing file /home/airflow/.local/lib/python3.8/site-packages/airflow/example_dags/example_time_delta_sensor_async.py for tasks to queue
[2024-05-11T21:44:42.390+0000] {logging_mixin.py:154} INFO - [2024-05-11T21:44:42.390+0000] {dagbag.py:536} INFO - Filling up the DagBag from /home/airflow/.local/lib/python3.8/site-packages/airflow/example_dags/example_time_delta_sensor_async.py
[2024-05-11T21:44:42.396+0000] {processor.py:839} INFO - DAG(s) dict_keys(['example_time_delta_sensor_async']) retrieved from /home/airflow/.local/lib/python3.8/site-packages/airflow/example_dags/example_time_delta_sensor_async.py
[2024-05-11T21:44:42.418+0000] {logging_mixin.py:154} INFO - [2024-05-11T21:44:42.418+0000] {dag.py:2941} INFO - Sync 1 DAGs
[2024-05-11T21:44:42.431+0000] {logging_mixin.py:154} INFO - [2024-05-11T21:44:42.430+0000] {dag.py:3722} INFO - Setting next_dagrun for example_time_delta_sensor_async to None, run_after=None
[2024-05-11T21:44:42.444+0000] {processor.py:179} INFO - Processing /home/airflow/.local/lib/python3.8/site-packages/airflow/example_dags/example_time_delta_sensor_async.py took 0.064 seconds
[2024-05-11T21:45:13.075+0000] {processor.py:157} INFO - Started process (PID=411) to work on /home/airflow/.local/lib/python3.8/site-packages/airflow/example_dags/example_time_delta_sensor_async.py
[2024-05-11T21:45:13.076+0000] {processor.py:829} INFO - Processing file /home/airflow/.local/lib/python3.8/site-packages/airflow/example_dags/example_time_delta_sensor_async.py for tasks to queue
[2024-05-11T21:45:13.079+0000] {logging_mixin.py:154} INFO - [2024-05-11T21:45:13.078+0000] {dagbag.py:536} INFO - Filling up the DagBag from /home/airflow/.local/lib/python3.8/site-packages/airflow/example_dags/example_time_delta_sensor_async.py
[2024-05-11T21:45:13.083+0000] {processor.py:839} INFO - DAG(s) dict_keys(['example_time_delta_sensor_async']) retrieved from /home/airflow/.local/lib/python3.8/site-packages/airflow/example_dags/example_time_delta_sensor_async.py
[2024-05-11T21:45:13.106+0000] {logging_mixin.py:154} INFO - [2024-05-11T21:45:13.106+0000] {dag.py:2941} INFO - Sync 1 DAGs
[2024-05-11T21:45:13.121+0000] {logging_mixin.py:154} INFO - [2024-05-11T21:45:13.121+0000] {dag.py:3722} INFO - Setting next_dagrun for example_time_delta_sensor_async to None, run_after=None
[2024-05-11T21:45:13.139+0000] {processor.py:179} INFO - Processing /home/airflow/.local/lib/python3.8/site-packages/airflow/example_dags/example_time_delta_sensor_async.py took 0.067 seconds
[2024-05-11T21:45:43.663+0000] {processor.py:157} INFO - Started process (PID=467) to work on /home/airflow/.local/lib/python3.8/site-packages/airflow/example_dags/example_time_delta_sensor_async.py
[2024-05-11T21:45:43.665+0000] {processor.py:829} INFO - Processing file /home/airflow/.local/lib/python3.8/site-packages/airflow/example_dags/example_time_delta_sensor_async.py for tasks to queue
[2024-05-11T21:45:43.667+0000] {logging_mixin.py:154} INFO - [2024-05-11T21:45:43.667+0000] {dagbag.py:536} INFO - Filling up the DagBag from /home/airflow/.local/lib/python3.8/site-packages/airflow/example_dags/example_time_delta_sensor_async.py
[2024-05-11T21:45:43.672+0000] {processor.py:839} INFO - DAG(s) dict_keys(['example_time_delta_sensor_async']) retrieved from /home/airflow/.local/lib/python3.8/site-packages/airflow/example_dags/example_time_delta_sensor_async.py
[2024-05-11T21:45:43.695+0000] {logging_mixin.py:154} INFO - [2024-05-11T21:45:43.695+0000] {dag.py:2941} INFO - Sync 1 DAGs
[2024-05-11T21:45:43.706+0000] {logging_mixin.py:154} INFO - [2024-05-11T21:45:43.706+0000] {dag.py:3722} INFO - Setting next_dagrun for example_time_delta_sensor_async to None, run_after=None
[2024-05-11T21:45:43.722+0000] {processor.py:179} INFO - Processing /home/airflow/.local/lib/python3.8/site-packages/airflow/example_dags/example_time_delta_sensor_async.py took 0.062 seconds
[2024-05-11T21:46:14.648+0000] {processor.py:157} INFO - Started process (PID=522) to work on /home/airflow/.local/lib/python3.8/site-packages/airflow/example_dags/example_time_delta_sensor_async.py
[2024-05-11T21:46:14.650+0000] {processor.py:829} INFO - Processing file /home/airflow/.local/lib/python3.8/site-packages/airflow/example_dags/example_time_delta_sensor_async.py for tasks to queue
[2024-05-11T21:46:14.652+0000] {logging_mixin.py:154} INFO - [2024-05-11T21:46:14.652+0000] {dagbag.py:536} INFO - Filling up the DagBag from /home/airflow/.local/lib/python3.8/site-packages/airflow/example_dags/example_time_delta_sensor_async.py
[2024-05-11T21:46:14.658+0000] {processor.py:839} INFO - DAG(s) dict_keys(['example_time_delta_sensor_async']) retrieved from /home/airflow/.local/lib/python3.8/site-packages/airflow/example_dags/example_time_delta_sensor_async.py
[2024-05-11T21:46:14.681+0000] {logging_mixin.py:154} INFO - [2024-05-11T21:46:14.681+0000] {dag.py:2941} INFO - Sync 1 DAGs
[2024-05-11T21:46:14.692+0000] {logging_mixin.py:154} INFO - [2024-05-11T21:46:14.692+0000] {dag.py:3722} INFO - Setting next_dagrun for example_time_delta_sensor_async to None, run_after=None
[2024-05-11T21:46:14.706+0000] {processor.py:179} INFO - Processing /home/airflow/.local/lib/python3.8/site-packages/airflow/example_dags/example_time_delta_sensor_async.py took 0.062 seconds
[2024-05-11T21:46:44.981+0000] {processor.py:157} INFO - Started process (PID=577) to work on /home/airflow/.local/lib/python3.8/site-packages/airflow/example_dags/example_time_delta_sensor_async.py
[2024-05-11T21:46:44.983+0000] {processor.py:829} INFO - Processing file /home/airflow/.local/lib/python3.8/site-packages/airflow/example_dags/example_time_delta_sensor_async.py for tasks to queue
[2024-05-11T21:46:44.986+0000] {logging_mixin.py:154} INFO - [2024-05-11T21:46:44.985+0000] {dagbag.py:536} INFO - Filling up the DagBag from /home/airflow/.local/lib/python3.8/site-packages/airflow/example_dags/example_time_delta_sensor_async.py
[2024-05-11T21:46:44.990+0000] {processor.py:839} INFO - DAG(s) dict_keys(['example_time_delta_sensor_async']) retrieved from /home/airflow/.local/lib/python3.8/site-packages/airflow/example_dags/example_time_delta_sensor_async.py
[2024-05-11T21:46:45.012+0000] {logging_mixin.py:154} INFO - [2024-05-11T21:46:45.012+0000] {dag.py:2941} INFO - Sync 1 DAGs
[2024-05-11T21:46:45.022+0000] {logging_mixin.py:154} INFO - [2024-05-11T21:46:45.022+0000] {dag.py:3722} INFO - Setting next_dagrun for example_time_delta_sensor_async to None, run_after=None
[2024-05-11T21:46:45.035+0000] {processor.py:179} INFO - Processing /home/airflow/.local/lib/python3.8/site-packages/airflow/example_dags/example_time_delta_sensor_async.py took 0.057 seconds
