[2024-05-11T21:03:21.436+0000] {processor.py:157} INFO - Started process (PID=69) to work on /home/airflow/.local/lib/python3.8/site-packages/airflow/example_dags/example_task_group.py
[2024-05-11T21:03:21.437+0000] {processor.py:829} INFO - Processing file /home/airflow/.local/lib/python3.8/site-packages/airflow/example_dags/example_task_group.py for tasks to queue
[2024-05-11T21:03:21.440+0000] {logging_mixin.py:154} INFO - [2024-05-11T21:03:21.440+0000] {dagbag.py:536} INFO - Filling up the DagBag from /home/airflow/.local/lib/python3.8/site-packages/airflow/example_dags/example_task_group.py
[2024-05-11T21:03:21.447+0000] {processor.py:839} INFO - DAG(s) dict_keys(['example_task_group']) retrieved from /home/airflow/.local/lib/python3.8/site-packages/airflow/example_dags/example_task_group.py
[2024-05-11T21:03:21.514+0000] {logging_mixin.py:154} INFO - [2024-05-11T21:03:21.514+0000] {manager.py:499} INFO - Created Permission View: %s
[2024-05-11T21:03:21.519+0000] {logging_mixin.py:154} INFO - [2024-05-11T21:03:21.519+0000] {manager.py:499} INFO - Created Permission View: %s
[2024-05-11T21:03:21.525+0000] {logging_mixin.py:154} INFO - [2024-05-11T21:03:21.524+0000] {manager.py:499} INFO - Created Permission View: %s
[2024-05-11T21:03:21.525+0000] {logging_mixin.py:154} INFO - [2024-05-11T21:03:21.525+0000] {dag.py:2941} INFO - Sync 1 DAGs
[2024-05-11T21:03:21.532+0000] {logging_mixin.py:154} INFO - [2024-05-11T21:03:21.532+0000] {dag.py:2963} INFO - Creating ORM DAG for example_task_group
[2024-05-11T21:03:21.548+0000] {logging_mixin.py:154} INFO - [2024-05-11T21:03:21.548+0000] {dag.py:3722} INFO - Setting next_dagrun for example_task_group to 2024-05-10T21:03:21.548166+00:00, run_after=2024-05-11T21:03:21.548166+00:00
[2024-05-11T21:03:21.565+0000] {processor.py:179} INFO - Processing /home/airflow/.local/lib/python3.8/site-packages/airflow/example_dags/example_task_group.py took 0.133 seconds
[2024-05-11T21:03:52.235+0000] {processor.py:157} INFO - Started process (PID=124) to work on /home/airflow/.local/lib/python3.8/site-packages/airflow/example_dags/example_task_group.py
[2024-05-11T21:03:52.242+0000] {processor.py:829} INFO - Processing file /home/airflow/.local/lib/python3.8/site-packages/airflow/example_dags/example_task_group.py for tasks to queue
[2024-05-11T21:03:52.246+0000] {logging_mixin.py:154} INFO - [2024-05-11T21:03:52.245+0000] {dagbag.py:536} INFO - Filling up the DagBag from /home/airflow/.local/lib/python3.8/site-packages/airflow/example_dags/example_task_group.py
[2024-05-11T21:03:52.254+0000] {processor.py:839} INFO - DAG(s) dict_keys(['example_task_group']) retrieved from /home/airflow/.local/lib/python3.8/site-packages/airflow/example_dags/example_task_group.py
[2024-05-11T21:03:52.274+0000] {logging_mixin.py:154} INFO - [2024-05-11T21:03:52.274+0000] {dag.py:2941} INFO - Sync 1 DAGs
[2024-05-11T21:03:52.297+0000] {logging_mixin.py:154} INFO - [2024-05-11T21:03:52.296+0000] {dag.py:3722} INFO - Setting next_dagrun for example_task_group to 2024-05-10T21:03:52.296241+00:00, run_after=2024-05-11T21:03:52.296241+00:00
[2024-05-11T21:03:52.328+0000] {processor.py:179} INFO - Processing /home/airflow/.local/lib/python3.8/site-packages/airflow/example_dags/example_task_group.py took 0.100 seconds
[2024-05-11T21:04:22.505+0000] {processor.py:157} INFO - Started process (PID=178) to work on /home/airflow/.local/lib/python3.8/site-packages/airflow/example_dags/example_task_group.py
[2024-05-11T21:04:22.506+0000] {processor.py:829} INFO - Processing file /home/airflow/.local/lib/python3.8/site-packages/airflow/example_dags/example_task_group.py for tasks to queue
[2024-05-11T21:04:22.508+0000] {logging_mixin.py:154} INFO - [2024-05-11T21:04:22.508+0000] {dagbag.py:536} INFO - Filling up the DagBag from /home/airflow/.local/lib/python3.8/site-packages/airflow/example_dags/example_task_group.py
[2024-05-11T21:04:22.515+0000] {processor.py:839} INFO - DAG(s) dict_keys(['example_task_group']) retrieved from /home/airflow/.local/lib/python3.8/site-packages/airflow/example_dags/example_task_group.py
[2024-05-11T21:04:22.537+0000] {logging_mixin.py:154} INFO - [2024-05-11T21:04:22.537+0000] {dag.py:2941} INFO - Sync 1 DAGs
[2024-05-11T21:04:22.553+0000] {logging_mixin.py:154} INFO - [2024-05-11T21:04:22.553+0000] {dag.py:3722} INFO - Setting next_dagrun for example_task_group to 2024-05-10T21:04:22.552946+00:00, run_after=2024-05-11T21:04:22.552946+00:00
[2024-05-11T21:04:22.564+0000] {processor.py:179} INFO - Processing /home/airflow/.local/lib/python3.8/site-packages/airflow/example_dags/example_task_group.py took 0.062 seconds
[2024-05-11T21:04:52.966+0000] {processor.py:157} INFO - Started process (PID=233) to work on /home/airflow/.local/lib/python3.8/site-packages/airflow/example_dags/example_task_group.py
[2024-05-11T21:04:52.967+0000] {processor.py:829} INFO - Processing file /home/airflow/.local/lib/python3.8/site-packages/airflow/example_dags/example_task_group.py for tasks to queue
[2024-05-11T21:04:52.970+0000] {logging_mixin.py:154} INFO - [2024-05-11T21:04:52.969+0000] {dagbag.py:536} INFO - Filling up the DagBag from /home/airflow/.local/lib/python3.8/site-packages/airflow/example_dags/example_task_group.py
[2024-05-11T21:04:52.976+0000] {processor.py:839} INFO - DAG(s) dict_keys(['example_task_group']) retrieved from /home/airflow/.local/lib/python3.8/site-packages/airflow/example_dags/example_task_group.py
[2024-05-11T21:04:52.994+0000] {logging_mixin.py:154} INFO - [2024-05-11T21:04:52.994+0000] {dag.py:2941} INFO - Sync 1 DAGs
[2024-05-11T21:04:53.009+0000] {logging_mixin.py:154} INFO - [2024-05-11T21:04:53.009+0000] {dag.py:3722} INFO - Setting next_dagrun for example_task_group to 2024-05-10T21:04:53.009268+00:00, run_after=2024-05-11T21:04:53.009268+00:00
[2024-05-11T21:04:53.021+0000] {processor.py:179} INFO - Processing /home/airflow/.local/lib/python3.8/site-packages/airflow/example_dags/example_task_group.py took 0.057 seconds
[2024-05-11T21:05:44.510+0000] {processor.py:157} INFO - Started process (PID=70) to work on /home/airflow/.local/lib/python3.8/site-packages/airflow/example_dags/example_task_group.py
[2024-05-11T21:05:44.511+0000] {processor.py:829} INFO - Processing file /home/airflow/.local/lib/python3.8/site-packages/airflow/example_dags/example_task_group.py for tasks to queue
[2024-05-11T21:05:44.514+0000] {logging_mixin.py:154} INFO - [2024-05-11T21:05:44.513+0000] {dagbag.py:536} INFO - Filling up the DagBag from /home/airflow/.local/lib/python3.8/site-packages/airflow/example_dags/example_task_group.py
[2024-05-11T21:05:44.519+0000] {processor.py:839} INFO - DAG(s) dict_keys(['example_task_group']) retrieved from /home/airflow/.local/lib/python3.8/site-packages/airflow/example_dags/example_task_group.py
[2024-05-11T21:05:44.531+0000] {logging_mixin.py:154} INFO - [2024-05-11T21:05:44.531+0000] {dag.py:2941} INFO - Sync 1 DAGs
[2024-05-11T21:05:44.547+0000] {logging_mixin.py:154} INFO - [2024-05-11T21:05:44.547+0000] {dag.py:3722} INFO - Setting next_dagrun for example_task_group to 2024-05-10T21:05:44.547069+00:00, run_after=2024-05-11T21:05:44.547069+00:00
[2024-05-11T21:05:44.558+0000] {processor.py:179} INFO - Processing /home/airflow/.local/lib/python3.8/site-packages/airflow/example_dags/example_task_group.py took 0.052 seconds
[2024-05-11T21:06:14.614+0000] {processor.py:157} INFO - Started process (PID=125) to work on /home/airflow/.local/lib/python3.8/site-packages/airflow/example_dags/example_task_group.py
[2024-05-11T21:06:14.615+0000] {processor.py:829} INFO - Processing file /home/airflow/.local/lib/python3.8/site-packages/airflow/example_dags/example_task_group.py for tasks to queue
[2024-05-11T21:06:14.617+0000] {logging_mixin.py:154} INFO - [2024-05-11T21:06:14.617+0000] {dagbag.py:536} INFO - Filling up the DagBag from /home/airflow/.local/lib/python3.8/site-packages/airflow/example_dags/example_task_group.py
[2024-05-11T21:06:14.623+0000] {processor.py:839} INFO - DAG(s) dict_keys(['example_task_group']) retrieved from /home/airflow/.local/lib/python3.8/site-packages/airflow/example_dags/example_task_group.py
[2024-05-11T21:06:14.640+0000] {logging_mixin.py:154} INFO - [2024-05-11T21:06:14.640+0000] {dag.py:2941} INFO - Sync 1 DAGs
[2024-05-11T21:06:14.653+0000] {logging_mixin.py:154} INFO - [2024-05-11T21:06:14.653+0000] {dag.py:3722} INFO - Setting next_dagrun for example_task_group to 2024-05-10T21:06:14.653472+00:00, run_after=2024-05-11T21:06:14.653472+00:00
[2024-05-11T21:06:14.664+0000] {processor.py:179} INFO - Processing /home/airflow/.local/lib/python3.8/site-packages/airflow/example_dags/example_task_group.py took 0.053 seconds
[2024-05-11T21:06:44.951+0000] {processor.py:157} INFO - Started process (PID=180) to work on /home/airflow/.local/lib/python3.8/site-packages/airflow/example_dags/example_task_group.py
[2024-05-11T21:06:44.952+0000] {processor.py:829} INFO - Processing file /home/airflow/.local/lib/python3.8/site-packages/airflow/example_dags/example_task_group.py for tasks to queue
[2024-05-11T21:06:44.954+0000] {logging_mixin.py:154} INFO - [2024-05-11T21:06:44.954+0000] {dagbag.py:536} INFO - Filling up the DagBag from /home/airflow/.local/lib/python3.8/site-packages/airflow/example_dags/example_task_group.py
[2024-05-11T21:06:44.961+0000] {processor.py:839} INFO - DAG(s) dict_keys(['example_task_group']) retrieved from /home/airflow/.local/lib/python3.8/site-packages/airflow/example_dags/example_task_group.py
[2024-05-11T21:06:44.979+0000] {logging_mixin.py:154} INFO - [2024-05-11T21:06:44.979+0000] {dag.py:2941} INFO - Sync 1 DAGs
[2024-05-11T21:06:44.994+0000] {logging_mixin.py:154} INFO - [2024-05-11T21:06:44.993+0000] {dag.py:3722} INFO - Setting next_dagrun for example_task_group to 2024-05-10T21:06:44.993601+00:00, run_after=2024-05-11T21:06:44.993601+00:00
[2024-05-11T21:06:45.006+0000] {processor.py:179} INFO - Processing /home/airflow/.local/lib/python3.8/site-packages/airflow/example_dags/example_task_group.py took 0.058 seconds
[2024-05-11T21:07:15.170+0000] {processor.py:157} INFO - Started process (PID=235) to work on /home/airflow/.local/lib/python3.8/site-packages/airflow/example_dags/example_task_group.py
[2024-05-11T21:07:15.171+0000] {processor.py:829} INFO - Processing file /home/airflow/.local/lib/python3.8/site-packages/airflow/example_dags/example_task_group.py for tasks to queue
[2024-05-11T21:07:15.173+0000] {logging_mixin.py:154} INFO - [2024-05-11T21:07:15.173+0000] {dagbag.py:536} INFO - Filling up the DagBag from /home/airflow/.local/lib/python3.8/site-packages/airflow/example_dags/example_task_group.py
[2024-05-11T21:07:15.178+0000] {processor.py:839} INFO - DAG(s) dict_keys(['example_task_group']) retrieved from /home/airflow/.local/lib/python3.8/site-packages/airflow/example_dags/example_task_group.py
[2024-05-11T21:07:15.195+0000] {logging_mixin.py:154} INFO - [2024-05-11T21:07:15.195+0000] {dag.py:2941} INFO - Sync 1 DAGs
[2024-05-11T21:07:15.209+0000] {logging_mixin.py:154} INFO - [2024-05-11T21:07:15.209+0000] {dag.py:3722} INFO - Setting next_dagrun for example_task_group to 2024-05-10T21:07:15.208909+00:00, run_after=2024-05-11T21:07:15.208909+00:00
[2024-05-11T21:07:15.220+0000] {processor.py:179} INFO - Processing /home/airflow/.local/lib/python3.8/site-packages/airflow/example_dags/example_task_group.py took 0.053 seconds
[2024-05-11T21:07:45.453+0000] {processor.py:157} INFO - Started process (PID=294) to work on /home/airflow/.local/lib/python3.8/site-packages/airflow/example_dags/example_task_group.py
[2024-05-11T21:07:45.454+0000] {processor.py:829} INFO - Processing file /home/airflow/.local/lib/python3.8/site-packages/airflow/example_dags/example_task_group.py for tasks to queue
[2024-05-11T21:07:45.456+0000] {logging_mixin.py:154} INFO - [2024-05-11T21:07:45.456+0000] {dagbag.py:536} INFO - Filling up the DagBag from /home/airflow/.local/lib/python3.8/site-packages/airflow/example_dags/example_task_group.py
[2024-05-11T21:07:45.462+0000] {processor.py:839} INFO - DAG(s) dict_keys(['example_task_group']) retrieved from /home/airflow/.local/lib/python3.8/site-packages/airflow/example_dags/example_task_group.py
[2024-05-11T21:07:45.484+0000] {logging_mixin.py:154} INFO - [2024-05-11T21:07:45.483+0000] {dag.py:2941} INFO - Sync 1 DAGs
[2024-05-11T21:07:45.499+0000] {logging_mixin.py:154} INFO - [2024-05-11T21:07:45.498+0000] {dag.py:3722} INFO - Setting next_dagrun for example_task_group to 2024-05-10T21:07:45.498730+00:00, run_after=2024-05-11T21:07:45.498730+00:00
[2024-05-11T21:07:45.509+0000] {processor.py:179} INFO - Processing /home/airflow/.local/lib/python3.8/site-packages/airflow/example_dags/example_task_group.py took 0.060 seconds
[2024-05-11T21:08:15.682+0000] {processor.py:157} INFO - Started process (PID=349) to work on /home/airflow/.local/lib/python3.8/site-packages/airflow/example_dags/example_task_group.py
[2024-05-11T21:08:15.684+0000] {processor.py:829} INFO - Processing file /home/airflow/.local/lib/python3.8/site-packages/airflow/example_dags/example_task_group.py for tasks to queue
[2024-05-11T21:08:15.686+0000] {logging_mixin.py:154} INFO - [2024-05-11T21:08:15.686+0000] {dagbag.py:536} INFO - Filling up the DagBag from /home/airflow/.local/lib/python3.8/site-packages/airflow/example_dags/example_task_group.py
[2024-05-11T21:08:15.692+0000] {processor.py:839} INFO - DAG(s) dict_keys(['example_task_group']) retrieved from /home/airflow/.local/lib/python3.8/site-packages/airflow/example_dags/example_task_group.py
[2024-05-11T21:08:15.709+0000] {logging_mixin.py:154} INFO - [2024-05-11T21:08:15.709+0000] {dag.py:2941} INFO - Sync 1 DAGs
[2024-05-11T21:08:15.724+0000] {logging_mixin.py:154} INFO - [2024-05-11T21:08:15.724+0000] {dag.py:3722} INFO - Setting next_dagrun for example_task_group to 2024-05-10T21:08:15.724302+00:00, run_after=2024-05-11T21:08:15.724302+00:00
[2024-05-11T21:08:15.735+0000] {processor.py:179} INFO - Processing /home/airflow/.local/lib/python3.8/site-packages/airflow/example_dags/example_task_group.py took 0.056 seconds
[2024-05-11T21:08:45.966+0000] {processor.py:157} INFO - Started process (PID=404) to work on /home/airflow/.local/lib/python3.8/site-packages/airflow/example_dags/example_task_group.py
[2024-05-11T21:08:45.968+0000] {processor.py:829} INFO - Processing file /home/airflow/.local/lib/python3.8/site-packages/airflow/example_dags/example_task_group.py for tasks to queue
[2024-05-11T21:08:45.970+0000] {logging_mixin.py:154} INFO - [2024-05-11T21:08:45.970+0000] {dagbag.py:536} INFO - Filling up the DagBag from /home/airflow/.local/lib/python3.8/site-packages/airflow/example_dags/example_task_group.py
[2024-05-11T21:08:45.976+0000] {processor.py:839} INFO - DAG(s) dict_keys(['example_task_group']) retrieved from /home/airflow/.local/lib/python3.8/site-packages/airflow/example_dags/example_task_group.py
[2024-05-11T21:08:45.995+0000] {logging_mixin.py:154} INFO - [2024-05-11T21:08:45.995+0000] {dag.py:2941} INFO - Sync 1 DAGs
[2024-05-11T21:08:46.009+0000] {logging_mixin.py:154} INFO - [2024-05-11T21:08:46.009+0000] {dag.py:3722} INFO - Setting next_dagrun for example_task_group to 2024-05-10T21:08:46.008843+00:00, run_after=2024-05-11T21:08:46.008843+00:00
[2024-05-11T21:08:46.020+0000] {processor.py:179} INFO - Processing /home/airflow/.local/lib/python3.8/site-packages/airflow/example_dags/example_task_group.py took 0.057 seconds
[2024-05-11T21:09:16.417+0000] {processor.py:157} INFO - Started process (PID=458) to work on /home/airflow/.local/lib/python3.8/site-packages/airflow/example_dags/example_task_group.py
[2024-05-11T21:09:16.418+0000] {processor.py:829} INFO - Processing file /home/airflow/.local/lib/python3.8/site-packages/airflow/example_dags/example_task_group.py for tasks to queue
[2024-05-11T21:09:16.420+0000] {logging_mixin.py:154} INFO - [2024-05-11T21:09:16.420+0000] {dagbag.py:536} INFO - Filling up the DagBag from /home/airflow/.local/lib/python3.8/site-packages/airflow/example_dags/example_task_group.py
[2024-05-11T21:09:16.426+0000] {processor.py:839} INFO - DAG(s) dict_keys(['example_task_group']) retrieved from /home/airflow/.local/lib/python3.8/site-packages/airflow/example_dags/example_task_group.py
[2024-05-11T21:09:16.443+0000] {logging_mixin.py:154} INFO - [2024-05-11T21:09:16.443+0000] {dag.py:2941} INFO - Sync 1 DAGs
[2024-05-11T21:09:16.459+0000] {logging_mixin.py:154} INFO - [2024-05-11T21:09:16.459+0000] {dag.py:3722} INFO - Setting next_dagrun for example_task_group to 2024-05-10T21:09:16.458792+00:00, run_after=2024-05-11T21:09:16.458792+00:00
[2024-05-11T21:09:16.471+0000] {processor.py:179} INFO - Processing /home/airflow/.local/lib/python3.8/site-packages/airflow/example_dags/example_task_group.py took 0.056 seconds
[2024-05-11T21:09:46.693+0000] {processor.py:157} INFO - Started process (PID=513) to work on /home/airflow/.local/lib/python3.8/site-packages/airflow/example_dags/example_task_group.py
[2024-05-11T21:09:46.695+0000] {processor.py:829} INFO - Processing file /home/airflow/.local/lib/python3.8/site-packages/airflow/example_dags/example_task_group.py for tasks to queue
[2024-05-11T21:09:46.697+0000] {logging_mixin.py:154} INFO - [2024-05-11T21:09:46.696+0000] {dagbag.py:536} INFO - Filling up the DagBag from /home/airflow/.local/lib/python3.8/site-packages/airflow/example_dags/example_task_group.py
[2024-05-11T21:09:46.703+0000] {processor.py:839} INFO - DAG(s) dict_keys(['example_task_group']) retrieved from /home/airflow/.local/lib/python3.8/site-packages/airflow/example_dags/example_task_group.py
[2024-05-11T21:09:46.722+0000] {logging_mixin.py:154} INFO - [2024-05-11T21:09:46.721+0000] {dag.py:2941} INFO - Sync 1 DAGs
[2024-05-11T21:09:46.735+0000] {logging_mixin.py:154} INFO - [2024-05-11T21:09:46.735+0000] {dag.py:3722} INFO - Setting next_dagrun for example_task_group to 2024-05-10T21:09:46.735511+00:00, run_after=2024-05-11T21:09:46.735511+00:00
[2024-05-11T21:09:46.748+0000] {processor.py:179} INFO - Processing /home/airflow/.local/lib/python3.8/site-packages/airflow/example_dags/example_task_group.py took 0.058 seconds
[2024-05-11T21:10:16.947+0000] {processor.py:157} INFO - Started process (PID=567) to work on /home/airflow/.local/lib/python3.8/site-packages/airflow/example_dags/example_task_group.py
[2024-05-11T21:10:16.948+0000] {processor.py:829} INFO - Processing file /home/airflow/.local/lib/python3.8/site-packages/airflow/example_dags/example_task_group.py for tasks to queue
[2024-05-11T21:10:16.950+0000] {logging_mixin.py:154} INFO - [2024-05-11T21:10:16.950+0000] {dagbag.py:536} INFO - Filling up the DagBag from /home/airflow/.local/lib/python3.8/site-packages/airflow/example_dags/example_task_group.py
[2024-05-11T21:10:16.956+0000] {processor.py:839} INFO - DAG(s) dict_keys(['example_task_group']) retrieved from /home/airflow/.local/lib/python3.8/site-packages/airflow/example_dags/example_task_group.py
[2024-05-11T21:10:16.973+0000] {logging_mixin.py:154} INFO - [2024-05-11T21:10:16.973+0000] {dag.py:2941} INFO - Sync 1 DAGs
[2024-05-11T21:10:16.987+0000] {logging_mixin.py:154} INFO - [2024-05-11T21:10:16.987+0000] {dag.py:3722} INFO - Setting next_dagrun for example_task_group to 2024-05-10T21:10:16.987404+00:00, run_after=2024-05-11T21:10:16.987404+00:00
[2024-05-11T21:10:16.998+0000] {processor.py:179} INFO - Processing /home/airflow/.local/lib/python3.8/site-packages/airflow/example_dags/example_task_group.py took 0.053 seconds
[2024-05-11T21:10:47.349+0000] {processor.py:157} INFO - Started process (PID=622) to work on /home/airflow/.local/lib/python3.8/site-packages/airflow/example_dags/example_task_group.py
[2024-05-11T21:10:47.350+0000] {processor.py:829} INFO - Processing file /home/airflow/.local/lib/python3.8/site-packages/airflow/example_dags/example_task_group.py for tasks to queue
[2024-05-11T21:10:47.353+0000] {logging_mixin.py:154} INFO - [2024-05-11T21:10:47.352+0000] {dagbag.py:536} INFO - Filling up the DagBag from /home/airflow/.local/lib/python3.8/site-packages/airflow/example_dags/example_task_group.py
[2024-05-11T21:10:47.359+0000] {processor.py:839} INFO - DAG(s) dict_keys(['example_task_group']) retrieved from /home/airflow/.local/lib/python3.8/site-packages/airflow/example_dags/example_task_group.py
[2024-05-11T21:10:47.378+0000] {logging_mixin.py:154} INFO - [2024-05-11T21:10:47.378+0000] {dag.py:2941} INFO - Sync 1 DAGs
[2024-05-11T21:10:47.393+0000] {logging_mixin.py:154} INFO - [2024-05-11T21:10:47.393+0000] {dag.py:3722} INFO - Setting next_dagrun for example_task_group to 2024-05-10T21:10:47.393188+00:00, run_after=2024-05-11T21:10:47.393188+00:00
[2024-05-11T21:10:47.404+0000] {processor.py:179} INFO - Processing /home/airflow/.local/lib/python3.8/site-packages/airflow/example_dags/example_task_group.py took 0.058 seconds
[2024-05-11T21:11:17.669+0000] {processor.py:157} INFO - Started process (PID=677) to work on /home/airflow/.local/lib/python3.8/site-packages/airflow/example_dags/example_task_group.py
[2024-05-11T21:11:17.670+0000] {processor.py:829} INFO - Processing file /home/airflow/.local/lib/python3.8/site-packages/airflow/example_dags/example_task_group.py for tasks to queue
[2024-05-11T21:11:17.672+0000] {logging_mixin.py:154} INFO - [2024-05-11T21:11:17.671+0000] {dagbag.py:536} INFO - Filling up the DagBag from /home/airflow/.local/lib/python3.8/site-packages/airflow/example_dags/example_task_group.py
[2024-05-11T21:11:17.677+0000] {processor.py:839} INFO - DAG(s) dict_keys(['example_task_group']) retrieved from /home/airflow/.local/lib/python3.8/site-packages/airflow/example_dags/example_task_group.py
[2024-05-11T21:11:17.693+0000] {logging_mixin.py:154} INFO - [2024-05-11T21:11:17.693+0000] {dag.py:2941} INFO - Sync 1 DAGs
[2024-05-11T21:11:17.705+0000] {logging_mixin.py:154} INFO - [2024-05-11T21:11:17.705+0000] {dag.py:3722} INFO - Setting next_dagrun for example_task_group to 2024-05-10T21:11:17.705198+00:00, run_after=2024-05-11T21:11:17.705198+00:00
[2024-05-11T21:11:17.715+0000] {processor.py:179} INFO - Processing /home/airflow/.local/lib/python3.8/site-packages/airflow/example_dags/example_task_group.py took 0.049 seconds
[2024-05-11T21:11:47.913+0000] {processor.py:157} INFO - Started process (PID=732) to work on /home/airflow/.local/lib/python3.8/site-packages/airflow/example_dags/example_task_group.py
[2024-05-11T21:11:47.914+0000] {processor.py:829} INFO - Processing file /home/airflow/.local/lib/python3.8/site-packages/airflow/example_dags/example_task_group.py for tasks to queue
[2024-05-11T21:11:47.916+0000] {logging_mixin.py:154} INFO - [2024-05-11T21:11:47.916+0000] {dagbag.py:536} INFO - Filling up the DagBag from /home/airflow/.local/lib/python3.8/site-packages/airflow/example_dags/example_task_group.py
[2024-05-11T21:11:47.922+0000] {processor.py:839} INFO - DAG(s) dict_keys(['example_task_group']) retrieved from /home/airflow/.local/lib/python3.8/site-packages/airflow/example_dags/example_task_group.py
[2024-05-11T21:11:47.940+0000] {logging_mixin.py:154} INFO - [2024-05-11T21:11:47.940+0000] {dag.py:2941} INFO - Sync 1 DAGs
[2024-05-11T21:11:47.955+0000] {logging_mixin.py:154} INFO - [2024-05-11T21:11:47.954+0000] {dag.py:3722} INFO - Setting next_dagrun for example_task_group to 2024-05-10T21:11:47.954757+00:00, run_after=2024-05-11T21:11:47.954757+00:00
[2024-05-11T21:11:47.971+0000] {processor.py:179} INFO - Processing /home/airflow/.local/lib/python3.8/site-packages/airflow/example_dags/example_task_group.py took 0.060 seconds
[2024-05-11T21:12:18.240+0000] {processor.py:157} INFO - Started process (PID=788) to work on /home/airflow/.local/lib/python3.8/site-packages/airflow/example_dags/example_task_group.py
[2024-05-11T21:12:18.241+0000] {processor.py:829} INFO - Processing file /home/airflow/.local/lib/python3.8/site-packages/airflow/example_dags/example_task_group.py for tasks to queue
[2024-05-11T21:12:18.243+0000] {logging_mixin.py:154} INFO - [2024-05-11T21:12:18.243+0000] {dagbag.py:536} INFO - Filling up the DagBag from /home/airflow/.local/lib/python3.8/site-packages/airflow/example_dags/example_task_group.py
[2024-05-11T21:12:18.249+0000] {processor.py:839} INFO - DAG(s) dict_keys(['example_task_group']) retrieved from /home/airflow/.local/lib/python3.8/site-packages/airflow/example_dags/example_task_group.py
[2024-05-11T21:12:18.267+0000] {logging_mixin.py:154} INFO - [2024-05-11T21:12:18.266+0000] {dag.py:2941} INFO - Sync 1 DAGs
[2024-05-11T21:12:18.280+0000] {logging_mixin.py:154} INFO - [2024-05-11T21:12:18.279+0000] {dag.py:3722} INFO - Setting next_dagrun for example_task_group to 2024-05-10T21:12:18.279740+00:00, run_after=2024-05-11T21:12:18.279740+00:00
[2024-05-11T21:12:18.290+0000] {processor.py:179} INFO - Processing /home/airflow/.local/lib/python3.8/site-packages/airflow/example_dags/example_task_group.py took 0.053 seconds
[2024-05-11T21:12:48.558+0000] {processor.py:157} INFO - Started process (PID=843) to work on /home/airflow/.local/lib/python3.8/site-packages/airflow/example_dags/example_task_group.py
[2024-05-11T21:12:48.560+0000] {processor.py:829} INFO - Processing file /home/airflow/.local/lib/python3.8/site-packages/airflow/example_dags/example_task_group.py for tasks to queue
[2024-05-11T21:12:48.562+0000] {logging_mixin.py:154} INFO - [2024-05-11T21:12:48.562+0000] {dagbag.py:536} INFO - Filling up the DagBag from /home/airflow/.local/lib/python3.8/site-packages/airflow/example_dags/example_task_group.py
[2024-05-11T21:12:48.567+0000] {processor.py:839} INFO - DAG(s) dict_keys(['example_task_group']) retrieved from /home/airflow/.local/lib/python3.8/site-packages/airflow/example_dags/example_task_group.py
[2024-05-11T21:12:48.585+0000] {logging_mixin.py:154} INFO - [2024-05-11T21:12:48.585+0000] {dag.py:2941} INFO - Sync 1 DAGs
[2024-05-11T21:12:48.599+0000] {logging_mixin.py:154} INFO - [2024-05-11T21:12:48.599+0000] {dag.py:3722} INFO - Setting next_dagrun for example_task_group to 2024-05-10T21:12:48.598972+00:00, run_after=2024-05-11T21:12:48.598972+00:00
[2024-05-11T21:12:48.611+0000] {processor.py:179} INFO - Processing /home/airflow/.local/lib/python3.8/site-packages/airflow/example_dags/example_task_group.py took 0.056 seconds
[2024-05-11T21:13:18.868+0000] {processor.py:157} INFO - Started process (PID=898) to work on /home/airflow/.local/lib/python3.8/site-packages/airflow/example_dags/example_task_group.py
[2024-05-11T21:13:18.869+0000] {processor.py:829} INFO - Processing file /home/airflow/.local/lib/python3.8/site-packages/airflow/example_dags/example_task_group.py for tasks to queue
[2024-05-11T21:13:18.871+0000] {logging_mixin.py:154} INFO - [2024-05-11T21:13:18.871+0000] {dagbag.py:536} INFO - Filling up the DagBag from /home/airflow/.local/lib/python3.8/site-packages/airflow/example_dags/example_task_group.py
[2024-05-11T21:13:18.876+0000] {processor.py:839} INFO - DAG(s) dict_keys(['example_task_group']) retrieved from /home/airflow/.local/lib/python3.8/site-packages/airflow/example_dags/example_task_group.py
[2024-05-11T21:13:18.893+0000] {logging_mixin.py:154} INFO - [2024-05-11T21:13:18.893+0000] {dag.py:2941} INFO - Sync 1 DAGs
[2024-05-11T21:13:18.906+0000] {logging_mixin.py:154} INFO - [2024-05-11T21:13:18.905+0000] {dag.py:3722} INFO - Setting next_dagrun for example_task_group to 2024-05-10T21:13:18.905720+00:00, run_after=2024-05-11T21:13:18.905720+00:00
[2024-05-11T21:13:18.916+0000] {processor.py:179} INFO - Processing /home/airflow/.local/lib/python3.8/site-packages/airflow/example_dags/example_task_group.py took 0.052 seconds
[2024-05-11T21:13:48.980+0000] {processor.py:157} INFO - Started process (PID=953) to work on /home/airflow/.local/lib/python3.8/site-packages/airflow/example_dags/example_task_group.py
[2024-05-11T21:13:48.983+0000] {processor.py:829} INFO - Processing file /home/airflow/.local/lib/python3.8/site-packages/airflow/example_dags/example_task_group.py for tasks to queue
[2024-05-11T21:13:48.987+0000] {logging_mixin.py:154} INFO - [2024-05-11T21:13:48.987+0000] {dagbag.py:536} INFO - Filling up the DagBag from /home/airflow/.local/lib/python3.8/site-packages/airflow/example_dags/example_task_group.py
[2024-05-11T21:13:48.998+0000] {processor.py:839} INFO - DAG(s) dict_keys(['example_task_group']) retrieved from /home/airflow/.local/lib/python3.8/site-packages/airflow/example_dags/example_task_group.py
[2024-05-11T21:13:49.016+0000] {logging_mixin.py:154} INFO - [2024-05-11T21:13:49.016+0000] {dag.py:2941} INFO - Sync 1 DAGs
[2024-05-11T21:13:49.032+0000] {logging_mixin.py:154} INFO - [2024-05-11T21:13:49.032+0000] {dag.py:3722} INFO - Setting next_dagrun for example_task_group to 2024-05-10T21:13:49.031842+00:00, run_after=2024-05-11T21:13:49.031842+00:00
[2024-05-11T21:13:49.050+0000] {processor.py:179} INFO - Processing /home/airflow/.local/lib/python3.8/site-packages/airflow/example_dags/example_task_group.py took 0.073 seconds
[2024-05-11T21:14:19.249+0000] {processor.py:157} INFO - Started process (PID=1008) to work on /home/airflow/.local/lib/python3.8/site-packages/airflow/example_dags/example_task_group.py
[2024-05-11T21:14:19.250+0000] {processor.py:829} INFO - Processing file /home/airflow/.local/lib/python3.8/site-packages/airflow/example_dags/example_task_group.py for tasks to queue
[2024-05-11T21:14:19.252+0000] {logging_mixin.py:154} INFO - [2024-05-11T21:14:19.252+0000] {dagbag.py:536} INFO - Filling up the DagBag from /home/airflow/.local/lib/python3.8/site-packages/airflow/example_dags/example_task_group.py
[2024-05-11T21:14:19.258+0000] {processor.py:839} INFO - DAG(s) dict_keys(['example_task_group']) retrieved from /home/airflow/.local/lib/python3.8/site-packages/airflow/example_dags/example_task_group.py
[2024-05-11T21:14:19.275+0000] {logging_mixin.py:154} INFO - [2024-05-11T21:14:19.275+0000] {dag.py:2941} INFO - Sync 1 DAGs
[2024-05-11T21:14:19.288+0000] {logging_mixin.py:154} INFO - [2024-05-11T21:14:19.288+0000] {dag.py:3722} INFO - Setting next_dagrun for example_task_group to 2024-05-10T21:14:19.287969+00:00, run_after=2024-05-11T21:14:19.287969+00:00
[2024-05-11T21:14:19.299+0000] {processor.py:179} INFO - Processing /home/airflow/.local/lib/python3.8/site-packages/airflow/example_dags/example_task_group.py took 0.053 seconds
[2024-05-11T21:14:49.644+0000] {processor.py:157} INFO - Started process (PID=1064) to work on /home/airflow/.local/lib/python3.8/site-packages/airflow/example_dags/example_task_group.py
[2024-05-11T21:14:49.645+0000] {processor.py:829} INFO - Processing file /home/airflow/.local/lib/python3.8/site-packages/airflow/example_dags/example_task_group.py for tasks to queue
[2024-05-11T21:14:49.649+0000] {logging_mixin.py:154} INFO - [2024-05-11T21:14:49.649+0000] {dagbag.py:536} INFO - Filling up the DagBag from /home/airflow/.local/lib/python3.8/site-packages/airflow/example_dags/example_task_group.py
[2024-05-11T21:14:49.656+0000] {processor.py:839} INFO - DAG(s) dict_keys(['example_task_group']) retrieved from /home/airflow/.local/lib/python3.8/site-packages/airflow/example_dags/example_task_group.py
[2024-05-11T21:14:49.681+0000] {logging_mixin.py:154} INFO - [2024-05-11T21:14:49.681+0000] {dag.py:2941} INFO - Sync 1 DAGs
[2024-05-11T21:14:49.697+0000] {logging_mixin.py:154} INFO - [2024-05-11T21:14:49.697+0000] {dag.py:3722} INFO - Setting next_dagrun for example_task_group to 2024-05-10T21:14:49.696955+00:00, run_after=2024-05-11T21:14:49.696955+00:00
[2024-05-11T21:14:49.709+0000] {processor.py:179} INFO - Processing /home/airflow/.local/lib/python3.8/site-packages/airflow/example_dags/example_task_group.py took 0.067 seconds
[2024-05-11T21:16:33.639+0000] {processor.py:157} INFO - Started process (PID=70) to work on /home/airflow/.local/lib/python3.8/site-packages/airflow/example_dags/example_task_group.py
[2024-05-11T21:16:33.641+0000] {processor.py:829} INFO - Processing file /home/airflow/.local/lib/python3.8/site-packages/airflow/example_dags/example_task_group.py for tasks to queue
[2024-05-11T21:16:33.648+0000] {logging_mixin.py:154} INFO - [2024-05-11T21:16:33.647+0000] {dagbag.py:536} INFO - Filling up the DagBag from /home/airflow/.local/lib/python3.8/site-packages/airflow/example_dags/example_task_group.py
[2024-05-11T21:16:33.661+0000] {processor.py:839} INFO - DAG(s) dict_keys(['example_task_group']) retrieved from /home/airflow/.local/lib/python3.8/site-packages/airflow/example_dags/example_task_group.py
[2024-05-11T21:16:33.678+0000] {logging_mixin.py:154} INFO - [2024-05-11T21:16:33.678+0000] {dag.py:2941} INFO - Sync 1 DAGs
[2024-05-11T21:16:33.699+0000] {logging_mixin.py:154} INFO - [2024-05-11T21:16:33.699+0000] {dag.py:3722} INFO - Setting next_dagrun for example_task_group to 2024-05-10T21:16:33.699218+00:00, run_after=2024-05-11T21:16:33.699218+00:00
[2024-05-11T21:16:33.725+0000] {processor.py:179} INFO - Processing /home/airflow/.local/lib/python3.8/site-packages/airflow/example_dags/example_task_group.py took 0.088 seconds
[2024-05-11T21:17:04.205+0000] {processor.py:157} INFO - Started process (PID=126) to work on /home/airflow/.local/lib/python3.8/site-packages/airflow/example_dags/example_task_group.py
[2024-05-11T21:17:04.206+0000] {processor.py:829} INFO - Processing file /home/airflow/.local/lib/python3.8/site-packages/airflow/example_dags/example_task_group.py for tasks to queue
[2024-05-11T21:17:04.208+0000] {logging_mixin.py:154} INFO - [2024-05-11T21:17:04.208+0000] {dagbag.py:536} INFO - Filling up the DagBag from /home/airflow/.local/lib/python3.8/site-packages/airflow/example_dags/example_task_group.py
[2024-05-11T21:17:04.213+0000] {processor.py:839} INFO - DAG(s) dict_keys(['example_task_group']) retrieved from /home/airflow/.local/lib/python3.8/site-packages/airflow/example_dags/example_task_group.py
[2024-05-11T21:17:04.230+0000] {logging_mixin.py:154} INFO - [2024-05-11T21:17:04.230+0000] {dag.py:2941} INFO - Sync 1 DAGs
[2024-05-11T21:17:04.244+0000] {logging_mixin.py:154} INFO - [2024-05-11T21:17:04.244+0000] {dag.py:3722} INFO - Setting next_dagrun for example_task_group to 2024-05-10T21:17:04.243991+00:00, run_after=2024-05-11T21:17:04.243991+00:00
[2024-05-11T21:17:04.254+0000] {processor.py:179} INFO - Processing /home/airflow/.local/lib/python3.8/site-packages/airflow/example_dags/example_task_group.py took 0.053 seconds
[2024-05-11T21:17:34.514+0000] {processor.py:157} INFO - Started process (PID=181) to work on /home/airflow/.local/lib/python3.8/site-packages/airflow/example_dags/example_task_group.py
[2024-05-11T21:17:34.516+0000] {processor.py:829} INFO - Processing file /home/airflow/.local/lib/python3.8/site-packages/airflow/example_dags/example_task_group.py for tasks to queue
[2024-05-11T21:17:34.518+0000] {logging_mixin.py:154} INFO - [2024-05-11T21:17:34.518+0000] {dagbag.py:536} INFO - Filling up the DagBag from /home/airflow/.local/lib/python3.8/site-packages/airflow/example_dags/example_task_group.py
[2024-05-11T21:17:34.523+0000] {processor.py:839} INFO - DAG(s) dict_keys(['example_task_group']) retrieved from /home/airflow/.local/lib/python3.8/site-packages/airflow/example_dags/example_task_group.py
[2024-05-11T21:17:34.543+0000] {logging_mixin.py:154} INFO - [2024-05-11T21:17:34.543+0000] {dag.py:2941} INFO - Sync 1 DAGs
[2024-05-11T21:17:34.562+0000] {logging_mixin.py:154} INFO - [2024-05-11T21:17:34.562+0000] {dag.py:3722} INFO - Setting next_dagrun for example_task_group to 2024-05-10T21:17:34.562071+00:00, run_after=2024-05-11T21:17:34.562071+00:00
[2024-05-11T21:17:34.575+0000] {processor.py:179} INFO - Processing /home/airflow/.local/lib/python3.8/site-packages/airflow/example_dags/example_task_group.py took 0.063 seconds
[2024-05-11T21:18:04.849+0000] {processor.py:157} INFO - Started process (PID=237) to work on /home/airflow/.local/lib/python3.8/site-packages/airflow/example_dags/example_task_group.py
[2024-05-11T21:18:04.851+0000] {processor.py:829} INFO - Processing file /home/airflow/.local/lib/python3.8/site-packages/airflow/example_dags/example_task_group.py for tasks to queue
[2024-05-11T21:18:04.853+0000] {logging_mixin.py:154} INFO - [2024-05-11T21:18:04.852+0000] {dagbag.py:536} INFO - Filling up the DagBag from /home/airflow/.local/lib/python3.8/site-packages/airflow/example_dags/example_task_group.py
[2024-05-11T21:18:04.858+0000] {processor.py:839} INFO - DAG(s) dict_keys(['example_task_group']) retrieved from /home/airflow/.local/lib/python3.8/site-packages/airflow/example_dags/example_task_group.py
[2024-05-11T21:18:04.882+0000] {logging_mixin.py:154} INFO - [2024-05-11T21:18:04.882+0000] {dag.py:2941} INFO - Sync 1 DAGs
[2024-05-11T21:18:04.900+0000] {logging_mixin.py:154} INFO - [2024-05-11T21:18:04.900+0000] {dag.py:3722} INFO - Setting next_dagrun for example_task_group to 2024-05-10T21:18:04.899912+00:00, run_after=2024-05-11T21:18:04.899912+00:00
[2024-05-11T21:18:04.918+0000] {processor.py:179} INFO - Processing /home/airflow/.local/lib/python3.8/site-packages/airflow/example_dags/example_task_group.py took 0.072 seconds
[2024-05-11T21:18:35.039+0000] {processor.py:157} INFO - Started process (PID=292) to work on /home/airflow/.local/lib/python3.8/site-packages/airflow/example_dags/example_task_group.py
[2024-05-11T21:18:35.040+0000] {processor.py:829} INFO - Processing file /home/airflow/.local/lib/python3.8/site-packages/airflow/example_dags/example_task_group.py for tasks to queue
[2024-05-11T21:18:35.043+0000] {logging_mixin.py:154} INFO - [2024-05-11T21:18:35.042+0000] {dagbag.py:536} INFO - Filling up the DagBag from /home/airflow/.local/lib/python3.8/site-packages/airflow/example_dags/example_task_group.py
[2024-05-11T21:18:35.049+0000] {processor.py:839} INFO - DAG(s) dict_keys(['example_task_group']) retrieved from /home/airflow/.local/lib/python3.8/site-packages/airflow/example_dags/example_task_group.py
[2024-05-11T21:18:35.071+0000] {logging_mixin.py:154} INFO - [2024-05-11T21:18:35.071+0000] {dag.py:2941} INFO - Sync 1 DAGs
[2024-05-11T21:18:35.085+0000] {logging_mixin.py:154} INFO - [2024-05-11T21:18:35.085+0000] {dag.py:3722} INFO - Setting next_dagrun for example_task_group to 2024-05-10T21:18:35.085521+00:00, run_after=2024-05-11T21:18:35.085521+00:00
[2024-05-11T21:18:35.098+0000] {processor.py:179} INFO - Processing /home/airflow/.local/lib/python3.8/site-packages/airflow/example_dags/example_task_group.py took 0.063 seconds
[2024-05-11T21:19:05.210+0000] {processor.py:157} INFO - Started process (PID=347) to work on /home/airflow/.local/lib/python3.8/site-packages/airflow/example_dags/example_task_group.py
[2024-05-11T21:19:05.212+0000] {processor.py:829} INFO - Processing file /home/airflow/.local/lib/python3.8/site-packages/airflow/example_dags/example_task_group.py for tasks to queue
[2024-05-11T21:19:05.214+0000] {logging_mixin.py:154} INFO - [2024-05-11T21:19:05.214+0000] {dagbag.py:536} INFO - Filling up the DagBag from /home/airflow/.local/lib/python3.8/site-packages/airflow/example_dags/example_task_group.py
[2024-05-11T21:19:05.221+0000] {processor.py:839} INFO - DAG(s) dict_keys(['example_task_group']) retrieved from /home/airflow/.local/lib/python3.8/site-packages/airflow/example_dags/example_task_group.py
[2024-05-11T21:19:05.240+0000] {logging_mixin.py:154} INFO - [2024-05-11T21:19:05.240+0000] {dag.py:2941} INFO - Sync 1 DAGs
[2024-05-11T21:19:05.255+0000] {logging_mixin.py:154} INFO - [2024-05-11T21:19:05.255+0000] {dag.py:3722} INFO - Setting next_dagrun for example_task_group to 2024-05-10T21:19:05.254811+00:00, run_after=2024-05-11T21:19:05.254811+00:00
[2024-05-11T21:19:05.267+0000] {processor.py:179} INFO - Processing /home/airflow/.local/lib/python3.8/site-packages/airflow/example_dags/example_task_group.py took 0.060 seconds
[2024-05-11T21:19:35.582+0000] {processor.py:157} INFO - Started process (PID=402) to work on /home/airflow/.local/lib/python3.8/site-packages/airflow/example_dags/example_task_group.py
[2024-05-11T21:19:35.583+0000] {processor.py:829} INFO - Processing file /home/airflow/.local/lib/python3.8/site-packages/airflow/example_dags/example_task_group.py for tasks to queue
[2024-05-11T21:19:35.585+0000] {logging_mixin.py:154} INFO - [2024-05-11T21:19:35.585+0000] {dagbag.py:536} INFO - Filling up the DagBag from /home/airflow/.local/lib/python3.8/site-packages/airflow/example_dags/example_task_group.py
[2024-05-11T21:19:35.590+0000] {processor.py:839} INFO - DAG(s) dict_keys(['example_task_group']) retrieved from /home/airflow/.local/lib/python3.8/site-packages/airflow/example_dags/example_task_group.py
[2024-05-11T21:19:35.608+0000] {logging_mixin.py:154} INFO - [2024-05-11T21:19:35.608+0000] {dag.py:2941} INFO - Sync 1 DAGs
[2024-05-11T21:19:35.621+0000] {logging_mixin.py:154} INFO - [2024-05-11T21:19:35.621+0000] {dag.py:3722} INFO - Setting next_dagrun for example_task_group to 2024-05-10T21:19:35.621559+00:00, run_after=2024-05-11T21:19:35.621559+00:00
[2024-05-11T21:19:35.632+0000] {processor.py:179} INFO - Processing /home/airflow/.local/lib/python3.8/site-packages/airflow/example_dags/example_task_group.py took 0.054 seconds
[2024-05-11T21:20:06.050+0000] {processor.py:157} INFO - Started process (PID=457) to work on /home/airflow/.local/lib/python3.8/site-packages/airflow/example_dags/example_task_group.py
[2024-05-11T21:20:06.051+0000] {processor.py:829} INFO - Processing file /home/airflow/.local/lib/python3.8/site-packages/airflow/example_dags/example_task_group.py for tasks to queue
[2024-05-11T21:20:06.054+0000] {logging_mixin.py:154} INFO - [2024-05-11T21:20:06.053+0000] {dagbag.py:536} INFO - Filling up the DagBag from /home/airflow/.local/lib/python3.8/site-packages/airflow/example_dags/example_task_group.py
[2024-05-11T21:20:06.059+0000] {processor.py:839} INFO - DAG(s) dict_keys(['example_task_group']) retrieved from /home/airflow/.local/lib/python3.8/site-packages/airflow/example_dags/example_task_group.py
[2024-05-11T21:20:06.076+0000] {logging_mixin.py:154} INFO - [2024-05-11T21:20:06.076+0000] {dag.py:2941} INFO - Sync 1 DAGs
[2024-05-11T21:20:06.090+0000] {logging_mixin.py:154} INFO - [2024-05-11T21:20:06.090+0000] {dag.py:3722} INFO - Setting next_dagrun for example_task_group to 2024-05-10T21:20:06.090467+00:00, run_after=2024-05-11T21:20:06.090467+00:00
[2024-05-11T21:20:06.100+0000] {processor.py:179} INFO - Processing /home/airflow/.local/lib/python3.8/site-packages/airflow/example_dags/example_task_group.py took 0.053 seconds
[2024-05-11T21:20:36.234+0000] {processor.py:157} INFO - Started process (PID=512) to work on /home/airflow/.local/lib/python3.8/site-packages/airflow/example_dags/example_task_group.py
[2024-05-11T21:20:36.236+0000] {processor.py:829} INFO - Processing file /home/airflow/.local/lib/python3.8/site-packages/airflow/example_dags/example_task_group.py for tasks to queue
[2024-05-11T21:20:36.238+0000] {logging_mixin.py:154} INFO - [2024-05-11T21:20:36.238+0000] {dagbag.py:536} INFO - Filling up the DagBag from /home/airflow/.local/lib/python3.8/site-packages/airflow/example_dags/example_task_group.py
[2024-05-11T21:20:36.243+0000] {processor.py:839} INFO - DAG(s) dict_keys(['example_task_group']) retrieved from /home/airflow/.local/lib/python3.8/site-packages/airflow/example_dags/example_task_group.py
[2024-05-11T21:20:36.261+0000] {logging_mixin.py:154} INFO - [2024-05-11T21:20:36.261+0000] {dag.py:2941} INFO - Sync 1 DAGs
[2024-05-11T21:20:36.274+0000] {logging_mixin.py:154} INFO - [2024-05-11T21:20:36.274+0000] {dag.py:3722} INFO - Setting next_dagrun for example_task_group to 2024-05-10T21:20:36.273791+00:00, run_after=2024-05-11T21:20:36.273791+00:00
[2024-05-11T21:20:36.284+0000] {processor.py:179} INFO - Processing /home/airflow/.local/lib/python3.8/site-packages/airflow/example_dags/example_task_group.py took 0.052 seconds
[2024-05-11T21:21:06.315+0000] {processor.py:157} INFO - Started process (PID=567) to work on /home/airflow/.local/lib/python3.8/site-packages/airflow/example_dags/example_task_group.py
[2024-05-11T21:21:06.316+0000] {processor.py:829} INFO - Processing file /home/airflow/.local/lib/python3.8/site-packages/airflow/example_dags/example_task_group.py for tasks to queue
[2024-05-11T21:21:06.318+0000] {logging_mixin.py:154} INFO - [2024-05-11T21:21:06.318+0000] {dagbag.py:536} INFO - Filling up the DagBag from /home/airflow/.local/lib/python3.8/site-packages/airflow/example_dags/example_task_group.py
[2024-05-11T21:21:06.323+0000] {processor.py:839} INFO - DAG(s) dict_keys(['example_task_group']) retrieved from /home/airflow/.local/lib/python3.8/site-packages/airflow/example_dags/example_task_group.py
[2024-05-11T21:21:06.340+0000] {logging_mixin.py:154} INFO - [2024-05-11T21:21:06.340+0000] {dag.py:2941} INFO - Sync 1 DAGs
[2024-05-11T21:21:06.354+0000] {logging_mixin.py:154} INFO - [2024-05-11T21:21:06.354+0000] {dag.py:3722} INFO - Setting next_dagrun for example_task_group to 2024-05-10T21:21:06.354362+00:00, run_after=2024-05-11T21:21:06.354362+00:00
[2024-05-11T21:21:06.365+0000] {processor.py:179} INFO - Processing /home/airflow/.local/lib/python3.8/site-packages/airflow/example_dags/example_task_group.py took 0.053 seconds
[2024-05-11T21:21:36.906+0000] {processor.py:157} INFO - Started process (PID=622) to work on /home/airflow/.local/lib/python3.8/site-packages/airflow/example_dags/example_task_group.py
[2024-05-11T21:21:36.908+0000] {processor.py:829} INFO - Processing file /home/airflow/.local/lib/python3.8/site-packages/airflow/example_dags/example_task_group.py for tasks to queue
[2024-05-11T21:21:36.910+0000] {logging_mixin.py:154} INFO - [2024-05-11T21:21:36.909+0000] {dagbag.py:536} INFO - Filling up the DagBag from /home/airflow/.local/lib/python3.8/site-packages/airflow/example_dags/example_task_group.py
[2024-05-11T21:21:36.915+0000] {processor.py:839} INFO - DAG(s) dict_keys(['example_task_group']) retrieved from /home/airflow/.local/lib/python3.8/site-packages/airflow/example_dags/example_task_group.py
[2024-05-11T21:21:36.932+0000] {logging_mixin.py:154} INFO - [2024-05-11T21:21:36.932+0000] {dag.py:2941} INFO - Sync 1 DAGs
[2024-05-11T21:21:36.947+0000] {logging_mixin.py:154} INFO - [2024-05-11T21:21:36.947+0000] {dag.py:3722} INFO - Setting next_dagrun for example_task_group to 2024-05-10T21:21:36.947148+00:00, run_after=2024-05-11T21:21:36.947148+00:00
[2024-05-11T21:21:36.962+0000] {processor.py:179} INFO - Processing /home/airflow/.local/lib/python3.8/site-packages/airflow/example_dags/example_task_group.py took 0.059 seconds
[2024-05-11T21:42:08.637+0000] {processor.py:157} INFO - Started process (PID=71) to work on /home/airflow/.local/lib/python3.8/site-packages/airflow/example_dags/example_task_group.py
[2024-05-11T21:42:08.641+0000] {processor.py:829} INFO - Processing file /home/airflow/.local/lib/python3.8/site-packages/airflow/example_dags/example_task_group.py for tasks to queue
[2024-05-11T21:42:08.649+0000] {logging_mixin.py:154} INFO - [2024-05-11T21:42:08.648+0000] {dagbag.py:536} INFO - Filling up the DagBag from /home/airflow/.local/lib/python3.8/site-packages/airflow/example_dags/example_task_group.py
[2024-05-11T21:42:08.663+0000] {processor.py:839} INFO - DAG(s) dict_keys(['example_task_group']) retrieved from /home/airflow/.local/lib/python3.8/site-packages/airflow/example_dags/example_task_group.py
[2024-05-11T21:42:08.778+0000] {logging_mixin.py:154} INFO - [2024-05-11T21:42:08.778+0000] {manager.py:499} INFO - Created Permission View: %s
[2024-05-11T21:42:08.789+0000] {logging_mixin.py:154} INFO - [2024-05-11T21:42:08.789+0000] {manager.py:499} INFO - Created Permission View: %s
[2024-05-11T21:42:08.800+0000] {logging_mixin.py:154} INFO - [2024-05-11T21:42:08.800+0000] {manager.py:499} INFO - Created Permission View: %s
[2024-05-11T21:42:08.801+0000] {logging_mixin.py:154} INFO - [2024-05-11T21:42:08.801+0000] {dag.py:2941} INFO - Sync 1 DAGs
[2024-05-11T21:42:08.811+0000] {logging_mixin.py:154} INFO - [2024-05-11T21:42:08.811+0000] {dag.py:2963} INFO - Creating ORM DAG for example_task_group
[2024-05-11T21:42:08.822+0000] {logging_mixin.py:154} INFO - [2024-05-11T21:42:08.822+0000] {dag.py:3722} INFO - Setting next_dagrun for example_task_group to 2024-05-10T21:42:08.822086+00:00, run_after=2024-05-11T21:42:08.822086+00:00
[2024-05-11T21:42:08.840+0000] {processor.py:179} INFO - Processing /home/airflow/.local/lib/python3.8/site-packages/airflow/example_dags/example_task_group.py took 0.212 seconds
[2024-05-11T21:42:39.775+0000] {processor.py:157} INFO - Started process (PID=126) to work on /home/airflow/.local/lib/python3.8/site-packages/airflow/example_dags/example_task_group.py
[2024-05-11T21:42:39.779+0000] {processor.py:829} INFO - Processing file /home/airflow/.local/lib/python3.8/site-packages/airflow/example_dags/example_task_group.py for tasks to queue
[2024-05-11T21:42:39.784+0000] {logging_mixin.py:154} INFO - [2024-05-11T21:42:39.783+0000] {dagbag.py:536} INFO - Filling up the DagBag from /home/airflow/.local/lib/python3.8/site-packages/airflow/example_dags/example_task_group.py
[2024-05-11T21:42:39.790+0000] {processor.py:839} INFO - DAG(s) dict_keys(['example_task_group']) retrieved from /home/airflow/.local/lib/python3.8/site-packages/airflow/example_dags/example_task_group.py
[2024-05-11T21:42:39.814+0000] {logging_mixin.py:154} INFO - [2024-05-11T21:42:39.814+0000] {dag.py:2941} INFO - Sync 1 DAGs
[2024-05-11T21:42:39.832+0000] {logging_mixin.py:154} INFO - [2024-05-11T21:42:39.832+0000] {dag.py:3722} INFO - Setting next_dagrun for example_task_group to 2024-05-10T21:42:39.832564+00:00, run_after=2024-05-11T21:42:39.832564+00:00
[2024-05-11T21:42:39.847+0000] {processor.py:179} INFO - Processing /home/airflow/.local/lib/python3.8/site-packages/airflow/example_dags/example_task_group.py took 0.077 seconds
[2024-05-11T21:43:09.991+0000] {processor.py:157} INFO - Started process (PID=181) to work on /home/airflow/.local/lib/python3.8/site-packages/airflow/example_dags/example_task_group.py
[2024-05-11T21:43:09.993+0000] {processor.py:829} INFO - Processing file /home/airflow/.local/lib/python3.8/site-packages/airflow/example_dags/example_task_group.py for tasks to queue
[2024-05-11T21:43:09.996+0000] {logging_mixin.py:154} INFO - [2024-05-11T21:43:09.996+0000] {dagbag.py:536} INFO - Filling up the DagBag from /home/airflow/.local/lib/python3.8/site-packages/airflow/example_dags/example_task_group.py
[2024-05-11T21:43:10.002+0000] {processor.py:839} INFO - DAG(s) dict_keys(['example_task_group']) retrieved from /home/airflow/.local/lib/python3.8/site-packages/airflow/example_dags/example_task_group.py
[2024-05-11T21:43:10.024+0000] {logging_mixin.py:154} INFO - [2024-05-11T21:43:10.024+0000] {dag.py:2941} INFO - Sync 1 DAGs
[2024-05-11T21:43:10.041+0000] {logging_mixin.py:154} INFO - [2024-05-11T21:43:10.040+0000] {dag.py:3722} INFO - Setting next_dagrun for example_task_group to 2024-05-10T21:43:10.040596+00:00, run_after=2024-05-11T21:43:10.040596+00:00
[2024-05-11T21:43:10.055+0000] {processor.py:179} INFO - Processing /home/airflow/.local/lib/python3.8/site-packages/airflow/example_dags/example_task_group.py took 0.068 seconds
[2024-05-11T21:43:40.656+0000] {processor.py:157} INFO - Started process (PID=236) to work on /home/airflow/.local/lib/python3.8/site-packages/airflow/example_dags/example_task_group.py
[2024-05-11T21:43:40.658+0000] {processor.py:829} INFO - Processing file /home/airflow/.local/lib/python3.8/site-packages/airflow/example_dags/example_task_group.py for tasks to queue
[2024-05-11T21:43:40.661+0000] {logging_mixin.py:154} INFO - [2024-05-11T21:43:40.661+0000] {dagbag.py:536} INFO - Filling up the DagBag from /home/airflow/.local/lib/python3.8/site-packages/airflow/example_dags/example_task_group.py
[2024-05-11T21:43:40.668+0000] {processor.py:839} INFO - DAG(s) dict_keys(['example_task_group']) retrieved from /home/airflow/.local/lib/python3.8/site-packages/airflow/example_dags/example_task_group.py
[2024-05-11T21:43:40.690+0000] {logging_mixin.py:154} INFO - [2024-05-11T21:43:40.690+0000] {dag.py:2941} INFO - Sync 1 DAGs
[2024-05-11T21:43:40.708+0000] {logging_mixin.py:154} INFO - [2024-05-11T21:43:40.708+0000] {dag.py:3722} INFO - Setting next_dagrun for example_task_group to 2024-05-10T21:43:40.708296+00:00, run_after=2024-05-11T21:43:40.708296+00:00
[2024-05-11T21:43:40.723+0000] {processor.py:179} INFO - Processing /home/airflow/.local/lib/python3.8/site-packages/airflow/example_dags/example_task_group.py took 0.071 seconds
[2024-05-11T21:44:11.310+0000] {processor.py:157} INFO - Started process (PID=291) to work on /home/airflow/.local/lib/python3.8/site-packages/airflow/example_dags/example_task_group.py
[2024-05-11T21:44:11.313+0000] {processor.py:829} INFO - Processing file /home/airflow/.local/lib/python3.8/site-packages/airflow/example_dags/example_task_group.py for tasks to queue
[2024-05-11T21:44:11.316+0000] {logging_mixin.py:154} INFO - [2024-05-11T21:44:11.316+0000] {dagbag.py:536} INFO - Filling up the DagBag from /home/airflow/.local/lib/python3.8/site-packages/airflow/example_dags/example_task_group.py
[2024-05-11T21:44:11.323+0000] {processor.py:839} INFO - DAG(s) dict_keys(['example_task_group']) retrieved from /home/airflow/.local/lib/python3.8/site-packages/airflow/example_dags/example_task_group.py
[2024-05-11T21:44:11.350+0000] {logging_mixin.py:154} INFO - [2024-05-11T21:44:11.350+0000] {dag.py:2941} INFO - Sync 1 DAGs
[2024-05-11T21:44:11.368+0000] {logging_mixin.py:154} INFO - [2024-05-11T21:44:11.368+0000] {dag.py:3722} INFO - Setting next_dagrun for example_task_group to 2024-05-10T21:44:11.368010+00:00, run_after=2024-05-11T21:44:11.368010+00:00
[2024-05-11T21:44:11.382+0000] {processor.py:179} INFO - Processing /home/airflow/.local/lib/python3.8/site-packages/airflow/example_dags/example_task_group.py took 0.075 seconds
[2024-05-11T21:44:41.772+0000] {processor.py:157} INFO - Started process (PID=346) to work on /home/airflow/.local/lib/python3.8/site-packages/airflow/example_dags/example_task_group.py
[2024-05-11T21:44:41.774+0000] {processor.py:829} INFO - Processing file /home/airflow/.local/lib/python3.8/site-packages/airflow/example_dags/example_task_group.py for tasks to queue
[2024-05-11T21:44:41.776+0000] {logging_mixin.py:154} INFO - [2024-05-11T21:44:41.776+0000] {dagbag.py:536} INFO - Filling up the DagBag from /home/airflow/.local/lib/python3.8/site-packages/airflow/example_dags/example_task_group.py
[2024-05-11T21:44:41.782+0000] {processor.py:839} INFO - DAG(s) dict_keys(['example_task_group']) retrieved from /home/airflow/.local/lib/python3.8/site-packages/airflow/example_dags/example_task_group.py
[2024-05-11T21:44:41.802+0000] {logging_mixin.py:154} INFO - [2024-05-11T21:44:41.802+0000] {dag.py:2941} INFO - Sync 1 DAGs
[2024-05-11T21:44:41.823+0000] {logging_mixin.py:154} INFO - [2024-05-11T21:44:41.823+0000] {dag.py:3722} INFO - Setting next_dagrun for example_task_group to 2024-05-10T21:44:41.822715+00:00, run_after=2024-05-11T21:44:41.822715+00:00
[2024-05-11T21:44:41.837+0000] {processor.py:179} INFO - Processing /home/airflow/.local/lib/python3.8/site-packages/airflow/example_dags/example_task_group.py took 0.069 seconds
[2024-05-11T21:45:12.432+0000] {processor.py:157} INFO - Started process (PID=401) to work on /home/airflow/.local/lib/python3.8/site-packages/airflow/example_dags/example_task_group.py
[2024-05-11T21:45:12.434+0000] {processor.py:829} INFO - Processing file /home/airflow/.local/lib/python3.8/site-packages/airflow/example_dags/example_task_group.py for tasks to queue
[2024-05-11T21:45:12.438+0000] {logging_mixin.py:154} INFO - [2024-05-11T21:45:12.437+0000] {dagbag.py:536} INFO - Filling up the DagBag from /home/airflow/.local/lib/python3.8/site-packages/airflow/example_dags/example_task_group.py
[2024-05-11T21:45:12.445+0000] {processor.py:839} INFO - DAG(s) dict_keys(['example_task_group']) retrieved from /home/airflow/.local/lib/python3.8/site-packages/airflow/example_dags/example_task_group.py
[2024-05-11T21:45:12.470+0000] {logging_mixin.py:154} INFO - [2024-05-11T21:45:12.470+0000] {dag.py:2941} INFO - Sync 1 DAGs
[2024-05-11T21:45:12.487+0000] {logging_mixin.py:154} INFO - [2024-05-11T21:45:12.487+0000] {dag.py:3722} INFO - Setting next_dagrun for example_task_group to 2024-05-10T21:45:12.487101+00:00, run_after=2024-05-11T21:45:12.487101+00:00
[2024-05-11T21:45:12.504+0000] {processor.py:179} INFO - Processing /home/airflow/.local/lib/python3.8/site-packages/airflow/example_dags/example_task_group.py took 0.075 seconds
[2024-05-11T21:45:43.097+0000] {processor.py:157} INFO - Started process (PID=457) to work on /home/airflow/.local/lib/python3.8/site-packages/airflow/example_dags/example_task_group.py
[2024-05-11T21:45:43.098+0000] {processor.py:829} INFO - Processing file /home/airflow/.local/lib/python3.8/site-packages/airflow/example_dags/example_task_group.py for tasks to queue
[2024-05-11T21:45:43.101+0000] {logging_mixin.py:154} INFO - [2024-05-11T21:45:43.101+0000] {dagbag.py:536} INFO - Filling up the DagBag from /home/airflow/.local/lib/python3.8/site-packages/airflow/example_dags/example_task_group.py
[2024-05-11T21:45:43.108+0000] {processor.py:839} INFO - DAG(s) dict_keys(['example_task_group']) retrieved from /home/airflow/.local/lib/python3.8/site-packages/airflow/example_dags/example_task_group.py
[2024-05-11T21:45:43.132+0000] {logging_mixin.py:154} INFO - [2024-05-11T21:45:43.132+0000] {dag.py:2941} INFO - Sync 1 DAGs
[2024-05-11T21:45:43.150+0000] {logging_mixin.py:154} INFO - [2024-05-11T21:45:43.150+0000] {dag.py:3722} INFO - Setting next_dagrun for example_task_group to 2024-05-10T21:45:43.150126+00:00, run_after=2024-05-11T21:45:43.150126+00:00
[2024-05-11T21:45:43.172+0000] {processor.py:179} INFO - Processing /home/airflow/.local/lib/python3.8/site-packages/airflow/example_dags/example_task_group.py took 0.079 seconds
[2024-05-11T21:46:13.817+0000] {processor.py:157} INFO - Started process (PID=512) to work on /home/airflow/.local/lib/python3.8/site-packages/airflow/example_dags/example_task_group.py
[2024-05-11T21:46:13.819+0000] {processor.py:829} INFO - Processing file /home/airflow/.local/lib/python3.8/site-packages/airflow/example_dags/example_task_group.py for tasks to queue
[2024-05-11T21:46:13.824+0000] {logging_mixin.py:154} INFO - [2024-05-11T21:46:13.824+0000] {dagbag.py:536} INFO - Filling up the DagBag from /home/airflow/.local/lib/python3.8/site-packages/airflow/example_dags/example_task_group.py
[2024-05-11T21:46:13.844+0000] {processor.py:839} INFO - DAG(s) dict_keys(['example_task_group']) retrieved from /home/airflow/.local/lib/python3.8/site-packages/airflow/example_dags/example_task_group.py
[2024-05-11T21:46:13.896+0000] {logging_mixin.py:154} INFO - [2024-05-11T21:46:13.895+0000] {dag.py:2941} INFO - Sync 1 DAGs
[2024-05-11T21:46:13.915+0000] {logging_mixin.py:154} INFO - [2024-05-11T21:46:13.915+0000] {dag.py:3722} INFO - Setting next_dagrun for example_task_group to 2024-05-10T21:46:13.915558+00:00, run_after=2024-05-11T21:46:13.915558+00:00
[2024-05-11T21:46:13.937+0000] {processor.py:179} INFO - Processing /home/airflow/.local/lib/python3.8/site-packages/airflow/example_dags/example_task_group.py took 0.124 seconds
[2024-05-11T21:46:44.389+0000] {processor.py:157} INFO - Started process (PID=567) to work on /home/airflow/.local/lib/python3.8/site-packages/airflow/example_dags/example_task_group.py
[2024-05-11T21:46:44.392+0000] {processor.py:829} INFO - Processing file /home/airflow/.local/lib/python3.8/site-packages/airflow/example_dags/example_task_group.py for tasks to queue
[2024-05-11T21:46:44.395+0000] {logging_mixin.py:154} INFO - [2024-05-11T21:46:44.395+0000] {dagbag.py:536} INFO - Filling up the DagBag from /home/airflow/.local/lib/python3.8/site-packages/airflow/example_dags/example_task_group.py
[2024-05-11T21:46:44.402+0000] {processor.py:839} INFO - DAG(s) dict_keys(['example_task_group']) retrieved from /home/airflow/.local/lib/python3.8/site-packages/airflow/example_dags/example_task_group.py
[2024-05-11T21:46:44.425+0000] {logging_mixin.py:154} INFO - [2024-05-11T21:46:44.425+0000] {dag.py:2941} INFO - Sync 1 DAGs
[2024-05-11T21:46:44.443+0000] {logging_mixin.py:154} INFO - [2024-05-11T21:46:44.442+0000] {dag.py:3722} INFO - Setting next_dagrun for example_task_group to 2024-05-10T21:46:44.442363+00:00, run_after=2024-05-11T21:46:44.442363+00:00
[2024-05-11T21:46:44.461+0000] {processor.py:179} INFO - Processing /home/airflow/.local/lib/python3.8/site-packages/airflow/example_dags/example_task_group.py took 0.074 seconds
