[2024-05-11T21:03:20.472+0000] {processor.py:157} INFO - Started process (PID=58) to work on /home/airflow/.local/lib/python3.8/site-packages/airflow/example_dags/example_xcom.py
[2024-05-11T21:03:20.473+0000] {processor.py:829} INFO - Processing file /home/airflow/.local/lib/python3.8/site-packages/airflow/example_dags/example_xcom.py for tasks to queue
[2024-05-11T21:03:20.475+0000] {logging_mixin.py:154} INFO - [2024-05-11T21:03:20.475+0000] {dagbag.py:536} INFO - Filling up the DagBag from /home/airflow/.local/lib/python3.8/site-packages/airflow/example_dags/example_xcom.py
[2024-05-11T21:03:20.481+0000] {processor.py:839} INFO - DAG(s) dict_keys(['example_xcom']) retrieved from /home/airflow/.local/lib/python3.8/site-packages/airflow/example_dags/example_xcom.py
[2024-05-11T21:03:20.542+0000] {logging_mixin.py:154} INFO - [2024-05-11T21:03:20.542+0000] {manager.py:499} INFO - Created Permission View: %s
[2024-05-11T21:03:20.547+0000] {logging_mixin.py:154} INFO - [2024-05-11T21:03:20.547+0000] {manager.py:499} INFO - Created Permission View: %s
[2024-05-11T21:03:20.552+0000] {logging_mixin.py:154} INFO - [2024-05-11T21:03:20.552+0000] {manager.py:499} INFO - Created Permission View: %s
[2024-05-11T21:03:20.553+0000] {logging_mixin.py:154} INFO - [2024-05-11T21:03:20.553+0000] {dag.py:2941} INFO - Sync 1 DAGs
[2024-05-11T21:03:20.561+0000] {logging_mixin.py:154} INFO - [2024-05-11T21:03:20.561+0000] {dag.py:2963} INFO - Creating ORM DAG for example_xcom
[2024-05-11T21:03:20.567+0000] {logging_mixin.py:154} INFO - [2024-05-11T21:03:20.567+0000] {dag.py:3722} INFO - Setting next_dagrun for example_xcom to 2021-01-01T00:00:00+00:00, run_after=2021-01-01T00:00:00+00:00
[2024-05-11T21:03:20.583+0000] {processor.py:179} INFO - Processing /home/airflow/.local/lib/python3.8/site-packages/airflow/example_dags/example_xcom.py took 0.114 seconds
[2024-05-11T21:03:50.611+0000] {processor.py:157} INFO - Started process (PID=113) to work on /home/airflow/.local/lib/python3.8/site-packages/airflow/example_dags/example_xcom.py
[2024-05-11T21:03:50.612+0000] {processor.py:829} INFO - Processing file /home/airflow/.local/lib/python3.8/site-packages/airflow/example_dags/example_xcom.py for tasks to queue
[2024-05-11T21:03:50.614+0000] {logging_mixin.py:154} INFO - [2024-05-11T21:03:50.614+0000] {dagbag.py:536} INFO - Filling up the DagBag from /home/airflow/.local/lib/python3.8/site-packages/airflow/example_dags/example_xcom.py
[2024-05-11T21:03:50.620+0000] {processor.py:839} INFO - DAG(s) dict_keys(['example_xcom']) retrieved from /home/airflow/.local/lib/python3.8/site-packages/airflow/example_dags/example_xcom.py
[2024-05-11T21:03:50.637+0000] {logging_mixin.py:154} INFO - [2024-05-11T21:03:50.637+0000] {dag.py:2941} INFO - Sync 1 DAGs
[2024-05-11T21:03:50.650+0000] {logging_mixin.py:154} INFO - [2024-05-11T21:03:50.650+0000] {dag.py:3722} INFO - Setting next_dagrun for example_xcom to 2021-01-01T00:00:00+00:00, run_after=2021-01-01T00:00:00+00:00
[2024-05-11T21:03:50.659+0000] {processor.py:179} INFO - Processing /home/airflow/.local/lib/python3.8/site-packages/airflow/example_dags/example_xcom.py took 0.051 seconds
[2024-05-11T21:04:21.065+0000] {processor.py:157} INFO - Started process (PID=167) to work on /home/airflow/.local/lib/python3.8/site-packages/airflow/example_dags/example_xcom.py
[2024-05-11T21:04:21.067+0000] {processor.py:829} INFO - Processing file /home/airflow/.local/lib/python3.8/site-packages/airflow/example_dags/example_xcom.py for tasks to queue
[2024-05-11T21:04:21.069+0000] {logging_mixin.py:154} INFO - [2024-05-11T21:04:21.068+0000] {dagbag.py:536} INFO - Filling up the DagBag from /home/airflow/.local/lib/python3.8/site-packages/airflow/example_dags/example_xcom.py
[2024-05-11T21:04:21.074+0000] {processor.py:839} INFO - DAG(s) dict_keys(['example_xcom']) retrieved from /home/airflow/.local/lib/python3.8/site-packages/airflow/example_dags/example_xcom.py
[2024-05-11T21:04:21.089+0000] {logging_mixin.py:154} INFO - [2024-05-11T21:04:21.089+0000] {dag.py:2941} INFO - Sync 1 DAGs
[2024-05-11T21:04:21.101+0000] {logging_mixin.py:154} INFO - [2024-05-11T21:04:21.101+0000] {dag.py:3722} INFO - Setting next_dagrun for example_xcom to 2021-01-01T00:00:00+00:00, run_after=2021-01-01T00:00:00+00:00
[2024-05-11T21:04:21.110+0000] {processor.py:179} INFO - Processing /home/airflow/.local/lib/python3.8/site-packages/airflow/example_dags/example_xcom.py took 0.048 seconds
[2024-05-11T21:04:51.399+0000] {processor.py:157} INFO - Started process (PID=222) to work on /home/airflow/.local/lib/python3.8/site-packages/airflow/example_dags/example_xcom.py
[2024-05-11T21:04:51.401+0000] {processor.py:829} INFO - Processing file /home/airflow/.local/lib/python3.8/site-packages/airflow/example_dags/example_xcom.py for tasks to queue
[2024-05-11T21:04:51.403+0000] {logging_mixin.py:154} INFO - [2024-05-11T21:04:51.403+0000] {dagbag.py:536} INFO - Filling up the DagBag from /home/airflow/.local/lib/python3.8/site-packages/airflow/example_dags/example_xcom.py
[2024-05-11T21:04:51.409+0000] {processor.py:839} INFO - DAG(s) dict_keys(['example_xcom']) retrieved from /home/airflow/.local/lib/python3.8/site-packages/airflow/example_dags/example_xcom.py
[2024-05-11T21:04:51.428+0000] {logging_mixin.py:154} INFO - [2024-05-11T21:04:51.428+0000] {dag.py:2941} INFO - Sync 1 DAGs
[2024-05-11T21:04:51.445+0000] {logging_mixin.py:154} INFO - [2024-05-11T21:04:51.445+0000] {dag.py:3722} INFO - Setting next_dagrun for example_xcom to 2021-01-01T00:00:00+00:00, run_after=2021-01-01T00:00:00+00:00
[2024-05-11T21:04:51.457+0000] {processor.py:179} INFO - Processing /home/airflow/.local/lib/python3.8/site-packages/airflow/example_dags/example_xcom.py took 0.061 seconds
[2024-05-11T21:05:43.435+0000] {processor.py:157} INFO - Started process (PID=59) to work on /home/airflow/.local/lib/python3.8/site-packages/airflow/example_dags/example_xcom.py
[2024-05-11T21:05:43.440+0000] {processor.py:829} INFO - Processing file /home/airflow/.local/lib/python3.8/site-packages/airflow/example_dags/example_xcom.py for tasks to queue
[2024-05-11T21:05:43.447+0000] {logging_mixin.py:154} INFO - [2024-05-11T21:05:43.447+0000] {dagbag.py:536} INFO - Filling up the DagBag from /home/airflow/.local/lib/python3.8/site-packages/airflow/example_dags/example_xcom.py
[2024-05-11T21:05:43.474+0000] {processor.py:839} INFO - DAG(s) dict_keys(['example_xcom']) retrieved from /home/airflow/.local/lib/python3.8/site-packages/airflow/example_dags/example_xcom.py
[2024-05-11T21:05:43.557+0000] {logging_mixin.py:154} INFO - [2024-05-11T21:05:43.557+0000] {dag.py:2941} INFO - Sync 1 DAGs
[2024-05-11T21:05:43.614+0000] {logging_mixin.py:154} INFO - [2024-05-11T21:05:43.614+0000] {dag.py:3722} INFO - Setting next_dagrun for example_xcom to 2021-01-01T00:00:00+00:00, run_after=2021-01-01T00:00:00+00:00
[2024-05-11T21:05:43.693+0000] {processor.py:179} INFO - Processing /home/airflow/.local/lib/python3.8/site-packages/airflow/example_dags/example_xcom.py took 0.264 seconds
[2024-05-11T21:06:14.158+0000] {processor.py:157} INFO - Started process (PID=114) to work on /home/airflow/.local/lib/python3.8/site-packages/airflow/example_dags/example_xcom.py
[2024-05-11T21:06:14.159+0000] {processor.py:829} INFO - Processing file /home/airflow/.local/lib/python3.8/site-packages/airflow/example_dags/example_xcom.py for tasks to queue
[2024-05-11T21:06:14.161+0000] {logging_mixin.py:154} INFO - [2024-05-11T21:06:14.161+0000] {dagbag.py:536} INFO - Filling up the DagBag from /home/airflow/.local/lib/python3.8/site-packages/airflow/example_dags/example_xcom.py
[2024-05-11T21:06:14.166+0000] {processor.py:839} INFO - DAG(s) dict_keys(['example_xcom']) retrieved from /home/airflow/.local/lib/python3.8/site-packages/airflow/example_dags/example_xcom.py
[2024-05-11T21:06:14.182+0000] {logging_mixin.py:154} INFO - [2024-05-11T21:06:14.182+0000] {dag.py:2941} INFO - Sync 1 DAGs
[2024-05-11T21:06:14.194+0000] {logging_mixin.py:154} INFO - [2024-05-11T21:06:14.194+0000] {dag.py:3722} INFO - Setting next_dagrun for example_xcom to 2021-01-01T00:00:00+00:00, run_after=2021-01-01T00:00:00+00:00
[2024-05-11T21:06:14.204+0000] {processor.py:179} INFO - Processing /home/airflow/.local/lib/python3.8/site-packages/airflow/example_dags/example_xcom.py took 0.048 seconds
[2024-05-11T21:06:44.446+0000] {processor.py:157} INFO - Started process (PID=169) to work on /home/airflow/.local/lib/python3.8/site-packages/airflow/example_dags/example_xcom.py
[2024-05-11T21:06:44.448+0000] {processor.py:829} INFO - Processing file /home/airflow/.local/lib/python3.8/site-packages/airflow/example_dags/example_xcom.py for tasks to queue
[2024-05-11T21:06:44.450+0000] {logging_mixin.py:154} INFO - [2024-05-11T21:06:44.450+0000] {dagbag.py:536} INFO - Filling up the DagBag from /home/airflow/.local/lib/python3.8/site-packages/airflow/example_dags/example_xcom.py
[2024-05-11T21:06:44.456+0000] {processor.py:839} INFO - DAG(s) dict_keys(['example_xcom']) retrieved from /home/airflow/.local/lib/python3.8/site-packages/airflow/example_dags/example_xcom.py
[2024-05-11T21:06:44.473+0000] {logging_mixin.py:154} INFO - [2024-05-11T21:06:44.473+0000] {dag.py:2941} INFO - Sync 1 DAGs
[2024-05-11T21:06:44.487+0000] {logging_mixin.py:154} INFO - [2024-05-11T21:06:44.487+0000] {dag.py:3722} INFO - Setting next_dagrun for example_xcom to 2021-01-01T00:00:00+00:00, run_after=2021-01-01T00:00:00+00:00
[2024-05-11T21:06:44.498+0000] {processor.py:179} INFO - Processing /home/airflow/.local/lib/python3.8/site-packages/airflow/example_dags/example_xcom.py took 0.054 seconds
[2024-05-11T21:07:14.731+0000] {processor.py:157} INFO - Started process (PID=224) to work on /home/airflow/.local/lib/python3.8/site-packages/airflow/example_dags/example_xcom.py
[2024-05-11T21:07:14.732+0000] {processor.py:829} INFO - Processing file /home/airflow/.local/lib/python3.8/site-packages/airflow/example_dags/example_xcom.py for tasks to queue
[2024-05-11T21:07:14.734+0000] {logging_mixin.py:154} INFO - [2024-05-11T21:07:14.734+0000] {dagbag.py:536} INFO - Filling up the DagBag from /home/airflow/.local/lib/python3.8/site-packages/airflow/example_dags/example_xcom.py
[2024-05-11T21:07:14.739+0000] {processor.py:839} INFO - DAG(s) dict_keys(['example_xcom']) retrieved from /home/airflow/.local/lib/python3.8/site-packages/airflow/example_dags/example_xcom.py
[2024-05-11T21:07:14.756+0000] {logging_mixin.py:154} INFO - [2024-05-11T21:07:14.756+0000] {dag.py:2941} INFO - Sync 1 DAGs
[2024-05-11T21:07:14.768+0000] {logging_mixin.py:154} INFO - [2024-05-11T21:07:14.768+0000] {dag.py:3722} INFO - Setting next_dagrun for example_xcom to 2021-01-01T00:00:00+00:00, run_after=2021-01-01T00:00:00+00:00
[2024-05-11T21:07:14.779+0000] {processor.py:179} INFO - Processing /home/airflow/.local/lib/python3.8/site-packages/airflow/example_dags/example_xcom.py took 0.051 seconds
[2024-05-11T21:07:45.024+0000] {processor.py:157} INFO - Started process (PID=283) to work on /home/airflow/.local/lib/python3.8/site-packages/airflow/example_dags/example_xcom.py
[2024-05-11T21:07:45.025+0000] {processor.py:829} INFO - Processing file /home/airflow/.local/lib/python3.8/site-packages/airflow/example_dags/example_xcom.py for tasks to queue
[2024-05-11T21:07:45.027+0000] {logging_mixin.py:154} INFO - [2024-05-11T21:07:45.027+0000] {dagbag.py:536} INFO - Filling up the DagBag from /home/airflow/.local/lib/python3.8/site-packages/airflow/example_dags/example_xcom.py
[2024-05-11T21:07:45.032+0000] {processor.py:839} INFO - DAG(s) dict_keys(['example_xcom']) retrieved from /home/airflow/.local/lib/python3.8/site-packages/airflow/example_dags/example_xcom.py
[2024-05-11T21:07:45.048+0000] {logging_mixin.py:154} INFO - [2024-05-11T21:07:45.048+0000] {dag.py:2941} INFO - Sync 1 DAGs
[2024-05-11T21:07:45.060+0000] {logging_mixin.py:154} INFO - [2024-05-11T21:07:45.060+0000] {dag.py:3722} INFO - Setting next_dagrun for example_xcom to 2021-01-01T00:00:00+00:00, run_after=2021-01-01T00:00:00+00:00
[2024-05-11T21:07:45.070+0000] {processor.py:179} INFO - Processing /home/airflow/.local/lib/python3.8/site-packages/airflow/example_dags/example_xcom.py took 0.048 seconds
[2024-05-11T21:08:15.271+0000] {processor.py:157} INFO - Started process (PID=338) to work on /home/airflow/.local/lib/python3.8/site-packages/airflow/example_dags/example_xcom.py
[2024-05-11T21:08:15.273+0000] {processor.py:829} INFO - Processing file /home/airflow/.local/lib/python3.8/site-packages/airflow/example_dags/example_xcom.py for tasks to queue
[2024-05-11T21:08:15.275+0000] {logging_mixin.py:154} INFO - [2024-05-11T21:08:15.275+0000] {dagbag.py:536} INFO - Filling up the DagBag from /home/airflow/.local/lib/python3.8/site-packages/airflow/example_dags/example_xcom.py
[2024-05-11T21:08:15.280+0000] {processor.py:839} INFO - DAG(s) dict_keys(['example_xcom']) retrieved from /home/airflow/.local/lib/python3.8/site-packages/airflow/example_dags/example_xcom.py
[2024-05-11T21:08:15.298+0000] {logging_mixin.py:154} INFO - [2024-05-11T21:08:15.298+0000] {dag.py:2941} INFO - Sync 1 DAGs
[2024-05-11T21:08:15.310+0000] {logging_mixin.py:154} INFO - [2024-05-11T21:08:15.310+0000] {dag.py:3722} INFO - Setting next_dagrun for example_xcom to 2021-01-01T00:00:00+00:00, run_after=2021-01-01T00:00:00+00:00
[2024-05-11T21:08:15.320+0000] {processor.py:179} INFO - Processing /home/airflow/.local/lib/python3.8/site-packages/airflow/example_dags/example_xcom.py took 0.053 seconds
[2024-05-11T21:08:45.521+0000] {processor.py:157} INFO - Started process (PID=393) to work on /home/airflow/.local/lib/python3.8/site-packages/airflow/example_dags/example_xcom.py
[2024-05-11T21:08:45.522+0000] {processor.py:829} INFO - Processing file /home/airflow/.local/lib/python3.8/site-packages/airflow/example_dags/example_xcom.py for tasks to queue
[2024-05-11T21:08:45.524+0000] {logging_mixin.py:154} INFO - [2024-05-11T21:08:45.523+0000] {dagbag.py:536} INFO - Filling up the DagBag from /home/airflow/.local/lib/python3.8/site-packages/airflow/example_dags/example_xcom.py
[2024-05-11T21:08:45.529+0000] {processor.py:839} INFO - DAG(s) dict_keys(['example_xcom']) retrieved from /home/airflow/.local/lib/python3.8/site-packages/airflow/example_dags/example_xcom.py
[2024-05-11T21:08:45.545+0000] {logging_mixin.py:154} INFO - [2024-05-11T21:08:45.545+0000] {dag.py:2941} INFO - Sync 1 DAGs
[2024-05-11T21:08:45.558+0000] {logging_mixin.py:154} INFO - [2024-05-11T21:08:45.558+0000] {dag.py:3722} INFO - Setting next_dagrun for example_xcom to 2021-01-01T00:00:00+00:00, run_after=2021-01-01T00:00:00+00:00
[2024-05-11T21:08:45.567+0000] {processor.py:179} INFO - Processing /home/airflow/.local/lib/python3.8/site-packages/airflow/example_dags/example_xcom.py took 0.049 seconds
[2024-05-11T21:09:15.988+0000] {processor.py:157} INFO - Started process (PID=447) to work on /home/airflow/.local/lib/python3.8/site-packages/airflow/example_dags/example_xcom.py
[2024-05-11T21:09:15.989+0000] {processor.py:829} INFO - Processing file /home/airflow/.local/lib/python3.8/site-packages/airflow/example_dags/example_xcom.py for tasks to queue
[2024-05-11T21:09:15.991+0000] {logging_mixin.py:154} INFO - [2024-05-11T21:09:15.991+0000] {dagbag.py:536} INFO - Filling up the DagBag from /home/airflow/.local/lib/python3.8/site-packages/airflow/example_dags/example_xcom.py
[2024-05-11T21:09:15.997+0000] {processor.py:839} INFO - DAG(s) dict_keys(['example_xcom']) retrieved from /home/airflow/.local/lib/python3.8/site-packages/airflow/example_dags/example_xcom.py
[2024-05-11T21:09:16.013+0000] {logging_mixin.py:154} INFO - [2024-05-11T21:09:16.013+0000] {dag.py:2941} INFO - Sync 1 DAGs
[2024-05-11T21:09:16.026+0000] {logging_mixin.py:154} INFO - [2024-05-11T21:09:16.026+0000] {dag.py:3722} INFO - Setting next_dagrun for example_xcom to 2021-01-01T00:00:00+00:00, run_after=2021-01-01T00:00:00+00:00
[2024-05-11T21:09:16.037+0000] {processor.py:179} INFO - Processing /home/airflow/.local/lib/python3.8/site-packages/airflow/example_dags/example_xcom.py took 0.052 seconds
[2024-05-11T21:09:46.291+0000] {processor.py:157} INFO - Started process (PID=502) to work on /home/airflow/.local/lib/python3.8/site-packages/airflow/example_dags/example_xcom.py
[2024-05-11T21:09:46.292+0000] {processor.py:829} INFO - Processing file /home/airflow/.local/lib/python3.8/site-packages/airflow/example_dags/example_xcom.py for tasks to queue
[2024-05-11T21:09:46.294+0000] {logging_mixin.py:154} INFO - [2024-05-11T21:09:46.294+0000] {dagbag.py:536} INFO - Filling up the DagBag from /home/airflow/.local/lib/python3.8/site-packages/airflow/example_dags/example_xcom.py
[2024-05-11T21:09:46.299+0000] {processor.py:839} INFO - DAG(s) dict_keys(['example_xcom']) retrieved from /home/airflow/.local/lib/python3.8/site-packages/airflow/example_dags/example_xcom.py
[2024-05-11T21:09:46.315+0000] {logging_mixin.py:154} INFO - [2024-05-11T21:09:46.315+0000] {dag.py:2941} INFO - Sync 1 DAGs
[2024-05-11T21:09:46.329+0000] {logging_mixin.py:154} INFO - [2024-05-11T21:09:46.328+0000] {dag.py:3722} INFO - Setting next_dagrun for example_xcom to 2021-01-01T00:00:00+00:00, run_after=2021-01-01T00:00:00+00:00
[2024-05-11T21:09:46.340+0000] {processor.py:179} INFO - Processing /home/airflow/.local/lib/python3.8/site-packages/airflow/example_dags/example_xcom.py took 0.052 seconds
[2024-05-11T21:10:16.478+0000] {processor.py:157} INFO - Started process (PID=556) to work on /home/airflow/.local/lib/python3.8/site-packages/airflow/example_dags/example_xcom.py
[2024-05-11T21:10:16.480+0000] {processor.py:829} INFO - Processing file /home/airflow/.local/lib/python3.8/site-packages/airflow/example_dags/example_xcom.py for tasks to queue
[2024-05-11T21:10:16.481+0000] {logging_mixin.py:154} INFO - [2024-05-11T21:10:16.481+0000] {dagbag.py:536} INFO - Filling up the DagBag from /home/airflow/.local/lib/python3.8/site-packages/airflow/example_dags/example_xcom.py
[2024-05-11T21:10:16.486+0000] {processor.py:839} INFO - DAG(s) dict_keys(['example_xcom']) retrieved from /home/airflow/.local/lib/python3.8/site-packages/airflow/example_dags/example_xcom.py
[2024-05-11T21:10:16.502+0000] {logging_mixin.py:154} INFO - [2024-05-11T21:10:16.502+0000] {dag.py:2941} INFO - Sync 1 DAGs
[2024-05-11T21:10:16.514+0000] {logging_mixin.py:154} INFO - [2024-05-11T21:10:16.513+0000] {dag.py:3722} INFO - Setting next_dagrun for example_xcom to 2021-01-01T00:00:00+00:00, run_after=2021-01-01T00:00:00+00:00
[2024-05-11T21:10:16.523+0000] {processor.py:179} INFO - Processing /home/airflow/.local/lib/python3.8/site-packages/airflow/example_dags/example_xcom.py took 0.047 seconds
[2024-05-11T21:10:46.873+0000] {processor.py:157} INFO - Started process (PID=611) to work on /home/airflow/.local/lib/python3.8/site-packages/airflow/example_dags/example_xcom.py
[2024-05-11T21:10:46.874+0000] {processor.py:829} INFO - Processing file /home/airflow/.local/lib/python3.8/site-packages/airflow/example_dags/example_xcom.py for tasks to queue
[2024-05-11T21:10:46.876+0000] {logging_mixin.py:154} INFO - [2024-05-11T21:10:46.876+0000] {dagbag.py:536} INFO - Filling up the DagBag from /home/airflow/.local/lib/python3.8/site-packages/airflow/example_dags/example_xcom.py
[2024-05-11T21:10:46.882+0000] {processor.py:839} INFO - DAG(s) dict_keys(['example_xcom']) retrieved from /home/airflow/.local/lib/python3.8/site-packages/airflow/example_dags/example_xcom.py
[2024-05-11T21:10:46.899+0000] {logging_mixin.py:154} INFO - [2024-05-11T21:10:46.899+0000] {dag.py:2941} INFO - Sync 1 DAGs
[2024-05-11T21:10:46.914+0000] {logging_mixin.py:154} INFO - [2024-05-11T21:10:46.913+0000] {dag.py:3722} INFO - Setting next_dagrun for example_xcom to 2021-01-01T00:00:00+00:00, run_after=2021-01-01T00:00:00+00:00
[2024-05-11T21:10:46.924+0000] {processor.py:179} INFO - Processing /home/airflow/.local/lib/python3.8/site-packages/airflow/example_dags/example_xcom.py took 0.054 seconds
[2024-05-11T21:11:17.215+0000] {processor.py:157} INFO - Started process (PID=666) to work on /home/airflow/.local/lib/python3.8/site-packages/airflow/example_dags/example_xcom.py
[2024-05-11T21:11:17.216+0000] {processor.py:829} INFO - Processing file /home/airflow/.local/lib/python3.8/site-packages/airflow/example_dags/example_xcom.py for tasks to queue
[2024-05-11T21:11:17.218+0000] {logging_mixin.py:154} INFO - [2024-05-11T21:11:17.218+0000] {dagbag.py:536} INFO - Filling up the DagBag from /home/airflow/.local/lib/python3.8/site-packages/airflow/example_dags/example_xcom.py
[2024-05-11T21:11:17.223+0000] {processor.py:839} INFO - DAG(s) dict_keys(['example_xcom']) retrieved from /home/airflow/.local/lib/python3.8/site-packages/airflow/example_dags/example_xcom.py
[2024-05-11T21:11:17.239+0000] {logging_mixin.py:154} INFO - [2024-05-11T21:11:17.239+0000] {dag.py:2941} INFO - Sync 1 DAGs
[2024-05-11T21:11:17.252+0000] {logging_mixin.py:154} INFO - [2024-05-11T21:11:17.252+0000] {dag.py:3722} INFO - Setting next_dagrun for example_xcom to 2021-01-01T00:00:00+00:00, run_after=2021-01-01T00:00:00+00:00
[2024-05-11T21:11:17.262+0000] {processor.py:179} INFO - Processing /home/airflow/.local/lib/python3.8/site-packages/airflow/example_dags/example_xcom.py took 0.050 seconds
[2024-05-11T21:11:47.383+0000] {processor.py:157} INFO - Started process (PID=721) to work on /home/airflow/.local/lib/python3.8/site-packages/airflow/example_dags/example_xcom.py
[2024-05-11T21:11:47.385+0000] {processor.py:829} INFO - Processing file /home/airflow/.local/lib/python3.8/site-packages/airflow/example_dags/example_xcom.py for tasks to queue
[2024-05-11T21:11:47.387+0000] {logging_mixin.py:154} INFO - [2024-05-11T21:11:47.387+0000] {dagbag.py:536} INFO - Filling up the DagBag from /home/airflow/.local/lib/python3.8/site-packages/airflow/example_dags/example_xcom.py
[2024-05-11T21:11:47.392+0000] {processor.py:839} INFO - DAG(s) dict_keys(['example_xcom']) retrieved from /home/airflow/.local/lib/python3.8/site-packages/airflow/example_dags/example_xcom.py
[2024-05-11T21:11:47.409+0000] {logging_mixin.py:154} INFO - [2024-05-11T21:11:47.408+0000] {dag.py:2941} INFO - Sync 1 DAGs
[2024-05-11T21:11:47.423+0000] {logging_mixin.py:154} INFO - [2024-05-11T21:11:47.423+0000] {dag.py:3722} INFO - Setting next_dagrun for example_xcom to 2021-01-01T00:00:00+00:00, run_after=2021-01-01T00:00:00+00:00
[2024-05-11T21:11:47.434+0000] {processor.py:179} INFO - Processing /home/airflow/.local/lib/python3.8/site-packages/airflow/example_dags/example_xcom.py took 0.053 seconds
[2024-05-11T21:12:17.715+0000] {processor.py:157} INFO - Started process (PID=777) to work on /home/airflow/.local/lib/python3.8/site-packages/airflow/example_dags/example_xcom.py
[2024-05-11T21:12:17.717+0000] {processor.py:829} INFO - Processing file /home/airflow/.local/lib/python3.8/site-packages/airflow/example_dags/example_xcom.py for tasks to queue
[2024-05-11T21:12:17.718+0000] {logging_mixin.py:154} INFO - [2024-05-11T21:12:17.718+0000] {dagbag.py:536} INFO - Filling up the DagBag from /home/airflow/.local/lib/python3.8/site-packages/airflow/example_dags/example_xcom.py
[2024-05-11T21:12:17.724+0000] {processor.py:839} INFO - DAG(s) dict_keys(['example_xcom']) retrieved from /home/airflow/.local/lib/python3.8/site-packages/airflow/example_dags/example_xcom.py
[2024-05-11T21:12:17.740+0000] {logging_mixin.py:154} INFO - [2024-05-11T21:12:17.740+0000] {dag.py:2941} INFO - Sync 1 DAGs
[2024-05-11T21:12:17.752+0000] {logging_mixin.py:154} INFO - [2024-05-11T21:12:17.752+0000] {dag.py:3722} INFO - Setting next_dagrun for example_xcom to 2021-01-01T00:00:00+00:00, run_after=2021-01-01T00:00:00+00:00
[2024-05-11T21:12:17.762+0000] {processor.py:179} INFO - Processing /home/airflow/.local/lib/python3.8/site-packages/airflow/example_dags/example_xcom.py took 0.049 seconds
[2024-05-11T21:12:48.120+0000] {processor.py:157} INFO - Started process (PID=832) to work on /home/airflow/.local/lib/python3.8/site-packages/airflow/example_dags/example_xcom.py
[2024-05-11T21:12:48.121+0000] {processor.py:829} INFO - Processing file /home/airflow/.local/lib/python3.8/site-packages/airflow/example_dags/example_xcom.py for tasks to queue
[2024-05-11T21:12:48.125+0000] {logging_mixin.py:154} INFO - [2024-05-11T21:12:48.124+0000] {dagbag.py:536} INFO - Filling up the DagBag from /home/airflow/.local/lib/python3.8/site-packages/airflow/example_dags/example_xcom.py
[2024-05-11T21:12:48.131+0000] {processor.py:839} INFO - DAG(s) dict_keys(['example_xcom']) retrieved from /home/airflow/.local/lib/python3.8/site-packages/airflow/example_dags/example_xcom.py
[2024-05-11T21:12:48.154+0000] {logging_mixin.py:154} INFO - [2024-05-11T21:12:48.154+0000] {dag.py:2941} INFO - Sync 1 DAGs
[2024-05-11T21:12:48.174+0000] {logging_mixin.py:154} INFO - [2024-05-11T21:12:48.174+0000] {dag.py:3722} INFO - Setting next_dagrun for example_xcom to 2021-01-01T00:00:00+00:00, run_after=2021-01-01T00:00:00+00:00
[2024-05-11T21:12:48.183+0000] {processor.py:179} INFO - Processing /home/airflow/.local/lib/python3.8/site-packages/airflow/example_dags/example_xcom.py took 0.067 seconds
[2024-05-11T21:13:18.473+0000] {processor.py:157} INFO - Started process (PID=887) to work on /home/airflow/.local/lib/python3.8/site-packages/airflow/example_dags/example_xcom.py
[2024-05-11T21:13:18.475+0000] {processor.py:829} INFO - Processing file /home/airflow/.local/lib/python3.8/site-packages/airflow/example_dags/example_xcom.py for tasks to queue
[2024-05-11T21:13:18.476+0000] {logging_mixin.py:154} INFO - [2024-05-11T21:13:18.476+0000] {dagbag.py:536} INFO - Filling up the DagBag from /home/airflow/.local/lib/python3.8/site-packages/airflow/example_dags/example_xcom.py
[2024-05-11T21:13:18.482+0000] {processor.py:839} INFO - DAG(s) dict_keys(['example_xcom']) retrieved from /home/airflow/.local/lib/python3.8/site-packages/airflow/example_dags/example_xcom.py
[2024-05-11T21:13:18.497+0000] {logging_mixin.py:154} INFO - [2024-05-11T21:13:18.497+0000] {dag.py:2941} INFO - Sync 1 DAGs
[2024-05-11T21:13:18.510+0000] {logging_mixin.py:154} INFO - [2024-05-11T21:13:18.510+0000] {dag.py:3722} INFO - Setting next_dagrun for example_xcom to 2021-01-01T00:00:00+00:00, run_after=2021-01-01T00:00:00+00:00
[2024-05-11T21:13:18.520+0000] {processor.py:179} INFO - Processing /home/airflow/.local/lib/python3.8/site-packages/airflow/example_dags/example_xcom.py took 0.049 seconds
[2024-05-11T21:13:48.588+0000] {processor.py:157} INFO - Started process (PID=942) to work on /home/airflow/.local/lib/python3.8/site-packages/airflow/example_dags/example_xcom.py
[2024-05-11T21:13:48.589+0000] {processor.py:829} INFO - Processing file /home/airflow/.local/lib/python3.8/site-packages/airflow/example_dags/example_xcom.py for tasks to queue
[2024-05-11T21:13:48.591+0000] {logging_mixin.py:154} INFO - [2024-05-11T21:13:48.591+0000] {dagbag.py:536} INFO - Filling up the DagBag from /home/airflow/.local/lib/python3.8/site-packages/airflow/example_dags/example_xcom.py
[2024-05-11T21:13:48.596+0000] {processor.py:839} INFO - DAG(s) dict_keys(['example_xcom']) retrieved from /home/airflow/.local/lib/python3.8/site-packages/airflow/example_dags/example_xcom.py
[2024-05-11T21:13:48.613+0000] {logging_mixin.py:154} INFO - [2024-05-11T21:13:48.612+0000] {dag.py:2941} INFO - Sync 1 DAGs
[2024-05-11T21:13:48.625+0000] {logging_mixin.py:154} INFO - [2024-05-11T21:13:48.625+0000] {dag.py:3722} INFO - Setting next_dagrun for example_xcom to 2021-01-01T00:00:00+00:00, run_after=2021-01-01T00:00:00+00:00
[2024-05-11T21:13:48.635+0000] {processor.py:179} INFO - Processing /home/airflow/.local/lib/python3.8/site-packages/airflow/example_dags/example_xcom.py took 0.050 seconds
[2024-05-11T21:14:18.839+0000] {processor.py:157} INFO - Started process (PID=997) to work on /home/airflow/.local/lib/python3.8/site-packages/airflow/example_dags/example_xcom.py
[2024-05-11T21:14:18.840+0000] {processor.py:829} INFO - Processing file /home/airflow/.local/lib/python3.8/site-packages/airflow/example_dags/example_xcom.py for tasks to queue
[2024-05-11T21:14:18.842+0000] {logging_mixin.py:154} INFO - [2024-05-11T21:14:18.842+0000] {dagbag.py:536} INFO - Filling up the DagBag from /home/airflow/.local/lib/python3.8/site-packages/airflow/example_dags/example_xcom.py
[2024-05-11T21:14:18.848+0000] {processor.py:839} INFO - DAG(s) dict_keys(['example_xcom']) retrieved from /home/airflow/.local/lib/python3.8/site-packages/airflow/example_dags/example_xcom.py
[2024-05-11T21:14:18.864+0000] {logging_mixin.py:154} INFO - [2024-05-11T21:14:18.864+0000] {dag.py:2941} INFO - Sync 1 DAGs
[2024-05-11T21:14:18.876+0000] {logging_mixin.py:154} INFO - [2024-05-11T21:14:18.876+0000] {dag.py:3722} INFO - Setting next_dagrun for example_xcom to 2021-01-01T00:00:00+00:00, run_after=2021-01-01T00:00:00+00:00
[2024-05-11T21:14:18.887+0000] {processor.py:179} INFO - Processing /home/airflow/.local/lib/python3.8/site-packages/airflow/example_dags/example_xcom.py took 0.050 seconds
[2024-05-11T21:14:49.170+0000] {processor.py:157} INFO - Started process (PID=1053) to work on /home/airflow/.local/lib/python3.8/site-packages/airflow/example_dags/example_xcom.py
[2024-05-11T21:14:49.171+0000] {processor.py:829} INFO - Processing file /home/airflow/.local/lib/python3.8/site-packages/airflow/example_dags/example_xcom.py for tasks to queue
[2024-05-11T21:14:49.173+0000] {logging_mixin.py:154} INFO - [2024-05-11T21:14:49.173+0000] {dagbag.py:536} INFO - Filling up the DagBag from /home/airflow/.local/lib/python3.8/site-packages/airflow/example_dags/example_xcom.py
[2024-05-11T21:14:49.178+0000] {processor.py:839} INFO - DAG(s) dict_keys(['example_xcom']) retrieved from /home/airflow/.local/lib/python3.8/site-packages/airflow/example_dags/example_xcom.py
[2024-05-11T21:14:49.195+0000] {logging_mixin.py:154} INFO - [2024-05-11T21:14:49.195+0000] {dag.py:2941} INFO - Sync 1 DAGs
[2024-05-11T21:14:49.207+0000] {logging_mixin.py:154} INFO - [2024-05-11T21:14:49.207+0000] {dag.py:3722} INFO - Setting next_dagrun for example_xcom to 2021-01-01T00:00:00+00:00, run_after=2021-01-01T00:00:00+00:00
[2024-05-11T21:14:49.216+0000] {processor.py:179} INFO - Processing /home/airflow/.local/lib/python3.8/site-packages/airflow/example_dags/example_xcom.py took 0.049 seconds
[2024-05-11T21:16:32.834+0000] {processor.py:157} INFO - Started process (PID=59) to work on /home/airflow/.local/lib/python3.8/site-packages/airflow/example_dags/example_xcom.py
[2024-05-11T21:16:32.841+0000] {processor.py:829} INFO - Processing file /home/airflow/.local/lib/python3.8/site-packages/airflow/example_dags/example_xcom.py for tasks to queue
[2024-05-11T21:16:32.846+0000] {logging_mixin.py:154} INFO - [2024-05-11T21:16:32.845+0000] {dagbag.py:536} INFO - Filling up the DagBag from /home/airflow/.local/lib/python3.8/site-packages/airflow/example_dags/example_xcom.py
[2024-05-11T21:16:32.862+0000] {processor.py:839} INFO - DAG(s) dict_keys(['example_xcom']) retrieved from /home/airflow/.local/lib/python3.8/site-packages/airflow/example_dags/example_xcom.py
[2024-05-11T21:16:32.893+0000] {logging_mixin.py:154} INFO - [2024-05-11T21:16:32.893+0000] {dag.py:2941} INFO - Sync 1 DAGs
[2024-05-11T21:16:32.923+0000] {logging_mixin.py:154} INFO - [2024-05-11T21:16:32.923+0000] {dag.py:3722} INFO - Setting next_dagrun for example_xcom to 2021-01-01T00:00:00+00:00, run_after=2021-01-01T00:00:00+00:00
[2024-05-11T21:16:32.963+0000] {processor.py:179} INFO - Processing /home/airflow/.local/lib/python3.8/site-packages/airflow/example_dags/example_xcom.py took 0.134 seconds
[2024-05-11T21:17:03.740+0000] {processor.py:157} INFO - Started process (PID=115) to work on /home/airflow/.local/lib/python3.8/site-packages/airflow/example_dags/example_xcom.py
[2024-05-11T21:17:03.742+0000] {processor.py:829} INFO - Processing file /home/airflow/.local/lib/python3.8/site-packages/airflow/example_dags/example_xcom.py for tasks to queue
[2024-05-11T21:17:03.744+0000] {logging_mixin.py:154} INFO - [2024-05-11T21:17:03.743+0000] {dagbag.py:536} INFO - Filling up the DagBag from /home/airflow/.local/lib/python3.8/site-packages/airflow/example_dags/example_xcom.py
[2024-05-11T21:17:03.749+0000] {processor.py:839} INFO - DAG(s) dict_keys(['example_xcom']) retrieved from /home/airflow/.local/lib/python3.8/site-packages/airflow/example_dags/example_xcom.py
[2024-05-11T21:17:03.765+0000] {logging_mixin.py:154} INFO - [2024-05-11T21:17:03.765+0000] {dag.py:2941} INFO - Sync 1 DAGs
[2024-05-11T21:17:03.778+0000] {logging_mixin.py:154} INFO - [2024-05-11T21:17:03.778+0000] {dag.py:3722} INFO - Setting next_dagrun for example_xcom to 2021-01-01T00:00:00+00:00, run_after=2021-01-01T00:00:00+00:00
[2024-05-11T21:17:03.788+0000] {processor.py:179} INFO - Processing /home/airflow/.local/lib/python3.8/site-packages/airflow/example_dags/example_xcom.py took 0.050 seconds
[2024-05-11T21:17:33.959+0000] {processor.py:157} INFO - Started process (PID=170) to work on /home/airflow/.local/lib/python3.8/site-packages/airflow/example_dags/example_xcom.py
[2024-05-11T21:17:33.960+0000] {processor.py:829} INFO - Processing file /home/airflow/.local/lib/python3.8/site-packages/airflow/example_dags/example_xcom.py for tasks to queue
[2024-05-11T21:17:33.962+0000] {logging_mixin.py:154} INFO - [2024-05-11T21:17:33.962+0000] {dagbag.py:536} INFO - Filling up the DagBag from /home/airflow/.local/lib/python3.8/site-packages/airflow/example_dags/example_xcom.py
[2024-05-11T21:17:33.967+0000] {processor.py:839} INFO - DAG(s) dict_keys(['example_xcom']) retrieved from /home/airflow/.local/lib/python3.8/site-packages/airflow/example_dags/example_xcom.py
[2024-05-11T21:17:33.982+0000] {logging_mixin.py:154} INFO - [2024-05-11T21:17:33.982+0000] {dag.py:2941} INFO - Sync 1 DAGs
[2024-05-11T21:17:33.997+0000] {logging_mixin.py:154} INFO - [2024-05-11T21:17:33.996+0000] {dag.py:3722} INFO - Setting next_dagrun for example_xcom to 2021-01-01T00:00:00+00:00, run_after=2021-01-01T00:00:00+00:00
[2024-05-11T21:17:34.011+0000] {processor.py:179} INFO - Processing /home/airflow/.local/lib/python3.8/site-packages/airflow/example_dags/example_xcom.py took 0.055 seconds
[2024-05-11T21:18:04.345+0000] {processor.py:157} INFO - Started process (PID=226) to work on /home/airflow/.local/lib/python3.8/site-packages/airflow/example_dags/example_xcom.py
[2024-05-11T21:18:04.346+0000] {processor.py:829} INFO - Processing file /home/airflow/.local/lib/python3.8/site-packages/airflow/example_dags/example_xcom.py for tasks to queue
[2024-05-11T21:18:04.349+0000] {logging_mixin.py:154} INFO - [2024-05-11T21:18:04.348+0000] {dagbag.py:536} INFO - Filling up the DagBag from /home/airflow/.local/lib/python3.8/site-packages/airflow/example_dags/example_xcom.py
[2024-05-11T21:18:04.354+0000] {processor.py:839} INFO - DAG(s) dict_keys(['example_xcom']) retrieved from /home/airflow/.local/lib/python3.8/site-packages/airflow/example_dags/example_xcom.py
[2024-05-11T21:18:04.371+0000] {logging_mixin.py:154} INFO - [2024-05-11T21:18:04.371+0000] {dag.py:2941} INFO - Sync 1 DAGs
[2024-05-11T21:18:04.384+0000] {logging_mixin.py:154} INFO - [2024-05-11T21:18:04.383+0000] {dag.py:3722} INFO - Setting next_dagrun for example_xcom to 2021-01-01T00:00:00+00:00, run_after=2021-01-01T00:00:00+00:00
[2024-05-11T21:18:04.394+0000] {processor.py:179} INFO - Processing /home/airflow/.local/lib/python3.8/site-packages/airflow/example_dags/example_xcom.py took 0.052 seconds
[2024-05-11T21:18:34.510+0000] {processor.py:157} INFO - Started process (PID=281) to work on /home/airflow/.local/lib/python3.8/site-packages/airflow/example_dags/example_xcom.py
[2024-05-11T21:18:34.512+0000] {processor.py:829} INFO - Processing file /home/airflow/.local/lib/python3.8/site-packages/airflow/example_dags/example_xcom.py for tasks to queue
[2024-05-11T21:18:34.514+0000] {logging_mixin.py:154} INFO - [2024-05-11T21:18:34.513+0000] {dagbag.py:536} INFO - Filling up the DagBag from /home/airflow/.local/lib/python3.8/site-packages/airflow/example_dags/example_xcom.py
[2024-05-11T21:18:34.519+0000] {processor.py:839} INFO - DAG(s) dict_keys(['example_xcom']) retrieved from /home/airflow/.local/lib/python3.8/site-packages/airflow/example_dags/example_xcom.py
[2024-05-11T21:18:34.536+0000] {logging_mixin.py:154} INFO - [2024-05-11T21:18:34.536+0000] {dag.py:2941} INFO - Sync 1 DAGs
[2024-05-11T21:18:34.549+0000] {logging_mixin.py:154} INFO - [2024-05-11T21:18:34.549+0000] {dag.py:3722} INFO - Setting next_dagrun for example_xcom to 2021-01-01T00:00:00+00:00, run_after=2021-01-01T00:00:00+00:00
[2024-05-11T21:18:34.562+0000] {processor.py:179} INFO - Processing /home/airflow/.local/lib/python3.8/site-packages/airflow/example_dags/example_xcom.py took 0.054 seconds
[2024-05-11T21:19:04.780+0000] {processor.py:157} INFO - Started process (PID=336) to work on /home/airflow/.local/lib/python3.8/site-packages/airflow/example_dags/example_xcom.py
[2024-05-11T21:19:04.782+0000] {processor.py:829} INFO - Processing file /home/airflow/.local/lib/python3.8/site-packages/airflow/example_dags/example_xcom.py for tasks to queue
[2024-05-11T21:19:04.784+0000] {logging_mixin.py:154} INFO - [2024-05-11T21:19:04.783+0000] {dagbag.py:536} INFO - Filling up the DagBag from /home/airflow/.local/lib/python3.8/site-packages/airflow/example_dags/example_xcom.py
[2024-05-11T21:19:04.789+0000] {processor.py:839} INFO - DAG(s) dict_keys(['example_xcom']) retrieved from /home/airflow/.local/lib/python3.8/site-packages/airflow/example_dags/example_xcom.py
[2024-05-11T21:19:04.805+0000] {logging_mixin.py:154} INFO - [2024-05-11T21:19:04.805+0000] {dag.py:2941} INFO - Sync 1 DAGs
[2024-05-11T21:19:04.817+0000] {logging_mixin.py:154} INFO - [2024-05-11T21:19:04.817+0000] {dag.py:3722} INFO - Setting next_dagrun for example_xcom to 2021-01-01T00:00:00+00:00, run_after=2021-01-01T00:00:00+00:00
[2024-05-11T21:19:04.827+0000] {processor.py:179} INFO - Processing /home/airflow/.local/lib/python3.8/site-packages/airflow/example_dags/example_xcom.py took 0.049 seconds
[2024-05-11T21:19:35.167+0000] {processor.py:157} INFO - Started process (PID=391) to work on /home/airflow/.local/lib/python3.8/site-packages/airflow/example_dags/example_xcom.py
[2024-05-11T21:19:35.168+0000] {processor.py:829} INFO - Processing file /home/airflow/.local/lib/python3.8/site-packages/airflow/example_dags/example_xcom.py for tasks to queue
[2024-05-11T21:19:35.170+0000] {logging_mixin.py:154} INFO - [2024-05-11T21:19:35.170+0000] {dagbag.py:536} INFO - Filling up the DagBag from /home/airflow/.local/lib/python3.8/site-packages/airflow/example_dags/example_xcom.py
[2024-05-11T21:19:35.175+0000] {processor.py:839} INFO - DAG(s) dict_keys(['example_xcom']) retrieved from /home/airflow/.local/lib/python3.8/site-packages/airflow/example_dags/example_xcom.py
[2024-05-11T21:19:35.191+0000] {logging_mixin.py:154} INFO - [2024-05-11T21:19:35.191+0000] {dag.py:2941} INFO - Sync 1 DAGs
[2024-05-11T21:19:35.203+0000] {logging_mixin.py:154} INFO - [2024-05-11T21:19:35.203+0000] {dag.py:3722} INFO - Setting next_dagrun for example_xcom to 2021-01-01T00:00:00+00:00, run_after=2021-01-01T00:00:00+00:00
[2024-05-11T21:19:35.218+0000] {processor.py:179} INFO - Processing /home/airflow/.local/lib/python3.8/site-packages/airflow/example_dags/example_xcom.py took 0.054 seconds
[2024-05-11T21:20:05.570+0000] {processor.py:157} INFO - Started process (PID=446) to work on /home/airflow/.local/lib/python3.8/site-packages/airflow/example_dags/example_xcom.py
[2024-05-11T21:20:05.572+0000] {processor.py:829} INFO - Processing file /home/airflow/.local/lib/python3.8/site-packages/airflow/example_dags/example_xcom.py for tasks to queue
[2024-05-11T21:20:05.574+0000] {logging_mixin.py:154} INFO - [2024-05-11T21:20:05.574+0000] {dagbag.py:536} INFO - Filling up the DagBag from /home/airflow/.local/lib/python3.8/site-packages/airflow/example_dags/example_xcom.py
[2024-05-11T21:20:05.579+0000] {processor.py:839} INFO - DAG(s) dict_keys(['example_xcom']) retrieved from /home/airflow/.local/lib/python3.8/site-packages/airflow/example_dags/example_xcom.py
[2024-05-11T21:20:05.596+0000] {logging_mixin.py:154} INFO - [2024-05-11T21:20:05.596+0000] {dag.py:2941} INFO - Sync 1 DAGs
[2024-05-11T21:20:05.608+0000] {logging_mixin.py:154} INFO - [2024-05-11T21:20:05.608+0000] {dag.py:3722} INFO - Setting next_dagrun for example_xcom to 2021-01-01T00:00:00+00:00, run_after=2021-01-01T00:00:00+00:00
[2024-05-11T21:20:05.618+0000] {processor.py:179} INFO - Processing /home/airflow/.local/lib/python3.8/site-packages/airflow/example_dags/example_xcom.py took 0.051 seconds
[2024-05-11T21:20:35.741+0000] {processor.py:157} INFO - Started process (PID=501) to work on /home/airflow/.local/lib/python3.8/site-packages/airflow/example_dags/example_xcom.py
[2024-05-11T21:20:35.742+0000] {processor.py:829} INFO - Processing file /home/airflow/.local/lib/python3.8/site-packages/airflow/example_dags/example_xcom.py for tasks to queue
[2024-05-11T21:20:35.744+0000] {logging_mixin.py:154} INFO - [2024-05-11T21:20:35.744+0000] {dagbag.py:536} INFO - Filling up the DagBag from /home/airflow/.local/lib/python3.8/site-packages/airflow/example_dags/example_xcom.py
[2024-05-11T21:20:35.749+0000] {processor.py:839} INFO - DAG(s) dict_keys(['example_xcom']) retrieved from /home/airflow/.local/lib/python3.8/site-packages/airflow/example_dags/example_xcom.py
[2024-05-11T21:20:35.765+0000] {logging_mixin.py:154} INFO - [2024-05-11T21:20:35.765+0000] {dag.py:2941} INFO - Sync 1 DAGs
[2024-05-11T21:20:35.778+0000] {logging_mixin.py:154} INFO - [2024-05-11T21:20:35.777+0000] {dag.py:3722} INFO - Setting next_dagrun for example_xcom to 2021-01-01T00:00:00+00:00, run_after=2021-01-01T00:00:00+00:00
[2024-05-11T21:20:35.788+0000] {processor.py:179} INFO - Processing /home/airflow/.local/lib/python3.8/site-packages/airflow/example_dags/example_xcom.py took 0.050 seconds
[2024-05-11T21:21:05.902+0000] {processor.py:157} INFO - Started process (PID=556) to work on /home/airflow/.local/lib/python3.8/site-packages/airflow/example_dags/example_xcom.py
[2024-05-11T21:21:05.903+0000] {processor.py:829} INFO - Processing file /home/airflow/.local/lib/python3.8/site-packages/airflow/example_dags/example_xcom.py for tasks to queue
[2024-05-11T21:21:05.905+0000] {logging_mixin.py:154} INFO - [2024-05-11T21:21:05.904+0000] {dagbag.py:536} INFO - Filling up the DagBag from /home/airflow/.local/lib/python3.8/site-packages/airflow/example_dags/example_xcom.py
[2024-05-11T21:21:05.910+0000] {processor.py:839} INFO - DAG(s) dict_keys(['example_xcom']) retrieved from /home/airflow/.local/lib/python3.8/site-packages/airflow/example_dags/example_xcom.py
[2024-05-11T21:21:05.926+0000] {logging_mixin.py:154} INFO - [2024-05-11T21:21:05.926+0000] {dag.py:2941} INFO - Sync 1 DAGs
[2024-05-11T21:21:05.939+0000] {logging_mixin.py:154} INFO - [2024-05-11T21:21:05.938+0000] {dag.py:3722} INFO - Setting next_dagrun for example_xcom to 2021-01-01T00:00:00+00:00, run_after=2021-01-01T00:00:00+00:00
[2024-05-11T21:21:05.949+0000] {processor.py:179} INFO - Processing /home/airflow/.local/lib/python3.8/site-packages/airflow/example_dags/example_xcom.py took 0.050 seconds
[2024-05-11T21:21:36.468+0000] {processor.py:157} INFO - Started process (PID=611) to work on /home/airflow/.local/lib/python3.8/site-packages/airflow/example_dags/example_xcom.py
[2024-05-11T21:21:36.469+0000] {processor.py:829} INFO - Processing file /home/airflow/.local/lib/python3.8/site-packages/airflow/example_dags/example_xcom.py for tasks to queue
[2024-05-11T21:21:36.471+0000] {logging_mixin.py:154} INFO - [2024-05-11T21:21:36.471+0000] {dagbag.py:536} INFO - Filling up the DagBag from /home/airflow/.local/lib/python3.8/site-packages/airflow/example_dags/example_xcom.py
[2024-05-11T21:21:36.476+0000] {processor.py:839} INFO - DAG(s) dict_keys(['example_xcom']) retrieved from /home/airflow/.local/lib/python3.8/site-packages/airflow/example_dags/example_xcom.py
[2024-05-11T21:21:36.492+0000] {logging_mixin.py:154} INFO - [2024-05-11T21:21:36.492+0000] {dag.py:2941} INFO - Sync 1 DAGs
[2024-05-11T21:21:36.505+0000] {logging_mixin.py:154} INFO - [2024-05-11T21:21:36.505+0000] {dag.py:3722} INFO - Setting next_dagrun for example_xcom to 2021-01-01T00:00:00+00:00, run_after=2021-01-01T00:00:00+00:00
[2024-05-11T21:21:36.515+0000] {processor.py:179} INFO - Processing /home/airflow/.local/lib/python3.8/site-packages/airflow/example_dags/example_xcom.py took 0.050 seconds
[2024-05-11T21:42:09.519+0000] {processor.py:157} INFO - Started process (PID=78) to work on /home/airflow/.local/lib/python3.8/site-packages/airflow/example_dags/example_xcom.py
[2024-05-11T21:42:09.520+0000] {processor.py:829} INFO - Processing file /home/airflow/.local/lib/python3.8/site-packages/airflow/example_dags/example_xcom.py for tasks to queue
[2024-05-11T21:42:09.530+0000] {logging_mixin.py:154} INFO - [2024-05-11T21:42:09.529+0000] {dagbag.py:536} INFO - Filling up the DagBag from /home/airflow/.local/lib/python3.8/site-packages/airflow/example_dags/example_xcom.py
[2024-05-11T21:42:09.543+0000] {processor.py:839} INFO - DAG(s) dict_keys(['example_xcom']) retrieved from /home/airflow/.local/lib/python3.8/site-packages/airflow/example_dags/example_xcom.py
[2024-05-11T21:42:09.674+0000] {logging_mixin.py:154} INFO - [2024-05-11T21:42:09.674+0000] {manager.py:499} INFO - Created Permission View: %s
[2024-05-11T21:42:09.694+0000] {logging_mixin.py:154} INFO - [2024-05-11T21:42:09.694+0000] {manager.py:499} INFO - Created Permission View: %s
[2024-05-11T21:42:09.708+0000] {logging_mixin.py:154} INFO - [2024-05-11T21:42:09.708+0000] {manager.py:499} INFO - Created Permission View: %s
[2024-05-11T21:42:09.710+0000] {logging_mixin.py:154} INFO - [2024-05-11T21:42:09.709+0000] {dag.py:2941} INFO - Sync 1 DAGs
[2024-05-11T21:42:09.722+0000] {logging_mixin.py:154} INFO - [2024-05-11T21:42:09.721+0000] {dag.py:2963} INFO - Creating ORM DAG for example_xcom
[2024-05-11T21:42:09.731+0000] {logging_mixin.py:154} INFO - [2024-05-11T21:42:09.731+0000] {dag.py:3722} INFO - Setting next_dagrun for example_xcom to 2021-01-01T00:00:00+00:00, run_after=2021-01-01T00:00:00+00:00
[2024-05-11T21:42:09.749+0000] {processor.py:179} INFO - Processing /home/airflow/.local/lib/python3.8/site-packages/airflow/example_dags/example_xcom.py took 0.235 seconds
[2024-05-11T21:42:40.253+0000] {processor.py:157} INFO - Started process (PID=133) to work on /home/airflow/.local/lib/python3.8/site-packages/airflow/example_dags/example_xcom.py
[2024-05-11T21:42:40.257+0000] {processor.py:829} INFO - Processing file /home/airflow/.local/lib/python3.8/site-packages/airflow/example_dags/example_xcom.py for tasks to queue
[2024-05-11T21:42:40.261+0000] {logging_mixin.py:154} INFO - [2024-05-11T21:42:40.260+0000] {dagbag.py:536} INFO - Filling up the DagBag from /home/airflow/.local/lib/python3.8/site-packages/airflow/example_dags/example_xcom.py
[2024-05-11T21:42:40.268+0000] {processor.py:839} INFO - DAG(s) dict_keys(['example_xcom']) retrieved from /home/airflow/.local/lib/python3.8/site-packages/airflow/example_dags/example_xcom.py
[2024-05-11T21:42:40.293+0000] {logging_mixin.py:154} INFO - [2024-05-11T21:42:40.293+0000] {dag.py:2941} INFO - Sync 1 DAGs
[2024-05-11T21:42:40.314+0000] {logging_mixin.py:154} INFO - [2024-05-11T21:42:40.314+0000] {dag.py:3722} INFO - Setting next_dagrun for example_xcom to 2021-01-01T00:00:00+00:00, run_after=2021-01-01T00:00:00+00:00
[2024-05-11T21:42:40.329+0000] {processor.py:179} INFO - Processing /home/airflow/.local/lib/python3.8/site-packages/airflow/example_dags/example_xcom.py took 0.080 seconds
[2024-05-11T21:43:10.389+0000] {processor.py:157} INFO - Started process (PID=188) to work on /home/airflow/.local/lib/python3.8/site-packages/airflow/example_dags/example_xcom.py
[2024-05-11T21:43:10.390+0000] {processor.py:829} INFO - Processing file /home/airflow/.local/lib/python3.8/site-packages/airflow/example_dags/example_xcom.py for tasks to queue
[2024-05-11T21:43:10.394+0000] {logging_mixin.py:154} INFO - [2024-05-11T21:43:10.394+0000] {dagbag.py:536} INFO - Filling up the DagBag from /home/airflow/.local/lib/python3.8/site-packages/airflow/example_dags/example_xcom.py
[2024-05-11T21:43:10.400+0000] {processor.py:839} INFO - DAG(s) dict_keys(['example_xcom']) retrieved from /home/airflow/.local/lib/python3.8/site-packages/airflow/example_dags/example_xcom.py
[2024-05-11T21:43:10.429+0000] {logging_mixin.py:154} INFO - [2024-05-11T21:43:10.429+0000] {dag.py:2941} INFO - Sync 1 DAGs
[2024-05-11T21:43:10.446+0000] {logging_mixin.py:154} INFO - [2024-05-11T21:43:10.446+0000] {dag.py:3722} INFO - Setting next_dagrun for example_xcom to 2021-01-01T00:00:00+00:00, run_after=2021-01-01T00:00:00+00:00
[2024-05-11T21:43:10.462+0000] {processor.py:179} INFO - Processing /home/airflow/.local/lib/python3.8/site-packages/airflow/example_dags/example_xcom.py took 0.078 seconds
[2024-05-11T21:43:41.030+0000] {processor.py:157} INFO - Started process (PID=243) to work on /home/airflow/.local/lib/python3.8/site-packages/airflow/example_dags/example_xcom.py
[2024-05-11T21:43:41.032+0000] {processor.py:829} INFO - Processing file /home/airflow/.local/lib/python3.8/site-packages/airflow/example_dags/example_xcom.py for tasks to queue
[2024-05-11T21:43:41.035+0000] {logging_mixin.py:154} INFO - [2024-05-11T21:43:41.034+0000] {dagbag.py:536} INFO - Filling up the DagBag from /home/airflow/.local/lib/python3.8/site-packages/airflow/example_dags/example_xcom.py
[2024-05-11T21:43:41.041+0000] {processor.py:839} INFO - DAG(s) dict_keys(['example_xcom']) retrieved from /home/airflow/.local/lib/python3.8/site-packages/airflow/example_dags/example_xcom.py
[2024-05-11T21:43:41.061+0000] {logging_mixin.py:154} INFO - [2024-05-11T21:43:41.061+0000] {dag.py:2941} INFO - Sync 1 DAGs
[2024-05-11T21:43:41.077+0000] {logging_mixin.py:154} INFO - [2024-05-11T21:43:41.077+0000] {dag.py:3722} INFO - Setting next_dagrun for example_xcom to 2021-01-01T00:00:00+00:00, run_after=2021-01-01T00:00:00+00:00
[2024-05-11T21:43:41.091+0000] {processor.py:179} INFO - Processing /home/airflow/.local/lib/python3.8/site-packages/airflow/example_dags/example_xcom.py took 0.065 seconds
[2024-05-11T21:44:11.711+0000] {processor.py:157} INFO - Started process (PID=298) to work on /home/airflow/.local/lib/python3.8/site-packages/airflow/example_dags/example_xcom.py
[2024-05-11T21:44:11.712+0000] {processor.py:829} INFO - Processing file /home/airflow/.local/lib/python3.8/site-packages/airflow/example_dags/example_xcom.py for tasks to queue
[2024-05-11T21:44:11.718+0000] {logging_mixin.py:154} INFO - [2024-05-11T21:44:11.718+0000] {dagbag.py:536} INFO - Filling up the DagBag from /home/airflow/.local/lib/python3.8/site-packages/airflow/example_dags/example_xcom.py
[2024-05-11T21:44:11.725+0000] {processor.py:839} INFO - DAG(s) dict_keys(['example_xcom']) retrieved from /home/airflow/.local/lib/python3.8/site-packages/airflow/example_dags/example_xcom.py
[2024-05-11T21:44:11.746+0000] {logging_mixin.py:154} INFO - [2024-05-11T21:44:11.746+0000] {dag.py:2941} INFO - Sync 1 DAGs
[2024-05-11T21:44:11.764+0000] {logging_mixin.py:154} INFO - [2024-05-11T21:44:11.764+0000] {dag.py:3722} INFO - Setting next_dagrun for example_xcom to 2021-01-01T00:00:00+00:00, run_after=2021-01-01T00:00:00+00:00
[2024-05-11T21:44:11.779+0000] {processor.py:179} INFO - Processing /home/airflow/.local/lib/python3.8/site-packages/airflow/example_dags/example_xcom.py took 0.072 seconds
[2024-05-11T21:44:42.181+0000] {processor.py:157} INFO - Started process (PID=353) to work on /home/airflow/.local/lib/python3.8/site-packages/airflow/example_dags/example_xcom.py
[2024-05-11T21:44:42.183+0000] {processor.py:829} INFO - Processing file /home/airflow/.local/lib/python3.8/site-packages/airflow/example_dags/example_xcom.py for tasks to queue
[2024-05-11T21:44:42.188+0000] {logging_mixin.py:154} INFO - [2024-05-11T21:44:42.188+0000] {dagbag.py:536} INFO - Filling up the DagBag from /home/airflow/.local/lib/python3.8/site-packages/airflow/example_dags/example_xcom.py
[2024-05-11T21:44:42.198+0000] {processor.py:839} INFO - DAG(s) dict_keys(['example_xcom']) retrieved from /home/airflow/.local/lib/python3.8/site-packages/airflow/example_dags/example_xcom.py
[2024-05-11T21:44:42.225+0000] {logging_mixin.py:154} INFO - [2024-05-11T21:44:42.225+0000] {dag.py:2941} INFO - Sync 1 DAGs
[2024-05-11T21:44:42.243+0000] {logging_mixin.py:154} INFO - [2024-05-11T21:44:42.243+0000] {dag.py:3722} INFO - Setting next_dagrun for example_xcom to 2021-01-01T00:00:00+00:00, run_after=2021-01-01T00:00:00+00:00
[2024-05-11T21:44:42.258+0000] {processor.py:179} INFO - Processing /home/airflow/.local/lib/python3.8/site-packages/airflow/example_dags/example_xcom.py took 0.083 seconds
[2024-05-11T21:45:12.880+0000] {processor.py:157} INFO - Started process (PID=408) to work on /home/airflow/.local/lib/python3.8/site-packages/airflow/example_dags/example_xcom.py
[2024-05-11T21:45:12.882+0000] {processor.py:829} INFO - Processing file /home/airflow/.local/lib/python3.8/site-packages/airflow/example_dags/example_xcom.py for tasks to queue
[2024-05-11T21:45:12.885+0000] {logging_mixin.py:154} INFO - [2024-05-11T21:45:12.885+0000] {dagbag.py:536} INFO - Filling up the DagBag from /home/airflow/.local/lib/python3.8/site-packages/airflow/example_dags/example_xcom.py
[2024-05-11T21:45:12.893+0000] {processor.py:839} INFO - DAG(s) dict_keys(['example_xcom']) retrieved from /home/airflow/.local/lib/python3.8/site-packages/airflow/example_dags/example_xcom.py
[2024-05-11T21:45:12.913+0000] {logging_mixin.py:154} INFO - [2024-05-11T21:45:12.913+0000] {dag.py:2941} INFO - Sync 1 DAGs
[2024-05-11T21:45:12.929+0000] {logging_mixin.py:154} INFO - [2024-05-11T21:45:12.929+0000] {dag.py:3722} INFO - Setting next_dagrun for example_xcom to 2021-01-01T00:00:00+00:00, run_after=2021-01-01T00:00:00+00:00
[2024-05-11T21:45:12.943+0000] {processor.py:179} INFO - Processing /home/airflow/.local/lib/python3.8/site-packages/airflow/example_dags/example_xcom.py took 0.067 seconds
[2024-05-11T21:45:43.500+0000] {processor.py:157} INFO - Started process (PID=464) to work on /home/airflow/.local/lib/python3.8/site-packages/airflow/example_dags/example_xcom.py
[2024-05-11T21:45:43.502+0000] {processor.py:829} INFO - Processing file /home/airflow/.local/lib/python3.8/site-packages/airflow/example_dags/example_xcom.py for tasks to queue
[2024-05-11T21:45:43.504+0000] {logging_mixin.py:154} INFO - [2024-05-11T21:45:43.504+0000] {dagbag.py:536} INFO - Filling up the DagBag from /home/airflow/.local/lib/python3.8/site-packages/airflow/example_dags/example_xcom.py
[2024-05-11T21:45:43.511+0000] {processor.py:839} INFO - DAG(s) dict_keys(['example_xcom']) retrieved from /home/airflow/.local/lib/python3.8/site-packages/airflow/example_dags/example_xcom.py
[2024-05-11T21:45:43.534+0000] {logging_mixin.py:154} INFO - [2024-05-11T21:45:43.534+0000] {dag.py:2941} INFO - Sync 1 DAGs
[2024-05-11T21:45:43.553+0000] {logging_mixin.py:154} INFO - [2024-05-11T21:45:43.553+0000] {dag.py:3722} INFO - Setting next_dagrun for example_xcom to 2021-01-01T00:00:00+00:00, run_after=2021-01-01T00:00:00+00:00
[2024-05-11T21:45:43.566+0000] {processor.py:179} INFO - Processing /home/airflow/.local/lib/python3.8/site-packages/airflow/example_dags/example_xcom.py took 0.070 seconds
[2024-05-11T21:46:14.423+0000] {processor.py:157} INFO - Started process (PID=519) to work on /home/airflow/.local/lib/python3.8/site-packages/airflow/example_dags/example_xcom.py
[2024-05-11T21:46:14.424+0000] {processor.py:829} INFO - Processing file /home/airflow/.local/lib/python3.8/site-packages/airflow/example_dags/example_xcom.py for tasks to queue
[2024-05-11T21:46:14.428+0000] {logging_mixin.py:154} INFO - [2024-05-11T21:46:14.427+0000] {dagbag.py:536} INFO - Filling up the DagBag from /home/airflow/.local/lib/python3.8/site-packages/airflow/example_dags/example_xcom.py
[2024-05-11T21:46:14.433+0000] {processor.py:839} INFO - DAG(s) dict_keys(['example_xcom']) retrieved from /home/airflow/.local/lib/python3.8/site-packages/airflow/example_dags/example_xcom.py
[2024-05-11T21:46:14.458+0000] {logging_mixin.py:154} INFO - [2024-05-11T21:46:14.458+0000] {dag.py:2941} INFO - Sync 1 DAGs
[2024-05-11T21:46:14.476+0000] {logging_mixin.py:154} INFO - [2024-05-11T21:46:14.476+0000] {dag.py:3722} INFO - Setting next_dagrun for example_xcom to 2021-01-01T00:00:00+00:00, run_after=2021-01-01T00:00:00+00:00
[2024-05-11T21:46:14.494+0000] {processor.py:179} INFO - Processing /home/airflow/.local/lib/python3.8/site-packages/airflow/example_dags/example_xcom.py took 0.075 seconds
[2024-05-11T21:46:44.773+0000] {processor.py:157} INFO - Started process (PID=574) to work on /home/airflow/.local/lib/python3.8/site-packages/airflow/example_dags/example_xcom.py
[2024-05-11T21:46:44.775+0000] {processor.py:829} INFO - Processing file /home/airflow/.local/lib/python3.8/site-packages/airflow/example_dags/example_xcom.py for tasks to queue
[2024-05-11T21:46:44.778+0000] {logging_mixin.py:154} INFO - [2024-05-11T21:46:44.778+0000] {dagbag.py:536} INFO - Filling up the DagBag from /home/airflow/.local/lib/python3.8/site-packages/airflow/example_dags/example_xcom.py
[2024-05-11T21:46:44.784+0000] {processor.py:839} INFO - DAG(s) dict_keys(['example_xcom']) retrieved from /home/airflow/.local/lib/python3.8/site-packages/airflow/example_dags/example_xcom.py
[2024-05-11T21:46:44.815+0000] {logging_mixin.py:154} INFO - [2024-05-11T21:46:44.815+0000] {dag.py:2941} INFO - Sync 1 DAGs
[2024-05-11T21:46:44.830+0000] {logging_mixin.py:154} INFO - [2024-05-11T21:46:44.830+0000] {dag.py:3722} INFO - Setting next_dagrun for example_xcom to 2021-01-01T00:00:00+00:00, run_after=2021-01-01T00:00:00+00:00
[2024-05-11T21:46:44.844+0000] {processor.py:179} INFO - Processing /home/airflow/.local/lib/python3.8/site-packages/airflow/example_dags/example_xcom.py took 0.074 seconds
