[2024-05-11T21:03:17.422+0000] {processor.py:157} INFO - Started process (PID=37) to work on /home/airflow/.local/lib/python3.8/site-packages/airflow/example_dags/example_dynamic_task_mapping_with_no_taskflow_operators.py
[2024-05-11T21:03:17.424+0000] {processor.py:829} INFO - Processing file /home/airflow/.local/lib/python3.8/site-packages/airflow/example_dags/example_dynamic_task_mapping_with_no_taskflow_operators.py for tasks to queue
[2024-05-11T21:03:17.428+0000] {logging_mixin.py:154} INFO - [2024-05-11T21:03:17.428+0000] {dagbag.py:536} INFO - Filling up the DagBag from /home/airflow/.local/lib/python3.8/site-packages/airflow/example_dags/example_dynamic_task_mapping_with_no_taskflow_operators.py
[2024-05-11T21:03:17.442+0000] {processor.py:839} INFO - DAG(s) dict_keys(['example_dynamic_task_mapping_with_no_taskflow_operators']) retrieved from /home/airflow/.local/lib/python3.8/site-packages/airflow/example_dags/example_dynamic_task_mapping_with_no_taskflow_operators.py
[2024-05-11T21:03:17.642+0000] {logging_mixin.py:154} INFO - [2024-05-11T21:03:17.642+0000] {manager.py:499} INFO - Created Permission View: %s
[2024-05-11T21:03:17.666+0000] {logging_mixin.py:154} INFO - [2024-05-11T21:03:17.665+0000] {manager.py:499} INFO - Created Permission View: %s
[2024-05-11T21:03:17.681+0000] {logging_mixin.py:154} INFO - [2024-05-11T21:03:17.681+0000] {manager.py:499} INFO - Created Permission View: %s
[2024-05-11T21:03:17.682+0000] {logging_mixin.py:154} INFO - [2024-05-11T21:03:17.682+0000] {dag.py:2941} INFO - Sync 1 DAGs
[2024-05-11T21:03:17.699+0000] {logging_mixin.py:154} INFO - [2024-05-11T21:03:17.699+0000] {dag.py:2963} INFO - Creating ORM DAG for example_dynamic_task_mapping_with_no_taskflow_operators
[2024-05-11T21:03:17.717+0000] {logging_mixin.py:154} INFO - [2024-05-11T21:03:17.717+0000] {dag.py:3722} INFO - Setting next_dagrun for example_dynamic_task_mapping_with_no_taskflow_operators to 2024-05-10T21:03:17.717300+00:00, run_after=2024-05-11T21:03:17.717300+00:00
[2024-05-11T21:03:17.748+0000] {processor.py:179} INFO - Processing /home/airflow/.local/lib/python3.8/site-packages/airflow/example_dags/example_dynamic_task_mapping_with_no_taskflow_operators.py took 0.335 seconds
[2024-05-11T21:03:48.611+0000] {processor.py:157} INFO - Started process (PID=92) to work on /home/airflow/.local/lib/python3.8/site-packages/airflow/example_dags/example_dynamic_task_mapping_with_no_taskflow_operators.py
[2024-05-11T21:03:48.614+0000] {processor.py:829} INFO - Processing file /home/airflow/.local/lib/python3.8/site-packages/airflow/example_dags/example_dynamic_task_mapping_with_no_taskflow_operators.py for tasks to queue
[2024-05-11T21:03:48.618+0000] {logging_mixin.py:154} INFO - [2024-05-11T21:03:48.618+0000] {dagbag.py:536} INFO - Filling up the DagBag from /home/airflow/.local/lib/python3.8/site-packages/airflow/example_dags/example_dynamic_task_mapping_with_no_taskflow_operators.py
[2024-05-11T21:03:48.626+0000] {processor.py:839} INFO - DAG(s) dict_keys(['example_dynamic_task_mapping_with_no_taskflow_operators']) retrieved from /home/airflow/.local/lib/python3.8/site-packages/airflow/example_dags/example_dynamic_task_mapping_with_no_taskflow_operators.py
[2024-05-11T21:03:48.660+0000] {logging_mixin.py:154} INFO - [2024-05-11T21:03:48.659+0000] {dag.py:2941} INFO - Sync 1 DAGs
[2024-05-11T21:03:48.675+0000] {logging_mixin.py:154} INFO - [2024-05-11T21:03:48.675+0000] {dag.py:3722} INFO - Setting next_dagrun for example_dynamic_task_mapping_with_no_taskflow_operators to 2024-05-10T21:03:48.675300+00:00, run_after=2024-05-11T21:03:48.675300+00:00
[2024-05-11T21:03:48.686+0000] {processor.py:179} INFO - Processing /home/airflow/.local/lib/python3.8/site-packages/airflow/example_dags/example_dynamic_task_mapping_with_no_taskflow_operators.py took 0.081 seconds
[2024-05-11T21:04:19.010+0000] {processor.py:157} INFO - Started process (PID=146) to work on /home/airflow/.local/lib/python3.8/site-packages/airflow/example_dags/example_dynamic_task_mapping_with_no_taskflow_operators.py
[2024-05-11T21:04:19.012+0000] {processor.py:829} INFO - Processing file /home/airflow/.local/lib/python3.8/site-packages/airflow/example_dags/example_dynamic_task_mapping_with_no_taskflow_operators.py for tasks to queue
[2024-05-11T21:04:19.017+0000] {logging_mixin.py:154} INFO - [2024-05-11T21:04:19.017+0000] {dagbag.py:536} INFO - Filling up the DagBag from /home/airflow/.local/lib/python3.8/site-packages/airflow/example_dags/example_dynamic_task_mapping_with_no_taskflow_operators.py
[2024-05-11T21:04:19.026+0000] {processor.py:839} INFO - DAG(s) dict_keys(['example_dynamic_task_mapping_with_no_taskflow_operators']) retrieved from /home/airflow/.local/lib/python3.8/site-packages/airflow/example_dags/example_dynamic_task_mapping_with_no_taskflow_operators.py
[2024-05-11T21:04:19.056+0000] {logging_mixin.py:154} INFO - [2024-05-11T21:04:19.056+0000] {dag.py:2941} INFO - Sync 1 DAGs
[2024-05-11T21:04:19.074+0000] {logging_mixin.py:154} INFO - [2024-05-11T21:04:19.074+0000] {dag.py:3722} INFO - Setting next_dagrun for example_dynamic_task_mapping_with_no_taskflow_operators to 2024-05-10T21:04:19.073840+00:00, run_after=2024-05-11T21:04:19.073840+00:00
[2024-05-11T21:04:19.085+0000] {processor.py:179} INFO - Processing /home/airflow/.local/lib/python3.8/site-packages/airflow/example_dags/example_dynamic_task_mapping_with_no_taskflow_operators.py took 0.081 seconds
[2024-05-11T21:04:49.223+0000] {processor.py:157} INFO - Started process (PID=201) to work on /home/airflow/.local/lib/python3.8/site-packages/airflow/example_dags/example_dynamic_task_mapping_with_no_taskflow_operators.py
[2024-05-11T21:04:49.225+0000] {processor.py:829} INFO - Processing file /home/airflow/.local/lib/python3.8/site-packages/airflow/example_dags/example_dynamic_task_mapping_with_no_taskflow_operators.py for tasks to queue
[2024-05-11T21:04:49.228+0000] {logging_mixin.py:154} INFO - [2024-05-11T21:04:49.227+0000] {dagbag.py:536} INFO - Filling up the DagBag from /home/airflow/.local/lib/python3.8/site-packages/airflow/example_dags/example_dynamic_task_mapping_with_no_taskflow_operators.py
[2024-05-11T21:04:49.235+0000] {processor.py:839} INFO - DAG(s) dict_keys(['example_dynamic_task_mapping_with_no_taskflow_operators']) retrieved from /home/airflow/.local/lib/python3.8/site-packages/airflow/example_dags/example_dynamic_task_mapping_with_no_taskflow_operators.py
[2024-05-11T21:04:49.253+0000] {logging_mixin.py:154} INFO - [2024-05-11T21:04:49.253+0000] {dag.py:2941} INFO - Sync 1 DAGs
[2024-05-11T21:04:49.270+0000] {logging_mixin.py:154} INFO - [2024-05-11T21:04:49.269+0000] {dag.py:3722} INFO - Setting next_dagrun for example_dynamic_task_mapping_with_no_taskflow_operators to 2024-05-10T21:04:49.269775+00:00, run_after=2024-05-11T21:04:49.269775+00:00
[2024-05-11T21:04:49.283+0000] {processor.py:179} INFO - Processing /home/airflow/.local/lib/python3.8/site-packages/airflow/example_dags/example_dynamic_task_mapping_with_no_taskflow_operators.py took 0.063 seconds
[2024-05-11T21:05:41.655+0000] {processor.py:157} INFO - Started process (PID=38) to work on /home/airflow/.local/lib/python3.8/site-packages/airflow/example_dags/example_dynamic_task_mapping_with_no_taskflow_operators.py
[2024-05-11T21:05:41.657+0000] {processor.py:829} INFO - Processing file /home/airflow/.local/lib/python3.8/site-packages/airflow/example_dags/example_dynamic_task_mapping_with_no_taskflow_operators.py for tasks to queue
[2024-05-11T21:05:41.660+0000] {logging_mixin.py:154} INFO - [2024-05-11T21:05:41.659+0000] {dagbag.py:536} INFO - Filling up the DagBag from /home/airflow/.local/lib/python3.8/site-packages/airflow/example_dags/example_dynamic_task_mapping_with_no_taskflow_operators.py
[2024-05-11T21:05:41.667+0000] {processor.py:839} INFO - DAG(s) dict_keys(['example_dynamic_task_mapping_with_no_taskflow_operators']) retrieved from /home/airflow/.local/lib/python3.8/site-packages/airflow/example_dags/example_dynamic_task_mapping_with_no_taskflow_operators.py
[2024-05-11T21:05:41.691+0000] {logging_mixin.py:154} INFO - [2024-05-11T21:05:41.691+0000] {dag.py:2941} INFO - Sync 1 DAGs
[2024-05-11T21:05:41.709+0000] {logging_mixin.py:154} INFO - [2024-05-11T21:05:41.709+0000] {dag.py:3722} INFO - Setting next_dagrun for example_dynamic_task_mapping_with_no_taskflow_operators to 2024-05-10T21:05:41.709066+00:00, run_after=2024-05-11T21:05:41.709066+00:00
[2024-05-11T21:05:41.722+0000] {processor.py:179} INFO - Processing /home/airflow/.local/lib/python3.8/site-packages/airflow/example_dags/example_dynamic_task_mapping_with_no_taskflow_operators.py took 0.070 seconds
[2024-05-11T21:06:12.184+0000] {processor.py:157} INFO - Started process (PID=93) to work on /home/airflow/.local/lib/python3.8/site-packages/airflow/example_dags/example_dynamic_task_mapping_with_no_taskflow_operators.py
[2024-05-11T21:06:12.185+0000] {processor.py:829} INFO - Processing file /home/airflow/.local/lib/python3.8/site-packages/airflow/example_dags/example_dynamic_task_mapping_with_no_taskflow_operators.py for tasks to queue
[2024-05-11T21:06:12.187+0000] {logging_mixin.py:154} INFO - [2024-05-11T21:06:12.187+0000] {dagbag.py:536} INFO - Filling up the DagBag from /home/airflow/.local/lib/python3.8/site-packages/airflow/example_dags/example_dynamic_task_mapping_with_no_taskflow_operators.py
[2024-05-11T21:06:12.192+0000] {processor.py:839} INFO - DAG(s) dict_keys(['example_dynamic_task_mapping_with_no_taskflow_operators']) retrieved from /home/airflow/.local/lib/python3.8/site-packages/airflow/example_dags/example_dynamic_task_mapping_with_no_taskflow_operators.py
[2024-05-11T21:06:12.208+0000] {logging_mixin.py:154} INFO - [2024-05-11T21:06:12.208+0000] {dag.py:2941} INFO - Sync 1 DAGs
[2024-05-11T21:06:12.221+0000] {logging_mixin.py:154} INFO - [2024-05-11T21:06:12.221+0000] {dag.py:3722} INFO - Setting next_dagrun for example_dynamic_task_mapping_with_no_taskflow_operators to 2024-05-10T21:06:12.221235+00:00, run_after=2024-05-11T21:06:12.221235+00:00
[2024-05-11T21:06:12.231+0000] {processor.py:179} INFO - Processing /home/airflow/.local/lib/python3.8/site-packages/airflow/example_dags/example_dynamic_task_mapping_with_no_taskflow_operators.py took 0.051 seconds
[2024-05-11T21:06:42.385+0000] {processor.py:157} INFO - Started process (PID=147) to work on /home/airflow/.local/lib/python3.8/site-packages/airflow/example_dags/example_dynamic_task_mapping_with_no_taskflow_operators.py
[2024-05-11T21:06:42.386+0000] {processor.py:829} INFO - Processing file /home/airflow/.local/lib/python3.8/site-packages/airflow/example_dags/example_dynamic_task_mapping_with_no_taskflow_operators.py for tasks to queue
[2024-05-11T21:06:42.388+0000] {logging_mixin.py:154} INFO - [2024-05-11T21:06:42.388+0000] {dagbag.py:536} INFO - Filling up the DagBag from /home/airflow/.local/lib/python3.8/site-packages/airflow/example_dags/example_dynamic_task_mapping_with_no_taskflow_operators.py
[2024-05-11T21:06:42.393+0000] {processor.py:839} INFO - DAG(s) dict_keys(['example_dynamic_task_mapping_with_no_taskflow_operators']) retrieved from /home/airflow/.local/lib/python3.8/site-packages/airflow/example_dags/example_dynamic_task_mapping_with_no_taskflow_operators.py
[2024-05-11T21:06:42.409+0000] {logging_mixin.py:154} INFO - [2024-05-11T21:06:42.409+0000] {dag.py:2941} INFO - Sync 1 DAGs
[2024-05-11T21:06:42.421+0000] {logging_mixin.py:154} INFO - [2024-05-11T21:06:42.421+0000] {dag.py:3722} INFO - Setting next_dagrun for example_dynamic_task_mapping_with_no_taskflow_operators to 2024-05-10T21:06:42.420792+00:00, run_after=2024-05-11T21:06:42.420792+00:00
[2024-05-11T21:06:42.430+0000] {processor.py:179} INFO - Processing /home/airflow/.local/lib/python3.8/site-packages/airflow/example_dags/example_dynamic_task_mapping_with_no_taskflow_operators.py took 0.048 seconds
[2024-05-11T21:07:12.741+0000] {processor.py:157} INFO - Started process (PID=202) to work on /home/airflow/.local/lib/python3.8/site-packages/airflow/example_dags/example_dynamic_task_mapping_with_no_taskflow_operators.py
[2024-05-11T21:07:12.742+0000] {processor.py:829} INFO - Processing file /home/airflow/.local/lib/python3.8/site-packages/airflow/example_dags/example_dynamic_task_mapping_with_no_taskflow_operators.py for tasks to queue
[2024-05-11T21:07:12.744+0000] {logging_mixin.py:154} INFO - [2024-05-11T21:07:12.744+0000] {dagbag.py:536} INFO - Filling up the DagBag from /home/airflow/.local/lib/python3.8/site-packages/airflow/example_dags/example_dynamic_task_mapping_with_no_taskflow_operators.py
[2024-05-11T21:07:12.750+0000] {processor.py:839} INFO - DAG(s) dict_keys(['example_dynamic_task_mapping_with_no_taskflow_operators']) retrieved from /home/airflow/.local/lib/python3.8/site-packages/airflow/example_dags/example_dynamic_task_mapping_with_no_taskflow_operators.py
[2024-05-11T21:07:12.766+0000] {logging_mixin.py:154} INFO - [2024-05-11T21:07:12.766+0000] {dag.py:2941} INFO - Sync 1 DAGs
[2024-05-11T21:07:12.778+0000] {logging_mixin.py:154} INFO - [2024-05-11T21:07:12.777+0000] {dag.py:3722} INFO - Setting next_dagrun for example_dynamic_task_mapping_with_no_taskflow_operators to 2024-05-10T21:07:12.777650+00:00, run_after=2024-05-11T21:07:12.777650+00:00
[2024-05-11T21:07:12.786+0000] {processor.py:179} INFO - Processing /home/airflow/.local/lib/python3.8/site-packages/airflow/example_dags/example_dynamic_task_mapping_with_no_taskflow_operators.py took 0.049 seconds
[2024-05-11T21:07:42.941+0000] {processor.py:157} INFO - Started process (PID=261) to work on /home/airflow/.local/lib/python3.8/site-packages/airflow/example_dags/example_dynamic_task_mapping_with_no_taskflow_operators.py
[2024-05-11T21:07:42.943+0000] {processor.py:829} INFO - Processing file /home/airflow/.local/lib/python3.8/site-packages/airflow/example_dags/example_dynamic_task_mapping_with_no_taskflow_operators.py for tasks to queue
[2024-05-11T21:07:42.945+0000] {logging_mixin.py:154} INFO - [2024-05-11T21:07:42.944+0000] {dagbag.py:536} INFO - Filling up the DagBag from /home/airflow/.local/lib/python3.8/site-packages/airflow/example_dags/example_dynamic_task_mapping_with_no_taskflow_operators.py
[2024-05-11T21:07:42.951+0000] {processor.py:839} INFO - DAG(s) dict_keys(['example_dynamic_task_mapping_with_no_taskflow_operators']) retrieved from /home/airflow/.local/lib/python3.8/site-packages/airflow/example_dags/example_dynamic_task_mapping_with_no_taskflow_operators.py
[2024-05-11T21:07:42.973+0000] {logging_mixin.py:154} INFO - [2024-05-11T21:07:42.973+0000] {dag.py:2941} INFO - Sync 1 DAGs
[2024-05-11T21:07:42.987+0000] {logging_mixin.py:154} INFO - [2024-05-11T21:07:42.986+0000] {dag.py:3722} INFO - Setting next_dagrun for example_dynamic_task_mapping_with_no_taskflow_operators to 2024-05-10T21:07:42.986721+00:00, run_after=2024-05-11T21:07:42.986721+00:00
[2024-05-11T21:07:43.000+0000] {processor.py:179} INFO - Processing /home/airflow/.local/lib/python3.8/site-packages/airflow/example_dags/example_dynamic_task_mapping_with_no_taskflow_operators.py took 0.062 seconds
[2024-05-11T21:08:13.207+0000] {processor.py:157} INFO - Started process (PID=316) to work on /home/airflow/.local/lib/python3.8/site-packages/airflow/example_dags/example_dynamic_task_mapping_with_no_taskflow_operators.py
[2024-05-11T21:08:13.210+0000] {processor.py:829} INFO - Processing file /home/airflow/.local/lib/python3.8/site-packages/airflow/example_dags/example_dynamic_task_mapping_with_no_taskflow_operators.py for tasks to queue
[2024-05-11T21:08:13.213+0000] {logging_mixin.py:154} INFO - [2024-05-11T21:08:13.212+0000] {dagbag.py:536} INFO - Filling up the DagBag from /home/airflow/.local/lib/python3.8/site-packages/airflow/example_dags/example_dynamic_task_mapping_with_no_taskflow_operators.py
[2024-05-11T21:08:13.218+0000] {processor.py:839} INFO - DAG(s) dict_keys(['example_dynamic_task_mapping_with_no_taskflow_operators']) retrieved from /home/airflow/.local/lib/python3.8/site-packages/airflow/example_dags/example_dynamic_task_mapping_with_no_taskflow_operators.py
[2024-05-11T21:08:13.243+0000] {logging_mixin.py:154} INFO - [2024-05-11T21:08:13.243+0000] {dag.py:2941} INFO - Sync 1 DAGs
[2024-05-11T21:08:13.256+0000] {logging_mixin.py:154} INFO - [2024-05-11T21:08:13.256+0000] {dag.py:3722} INFO - Setting next_dagrun for example_dynamic_task_mapping_with_no_taskflow_operators to 2024-05-10T21:08:13.256210+00:00, run_after=2024-05-11T21:08:13.256210+00:00
[2024-05-11T21:08:13.266+0000] {processor.py:179} INFO - Processing /home/airflow/.local/lib/python3.8/site-packages/airflow/example_dags/example_dynamic_task_mapping_with_no_taskflow_operators.py took 0.064 seconds
[2024-05-11T21:08:43.419+0000] {processor.py:157} INFO - Started process (PID=371) to work on /home/airflow/.local/lib/python3.8/site-packages/airflow/example_dags/example_dynamic_task_mapping_with_no_taskflow_operators.py
[2024-05-11T21:08:43.420+0000] {processor.py:829} INFO - Processing file /home/airflow/.local/lib/python3.8/site-packages/airflow/example_dags/example_dynamic_task_mapping_with_no_taskflow_operators.py for tasks to queue
[2024-05-11T21:08:43.423+0000] {logging_mixin.py:154} INFO - [2024-05-11T21:08:43.422+0000] {dagbag.py:536} INFO - Filling up the DagBag from /home/airflow/.local/lib/python3.8/site-packages/airflow/example_dags/example_dynamic_task_mapping_with_no_taskflow_operators.py
[2024-05-11T21:08:43.428+0000] {processor.py:839} INFO - DAG(s) dict_keys(['example_dynamic_task_mapping_with_no_taskflow_operators']) retrieved from /home/airflow/.local/lib/python3.8/site-packages/airflow/example_dags/example_dynamic_task_mapping_with_no_taskflow_operators.py
[2024-05-11T21:08:43.444+0000] {logging_mixin.py:154} INFO - [2024-05-11T21:08:43.444+0000] {dag.py:2941} INFO - Sync 1 DAGs
[2024-05-11T21:08:43.457+0000] {logging_mixin.py:154} INFO - [2024-05-11T21:08:43.457+0000] {dag.py:3722} INFO - Setting next_dagrun for example_dynamic_task_mapping_with_no_taskflow_operators to 2024-05-10T21:08:43.457459+00:00, run_after=2024-05-11T21:08:43.457459+00:00
[2024-05-11T21:08:43.468+0000] {processor.py:179} INFO - Processing /home/airflow/.local/lib/python3.8/site-packages/airflow/example_dags/example_dynamic_task_mapping_with_no_taskflow_operators.py took 0.052 seconds
[2024-05-11T21:09:13.876+0000] {processor.py:157} INFO - Started process (PID=426) to work on /home/airflow/.local/lib/python3.8/site-packages/airflow/example_dags/example_dynamic_task_mapping_with_no_taskflow_operators.py
[2024-05-11T21:09:13.877+0000] {processor.py:829} INFO - Processing file /home/airflow/.local/lib/python3.8/site-packages/airflow/example_dags/example_dynamic_task_mapping_with_no_taskflow_operators.py for tasks to queue
[2024-05-11T21:09:13.880+0000] {logging_mixin.py:154} INFO - [2024-05-11T21:09:13.880+0000] {dagbag.py:536} INFO - Filling up the DagBag from /home/airflow/.local/lib/python3.8/site-packages/airflow/example_dags/example_dynamic_task_mapping_with_no_taskflow_operators.py
[2024-05-11T21:09:13.885+0000] {processor.py:839} INFO - DAG(s) dict_keys(['example_dynamic_task_mapping_with_no_taskflow_operators']) retrieved from /home/airflow/.local/lib/python3.8/site-packages/airflow/example_dags/example_dynamic_task_mapping_with_no_taskflow_operators.py
[2024-05-11T21:09:13.902+0000] {logging_mixin.py:154} INFO - [2024-05-11T21:09:13.901+0000] {dag.py:2941} INFO - Sync 1 DAGs
[2024-05-11T21:09:13.917+0000] {logging_mixin.py:154} INFO - [2024-05-11T21:09:13.917+0000] {dag.py:3722} INFO - Setting next_dagrun for example_dynamic_task_mapping_with_no_taskflow_operators to 2024-05-10T21:09:13.916871+00:00, run_after=2024-05-11T21:09:13.916871+00:00
[2024-05-11T21:09:13.929+0000] {processor.py:179} INFO - Processing /home/airflow/.local/lib/python3.8/site-packages/airflow/example_dags/example_dynamic_task_mapping_with_no_taskflow_operators.py took 0.056 seconds
[2024-05-11T21:09:44.156+0000] {processor.py:157} INFO - Started process (PID=480) to work on /home/airflow/.local/lib/python3.8/site-packages/airflow/example_dags/example_dynamic_task_mapping_with_no_taskflow_operators.py
[2024-05-11T21:09:44.157+0000] {processor.py:829} INFO - Processing file /home/airflow/.local/lib/python3.8/site-packages/airflow/example_dags/example_dynamic_task_mapping_with_no_taskflow_operators.py for tasks to queue
[2024-05-11T21:09:44.159+0000] {logging_mixin.py:154} INFO - [2024-05-11T21:09:44.159+0000] {dagbag.py:536} INFO - Filling up the DagBag from /home/airflow/.local/lib/python3.8/site-packages/airflow/example_dags/example_dynamic_task_mapping_with_no_taskflow_operators.py
[2024-05-11T21:09:44.164+0000] {processor.py:839} INFO - DAG(s) dict_keys(['example_dynamic_task_mapping_with_no_taskflow_operators']) retrieved from /home/airflow/.local/lib/python3.8/site-packages/airflow/example_dags/example_dynamic_task_mapping_with_no_taskflow_operators.py
[2024-05-11T21:09:44.180+0000] {logging_mixin.py:154} INFO - [2024-05-11T21:09:44.180+0000] {dag.py:2941} INFO - Sync 1 DAGs
[2024-05-11T21:09:44.193+0000] {logging_mixin.py:154} INFO - [2024-05-11T21:09:44.193+0000] {dag.py:3722} INFO - Setting next_dagrun for example_dynamic_task_mapping_with_no_taskflow_operators to 2024-05-10T21:09:44.192757+00:00, run_after=2024-05-11T21:09:44.192757+00:00
[2024-05-11T21:09:44.202+0000] {processor.py:179} INFO - Processing /home/airflow/.local/lib/python3.8/site-packages/airflow/example_dags/example_dynamic_task_mapping_with_no_taskflow_operators.py took 0.049 seconds
[2024-05-11T21:10:14.398+0000] {processor.py:157} INFO - Started process (PID=534) to work on /home/airflow/.local/lib/python3.8/site-packages/airflow/example_dags/example_dynamic_task_mapping_with_no_taskflow_operators.py
[2024-05-11T21:10:14.400+0000] {processor.py:829} INFO - Processing file /home/airflow/.local/lib/python3.8/site-packages/airflow/example_dags/example_dynamic_task_mapping_with_no_taskflow_operators.py for tasks to queue
[2024-05-11T21:10:14.402+0000] {logging_mixin.py:154} INFO - [2024-05-11T21:10:14.402+0000] {dagbag.py:536} INFO - Filling up the DagBag from /home/airflow/.local/lib/python3.8/site-packages/airflow/example_dags/example_dynamic_task_mapping_with_no_taskflow_operators.py
[2024-05-11T21:10:14.407+0000] {processor.py:839} INFO - DAG(s) dict_keys(['example_dynamic_task_mapping_with_no_taskflow_operators']) retrieved from /home/airflow/.local/lib/python3.8/site-packages/airflow/example_dags/example_dynamic_task_mapping_with_no_taskflow_operators.py
[2024-05-11T21:10:14.423+0000] {logging_mixin.py:154} INFO - [2024-05-11T21:10:14.422+0000] {dag.py:2941} INFO - Sync 1 DAGs
[2024-05-11T21:10:14.436+0000] {logging_mixin.py:154} INFO - [2024-05-11T21:10:14.435+0000] {dag.py:3722} INFO - Setting next_dagrun for example_dynamic_task_mapping_with_no_taskflow_operators to 2024-05-10T21:10:14.435612+00:00, run_after=2024-05-11T21:10:14.435612+00:00
[2024-05-11T21:10:14.445+0000] {processor.py:179} INFO - Processing /home/airflow/.local/lib/python3.8/site-packages/airflow/example_dags/example_dynamic_task_mapping_with_no_taskflow_operators.py took 0.049 seconds
[2024-05-11T21:10:44.824+0000] {processor.py:157} INFO - Started process (PID=590) to work on /home/airflow/.local/lib/python3.8/site-packages/airflow/example_dags/example_dynamic_task_mapping_with_no_taskflow_operators.py
[2024-05-11T21:10:44.825+0000] {processor.py:829} INFO - Processing file /home/airflow/.local/lib/python3.8/site-packages/airflow/example_dags/example_dynamic_task_mapping_with_no_taskflow_operators.py for tasks to queue
[2024-05-11T21:10:44.828+0000] {logging_mixin.py:154} INFO - [2024-05-11T21:10:44.828+0000] {dagbag.py:536} INFO - Filling up the DagBag from /home/airflow/.local/lib/python3.8/site-packages/airflow/example_dags/example_dynamic_task_mapping_with_no_taskflow_operators.py
[2024-05-11T21:10:44.832+0000] {processor.py:839} INFO - DAG(s) dict_keys(['example_dynamic_task_mapping_with_no_taskflow_operators']) retrieved from /home/airflow/.local/lib/python3.8/site-packages/airflow/example_dags/example_dynamic_task_mapping_with_no_taskflow_operators.py
[2024-05-11T21:10:44.848+0000] {logging_mixin.py:154} INFO - [2024-05-11T21:10:44.848+0000] {dag.py:2941} INFO - Sync 1 DAGs
[2024-05-11T21:10:44.861+0000] {logging_mixin.py:154} INFO - [2024-05-11T21:10:44.861+0000] {dag.py:3722} INFO - Setting next_dagrun for example_dynamic_task_mapping_with_no_taskflow_operators to 2024-05-10T21:10:44.860901+00:00, run_after=2024-05-11T21:10:44.860901+00:00
[2024-05-11T21:10:44.870+0000] {processor.py:179} INFO - Processing /home/airflow/.local/lib/python3.8/site-packages/airflow/example_dags/example_dynamic_task_mapping_with_no_taskflow_operators.py took 0.049 seconds
[2024-05-11T21:11:15.216+0000] {processor.py:157} INFO - Started process (PID=645) to work on /home/airflow/.local/lib/python3.8/site-packages/airflow/example_dags/example_dynamic_task_mapping_with_no_taskflow_operators.py
[2024-05-11T21:11:15.217+0000] {processor.py:829} INFO - Processing file /home/airflow/.local/lib/python3.8/site-packages/airflow/example_dags/example_dynamic_task_mapping_with_no_taskflow_operators.py for tasks to queue
[2024-05-11T21:11:15.219+0000] {logging_mixin.py:154} INFO - [2024-05-11T21:11:15.219+0000] {dagbag.py:536} INFO - Filling up the DagBag from /home/airflow/.local/lib/python3.8/site-packages/airflow/example_dags/example_dynamic_task_mapping_with_no_taskflow_operators.py
[2024-05-11T21:11:15.224+0000] {processor.py:839} INFO - DAG(s) dict_keys(['example_dynamic_task_mapping_with_no_taskflow_operators']) retrieved from /home/airflow/.local/lib/python3.8/site-packages/airflow/example_dags/example_dynamic_task_mapping_with_no_taskflow_operators.py
[2024-05-11T21:11:15.240+0000] {logging_mixin.py:154} INFO - [2024-05-11T21:11:15.240+0000] {dag.py:2941} INFO - Sync 1 DAGs
[2024-05-11T21:11:15.254+0000] {logging_mixin.py:154} INFO - [2024-05-11T21:11:15.254+0000] {dag.py:3722} INFO - Setting next_dagrun for example_dynamic_task_mapping_with_no_taskflow_operators to 2024-05-10T21:11:15.253765+00:00, run_after=2024-05-11T21:11:15.253765+00:00
[2024-05-11T21:11:15.265+0000] {processor.py:179} INFO - Processing /home/airflow/.local/lib/python3.8/site-packages/airflow/example_dags/example_dynamic_task_mapping_with_no_taskflow_operators.py took 0.052 seconds
[2024-05-11T21:11:45.530+0000] {processor.py:157} INFO - Started process (PID=700) to work on /home/airflow/.local/lib/python3.8/site-packages/airflow/example_dags/example_dynamic_task_mapping_with_no_taskflow_operators.py
[2024-05-11T21:11:45.531+0000] {processor.py:829} INFO - Processing file /home/airflow/.local/lib/python3.8/site-packages/airflow/example_dags/example_dynamic_task_mapping_with_no_taskflow_operators.py for tasks to queue
[2024-05-11T21:11:45.533+0000] {logging_mixin.py:154} INFO - [2024-05-11T21:11:45.533+0000] {dagbag.py:536} INFO - Filling up the DagBag from /home/airflow/.local/lib/python3.8/site-packages/airflow/example_dags/example_dynamic_task_mapping_with_no_taskflow_operators.py
[2024-05-11T21:11:45.538+0000] {processor.py:839} INFO - DAG(s) dict_keys(['example_dynamic_task_mapping_with_no_taskflow_operators']) retrieved from /home/airflow/.local/lib/python3.8/site-packages/airflow/example_dags/example_dynamic_task_mapping_with_no_taskflow_operators.py
[2024-05-11T21:11:45.554+0000] {logging_mixin.py:154} INFO - [2024-05-11T21:11:45.554+0000] {dag.py:2941} INFO - Sync 1 DAGs
[2024-05-11T21:11:45.567+0000] {logging_mixin.py:154} INFO - [2024-05-11T21:11:45.567+0000] {dag.py:3722} INFO - Setting next_dagrun for example_dynamic_task_mapping_with_no_taskflow_operators to 2024-05-10T21:11:45.567104+00:00, run_after=2024-05-11T21:11:45.567104+00:00
[2024-05-11T21:11:45.580+0000] {processor.py:179} INFO - Processing /home/airflow/.local/lib/python3.8/site-packages/airflow/example_dags/example_dynamic_task_mapping_with_no_taskflow_operators.py took 0.053 seconds
[2024-05-11T21:12:15.752+0000] {processor.py:157} INFO - Started process (PID=756) to work on /home/airflow/.local/lib/python3.8/site-packages/airflow/example_dags/example_dynamic_task_mapping_with_no_taskflow_operators.py
[2024-05-11T21:12:15.754+0000] {processor.py:829} INFO - Processing file /home/airflow/.local/lib/python3.8/site-packages/airflow/example_dags/example_dynamic_task_mapping_with_no_taskflow_operators.py for tasks to queue
[2024-05-11T21:12:15.756+0000] {logging_mixin.py:154} INFO - [2024-05-11T21:12:15.756+0000] {dagbag.py:536} INFO - Filling up the DagBag from /home/airflow/.local/lib/python3.8/site-packages/airflow/example_dags/example_dynamic_task_mapping_with_no_taskflow_operators.py
[2024-05-11T21:12:15.761+0000] {processor.py:839} INFO - DAG(s) dict_keys(['example_dynamic_task_mapping_with_no_taskflow_operators']) retrieved from /home/airflow/.local/lib/python3.8/site-packages/airflow/example_dags/example_dynamic_task_mapping_with_no_taskflow_operators.py
[2024-05-11T21:12:15.779+0000] {logging_mixin.py:154} INFO - [2024-05-11T21:12:15.778+0000] {dag.py:2941} INFO - Sync 1 DAGs
[2024-05-11T21:12:15.793+0000] {logging_mixin.py:154} INFO - [2024-05-11T21:12:15.793+0000] {dag.py:3722} INFO - Setting next_dagrun for example_dynamic_task_mapping_with_no_taskflow_operators to 2024-05-10T21:12:15.793464+00:00, run_after=2024-05-11T21:12:15.793464+00:00
[2024-05-11T21:12:15.804+0000] {processor.py:179} INFO - Processing /home/airflow/.local/lib/python3.8/site-packages/airflow/example_dags/example_dynamic_task_mapping_with_no_taskflow_operators.py took 0.055 seconds
[2024-05-11T21:12:46.139+0000] {processor.py:157} INFO - Started process (PID=811) to work on /home/airflow/.local/lib/python3.8/site-packages/airflow/example_dags/example_dynamic_task_mapping_with_no_taskflow_operators.py
[2024-05-11T21:12:46.141+0000] {processor.py:829} INFO - Processing file /home/airflow/.local/lib/python3.8/site-packages/airflow/example_dags/example_dynamic_task_mapping_with_no_taskflow_operators.py for tasks to queue
[2024-05-11T21:12:46.143+0000] {logging_mixin.py:154} INFO - [2024-05-11T21:12:46.142+0000] {dagbag.py:536} INFO - Filling up the DagBag from /home/airflow/.local/lib/python3.8/site-packages/airflow/example_dags/example_dynamic_task_mapping_with_no_taskflow_operators.py
[2024-05-11T21:12:46.148+0000] {processor.py:839} INFO - DAG(s) dict_keys(['example_dynamic_task_mapping_with_no_taskflow_operators']) retrieved from /home/airflow/.local/lib/python3.8/site-packages/airflow/example_dags/example_dynamic_task_mapping_with_no_taskflow_operators.py
[2024-05-11T21:12:46.165+0000] {logging_mixin.py:154} INFO - [2024-05-11T21:12:46.165+0000] {dag.py:2941} INFO - Sync 1 DAGs
[2024-05-11T21:12:46.179+0000] {logging_mixin.py:154} INFO - [2024-05-11T21:12:46.179+0000] {dag.py:3722} INFO - Setting next_dagrun for example_dynamic_task_mapping_with_no_taskflow_operators to 2024-05-10T21:12:46.179134+00:00, run_after=2024-05-11T21:12:46.179134+00:00
[2024-05-11T21:12:46.191+0000] {processor.py:179} INFO - Processing /home/airflow/.local/lib/python3.8/site-packages/airflow/example_dags/example_dynamic_task_mapping_with_no_taskflow_operators.py took 0.055 seconds
[2024-05-11T21:13:16.455+0000] {processor.py:157} INFO - Started process (PID=866) to work on /home/airflow/.local/lib/python3.8/site-packages/airflow/example_dags/example_dynamic_task_mapping_with_no_taskflow_operators.py
[2024-05-11T21:13:16.456+0000] {processor.py:829} INFO - Processing file /home/airflow/.local/lib/python3.8/site-packages/airflow/example_dags/example_dynamic_task_mapping_with_no_taskflow_operators.py for tasks to queue
[2024-05-11T21:13:16.459+0000] {logging_mixin.py:154} INFO - [2024-05-11T21:13:16.458+0000] {dagbag.py:536} INFO - Filling up the DagBag from /home/airflow/.local/lib/python3.8/site-packages/airflow/example_dags/example_dynamic_task_mapping_with_no_taskflow_operators.py
[2024-05-11T21:13:16.466+0000] {processor.py:839} INFO - DAG(s) dict_keys(['example_dynamic_task_mapping_with_no_taskflow_operators']) retrieved from /home/airflow/.local/lib/python3.8/site-packages/airflow/example_dags/example_dynamic_task_mapping_with_no_taskflow_operators.py
[2024-05-11T21:13:16.484+0000] {logging_mixin.py:154} INFO - [2024-05-11T21:13:16.483+0000] {dag.py:2941} INFO - Sync 1 DAGs
[2024-05-11T21:13:16.497+0000] {logging_mixin.py:154} INFO - [2024-05-11T21:13:16.497+0000] {dag.py:3722} INFO - Setting next_dagrun for example_dynamic_task_mapping_with_no_taskflow_operators to 2024-05-10T21:13:16.497459+00:00, run_after=2024-05-11T21:13:16.497459+00:00
[2024-05-11T21:13:16.509+0000] {processor.py:179} INFO - Processing /home/airflow/.local/lib/python3.8/site-packages/airflow/example_dags/example_dynamic_task_mapping_with_no_taskflow_operators.py took 0.057 seconds
[2024-05-11T21:13:46.717+0000] {processor.py:157} INFO - Started process (PID=921) to work on /home/airflow/.local/lib/python3.8/site-packages/airflow/example_dags/example_dynamic_task_mapping_with_no_taskflow_operators.py
[2024-05-11T21:13:46.719+0000] {processor.py:829} INFO - Processing file /home/airflow/.local/lib/python3.8/site-packages/airflow/example_dags/example_dynamic_task_mapping_with_no_taskflow_operators.py for tasks to queue
[2024-05-11T21:13:46.721+0000] {logging_mixin.py:154} INFO - [2024-05-11T21:13:46.721+0000] {dagbag.py:536} INFO - Filling up the DagBag from /home/airflow/.local/lib/python3.8/site-packages/airflow/example_dags/example_dynamic_task_mapping_with_no_taskflow_operators.py
[2024-05-11T21:13:46.726+0000] {processor.py:839} INFO - DAG(s) dict_keys(['example_dynamic_task_mapping_with_no_taskflow_operators']) retrieved from /home/airflow/.local/lib/python3.8/site-packages/airflow/example_dags/example_dynamic_task_mapping_with_no_taskflow_operators.py
[2024-05-11T21:13:46.744+0000] {logging_mixin.py:154} INFO - [2024-05-11T21:13:46.744+0000] {dag.py:2941} INFO - Sync 1 DAGs
[2024-05-11T21:13:46.759+0000] {logging_mixin.py:154} INFO - [2024-05-11T21:13:46.758+0000] {dag.py:3722} INFO - Setting next_dagrun for example_dynamic_task_mapping_with_no_taskflow_operators to 2024-05-10T21:13:46.758760+00:00, run_after=2024-05-11T21:13:46.758760+00:00
[2024-05-11T21:13:46.772+0000] {processor.py:179} INFO - Processing /home/airflow/.local/lib/python3.8/site-packages/airflow/example_dags/example_dynamic_task_mapping_with_no_taskflow_operators.py took 0.058 seconds
[2024-05-11T21:14:16.916+0000] {processor.py:157} INFO - Started process (PID=976) to work on /home/airflow/.local/lib/python3.8/site-packages/airflow/example_dags/example_dynamic_task_mapping_with_no_taskflow_operators.py
[2024-05-11T21:14:16.917+0000] {processor.py:829} INFO - Processing file /home/airflow/.local/lib/python3.8/site-packages/airflow/example_dags/example_dynamic_task_mapping_with_no_taskflow_operators.py for tasks to queue
[2024-05-11T21:14:16.919+0000] {logging_mixin.py:154} INFO - [2024-05-11T21:14:16.919+0000] {dagbag.py:536} INFO - Filling up the DagBag from /home/airflow/.local/lib/python3.8/site-packages/airflow/example_dags/example_dynamic_task_mapping_with_no_taskflow_operators.py
[2024-05-11T21:14:16.924+0000] {processor.py:839} INFO - DAG(s) dict_keys(['example_dynamic_task_mapping_with_no_taskflow_operators']) retrieved from /home/airflow/.local/lib/python3.8/site-packages/airflow/example_dags/example_dynamic_task_mapping_with_no_taskflow_operators.py
[2024-05-11T21:14:16.940+0000] {logging_mixin.py:154} INFO - [2024-05-11T21:14:16.940+0000] {dag.py:2941} INFO - Sync 1 DAGs
[2024-05-11T21:14:16.958+0000] {logging_mixin.py:154} INFO - [2024-05-11T21:14:16.957+0000] {dag.py:3722} INFO - Setting next_dagrun for example_dynamic_task_mapping_with_no_taskflow_operators to 2024-05-10T21:14:16.957743+00:00, run_after=2024-05-11T21:14:16.957743+00:00
[2024-05-11T21:14:16.969+0000] {processor.py:179} INFO - Processing /home/airflow/.local/lib/python3.8/site-packages/airflow/example_dags/example_dynamic_task_mapping_with_no_taskflow_operators.py took 0.056 seconds
[2024-05-11T21:14:47.125+0000] {processor.py:157} INFO - Started process (PID=1032) to work on /home/airflow/.local/lib/python3.8/site-packages/airflow/example_dags/example_dynamic_task_mapping_with_no_taskflow_operators.py
[2024-05-11T21:14:47.127+0000] {processor.py:829} INFO - Processing file /home/airflow/.local/lib/python3.8/site-packages/airflow/example_dags/example_dynamic_task_mapping_with_no_taskflow_operators.py for tasks to queue
[2024-05-11T21:14:47.129+0000] {logging_mixin.py:154} INFO - [2024-05-11T21:14:47.129+0000] {dagbag.py:536} INFO - Filling up the DagBag from /home/airflow/.local/lib/python3.8/site-packages/airflow/example_dags/example_dynamic_task_mapping_with_no_taskflow_operators.py
[2024-05-11T21:14:47.135+0000] {processor.py:839} INFO - DAG(s) dict_keys(['example_dynamic_task_mapping_with_no_taskflow_operators']) retrieved from /home/airflow/.local/lib/python3.8/site-packages/airflow/example_dags/example_dynamic_task_mapping_with_no_taskflow_operators.py
[2024-05-11T21:14:47.158+0000] {logging_mixin.py:154} INFO - [2024-05-11T21:14:47.158+0000] {dag.py:2941} INFO - Sync 1 DAGs
[2024-05-11T21:14:47.175+0000] {logging_mixin.py:154} INFO - [2024-05-11T21:14:47.175+0000] {dag.py:3722} INFO - Setting next_dagrun for example_dynamic_task_mapping_with_no_taskflow_operators to 2024-05-10T21:14:47.175537+00:00, run_after=2024-05-11T21:14:47.175537+00:00
[2024-05-11T21:14:47.192+0000] {processor.py:179} INFO - Processing /home/airflow/.local/lib/python3.8/site-packages/airflow/example_dags/example_dynamic_task_mapping_with_no_taskflow_operators.py took 0.070 seconds
[2024-05-11T21:15:17.509+0000] {processor.py:157} INFO - Started process (PID=1087) to work on /home/airflow/.local/lib/python3.8/site-packages/airflow/example_dags/example_dynamic_task_mapping_with_no_taskflow_operators.py
[2024-05-11T21:15:17.511+0000] {processor.py:829} INFO - Processing file /home/airflow/.local/lib/python3.8/site-packages/airflow/example_dags/example_dynamic_task_mapping_with_no_taskflow_operators.py for tasks to queue
[2024-05-11T21:15:17.513+0000] {logging_mixin.py:154} INFO - [2024-05-11T21:15:17.513+0000] {dagbag.py:536} INFO - Filling up the DagBag from /home/airflow/.local/lib/python3.8/site-packages/airflow/example_dags/example_dynamic_task_mapping_with_no_taskflow_operators.py
[2024-05-11T21:15:17.519+0000] {processor.py:839} INFO - DAG(s) dict_keys(['example_dynamic_task_mapping_with_no_taskflow_operators']) retrieved from /home/airflow/.local/lib/python3.8/site-packages/airflow/example_dags/example_dynamic_task_mapping_with_no_taskflow_operators.py
[2024-05-11T21:15:17.536+0000] {logging_mixin.py:154} INFO - [2024-05-11T21:15:17.536+0000] {dag.py:2941} INFO - Sync 1 DAGs
[2024-05-11T21:15:17.552+0000] {logging_mixin.py:154} INFO - [2024-05-11T21:15:17.551+0000] {dag.py:3722} INFO - Setting next_dagrun for example_dynamic_task_mapping_with_no_taskflow_operators to 2024-05-10T21:15:17.551722+00:00, run_after=2024-05-11T21:15:17.551722+00:00
[2024-05-11T21:15:17.563+0000] {processor.py:179} INFO - Processing /home/airflow/.local/lib/python3.8/site-packages/airflow/example_dags/example_dynamic_task_mapping_with_no_taskflow_operators.py took 0.056 seconds
[2024-05-11T21:16:30.879+0000] {processor.py:157} INFO - Started process (PID=38) to work on /home/airflow/.local/lib/python3.8/site-packages/airflow/example_dags/example_dynamic_task_mapping_with_no_taskflow_operators.py
[2024-05-11T21:16:30.883+0000] {processor.py:829} INFO - Processing file /home/airflow/.local/lib/python3.8/site-packages/airflow/example_dags/example_dynamic_task_mapping_with_no_taskflow_operators.py for tasks to queue
[2024-05-11T21:16:30.889+0000] {logging_mixin.py:154} INFO - [2024-05-11T21:16:30.888+0000] {dagbag.py:536} INFO - Filling up the DagBag from /home/airflow/.local/lib/python3.8/site-packages/airflow/example_dags/example_dynamic_task_mapping_with_no_taskflow_operators.py
[2024-05-11T21:16:30.904+0000] {processor.py:839} INFO - DAG(s) dict_keys(['example_dynamic_task_mapping_with_no_taskflow_operators']) retrieved from /home/airflow/.local/lib/python3.8/site-packages/airflow/example_dags/example_dynamic_task_mapping_with_no_taskflow_operators.py
[2024-05-11T21:16:30.929+0000] {logging_mixin.py:154} INFO - [2024-05-11T21:16:30.928+0000] {dag.py:2941} INFO - Sync 1 DAGs
[2024-05-11T21:16:30.978+0000] {logging_mixin.py:154} INFO - [2024-05-11T21:16:30.978+0000] {dag.py:3722} INFO - Setting next_dagrun for example_dynamic_task_mapping_with_no_taskflow_operators to 2024-05-10T21:16:30.977574+00:00, run_after=2024-05-11T21:16:30.977574+00:00
[2024-05-11T21:16:31.010+0000] {processor.py:179} INFO - Processing /home/airflow/.local/lib/python3.8/site-packages/airflow/example_dags/example_dynamic_task_mapping_with_no_taskflow_operators.py took 0.134 seconds
[2024-05-11T21:17:01.629+0000] {processor.py:157} INFO - Started process (PID=94) to work on /home/airflow/.local/lib/python3.8/site-packages/airflow/example_dags/example_dynamic_task_mapping_with_no_taskflow_operators.py
[2024-05-11T21:17:01.631+0000] {processor.py:829} INFO - Processing file /home/airflow/.local/lib/python3.8/site-packages/airflow/example_dags/example_dynamic_task_mapping_with_no_taskflow_operators.py for tasks to queue
[2024-05-11T21:17:01.635+0000] {logging_mixin.py:154} INFO - [2024-05-11T21:17:01.635+0000] {dagbag.py:536} INFO - Filling up the DagBag from /home/airflow/.local/lib/python3.8/site-packages/airflow/example_dags/example_dynamic_task_mapping_with_no_taskflow_operators.py
[2024-05-11T21:17:01.642+0000] {processor.py:839} INFO - DAG(s) dict_keys(['example_dynamic_task_mapping_with_no_taskflow_operators']) retrieved from /home/airflow/.local/lib/python3.8/site-packages/airflow/example_dags/example_dynamic_task_mapping_with_no_taskflow_operators.py
[2024-05-11T21:17:01.666+0000] {logging_mixin.py:154} INFO - [2024-05-11T21:17:01.666+0000] {dag.py:2941} INFO - Sync 1 DAGs
[2024-05-11T21:17:01.693+0000] {logging_mixin.py:154} INFO - [2024-05-11T21:17:01.693+0000] {dag.py:3722} INFO - Setting next_dagrun for example_dynamic_task_mapping_with_no_taskflow_operators to 2024-05-10T21:17:01.692657+00:00, run_after=2024-05-11T21:17:01.692657+00:00
[2024-05-11T21:17:01.711+0000] {processor.py:179} INFO - Processing /home/airflow/.local/lib/python3.8/site-packages/airflow/example_dags/example_dynamic_task_mapping_with_no_taskflow_operators.py took 0.087 seconds
[2024-05-11T21:17:31.987+0000] {processor.py:157} INFO - Started process (PID=149) to work on /home/airflow/.local/lib/python3.8/site-packages/airflow/example_dags/example_dynamic_task_mapping_with_no_taskflow_operators.py
[2024-05-11T21:17:31.989+0000] {processor.py:829} INFO - Processing file /home/airflow/.local/lib/python3.8/site-packages/airflow/example_dags/example_dynamic_task_mapping_with_no_taskflow_operators.py for tasks to queue
[2024-05-11T21:17:31.993+0000] {logging_mixin.py:154} INFO - [2024-05-11T21:17:31.992+0000] {dagbag.py:536} INFO - Filling up the DagBag from /home/airflow/.local/lib/python3.8/site-packages/airflow/example_dags/example_dynamic_task_mapping_with_no_taskflow_operators.py
[2024-05-11T21:17:32.002+0000] {processor.py:839} INFO - DAG(s) dict_keys(['example_dynamic_task_mapping_with_no_taskflow_operators']) retrieved from /home/airflow/.local/lib/python3.8/site-packages/airflow/example_dags/example_dynamic_task_mapping_with_no_taskflow_operators.py
[2024-05-11T21:17:32.022+0000] {logging_mixin.py:154} INFO - [2024-05-11T21:17:32.022+0000] {dag.py:2941} INFO - Sync 1 DAGs
[2024-05-11T21:17:32.037+0000] {logging_mixin.py:154} INFO - [2024-05-11T21:17:32.037+0000] {dag.py:3722} INFO - Setting next_dagrun for example_dynamic_task_mapping_with_no_taskflow_operators to 2024-05-10T21:17:32.037488+00:00, run_after=2024-05-11T21:17:32.037488+00:00
[2024-05-11T21:17:32.049+0000] {processor.py:179} INFO - Processing /home/airflow/.local/lib/python3.8/site-packages/airflow/example_dags/example_dynamic_task_mapping_with_no_taskflow_operators.py took 0.067 seconds
[2024-05-11T21:18:02.400+0000] {processor.py:157} INFO - Started process (PID=205) to work on /home/airflow/.local/lib/python3.8/site-packages/airflow/example_dags/example_dynamic_task_mapping_with_no_taskflow_operators.py
[2024-05-11T21:18:02.402+0000] {processor.py:829} INFO - Processing file /home/airflow/.local/lib/python3.8/site-packages/airflow/example_dags/example_dynamic_task_mapping_with_no_taskflow_operators.py for tasks to queue
[2024-05-11T21:18:02.404+0000] {logging_mixin.py:154} INFO - [2024-05-11T21:18:02.404+0000] {dagbag.py:536} INFO - Filling up the DagBag from /home/airflow/.local/lib/python3.8/site-packages/airflow/example_dags/example_dynamic_task_mapping_with_no_taskflow_operators.py
[2024-05-11T21:18:02.411+0000] {processor.py:839} INFO - DAG(s) dict_keys(['example_dynamic_task_mapping_with_no_taskflow_operators']) retrieved from /home/airflow/.local/lib/python3.8/site-packages/airflow/example_dags/example_dynamic_task_mapping_with_no_taskflow_operators.py
[2024-05-11T21:18:02.433+0000] {logging_mixin.py:154} INFO - [2024-05-11T21:18:02.433+0000] {dag.py:2941} INFO - Sync 1 DAGs
[2024-05-11T21:18:02.454+0000] {logging_mixin.py:154} INFO - [2024-05-11T21:18:02.454+0000] {dag.py:3722} INFO - Setting next_dagrun for example_dynamic_task_mapping_with_no_taskflow_operators to 2024-05-10T21:18:02.453775+00:00, run_after=2024-05-11T21:18:02.453775+00:00
[2024-05-11T21:18:02.468+0000] {processor.py:179} INFO - Processing /home/airflow/.local/lib/python3.8/site-packages/airflow/example_dags/example_dynamic_task_mapping_with_no_taskflow_operators.py took 0.071 seconds
[2024-05-11T21:18:32.604+0000] {processor.py:157} INFO - Started process (PID=260) to work on /home/airflow/.local/lib/python3.8/site-packages/airflow/example_dags/example_dynamic_task_mapping_with_no_taskflow_operators.py
[2024-05-11T21:18:32.606+0000] {processor.py:829} INFO - Processing file /home/airflow/.local/lib/python3.8/site-packages/airflow/example_dags/example_dynamic_task_mapping_with_no_taskflow_operators.py for tasks to queue
[2024-05-11T21:18:32.610+0000] {logging_mixin.py:154} INFO - [2024-05-11T21:18:32.609+0000] {dagbag.py:536} INFO - Filling up the DagBag from /home/airflow/.local/lib/python3.8/site-packages/airflow/example_dags/example_dynamic_task_mapping_with_no_taskflow_operators.py
[2024-05-11T21:18:32.618+0000] {processor.py:839} INFO - DAG(s) dict_keys(['example_dynamic_task_mapping_with_no_taskflow_operators']) retrieved from /home/airflow/.local/lib/python3.8/site-packages/airflow/example_dags/example_dynamic_task_mapping_with_no_taskflow_operators.py
[2024-05-11T21:18:32.639+0000] {logging_mixin.py:154} INFO - [2024-05-11T21:18:32.639+0000] {dag.py:2941} INFO - Sync 1 DAGs
[2024-05-11T21:18:32.654+0000] {logging_mixin.py:154} INFO - [2024-05-11T21:18:32.654+0000] {dag.py:3722} INFO - Setting next_dagrun for example_dynamic_task_mapping_with_no_taskflow_operators to 2024-05-10T21:18:32.654185+00:00, run_after=2024-05-11T21:18:32.654185+00:00
[2024-05-11T21:18:32.665+0000] {processor.py:179} INFO - Processing /home/airflow/.local/lib/python3.8/site-packages/airflow/example_dags/example_dynamic_task_mapping_with_no_taskflow_operators.py took 0.067 seconds
[2024-05-11T21:19:02.815+0000] {processor.py:157} INFO - Started process (PID=315) to work on /home/airflow/.local/lib/python3.8/site-packages/airflow/example_dags/example_dynamic_task_mapping_with_no_taskflow_operators.py
[2024-05-11T21:19:02.817+0000] {processor.py:829} INFO - Processing file /home/airflow/.local/lib/python3.8/site-packages/airflow/example_dags/example_dynamic_task_mapping_with_no_taskflow_operators.py for tasks to queue
[2024-05-11T21:19:02.821+0000] {logging_mixin.py:154} INFO - [2024-05-11T21:19:02.820+0000] {dagbag.py:536} INFO - Filling up the DagBag from /home/airflow/.local/lib/python3.8/site-packages/airflow/example_dags/example_dynamic_task_mapping_with_no_taskflow_operators.py
[2024-05-11T21:19:02.830+0000] {processor.py:839} INFO - DAG(s) dict_keys(['example_dynamic_task_mapping_with_no_taskflow_operators']) retrieved from /home/airflow/.local/lib/python3.8/site-packages/airflow/example_dags/example_dynamic_task_mapping_with_no_taskflow_operators.py
[2024-05-11T21:19:02.851+0000] {logging_mixin.py:154} INFO - [2024-05-11T21:19:02.851+0000] {dag.py:2941} INFO - Sync 1 DAGs
[2024-05-11T21:19:02.866+0000] {logging_mixin.py:154} INFO - [2024-05-11T21:19:02.866+0000] {dag.py:3722} INFO - Setting next_dagrun for example_dynamic_task_mapping_with_no_taskflow_operators to 2024-05-10T21:19:02.866355+00:00, run_after=2024-05-11T21:19:02.866355+00:00
[2024-05-11T21:19:02.878+0000] {processor.py:179} INFO - Processing /home/airflow/.local/lib/python3.8/site-packages/airflow/example_dags/example_dynamic_task_mapping_with_no_taskflow_operators.py took 0.069 seconds
[2024-05-11T21:19:33.232+0000] {processor.py:157} INFO - Started process (PID=370) to work on /home/airflow/.local/lib/python3.8/site-packages/airflow/example_dags/example_dynamic_task_mapping_with_no_taskflow_operators.py
[2024-05-11T21:19:33.234+0000] {processor.py:829} INFO - Processing file /home/airflow/.local/lib/python3.8/site-packages/airflow/example_dags/example_dynamic_task_mapping_with_no_taskflow_operators.py for tasks to queue
[2024-05-11T21:19:33.238+0000] {logging_mixin.py:154} INFO - [2024-05-11T21:19:33.237+0000] {dagbag.py:536} INFO - Filling up the DagBag from /home/airflow/.local/lib/python3.8/site-packages/airflow/example_dags/example_dynamic_task_mapping_with_no_taskflow_operators.py
[2024-05-11T21:19:33.245+0000] {processor.py:839} INFO - DAG(s) dict_keys(['example_dynamic_task_mapping_with_no_taskflow_operators']) retrieved from /home/airflow/.local/lib/python3.8/site-packages/airflow/example_dags/example_dynamic_task_mapping_with_no_taskflow_operators.py
[2024-05-11T21:19:33.264+0000] {logging_mixin.py:154} INFO - [2024-05-11T21:19:33.264+0000] {dag.py:2941} INFO - Sync 1 DAGs
[2024-05-11T21:19:33.278+0000] {logging_mixin.py:154} INFO - [2024-05-11T21:19:33.278+0000] {dag.py:3722} INFO - Setting next_dagrun for example_dynamic_task_mapping_with_no_taskflow_operators to 2024-05-10T21:19:33.278114+00:00, run_after=2024-05-11T21:19:33.278114+00:00
[2024-05-11T21:19:33.289+0000] {processor.py:179} INFO - Processing /home/airflow/.local/lib/python3.8/site-packages/airflow/example_dags/example_dynamic_task_mapping_with_no_taskflow_operators.py took 0.062 seconds
[2024-05-11T21:20:03.624+0000] {processor.py:157} INFO - Started process (PID=425) to work on /home/airflow/.local/lib/python3.8/site-packages/airflow/example_dags/example_dynamic_task_mapping_with_no_taskflow_operators.py
[2024-05-11T21:20:03.625+0000] {processor.py:829} INFO - Processing file /home/airflow/.local/lib/python3.8/site-packages/airflow/example_dags/example_dynamic_task_mapping_with_no_taskflow_operators.py for tasks to queue
[2024-05-11T21:20:03.629+0000] {logging_mixin.py:154} INFO - [2024-05-11T21:20:03.628+0000] {dagbag.py:536} INFO - Filling up the DagBag from /home/airflow/.local/lib/python3.8/site-packages/airflow/example_dags/example_dynamic_task_mapping_with_no_taskflow_operators.py
[2024-05-11T21:20:03.636+0000] {processor.py:839} INFO - DAG(s) dict_keys(['example_dynamic_task_mapping_with_no_taskflow_operators']) retrieved from /home/airflow/.local/lib/python3.8/site-packages/airflow/example_dags/example_dynamic_task_mapping_with_no_taskflow_operators.py
[2024-05-11T21:20:03.656+0000] {logging_mixin.py:154} INFO - [2024-05-11T21:20:03.656+0000] {dag.py:2941} INFO - Sync 1 DAGs
[2024-05-11T21:20:03.669+0000] {logging_mixin.py:154} INFO - [2024-05-11T21:20:03.669+0000] {dag.py:3722} INFO - Setting next_dagrun for example_dynamic_task_mapping_with_no_taskflow_operators to 2024-05-10T21:20:03.669049+00:00, run_after=2024-05-11T21:20:03.669049+00:00
[2024-05-11T21:20:03.680+0000] {processor.py:179} INFO - Processing /home/airflow/.local/lib/python3.8/site-packages/airflow/example_dags/example_dynamic_task_mapping_with_no_taskflow_operators.py took 0.062 seconds
[2024-05-11T21:20:33.816+0000] {processor.py:157} INFO - Started process (PID=480) to work on /home/airflow/.local/lib/python3.8/site-packages/airflow/example_dags/example_dynamic_task_mapping_with_no_taskflow_operators.py
[2024-05-11T21:20:33.818+0000] {processor.py:829} INFO - Processing file /home/airflow/.local/lib/python3.8/site-packages/airflow/example_dags/example_dynamic_task_mapping_with_no_taskflow_operators.py for tasks to queue
[2024-05-11T21:20:33.821+0000] {logging_mixin.py:154} INFO - [2024-05-11T21:20:33.821+0000] {dagbag.py:536} INFO - Filling up the DagBag from /home/airflow/.local/lib/python3.8/site-packages/airflow/example_dags/example_dynamic_task_mapping_with_no_taskflow_operators.py
[2024-05-11T21:20:33.829+0000] {processor.py:839} INFO - DAG(s) dict_keys(['example_dynamic_task_mapping_with_no_taskflow_operators']) retrieved from /home/airflow/.local/lib/python3.8/site-packages/airflow/example_dags/example_dynamic_task_mapping_with_no_taskflow_operators.py
[2024-05-11T21:20:33.850+0000] {logging_mixin.py:154} INFO - [2024-05-11T21:20:33.850+0000] {dag.py:2941} INFO - Sync 1 DAGs
[2024-05-11T21:20:33.863+0000] {logging_mixin.py:154} INFO - [2024-05-11T21:20:33.863+0000] {dag.py:3722} INFO - Setting next_dagrun for example_dynamic_task_mapping_with_no_taskflow_operators to 2024-05-10T21:20:33.863217+00:00, run_after=2024-05-11T21:20:33.863217+00:00
[2024-05-11T21:20:33.874+0000] {processor.py:179} INFO - Processing /home/airflow/.local/lib/python3.8/site-packages/airflow/example_dags/example_dynamic_task_mapping_with_no_taskflow_operators.py took 0.063 seconds
[2024-05-11T21:21:03.952+0000] {processor.py:157} INFO - Started process (PID=534) to work on /home/airflow/.local/lib/python3.8/site-packages/airflow/example_dags/example_dynamic_task_mapping_with_no_taskflow_operators.py
[2024-05-11T21:21:03.955+0000] {processor.py:829} INFO - Processing file /home/airflow/.local/lib/python3.8/site-packages/airflow/example_dags/example_dynamic_task_mapping_with_no_taskflow_operators.py for tasks to queue
[2024-05-11T21:21:03.959+0000] {logging_mixin.py:154} INFO - [2024-05-11T21:21:03.959+0000] {dagbag.py:536} INFO - Filling up the DagBag from /home/airflow/.local/lib/python3.8/site-packages/airflow/example_dags/example_dynamic_task_mapping_with_no_taskflow_operators.py
[2024-05-11T21:21:03.967+0000] {processor.py:839} INFO - DAG(s) dict_keys(['example_dynamic_task_mapping_with_no_taskflow_operators']) retrieved from /home/airflow/.local/lib/python3.8/site-packages/airflow/example_dags/example_dynamic_task_mapping_with_no_taskflow_operators.py
[2024-05-11T21:21:03.989+0000] {logging_mixin.py:154} INFO - [2024-05-11T21:21:03.988+0000] {dag.py:2941} INFO - Sync 1 DAGs
[2024-05-11T21:21:04.003+0000] {logging_mixin.py:154} INFO - [2024-05-11T21:21:04.003+0000] {dag.py:3722} INFO - Setting next_dagrun for example_dynamic_task_mapping_with_no_taskflow_operators to 2024-05-10T21:21:04.003047+00:00, run_after=2024-05-11T21:21:04.003047+00:00
[2024-05-11T21:21:04.026+0000] {processor.py:179} INFO - Processing /home/airflow/.local/lib/python3.8/site-packages/airflow/example_dags/example_dynamic_task_mapping_with_no_taskflow_operators.py took 0.080 seconds
[2024-05-11T21:21:34.382+0000] {processor.py:157} INFO - Started process (PID=590) to work on /home/airflow/.local/lib/python3.8/site-packages/airflow/example_dags/example_dynamic_task_mapping_with_no_taskflow_operators.py
[2024-05-11T21:21:34.383+0000] {processor.py:829} INFO - Processing file /home/airflow/.local/lib/python3.8/site-packages/airflow/example_dags/example_dynamic_task_mapping_with_no_taskflow_operators.py for tasks to queue
[2024-05-11T21:21:34.386+0000] {logging_mixin.py:154} INFO - [2024-05-11T21:21:34.386+0000] {dagbag.py:536} INFO - Filling up the DagBag from /home/airflow/.local/lib/python3.8/site-packages/airflow/example_dags/example_dynamic_task_mapping_with_no_taskflow_operators.py
[2024-05-11T21:21:34.393+0000] {processor.py:839} INFO - DAG(s) dict_keys(['example_dynamic_task_mapping_with_no_taskflow_operators']) retrieved from /home/airflow/.local/lib/python3.8/site-packages/airflow/example_dags/example_dynamic_task_mapping_with_no_taskflow_operators.py
[2024-05-11T21:21:34.442+0000] {logging_mixin.py:154} INFO - [2024-05-11T21:21:34.442+0000] {dag.py:2941} INFO - Sync 1 DAGs
[2024-05-11T21:21:34.483+0000] {logging_mixin.py:154} INFO - [2024-05-11T21:21:34.482+0000] {dag.py:3722} INFO - Setting next_dagrun for example_dynamic_task_mapping_with_no_taskflow_operators to 2024-05-10T21:21:34.482280+00:00, run_after=2024-05-11T21:21:34.482280+00:00
[2024-05-11T21:21:34.502+0000] {processor.py:179} INFO - Processing /home/airflow/.local/lib/python3.8/site-packages/airflow/example_dags/example_dynamic_task_mapping_with_no_taskflow_operators.py took 0.124 seconds
[2024-05-11T21:22:04.778+0000] {processor.py:157} INFO - Started process (PID=645) to work on /home/airflow/.local/lib/python3.8/site-packages/airflow/example_dags/example_dynamic_task_mapping_with_no_taskflow_operators.py
[2024-05-11T21:22:04.781+0000] {processor.py:829} INFO - Processing file /home/airflow/.local/lib/python3.8/site-packages/airflow/example_dags/example_dynamic_task_mapping_with_no_taskflow_operators.py for tasks to queue
[2024-05-11T21:22:04.787+0000] {logging_mixin.py:154} INFO - [2024-05-11T21:22:04.787+0000] {dagbag.py:536} INFO - Filling up the DagBag from /home/airflow/.local/lib/python3.8/site-packages/airflow/example_dags/example_dynamic_task_mapping_with_no_taskflow_operators.py
[2024-05-11T21:22:04.806+0000] {processor.py:839} INFO - DAG(s) dict_keys(['example_dynamic_task_mapping_with_no_taskflow_operators']) retrieved from /home/airflow/.local/lib/python3.8/site-packages/airflow/example_dags/example_dynamic_task_mapping_with_no_taskflow_operators.py
[2024-05-11T21:22:04.900+0000] {logging_mixin.py:154} INFO - [2024-05-11T21:22:04.900+0000] {dag.py:2941} INFO - Sync 1 DAGs
[2024-05-11T21:22:04.979+0000] {logging_mixin.py:154} INFO - [2024-05-11T21:22:04.979+0000] {dag.py:3722} INFO - Setting next_dagrun for example_dynamic_task_mapping_with_no_taskflow_operators to 2024-05-10T21:22:04.979162+00:00, run_after=2024-05-11T21:22:04.979162+00:00
[2024-05-11T21:22:05.049+0000] {processor.py:179} INFO - Processing /home/airflow/.local/lib/python3.8/site-packages/airflow/example_dags/example_dynamic_task_mapping_with_no_taskflow_operators.py took 0.276 seconds
[2024-05-11T21:42:10.267+0000] {processor.py:157} INFO - Started process (PID=83) to work on /home/airflow/.local/lib/python3.8/site-packages/airflow/example_dags/example_dynamic_task_mapping_with_no_taskflow_operators.py
[2024-05-11T21:42:10.270+0000] {processor.py:829} INFO - Processing file /home/airflow/.local/lib/python3.8/site-packages/airflow/example_dags/example_dynamic_task_mapping_with_no_taskflow_operators.py for tasks to queue
[2024-05-11T21:42:10.275+0000] {logging_mixin.py:154} INFO - [2024-05-11T21:42:10.274+0000] {dagbag.py:536} INFO - Filling up the DagBag from /home/airflow/.local/lib/python3.8/site-packages/airflow/example_dags/example_dynamic_task_mapping_with_no_taskflow_operators.py
[2024-05-11T21:42:10.283+0000] {processor.py:839} INFO - DAG(s) dict_keys(['example_dynamic_task_mapping_with_no_taskflow_operators']) retrieved from /home/airflow/.local/lib/python3.8/site-packages/airflow/example_dags/example_dynamic_task_mapping_with_no_taskflow_operators.py
[2024-05-11T21:42:10.381+0000] {logging_mixin.py:154} INFO - [2024-05-11T21:42:10.381+0000] {manager.py:499} INFO - Created Permission View: %s
[2024-05-11T21:42:10.393+0000] {logging_mixin.py:154} INFO - [2024-05-11T21:42:10.393+0000] {manager.py:499} INFO - Created Permission View: %s
[2024-05-11T21:42:10.403+0000] {logging_mixin.py:154} INFO - [2024-05-11T21:42:10.403+0000] {manager.py:499} INFO - Created Permission View: %s
[2024-05-11T21:42:10.405+0000] {logging_mixin.py:154} INFO - [2024-05-11T21:42:10.405+0000] {dag.py:2941} INFO - Sync 1 DAGs
[2024-05-11T21:42:10.416+0000] {logging_mixin.py:154} INFO - [2024-05-11T21:42:10.416+0000] {dag.py:2963} INFO - Creating ORM DAG for example_dynamic_task_mapping_with_no_taskflow_operators
[2024-05-11T21:42:10.426+0000] {logging_mixin.py:154} INFO - [2024-05-11T21:42:10.426+0000] {dag.py:3722} INFO - Setting next_dagrun for example_dynamic_task_mapping_with_no_taskflow_operators to 2024-05-10T21:42:10.425995+00:00, run_after=2024-05-11T21:42:10.425995+00:00
[2024-05-11T21:42:10.441+0000] {processor.py:179} INFO - Processing /home/airflow/.local/lib/python3.8/site-packages/airflow/example_dags/example_dynamic_task_mapping_with_no_taskflow_operators.py took 0.178 seconds
[2024-05-11T21:42:40.572+0000] {processor.py:157} INFO - Started process (PID=138) to work on /home/airflow/.local/lib/python3.8/site-packages/airflow/example_dags/example_dynamic_task_mapping_with_no_taskflow_operators.py
[2024-05-11T21:42:40.574+0000] {processor.py:829} INFO - Processing file /home/airflow/.local/lib/python3.8/site-packages/airflow/example_dags/example_dynamic_task_mapping_with_no_taskflow_operators.py for tasks to queue
[2024-05-11T21:42:40.579+0000] {logging_mixin.py:154} INFO - [2024-05-11T21:42:40.579+0000] {dagbag.py:536} INFO - Filling up the DagBag from /home/airflow/.local/lib/python3.8/site-packages/airflow/example_dags/example_dynamic_task_mapping_with_no_taskflow_operators.py
[2024-05-11T21:42:40.588+0000] {processor.py:839} INFO - DAG(s) dict_keys(['example_dynamic_task_mapping_with_no_taskflow_operators']) retrieved from /home/airflow/.local/lib/python3.8/site-packages/airflow/example_dags/example_dynamic_task_mapping_with_no_taskflow_operators.py
[2024-05-11T21:42:40.614+0000] {logging_mixin.py:154} INFO - [2024-05-11T21:42:40.614+0000] {dag.py:2941} INFO - Sync 1 DAGs
[2024-05-11T21:42:40.635+0000] {logging_mixin.py:154} INFO - [2024-05-11T21:42:40.635+0000] {dag.py:3722} INFO - Setting next_dagrun for example_dynamic_task_mapping_with_no_taskflow_operators to 2024-05-10T21:42:40.635121+00:00, run_after=2024-05-11T21:42:40.635121+00:00
[2024-05-11T21:42:40.653+0000] {processor.py:179} INFO - Processing /home/airflow/.local/lib/python3.8/site-packages/airflow/example_dags/example_dynamic_task_mapping_with_no_taskflow_operators.py took 0.085 seconds
[2024-05-11T21:43:11.622+0000] {processor.py:157} INFO - Started process (PID=193) to work on /home/airflow/.local/lib/python3.8/site-packages/airflow/example_dags/example_dynamic_task_mapping_with_no_taskflow_operators.py
[2024-05-11T21:43:11.624+0000] {processor.py:829} INFO - Processing file /home/airflow/.local/lib/python3.8/site-packages/airflow/example_dags/example_dynamic_task_mapping_with_no_taskflow_operators.py for tasks to queue
[2024-05-11T21:43:11.627+0000] {logging_mixin.py:154} INFO - [2024-05-11T21:43:11.627+0000] {dagbag.py:536} INFO - Filling up the DagBag from /home/airflow/.local/lib/python3.8/site-packages/airflow/example_dags/example_dynamic_task_mapping_with_no_taskflow_operators.py
[2024-05-11T21:43:11.637+0000] {processor.py:839} INFO - DAG(s) dict_keys(['example_dynamic_task_mapping_with_no_taskflow_operators']) retrieved from /home/airflow/.local/lib/python3.8/site-packages/airflow/example_dags/example_dynamic_task_mapping_with_no_taskflow_operators.py
[2024-05-11T21:43:11.655+0000] {logging_mixin.py:154} INFO - [2024-05-11T21:43:11.655+0000] {dag.py:2941} INFO - Sync 1 DAGs
[2024-05-11T21:43:11.670+0000] {logging_mixin.py:154} INFO - [2024-05-11T21:43:11.670+0000] {dag.py:3722} INFO - Setting next_dagrun for example_dynamic_task_mapping_with_no_taskflow_operators to 2024-05-10T21:43:11.670058+00:00, run_after=2024-05-11T21:43:11.670058+00:00
[2024-05-11T21:43:11.681+0000] {processor.py:179} INFO - Processing /home/airflow/.local/lib/python3.8/site-packages/airflow/example_dags/example_dynamic_task_mapping_with_no_taskflow_operators.py took 0.062 seconds
[2024-05-11T21:43:42.333+0000] {processor.py:157} INFO - Started process (PID=248) to work on /home/airflow/.local/lib/python3.8/site-packages/airflow/example_dags/example_dynamic_task_mapping_with_no_taskflow_operators.py
[2024-05-11T21:43:42.335+0000] {processor.py:829} INFO - Processing file /home/airflow/.local/lib/python3.8/site-packages/airflow/example_dags/example_dynamic_task_mapping_with_no_taskflow_operators.py for tasks to queue
[2024-05-11T21:43:42.337+0000] {logging_mixin.py:154} INFO - [2024-05-11T21:43:42.337+0000] {dagbag.py:536} INFO - Filling up the DagBag from /home/airflow/.local/lib/python3.8/site-packages/airflow/example_dags/example_dynamic_task_mapping_with_no_taskflow_operators.py
[2024-05-11T21:43:42.344+0000] {processor.py:839} INFO - DAG(s) dict_keys(['example_dynamic_task_mapping_with_no_taskflow_operators']) retrieved from /home/airflow/.local/lib/python3.8/site-packages/airflow/example_dags/example_dynamic_task_mapping_with_no_taskflow_operators.py
[2024-05-11T21:43:42.365+0000] {logging_mixin.py:154} INFO - [2024-05-11T21:43:42.365+0000] {dag.py:2941} INFO - Sync 1 DAGs
[2024-05-11T21:43:42.385+0000] {logging_mixin.py:154} INFO - [2024-05-11T21:43:42.384+0000] {dag.py:3722} INFO - Setting next_dagrun for example_dynamic_task_mapping_with_no_taskflow_operators to 2024-05-10T21:43:42.384590+00:00, run_after=2024-05-11T21:43:42.384590+00:00
[2024-05-11T21:43:42.399+0000] {processor.py:179} INFO - Processing /home/airflow/.local/lib/python3.8/site-packages/airflow/example_dags/example_dynamic_task_mapping_with_no_taskflow_operators.py took 0.069 seconds
[2024-05-11T21:44:12.944+0000] {processor.py:157} INFO - Started process (PID=303) to work on /home/airflow/.local/lib/python3.8/site-packages/airflow/example_dags/example_dynamic_task_mapping_with_no_taskflow_operators.py
[2024-05-11T21:44:12.946+0000] {processor.py:829} INFO - Processing file /home/airflow/.local/lib/python3.8/site-packages/airflow/example_dags/example_dynamic_task_mapping_with_no_taskflow_operators.py for tasks to queue
[2024-05-11T21:44:12.951+0000] {logging_mixin.py:154} INFO - [2024-05-11T21:44:12.951+0000] {dagbag.py:536} INFO - Filling up the DagBag from /home/airflow/.local/lib/python3.8/site-packages/airflow/example_dags/example_dynamic_task_mapping_with_no_taskflow_operators.py
[2024-05-11T21:44:12.958+0000] {processor.py:839} INFO - DAG(s) dict_keys(['example_dynamic_task_mapping_with_no_taskflow_operators']) retrieved from /home/airflow/.local/lib/python3.8/site-packages/airflow/example_dags/example_dynamic_task_mapping_with_no_taskflow_operators.py
[2024-05-11T21:44:12.984+0000] {logging_mixin.py:154} INFO - [2024-05-11T21:44:12.984+0000] {dag.py:2941} INFO - Sync 1 DAGs
[2024-05-11T21:44:13.004+0000] {logging_mixin.py:154} INFO - [2024-05-11T21:44:13.003+0000] {dag.py:3722} INFO - Setting next_dagrun for example_dynamic_task_mapping_with_no_taskflow_operators to 2024-05-10T21:44:13.003614+00:00, run_after=2024-05-11T21:44:13.003614+00:00
[2024-05-11T21:44:13.018+0000] {processor.py:179} INFO - Processing /home/airflow/.local/lib/python3.8/site-packages/airflow/example_dags/example_dynamic_task_mapping_with_no_taskflow_operators.py took 0.078 seconds
[2024-05-11T21:44:43.493+0000] {processor.py:157} INFO - Started process (PID=358) to work on /home/airflow/.local/lib/python3.8/site-packages/airflow/example_dags/example_dynamic_task_mapping_with_no_taskflow_operators.py
[2024-05-11T21:44:43.494+0000] {processor.py:829} INFO - Processing file /home/airflow/.local/lib/python3.8/site-packages/airflow/example_dags/example_dynamic_task_mapping_with_no_taskflow_operators.py for tasks to queue
[2024-05-11T21:44:43.497+0000] {logging_mixin.py:154} INFO - [2024-05-11T21:44:43.497+0000] {dagbag.py:536} INFO - Filling up the DagBag from /home/airflow/.local/lib/python3.8/site-packages/airflow/example_dags/example_dynamic_task_mapping_with_no_taskflow_operators.py
[2024-05-11T21:44:43.504+0000] {processor.py:839} INFO - DAG(s) dict_keys(['example_dynamic_task_mapping_with_no_taskflow_operators']) retrieved from /home/airflow/.local/lib/python3.8/site-packages/airflow/example_dags/example_dynamic_task_mapping_with_no_taskflow_operators.py
[2024-05-11T21:44:43.529+0000] {logging_mixin.py:154} INFO - [2024-05-11T21:44:43.529+0000] {dag.py:2941} INFO - Sync 1 DAGs
[2024-05-11T21:44:43.544+0000] {logging_mixin.py:154} INFO - [2024-05-11T21:44:43.544+0000] {dag.py:3722} INFO - Setting next_dagrun for example_dynamic_task_mapping_with_no_taskflow_operators to 2024-05-10T21:44:43.543773+00:00, run_after=2024-05-11T21:44:43.543773+00:00
[2024-05-11T21:44:43.555+0000] {processor.py:179} INFO - Processing /home/airflow/.local/lib/python3.8/site-packages/airflow/example_dags/example_dynamic_task_mapping_with_no_taskflow_operators.py took 0.066 seconds
[2024-05-11T21:45:14.221+0000] {processor.py:157} INFO - Started process (PID=413) to work on /home/airflow/.local/lib/python3.8/site-packages/airflow/example_dags/example_dynamic_task_mapping_with_no_taskflow_operators.py
[2024-05-11T21:45:14.223+0000] {processor.py:829} INFO - Processing file /home/airflow/.local/lib/python3.8/site-packages/airflow/example_dags/example_dynamic_task_mapping_with_no_taskflow_operators.py for tasks to queue
[2024-05-11T21:45:14.225+0000] {logging_mixin.py:154} INFO - [2024-05-11T21:45:14.225+0000] {dagbag.py:536} INFO - Filling up the DagBag from /home/airflow/.local/lib/python3.8/site-packages/airflow/example_dags/example_dynamic_task_mapping_with_no_taskflow_operators.py
[2024-05-11T21:45:14.232+0000] {processor.py:839} INFO - DAG(s) dict_keys(['example_dynamic_task_mapping_with_no_taskflow_operators']) retrieved from /home/airflow/.local/lib/python3.8/site-packages/airflow/example_dags/example_dynamic_task_mapping_with_no_taskflow_operators.py
[2024-05-11T21:45:14.259+0000] {logging_mixin.py:154} INFO - [2024-05-11T21:45:14.259+0000] {dag.py:2941} INFO - Sync 1 DAGs
[2024-05-11T21:45:14.278+0000] {logging_mixin.py:154} INFO - [2024-05-11T21:45:14.277+0000] {dag.py:3722} INFO - Setting next_dagrun for example_dynamic_task_mapping_with_no_taskflow_operators to 2024-05-10T21:45:14.277456+00:00, run_after=2024-05-11T21:45:14.277456+00:00
[2024-05-11T21:45:14.291+0000] {processor.py:179} INFO - Processing /home/airflow/.local/lib/python3.8/site-packages/airflow/example_dags/example_dynamic_task_mapping_with_no_taskflow_operators.py took 0.073 seconds
[2024-05-11T21:45:44.730+0000] {processor.py:157} INFO - Started process (PID=469) to work on /home/airflow/.local/lib/python3.8/site-packages/airflow/example_dags/example_dynamic_task_mapping_with_no_taskflow_operators.py
[2024-05-11T21:45:44.731+0000] {processor.py:829} INFO - Processing file /home/airflow/.local/lib/python3.8/site-packages/airflow/example_dags/example_dynamic_task_mapping_with_no_taskflow_operators.py for tasks to queue
[2024-05-11T21:45:44.735+0000] {logging_mixin.py:154} INFO - [2024-05-11T21:45:44.734+0000] {dagbag.py:536} INFO - Filling up the DagBag from /home/airflow/.local/lib/python3.8/site-packages/airflow/example_dags/example_dynamic_task_mapping_with_no_taskflow_operators.py
[2024-05-11T21:45:44.744+0000] {processor.py:839} INFO - DAG(s) dict_keys(['example_dynamic_task_mapping_with_no_taskflow_operators']) retrieved from /home/airflow/.local/lib/python3.8/site-packages/airflow/example_dags/example_dynamic_task_mapping_with_no_taskflow_operators.py
[2024-05-11T21:45:44.771+0000] {logging_mixin.py:154} INFO - [2024-05-11T21:45:44.771+0000] {dag.py:2941} INFO - Sync 1 DAGs
[2024-05-11T21:45:44.793+0000] {logging_mixin.py:154} INFO - [2024-05-11T21:45:44.793+0000] {dag.py:3722} INFO - Setting next_dagrun for example_dynamic_task_mapping_with_no_taskflow_operators to 2024-05-10T21:45:44.792965+00:00, run_after=2024-05-11T21:45:44.792965+00:00
[2024-05-11T21:45:44.813+0000] {processor.py:179} INFO - Processing /home/airflow/.local/lib/python3.8/site-packages/airflow/example_dags/example_dynamic_task_mapping_with_no_taskflow_operators.py took 0.087 seconds
[2024-05-11T21:46:15.747+0000] {processor.py:157} INFO - Started process (PID=524) to work on /home/airflow/.local/lib/python3.8/site-packages/airflow/example_dags/example_dynamic_task_mapping_with_no_taskflow_operators.py
[2024-05-11T21:46:15.748+0000] {processor.py:829} INFO - Processing file /home/airflow/.local/lib/python3.8/site-packages/airflow/example_dags/example_dynamic_task_mapping_with_no_taskflow_operators.py for tasks to queue
[2024-05-11T21:46:15.751+0000] {logging_mixin.py:154} INFO - [2024-05-11T21:46:15.750+0000] {dagbag.py:536} INFO - Filling up the DagBag from /home/airflow/.local/lib/python3.8/site-packages/airflow/example_dags/example_dynamic_task_mapping_with_no_taskflow_operators.py
[2024-05-11T21:46:15.758+0000] {processor.py:839} INFO - DAG(s) dict_keys(['example_dynamic_task_mapping_with_no_taskflow_operators']) retrieved from /home/airflow/.local/lib/python3.8/site-packages/airflow/example_dags/example_dynamic_task_mapping_with_no_taskflow_operators.py
[2024-05-11T21:46:15.779+0000] {logging_mixin.py:154} INFO - [2024-05-11T21:46:15.778+0000] {dag.py:2941} INFO - Sync 1 DAGs
[2024-05-11T21:46:15.796+0000] {logging_mixin.py:154} INFO - [2024-05-11T21:46:15.796+0000] {dag.py:3722} INFO - Setting next_dagrun for example_dynamic_task_mapping_with_no_taskflow_operators to 2024-05-10T21:46:15.795952+00:00, run_after=2024-05-11T21:46:15.795952+00:00
[2024-05-11T21:46:15.812+0000] {processor.py:179} INFO - Processing /home/airflow/.local/lib/python3.8/site-packages/airflow/example_dags/example_dynamic_task_mapping_with_no_taskflow_operators.py took 0.068 seconds
[2024-05-11T21:46:46.024+0000] {processor.py:157} INFO - Started process (PID=579) to work on /home/airflow/.local/lib/python3.8/site-packages/airflow/example_dags/example_dynamic_task_mapping_with_no_taskflow_operators.py
[2024-05-11T21:46:46.030+0000] {processor.py:829} INFO - Processing file /home/airflow/.local/lib/python3.8/site-packages/airflow/example_dags/example_dynamic_task_mapping_with_no_taskflow_operators.py for tasks to queue
[2024-05-11T21:46:46.035+0000] {logging_mixin.py:154} INFO - [2024-05-11T21:46:46.034+0000] {dagbag.py:536} INFO - Filling up the DagBag from /home/airflow/.local/lib/python3.8/site-packages/airflow/example_dags/example_dynamic_task_mapping_with_no_taskflow_operators.py
[2024-05-11T21:46:46.045+0000] {processor.py:839} INFO - DAG(s) dict_keys(['example_dynamic_task_mapping_with_no_taskflow_operators']) retrieved from /home/airflow/.local/lib/python3.8/site-packages/airflow/example_dags/example_dynamic_task_mapping_with_no_taskflow_operators.py
[2024-05-11T21:46:46.078+0000] {logging_mixin.py:154} INFO - [2024-05-11T21:46:46.078+0000] {dag.py:2941} INFO - Sync 1 DAGs
[2024-05-11T21:46:46.107+0000] {logging_mixin.py:154} INFO - [2024-05-11T21:46:46.107+0000] {dag.py:3722} INFO - Setting next_dagrun for example_dynamic_task_mapping_with_no_taskflow_operators to 2024-05-10T21:46:46.107440+00:00, run_after=2024-05-11T21:46:46.107440+00:00
[2024-05-11T21:46:46.136+0000] {processor.py:179} INFO - Processing /home/airflow/.local/lib/python3.8/site-packages/airflow/example_dags/example_dynamic_task_mapping_with_no_taskflow_operators.py took 0.116 seconds
