[2024-05-11T21:03:18.853+0000] {processor.py:157} INFO - Started process (PID=44) to work on /home/airflow/.local/lib/python3.8/site-packages/airflow/example_dags/example_nested_branch_dag.py
[2024-05-11T21:03:18.859+0000] {processor.py:829} INFO - Processing file /home/airflow/.local/lib/python3.8/site-packages/airflow/example_dags/example_nested_branch_dag.py for tasks to queue
[2024-05-11T21:03:18.864+0000] {logging_mixin.py:154} INFO - [2024-05-11T21:03:18.864+0000] {dagbag.py:536} INFO - Filling up the DagBag from /home/airflow/.local/lib/python3.8/site-packages/airflow/example_dags/example_nested_branch_dag.py
[2024-05-11T21:03:18.885+0000] {processor.py:839} INFO - DAG(s) dict_keys(['example_nested_branch_dag']) retrieved from /home/airflow/.local/lib/python3.8/site-packages/airflow/example_dags/example_nested_branch_dag.py
[2024-05-11T21:03:18.984+0000] {logging_mixin.py:154} INFO - [2024-05-11T21:03:18.984+0000] {manager.py:499} INFO - Created Permission View: %s
[2024-05-11T21:03:18.996+0000] {logging_mixin.py:154} INFO - [2024-05-11T21:03:18.996+0000] {manager.py:499} INFO - Created Permission View: %s
[2024-05-11T21:03:19.001+0000] {logging_mixin.py:154} INFO - [2024-05-11T21:03:19.001+0000] {manager.py:499} INFO - Created Permission View: %s
[2024-05-11T21:03:19.003+0000] {logging_mixin.py:154} INFO - [2024-05-11T21:03:19.002+0000] {dag.py:2941} INFO - Sync 1 DAGs
[2024-05-11T21:03:19.021+0000] {logging_mixin.py:154} INFO - [2024-05-11T21:03:19.020+0000] {dag.py:2963} INFO - Creating ORM DAG for example_nested_branch_dag
[2024-05-11T21:03:19.039+0000] {logging_mixin.py:154} INFO - [2024-05-11T21:03:19.038+0000] {dag.py:3722} INFO - Setting next_dagrun for example_nested_branch_dag to 2024-05-10T00:00:00+00:00, run_after=2024-05-11T00:00:00+00:00
[2024-05-11T21:03:19.094+0000] {processor.py:179} INFO - Processing /home/airflow/.local/lib/python3.8/site-packages/airflow/example_dags/example_nested_branch_dag.py took 0.244 seconds
[2024-05-11T21:03:49.990+0000] {processor.py:157} INFO - Started process (PID=99) to work on /home/airflow/.local/lib/python3.8/site-packages/airflow/example_dags/example_nested_branch_dag.py
[2024-05-11T21:03:49.992+0000] {processor.py:829} INFO - Processing file /home/airflow/.local/lib/python3.8/site-packages/airflow/example_dags/example_nested_branch_dag.py for tasks to queue
[2024-05-11T21:03:49.994+0000] {logging_mixin.py:154} INFO - [2024-05-11T21:03:49.993+0000] {dagbag.py:536} INFO - Filling up the DagBag from /home/airflow/.local/lib/python3.8/site-packages/airflow/example_dags/example_nested_branch_dag.py
[2024-05-11T21:03:50.001+0000] {processor.py:839} INFO - DAG(s) dict_keys(['example_nested_branch_dag']) retrieved from /home/airflow/.local/lib/python3.8/site-packages/airflow/example_dags/example_nested_branch_dag.py
[2024-05-11T21:03:50.018+0000] {logging_mixin.py:154} INFO - [2024-05-11T21:03:50.018+0000] {dag.py:2941} INFO - Sync 1 DAGs
[2024-05-11T21:03:50.032+0000] {logging_mixin.py:154} INFO - [2024-05-11T21:03:50.032+0000] {dag.py:3722} INFO - Setting next_dagrun for example_nested_branch_dag to 2024-05-10T00:00:00+00:00, run_after=2024-05-11T00:00:00+00:00
[2024-05-11T21:03:50.042+0000] {processor.py:179} INFO - Processing /home/airflow/.local/lib/python3.8/site-packages/airflow/example_dags/example_nested_branch_dag.py took 0.056 seconds
[2024-05-11T21:04:20.405+0000] {processor.py:157} INFO - Started process (PID=153) to work on /home/airflow/.local/lib/python3.8/site-packages/airflow/example_dags/example_nested_branch_dag.py
[2024-05-11T21:04:20.408+0000] {processor.py:829} INFO - Processing file /home/airflow/.local/lib/python3.8/site-packages/airflow/example_dags/example_nested_branch_dag.py for tasks to queue
[2024-05-11T21:04:20.413+0000] {logging_mixin.py:154} INFO - [2024-05-11T21:04:20.412+0000] {dagbag.py:536} INFO - Filling up the DagBag from /home/airflow/.local/lib/python3.8/site-packages/airflow/example_dags/example_nested_branch_dag.py
[2024-05-11T21:04:20.425+0000] {processor.py:839} INFO - DAG(s) dict_keys(['example_nested_branch_dag']) retrieved from /home/airflow/.local/lib/python3.8/site-packages/airflow/example_dags/example_nested_branch_dag.py
[2024-05-11T21:04:20.449+0000] {logging_mixin.py:154} INFO - [2024-05-11T21:04:20.449+0000] {dag.py:2941} INFO - Sync 1 DAGs
[2024-05-11T21:04:20.465+0000] {logging_mixin.py:154} INFO - [2024-05-11T21:04:20.464+0000] {dag.py:3722} INFO - Setting next_dagrun for example_nested_branch_dag to 2024-05-10T00:00:00+00:00, run_after=2024-05-11T00:00:00+00:00
[2024-05-11T21:04:20.476+0000] {processor.py:179} INFO - Processing /home/airflow/.local/lib/python3.8/site-packages/airflow/example_dags/example_nested_branch_dag.py took 0.077 seconds
[2024-05-11T21:04:50.652+0000] {processor.py:157} INFO - Started process (PID=208) to work on /home/airflow/.local/lib/python3.8/site-packages/airflow/example_dags/example_nested_branch_dag.py
[2024-05-11T21:04:50.656+0000] {processor.py:829} INFO - Processing file /home/airflow/.local/lib/python3.8/site-packages/airflow/example_dags/example_nested_branch_dag.py for tasks to queue
[2024-05-11T21:04:50.661+0000] {logging_mixin.py:154} INFO - [2024-05-11T21:04:50.660+0000] {dagbag.py:536} INFO - Filling up the DagBag from /home/airflow/.local/lib/python3.8/site-packages/airflow/example_dags/example_nested_branch_dag.py
[2024-05-11T21:04:50.676+0000] {processor.py:839} INFO - DAG(s) dict_keys(['example_nested_branch_dag']) retrieved from /home/airflow/.local/lib/python3.8/site-packages/airflow/example_dags/example_nested_branch_dag.py
[2024-05-11T21:04:50.700+0000] {logging_mixin.py:154} INFO - [2024-05-11T21:04:50.700+0000] {dag.py:2941} INFO - Sync 1 DAGs
[2024-05-11T21:04:50.715+0000] {logging_mixin.py:154} INFO - [2024-05-11T21:04:50.715+0000] {dag.py:3722} INFO - Setting next_dagrun for example_nested_branch_dag to 2024-05-10T00:00:00+00:00, run_after=2024-05-11T00:00:00+00:00
[2024-05-11T21:04:50.725+0000] {processor.py:179} INFO - Processing /home/airflow/.local/lib/python3.8/site-packages/airflow/example_dags/example_nested_branch_dag.py took 0.081 seconds
[2024-05-11T21:05:42.266+0000] {processor.py:157} INFO - Started process (PID=45) to work on /home/airflow/.local/lib/python3.8/site-packages/airflow/example_dags/example_nested_branch_dag.py
[2024-05-11T21:05:42.268+0000] {processor.py:829} INFO - Processing file /home/airflow/.local/lib/python3.8/site-packages/airflow/example_dags/example_nested_branch_dag.py for tasks to queue
[2024-05-11T21:05:42.271+0000] {logging_mixin.py:154} INFO - [2024-05-11T21:05:42.270+0000] {dagbag.py:536} INFO - Filling up the DagBag from /home/airflow/.local/lib/python3.8/site-packages/airflow/example_dags/example_nested_branch_dag.py
[2024-05-11T21:05:42.281+0000] {processor.py:839} INFO - DAG(s) dict_keys(['example_nested_branch_dag']) retrieved from /home/airflow/.local/lib/python3.8/site-packages/airflow/example_dags/example_nested_branch_dag.py
[2024-05-11T21:05:42.298+0000] {logging_mixin.py:154} INFO - [2024-05-11T21:05:42.298+0000] {dag.py:2941} INFO - Sync 1 DAGs
[2024-05-11T21:05:42.321+0000] {logging_mixin.py:154} INFO - [2024-05-11T21:05:42.321+0000] {dag.py:3722} INFO - Setting next_dagrun for example_nested_branch_dag to 2024-05-10T00:00:00+00:00, run_after=2024-05-11T00:00:00+00:00
[2024-05-11T21:05:42.338+0000] {processor.py:179} INFO - Processing /home/airflow/.local/lib/python3.8/site-packages/airflow/example_dags/example_nested_branch_dag.py took 0.076 seconds
[2024-05-11T21:06:12.503+0000] {processor.py:157} INFO - Started process (PID=100) to work on /home/airflow/.local/lib/python3.8/site-packages/airflow/example_dags/example_nested_branch_dag.py
[2024-05-11T21:06:12.504+0000] {processor.py:829} INFO - Processing file /home/airflow/.local/lib/python3.8/site-packages/airflow/example_dags/example_nested_branch_dag.py for tasks to queue
[2024-05-11T21:06:12.506+0000] {logging_mixin.py:154} INFO - [2024-05-11T21:06:12.506+0000] {dagbag.py:536} INFO - Filling up the DagBag from /home/airflow/.local/lib/python3.8/site-packages/airflow/example_dags/example_nested_branch_dag.py
[2024-05-11T21:06:12.513+0000] {processor.py:839} INFO - DAG(s) dict_keys(['example_nested_branch_dag']) retrieved from /home/airflow/.local/lib/python3.8/site-packages/airflow/example_dags/example_nested_branch_dag.py
[2024-05-11T21:06:12.529+0000] {logging_mixin.py:154} INFO - [2024-05-11T21:06:12.529+0000] {dag.py:2941} INFO - Sync 1 DAGs
[2024-05-11T21:06:12.544+0000] {logging_mixin.py:154} INFO - [2024-05-11T21:06:12.544+0000] {dag.py:3722} INFO - Setting next_dagrun for example_nested_branch_dag to 2024-05-10T00:00:00+00:00, run_after=2024-05-11T00:00:00+00:00
[2024-05-11T21:06:12.554+0000] {processor.py:179} INFO - Processing /home/airflow/.local/lib/python3.8/site-packages/airflow/example_dags/example_nested_branch_dag.py took 0.054 seconds
[2024-05-11T21:06:42.884+0000] {processor.py:157} INFO - Started process (PID=155) to work on /home/airflow/.local/lib/python3.8/site-packages/airflow/example_dags/example_nested_branch_dag.py
[2024-05-11T21:06:42.886+0000] {processor.py:829} INFO - Processing file /home/airflow/.local/lib/python3.8/site-packages/airflow/example_dags/example_nested_branch_dag.py for tasks to queue
[2024-05-11T21:06:42.889+0000] {logging_mixin.py:154} INFO - [2024-05-11T21:06:42.889+0000] {dagbag.py:536} INFO - Filling up the DagBag from /home/airflow/.local/lib/python3.8/site-packages/airflow/example_dags/example_nested_branch_dag.py
[2024-05-11T21:06:42.902+0000] {processor.py:839} INFO - DAG(s) dict_keys(['example_nested_branch_dag']) retrieved from /home/airflow/.local/lib/python3.8/site-packages/airflow/example_dags/example_nested_branch_dag.py
[2024-05-11T21:06:42.926+0000] {logging_mixin.py:154} INFO - [2024-05-11T21:06:42.926+0000] {dag.py:2941} INFO - Sync 1 DAGs
[2024-05-11T21:06:42.943+0000] {logging_mixin.py:154} INFO - [2024-05-11T21:06:42.943+0000] {dag.py:3722} INFO - Setting next_dagrun for example_nested_branch_dag to 2024-05-10T00:00:00+00:00, run_after=2024-05-11T00:00:00+00:00
[2024-05-11T21:06:42.955+0000] {processor.py:179} INFO - Processing /home/airflow/.local/lib/python3.8/site-packages/airflow/example_dags/example_nested_branch_dag.py took 0.074 seconds
[2024-05-11T21:07:13.158+0000] {processor.py:157} INFO - Started process (PID=210) to work on /home/airflow/.local/lib/python3.8/site-packages/airflow/example_dags/example_nested_branch_dag.py
[2024-05-11T21:07:13.160+0000] {processor.py:829} INFO - Processing file /home/airflow/.local/lib/python3.8/site-packages/airflow/example_dags/example_nested_branch_dag.py for tasks to queue
[2024-05-11T21:07:13.162+0000] {logging_mixin.py:154} INFO - [2024-05-11T21:07:13.161+0000] {dagbag.py:536} INFO - Filling up the DagBag from /home/airflow/.local/lib/python3.8/site-packages/airflow/example_dags/example_nested_branch_dag.py
[2024-05-11T21:07:13.169+0000] {processor.py:839} INFO - DAG(s) dict_keys(['example_nested_branch_dag']) retrieved from /home/airflow/.local/lib/python3.8/site-packages/airflow/example_dags/example_nested_branch_dag.py
[2024-05-11T21:07:13.186+0000] {logging_mixin.py:154} INFO - [2024-05-11T21:07:13.186+0000] {dag.py:2941} INFO - Sync 1 DAGs
[2024-05-11T21:07:13.199+0000] {logging_mixin.py:154} INFO - [2024-05-11T21:07:13.199+0000] {dag.py:3722} INFO - Setting next_dagrun for example_nested_branch_dag to 2024-05-10T00:00:00+00:00, run_after=2024-05-11T00:00:00+00:00
[2024-05-11T21:07:13.209+0000] {processor.py:179} INFO - Processing /home/airflow/.local/lib/python3.8/site-packages/airflow/example_dags/example_nested_branch_dag.py took 0.053 seconds
[2024-05-11T21:07:43.391+0000] {processor.py:157} INFO - Started process (PID=269) to work on /home/airflow/.local/lib/python3.8/site-packages/airflow/example_dags/example_nested_branch_dag.py
[2024-05-11T21:07:43.393+0000] {processor.py:829} INFO - Processing file /home/airflow/.local/lib/python3.8/site-packages/airflow/example_dags/example_nested_branch_dag.py for tasks to queue
[2024-05-11T21:07:43.395+0000] {logging_mixin.py:154} INFO - [2024-05-11T21:07:43.395+0000] {dagbag.py:536} INFO - Filling up the DagBag from /home/airflow/.local/lib/python3.8/site-packages/airflow/example_dags/example_nested_branch_dag.py
[2024-05-11T21:07:43.403+0000] {processor.py:839} INFO - DAG(s) dict_keys(['example_nested_branch_dag']) retrieved from /home/airflow/.local/lib/python3.8/site-packages/airflow/example_dags/example_nested_branch_dag.py
[2024-05-11T21:07:43.421+0000] {logging_mixin.py:154} INFO - [2024-05-11T21:07:43.420+0000] {dag.py:2941} INFO - Sync 1 DAGs
[2024-05-11T21:07:43.434+0000] {logging_mixin.py:154} INFO - [2024-05-11T21:07:43.434+0000] {dag.py:3722} INFO - Setting next_dagrun for example_nested_branch_dag to 2024-05-11T00:00:00+00:00, run_after=2024-05-12T00:00:00+00:00
[2024-05-11T21:07:43.444+0000] {processor.py:179} INFO - Processing /home/airflow/.local/lib/python3.8/site-packages/airflow/example_dags/example_nested_branch_dag.py took 0.056 seconds
[2024-05-11T21:08:13.676+0000] {processor.py:157} INFO - Started process (PID=324) to work on /home/airflow/.local/lib/python3.8/site-packages/airflow/example_dags/example_nested_branch_dag.py
[2024-05-11T21:08:13.678+0000] {processor.py:829} INFO - Processing file /home/airflow/.local/lib/python3.8/site-packages/airflow/example_dags/example_nested_branch_dag.py for tasks to queue
[2024-05-11T21:08:13.679+0000] {logging_mixin.py:154} INFO - [2024-05-11T21:08:13.679+0000] {dagbag.py:536} INFO - Filling up the DagBag from /home/airflow/.local/lib/python3.8/site-packages/airflow/example_dags/example_nested_branch_dag.py
[2024-05-11T21:08:13.686+0000] {processor.py:839} INFO - DAG(s) dict_keys(['example_nested_branch_dag']) retrieved from /home/airflow/.local/lib/python3.8/site-packages/airflow/example_dags/example_nested_branch_dag.py
[2024-05-11T21:08:13.702+0000] {logging_mixin.py:154} INFO - [2024-05-11T21:08:13.702+0000] {dag.py:2941} INFO - Sync 1 DAGs
[2024-05-11T21:08:13.716+0000] {logging_mixin.py:154} INFO - [2024-05-11T21:08:13.716+0000] {dag.py:3722} INFO - Setting next_dagrun for example_nested_branch_dag to 2024-05-11T00:00:00+00:00, run_after=2024-05-12T00:00:00+00:00
[2024-05-11T21:08:13.725+0000] {processor.py:179} INFO - Processing /home/airflow/.local/lib/python3.8/site-packages/airflow/example_dags/example_nested_branch_dag.py took 0.051 seconds
[2024-05-11T21:08:43.922+0000] {processor.py:157} INFO - Started process (PID=379) to work on /home/airflow/.local/lib/python3.8/site-packages/airflow/example_dags/example_nested_branch_dag.py
[2024-05-11T21:08:43.924+0000] {processor.py:829} INFO - Processing file /home/airflow/.local/lib/python3.8/site-packages/airflow/example_dags/example_nested_branch_dag.py for tasks to queue
[2024-05-11T21:08:43.926+0000] {logging_mixin.py:154} INFO - [2024-05-11T21:08:43.925+0000] {dagbag.py:536} INFO - Filling up the DagBag from /home/airflow/.local/lib/python3.8/site-packages/airflow/example_dags/example_nested_branch_dag.py
[2024-05-11T21:08:43.933+0000] {processor.py:839} INFO - DAG(s) dict_keys(['example_nested_branch_dag']) retrieved from /home/airflow/.local/lib/python3.8/site-packages/airflow/example_dags/example_nested_branch_dag.py
[2024-05-11T21:08:43.949+0000] {logging_mixin.py:154} INFO - [2024-05-11T21:08:43.949+0000] {dag.py:2941} INFO - Sync 1 DAGs
[2024-05-11T21:08:43.963+0000] {logging_mixin.py:154} INFO - [2024-05-11T21:08:43.963+0000] {dag.py:3722} INFO - Setting next_dagrun for example_nested_branch_dag to 2024-05-11T00:00:00+00:00, run_after=2024-05-12T00:00:00+00:00
[2024-05-11T21:08:43.973+0000] {processor.py:179} INFO - Processing /home/airflow/.local/lib/python3.8/site-packages/airflow/example_dags/example_nested_branch_dag.py took 0.053 seconds
[2024-05-11T21:09:14.278+0000] {processor.py:157} INFO - Started process (PID=433) to work on /home/airflow/.local/lib/python3.8/site-packages/airflow/example_dags/example_nested_branch_dag.py
[2024-05-11T21:09:14.280+0000] {processor.py:829} INFO - Processing file /home/airflow/.local/lib/python3.8/site-packages/airflow/example_dags/example_nested_branch_dag.py for tasks to queue
[2024-05-11T21:09:14.283+0000] {logging_mixin.py:154} INFO - [2024-05-11T21:09:14.282+0000] {dagbag.py:536} INFO - Filling up the DagBag from /home/airflow/.local/lib/python3.8/site-packages/airflow/example_dags/example_nested_branch_dag.py
[2024-05-11T21:09:14.296+0000] {processor.py:839} INFO - DAG(s) dict_keys(['example_nested_branch_dag']) retrieved from /home/airflow/.local/lib/python3.8/site-packages/airflow/example_dags/example_nested_branch_dag.py
[2024-05-11T21:09:14.336+0000] {logging_mixin.py:154} INFO - [2024-05-11T21:09:14.336+0000] {dag.py:2941} INFO - Sync 1 DAGs
[2024-05-11T21:09:14.359+0000] {logging_mixin.py:154} INFO - [2024-05-11T21:09:14.359+0000] {dag.py:3722} INFO - Setting next_dagrun for example_nested_branch_dag to 2024-05-11T00:00:00+00:00, run_after=2024-05-12T00:00:00+00:00
[2024-05-11T21:09:14.380+0000] {processor.py:179} INFO - Processing /home/airflow/.local/lib/python3.8/site-packages/airflow/example_dags/example_nested_branch_dag.py took 0.106 seconds
[2024-05-11T21:09:44.653+0000] {processor.py:157} INFO - Started process (PID=488) to work on /home/airflow/.local/lib/python3.8/site-packages/airflow/example_dags/example_nested_branch_dag.py
[2024-05-11T21:09:44.654+0000] {processor.py:829} INFO - Processing file /home/airflow/.local/lib/python3.8/site-packages/airflow/example_dags/example_nested_branch_dag.py for tasks to queue
[2024-05-11T21:09:44.656+0000] {logging_mixin.py:154} INFO - [2024-05-11T21:09:44.656+0000] {dagbag.py:536} INFO - Filling up the DagBag from /home/airflow/.local/lib/python3.8/site-packages/airflow/example_dags/example_nested_branch_dag.py
[2024-05-11T21:09:44.663+0000] {processor.py:839} INFO - DAG(s) dict_keys(['example_nested_branch_dag']) retrieved from /home/airflow/.local/lib/python3.8/site-packages/airflow/example_dags/example_nested_branch_dag.py
[2024-05-11T21:09:44.679+0000] {logging_mixin.py:154} INFO - [2024-05-11T21:09:44.679+0000] {dag.py:2941} INFO - Sync 1 DAGs
[2024-05-11T21:09:44.693+0000] {logging_mixin.py:154} INFO - [2024-05-11T21:09:44.692+0000] {dag.py:3722} INFO - Setting next_dagrun for example_nested_branch_dag to 2024-05-11T00:00:00+00:00, run_after=2024-05-12T00:00:00+00:00
[2024-05-11T21:09:44.702+0000] {processor.py:179} INFO - Processing /home/airflow/.local/lib/python3.8/site-packages/airflow/example_dags/example_nested_branch_dag.py took 0.052 seconds
[2024-05-11T21:10:14.849+0000] {processor.py:157} INFO - Started process (PID=542) to work on /home/airflow/.local/lib/python3.8/site-packages/airflow/example_dags/example_nested_branch_dag.py
[2024-05-11T21:10:14.850+0000] {processor.py:829} INFO - Processing file /home/airflow/.local/lib/python3.8/site-packages/airflow/example_dags/example_nested_branch_dag.py for tasks to queue
[2024-05-11T21:10:14.852+0000] {logging_mixin.py:154} INFO - [2024-05-11T21:10:14.851+0000] {dagbag.py:536} INFO - Filling up the DagBag from /home/airflow/.local/lib/python3.8/site-packages/airflow/example_dags/example_nested_branch_dag.py
[2024-05-11T21:10:14.858+0000] {processor.py:839} INFO - DAG(s) dict_keys(['example_nested_branch_dag']) retrieved from /home/airflow/.local/lib/python3.8/site-packages/airflow/example_dags/example_nested_branch_dag.py
[2024-05-11T21:10:14.874+0000] {logging_mixin.py:154} INFO - [2024-05-11T21:10:14.874+0000] {dag.py:2941} INFO - Sync 1 DAGs
[2024-05-11T21:10:14.887+0000] {logging_mixin.py:154} INFO - [2024-05-11T21:10:14.887+0000] {dag.py:3722} INFO - Setting next_dagrun for example_nested_branch_dag to 2024-05-11T00:00:00+00:00, run_after=2024-05-12T00:00:00+00:00
[2024-05-11T21:10:14.896+0000] {processor.py:179} INFO - Processing /home/airflow/.local/lib/python3.8/site-packages/airflow/example_dags/example_nested_branch_dag.py took 0.050 seconds
[2024-05-11T21:10:45.132+0000] {processor.py:157} INFO - Started process (PID=597) to work on /home/airflow/.local/lib/python3.8/site-packages/airflow/example_dags/example_nested_branch_dag.py
[2024-05-11T21:10:45.134+0000] {processor.py:829} INFO - Processing file /home/airflow/.local/lib/python3.8/site-packages/airflow/example_dags/example_nested_branch_dag.py for tasks to queue
[2024-05-11T21:10:45.136+0000] {logging_mixin.py:154} INFO - [2024-05-11T21:10:45.135+0000] {dagbag.py:536} INFO - Filling up the DagBag from /home/airflow/.local/lib/python3.8/site-packages/airflow/example_dags/example_nested_branch_dag.py
[2024-05-11T21:10:45.143+0000] {processor.py:839} INFO - DAG(s) dict_keys(['example_nested_branch_dag']) retrieved from /home/airflow/.local/lib/python3.8/site-packages/airflow/example_dags/example_nested_branch_dag.py
[2024-05-11T21:10:45.160+0000] {logging_mixin.py:154} INFO - [2024-05-11T21:10:45.160+0000] {dag.py:2941} INFO - Sync 1 DAGs
[2024-05-11T21:10:45.173+0000] {logging_mixin.py:154} INFO - [2024-05-11T21:10:45.173+0000] {dag.py:3722} INFO - Setting next_dagrun for example_nested_branch_dag to 2024-05-11T00:00:00+00:00, run_after=2024-05-12T00:00:00+00:00
[2024-05-11T21:10:45.182+0000] {processor.py:179} INFO - Processing /home/airflow/.local/lib/python3.8/site-packages/airflow/example_dags/example_nested_branch_dag.py took 0.053 seconds
[2024-05-11T21:11:15.520+0000] {processor.py:157} INFO - Started process (PID=652) to work on /home/airflow/.local/lib/python3.8/site-packages/airflow/example_dags/example_nested_branch_dag.py
[2024-05-11T21:11:15.521+0000] {processor.py:829} INFO - Processing file /home/airflow/.local/lib/python3.8/site-packages/airflow/example_dags/example_nested_branch_dag.py for tasks to queue
[2024-05-11T21:11:15.523+0000] {logging_mixin.py:154} INFO - [2024-05-11T21:11:15.522+0000] {dagbag.py:536} INFO - Filling up the DagBag from /home/airflow/.local/lib/python3.8/site-packages/airflow/example_dags/example_nested_branch_dag.py
[2024-05-11T21:11:15.529+0000] {processor.py:839} INFO - DAG(s) dict_keys(['example_nested_branch_dag']) retrieved from /home/airflow/.local/lib/python3.8/site-packages/airflow/example_dags/example_nested_branch_dag.py
[2024-05-11T21:11:15.546+0000] {logging_mixin.py:154} INFO - [2024-05-11T21:11:15.546+0000] {dag.py:2941} INFO - Sync 1 DAGs
[2024-05-11T21:11:15.559+0000] {logging_mixin.py:154} INFO - [2024-05-11T21:11:15.559+0000] {dag.py:3722} INFO - Setting next_dagrun for example_nested_branch_dag to 2024-05-11T00:00:00+00:00, run_after=2024-05-12T00:00:00+00:00
[2024-05-11T21:11:15.570+0000] {processor.py:179} INFO - Processing /home/airflow/.local/lib/python3.8/site-packages/airflow/example_dags/example_nested_branch_dag.py took 0.053 seconds
[2024-05-11T21:11:45.850+0000] {processor.py:157} INFO - Started process (PID=707) to work on /home/airflow/.local/lib/python3.8/site-packages/airflow/example_dags/example_nested_branch_dag.py
[2024-05-11T21:11:45.852+0000] {processor.py:829} INFO - Processing file /home/airflow/.local/lib/python3.8/site-packages/airflow/example_dags/example_nested_branch_dag.py for tasks to queue
[2024-05-11T21:11:45.854+0000] {logging_mixin.py:154} INFO - [2024-05-11T21:11:45.854+0000] {dagbag.py:536} INFO - Filling up the DagBag from /home/airflow/.local/lib/python3.8/site-packages/airflow/example_dags/example_nested_branch_dag.py
[2024-05-11T21:11:45.861+0000] {processor.py:839} INFO - DAG(s) dict_keys(['example_nested_branch_dag']) retrieved from /home/airflow/.local/lib/python3.8/site-packages/airflow/example_dags/example_nested_branch_dag.py
[2024-05-11T21:11:45.878+0000] {logging_mixin.py:154} INFO - [2024-05-11T21:11:45.878+0000] {dag.py:2941} INFO - Sync 1 DAGs
[2024-05-11T21:11:45.892+0000] {logging_mixin.py:154} INFO - [2024-05-11T21:11:45.892+0000] {dag.py:3722} INFO - Setting next_dagrun for example_nested_branch_dag to 2024-05-11T00:00:00+00:00, run_after=2024-05-12T00:00:00+00:00
[2024-05-11T21:11:45.902+0000] {processor.py:179} INFO - Processing /home/airflow/.local/lib/python3.8/site-packages/airflow/example_dags/example_nested_branch_dag.py took 0.055 seconds
[2024-05-11T21:12:16.073+0000] {processor.py:157} INFO - Started process (PID=763) to work on /home/airflow/.local/lib/python3.8/site-packages/airflow/example_dags/example_nested_branch_dag.py
[2024-05-11T21:12:16.074+0000] {processor.py:829} INFO - Processing file /home/airflow/.local/lib/python3.8/site-packages/airflow/example_dags/example_nested_branch_dag.py for tasks to queue
[2024-05-11T21:12:16.076+0000] {logging_mixin.py:154} INFO - [2024-05-11T21:12:16.076+0000] {dagbag.py:536} INFO - Filling up the DagBag from /home/airflow/.local/lib/python3.8/site-packages/airflow/example_dags/example_nested_branch_dag.py
[2024-05-11T21:12:16.083+0000] {processor.py:839} INFO - DAG(s) dict_keys(['example_nested_branch_dag']) retrieved from /home/airflow/.local/lib/python3.8/site-packages/airflow/example_dags/example_nested_branch_dag.py
[2024-05-11T21:12:16.099+0000] {logging_mixin.py:154} INFO - [2024-05-11T21:12:16.099+0000] {dag.py:2941} INFO - Sync 1 DAGs
[2024-05-11T21:12:16.111+0000] {logging_mixin.py:154} INFO - [2024-05-11T21:12:16.111+0000] {dag.py:3722} INFO - Setting next_dagrun for example_nested_branch_dag to 2024-05-11T00:00:00+00:00, run_after=2024-05-12T00:00:00+00:00
[2024-05-11T21:12:16.121+0000] {processor.py:179} INFO - Processing /home/airflow/.local/lib/python3.8/site-packages/airflow/example_dags/example_nested_branch_dag.py took 0.051 seconds
[2024-05-11T21:12:46.476+0000] {processor.py:157} INFO - Started process (PID=818) to work on /home/airflow/.local/lib/python3.8/site-packages/airflow/example_dags/example_nested_branch_dag.py
[2024-05-11T21:12:46.478+0000] {processor.py:829} INFO - Processing file /home/airflow/.local/lib/python3.8/site-packages/airflow/example_dags/example_nested_branch_dag.py for tasks to queue
[2024-05-11T21:12:46.479+0000] {logging_mixin.py:154} INFO - [2024-05-11T21:12:46.479+0000] {dagbag.py:536} INFO - Filling up the DagBag from /home/airflow/.local/lib/python3.8/site-packages/airflow/example_dags/example_nested_branch_dag.py
[2024-05-11T21:12:46.486+0000] {processor.py:839} INFO - DAG(s) dict_keys(['example_nested_branch_dag']) retrieved from /home/airflow/.local/lib/python3.8/site-packages/airflow/example_dags/example_nested_branch_dag.py
[2024-05-11T21:12:46.502+0000] {logging_mixin.py:154} INFO - [2024-05-11T21:12:46.502+0000] {dag.py:2941} INFO - Sync 1 DAGs
[2024-05-11T21:12:46.515+0000] {logging_mixin.py:154} INFO - [2024-05-11T21:12:46.515+0000] {dag.py:3722} INFO - Setting next_dagrun for example_nested_branch_dag to 2024-05-11T00:00:00+00:00, run_after=2024-05-12T00:00:00+00:00
[2024-05-11T21:12:46.524+0000] {processor.py:179} INFO - Processing /home/airflow/.local/lib/python3.8/site-packages/airflow/example_dags/example_nested_branch_dag.py took 0.051 seconds
[2024-05-11T21:13:16.822+0000] {processor.py:157} INFO - Started process (PID=873) to work on /home/airflow/.local/lib/python3.8/site-packages/airflow/example_dags/example_nested_branch_dag.py
[2024-05-11T21:13:16.823+0000] {processor.py:829} INFO - Processing file /home/airflow/.local/lib/python3.8/site-packages/airflow/example_dags/example_nested_branch_dag.py for tasks to queue
[2024-05-11T21:13:16.825+0000] {logging_mixin.py:154} INFO - [2024-05-11T21:13:16.825+0000] {dagbag.py:536} INFO - Filling up the DagBag from /home/airflow/.local/lib/python3.8/site-packages/airflow/example_dags/example_nested_branch_dag.py
[2024-05-11T21:13:16.833+0000] {processor.py:839} INFO - DAG(s) dict_keys(['example_nested_branch_dag']) retrieved from /home/airflow/.local/lib/python3.8/site-packages/airflow/example_dags/example_nested_branch_dag.py
[2024-05-11T21:13:16.857+0000] {logging_mixin.py:154} INFO - [2024-05-11T21:13:16.857+0000] {dag.py:2941} INFO - Sync 1 DAGs
[2024-05-11T21:13:16.871+0000] {logging_mixin.py:154} INFO - [2024-05-11T21:13:16.871+0000] {dag.py:3722} INFO - Setting next_dagrun for example_nested_branch_dag to 2024-05-11T00:00:00+00:00, run_after=2024-05-12T00:00:00+00:00
[2024-05-11T21:13:16.882+0000] {processor.py:179} INFO - Processing /home/airflow/.local/lib/python3.8/site-packages/airflow/example_dags/example_nested_branch_dag.py took 0.062 seconds
[2024-05-11T21:13:47.041+0000] {processor.py:157} INFO - Started process (PID=928) to work on /home/airflow/.local/lib/python3.8/site-packages/airflow/example_dags/example_nested_branch_dag.py
[2024-05-11T21:13:47.042+0000] {processor.py:829} INFO - Processing file /home/airflow/.local/lib/python3.8/site-packages/airflow/example_dags/example_nested_branch_dag.py for tasks to queue
[2024-05-11T21:13:47.044+0000] {logging_mixin.py:154} INFO - [2024-05-11T21:13:47.044+0000] {dagbag.py:536} INFO - Filling up the DagBag from /home/airflow/.local/lib/python3.8/site-packages/airflow/example_dags/example_nested_branch_dag.py
[2024-05-11T21:13:47.052+0000] {processor.py:839} INFO - DAG(s) dict_keys(['example_nested_branch_dag']) retrieved from /home/airflow/.local/lib/python3.8/site-packages/airflow/example_dags/example_nested_branch_dag.py
[2024-05-11T21:13:47.068+0000] {logging_mixin.py:154} INFO - [2024-05-11T21:13:47.068+0000] {dag.py:2941} INFO - Sync 1 DAGs
[2024-05-11T21:13:47.081+0000] {logging_mixin.py:154} INFO - [2024-05-11T21:13:47.081+0000] {dag.py:3722} INFO - Setting next_dagrun for example_nested_branch_dag to 2024-05-11T00:00:00+00:00, run_after=2024-05-12T00:00:00+00:00
[2024-05-11T21:13:47.091+0000] {processor.py:179} INFO - Processing /home/airflow/.local/lib/python3.8/site-packages/airflow/example_dags/example_nested_branch_dag.py took 0.052 seconds
[2024-05-11T21:14:17.235+0000] {processor.py:157} INFO - Started process (PID=983) to work on /home/airflow/.local/lib/python3.8/site-packages/airflow/example_dags/example_nested_branch_dag.py
[2024-05-11T21:14:17.236+0000] {processor.py:829} INFO - Processing file /home/airflow/.local/lib/python3.8/site-packages/airflow/example_dags/example_nested_branch_dag.py for tasks to queue
[2024-05-11T21:14:17.238+0000] {logging_mixin.py:154} INFO - [2024-05-11T21:14:17.238+0000] {dagbag.py:536} INFO - Filling up the DagBag from /home/airflow/.local/lib/python3.8/site-packages/airflow/example_dags/example_nested_branch_dag.py
[2024-05-11T21:14:17.244+0000] {processor.py:839} INFO - DAG(s) dict_keys(['example_nested_branch_dag']) retrieved from /home/airflow/.local/lib/python3.8/site-packages/airflow/example_dags/example_nested_branch_dag.py
[2024-05-11T21:14:17.260+0000] {logging_mixin.py:154} INFO - [2024-05-11T21:14:17.260+0000] {dag.py:2941} INFO - Sync 1 DAGs
[2024-05-11T21:14:17.274+0000] {logging_mixin.py:154} INFO - [2024-05-11T21:14:17.274+0000] {dag.py:3722} INFO - Setting next_dagrun for example_nested_branch_dag to 2024-05-11T00:00:00+00:00, run_after=2024-05-12T00:00:00+00:00
[2024-05-11T21:14:17.284+0000] {processor.py:179} INFO - Processing /home/airflow/.local/lib/python3.8/site-packages/airflow/example_dags/example_nested_branch_dag.py took 0.052 seconds
[2024-05-11T21:14:47.476+0000] {processor.py:157} INFO - Started process (PID=1039) to work on /home/airflow/.local/lib/python3.8/site-packages/airflow/example_dags/example_nested_branch_dag.py
[2024-05-11T21:14:47.477+0000] {processor.py:829} INFO - Processing file /home/airflow/.local/lib/python3.8/site-packages/airflow/example_dags/example_nested_branch_dag.py for tasks to queue
[2024-05-11T21:14:47.479+0000] {logging_mixin.py:154} INFO - [2024-05-11T21:14:47.479+0000] {dagbag.py:536} INFO - Filling up the DagBag from /home/airflow/.local/lib/python3.8/site-packages/airflow/example_dags/example_nested_branch_dag.py
[2024-05-11T21:14:47.487+0000] {processor.py:839} INFO - DAG(s) dict_keys(['example_nested_branch_dag']) retrieved from /home/airflow/.local/lib/python3.8/site-packages/airflow/example_dags/example_nested_branch_dag.py
[2024-05-11T21:14:47.506+0000] {logging_mixin.py:154} INFO - [2024-05-11T21:14:47.506+0000] {dag.py:2941} INFO - Sync 1 DAGs
[2024-05-11T21:14:47.520+0000] {logging_mixin.py:154} INFO - [2024-05-11T21:14:47.520+0000] {dag.py:3722} INFO - Setting next_dagrun for example_nested_branch_dag to 2024-05-11T00:00:00+00:00, run_after=2024-05-12T00:00:00+00:00
[2024-05-11T21:14:47.530+0000] {processor.py:179} INFO - Processing /home/airflow/.local/lib/python3.8/site-packages/airflow/example_dags/example_nested_branch_dag.py took 0.057 seconds
[2024-05-11T21:15:17.884+0000] {processor.py:157} INFO - Started process (PID=1094) to work on /home/airflow/.local/lib/python3.8/site-packages/airflow/example_dags/example_nested_branch_dag.py
[2024-05-11T21:15:17.885+0000] {processor.py:829} INFO - Processing file /home/airflow/.local/lib/python3.8/site-packages/airflow/example_dags/example_nested_branch_dag.py for tasks to queue
[2024-05-11T21:15:17.888+0000] {logging_mixin.py:154} INFO - [2024-05-11T21:15:17.887+0000] {dagbag.py:536} INFO - Filling up the DagBag from /home/airflow/.local/lib/python3.8/site-packages/airflow/example_dags/example_nested_branch_dag.py
[2024-05-11T21:15:17.894+0000] {processor.py:839} INFO - DAG(s) dict_keys(['example_nested_branch_dag']) retrieved from /home/airflow/.local/lib/python3.8/site-packages/airflow/example_dags/example_nested_branch_dag.py
[2024-05-11T21:15:17.910+0000] {logging_mixin.py:154} INFO - [2024-05-11T21:15:17.910+0000] {dag.py:2941} INFO - Sync 1 DAGs
[2024-05-11T21:15:17.924+0000] {logging_mixin.py:154} INFO - [2024-05-11T21:15:17.924+0000] {dag.py:3722} INFO - Setting next_dagrun for example_nested_branch_dag to 2024-05-11T00:00:00+00:00, run_after=2024-05-12T00:00:00+00:00
[2024-05-11T21:15:17.934+0000] {processor.py:179} INFO - Processing /home/airflow/.local/lib/python3.8/site-packages/airflow/example_dags/example_nested_branch_dag.py took 0.053 seconds
[2024-05-11T21:16:31.594+0000] {processor.py:157} INFO - Started process (PID=45) to work on /home/airflow/.local/lib/python3.8/site-packages/airflow/example_dags/example_nested_branch_dag.py
[2024-05-11T21:16:31.596+0000] {processor.py:829} INFO - Processing file /home/airflow/.local/lib/python3.8/site-packages/airflow/example_dags/example_nested_branch_dag.py for tasks to queue
[2024-05-11T21:16:31.601+0000] {logging_mixin.py:154} INFO - [2024-05-11T21:16:31.600+0000] {dagbag.py:536} INFO - Filling up the DagBag from /home/airflow/.local/lib/python3.8/site-packages/airflow/example_dags/example_nested_branch_dag.py
[2024-05-11T21:16:31.616+0000] {processor.py:839} INFO - DAG(s) dict_keys(['example_nested_branch_dag']) retrieved from /home/airflow/.local/lib/python3.8/site-packages/airflow/example_dags/example_nested_branch_dag.py
[2024-05-11T21:16:31.644+0000] {logging_mixin.py:154} INFO - [2024-05-11T21:16:31.644+0000] {dag.py:2941} INFO - Sync 1 DAGs
[2024-05-11T21:16:31.672+0000] {logging_mixin.py:154} INFO - [2024-05-11T21:16:31.672+0000] {dag.py:3722} INFO - Setting next_dagrun for example_nested_branch_dag to 2024-05-11T00:00:00+00:00, run_after=2024-05-12T00:00:00+00:00
[2024-05-11T21:16:31.716+0000] {processor.py:179} INFO - Processing /home/airflow/.local/lib/python3.8/site-packages/airflow/example_dags/example_nested_branch_dag.py took 0.145 seconds
[2024-05-11T21:17:01.990+0000] {processor.py:157} INFO - Started process (PID=101) to work on /home/airflow/.local/lib/python3.8/site-packages/airflow/example_dags/example_nested_branch_dag.py
[2024-05-11T21:17:01.991+0000] {processor.py:829} INFO - Processing file /home/airflow/.local/lib/python3.8/site-packages/airflow/example_dags/example_nested_branch_dag.py for tasks to queue
[2024-05-11T21:17:01.993+0000] {logging_mixin.py:154} INFO - [2024-05-11T21:17:01.993+0000] {dagbag.py:536} INFO - Filling up the DagBag from /home/airflow/.local/lib/python3.8/site-packages/airflow/example_dags/example_nested_branch_dag.py
[2024-05-11T21:17:01.999+0000] {processor.py:839} INFO - DAG(s) dict_keys(['example_nested_branch_dag']) retrieved from /home/airflow/.local/lib/python3.8/site-packages/airflow/example_dags/example_nested_branch_dag.py
[2024-05-11T21:17:02.016+0000] {logging_mixin.py:154} INFO - [2024-05-11T21:17:02.016+0000] {dag.py:2941} INFO - Sync 1 DAGs
[2024-05-11T21:17:02.029+0000] {logging_mixin.py:154} INFO - [2024-05-11T21:17:02.029+0000] {dag.py:3722} INFO - Setting next_dagrun for example_nested_branch_dag to 2024-05-11T00:00:00+00:00, run_after=2024-05-12T00:00:00+00:00
[2024-05-11T21:17:02.039+0000] {processor.py:179} INFO - Processing /home/airflow/.local/lib/python3.8/site-packages/airflow/example_dags/example_nested_branch_dag.py took 0.051 seconds
[2024-05-11T21:17:32.329+0000] {processor.py:157} INFO - Started process (PID=156) to work on /home/airflow/.local/lib/python3.8/site-packages/airflow/example_dags/example_nested_branch_dag.py
[2024-05-11T21:17:32.331+0000] {processor.py:829} INFO - Processing file /home/airflow/.local/lib/python3.8/site-packages/airflow/example_dags/example_nested_branch_dag.py for tasks to queue
[2024-05-11T21:17:32.333+0000] {logging_mixin.py:154} INFO - [2024-05-11T21:17:32.333+0000] {dagbag.py:536} INFO - Filling up the DagBag from /home/airflow/.local/lib/python3.8/site-packages/airflow/example_dags/example_nested_branch_dag.py
[2024-05-11T21:17:32.340+0000] {processor.py:839} INFO - DAG(s) dict_keys(['example_nested_branch_dag']) retrieved from /home/airflow/.local/lib/python3.8/site-packages/airflow/example_dags/example_nested_branch_dag.py
[2024-05-11T21:17:32.357+0000] {logging_mixin.py:154} INFO - [2024-05-11T21:17:32.357+0000] {dag.py:2941} INFO - Sync 1 DAGs
[2024-05-11T21:17:32.371+0000] {logging_mixin.py:154} INFO - [2024-05-11T21:17:32.371+0000] {dag.py:3722} INFO - Setting next_dagrun for example_nested_branch_dag to 2024-05-11T00:00:00+00:00, run_after=2024-05-12T00:00:00+00:00
[2024-05-11T21:17:32.381+0000] {processor.py:179} INFO - Processing /home/airflow/.local/lib/python3.8/site-packages/airflow/example_dags/example_nested_branch_dag.py took 0.055 seconds
[2024-05-11T21:18:02.799+0000] {processor.py:157} INFO - Started process (PID=212) to work on /home/airflow/.local/lib/python3.8/site-packages/airflow/example_dags/example_nested_branch_dag.py
[2024-05-11T21:18:02.800+0000] {processor.py:829} INFO - Processing file /home/airflow/.local/lib/python3.8/site-packages/airflow/example_dags/example_nested_branch_dag.py for tasks to queue
[2024-05-11T21:18:02.802+0000] {logging_mixin.py:154} INFO - [2024-05-11T21:18:02.802+0000] {dagbag.py:536} INFO - Filling up the DagBag from /home/airflow/.local/lib/python3.8/site-packages/airflow/example_dags/example_nested_branch_dag.py
[2024-05-11T21:18:02.809+0000] {processor.py:839} INFO - DAG(s) dict_keys(['example_nested_branch_dag']) retrieved from /home/airflow/.local/lib/python3.8/site-packages/airflow/example_dags/example_nested_branch_dag.py
[2024-05-11T21:18:02.826+0000] {logging_mixin.py:154} INFO - [2024-05-11T21:18:02.826+0000] {dag.py:2941} INFO - Sync 1 DAGs
[2024-05-11T21:18:02.840+0000] {logging_mixin.py:154} INFO - [2024-05-11T21:18:02.840+0000] {dag.py:3722} INFO - Setting next_dagrun for example_nested_branch_dag to 2024-05-11T00:00:00+00:00, run_after=2024-05-12T00:00:00+00:00
[2024-05-11T21:18:02.850+0000] {processor.py:179} INFO - Processing /home/airflow/.local/lib/python3.8/site-packages/airflow/example_dags/example_nested_branch_dag.py took 0.054 seconds
[2024-05-11T21:18:32.946+0000] {processor.py:157} INFO - Started process (PID=267) to work on /home/airflow/.local/lib/python3.8/site-packages/airflow/example_dags/example_nested_branch_dag.py
[2024-05-11T21:18:32.947+0000] {processor.py:829} INFO - Processing file /home/airflow/.local/lib/python3.8/site-packages/airflow/example_dags/example_nested_branch_dag.py for tasks to queue
[2024-05-11T21:18:32.949+0000] {logging_mixin.py:154} INFO - [2024-05-11T21:18:32.949+0000] {dagbag.py:536} INFO - Filling up the DagBag from /home/airflow/.local/lib/python3.8/site-packages/airflow/example_dags/example_nested_branch_dag.py
[2024-05-11T21:18:32.956+0000] {processor.py:839} INFO - DAG(s) dict_keys(['example_nested_branch_dag']) retrieved from /home/airflow/.local/lib/python3.8/site-packages/airflow/example_dags/example_nested_branch_dag.py
[2024-05-11T21:18:32.975+0000] {logging_mixin.py:154} INFO - [2024-05-11T21:18:32.975+0000] {dag.py:2941} INFO - Sync 1 DAGs
[2024-05-11T21:18:32.990+0000] {logging_mixin.py:154} INFO - [2024-05-11T21:18:32.990+0000] {dag.py:3722} INFO - Setting next_dagrun for example_nested_branch_dag to 2024-05-11T00:00:00+00:00, run_after=2024-05-12T00:00:00+00:00
[2024-05-11T21:18:33.001+0000] {processor.py:179} INFO - Processing /home/airflow/.local/lib/python3.8/site-packages/airflow/example_dags/example_nested_branch_dag.py took 0.058 seconds
[2024-05-11T21:19:03.222+0000] {processor.py:157} INFO - Started process (PID=322) to work on /home/airflow/.local/lib/python3.8/site-packages/airflow/example_dags/example_nested_branch_dag.py
[2024-05-11T21:19:03.224+0000] {processor.py:829} INFO - Processing file /home/airflow/.local/lib/python3.8/site-packages/airflow/example_dags/example_nested_branch_dag.py for tasks to queue
[2024-05-11T21:19:03.226+0000] {logging_mixin.py:154} INFO - [2024-05-11T21:19:03.226+0000] {dagbag.py:536} INFO - Filling up the DagBag from /home/airflow/.local/lib/python3.8/site-packages/airflow/example_dags/example_nested_branch_dag.py
[2024-05-11T21:19:03.233+0000] {processor.py:839} INFO - DAG(s) dict_keys(['example_nested_branch_dag']) retrieved from /home/airflow/.local/lib/python3.8/site-packages/airflow/example_dags/example_nested_branch_dag.py
[2024-05-11T21:19:03.250+0000] {logging_mixin.py:154} INFO - [2024-05-11T21:19:03.250+0000] {dag.py:2941} INFO - Sync 1 DAGs
[2024-05-11T21:19:03.265+0000] {logging_mixin.py:154} INFO - [2024-05-11T21:19:03.265+0000] {dag.py:3722} INFO - Setting next_dagrun for example_nested_branch_dag to 2024-05-11T00:00:00+00:00, run_after=2024-05-12T00:00:00+00:00
[2024-05-11T21:19:03.275+0000] {processor.py:179} INFO - Processing /home/airflow/.local/lib/python3.8/site-packages/airflow/example_dags/example_nested_branch_dag.py took 0.056 seconds
[2024-05-11T21:19:33.615+0000] {processor.py:157} INFO - Started process (PID=377) to work on /home/airflow/.local/lib/python3.8/site-packages/airflow/example_dags/example_nested_branch_dag.py
[2024-05-11T21:19:33.616+0000] {processor.py:829} INFO - Processing file /home/airflow/.local/lib/python3.8/site-packages/airflow/example_dags/example_nested_branch_dag.py for tasks to queue
[2024-05-11T21:19:33.618+0000] {logging_mixin.py:154} INFO - [2024-05-11T21:19:33.618+0000] {dagbag.py:536} INFO - Filling up the DagBag from /home/airflow/.local/lib/python3.8/site-packages/airflow/example_dags/example_nested_branch_dag.py
[2024-05-11T21:19:33.626+0000] {processor.py:839} INFO - DAG(s) dict_keys(['example_nested_branch_dag']) retrieved from /home/airflow/.local/lib/python3.8/site-packages/airflow/example_dags/example_nested_branch_dag.py
[2024-05-11T21:19:33.643+0000] {logging_mixin.py:154} INFO - [2024-05-11T21:19:33.643+0000] {dag.py:2941} INFO - Sync 1 DAGs
[2024-05-11T21:19:33.657+0000] {logging_mixin.py:154} INFO - [2024-05-11T21:19:33.657+0000] {dag.py:3722} INFO - Setting next_dagrun for example_nested_branch_dag to 2024-05-11T00:00:00+00:00, run_after=2024-05-12T00:00:00+00:00
[2024-05-11T21:19:33.670+0000] {processor.py:179} INFO - Processing /home/airflow/.local/lib/python3.8/site-packages/airflow/example_dags/example_nested_branch_dag.py took 0.059 seconds
[2024-05-11T21:20:03.986+0000] {processor.py:157} INFO - Started process (PID=432) to work on /home/airflow/.local/lib/python3.8/site-packages/airflow/example_dags/example_nested_branch_dag.py
[2024-05-11T21:20:03.987+0000] {processor.py:829} INFO - Processing file /home/airflow/.local/lib/python3.8/site-packages/airflow/example_dags/example_nested_branch_dag.py for tasks to queue
[2024-05-11T21:20:03.989+0000] {logging_mixin.py:154} INFO - [2024-05-11T21:20:03.989+0000] {dagbag.py:536} INFO - Filling up the DagBag from /home/airflow/.local/lib/python3.8/site-packages/airflow/example_dags/example_nested_branch_dag.py
[2024-05-11T21:20:03.996+0000] {processor.py:839} INFO - DAG(s) dict_keys(['example_nested_branch_dag']) retrieved from /home/airflow/.local/lib/python3.8/site-packages/airflow/example_dags/example_nested_branch_dag.py
[2024-05-11T21:20:04.012+0000] {logging_mixin.py:154} INFO - [2024-05-11T21:20:04.012+0000] {dag.py:2941} INFO - Sync 1 DAGs
[2024-05-11T21:20:04.027+0000] {logging_mixin.py:154} INFO - [2024-05-11T21:20:04.027+0000] {dag.py:3722} INFO - Setting next_dagrun for example_nested_branch_dag to 2024-05-11T00:00:00+00:00, run_after=2024-05-12T00:00:00+00:00
[2024-05-11T21:20:04.039+0000] {processor.py:179} INFO - Processing /home/airflow/.local/lib/python3.8/site-packages/airflow/example_dags/example_nested_branch_dag.py took 0.056 seconds
[2024-05-11T21:20:34.200+0000] {processor.py:157} INFO - Started process (PID=487) to work on /home/airflow/.local/lib/python3.8/site-packages/airflow/example_dags/example_nested_branch_dag.py
[2024-05-11T21:20:34.201+0000] {processor.py:829} INFO - Processing file /home/airflow/.local/lib/python3.8/site-packages/airflow/example_dags/example_nested_branch_dag.py for tasks to queue
[2024-05-11T21:20:34.204+0000] {logging_mixin.py:154} INFO - [2024-05-11T21:20:34.203+0000] {dagbag.py:536} INFO - Filling up the DagBag from /home/airflow/.local/lib/python3.8/site-packages/airflow/example_dags/example_nested_branch_dag.py
[2024-05-11T21:20:34.210+0000] {processor.py:839} INFO - DAG(s) dict_keys(['example_nested_branch_dag']) retrieved from /home/airflow/.local/lib/python3.8/site-packages/airflow/example_dags/example_nested_branch_dag.py
[2024-05-11T21:20:34.227+0000] {logging_mixin.py:154} INFO - [2024-05-11T21:20:34.227+0000] {dag.py:2941} INFO - Sync 1 DAGs
[2024-05-11T21:20:34.240+0000] {logging_mixin.py:154} INFO - [2024-05-11T21:20:34.240+0000] {dag.py:3722} INFO - Setting next_dagrun for example_nested_branch_dag to 2024-05-11T00:00:00+00:00, run_after=2024-05-12T00:00:00+00:00
[2024-05-11T21:20:34.249+0000] {processor.py:179} INFO - Processing /home/airflow/.local/lib/python3.8/site-packages/airflow/example_dags/example_nested_branch_dag.py took 0.052 seconds
[2024-05-11T21:21:04.353+0000] {processor.py:157} INFO - Started process (PID=542) to work on /home/airflow/.local/lib/python3.8/site-packages/airflow/example_dags/example_nested_branch_dag.py
[2024-05-11T21:21:04.354+0000] {processor.py:829} INFO - Processing file /home/airflow/.local/lib/python3.8/site-packages/airflow/example_dags/example_nested_branch_dag.py for tasks to queue
[2024-05-11T21:21:04.357+0000] {logging_mixin.py:154} INFO - [2024-05-11T21:21:04.356+0000] {dagbag.py:536} INFO - Filling up the DagBag from /home/airflow/.local/lib/python3.8/site-packages/airflow/example_dags/example_nested_branch_dag.py
[2024-05-11T21:21:04.364+0000] {processor.py:839} INFO - DAG(s) dict_keys(['example_nested_branch_dag']) retrieved from /home/airflow/.local/lib/python3.8/site-packages/airflow/example_dags/example_nested_branch_dag.py
[2024-05-11T21:21:04.380+0000] {logging_mixin.py:154} INFO - [2024-05-11T21:21:04.380+0000] {dag.py:2941} INFO - Sync 1 DAGs
[2024-05-11T21:21:04.393+0000] {logging_mixin.py:154} INFO - [2024-05-11T21:21:04.393+0000] {dag.py:3722} INFO - Setting next_dagrun for example_nested_branch_dag to 2024-05-11T00:00:00+00:00, run_after=2024-05-12T00:00:00+00:00
[2024-05-11T21:21:04.404+0000] {processor.py:179} INFO - Processing /home/airflow/.local/lib/python3.8/site-packages/airflow/example_dags/example_nested_branch_dag.py took 0.053 seconds
[2024-05-11T21:21:34.806+0000] {processor.py:157} INFO - Started process (PID=597) to work on /home/airflow/.local/lib/python3.8/site-packages/airflow/example_dags/example_nested_branch_dag.py
[2024-05-11T21:21:34.807+0000] {processor.py:829} INFO - Processing file /home/airflow/.local/lib/python3.8/site-packages/airflow/example_dags/example_nested_branch_dag.py for tasks to queue
[2024-05-11T21:21:34.809+0000] {logging_mixin.py:154} INFO - [2024-05-11T21:21:34.809+0000] {dagbag.py:536} INFO - Filling up the DagBag from /home/airflow/.local/lib/python3.8/site-packages/airflow/example_dags/example_nested_branch_dag.py
[2024-05-11T21:21:34.816+0000] {processor.py:839} INFO - DAG(s) dict_keys(['example_nested_branch_dag']) retrieved from /home/airflow/.local/lib/python3.8/site-packages/airflow/example_dags/example_nested_branch_dag.py
[2024-05-11T21:21:34.833+0000] {logging_mixin.py:154} INFO - [2024-05-11T21:21:34.833+0000] {dag.py:2941} INFO - Sync 1 DAGs
[2024-05-11T21:21:34.846+0000] {logging_mixin.py:154} INFO - [2024-05-11T21:21:34.846+0000] {dag.py:3722} INFO - Setting next_dagrun for example_nested_branch_dag to 2024-05-11T00:00:00+00:00, run_after=2024-05-12T00:00:00+00:00
[2024-05-11T21:21:34.857+0000] {processor.py:179} INFO - Processing /home/airflow/.local/lib/python3.8/site-packages/airflow/example_dags/example_nested_branch_dag.py took 0.054 seconds
[2024-05-11T21:42:02.327+0000] {processor.py:157} INFO - Started process (PID=47) to work on /home/airflow/.local/lib/python3.8/site-packages/airflow/example_dags/example_nested_branch_dag.py
[2024-05-11T21:42:02.333+0000] {processor.py:829} INFO - Processing file /home/airflow/.local/lib/python3.8/site-packages/airflow/example_dags/example_nested_branch_dag.py for tasks to queue
[2024-05-11T21:42:02.338+0000] {logging_mixin.py:154} INFO - [2024-05-11T21:42:02.337+0000] {dagbag.py:536} INFO - Filling up the DagBag from /home/airflow/.local/lib/python3.8/site-packages/airflow/example_dags/example_nested_branch_dag.py
[2024-05-11T21:42:02.364+0000] {processor.py:839} INFO - DAG(s) dict_keys(['example_nested_branch_dag']) retrieved from /home/airflow/.local/lib/python3.8/site-packages/airflow/example_dags/example_nested_branch_dag.py
[2024-05-11T21:42:02.597+0000] {logging_mixin.py:154} INFO - [2024-05-11T21:42:02.596+0000] {manager.py:499} INFO - Created Permission View: %s
[2024-05-11T21:42:02.627+0000] {logging_mixin.py:154} INFO - [2024-05-11T21:42:02.627+0000] {manager.py:499} INFO - Created Permission View: %s
[2024-05-11T21:42:02.646+0000] {logging_mixin.py:154} INFO - [2024-05-11T21:42:02.646+0000] {manager.py:499} INFO - Created Permission View: %s
[2024-05-11T21:42:02.649+0000] {logging_mixin.py:154} INFO - [2024-05-11T21:42:02.648+0000] {dag.py:2941} INFO - Sync 1 DAGs
[2024-05-11T21:42:02.677+0000] {logging_mixin.py:154} INFO - [2024-05-11T21:42:02.676+0000] {dag.py:2963} INFO - Creating ORM DAG for example_nested_branch_dag
[2024-05-11T21:42:02.750+0000] {logging_mixin.py:154} INFO - [2024-05-11T21:42:02.749+0000] {dag.py:3722} INFO - Setting next_dagrun for example_nested_branch_dag to 2024-05-10T00:00:00+00:00, run_after=2024-05-11T00:00:00+00:00
[2024-05-11T21:42:02.819+0000] {processor.py:179} INFO - Processing /home/airflow/.local/lib/python3.8/site-packages/airflow/example_dags/example_nested_branch_dag.py took 0.497 seconds
[2024-05-11T21:42:33.638+0000] {processor.py:157} INFO - Started process (PID=102) to work on /home/airflow/.local/lib/python3.8/site-packages/airflow/example_dags/example_nested_branch_dag.py
[2024-05-11T21:42:33.641+0000] {processor.py:829} INFO - Processing file /home/airflow/.local/lib/python3.8/site-packages/airflow/example_dags/example_nested_branch_dag.py for tasks to queue
[2024-05-11T21:42:33.645+0000] {logging_mixin.py:154} INFO - [2024-05-11T21:42:33.644+0000] {dagbag.py:536} INFO - Filling up the DagBag from /home/airflow/.local/lib/python3.8/site-packages/airflow/example_dags/example_nested_branch_dag.py
[2024-05-11T21:42:33.658+0000] {processor.py:839} INFO - DAG(s) dict_keys(['example_nested_branch_dag']) retrieved from /home/airflow/.local/lib/python3.8/site-packages/airflow/example_dags/example_nested_branch_dag.py
[2024-05-11T21:42:33.694+0000] {logging_mixin.py:154} INFO - [2024-05-11T21:42:33.694+0000] {dag.py:2941} INFO - Sync 1 DAGs
[2024-05-11T21:42:33.723+0000] {logging_mixin.py:154} INFO - [2024-05-11T21:42:33.723+0000] {dag.py:3722} INFO - Setting next_dagrun for example_nested_branch_dag to 2024-05-10T00:00:00+00:00, run_after=2024-05-11T00:00:00+00:00
[2024-05-11T21:42:33.746+0000] {processor.py:179} INFO - Processing /home/airflow/.local/lib/python3.8/site-packages/airflow/example_dags/example_nested_branch_dag.py took 0.114 seconds
[2024-05-11T21:43:03.874+0000] {processor.py:157} INFO - Started process (PID=157) to work on /home/airflow/.local/lib/python3.8/site-packages/airflow/example_dags/example_nested_branch_dag.py
[2024-05-11T21:43:03.875+0000] {processor.py:829} INFO - Processing file /home/airflow/.local/lib/python3.8/site-packages/airflow/example_dags/example_nested_branch_dag.py for tasks to queue
[2024-05-11T21:43:03.878+0000] {logging_mixin.py:154} INFO - [2024-05-11T21:43:03.878+0000] {dagbag.py:536} INFO - Filling up the DagBag from /home/airflow/.local/lib/python3.8/site-packages/airflow/example_dags/example_nested_branch_dag.py
[2024-05-11T21:43:03.888+0000] {processor.py:839} INFO - DAG(s) dict_keys(['example_nested_branch_dag']) retrieved from /home/airflow/.local/lib/python3.8/site-packages/airflow/example_dags/example_nested_branch_dag.py
[2024-05-11T21:43:03.911+0000] {logging_mixin.py:154} INFO - [2024-05-11T21:43:03.911+0000] {dag.py:2941} INFO - Sync 1 DAGs
[2024-05-11T21:43:03.935+0000] {logging_mixin.py:154} INFO - [2024-05-11T21:43:03.935+0000] {dag.py:3722} INFO - Setting next_dagrun for example_nested_branch_dag to 2024-05-10T00:00:00+00:00, run_after=2024-05-11T00:00:00+00:00
[2024-05-11T21:43:03.949+0000] {processor.py:179} INFO - Processing /home/airflow/.local/lib/python3.8/site-packages/airflow/example_dags/example_nested_branch_dag.py took 0.079 seconds
[2024-05-11T21:43:34.313+0000] {processor.py:157} INFO - Started process (PID=212) to work on /home/airflow/.local/lib/python3.8/site-packages/airflow/example_dags/example_nested_branch_dag.py
[2024-05-11T21:43:34.315+0000] {processor.py:829} INFO - Processing file /home/airflow/.local/lib/python3.8/site-packages/airflow/example_dags/example_nested_branch_dag.py for tasks to queue
[2024-05-11T21:43:34.318+0000] {logging_mixin.py:154} INFO - [2024-05-11T21:43:34.318+0000] {dagbag.py:536} INFO - Filling up the DagBag from /home/airflow/.local/lib/python3.8/site-packages/airflow/example_dags/example_nested_branch_dag.py
[2024-05-11T21:43:34.327+0000] {processor.py:839} INFO - DAG(s) dict_keys(['example_nested_branch_dag']) retrieved from /home/airflow/.local/lib/python3.8/site-packages/airflow/example_dags/example_nested_branch_dag.py
[2024-05-11T21:43:34.354+0000] {logging_mixin.py:154} INFO - [2024-05-11T21:43:34.354+0000] {dag.py:2941} INFO - Sync 1 DAGs
[2024-05-11T21:43:34.377+0000] {logging_mixin.py:154} INFO - [2024-05-11T21:43:34.377+0000] {dag.py:3722} INFO - Setting next_dagrun for example_nested_branch_dag to 2024-05-10T00:00:00+00:00, run_after=2024-05-11T00:00:00+00:00
[2024-05-11T21:43:34.391+0000] {processor.py:179} INFO - Processing /home/airflow/.local/lib/python3.8/site-packages/airflow/example_dags/example_nested_branch_dag.py took 0.083 seconds
[2024-05-11T21:44:05.035+0000] {processor.py:157} INFO - Started process (PID=267) to work on /home/airflow/.local/lib/python3.8/site-packages/airflow/example_dags/example_nested_branch_dag.py
[2024-05-11T21:44:05.037+0000] {processor.py:829} INFO - Processing file /home/airflow/.local/lib/python3.8/site-packages/airflow/example_dags/example_nested_branch_dag.py for tasks to queue
[2024-05-11T21:44:05.039+0000] {logging_mixin.py:154} INFO - [2024-05-11T21:44:05.039+0000] {dagbag.py:536} INFO - Filling up the DagBag from /home/airflow/.local/lib/python3.8/site-packages/airflow/example_dags/example_nested_branch_dag.py
[2024-05-11T21:44:05.047+0000] {processor.py:839} INFO - DAG(s) dict_keys(['example_nested_branch_dag']) retrieved from /home/airflow/.local/lib/python3.8/site-packages/airflow/example_dags/example_nested_branch_dag.py
[2024-05-11T21:44:05.075+0000] {logging_mixin.py:154} INFO - [2024-05-11T21:44:05.075+0000] {dag.py:2941} INFO - Sync 1 DAGs
[2024-05-11T21:44:05.096+0000] {logging_mixin.py:154} INFO - [2024-05-11T21:44:05.096+0000] {dag.py:3722} INFO - Setting next_dagrun for example_nested_branch_dag to 2024-05-10T00:00:00+00:00, run_after=2024-05-11T00:00:00+00:00
[2024-05-11T21:44:05.110+0000] {processor.py:179} INFO - Processing /home/airflow/.local/lib/python3.8/site-packages/airflow/example_dags/example_nested_branch_dag.py took 0.079 seconds
[2024-05-11T21:44:35.661+0000] {processor.py:157} INFO - Started process (PID=322) to work on /home/airflow/.local/lib/python3.8/site-packages/airflow/example_dags/example_nested_branch_dag.py
[2024-05-11T21:44:35.664+0000] {processor.py:829} INFO - Processing file /home/airflow/.local/lib/python3.8/site-packages/airflow/example_dags/example_nested_branch_dag.py for tasks to queue
[2024-05-11T21:44:35.668+0000] {logging_mixin.py:154} INFO - [2024-05-11T21:44:35.667+0000] {dagbag.py:536} INFO - Filling up the DagBag from /home/airflow/.local/lib/python3.8/site-packages/airflow/example_dags/example_nested_branch_dag.py
[2024-05-11T21:44:35.677+0000] {processor.py:839} INFO - DAG(s) dict_keys(['example_nested_branch_dag']) retrieved from /home/airflow/.local/lib/python3.8/site-packages/airflow/example_dags/example_nested_branch_dag.py
[2024-05-11T21:44:35.705+0000] {logging_mixin.py:154} INFO - [2024-05-11T21:44:35.705+0000] {dag.py:2941} INFO - Sync 1 DAGs
[2024-05-11T21:44:35.725+0000] {logging_mixin.py:154} INFO - [2024-05-11T21:44:35.725+0000] {dag.py:3722} INFO - Setting next_dagrun for example_nested_branch_dag to 2024-05-10T00:00:00+00:00, run_after=2024-05-11T00:00:00+00:00
[2024-05-11T21:44:35.746+0000] {processor.py:179} INFO - Processing /home/airflow/.local/lib/python3.8/site-packages/airflow/example_dags/example_nested_branch_dag.py took 0.089 seconds
[2024-05-11T21:45:06.215+0000] {processor.py:157} INFO - Started process (PID=377) to work on /home/airflow/.local/lib/python3.8/site-packages/airflow/example_dags/example_nested_branch_dag.py
[2024-05-11T21:45:06.218+0000] {processor.py:829} INFO - Processing file /home/airflow/.local/lib/python3.8/site-packages/airflow/example_dags/example_nested_branch_dag.py for tasks to queue
[2024-05-11T21:45:06.222+0000] {logging_mixin.py:154} INFO - [2024-05-11T21:45:06.221+0000] {dagbag.py:536} INFO - Filling up the DagBag from /home/airflow/.local/lib/python3.8/site-packages/airflow/example_dags/example_nested_branch_dag.py
[2024-05-11T21:45:06.233+0000] {processor.py:839} INFO - DAG(s) dict_keys(['example_nested_branch_dag']) retrieved from /home/airflow/.local/lib/python3.8/site-packages/airflow/example_dags/example_nested_branch_dag.py
[2024-05-11T21:45:06.256+0000] {logging_mixin.py:154} INFO - [2024-05-11T21:45:06.256+0000] {dag.py:2941} INFO - Sync 1 DAGs
[2024-05-11T21:45:06.274+0000] {logging_mixin.py:154} INFO - [2024-05-11T21:45:06.274+0000] {dag.py:3722} INFO - Setting next_dagrun for example_nested_branch_dag to 2024-05-10T00:00:00+00:00, run_after=2024-05-11T00:00:00+00:00
[2024-05-11T21:45:06.292+0000] {processor.py:179} INFO - Processing /home/airflow/.local/lib/python3.8/site-packages/airflow/example_dags/example_nested_branch_dag.py took 0.081 seconds
[2024-05-11T21:45:36.388+0000] {processor.py:157} INFO - Started process (PID=433) to work on /home/airflow/.local/lib/python3.8/site-packages/airflow/example_dags/example_nested_branch_dag.py
[2024-05-11T21:45:36.390+0000] {processor.py:829} INFO - Processing file /home/airflow/.local/lib/python3.8/site-packages/airflow/example_dags/example_nested_branch_dag.py for tasks to queue
[2024-05-11T21:45:36.393+0000] {logging_mixin.py:154} INFO - [2024-05-11T21:45:36.392+0000] {dagbag.py:536} INFO - Filling up the DagBag from /home/airflow/.local/lib/python3.8/site-packages/airflow/example_dags/example_nested_branch_dag.py
[2024-05-11T21:45:36.401+0000] {processor.py:839} INFO - DAG(s) dict_keys(['example_nested_branch_dag']) retrieved from /home/airflow/.local/lib/python3.8/site-packages/airflow/example_dags/example_nested_branch_dag.py
[2024-05-11T21:45:36.422+0000] {logging_mixin.py:154} INFO - [2024-05-11T21:45:36.421+0000] {dag.py:2941} INFO - Sync 1 DAGs
[2024-05-11T21:45:36.440+0000] {logging_mixin.py:154} INFO - [2024-05-11T21:45:36.440+0000] {dag.py:3722} INFO - Setting next_dagrun for example_nested_branch_dag to 2024-05-10T00:00:00+00:00, run_after=2024-05-11T00:00:00+00:00
[2024-05-11T21:45:36.457+0000] {processor.py:179} INFO - Processing /home/airflow/.local/lib/python3.8/site-packages/airflow/example_dags/example_nested_branch_dag.py took 0.073 seconds
[2024-05-11T21:46:06.626+0000] {processor.py:157} INFO - Started process (PID=488) to work on /home/airflow/.local/lib/python3.8/site-packages/airflow/example_dags/example_nested_branch_dag.py
[2024-05-11T21:46:06.628+0000] {processor.py:829} INFO - Processing file /home/airflow/.local/lib/python3.8/site-packages/airflow/example_dags/example_nested_branch_dag.py for tasks to queue
[2024-05-11T21:46:06.631+0000] {logging_mixin.py:154} INFO - [2024-05-11T21:46:06.630+0000] {dagbag.py:536} INFO - Filling up the DagBag from /home/airflow/.local/lib/python3.8/site-packages/airflow/example_dags/example_nested_branch_dag.py
[2024-05-11T21:46:06.639+0000] {processor.py:839} INFO - DAG(s) dict_keys(['example_nested_branch_dag']) retrieved from /home/airflow/.local/lib/python3.8/site-packages/airflow/example_dags/example_nested_branch_dag.py
[2024-05-11T21:46:06.666+0000] {logging_mixin.py:154} INFO - [2024-05-11T21:46:06.666+0000] {dag.py:2941} INFO - Sync 1 DAGs
[2024-05-11T21:46:06.686+0000] {logging_mixin.py:154} INFO - [2024-05-11T21:46:06.686+0000] {dag.py:3722} INFO - Setting next_dagrun for example_nested_branch_dag to 2024-05-10T00:00:00+00:00, run_after=2024-05-11T00:00:00+00:00
[2024-05-11T21:46:06.703+0000] {processor.py:179} INFO - Processing /home/airflow/.local/lib/python3.8/site-packages/airflow/example_dags/example_nested_branch_dag.py took 0.081 seconds
[2024-05-11T21:46:37.202+0000] {processor.py:157} INFO - Started process (PID=543) to work on /home/airflow/.local/lib/python3.8/site-packages/airflow/example_dags/example_nested_branch_dag.py
[2024-05-11T21:46:37.204+0000] {processor.py:829} INFO - Processing file /home/airflow/.local/lib/python3.8/site-packages/airflow/example_dags/example_nested_branch_dag.py for tasks to queue
[2024-05-11T21:46:37.208+0000] {logging_mixin.py:154} INFO - [2024-05-11T21:46:37.208+0000] {dagbag.py:536} INFO - Filling up the DagBag from /home/airflow/.local/lib/python3.8/site-packages/airflow/example_dags/example_nested_branch_dag.py
[2024-05-11T21:46:37.223+0000] {processor.py:839} INFO - DAG(s) dict_keys(['example_nested_branch_dag']) retrieved from /home/airflow/.local/lib/python3.8/site-packages/airflow/example_dags/example_nested_branch_dag.py
[2024-05-11T21:46:37.282+0000] {logging_mixin.py:154} INFO - [2024-05-11T21:46:37.282+0000] {dag.py:2941} INFO - Sync 1 DAGs
[2024-05-11T21:46:37.298+0000] {logging_mixin.py:154} INFO - [2024-05-11T21:46:37.298+0000] {dag.py:3722} INFO - Setting next_dagrun for example_nested_branch_dag to 2024-05-10T00:00:00+00:00, run_after=2024-05-11T00:00:00+00:00
[2024-05-11T21:46:37.311+0000] {processor.py:179} INFO - Processing /home/airflow/.local/lib/python3.8/site-packages/airflow/example_dags/example_nested_branch_dag.py took 0.112 seconds
[2024-05-11T21:47:07.541+0000] {processor.py:157} INFO - Started process (PID=598) to work on /home/airflow/.local/lib/python3.8/site-packages/airflow/example_dags/example_nested_branch_dag.py
[2024-05-11T21:47:07.543+0000] {processor.py:829} INFO - Processing file /home/airflow/.local/lib/python3.8/site-packages/airflow/example_dags/example_nested_branch_dag.py for tasks to queue
[2024-05-11T21:47:07.545+0000] {logging_mixin.py:154} INFO - [2024-05-11T21:47:07.545+0000] {dagbag.py:536} INFO - Filling up the DagBag from /home/airflow/.local/lib/python3.8/site-packages/airflow/example_dags/example_nested_branch_dag.py
[2024-05-11T21:47:07.552+0000] {processor.py:839} INFO - DAG(s) dict_keys(['example_nested_branch_dag']) retrieved from /home/airflow/.local/lib/python3.8/site-packages/airflow/example_dags/example_nested_branch_dag.py
[2024-05-11T21:47:07.571+0000] {logging_mixin.py:154} INFO - [2024-05-11T21:47:07.571+0000] {dag.py:2941} INFO - Sync 1 DAGs
[2024-05-11T21:47:07.587+0000] {logging_mixin.py:154} INFO - [2024-05-11T21:47:07.587+0000] {dag.py:3722} INFO - Setting next_dagrun for example_nested_branch_dag to 2024-05-10T00:00:00+00:00, run_after=2024-05-11T00:00:00+00:00
[2024-05-11T21:47:07.600+0000] {processor.py:179} INFO - Processing /home/airflow/.local/lib/python3.8/site-packages/airflow/example_dags/example_nested_branch_dag.py took 0.062 seconds
