[2024-05-11T21:03:16.878+0000] {processor.py:157} INFO - Started process (PID=34) to work on /home/airflow/.local/lib/python3.8/site-packages/airflow/example_dags/example_branch_labels.py
[2024-05-11T21:03:16.880+0000] {processor.py:829} INFO - Processing file /home/airflow/.local/lib/python3.8/site-packages/airflow/example_dags/example_branch_labels.py for tasks to queue
[2024-05-11T21:03:16.882+0000] {logging_mixin.py:154} INFO - [2024-05-11T21:03:16.881+0000] {dagbag.py:536} INFO - Filling up the DagBag from /home/airflow/.local/lib/python3.8/site-packages/airflow/example_dags/example_branch_labels.py
[2024-05-11T21:03:16.904+0000] {processor.py:839} INFO - DAG(s) dict_keys(['example_branch_labels']) retrieved from /home/airflow/.local/lib/python3.8/site-packages/airflow/example_dags/example_branch_labels.py
[2024-05-11T21:03:17.054+0000] {logging_mixin.py:154} INFO - [2024-05-11T21:03:17.054+0000] {manager.py:499} INFO - Created Permission View: %s
[2024-05-11T21:03:17.063+0000] {logging_mixin.py:154} INFO - [2024-05-11T21:03:17.063+0000] {manager.py:499} INFO - Created Permission View: %s
[2024-05-11T21:03:17.070+0000] {logging_mixin.py:154} INFO - [2024-05-11T21:03:17.070+0000] {manager.py:499} INFO - Created Permission View: %s
[2024-05-11T21:03:17.071+0000] {logging_mixin.py:154} INFO - [2024-05-11T21:03:17.071+0000] {dag.py:2941} INFO - Sync 1 DAGs
[2024-05-11T21:03:17.079+0000] {logging_mixin.py:154} INFO - [2024-05-11T21:03:17.079+0000] {dag.py:2963} INFO - Creating ORM DAG for example_branch_labels
[2024-05-11T21:03:17.088+0000] {logging_mixin.py:154} INFO - [2024-05-11T21:03:17.088+0000] {dag.py:3722} INFO - Setting next_dagrun for example_branch_labels to 2024-05-10T00:00:00+00:00, run_after=2024-05-11T00:00:00+00:00
[2024-05-11T21:03:17.100+0000] {processor.py:179} INFO - Processing /home/airflow/.local/lib/python3.8/site-packages/airflow/example_dags/example_branch_labels.py took 0.225 seconds
[2024-05-11T21:03:47.433+0000] {processor.py:157} INFO - Started process (PID=89) to work on /home/airflow/.local/lib/python3.8/site-packages/airflow/example_dags/example_branch_labels.py
[2024-05-11T21:03:47.436+0000] {processor.py:829} INFO - Processing file /home/airflow/.local/lib/python3.8/site-packages/airflow/example_dags/example_branch_labels.py for tasks to queue
[2024-05-11T21:03:47.439+0000] {logging_mixin.py:154} INFO - [2024-05-11T21:03:47.438+0000] {dagbag.py:536} INFO - Filling up the DagBag from /home/airflow/.local/lib/python3.8/site-packages/airflow/example_dags/example_branch_labels.py
[2024-05-11T21:03:47.451+0000] {processor.py:839} INFO - DAG(s) dict_keys(['example_branch_labels']) retrieved from /home/airflow/.local/lib/python3.8/site-packages/airflow/example_dags/example_branch_labels.py
[2024-05-11T21:03:47.481+0000] {logging_mixin.py:154} INFO - [2024-05-11T21:03:47.481+0000] {dag.py:2941} INFO - Sync 1 DAGs
[2024-05-11T21:03:47.518+0000] {logging_mixin.py:154} INFO - [2024-05-11T21:03:47.517+0000] {dag.py:3722} INFO - Setting next_dagrun for example_branch_labels to 2024-05-10T00:00:00+00:00, run_after=2024-05-11T00:00:00+00:00
[2024-05-11T21:03:47.537+0000] {processor.py:179} INFO - Processing /home/airflow/.local/lib/python3.8/site-packages/airflow/example_dags/example_branch_labels.py took 0.110 seconds
[2024-05-11T21:04:17.889+0000] {processor.py:157} INFO - Started process (PID=143) to work on /home/airflow/.local/lib/python3.8/site-packages/airflow/example_dags/example_branch_labels.py
[2024-05-11T21:04:17.890+0000] {processor.py:829} INFO - Processing file /home/airflow/.local/lib/python3.8/site-packages/airflow/example_dags/example_branch_labels.py for tasks to queue
[2024-05-11T21:04:17.892+0000] {logging_mixin.py:154} INFO - [2024-05-11T21:04:17.892+0000] {dagbag.py:536} INFO - Filling up the DagBag from /home/airflow/.local/lib/python3.8/site-packages/airflow/example_dags/example_branch_labels.py
[2024-05-11T21:04:17.898+0000] {processor.py:839} INFO - DAG(s) dict_keys(['example_branch_labels']) retrieved from /home/airflow/.local/lib/python3.8/site-packages/airflow/example_dags/example_branch_labels.py
[2024-05-11T21:04:17.916+0000] {logging_mixin.py:154} INFO - [2024-05-11T21:04:17.916+0000] {dag.py:2941} INFO - Sync 1 DAGs
[2024-05-11T21:04:17.931+0000] {logging_mixin.py:154} INFO - [2024-05-11T21:04:17.931+0000] {dag.py:3722} INFO - Setting next_dagrun for example_branch_labels to 2024-05-10T00:00:00+00:00, run_after=2024-05-11T00:00:00+00:00
[2024-05-11T21:04:17.943+0000] {processor.py:179} INFO - Processing /home/airflow/.local/lib/python3.8/site-packages/airflow/example_dags/example_branch_labels.py took 0.057 seconds
[2024-05-11T21:04:48.107+0000] {processor.py:157} INFO - Started process (PID=198) to work on /home/airflow/.local/lib/python3.8/site-packages/airflow/example_dags/example_branch_labels.py
[2024-05-11T21:04:48.109+0000] {processor.py:829} INFO - Processing file /home/airflow/.local/lib/python3.8/site-packages/airflow/example_dags/example_branch_labels.py for tasks to queue
[2024-05-11T21:04:48.112+0000] {logging_mixin.py:154} INFO - [2024-05-11T21:04:48.112+0000] {dagbag.py:536} INFO - Filling up the DagBag from /home/airflow/.local/lib/python3.8/site-packages/airflow/example_dags/example_branch_labels.py
[2024-05-11T21:04:48.120+0000] {processor.py:839} INFO - DAG(s) dict_keys(['example_branch_labels']) retrieved from /home/airflow/.local/lib/python3.8/site-packages/airflow/example_dags/example_branch_labels.py
[2024-05-11T21:04:48.139+0000] {logging_mixin.py:154} INFO - [2024-05-11T21:04:48.139+0000] {dag.py:2941} INFO - Sync 1 DAGs
[2024-05-11T21:04:48.157+0000] {logging_mixin.py:154} INFO - [2024-05-11T21:04:48.157+0000] {dag.py:3722} INFO - Setting next_dagrun for example_branch_labels to 2024-05-10T00:00:00+00:00, run_after=2024-05-11T00:00:00+00:00
[2024-05-11T21:04:48.172+0000] {processor.py:179} INFO - Processing /home/airflow/.local/lib/python3.8/site-packages/airflow/example_dags/example_branch_labels.py took 0.068 seconds
[2024-05-11T21:05:41.359+0000] {processor.py:157} INFO - Started process (PID=35) to work on /home/airflow/.local/lib/python3.8/site-packages/airflow/example_dags/example_branch_labels.py
[2024-05-11T21:05:41.363+0000] {processor.py:829} INFO - Processing file /home/airflow/.local/lib/python3.8/site-packages/airflow/example_dags/example_branch_labels.py for tasks to queue
[2024-05-11T21:05:41.368+0000] {logging_mixin.py:154} INFO - [2024-05-11T21:05:41.368+0000] {dagbag.py:536} INFO - Filling up the DagBag from /home/airflow/.local/lib/python3.8/site-packages/airflow/example_dags/example_branch_labels.py
[2024-05-11T21:05:41.389+0000] {processor.py:839} INFO - DAG(s) dict_keys(['example_branch_labels']) retrieved from /home/airflow/.local/lib/python3.8/site-packages/airflow/example_dags/example_branch_labels.py
[2024-05-11T21:05:41.419+0000] {logging_mixin.py:154} INFO - [2024-05-11T21:05:41.419+0000] {dag.py:2941} INFO - Sync 1 DAGs
[2024-05-11T21:05:41.444+0000] {logging_mixin.py:154} INFO - [2024-05-11T21:05:41.444+0000] {dag.py:3722} INFO - Setting next_dagrun for example_branch_labels to 2024-05-10T00:00:00+00:00, run_after=2024-05-11T00:00:00+00:00
[2024-05-11T21:05:41.464+0000] {processor.py:179} INFO - Processing /home/airflow/.local/lib/python3.8/site-packages/airflow/example_dags/example_branch_labels.py took 0.108 seconds
[2024-05-11T21:06:11.994+0000] {processor.py:157} INFO - Started process (PID=90) to work on /home/airflow/.local/lib/python3.8/site-packages/airflow/example_dags/example_branch_labels.py
[2024-05-11T21:06:11.995+0000] {processor.py:829} INFO - Processing file /home/airflow/.local/lib/python3.8/site-packages/airflow/example_dags/example_branch_labels.py for tasks to queue
[2024-05-11T21:06:11.999+0000] {logging_mixin.py:154} INFO - [2024-05-11T21:06:11.998+0000] {dagbag.py:536} INFO - Filling up the DagBag from /home/airflow/.local/lib/python3.8/site-packages/airflow/example_dags/example_branch_labels.py
[2024-05-11T21:06:12.011+0000] {processor.py:839} INFO - DAG(s) dict_keys(['example_branch_labels']) retrieved from /home/airflow/.local/lib/python3.8/site-packages/airflow/example_dags/example_branch_labels.py
[2024-05-11T21:06:12.036+0000] {logging_mixin.py:154} INFO - [2024-05-11T21:06:12.036+0000] {dag.py:2941} INFO - Sync 1 DAGs
[2024-05-11T21:06:12.059+0000] {logging_mixin.py:154} INFO - [2024-05-11T21:06:12.059+0000] {dag.py:3722} INFO - Setting next_dagrun for example_branch_labels to 2024-05-10T00:00:00+00:00, run_after=2024-05-11T00:00:00+00:00
[2024-05-11T21:06:12.075+0000] {processor.py:179} INFO - Processing /home/airflow/.local/lib/python3.8/site-packages/airflow/example_dags/example_branch_labels.py took 0.088 seconds
[2024-05-11T21:06:42.299+0000] {processor.py:157} INFO - Started process (PID=145) to work on /home/airflow/.local/lib/python3.8/site-packages/airflow/example_dags/example_branch_labels.py
[2024-05-11T21:06:42.300+0000] {processor.py:829} INFO - Processing file /home/airflow/.local/lib/python3.8/site-packages/airflow/example_dags/example_branch_labels.py for tasks to queue
[2024-05-11T21:06:42.303+0000] {logging_mixin.py:154} INFO - [2024-05-11T21:06:42.303+0000] {dagbag.py:536} INFO - Filling up the DagBag from /home/airflow/.local/lib/python3.8/site-packages/airflow/example_dags/example_branch_labels.py
[2024-05-11T21:06:42.313+0000] {processor.py:839} INFO - DAG(s) dict_keys(['example_branch_labels']) retrieved from /home/airflow/.local/lib/python3.8/site-packages/airflow/example_dags/example_branch_labels.py
[2024-05-11T21:06:42.334+0000] {logging_mixin.py:154} INFO - [2024-05-11T21:06:42.333+0000] {dag.py:2941} INFO - Sync 1 DAGs
[2024-05-11T21:06:42.349+0000] {logging_mixin.py:154} INFO - [2024-05-11T21:06:42.349+0000] {dag.py:3722} INFO - Setting next_dagrun for example_branch_labels to 2024-05-10T00:00:00+00:00, run_after=2024-05-11T00:00:00+00:00
[2024-05-11T21:06:42.361+0000] {processor.py:179} INFO - Processing /home/airflow/.local/lib/python3.8/site-packages/airflow/example_dags/example_branch_labels.py took 0.068 seconds
[2024-05-11T21:07:12.624+0000] {processor.py:157} INFO - Started process (PID=200) to work on /home/airflow/.local/lib/python3.8/site-packages/airflow/example_dags/example_branch_labels.py
[2024-05-11T21:07:12.626+0000] {processor.py:829} INFO - Processing file /home/airflow/.local/lib/python3.8/site-packages/airflow/example_dags/example_branch_labels.py for tasks to queue
[2024-05-11T21:07:12.629+0000] {logging_mixin.py:154} INFO - [2024-05-11T21:07:12.629+0000] {dagbag.py:536} INFO - Filling up the DagBag from /home/airflow/.local/lib/python3.8/site-packages/airflow/example_dags/example_branch_labels.py
[2024-05-11T21:07:12.639+0000] {processor.py:839} INFO - DAG(s) dict_keys(['example_branch_labels']) retrieved from /home/airflow/.local/lib/python3.8/site-packages/airflow/example_dags/example_branch_labels.py
[2024-05-11T21:07:12.661+0000] {logging_mixin.py:154} INFO - [2024-05-11T21:07:12.661+0000] {dag.py:2941} INFO - Sync 1 DAGs
[2024-05-11T21:07:12.695+0000] {logging_mixin.py:154} INFO - [2024-05-11T21:07:12.695+0000] {dag.py:3722} INFO - Setting next_dagrun for example_branch_labels to 2024-05-10T00:00:00+00:00, run_after=2024-05-11T00:00:00+00:00
[2024-05-11T21:07:12.711+0000] {processor.py:179} INFO - Processing /home/airflow/.local/lib/python3.8/site-packages/airflow/example_dags/example_branch_labels.py took 0.093 seconds
[2024-05-11T21:07:42.851+0000] {processor.py:157} INFO - Started process (PID=259) to work on /home/airflow/.local/lib/python3.8/site-packages/airflow/example_dags/example_branch_labels.py
[2024-05-11T21:07:42.853+0000] {processor.py:829} INFO - Processing file /home/airflow/.local/lib/python3.8/site-packages/airflow/example_dags/example_branch_labels.py for tasks to queue
[2024-05-11T21:07:42.857+0000] {logging_mixin.py:154} INFO - [2024-05-11T21:07:42.857+0000] {dagbag.py:536} INFO - Filling up the DagBag from /home/airflow/.local/lib/python3.8/site-packages/airflow/example_dags/example_branch_labels.py
[2024-05-11T21:07:42.867+0000] {processor.py:839} INFO - DAG(s) dict_keys(['example_branch_labels']) retrieved from /home/airflow/.local/lib/python3.8/site-packages/airflow/example_dags/example_branch_labels.py
[2024-05-11T21:07:42.888+0000] {logging_mixin.py:154} INFO - [2024-05-11T21:07:42.888+0000] {dag.py:2941} INFO - Sync 1 DAGs
[2024-05-11T21:07:42.903+0000] {logging_mixin.py:154} INFO - [2024-05-11T21:07:42.903+0000] {dag.py:3722} INFO - Setting next_dagrun for example_branch_labels to 2024-05-10T00:00:00+00:00, run_after=2024-05-11T00:00:00+00:00
[2024-05-11T21:07:42.914+0000] {processor.py:179} INFO - Processing /home/airflow/.local/lib/python3.8/site-packages/airflow/example_dags/example_branch_labels.py took 0.070 seconds
[2024-05-11T21:08:13.100+0000] {processor.py:157} INFO - Started process (PID=314) to work on /home/airflow/.local/lib/python3.8/site-packages/airflow/example_dags/example_branch_labels.py
[2024-05-11T21:08:13.102+0000] {processor.py:829} INFO - Processing file /home/airflow/.local/lib/python3.8/site-packages/airflow/example_dags/example_branch_labels.py for tasks to queue
[2024-05-11T21:08:13.105+0000] {logging_mixin.py:154} INFO - [2024-05-11T21:08:13.105+0000] {dagbag.py:536} INFO - Filling up the DagBag from /home/airflow/.local/lib/python3.8/site-packages/airflow/example_dags/example_branch_labels.py
[2024-05-11T21:08:13.114+0000] {processor.py:839} INFO - DAG(s) dict_keys(['example_branch_labels']) retrieved from /home/airflow/.local/lib/python3.8/site-packages/airflow/example_dags/example_branch_labels.py
[2024-05-11T21:08:13.141+0000] {logging_mixin.py:154} INFO - [2024-05-11T21:08:13.141+0000] {dag.py:2941} INFO - Sync 1 DAGs
[2024-05-11T21:08:13.162+0000] {logging_mixin.py:154} INFO - [2024-05-11T21:08:13.162+0000] {dag.py:3722} INFO - Setting next_dagrun for example_branch_labels to 2024-05-10T00:00:00+00:00, run_after=2024-05-11T00:00:00+00:00
[2024-05-11T21:08:13.177+0000] {processor.py:179} INFO - Processing /home/airflow/.local/lib/python3.8/site-packages/airflow/example_dags/example_branch_labels.py took 0.082 seconds
[2024-05-11T21:08:43.332+0000] {processor.py:157} INFO - Started process (PID=369) to work on /home/airflow/.local/lib/python3.8/site-packages/airflow/example_dags/example_branch_labels.py
[2024-05-11T21:08:43.333+0000] {processor.py:829} INFO - Processing file /home/airflow/.local/lib/python3.8/site-packages/airflow/example_dags/example_branch_labels.py for tasks to queue
[2024-05-11T21:08:43.337+0000] {logging_mixin.py:154} INFO - [2024-05-11T21:08:43.337+0000] {dagbag.py:536} INFO - Filling up the DagBag from /home/airflow/.local/lib/python3.8/site-packages/airflow/example_dags/example_branch_labels.py
[2024-05-11T21:08:43.346+0000] {processor.py:839} INFO - DAG(s) dict_keys(['example_branch_labels']) retrieved from /home/airflow/.local/lib/python3.8/site-packages/airflow/example_dags/example_branch_labels.py
[2024-05-11T21:08:43.368+0000] {logging_mixin.py:154} INFO - [2024-05-11T21:08:43.367+0000] {dag.py:2941} INFO - Sync 1 DAGs
[2024-05-11T21:08:43.381+0000] {logging_mixin.py:154} INFO - [2024-05-11T21:08:43.381+0000] {dag.py:3722} INFO - Setting next_dagrun for example_branch_labels to 2024-05-10T00:00:00+00:00, run_after=2024-05-11T00:00:00+00:00
[2024-05-11T21:08:43.393+0000] {processor.py:179} INFO - Processing /home/airflow/.local/lib/python3.8/site-packages/airflow/example_dags/example_branch_labels.py took 0.067 seconds
[2024-05-11T21:09:13.705+0000] {processor.py:157} INFO - Started process (PID=423) to work on /home/airflow/.local/lib/python3.8/site-packages/airflow/example_dags/example_branch_labels.py
[2024-05-11T21:09:13.707+0000] {processor.py:829} INFO - Processing file /home/airflow/.local/lib/python3.8/site-packages/airflow/example_dags/example_branch_labels.py for tasks to queue
[2024-05-11T21:09:13.712+0000] {logging_mixin.py:154} INFO - [2024-05-11T21:09:13.711+0000] {dagbag.py:536} INFO - Filling up the DagBag from /home/airflow/.local/lib/python3.8/site-packages/airflow/example_dags/example_branch_labels.py
[2024-05-11T21:09:13.722+0000] {processor.py:839} INFO - DAG(s) dict_keys(['example_branch_labels']) retrieved from /home/airflow/.local/lib/python3.8/site-packages/airflow/example_dags/example_branch_labels.py
[2024-05-11T21:09:13.745+0000] {logging_mixin.py:154} INFO - [2024-05-11T21:09:13.744+0000] {dag.py:2941} INFO - Sync 1 DAGs
[2024-05-11T21:09:13.764+0000] {logging_mixin.py:154} INFO - [2024-05-11T21:09:13.764+0000] {dag.py:3722} INFO - Setting next_dagrun for example_branch_labels to 2024-05-10T00:00:00+00:00, run_after=2024-05-11T00:00:00+00:00
[2024-05-11T21:09:13.776+0000] {processor.py:179} INFO - Processing /home/airflow/.local/lib/python3.8/site-packages/airflow/example_dags/example_branch_labels.py took 0.076 seconds
[2024-05-11T21:09:44.056+0000] {processor.py:157} INFO - Started process (PID=478) to work on /home/airflow/.local/lib/python3.8/site-packages/airflow/example_dags/example_branch_labels.py
[2024-05-11T21:09:44.058+0000] {processor.py:829} INFO - Processing file /home/airflow/.local/lib/python3.8/site-packages/airflow/example_dags/example_branch_labels.py for tasks to queue
[2024-05-11T21:09:44.061+0000] {logging_mixin.py:154} INFO - [2024-05-11T21:09:44.061+0000] {dagbag.py:536} INFO - Filling up the DagBag from /home/airflow/.local/lib/python3.8/site-packages/airflow/example_dags/example_branch_labels.py
[2024-05-11T21:09:44.071+0000] {processor.py:839} INFO - DAG(s) dict_keys(['example_branch_labels']) retrieved from /home/airflow/.local/lib/python3.8/site-packages/airflow/example_dags/example_branch_labels.py
[2024-05-11T21:09:44.102+0000] {logging_mixin.py:154} INFO - [2024-05-11T21:09:44.102+0000] {dag.py:2941} INFO - Sync 1 DAGs
[2024-05-11T21:09:44.120+0000] {logging_mixin.py:154} INFO - [2024-05-11T21:09:44.120+0000] {dag.py:3722} INFO - Setting next_dagrun for example_branch_labels to 2024-05-10T00:00:00+00:00, run_after=2024-05-11T00:00:00+00:00
[2024-05-11T21:09:44.131+0000] {processor.py:179} INFO - Processing /home/airflow/.local/lib/python3.8/site-packages/airflow/example_dags/example_branch_labels.py took 0.080 seconds
[2024-05-11T21:10:14.316+0000] {processor.py:157} INFO - Started process (PID=532) to work on /home/airflow/.local/lib/python3.8/site-packages/airflow/example_dags/example_branch_labels.py
[2024-05-11T21:10:14.317+0000] {processor.py:829} INFO - Processing file /home/airflow/.local/lib/python3.8/site-packages/airflow/example_dags/example_branch_labels.py for tasks to queue
[2024-05-11T21:10:14.321+0000] {logging_mixin.py:154} INFO - [2024-05-11T21:10:14.321+0000] {dagbag.py:536} INFO - Filling up the DagBag from /home/airflow/.local/lib/python3.8/site-packages/airflow/example_dags/example_branch_labels.py
[2024-05-11T21:10:14.330+0000] {processor.py:839} INFO - DAG(s) dict_keys(['example_branch_labels']) retrieved from /home/airflow/.local/lib/python3.8/site-packages/airflow/example_dags/example_branch_labels.py
[2024-05-11T21:10:14.349+0000] {logging_mixin.py:154} INFO - [2024-05-11T21:10:14.349+0000] {dag.py:2941} INFO - Sync 1 DAGs
[2024-05-11T21:10:14.363+0000] {logging_mixin.py:154} INFO - [2024-05-11T21:10:14.363+0000] {dag.py:3722} INFO - Setting next_dagrun for example_branch_labels to 2024-05-10T00:00:00+00:00, run_after=2024-05-11T00:00:00+00:00
[2024-05-11T21:10:14.374+0000] {processor.py:179} INFO - Processing /home/airflow/.local/lib/python3.8/site-packages/airflow/example_dags/example_branch_labels.py took 0.065 seconds
[2024-05-11T21:10:44.671+0000] {processor.py:157} INFO - Started process (PID=587) to work on /home/airflow/.local/lib/python3.8/site-packages/airflow/example_dags/example_branch_labels.py
[2024-05-11T21:10:44.672+0000] {processor.py:829} INFO - Processing file /home/airflow/.local/lib/python3.8/site-packages/airflow/example_dags/example_branch_labels.py for tasks to queue
[2024-05-11T21:10:44.676+0000] {logging_mixin.py:154} INFO - [2024-05-11T21:10:44.675+0000] {dagbag.py:536} INFO - Filling up the DagBag from /home/airflow/.local/lib/python3.8/site-packages/airflow/example_dags/example_branch_labels.py
[2024-05-11T21:10:44.684+0000] {processor.py:839} INFO - DAG(s) dict_keys(['example_branch_labels']) retrieved from /home/airflow/.local/lib/python3.8/site-packages/airflow/example_dags/example_branch_labels.py
[2024-05-11T21:10:44.704+0000] {logging_mixin.py:154} INFO - [2024-05-11T21:10:44.704+0000] {dag.py:2941} INFO - Sync 1 DAGs
[2024-05-11T21:10:44.718+0000] {logging_mixin.py:154} INFO - [2024-05-11T21:10:44.718+0000] {dag.py:3722} INFO - Setting next_dagrun for example_branch_labels to 2024-05-10T00:00:00+00:00, run_after=2024-05-11T00:00:00+00:00
[2024-05-11T21:10:44.730+0000] {processor.py:179} INFO - Processing /home/airflow/.local/lib/python3.8/site-packages/airflow/example_dags/example_branch_labels.py took 0.064 seconds
[2024-05-11T21:11:15.062+0000] {processor.py:157} INFO - Started process (PID=642) to work on /home/airflow/.local/lib/python3.8/site-packages/airflow/example_dags/example_branch_labels.py
[2024-05-11T21:11:15.064+0000] {processor.py:829} INFO - Processing file /home/airflow/.local/lib/python3.8/site-packages/airflow/example_dags/example_branch_labels.py for tasks to queue
[2024-05-11T21:11:15.067+0000] {logging_mixin.py:154} INFO - [2024-05-11T21:11:15.066+0000] {dagbag.py:536} INFO - Filling up the DagBag from /home/airflow/.local/lib/python3.8/site-packages/airflow/example_dags/example_branch_labels.py
[2024-05-11T21:11:15.075+0000] {processor.py:839} INFO - DAG(s) dict_keys(['example_branch_labels']) retrieved from /home/airflow/.local/lib/python3.8/site-packages/airflow/example_dags/example_branch_labels.py
[2024-05-11T21:11:15.095+0000] {logging_mixin.py:154} INFO - [2024-05-11T21:11:15.095+0000] {dag.py:2941} INFO - Sync 1 DAGs
[2024-05-11T21:11:15.110+0000] {logging_mixin.py:154} INFO - [2024-05-11T21:11:15.110+0000] {dag.py:3722} INFO - Setting next_dagrun for example_branch_labels to 2024-05-10T00:00:00+00:00, run_after=2024-05-11T00:00:00+00:00
[2024-05-11T21:11:15.121+0000] {processor.py:179} INFO - Processing /home/airflow/.local/lib/python3.8/site-packages/airflow/example_dags/example_branch_labels.py took 0.065 seconds
[2024-05-11T21:11:45.368+0000] {processor.py:157} INFO - Started process (PID=697) to work on /home/airflow/.local/lib/python3.8/site-packages/airflow/example_dags/example_branch_labels.py
[2024-05-11T21:11:45.370+0000] {processor.py:829} INFO - Processing file /home/airflow/.local/lib/python3.8/site-packages/airflow/example_dags/example_branch_labels.py for tasks to queue
[2024-05-11T21:11:45.374+0000] {logging_mixin.py:154} INFO - [2024-05-11T21:11:45.374+0000] {dagbag.py:536} INFO - Filling up the DagBag from /home/airflow/.local/lib/python3.8/site-packages/airflow/example_dags/example_branch_labels.py
[2024-05-11T21:11:45.387+0000] {processor.py:839} INFO - DAG(s) dict_keys(['example_branch_labels']) retrieved from /home/airflow/.local/lib/python3.8/site-packages/airflow/example_dags/example_branch_labels.py
[2024-05-11T21:11:45.412+0000] {logging_mixin.py:154} INFO - [2024-05-11T21:11:45.412+0000] {dag.py:2941} INFO - Sync 1 DAGs
[2024-05-11T21:11:45.427+0000] {logging_mixin.py:154} INFO - [2024-05-11T21:11:45.427+0000] {dag.py:3722} INFO - Setting next_dagrun for example_branch_labels to 2024-05-10T00:00:00+00:00, run_after=2024-05-11T00:00:00+00:00
[2024-05-11T21:11:45.438+0000] {processor.py:179} INFO - Processing /home/airflow/.local/lib/python3.8/site-packages/airflow/example_dags/example_branch_labels.py took 0.075 seconds
[2024-05-11T21:12:15.594+0000] {processor.py:157} INFO - Started process (PID=753) to work on /home/airflow/.local/lib/python3.8/site-packages/airflow/example_dags/example_branch_labels.py
[2024-05-11T21:12:15.596+0000] {processor.py:829} INFO - Processing file /home/airflow/.local/lib/python3.8/site-packages/airflow/example_dags/example_branch_labels.py for tasks to queue
[2024-05-11T21:12:15.599+0000] {logging_mixin.py:154} INFO - [2024-05-11T21:12:15.599+0000] {dagbag.py:536} INFO - Filling up the DagBag from /home/airflow/.local/lib/python3.8/site-packages/airflow/example_dags/example_branch_labels.py
[2024-05-11T21:12:15.608+0000] {processor.py:839} INFO - DAG(s) dict_keys(['example_branch_labels']) retrieved from /home/airflow/.local/lib/python3.8/site-packages/airflow/example_dags/example_branch_labels.py
[2024-05-11T21:12:15.628+0000] {logging_mixin.py:154} INFO - [2024-05-11T21:12:15.628+0000] {dag.py:2941} INFO - Sync 1 DAGs
[2024-05-11T21:12:15.646+0000] {logging_mixin.py:154} INFO - [2024-05-11T21:12:15.645+0000] {dag.py:3722} INFO - Setting next_dagrun for example_branch_labels to 2024-05-10T00:00:00+00:00, run_after=2024-05-11T00:00:00+00:00
[2024-05-11T21:12:15.657+0000] {processor.py:179} INFO - Processing /home/airflow/.local/lib/python3.8/site-packages/airflow/example_dags/example_branch_labels.py took 0.069 seconds
[2024-05-11T21:12:45.965+0000] {processor.py:157} INFO - Started process (PID=808) to work on /home/airflow/.local/lib/python3.8/site-packages/airflow/example_dags/example_branch_labels.py
[2024-05-11T21:12:45.967+0000] {processor.py:829} INFO - Processing file /home/airflow/.local/lib/python3.8/site-packages/airflow/example_dags/example_branch_labels.py for tasks to queue
[2024-05-11T21:12:45.970+0000] {logging_mixin.py:154} INFO - [2024-05-11T21:12:45.969+0000] {dagbag.py:536} INFO - Filling up the DagBag from /home/airflow/.local/lib/python3.8/site-packages/airflow/example_dags/example_branch_labels.py
[2024-05-11T21:12:45.981+0000] {processor.py:839} INFO - DAG(s) dict_keys(['example_branch_labels']) retrieved from /home/airflow/.local/lib/python3.8/site-packages/airflow/example_dags/example_branch_labels.py
[2024-05-11T21:12:46.003+0000] {logging_mixin.py:154} INFO - [2024-05-11T21:12:46.003+0000] {dag.py:2941} INFO - Sync 1 DAGs
[2024-05-11T21:12:46.020+0000] {logging_mixin.py:154} INFO - [2024-05-11T21:12:46.020+0000] {dag.py:3722} INFO - Setting next_dagrun for example_branch_labels to 2024-05-10T00:00:00+00:00, run_after=2024-05-11T00:00:00+00:00
[2024-05-11T21:12:46.033+0000] {processor.py:179} INFO - Processing /home/airflow/.local/lib/python3.8/site-packages/airflow/example_dags/example_branch_labels.py took 0.073 seconds
[2024-05-11T21:13:16.275+0000] {processor.py:157} INFO - Started process (PID=863) to work on /home/airflow/.local/lib/python3.8/site-packages/airflow/example_dags/example_branch_labels.py
[2024-05-11T21:13:16.276+0000] {processor.py:829} INFO - Processing file /home/airflow/.local/lib/python3.8/site-packages/airflow/example_dags/example_branch_labels.py for tasks to queue
[2024-05-11T21:13:16.279+0000] {logging_mixin.py:154} INFO - [2024-05-11T21:13:16.279+0000] {dagbag.py:536} INFO - Filling up the DagBag from /home/airflow/.local/lib/python3.8/site-packages/airflow/example_dags/example_branch_labels.py
[2024-05-11T21:13:16.290+0000] {processor.py:839} INFO - DAG(s) dict_keys(['example_branch_labels']) retrieved from /home/airflow/.local/lib/python3.8/site-packages/airflow/example_dags/example_branch_labels.py
[2024-05-11T21:13:16.313+0000] {logging_mixin.py:154} INFO - [2024-05-11T21:13:16.312+0000] {dag.py:2941} INFO - Sync 1 DAGs
[2024-05-11T21:13:16.341+0000] {logging_mixin.py:154} INFO - [2024-05-11T21:13:16.341+0000] {dag.py:3722} INFO - Setting next_dagrun for example_branch_labels to 2024-05-10T00:00:00+00:00, run_after=2024-05-11T00:00:00+00:00
[2024-05-11T21:13:16.357+0000] {processor.py:179} INFO - Processing /home/airflow/.local/lib/python3.8/site-packages/airflow/example_dags/example_branch_labels.py took 0.088 seconds
[2024-05-11T21:13:46.560+0000] {processor.py:157} INFO - Started process (PID=918) to work on /home/airflow/.local/lib/python3.8/site-packages/airflow/example_dags/example_branch_labels.py
[2024-05-11T21:13:46.562+0000] {processor.py:829} INFO - Processing file /home/airflow/.local/lib/python3.8/site-packages/airflow/example_dags/example_branch_labels.py for tasks to queue
[2024-05-11T21:13:46.566+0000] {logging_mixin.py:154} INFO - [2024-05-11T21:13:46.565+0000] {dagbag.py:536} INFO - Filling up the DagBag from /home/airflow/.local/lib/python3.8/site-packages/airflow/example_dags/example_branch_labels.py
[2024-05-11T21:13:46.575+0000] {processor.py:839} INFO - DAG(s) dict_keys(['example_branch_labels']) retrieved from /home/airflow/.local/lib/python3.8/site-packages/airflow/example_dags/example_branch_labels.py
[2024-05-11T21:13:46.597+0000] {logging_mixin.py:154} INFO - [2024-05-11T21:13:46.596+0000] {dag.py:2941} INFO - Sync 1 DAGs
[2024-05-11T21:13:46.613+0000] {logging_mixin.py:154} INFO - [2024-05-11T21:13:46.613+0000] {dag.py:3722} INFO - Setting next_dagrun for example_branch_labels to 2024-05-10T00:00:00+00:00, run_after=2024-05-11T00:00:00+00:00
[2024-05-11T21:13:46.625+0000] {processor.py:179} INFO - Processing /home/airflow/.local/lib/python3.8/site-packages/airflow/example_dags/example_branch_labels.py took 0.071 seconds
[2024-05-11T21:14:16.757+0000] {processor.py:157} INFO - Started process (PID=973) to work on /home/airflow/.local/lib/python3.8/site-packages/airflow/example_dags/example_branch_labels.py
[2024-05-11T21:14:16.759+0000] {processor.py:829} INFO - Processing file /home/airflow/.local/lib/python3.8/site-packages/airflow/example_dags/example_branch_labels.py for tasks to queue
[2024-05-11T21:14:16.763+0000] {logging_mixin.py:154} INFO - [2024-05-11T21:14:16.763+0000] {dagbag.py:536} INFO - Filling up the DagBag from /home/airflow/.local/lib/python3.8/site-packages/airflow/example_dags/example_branch_labels.py
[2024-05-11T21:14:16.773+0000] {processor.py:839} INFO - DAG(s) dict_keys(['example_branch_labels']) retrieved from /home/airflow/.local/lib/python3.8/site-packages/airflow/example_dags/example_branch_labels.py
[2024-05-11T21:14:16.793+0000] {logging_mixin.py:154} INFO - [2024-05-11T21:14:16.793+0000] {dag.py:2941} INFO - Sync 1 DAGs
[2024-05-11T21:14:16.809+0000] {logging_mixin.py:154} INFO - [2024-05-11T21:14:16.809+0000] {dag.py:3722} INFO - Setting next_dagrun for example_branch_labels to 2024-05-10T00:00:00+00:00, run_after=2024-05-11T00:00:00+00:00
[2024-05-11T21:14:16.821+0000] {processor.py:179} INFO - Processing /home/airflow/.local/lib/python3.8/site-packages/airflow/example_dags/example_branch_labels.py took 0.069 seconds
[2024-05-11T21:14:46.970+0000] {processor.py:157} INFO - Started process (PID=1029) to work on /home/airflow/.local/lib/python3.8/site-packages/airflow/example_dags/example_branch_labels.py
[2024-05-11T21:14:46.971+0000] {processor.py:829} INFO - Processing file /home/airflow/.local/lib/python3.8/site-packages/airflow/example_dags/example_branch_labels.py for tasks to queue
[2024-05-11T21:14:46.974+0000] {logging_mixin.py:154} INFO - [2024-05-11T21:14:46.974+0000] {dagbag.py:536} INFO - Filling up the DagBag from /home/airflow/.local/lib/python3.8/site-packages/airflow/example_dags/example_branch_labels.py
[2024-05-11T21:14:46.982+0000] {processor.py:839} INFO - DAG(s) dict_keys(['example_branch_labels']) retrieved from /home/airflow/.local/lib/python3.8/site-packages/airflow/example_dags/example_branch_labels.py
[2024-05-11T21:14:47.003+0000] {logging_mixin.py:154} INFO - [2024-05-11T21:14:47.002+0000] {dag.py:2941} INFO - Sync 1 DAGs
[2024-05-11T21:14:47.018+0000] {logging_mixin.py:154} INFO - [2024-05-11T21:14:47.018+0000] {dag.py:3722} INFO - Setting next_dagrun for example_branch_labels to 2024-05-10T00:00:00+00:00, run_after=2024-05-11T00:00:00+00:00
[2024-05-11T21:14:47.031+0000] {processor.py:179} INFO - Processing /home/airflow/.local/lib/python3.8/site-packages/airflow/example_dags/example_branch_labels.py took 0.066 seconds
[2024-05-11T21:15:17.342+0000] {processor.py:157} INFO - Started process (PID=1084) to work on /home/airflow/.local/lib/python3.8/site-packages/airflow/example_dags/example_branch_labels.py
[2024-05-11T21:15:17.344+0000] {processor.py:829} INFO - Processing file /home/airflow/.local/lib/python3.8/site-packages/airflow/example_dags/example_branch_labels.py for tasks to queue
[2024-05-11T21:15:17.348+0000] {logging_mixin.py:154} INFO - [2024-05-11T21:15:17.347+0000] {dagbag.py:536} INFO - Filling up the DagBag from /home/airflow/.local/lib/python3.8/site-packages/airflow/example_dags/example_branch_labels.py
[2024-05-11T21:15:17.358+0000] {processor.py:839} INFO - DAG(s) dict_keys(['example_branch_labels']) retrieved from /home/airflow/.local/lib/python3.8/site-packages/airflow/example_dags/example_branch_labels.py
[2024-05-11T21:15:17.380+0000] {logging_mixin.py:154} INFO - [2024-05-11T21:15:17.380+0000] {dag.py:2941} INFO - Sync 1 DAGs
[2024-05-11T21:15:17.399+0000] {logging_mixin.py:154} INFO - [2024-05-11T21:15:17.398+0000] {dag.py:3722} INFO - Setting next_dagrun for example_branch_labels to 2024-05-10T00:00:00+00:00, run_after=2024-05-11T00:00:00+00:00
[2024-05-11T21:15:17.411+0000] {processor.py:179} INFO - Processing /home/airflow/.local/lib/python3.8/site-packages/airflow/example_dags/example_branch_labels.py took 0.076 seconds
[2024-05-11T21:16:30.001+0000] {processor.py:157} INFO - Started process (PID=35) to work on /home/airflow/.local/lib/python3.8/site-packages/airflow/example_dags/example_branch_labels.py
[2024-05-11T21:16:30.014+0000] {processor.py:829} INFO - Processing file /home/airflow/.local/lib/python3.8/site-packages/airflow/example_dags/example_branch_labels.py for tasks to queue
[2024-05-11T21:16:30.027+0000] {logging_mixin.py:154} INFO - [2024-05-11T21:16:30.022+0000] {dagbag.py:536} INFO - Filling up the DagBag from /home/airflow/.local/lib/python3.8/site-packages/airflow/example_dags/example_branch_labels.py
[2024-05-11T21:16:30.076+0000] {processor.py:839} INFO - DAG(s) dict_keys(['example_branch_labels']) retrieved from /home/airflow/.local/lib/python3.8/site-packages/airflow/example_dags/example_branch_labels.py
[2024-05-11T21:16:30.152+0000] {logging_mixin.py:154} INFO - [2024-05-11T21:16:30.152+0000] {dag.py:2941} INFO - Sync 1 DAGs
[2024-05-11T21:16:30.202+0000] {logging_mixin.py:154} INFO - [2024-05-11T21:16:30.202+0000] {dag.py:3722} INFO - Setting next_dagrun for example_branch_labels to 2024-05-10T00:00:00+00:00, run_after=2024-05-11T00:00:00+00:00
[2024-05-11T21:16:30.236+0000] {processor.py:179} INFO - Processing /home/airflow/.local/lib/python3.8/site-packages/airflow/example_dags/example_branch_labels.py took 0.239 seconds
[2024-05-11T21:17:00.421+0000] {processor.py:157} INFO - Started process (PID=90) to work on /home/airflow/.local/lib/python3.8/site-packages/airflow/example_dags/example_branch_labels.py
[2024-05-11T21:17:00.423+0000] {processor.py:829} INFO - Processing file /home/airflow/.local/lib/python3.8/site-packages/airflow/example_dags/example_branch_labels.py for tasks to queue
[2024-05-11T21:17:00.430+0000] {logging_mixin.py:154} INFO - [2024-05-11T21:17:00.429+0000] {dagbag.py:536} INFO - Filling up the DagBag from /home/airflow/.local/lib/python3.8/site-packages/airflow/example_dags/example_branch_labels.py
[2024-05-11T21:17:00.447+0000] {processor.py:839} INFO - DAG(s) dict_keys(['example_branch_labels']) retrieved from /home/airflow/.local/lib/python3.8/site-packages/airflow/example_dags/example_branch_labels.py
[2024-05-11T21:17:00.470+0000] {logging_mixin.py:154} INFO - [2024-05-11T21:17:00.470+0000] {dag.py:2941} INFO - Sync 1 DAGs
[2024-05-11T21:17:00.486+0000] {logging_mixin.py:154} INFO - [2024-05-11T21:17:00.486+0000] {dag.py:3722} INFO - Setting next_dagrun for example_branch_labels to 2024-05-10T00:00:00+00:00, run_after=2024-05-11T00:00:00+00:00
[2024-05-11T21:17:00.498+0000] {processor.py:179} INFO - Processing /home/airflow/.local/lib/python3.8/site-packages/airflow/example_dags/example_branch_labels.py took 0.087 seconds
[2024-05-11T21:17:30.844+0000] {processor.py:157} INFO - Started process (PID=146) to work on /home/airflow/.local/lib/python3.8/site-packages/airflow/example_dags/example_branch_labels.py
[2024-05-11T21:17:30.845+0000] {processor.py:829} INFO - Processing file /home/airflow/.local/lib/python3.8/site-packages/airflow/example_dags/example_branch_labels.py for tasks to queue
[2024-05-11T21:17:30.849+0000] {logging_mixin.py:154} INFO - [2024-05-11T21:17:30.848+0000] {dagbag.py:536} INFO - Filling up the DagBag from /home/airflow/.local/lib/python3.8/site-packages/airflow/example_dags/example_branch_labels.py
[2024-05-11T21:17:30.861+0000] {processor.py:839} INFO - DAG(s) dict_keys(['example_branch_labels']) retrieved from /home/airflow/.local/lib/python3.8/site-packages/airflow/example_dags/example_branch_labels.py
[2024-05-11T21:17:30.884+0000] {logging_mixin.py:154} INFO - [2024-05-11T21:17:30.884+0000] {dag.py:2941} INFO - Sync 1 DAGs
[2024-05-11T21:17:30.903+0000] {logging_mixin.py:154} INFO - [2024-05-11T21:17:30.903+0000] {dag.py:3722} INFO - Setting next_dagrun for example_branch_labels to 2024-05-10T00:00:00+00:00, run_after=2024-05-11T00:00:00+00:00
[2024-05-11T21:17:30.918+0000] {processor.py:179} INFO - Processing /home/airflow/.local/lib/python3.8/site-packages/airflow/example_dags/example_branch_labels.py took 0.080 seconds
[2024-05-11T21:18:01.278+0000] {processor.py:157} INFO - Started process (PID=202) to work on /home/airflow/.local/lib/python3.8/site-packages/airflow/example_dags/example_branch_labels.py
[2024-05-11T21:18:01.279+0000] {processor.py:829} INFO - Processing file /home/airflow/.local/lib/python3.8/site-packages/airflow/example_dags/example_branch_labels.py for tasks to queue
[2024-05-11T21:18:01.282+0000] {logging_mixin.py:154} INFO - [2024-05-11T21:18:01.282+0000] {dagbag.py:536} INFO - Filling up the DagBag from /home/airflow/.local/lib/python3.8/site-packages/airflow/example_dags/example_branch_labels.py
[2024-05-11T21:18:01.291+0000] {processor.py:839} INFO - DAG(s) dict_keys(['example_branch_labels']) retrieved from /home/airflow/.local/lib/python3.8/site-packages/airflow/example_dags/example_branch_labels.py
[2024-05-11T21:18:01.311+0000] {logging_mixin.py:154} INFO - [2024-05-11T21:18:01.311+0000] {dag.py:2941} INFO - Sync 1 DAGs
[2024-05-11T21:18:01.326+0000] {logging_mixin.py:154} INFO - [2024-05-11T21:18:01.326+0000] {dag.py:3722} INFO - Setting next_dagrun for example_branch_labels to 2024-05-10T00:00:00+00:00, run_after=2024-05-11T00:00:00+00:00
[2024-05-11T21:18:01.345+0000] {processor.py:179} INFO - Processing /home/airflow/.local/lib/python3.8/site-packages/airflow/example_dags/example_branch_labels.py took 0.073 seconds
[2024-05-11T21:18:31.477+0000] {processor.py:157} INFO - Started process (PID=257) to work on /home/airflow/.local/lib/python3.8/site-packages/airflow/example_dags/example_branch_labels.py
[2024-05-11T21:18:31.479+0000] {processor.py:829} INFO - Processing file /home/airflow/.local/lib/python3.8/site-packages/airflow/example_dags/example_branch_labels.py for tasks to queue
[2024-05-11T21:18:31.483+0000] {logging_mixin.py:154} INFO - [2024-05-11T21:18:31.482+0000] {dagbag.py:536} INFO - Filling up the DagBag from /home/airflow/.local/lib/python3.8/site-packages/airflow/example_dags/example_branch_labels.py
[2024-05-11T21:18:31.491+0000] {processor.py:839} INFO - DAG(s) dict_keys(['example_branch_labels']) retrieved from /home/airflow/.local/lib/python3.8/site-packages/airflow/example_dags/example_branch_labels.py
[2024-05-11T21:18:31.511+0000] {logging_mixin.py:154} INFO - [2024-05-11T21:18:31.510+0000] {dag.py:2941} INFO - Sync 1 DAGs
[2024-05-11T21:18:31.525+0000] {logging_mixin.py:154} INFO - [2024-05-11T21:18:31.525+0000] {dag.py:3722} INFO - Setting next_dagrun for example_branch_labels to 2024-05-10T00:00:00+00:00, run_after=2024-05-11T00:00:00+00:00
[2024-05-11T21:18:31.535+0000] {processor.py:179} INFO - Processing /home/airflow/.local/lib/python3.8/site-packages/airflow/example_dags/example_branch_labels.py took 0.063 seconds
[2024-05-11T21:19:01.671+0000] {processor.py:157} INFO - Started process (PID=312) to work on /home/airflow/.local/lib/python3.8/site-packages/airflow/example_dags/example_branch_labels.py
[2024-05-11T21:19:01.674+0000] {processor.py:829} INFO - Processing file /home/airflow/.local/lib/python3.8/site-packages/airflow/example_dags/example_branch_labels.py for tasks to queue
[2024-05-11T21:19:01.678+0000] {logging_mixin.py:154} INFO - [2024-05-11T21:19:01.678+0000] {dagbag.py:536} INFO - Filling up the DagBag from /home/airflow/.local/lib/python3.8/site-packages/airflow/example_dags/example_branch_labels.py
[2024-05-11T21:19:01.689+0000] {processor.py:839} INFO - DAG(s) dict_keys(['example_branch_labels']) retrieved from /home/airflow/.local/lib/python3.8/site-packages/airflow/example_dags/example_branch_labels.py
[2024-05-11T21:19:01.713+0000] {logging_mixin.py:154} INFO - [2024-05-11T21:19:01.713+0000] {dag.py:2941} INFO - Sync 1 DAGs
[2024-05-11T21:19:01.731+0000] {logging_mixin.py:154} INFO - [2024-05-11T21:19:01.730+0000] {dag.py:3722} INFO - Setting next_dagrun for example_branch_labels to 2024-05-10T00:00:00+00:00, run_after=2024-05-11T00:00:00+00:00
[2024-05-11T21:19:01.746+0000] {processor.py:179} INFO - Processing /home/airflow/.local/lib/python3.8/site-packages/airflow/example_dags/example_branch_labels.py took 0.082 seconds
[2024-05-11T21:19:32.096+0000] {processor.py:157} INFO - Started process (PID=367) to work on /home/airflow/.local/lib/python3.8/site-packages/airflow/example_dags/example_branch_labels.py
[2024-05-11T21:19:32.097+0000] {processor.py:829} INFO - Processing file /home/airflow/.local/lib/python3.8/site-packages/airflow/example_dags/example_branch_labels.py for tasks to queue
[2024-05-11T21:19:32.101+0000] {logging_mixin.py:154} INFO - [2024-05-11T21:19:32.101+0000] {dagbag.py:536} INFO - Filling up the DagBag from /home/airflow/.local/lib/python3.8/site-packages/airflow/example_dags/example_branch_labels.py
[2024-05-11T21:19:32.111+0000] {processor.py:839} INFO - DAG(s) dict_keys(['example_branch_labels']) retrieved from /home/airflow/.local/lib/python3.8/site-packages/airflow/example_dags/example_branch_labels.py
[2024-05-11T21:19:32.133+0000] {logging_mixin.py:154} INFO - [2024-05-11T21:19:32.133+0000] {dag.py:2941} INFO - Sync 1 DAGs
[2024-05-11T21:19:32.148+0000] {logging_mixin.py:154} INFO - [2024-05-11T21:19:32.148+0000] {dag.py:3722} INFO - Setting next_dagrun for example_branch_labels to 2024-05-10T00:00:00+00:00, run_after=2024-05-11T00:00:00+00:00
[2024-05-11T21:19:32.159+0000] {processor.py:179} INFO - Processing /home/airflow/.local/lib/python3.8/site-packages/airflow/example_dags/example_branch_labels.py took 0.070 seconds
[2024-05-11T21:20:02.501+0000] {processor.py:157} INFO - Started process (PID=422) to work on /home/airflow/.local/lib/python3.8/site-packages/airflow/example_dags/example_branch_labels.py
[2024-05-11T21:20:02.503+0000] {processor.py:829} INFO - Processing file /home/airflow/.local/lib/python3.8/site-packages/airflow/example_dags/example_branch_labels.py for tasks to queue
[2024-05-11T21:20:02.506+0000] {logging_mixin.py:154} INFO - [2024-05-11T21:20:02.506+0000] {dagbag.py:536} INFO - Filling up the DagBag from /home/airflow/.local/lib/python3.8/site-packages/airflow/example_dags/example_branch_labels.py
[2024-05-11T21:20:02.514+0000] {processor.py:839} INFO - DAG(s) dict_keys(['example_branch_labels']) retrieved from /home/airflow/.local/lib/python3.8/site-packages/airflow/example_dags/example_branch_labels.py
[2024-05-11T21:20:02.534+0000] {logging_mixin.py:154} INFO - [2024-05-11T21:20:02.534+0000] {dag.py:2941} INFO - Sync 1 DAGs
[2024-05-11T21:20:02.548+0000] {logging_mixin.py:154} INFO - [2024-05-11T21:20:02.548+0000] {dag.py:3722} INFO - Setting next_dagrun for example_branch_labels to 2024-05-10T00:00:00+00:00, run_after=2024-05-11T00:00:00+00:00
[2024-05-11T21:20:02.559+0000] {processor.py:179} INFO - Processing /home/airflow/.local/lib/python3.8/site-packages/airflow/example_dags/example_branch_labels.py took 0.062 seconds
[2024-05-11T21:20:32.689+0000] {processor.py:157} INFO - Started process (PID=477) to work on /home/airflow/.local/lib/python3.8/site-packages/airflow/example_dags/example_branch_labels.py
[2024-05-11T21:20:32.691+0000] {processor.py:829} INFO - Processing file /home/airflow/.local/lib/python3.8/site-packages/airflow/example_dags/example_branch_labels.py for tasks to queue
[2024-05-11T21:20:32.695+0000] {logging_mixin.py:154} INFO - [2024-05-11T21:20:32.694+0000] {dagbag.py:536} INFO - Filling up the DagBag from /home/airflow/.local/lib/python3.8/site-packages/airflow/example_dags/example_branch_labels.py
[2024-05-11T21:20:32.702+0000] {processor.py:839} INFO - DAG(s) dict_keys(['example_branch_labels']) retrieved from /home/airflow/.local/lib/python3.8/site-packages/airflow/example_dags/example_branch_labels.py
[2024-05-11T21:20:32.723+0000] {logging_mixin.py:154} INFO - [2024-05-11T21:20:32.723+0000] {dag.py:2941} INFO - Sync 1 DAGs
[2024-05-11T21:20:32.737+0000] {logging_mixin.py:154} INFO - [2024-05-11T21:20:32.736+0000] {dag.py:3722} INFO - Setting next_dagrun for example_branch_labels to 2024-05-10T00:00:00+00:00, run_after=2024-05-11T00:00:00+00:00
[2024-05-11T21:20:32.748+0000] {processor.py:179} INFO - Processing /home/airflow/.local/lib/python3.8/site-packages/airflow/example_dags/example_branch_labels.py took 0.063 seconds
[2024-05-11T21:21:02.805+0000] {processor.py:157} INFO - Started process (PID=532) to work on /home/airflow/.local/lib/python3.8/site-packages/airflow/example_dags/example_branch_labels.py
[2024-05-11T21:21:02.807+0000] {processor.py:829} INFO - Processing file /home/airflow/.local/lib/python3.8/site-packages/airflow/example_dags/example_branch_labels.py for tasks to queue
[2024-05-11T21:21:02.811+0000] {logging_mixin.py:154} INFO - [2024-05-11T21:21:02.811+0000] {dagbag.py:536} INFO - Filling up the DagBag from /home/airflow/.local/lib/python3.8/site-packages/airflow/example_dags/example_branch_labels.py
[2024-05-11T21:21:02.822+0000] {processor.py:839} INFO - DAG(s) dict_keys(['example_branch_labels']) retrieved from /home/airflow/.local/lib/python3.8/site-packages/airflow/example_dags/example_branch_labels.py
[2024-05-11T21:21:02.849+0000] {logging_mixin.py:154} INFO - [2024-05-11T21:21:02.849+0000] {dag.py:2941} INFO - Sync 1 DAGs
[2024-05-11T21:21:02.869+0000] {logging_mixin.py:154} INFO - [2024-05-11T21:21:02.869+0000] {dag.py:3722} INFO - Setting next_dagrun for example_branch_labels to 2024-05-10T00:00:00+00:00, run_after=2024-05-11T00:00:00+00:00
[2024-05-11T21:21:02.883+0000] {processor.py:179} INFO - Processing /home/airflow/.local/lib/python3.8/site-packages/airflow/example_dags/example_branch_labels.py took 0.082 seconds
[2024-05-11T21:21:33.259+0000] {processor.py:157} INFO - Started process (PID=587) to work on /home/airflow/.local/lib/python3.8/site-packages/airflow/example_dags/example_branch_labels.py
[2024-05-11T21:21:33.261+0000] {processor.py:829} INFO - Processing file /home/airflow/.local/lib/python3.8/site-packages/airflow/example_dags/example_branch_labels.py for tasks to queue
[2024-05-11T21:21:33.265+0000] {logging_mixin.py:154} INFO - [2024-05-11T21:21:33.265+0000] {dagbag.py:536} INFO - Filling up the DagBag from /home/airflow/.local/lib/python3.8/site-packages/airflow/example_dags/example_branch_labels.py
[2024-05-11T21:21:33.279+0000] {processor.py:839} INFO - DAG(s) dict_keys(['example_branch_labels']) retrieved from /home/airflow/.local/lib/python3.8/site-packages/airflow/example_dags/example_branch_labels.py
[2024-05-11T21:21:33.301+0000] {logging_mixin.py:154} INFO - [2024-05-11T21:21:33.301+0000] {dag.py:2941} INFO - Sync 1 DAGs
[2024-05-11T21:21:33.318+0000] {logging_mixin.py:154} INFO - [2024-05-11T21:21:33.318+0000] {dag.py:3722} INFO - Setting next_dagrun for example_branch_labels to 2024-05-10T00:00:00+00:00, run_after=2024-05-11T00:00:00+00:00
[2024-05-11T21:21:33.332+0000] {processor.py:179} INFO - Processing /home/airflow/.local/lib/python3.8/site-packages/airflow/example_dags/example_branch_labels.py took 0.080 seconds
[2024-05-11T21:22:03.611+0000] {processor.py:157} INFO - Started process (PID=642) to work on /home/airflow/.local/lib/python3.8/site-packages/airflow/example_dags/example_branch_labels.py
[2024-05-11T21:22:03.613+0000] {processor.py:829} INFO - Processing file /home/airflow/.local/lib/python3.8/site-packages/airflow/example_dags/example_branch_labels.py for tasks to queue
[2024-05-11T21:22:03.616+0000] {logging_mixin.py:154} INFO - [2024-05-11T21:22:03.616+0000] {dagbag.py:536} INFO - Filling up the DagBag from /home/airflow/.local/lib/python3.8/site-packages/airflow/example_dags/example_branch_labels.py
[2024-05-11T21:22:03.630+0000] {processor.py:839} INFO - DAG(s) dict_keys(['example_branch_labels']) retrieved from /home/airflow/.local/lib/python3.8/site-packages/airflow/example_dags/example_branch_labels.py
[2024-05-11T21:22:03.665+0000] {logging_mixin.py:154} INFO - [2024-05-11T21:22:03.665+0000] {dag.py:2941} INFO - Sync 1 DAGs
[2024-05-11T21:22:03.686+0000] {logging_mixin.py:154} INFO - [2024-05-11T21:22:03.686+0000] {dag.py:3722} INFO - Setting next_dagrun for example_branch_labels to 2024-05-10T00:00:00+00:00, run_after=2024-05-11T00:00:00+00:00
[2024-05-11T21:22:03.700+0000] {processor.py:179} INFO - Processing /home/airflow/.local/lib/python3.8/site-packages/airflow/example_dags/example_branch_labels.py took 0.093 seconds
[2024-05-11T21:42:01.768+0000] {processor.py:157} INFO - Started process (PID=45) to work on /home/airflow/.local/lib/python3.8/site-packages/airflow/example_dags/example_branch_labels.py
[2024-05-11T21:42:01.777+0000] {processor.py:829} INFO - Processing file /home/airflow/.local/lib/python3.8/site-packages/airflow/example_dags/example_branch_labels.py for tasks to queue
[2024-05-11T21:42:01.783+0000] {logging_mixin.py:154} INFO - [2024-05-11T21:42:01.782+0000] {dagbag.py:536} INFO - Filling up the DagBag from /home/airflow/.local/lib/python3.8/site-packages/airflow/example_dags/example_branch_labels.py
[2024-05-11T21:42:01.858+0000] {processor.py:839} INFO - DAG(s) dict_keys(['example_branch_labels']) retrieved from /home/airflow/.local/lib/python3.8/site-packages/airflow/example_dags/example_branch_labels.py
[2024-05-11T21:42:02.260+0000] {logging_mixin.py:154} INFO - [2024-05-11T21:42:02.260+0000] {manager.py:499} INFO - Created Permission View: %s
[2024-05-11T21:42:02.314+0000] {logging_mixin.py:154} INFO - [2024-05-11T21:42:02.314+0000] {manager.py:499} INFO - Created Permission View: %s
[2024-05-11T21:42:02.343+0000] {logging_mixin.py:154} INFO - [2024-05-11T21:42:02.342+0000] {manager.py:499} INFO - Created Permission View: %s
[2024-05-11T21:42:02.345+0000] {logging_mixin.py:154} INFO - [2024-05-11T21:42:02.345+0000] {dag.py:2941} INFO - Sync 1 DAGs
[2024-05-11T21:42:02.378+0000] {logging_mixin.py:154} INFO - [2024-05-11T21:42:02.378+0000] {dag.py:2963} INFO - Creating ORM DAG for example_branch_labels
[2024-05-11T21:42:02.416+0000] {logging_mixin.py:154} INFO - [2024-05-11T21:42:02.416+0000] {dag.py:3722} INFO - Setting next_dagrun for example_branch_labels to 2024-05-10T00:00:00+00:00, run_after=2024-05-11T00:00:00+00:00
[2024-05-11T21:42:02.476+0000] {processor.py:179} INFO - Processing /home/airflow/.local/lib/python3.8/site-packages/airflow/example_dags/example_branch_labels.py took 0.713 seconds
[2024-05-11T21:42:32.601+0000] {processor.py:157} INFO - Started process (PID=101) to work on /home/airflow/.local/lib/python3.8/site-packages/airflow/example_dags/example_branch_labels.py
[2024-05-11T21:42:32.603+0000] {processor.py:829} INFO - Processing file /home/airflow/.local/lib/python3.8/site-packages/airflow/example_dags/example_branch_labels.py for tasks to queue
[2024-05-11T21:42:32.605+0000] {logging_mixin.py:154} INFO - [2024-05-11T21:42:32.605+0000] {dagbag.py:536} INFO - Filling up the DagBag from /home/airflow/.local/lib/python3.8/site-packages/airflow/example_dags/example_branch_labels.py
[2024-05-11T21:42:32.612+0000] {processor.py:839} INFO - DAG(s) dict_keys(['example_branch_labels']) retrieved from /home/airflow/.local/lib/python3.8/site-packages/airflow/example_dags/example_branch_labels.py
[2024-05-11T21:42:32.637+0000] {logging_mixin.py:154} INFO - [2024-05-11T21:42:32.637+0000] {dag.py:2941} INFO - Sync 1 DAGs
[2024-05-11T21:42:32.655+0000] {logging_mixin.py:154} INFO - [2024-05-11T21:42:32.655+0000] {dag.py:3722} INFO - Setting next_dagrun for example_branch_labels to 2024-05-10T00:00:00+00:00, run_after=2024-05-11T00:00:00+00:00
[2024-05-11T21:42:32.672+0000] {processor.py:179} INFO - Processing /home/airflow/.local/lib/python3.8/site-packages/airflow/example_dags/example_branch_labels.py took 0.075 seconds
[2024-05-11T21:43:02.750+0000] {processor.py:157} INFO - Started process (PID=156) to work on /home/airflow/.local/lib/python3.8/site-packages/airflow/example_dags/example_branch_labels.py
[2024-05-11T21:43:02.752+0000] {processor.py:829} INFO - Processing file /home/airflow/.local/lib/python3.8/site-packages/airflow/example_dags/example_branch_labels.py for tasks to queue
[2024-05-11T21:43:02.754+0000] {logging_mixin.py:154} INFO - [2024-05-11T21:43:02.754+0000] {dagbag.py:536} INFO - Filling up the DagBag from /home/airflow/.local/lib/python3.8/site-packages/airflow/example_dags/example_branch_labels.py
[2024-05-11T21:43:02.763+0000] {processor.py:839} INFO - DAG(s) dict_keys(['example_branch_labels']) retrieved from /home/airflow/.local/lib/python3.8/site-packages/airflow/example_dags/example_branch_labels.py
[2024-05-11T21:43:02.786+0000] {logging_mixin.py:154} INFO - [2024-05-11T21:43:02.786+0000] {dag.py:2941} INFO - Sync 1 DAGs
[2024-05-11T21:43:02.805+0000] {logging_mixin.py:154} INFO - [2024-05-11T21:43:02.805+0000] {dag.py:3722} INFO - Setting next_dagrun for example_branch_labels to 2024-05-10T00:00:00+00:00, run_after=2024-05-11T00:00:00+00:00
[2024-05-11T21:43:02.823+0000] {processor.py:179} INFO - Processing /home/airflow/.local/lib/python3.8/site-packages/airflow/example_dags/example_branch_labels.py took 0.077 seconds
[2024-05-11T21:43:33.178+0000] {processor.py:157} INFO - Started process (PID=210) to work on /home/airflow/.local/lib/python3.8/site-packages/airflow/example_dags/example_branch_labels.py
[2024-05-11T21:43:33.180+0000] {processor.py:829} INFO - Processing file /home/airflow/.local/lib/python3.8/site-packages/airflow/example_dags/example_branch_labels.py for tasks to queue
[2024-05-11T21:43:33.184+0000] {logging_mixin.py:154} INFO - [2024-05-11T21:43:33.184+0000] {dagbag.py:536} INFO - Filling up the DagBag from /home/airflow/.local/lib/python3.8/site-packages/airflow/example_dags/example_branch_labels.py
[2024-05-11T21:43:33.194+0000] {processor.py:839} INFO - DAG(s) dict_keys(['example_branch_labels']) retrieved from /home/airflow/.local/lib/python3.8/site-packages/airflow/example_dags/example_branch_labels.py
[2024-05-11T21:43:33.216+0000] {logging_mixin.py:154} INFO - [2024-05-11T21:43:33.215+0000] {dag.py:2941} INFO - Sync 1 DAGs
[2024-05-11T21:43:33.235+0000] {logging_mixin.py:154} INFO - [2024-05-11T21:43:33.235+0000] {dag.py:3722} INFO - Setting next_dagrun for example_branch_labels to 2024-05-10T00:00:00+00:00, run_after=2024-05-11T00:00:00+00:00
[2024-05-11T21:43:33.253+0000] {processor.py:179} INFO - Processing /home/airflow/.local/lib/python3.8/site-packages/airflow/example_dags/example_branch_labels.py took 0.078 seconds
[2024-05-11T21:44:03.903+0000] {processor.py:157} INFO - Started process (PID=265) to work on /home/airflow/.local/lib/python3.8/site-packages/airflow/example_dags/example_branch_labels.py
[2024-05-11T21:44:03.904+0000] {processor.py:829} INFO - Processing file /home/airflow/.local/lib/python3.8/site-packages/airflow/example_dags/example_branch_labels.py for tasks to queue
[2024-05-11T21:44:03.906+0000] {logging_mixin.py:154} INFO - [2024-05-11T21:44:03.906+0000] {dagbag.py:536} INFO - Filling up the DagBag from /home/airflow/.local/lib/python3.8/site-packages/airflow/example_dags/example_branch_labels.py
[2024-05-11T21:44:03.913+0000] {processor.py:839} INFO - DAG(s) dict_keys(['example_branch_labels']) retrieved from /home/airflow/.local/lib/python3.8/site-packages/airflow/example_dags/example_branch_labels.py
[2024-05-11T21:44:03.935+0000] {logging_mixin.py:154} INFO - [2024-05-11T21:44:03.935+0000] {dag.py:2941} INFO - Sync 1 DAGs
[2024-05-11T21:44:03.955+0000] {logging_mixin.py:154} INFO - [2024-05-11T21:44:03.955+0000] {dag.py:3722} INFO - Setting next_dagrun for example_branch_labels to 2024-05-10T00:00:00+00:00, run_after=2024-05-11T00:00:00+00:00
[2024-05-11T21:44:03.971+0000] {processor.py:179} INFO - Processing /home/airflow/.local/lib/python3.8/site-packages/airflow/example_dags/example_branch_labels.py took 0.072 seconds
[2024-05-11T21:44:34.520+0000] {processor.py:157} INFO - Started process (PID=320) to work on /home/airflow/.local/lib/python3.8/site-packages/airflow/example_dags/example_branch_labels.py
[2024-05-11T21:44:34.522+0000] {processor.py:829} INFO - Processing file /home/airflow/.local/lib/python3.8/site-packages/airflow/example_dags/example_branch_labels.py for tasks to queue
[2024-05-11T21:44:34.524+0000] {logging_mixin.py:154} INFO - [2024-05-11T21:44:34.524+0000] {dagbag.py:536} INFO - Filling up the DagBag from /home/airflow/.local/lib/python3.8/site-packages/airflow/example_dags/example_branch_labels.py
[2024-05-11T21:44:34.532+0000] {processor.py:839} INFO - DAG(s) dict_keys(['example_branch_labels']) retrieved from /home/airflow/.local/lib/python3.8/site-packages/airflow/example_dags/example_branch_labels.py
[2024-05-11T21:44:34.554+0000] {logging_mixin.py:154} INFO - [2024-05-11T21:44:34.554+0000] {dag.py:2941} INFO - Sync 1 DAGs
[2024-05-11T21:44:34.576+0000] {logging_mixin.py:154} INFO - [2024-05-11T21:44:34.576+0000] {dag.py:3722} INFO - Setting next_dagrun for example_branch_labels to 2024-05-10T00:00:00+00:00, run_after=2024-05-11T00:00:00+00:00
[2024-05-11T21:44:34.594+0000] {processor.py:179} INFO - Processing /home/airflow/.local/lib/python3.8/site-packages/airflow/example_dags/example_branch_labels.py took 0.077 seconds
[2024-05-11T21:45:05.068+0000] {processor.py:157} INFO - Started process (PID=375) to work on /home/airflow/.local/lib/python3.8/site-packages/airflow/example_dags/example_branch_labels.py
[2024-05-11T21:45:05.070+0000] {processor.py:829} INFO - Processing file /home/airflow/.local/lib/python3.8/site-packages/airflow/example_dags/example_branch_labels.py for tasks to queue
[2024-05-11T21:45:05.073+0000] {logging_mixin.py:154} INFO - [2024-05-11T21:45:05.073+0000] {dagbag.py:536} INFO - Filling up the DagBag from /home/airflow/.local/lib/python3.8/site-packages/airflow/example_dags/example_branch_labels.py
[2024-05-11T21:45:05.080+0000] {processor.py:839} INFO - DAG(s) dict_keys(['example_branch_labels']) retrieved from /home/airflow/.local/lib/python3.8/site-packages/airflow/example_dags/example_branch_labels.py
[2024-05-11T21:45:05.103+0000] {logging_mixin.py:154} INFO - [2024-05-11T21:45:05.102+0000] {dag.py:2941} INFO - Sync 1 DAGs
[2024-05-11T21:45:05.122+0000] {logging_mixin.py:154} INFO - [2024-05-11T21:45:05.122+0000] {dag.py:3722} INFO - Setting next_dagrun for example_branch_labels to 2024-05-10T00:00:00+00:00, run_after=2024-05-11T00:00:00+00:00
[2024-05-11T21:45:05.139+0000] {processor.py:179} INFO - Processing /home/airflow/.local/lib/python3.8/site-packages/airflow/example_dags/example_branch_labels.py took 0.074 seconds
[2024-05-11T21:45:35.259+0000] {processor.py:157} INFO - Started process (PID=431) to work on /home/airflow/.local/lib/python3.8/site-packages/airflow/example_dags/example_branch_labels.py
[2024-05-11T21:45:35.262+0000] {processor.py:829} INFO - Processing file /home/airflow/.local/lib/python3.8/site-packages/airflow/example_dags/example_branch_labels.py for tasks to queue
[2024-05-11T21:45:35.265+0000] {logging_mixin.py:154} INFO - [2024-05-11T21:45:35.265+0000] {dagbag.py:536} INFO - Filling up the DagBag from /home/airflow/.local/lib/python3.8/site-packages/airflow/example_dags/example_branch_labels.py
[2024-05-11T21:45:35.272+0000] {processor.py:839} INFO - DAG(s) dict_keys(['example_branch_labels']) retrieved from /home/airflow/.local/lib/python3.8/site-packages/airflow/example_dags/example_branch_labels.py
[2024-05-11T21:45:35.296+0000] {logging_mixin.py:154} INFO - [2024-05-11T21:45:35.296+0000] {dag.py:2941} INFO - Sync 1 DAGs
[2024-05-11T21:45:35.316+0000] {logging_mixin.py:154} INFO - [2024-05-11T21:45:35.316+0000] {dag.py:3722} INFO - Setting next_dagrun for example_branch_labels to 2024-05-10T00:00:00+00:00, run_after=2024-05-11T00:00:00+00:00
[2024-05-11T21:45:35.332+0000] {processor.py:179} INFO - Processing /home/airflow/.local/lib/python3.8/site-packages/airflow/example_dags/example_branch_labels.py took 0.075 seconds
[2024-05-11T21:46:05.488+0000] {processor.py:157} INFO - Started process (PID=486) to work on /home/airflow/.local/lib/python3.8/site-packages/airflow/example_dags/example_branch_labels.py
[2024-05-11T21:46:05.489+0000] {processor.py:829} INFO - Processing file /home/airflow/.local/lib/python3.8/site-packages/airflow/example_dags/example_branch_labels.py for tasks to queue
[2024-05-11T21:46:05.492+0000] {logging_mixin.py:154} INFO - [2024-05-11T21:46:05.491+0000] {dagbag.py:536} INFO - Filling up the DagBag from /home/airflow/.local/lib/python3.8/site-packages/airflow/example_dags/example_branch_labels.py
[2024-05-11T21:46:05.502+0000] {processor.py:839} INFO - DAG(s) dict_keys(['example_branch_labels']) retrieved from /home/airflow/.local/lib/python3.8/site-packages/airflow/example_dags/example_branch_labels.py
[2024-05-11T21:46:05.526+0000] {logging_mixin.py:154} INFO - [2024-05-11T21:46:05.526+0000] {dag.py:2941} INFO - Sync 1 DAGs
[2024-05-11T21:46:05.549+0000] {logging_mixin.py:154} INFO - [2024-05-11T21:46:05.549+0000] {dag.py:3722} INFO - Setting next_dagrun for example_branch_labels to 2024-05-10T00:00:00+00:00, run_after=2024-05-11T00:00:00+00:00
[2024-05-11T21:46:05.568+0000] {processor.py:179} INFO - Processing /home/airflow/.local/lib/python3.8/site-packages/airflow/example_dags/example_branch_labels.py took 0.083 seconds
[2024-05-11T21:46:36.053+0000] {processor.py:157} INFO - Started process (PID=541) to work on /home/airflow/.local/lib/python3.8/site-packages/airflow/example_dags/example_branch_labels.py
[2024-05-11T21:46:36.055+0000] {processor.py:829} INFO - Processing file /home/airflow/.local/lib/python3.8/site-packages/airflow/example_dags/example_branch_labels.py for tasks to queue
[2024-05-11T21:46:36.057+0000] {logging_mixin.py:154} INFO - [2024-05-11T21:46:36.057+0000] {dagbag.py:536} INFO - Filling up the DagBag from /home/airflow/.local/lib/python3.8/site-packages/airflow/example_dags/example_branch_labels.py
[2024-05-11T21:46:36.066+0000] {processor.py:839} INFO - DAG(s) dict_keys(['example_branch_labels']) retrieved from /home/airflow/.local/lib/python3.8/site-packages/airflow/example_dags/example_branch_labels.py
[2024-05-11T21:46:36.090+0000] {logging_mixin.py:154} INFO - [2024-05-11T21:46:36.090+0000] {dag.py:2941} INFO - Sync 1 DAGs
[2024-05-11T21:46:36.111+0000] {logging_mixin.py:154} INFO - [2024-05-11T21:46:36.110+0000] {dag.py:3722} INFO - Setting next_dagrun for example_branch_labels to 2024-05-10T00:00:00+00:00, run_after=2024-05-11T00:00:00+00:00
[2024-05-11T21:46:36.128+0000] {processor.py:179} INFO - Processing /home/airflow/.local/lib/python3.8/site-packages/airflow/example_dags/example_branch_labels.py took 0.078 seconds
[2024-05-11T21:47:06.442+0000] {processor.py:157} INFO - Started process (PID=596) to work on /home/airflow/.local/lib/python3.8/site-packages/airflow/example_dags/example_branch_labels.py
[2024-05-11T21:47:06.444+0000] {processor.py:829} INFO - Processing file /home/airflow/.local/lib/python3.8/site-packages/airflow/example_dags/example_branch_labels.py for tasks to queue
[2024-05-11T21:47:06.446+0000] {logging_mixin.py:154} INFO - [2024-05-11T21:47:06.446+0000] {dagbag.py:536} INFO - Filling up the DagBag from /home/airflow/.local/lib/python3.8/site-packages/airflow/example_dags/example_branch_labels.py
[2024-05-11T21:47:06.453+0000] {processor.py:839} INFO - DAG(s) dict_keys(['example_branch_labels']) retrieved from /home/airflow/.local/lib/python3.8/site-packages/airflow/example_dags/example_branch_labels.py
[2024-05-11T21:47:06.472+0000] {logging_mixin.py:154} INFO - [2024-05-11T21:47:06.472+0000] {dag.py:2941} INFO - Sync 1 DAGs
[2024-05-11T21:47:06.490+0000] {logging_mixin.py:154} INFO - [2024-05-11T21:47:06.490+0000] {dag.py:3722} INFO - Setting next_dagrun for example_branch_labels to 2024-05-10T00:00:00+00:00, run_after=2024-05-11T00:00:00+00:00
[2024-05-11T21:47:06.503+0000] {processor.py:179} INFO - Processing /home/airflow/.local/lib/python3.8/site-packages/airflow/example_dags/example_branch_labels.py took 0.064 seconds
