[2024-05-11T21:03:19.982+0000] {processor.py:157} INFO - Started process (PID=53) to work on /home/airflow/.local/lib/python3.8/site-packages/airflow/example_dags/example_branch_day_of_week_operator.py
[2024-05-11T21:03:19.986+0000] {processor.py:829} INFO - Processing file /home/airflow/.local/lib/python3.8/site-packages/airflow/example_dags/example_branch_day_of_week_operator.py for tasks to queue
[2024-05-11T21:03:19.989+0000] {logging_mixin.py:154} INFO - [2024-05-11T21:03:19.989+0000] {dagbag.py:536} INFO - Filling up the DagBag from /home/airflow/.local/lib/python3.8/site-packages/airflow/example_dags/example_branch_day_of_week_operator.py
[2024-05-11T21:03:19.999+0000] {processor.py:839} INFO - DAG(s) dict_keys(['example_weekday_branch_operator']) retrieved from /home/airflow/.local/lib/python3.8/site-packages/airflow/example_dags/example_branch_day_of_week_operator.py
[2024-05-11T21:03:20.104+0000] {logging_mixin.py:154} INFO - [2024-05-11T21:03:20.104+0000] {manager.py:499} INFO - Created Permission View: %s
[2024-05-11T21:03:20.117+0000] {logging_mixin.py:154} INFO - [2024-05-11T21:03:20.117+0000] {manager.py:499} INFO - Created Permission View: %s
[2024-05-11T21:03:20.124+0000] {logging_mixin.py:154} INFO - [2024-05-11T21:03:20.124+0000] {manager.py:499} INFO - Created Permission View: %s
[2024-05-11T21:03:20.125+0000] {logging_mixin.py:154} INFO - [2024-05-11T21:03:20.125+0000] {dag.py:2941} INFO - Sync 1 DAGs
[2024-05-11T21:03:20.138+0000] {logging_mixin.py:154} INFO - [2024-05-11T21:03:20.138+0000] {dag.py:2963} INFO - Creating ORM DAG for example_weekday_branch_operator
[2024-05-11T21:03:20.147+0000] {logging_mixin.py:154} INFO - [2024-05-11T21:03:20.147+0000] {dag.py:3722} INFO - Setting next_dagrun for example_weekday_branch_operator to 2024-05-10T00:00:00+00:00, run_after=2024-05-11T00:00:00+00:00
[2024-05-11T21:03:20.157+0000] {processor.py:179} INFO - Processing /home/airflow/.local/lib/python3.8/site-packages/airflow/example_dags/example_branch_day_of_week_operator.py took 0.178 seconds
[2024-05-11T21:03:50.370+0000] {processor.py:157} INFO - Started process (PID=108) to work on /home/airflow/.local/lib/python3.8/site-packages/airflow/example_dags/example_branch_day_of_week_operator.py
[2024-05-11T21:03:50.371+0000] {processor.py:829} INFO - Processing file /home/airflow/.local/lib/python3.8/site-packages/airflow/example_dags/example_branch_day_of_week_operator.py for tasks to queue
[2024-05-11T21:03:50.374+0000] {logging_mixin.py:154} INFO - [2024-05-11T21:03:50.373+0000] {dagbag.py:536} INFO - Filling up the DagBag from /home/airflow/.local/lib/python3.8/site-packages/airflow/example_dags/example_branch_day_of_week_operator.py
[2024-05-11T21:03:50.379+0000] {processor.py:839} INFO - DAG(s) dict_keys(['example_weekday_branch_operator']) retrieved from /home/airflow/.local/lib/python3.8/site-packages/airflow/example_dags/example_branch_day_of_week_operator.py
[2024-05-11T21:03:50.396+0000] {logging_mixin.py:154} INFO - [2024-05-11T21:03:50.396+0000] {dag.py:2941} INFO - Sync 1 DAGs
[2024-05-11T21:03:50.411+0000] {logging_mixin.py:154} INFO - [2024-05-11T21:03:50.411+0000] {dag.py:3722} INFO - Setting next_dagrun for example_weekday_branch_operator to 2024-05-10T00:00:00+00:00, run_after=2024-05-11T00:00:00+00:00
[2024-05-11T21:03:50.423+0000] {processor.py:179} INFO - Processing /home/airflow/.local/lib/python3.8/site-packages/airflow/example_dags/example_branch_day_of_week_operator.py took 0.056 seconds
[2024-05-11T21:04:20.837+0000] {processor.py:157} INFO - Started process (PID=162) to work on /home/airflow/.local/lib/python3.8/site-packages/airflow/example_dags/example_branch_day_of_week_operator.py
[2024-05-11T21:04:20.839+0000] {processor.py:829} INFO - Processing file /home/airflow/.local/lib/python3.8/site-packages/airflow/example_dags/example_branch_day_of_week_operator.py for tasks to queue
[2024-05-11T21:04:20.842+0000] {logging_mixin.py:154} INFO - [2024-05-11T21:04:20.841+0000] {dagbag.py:536} INFO - Filling up the DagBag from /home/airflow/.local/lib/python3.8/site-packages/airflow/example_dags/example_branch_day_of_week_operator.py
[2024-05-11T21:04:20.848+0000] {processor.py:839} INFO - DAG(s) dict_keys(['example_weekday_branch_operator']) retrieved from /home/airflow/.local/lib/python3.8/site-packages/airflow/example_dags/example_branch_day_of_week_operator.py
[2024-05-11T21:04:20.867+0000] {logging_mixin.py:154} INFO - [2024-05-11T21:04:20.867+0000] {dag.py:2941} INFO - Sync 1 DAGs
[2024-05-11T21:04:20.883+0000] {logging_mixin.py:154} INFO - [2024-05-11T21:04:20.883+0000] {dag.py:3722} INFO - Setting next_dagrun for example_weekday_branch_operator to 2024-05-10T00:00:00+00:00, run_after=2024-05-11T00:00:00+00:00
[2024-05-11T21:04:20.895+0000] {processor.py:179} INFO - Processing /home/airflow/.local/lib/python3.8/site-packages/airflow/example_dags/example_branch_day_of_week_operator.py took 0.061 seconds
[2024-05-11T21:04:51.161+0000] {processor.py:157} INFO - Started process (PID=217) to work on /home/airflow/.local/lib/python3.8/site-packages/airflow/example_dags/example_branch_day_of_week_operator.py
[2024-05-11T21:04:51.162+0000] {processor.py:829} INFO - Processing file /home/airflow/.local/lib/python3.8/site-packages/airflow/example_dags/example_branch_day_of_week_operator.py for tasks to queue
[2024-05-11T21:04:51.165+0000] {logging_mixin.py:154} INFO - [2024-05-11T21:04:51.165+0000] {dagbag.py:536} INFO - Filling up the DagBag from /home/airflow/.local/lib/python3.8/site-packages/airflow/example_dags/example_branch_day_of_week_operator.py
[2024-05-11T21:04:51.171+0000] {processor.py:839} INFO - DAG(s) dict_keys(['example_weekday_branch_operator']) retrieved from /home/airflow/.local/lib/python3.8/site-packages/airflow/example_dags/example_branch_day_of_week_operator.py
[2024-05-11T21:04:51.189+0000] {logging_mixin.py:154} INFO - [2024-05-11T21:04:51.189+0000] {dag.py:2941} INFO - Sync 1 DAGs
[2024-05-11T21:04:51.203+0000] {logging_mixin.py:154} INFO - [2024-05-11T21:04:51.203+0000] {dag.py:3722} INFO - Setting next_dagrun for example_weekday_branch_operator to 2024-05-10T00:00:00+00:00, run_after=2024-05-11T00:00:00+00:00
[2024-05-11T21:04:51.213+0000] {processor.py:179} INFO - Processing /home/airflow/.local/lib/python3.8/site-packages/airflow/example_dags/example_branch_day_of_week_operator.py took 0.055 seconds
[2024-05-11T21:05:42.975+0000] {processor.py:157} INFO - Started process (PID=54) to work on /home/airflow/.local/lib/python3.8/site-packages/airflow/example_dags/example_branch_day_of_week_operator.py
[2024-05-11T21:05:42.978+0000] {processor.py:829} INFO - Processing file /home/airflow/.local/lib/python3.8/site-packages/airflow/example_dags/example_branch_day_of_week_operator.py for tasks to queue
[2024-05-11T21:05:42.983+0000] {logging_mixin.py:154} INFO - [2024-05-11T21:05:42.983+0000] {dagbag.py:536} INFO - Filling up the DagBag from /home/airflow/.local/lib/python3.8/site-packages/airflow/example_dags/example_branch_day_of_week_operator.py
[2024-05-11T21:05:43.000+0000] {processor.py:839} INFO - DAG(s) dict_keys(['example_weekday_branch_operator']) retrieved from /home/airflow/.local/lib/python3.8/site-packages/airflow/example_dags/example_branch_day_of_week_operator.py
[2024-05-11T21:05:43.026+0000] {logging_mixin.py:154} INFO - [2024-05-11T21:05:43.026+0000] {dag.py:2941} INFO - Sync 1 DAGs
[2024-05-11T21:05:43.060+0000] {logging_mixin.py:154} INFO - [2024-05-11T21:05:43.059+0000] {dag.py:3722} INFO - Setting next_dagrun for example_weekday_branch_operator to 2024-05-10T00:00:00+00:00, run_after=2024-05-11T00:00:00+00:00
[2024-05-11T21:05:43.093+0000] {processor.py:179} INFO - Processing /home/airflow/.local/lib/python3.8/site-packages/airflow/example_dags/example_branch_day_of_week_operator.py took 0.123 seconds
[2024-05-11T21:06:13.915+0000] {processor.py:157} INFO - Started process (PID=109) to work on /home/airflow/.local/lib/python3.8/site-packages/airflow/example_dags/example_branch_day_of_week_operator.py
[2024-05-11T21:06:13.917+0000] {processor.py:829} INFO - Processing file /home/airflow/.local/lib/python3.8/site-packages/airflow/example_dags/example_branch_day_of_week_operator.py for tasks to queue
[2024-05-11T21:06:13.920+0000] {logging_mixin.py:154} INFO - [2024-05-11T21:06:13.919+0000] {dagbag.py:536} INFO - Filling up the DagBag from /home/airflow/.local/lib/python3.8/site-packages/airflow/example_dags/example_branch_day_of_week_operator.py
[2024-05-11T21:06:13.925+0000] {processor.py:839} INFO - DAG(s) dict_keys(['example_weekday_branch_operator']) retrieved from /home/airflow/.local/lib/python3.8/site-packages/airflow/example_dags/example_branch_day_of_week_operator.py
[2024-05-11T21:06:13.942+0000] {logging_mixin.py:154} INFO - [2024-05-11T21:06:13.942+0000] {dag.py:2941} INFO - Sync 1 DAGs
[2024-05-11T21:06:13.956+0000] {logging_mixin.py:154} INFO - [2024-05-11T21:06:13.955+0000] {dag.py:3722} INFO - Setting next_dagrun for example_weekday_branch_operator to 2024-05-10T00:00:00+00:00, run_after=2024-05-11T00:00:00+00:00
[2024-05-11T21:06:13.966+0000] {processor.py:179} INFO - Processing /home/airflow/.local/lib/python3.8/site-packages/airflow/example_dags/example_branch_day_of_week_operator.py took 0.053 seconds
[2024-05-11T21:06:44.268+0000] {processor.py:157} INFO - Started process (PID=164) to work on /home/airflow/.local/lib/python3.8/site-packages/airflow/example_dags/example_branch_day_of_week_operator.py
[2024-05-11T21:06:44.269+0000] {processor.py:829} INFO - Processing file /home/airflow/.local/lib/python3.8/site-packages/airflow/example_dags/example_branch_day_of_week_operator.py for tasks to queue
[2024-05-11T21:06:44.271+0000] {logging_mixin.py:154} INFO - [2024-05-11T21:06:44.271+0000] {dagbag.py:536} INFO - Filling up the DagBag from /home/airflow/.local/lib/python3.8/site-packages/airflow/example_dags/example_branch_day_of_week_operator.py
[2024-05-11T21:06:44.277+0000] {processor.py:839} INFO - DAG(s) dict_keys(['example_weekday_branch_operator']) retrieved from /home/airflow/.local/lib/python3.8/site-packages/airflow/example_dags/example_branch_day_of_week_operator.py
[2024-05-11T21:06:44.293+0000] {logging_mixin.py:154} INFO - [2024-05-11T21:06:44.293+0000] {dag.py:2941} INFO - Sync 1 DAGs
[2024-05-11T21:06:44.306+0000] {logging_mixin.py:154} INFO - [2024-05-11T21:06:44.306+0000] {dag.py:3722} INFO - Setting next_dagrun for example_weekday_branch_operator to 2024-05-10T00:00:00+00:00, run_after=2024-05-11T00:00:00+00:00
[2024-05-11T21:06:44.316+0000] {processor.py:179} INFO - Processing /home/airflow/.local/lib/python3.8/site-packages/airflow/example_dags/example_branch_day_of_week_operator.py took 0.051 seconds
[2024-05-11T21:07:14.493+0000] {processor.py:157} INFO - Started process (PID=219) to work on /home/airflow/.local/lib/python3.8/site-packages/airflow/example_dags/example_branch_day_of_week_operator.py
[2024-05-11T21:07:14.494+0000] {processor.py:829} INFO - Processing file /home/airflow/.local/lib/python3.8/site-packages/airflow/example_dags/example_branch_day_of_week_operator.py for tasks to queue
[2024-05-11T21:07:14.496+0000] {logging_mixin.py:154} INFO - [2024-05-11T21:07:14.496+0000] {dagbag.py:536} INFO - Filling up the DagBag from /home/airflow/.local/lib/python3.8/site-packages/airflow/example_dags/example_branch_day_of_week_operator.py
[2024-05-11T21:07:14.502+0000] {processor.py:839} INFO - DAG(s) dict_keys(['example_weekday_branch_operator']) retrieved from /home/airflow/.local/lib/python3.8/site-packages/airflow/example_dags/example_branch_day_of_week_operator.py
[2024-05-11T21:07:14.518+0000] {logging_mixin.py:154} INFO - [2024-05-11T21:07:14.518+0000] {dag.py:2941} INFO - Sync 1 DAGs
[2024-05-11T21:07:14.531+0000] {logging_mixin.py:154} INFO - [2024-05-11T21:07:14.531+0000] {dag.py:3722} INFO - Setting next_dagrun for example_weekday_branch_operator to 2024-05-10T00:00:00+00:00, run_after=2024-05-11T00:00:00+00:00
[2024-05-11T21:07:14.541+0000] {processor.py:179} INFO - Processing /home/airflow/.local/lib/python3.8/site-packages/airflow/example_dags/example_branch_day_of_week_operator.py took 0.051 seconds
[2024-05-11T21:07:44.722+0000] {processor.py:157} INFO - Started process (PID=278) to work on /home/airflow/.local/lib/python3.8/site-packages/airflow/example_dags/example_branch_day_of_week_operator.py
[2024-05-11T21:07:44.723+0000] {processor.py:829} INFO - Processing file /home/airflow/.local/lib/python3.8/site-packages/airflow/example_dags/example_branch_day_of_week_operator.py for tasks to queue
[2024-05-11T21:07:44.726+0000] {logging_mixin.py:154} INFO - [2024-05-11T21:07:44.725+0000] {dagbag.py:536} INFO - Filling up the DagBag from /home/airflow/.local/lib/python3.8/site-packages/airflow/example_dags/example_branch_day_of_week_operator.py
[2024-05-11T21:07:44.733+0000] {processor.py:839} INFO - DAG(s) dict_keys(['example_weekday_branch_operator']) retrieved from /home/airflow/.local/lib/python3.8/site-packages/airflow/example_dags/example_branch_day_of_week_operator.py
[2024-05-11T21:07:44.753+0000] {logging_mixin.py:154} INFO - [2024-05-11T21:07:44.753+0000] {dag.py:2941} INFO - Sync 1 DAGs
[2024-05-11T21:07:44.767+0000] {logging_mixin.py:154} INFO - [2024-05-11T21:07:44.767+0000] {dag.py:3722} INFO - Setting next_dagrun for example_weekday_branch_operator to 2024-05-10T00:00:00+00:00, run_after=2024-05-11T00:00:00+00:00
[2024-05-11T21:07:44.778+0000] {processor.py:179} INFO - Processing /home/airflow/.local/lib/python3.8/site-packages/airflow/example_dags/example_branch_day_of_week_operator.py took 0.060 seconds
[2024-05-11T21:08:15.054+0000] {processor.py:157} INFO - Started process (PID=333) to work on /home/airflow/.local/lib/python3.8/site-packages/airflow/example_dags/example_branch_day_of_week_operator.py
[2024-05-11T21:08:15.056+0000] {processor.py:829} INFO - Processing file /home/airflow/.local/lib/python3.8/site-packages/airflow/example_dags/example_branch_day_of_week_operator.py for tasks to queue
[2024-05-11T21:08:15.058+0000] {logging_mixin.py:154} INFO - [2024-05-11T21:08:15.058+0000] {dagbag.py:536} INFO - Filling up the DagBag from /home/airflow/.local/lib/python3.8/site-packages/airflow/example_dags/example_branch_day_of_week_operator.py
[2024-05-11T21:08:15.063+0000] {processor.py:839} INFO - DAG(s) dict_keys(['example_weekday_branch_operator']) retrieved from /home/airflow/.local/lib/python3.8/site-packages/airflow/example_dags/example_branch_day_of_week_operator.py
[2024-05-11T21:08:15.080+0000] {logging_mixin.py:154} INFO - [2024-05-11T21:08:15.080+0000] {dag.py:2941} INFO - Sync 1 DAGs
[2024-05-11T21:08:15.097+0000] {logging_mixin.py:154} INFO - [2024-05-11T21:08:15.097+0000] {dag.py:3722} INFO - Setting next_dagrun for example_weekday_branch_operator to 2024-05-10T00:00:00+00:00, run_after=2024-05-11T00:00:00+00:00
[2024-05-11T21:08:15.107+0000] {processor.py:179} INFO - Processing /home/airflow/.local/lib/python3.8/site-packages/airflow/example_dags/example_branch_day_of_week_operator.py took 0.056 seconds
[2024-05-11T21:08:45.270+0000] {processor.py:157} INFO - Started process (PID=388) to work on /home/airflow/.local/lib/python3.8/site-packages/airflow/example_dags/example_branch_day_of_week_operator.py
[2024-05-11T21:08:45.271+0000] {processor.py:829} INFO - Processing file /home/airflow/.local/lib/python3.8/site-packages/airflow/example_dags/example_branch_day_of_week_operator.py for tasks to queue
[2024-05-11T21:08:45.274+0000] {logging_mixin.py:154} INFO - [2024-05-11T21:08:45.274+0000] {dagbag.py:536} INFO - Filling up the DagBag from /home/airflow/.local/lib/python3.8/site-packages/airflow/example_dags/example_branch_day_of_week_operator.py
[2024-05-11T21:08:45.280+0000] {processor.py:839} INFO - DAG(s) dict_keys(['example_weekday_branch_operator']) retrieved from /home/airflow/.local/lib/python3.8/site-packages/airflow/example_dags/example_branch_day_of_week_operator.py
[2024-05-11T21:08:45.297+0000] {logging_mixin.py:154} INFO - [2024-05-11T21:08:45.297+0000] {dag.py:2941} INFO - Sync 1 DAGs
[2024-05-11T21:08:45.314+0000] {logging_mixin.py:154} INFO - [2024-05-11T21:08:45.314+0000] {dag.py:3722} INFO - Setting next_dagrun for example_weekday_branch_operator to 2024-05-10T00:00:00+00:00, run_after=2024-05-11T00:00:00+00:00
[2024-05-11T21:08:45.332+0000] {processor.py:179} INFO - Processing /home/airflow/.local/lib/python3.8/site-packages/airflow/example_dags/example_branch_day_of_week_operator.py took 0.065 seconds
[2024-05-11T21:09:15.757+0000] {processor.py:157} INFO - Started process (PID=442) to work on /home/airflow/.local/lib/python3.8/site-packages/airflow/example_dags/example_branch_day_of_week_operator.py
[2024-05-11T21:09:15.758+0000] {processor.py:829} INFO - Processing file /home/airflow/.local/lib/python3.8/site-packages/airflow/example_dags/example_branch_day_of_week_operator.py for tasks to queue
[2024-05-11T21:09:15.761+0000] {logging_mixin.py:154} INFO - [2024-05-11T21:09:15.760+0000] {dagbag.py:536} INFO - Filling up the DagBag from /home/airflow/.local/lib/python3.8/site-packages/airflow/example_dags/example_branch_day_of_week_operator.py
[2024-05-11T21:09:15.766+0000] {processor.py:839} INFO - DAG(s) dict_keys(['example_weekday_branch_operator']) retrieved from /home/airflow/.local/lib/python3.8/site-packages/airflow/example_dags/example_branch_day_of_week_operator.py
[2024-05-11T21:09:15.782+0000] {logging_mixin.py:154} INFO - [2024-05-11T21:09:15.782+0000] {dag.py:2941} INFO - Sync 1 DAGs
[2024-05-11T21:09:15.795+0000] {logging_mixin.py:154} INFO - [2024-05-11T21:09:15.795+0000] {dag.py:3722} INFO - Setting next_dagrun for example_weekday_branch_operator to 2024-05-10T00:00:00+00:00, run_after=2024-05-11T00:00:00+00:00
[2024-05-11T21:09:15.805+0000] {processor.py:179} INFO - Processing /home/airflow/.local/lib/python3.8/site-packages/airflow/example_dags/example_branch_day_of_week_operator.py took 0.051 seconds
[2024-05-11T21:09:46.076+0000] {processor.py:157} INFO - Started process (PID=497) to work on /home/airflow/.local/lib/python3.8/site-packages/airflow/example_dags/example_branch_day_of_week_operator.py
[2024-05-11T21:09:46.077+0000] {processor.py:829} INFO - Processing file /home/airflow/.local/lib/python3.8/site-packages/airflow/example_dags/example_branch_day_of_week_operator.py for tasks to queue
[2024-05-11T21:09:46.080+0000] {logging_mixin.py:154} INFO - [2024-05-11T21:09:46.080+0000] {dagbag.py:536} INFO - Filling up the DagBag from /home/airflow/.local/lib/python3.8/site-packages/airflow/example_dags/example_branch_day_of_week_operator.py
[2024-05-11T21:09:46.085+0000] {processor.py:839} INFO - DAG(s) dict_keys(['example_weekday_branch_operator']) retrieved from /home/airflow/.local/lib/python3.8/site-packages/airflow/example_dags/example_branch_day_of_week_operator.py
[2024-05-11T21:09:46.102+0000] {logging_mixin.py:154} INFO - [2024-05-11T21:09:46.102+0000] {dag.py:2941} INFO - Sync 1 DAGs
[2024-05-11T21:09:46.116+0000] {logging_mixin.py:154} INFO - [2024-05-11T21:09:46.115+0000] {dag.py:3722} INFO - Setting next_dagrun for example_weekday_branch_operator to 2024-05-10T00:00:00+00:00, run_after=2024-05-11T00:00:00+00:00
[2024-05-11T21:09:46.127+0000] {processor.py:179} INFO - Processing /home/airflow/.local/lib/python3.8/site-packages/airflow/example_dags/example_branch_day_of_week_operator.py took 0.053 seconds
[2024-05-11T21:10:16.253+0000] {processor.py:157} INFO - Started process (PID=551) to work on /home/airflow/.local/lib/python3.8/site-packages/airflow/example_dags/example_branch_day_of_week_operator.py
[2024-05-11T21:10:16.254+0000] {processor.py:829} INFO - Processing file /home/airflow/.local/lib/python3.8/site-packages/airflow/example_dags/example_branch_day_of_week_operator.py for tasks to queue
[2024-05-11T21:10:16.256+0000] {logging_mixin.py:154} INFO - [2024-05-11T21:10:16.256+0000] {dagbag.py:536} INFO - Filling up the DagBag from /home/airflow/.local/lib/python3.8/site-packages/airflow/example_dags/example_branch_day_of_week_operator.py
[2024-05-11T21:10:16.261+0000] {processor.py:839} INFO - DAG(s) dict_keys(['example_weekday_branch_operator']) retrieved from /home/airflow/.local/lib/python3.8/site-packages/airflow/example_dags/example_branch_day_of_week_operator.py
[2024-05-11T21:10:16.278+0000] {logging_mixin.py:154} INFO - [2024-05-11T21:10:16.278+0000] {dag.py:2941} INFO - Sync 1 DAGs
[2024-05-11T21:10:16.292+0000] {logging_mixin.py:154} INFO - [2024-05-11T21:10:16.292+0000] {dag.py:3722} INFO - Setting next_dagrun for example_weekday_branch_operator to 2024-05-10T00:00:00+00:00, run_after=2024-05-11T00:00:00+00:00
[2024-05-11T21:10:16.304+0000] {processor.py:179} INFO - Processing /home/airflow/.local/lib/python3.8/site-packages/airflow/example_dags/example_branch_day_of_week_operator.py took 0.054 seconds
[2024-05-11T21:10:46.573+0000] {processor.py:157} INFO - Started process (PID=606) to work on /home/airflow/.local/lib/python3.8/site-packages/airflow/example_dags/example_branch_day_of_week_operator.py
[2024-05-11T21:10:46.575+0000] {processor.py:829} INFO - Processing file /home/airflow/.local/lib/python3.8/site-packages/airflow/example_dags/example_branch_day_of_week_operator.py for tasks to queue
[2024-05-11T21:10:46.577+0000] {logging_mixin.py:154} INFO - [2024-05-11T21:10:46.576+0000] {dagbag.py:536} INFO - Filling up the DagBag from /home/airflow/.local/lib/python3.8/site-packages/airflow/example_dags/example_branch_day_of_week_operator.py
[2024-05-11T21:10:46.583+0000] {processor.py:839} INFO - DAG(s) dict_keys(['example_weekday_branch_operator']) retrieved from /home/airflow/.local/lib/python3.8/site-packages/airflow/example_dags/example_branch_day_of_week_operator.py
[2024-05-11T21:10:46.602+0000] {logging_mixin.py:154} INFO - [2024-05-11T21:10:46.602+0000] {dag.py:2941} INFO - Sync 1 DAGs
[2024-05-11T21:10:46.618+0000] {logging_mixin.py:154} INFO - [2024-05-11T21:10:46.618+0000] {dag.py:3722} INFO - Setting next_dagrun for example_weekday_branch_operator to 2024-05-10T00:00:00+00:00, run_after=2024-05-11T00:00:00+00:00
[2024-05-11T21:10:46.629+0000] {processor.py:179} INFO - Processing /home/airflow/.local/lib/python3.8/site-packages/airflow/example_dags/example_branch_day_of_week_operator.py took 0.059 seconds
[2024-05-11T21:11:16.913+0000] {processor.py:157} INFO - Started process (PID=661) to work on /home/airflow/.local/lib/python3.8/site-packages/airflow/example_dags/example_branch_day_of_week_operator.py
[2024-05-11T21:11:16.914+0000] {processor.py:829} INFO - Processing file /home/airflow/.local/lib/python3.8/site-packages/airflow/example_dags/example_branch_day_of_week_operator.py for tasks to queue
[2024-05-11T21:11:16.917+0000] {logging_mixin.py:154} INFO - [2024-05-11T21:11:16.917+0000] {dagbag.py:536} INFO - Filling up the DagBag from /home/airflow/.local/lib/python3.8/site-packages/airflow/example_dags/example_branch_day_of_week_operator.py
[2024-05-11T21:11:16.923+0000] {processor.py:839} INFO - DAG(s) dict_keys(['example_weekday_branch_operator']) retrieved from /home/airflow/.local/lib/python3.8/site-packages/airflow/example_dags/example_branch_day_of_week_operator.py
[2024-05-11T21:11:16.946+0000] {logging_mixin.py:154} INFO - [2024-05-11T21:11:16.945+0000] {dag.py:2941} INFO - Sync 1 DAGs
[2024-05-11T21:11:16.960+0000] {logging_mixin.py:154} INFO - [2024-05-11T21:11:16.960+0000] {dag.py:3722} INFO - Setting next_dagrun for example_weekday_branch_operator to 2024-05-10T00:00:00+00:00, run_after=2024-05-11T00:00:00+00:00
[2024-05-11T21:11:16.971+0000] {processor.py:179} INFO - Processing /home/airflow/.local/lib/python3.8/site-packages/airflow/example_dags/example_branch_day_of_week_operator.py took 0.061 seconds
[2024-05-11T21:11:47.210+0000] {processor.py:157} INFO - Started process (PID=716) to work on /home/airflow/.local/lib/python3.8/site-packages/airflow/example_dags/example_branch_day_of_week_operator.py
[2024-05-11T21:11:47.211+0000] {processor.py:829} INFO - Processing file /home/airflow/.local/lib/python3.8/site-packages/airflow/example_dags/example_branch_day_of_week_operator.py for tasks to queue
[2024-05-11T21:11:47.213+0000] {logging_mixin.py:154} INFO - [2024-05-11T21:11:47.213+0000] {dagbag.py:536} INFO - Filling up the DagBag from /home/airflow/.local/lib/python3.8/site-packages/airflow/example_dags/example_branch_day_of_week_operator.py
[2024-05-11T21:11:47.219+0000] {processor.py:839} INFO - DAG(s) dict_keys(['example_weekday_branch_operator']) retrieved from /home/airflow/.local/lib/python3.8/site-packages/airflow/example_dags/example_branch_day_of_week_operator.py
[2024-05-11T21:11:47.235+0000] {logging_mixin.py:154} INFO - [2024-05-11T21:11:47.235+0000] {dag.py:2941} INFO - Sync 1 DAGs
[2024-05-11T21:11:47.249+0000] {logging_mixin.py:154} INFO - [2024-05-11T21:11:47.249+0000] {dag.py:3722} INFO - Setting next_dagrun for example_weekday_branch_operator to 2024-05-10T00:00:00+00:00, run_after=2024-05-11T00:00:00+00:00
[2024-05-11T21:11:47.259+0000] {processor.py:179} INFO - Processing /home/airflow/.local/lib/python3.8/site-packages/airflow/example_dags/example_branch_day_of_week_operator.py took 0.052 seconds
[2024-05-11T21:12:17.493+0000] {processor.py:157} INFO - Started process (PID=772) to work on /home/airflow/.local/lib/python3.8/site-packages/airflow/example_dags/example_branch_day_of_week_operator.py
[2024-05-11T21:12:17.494+0000] {processor.py:829} INFO - Processing file /home/airflow/.local/lib/python3.8/site-packages/airflow/example_dags/example_branch_day_of_week_operator.py for tasks to queue
[2024-05-11T21:12:17.496+0000] {logging_mixin.py:154} INFO - [2024-05-11T21:12:17.496+0000] {dagbag.py:536} INFO - Filling up the DagBag from /home/airflow/.local/lib/python3.8/site-packages/airflow/example_dags/example_branch_day_of_week_operator.py
[2024-05-11T21:12:17.501+0000] {processor.py:839} INFO - DAG(s) dict_keys(['example_weekday_branch_operator']) retrieved from /home/airflow/.local/lib/python3.8/site-packages/airflow/example_dags/example_branch_day_of_week_operator.py
[2024-05-11T21:12:17.518+0000] {logging_mixin.py:154} INFO - [2024-05-11T21:12:17.518+0000] {dag.py:2941} INFO - Sync 1 DAGs
[2024-05-11T21:12:17.532+0000] {logging_mixin.py:154} INFO - [2024-05-11T21:12:17.532+0000] {dag.py:3722} INFO - Setting next_dagrun for example_weekday_branch_operator to 2024-05-10T00:00:00+00:00, run_after=2024-05-11T00:00:00+00:00
[2024-05-11T21:12:17.544+0000] {processor.py:179} INFO - Processing /home/airflow/.local/lib/python3.8/site-packages/airflow/example_dags/example_branch_day_of_week_operator.py took 0.054 seconds
[2024-05-11T21:12:47.882+0000] {processor.py:157} INFO - Started process (PID=827) to work on /home/airflow/.local/lib/python3.8/site-packages/airflow/example_dags/example_branch_day_of_week_operator.py
[2024-05-11T21:12:47.883+0000] {processor.py:829} INFO - Processing file /home/airflow/.local/lib/python3.8/site-packages/airflow/example_dags/example_branch_day_of_week_operator.py for tasks to queue
[2024-05-11T21:12:47.885+0000] {logging_mixin.py:154} INFO - [2024-05-11T21:12:47.885+0000] {dagbag.py:536} INFO - Filling up the DagBag from /home/airflow/.local/lib/python3.8/site-packages/airflow/example_dags/example_branch_day_of_week_operator.py
[2024-05-11T21:12:47.890+0000] {processor.py:839} INFO - DAG(s) dict_keys(['example_weekday_branch_operator']) retrieved from /home/airflow/.local/lib/python3.8/site-packages/airflow/example_dags/example_branch_day_of_week_operator.py
[2024-05-11T21:12:47.906+0000] {logging_mixin.py:154} INFO - [2024-05-11T21:12:47.906+0000] {dag.py:2941} INFO - Sync 1 DAGs
[2024-05-11T21:12:47.919+0000] {logging_mixin.py:154} INFO - [2024-05-11T21:12:47.918+0000] {dag.py:3722} INFO - Setting next_dagrun for example_weekday_branch_operator to 2024-05-10T00:00:00+00:00, run_after=2024-05-11T00:00:00+00:00
[2024-05-11T21:12:47.928+0000] {processor.py:179} INFO - Processing /home/airflow/.local/lib/python3.8/site-packages/airflow/example_dags/example_branch_day_of_week_operator.py took 0.048 seconds
[2024-05-11T21:13:18.256+0000] {processor.py:157} INFO - Started process (PID=882) to work on /home/airflow/.local/lib/python3.8/site-packages/airflow/example_dags/example_branch_day_of_week_operator.py
[2024-05-11T21:13:18.257+0000] {processor.py:829} INFO - Processing file /home/airflow/.local/lib/python3.8/site-packages/airflow/example_dags/example_branch_day_of_week_operator.py for tasks to queue
[2024-05-11T21:13:18.260+0000] {logging_mixin.py:154} INFO - [2024-05-11T21:13:18.259+0000] {dagbag.py:536} INFO - Filling up the DagBag from /home/airflow/.local/lib/python3.8/site-packages/airflow/example_dags/example_branch_day_of_week_operator.py
[2024-05-11T21:13:18.265+0000] {processor.py:839} INFO - DAG(s) dict_keys(['example_weekday_branch_operator']) retrieved from /home/airflow/.local/lib/python3.8/site-packages/airflow/example_dags/example_branch_day_of_week_operator.py
[2024-05-11T21:13:18.282+0000] {logging_mixin.py:154} INFO - [2024-05-11T21:13:18.282+0000] {dag.py:2941} INFO - Sync 1 DAGs
[2024-05-11T21:13:18.295+0000] {logging_mixin.py:154} INFO - [2024-05-11T21:13:18.295+0000] {dag.py:3722} INFO - Setting next_dagrun for example_weekday_branch_operator to 2024-05-10T00:00:00+00:00, run_after=2024-05-11T00:00:00+00:00
[2024-05-11T21:13:18.307+0000] {processor.py:179} INFO - Processing /home/airflow/.local/lib/python3.8/site-packages/airflow/example_dags/example_branch_day_of_week_operator.py took 0.054 seconds
[2024-05-11T21:13:48.366+0000] {processor.py:157} INFO - Started process (PID=937) to work on /home/airflow/.local/lib/python3.8/site-packages/airflow/example_dags/example_branch_day_of_week_operator.py
[2024-05-11T21:13:48.367+0000] {processor.py:829} INFO - Processing file /home/airflow/.local/lib/python3.8/site-packages/airflow/example_dags/example_branch_day_of_week_operator.py for tasks to queue
[2024-05-11T21:13:48.369+0000] {logging_mixin.py:154} INFO - [2024-05-11T21:13:48.369+0000] {dagbag.py:536} INFO - Filling up the DagBag from /home/airflow/.local/lib/python3.8/site-packages/airflow/example_dags/example_branch_day_of_week_operator.py
[2024-05-11T21:13:48.375+0000] {processor.py:839} INFO - DAG(s) dict_keys(['example_weekday_branch_operator']) retrieved from /home/airflow/.local/lib/python3.8/site-packages/airflow/example_dags/example_branch_day_of_week_operator.py
[2024-05-11T21:13:48.391+0000] {logging_mixin.py:154} INFO - [2024-05-11T21:13:48.391+0000] {dag.py:2941} INFO - Sync 1 DAGs
[2024-05-11T21:13:48.404+0000] {logging_mixin.py:154} INFO - [2024-05-11T21:13:48.404+0000] {dag.py:3722} INFO - Setting next_dagrun for example_weekday_branch_operator to 2024-05-10T00:00:00+00:00, run_after=2024-05-11T00:00:00+00:00
[2024-05-11T21:13:48.415+0000] {processor.py:179} INFO - Processing /home/airflow/.local/lib/python3.8/site-packages/airflow/example_dags/example_branch_day_of_week_operator.py took 0.052 seconds
[2024-05-11T21:14:18.624+0000] {processor.py:157} INFO - Started process (PID=992) to work on /home/airflow/.local/lib/python3.8/site-packages/airflow/example_dags/example_branch_day_of_week_operator.py
[2024-05-11T21:14:18.625+0000] {processor.py:829} INFO - Processing file /home/airflow/.local/lib/python3.8/site-packages/airflow/example_dags/example_branch_day_of_week_operator.py for tasks to queue
[2024-05-11T21:14:18.628+0000] {logging_mixin.py:154} INFO - [2024-05-11T21:14:18.627+0000] {dagbag.py:536} INFO - Filling up the DagBag from /home/airflow/.local/lib/python3.8/site-packages/airflow/example_dags/example_branch_day_of_week_operator.py
[2024-05-11T21:14:18.633+0000] {processor.py:839} INFO - DAG(s) dict_keys(['example_weekday_branch_operator']) retrieved from /home/airflow/.local/lib/python3.8/site-packages/airflow/example_dags/example_branch_day_of_week_operator.py
[2024-05-11T21:14:18.649+0000] {logging_mixin.py:154} INFO - [2024-05-11T21:14:18.649+0000] {dag.py:2941} INFO - Sync 1 DAGs
[2024-05-11T21:14:18.664+0000] {logging_mixin.py:154} INFO - [2024-05-11T21:14:18.663+0000] {dag.py:3722} INFO - Setting next_dagrun for example_weekday_branch_operator to 2024-05-10T00:00:00+00:00, run_after=2024-05-11T00:00:00+00:00
[2024-05-11T21:14:18.674+0000] {processor.py:179} INFO - Processing /home/airflow/.local/lib/python3.8/site-packages/airflow/example_dags/example_branch_day_of_week_operator.py took 0.052 seconds
[2024-05-11T21:14:48.902+0000] {processor.py:157} INFO - Started process (PID=1048) to work on /home/airflow/.local/lib/python3.8/site-packages/airflow/example_dags/example_branch_day_of_week_operator.py
[2024-05-11T21:14:48.904+0000] {processor.py:829} INFO - Processing file /home/airflow/.local/lib/python3.8/site-packages/airflow/example_dags/example_branch_day_of_week_operator.py for tasks to queue
[2024-05-11T21:14:48.907+0000] {logging_mixin.py:154} INFO - [2024-05-11T21:14:48.906+0000] {dagbag.py:536} INFO - Filling up the DagBag from /home/airflow/.local/lib/python3.8/site-packages/airflow/example_dags/example_branch_day_of_week_operator.py
[2024-05-11T21:14:48.912+0000] {processor.py:839} INFO - DAG(s) dict_keys(['example_weekday_branch_operator']) retrieved from /home/airflow/.local/lib/python3.8/site-packages/airflow/example_dags/example_branch_day_of_week_operator.py
[2024-05-11T21:14:48.932+0000] {logging_mixin.py:154} INFO - [2024-05-11T21:14:48.932+0000] {dag.py:2941} INFO - Sync 1 DAGs
[2024-05-11T21:14:48.947+0000] {logging_mixin.py:154} INFO - [2024-05-11T21:14:48.946+0000] {dag.py:3722} INFO - Setting next_dagrun for example_weekday_branch_operator to 2024-05-10T00:00:00+00:00, run_after=2024-05-11T00:00:00+00:00
[2024-05-11T21:14:48.958+0000] {processor.py:179} INFO - Processing /home/airflow/.local/lib/python3.8/site-packages/airflow/example_dags/example_branch_day_of_week_operator.py took 0.060 seconds
[2024-05-11T21:16:32.363+0000] {processor.py:157} INFO - Started process (PID=54) to work on /home/airflow/.local/lib/python3.8/site-packages/airflow/example_dags/example_branch_day_of_week_operator.py
[2024-05-11T21:16:32.373+0000] {processor.py:829} INFO - Processing file /home/airflow/.local/lib/python3.8/site-packages/airflow/example_dags/example_branch_day_of_week_operator.py for tasks to queue
[2024-05-11T21:16:32.387+0000] {logging_mixin.py:154} INFO - [2024-05-11T21:16:32.386+0000] {dagbag.py:536} INFO - Filling up the DagBag from /home/airflow/.local/lib/python3.8/site-packages/airflow/example_dags/example_branch_day_of_week_operator.py
[2024-05-11T21:16:32.417+0000] {processor.py:839} INFO - DAG(s) dict_keys(['example_weekday_branch_operator']) retrieved from /home/airflow/.local/lib/python3.8/site-packages/airflow/example_dags/example_branch_day_of_week_operator.py
[2024-05-11T21:16:32.464+0000] {logging_mixin.py:154} INFO - [2024-05-11T21:16:32.464+0000] {dag.py:2941} INFO - Sync 1 DAGs
[2024-05-11T21:16:32.503+0000] {logging_mixin.py:154} INFO - [2024-05-11T21:16:32.501+0000] {dag.py:3722} INFO - Setting next_dagrun for example_weekday_branch_operator to 2024-05-10T00:00:00+00:00, run_after=2024-05-11T00:00:00+00:00
[2024-05-11T21:16:32.528+0000] {processor.py:179} INFO - Processing /home/airflow/.local/lib/python3.8/site-packages/airflow/example_dags/example_branch_day_of_week_operator.py took 0.171 seconds
[2024-05-11T21:17:03.445+0000] {processor.py:157} INFO - Started process (PID=110) to work on /home/airflow/.local/lib/python3.8/site-packages/airflow/example_dags/example_branch_day_of_week_operator.py
[2024-05-11T21:17:03.447+0000] {processor.py:829} INFO - Processing file /home/airflow/.local/lib/python3.8/site-packages/airflow/example_dags/example_branch_day_of_week_operator.py for tasks to queue
[2024-05-11T21:17:03.450+0000] {logging_mixin.py:154} INFO - [2024-05-11T21:17:03.450+0000] {dagbag.py:536} INFO - Filling up the DagBag from /home/airflow/.local/lib/python3.8/site-packages/airflow/example_dags/example_branch_day_of_week_operator.py
[2024-05-11T21:17:03.459+0000] {processor.py:839} INFO - DAG(s) dict_keys(['example_weekday_branch_operator']) retrieved from /home/airflow/.local/lib/python3.8/site-packages/airflow/example_dags/example_branch_day_of_week_operator.py
[2024-05-11T21:17:03.479+0000] {logging_mixin.py:154} INFO - [2024-05-11T21:17:03.478+0000] {dag.py:2941} INFO - Sync 1 DAGs
[2024-05-11T21:17:03.491+0000] {logging_mixin.py:154} INFO - [2024-05-11T21:17:03.491+0000] {dag.py:3722} INFO - Setting next_dagrun for example_weekday_branch_operator to 2024-05-10T00:00:00+00:00, run_after=2024-05-11T00:00:00+00:00
[2024-05-11T21:17:03.504+0000] {processor.py:179} INFO - Processing /home/airflow/.local/lib/python3.8/site-packages/airflow/example_dags/example_branch_day_of_week_operator.py took 0.064 seconds
[2024-05-11T21:17:33.668+0000] {processor.py:157} INFO - Started process (PID=165) to work on /home/airflow/.local/lib/python3.8/site-packages/airflow/example_dags/example_branch_day_of_week_operator.py
[2024-05-11T21:17:33.670+0000] {processor.py:829} INFO - Processing file /home/airflow/.local/lib/python3.8/site-packages/airflow/example_dags/example_branch_day_of_week_operator.py for tasks to queue
[2024-05-11T21:17:33.674+0000] {logging_mixin.py:154} INFO - [2024-05-11T21:17:33.673+0000] {dagbag.py:536} INFO - Filling up the DagBag from /home/airflow/.local/lib/python3.8/site-packages/airflow/example_dags/example_branch_day_of_week_operator.py
[2024-05-11T21:17:33.681+0000] {processor.py:839} INFO - DAG(s) dict_keys(['example_weekday_branch_operator']) retrieved from /home/airflow/.local/lib/python3.8/site-packages/airflow/example_dags/example_branch_day_of_week_operator.py
[2024-05-11T21:17:33.701+0000] {logging_mixin.py:154} INFO - [2024-05-11T21:17:33.701+0000] {dag.py:2941} INFO - Sync 1 DAGs
[2024-05-11T21:17:33.715+0000] {logging_mixin.py:154} INFO - [2024-05-11T21:17:33.715+0000] {dag.py:3722} INFO - Setting next_dagrun for example_weekday_branch_operator to 2024-05-10T00:00:00+00:00, run_after=2024-05-11T00:00:00+00:00
[2024-05-11T21:17:33.726+0000] {processor.py:179} INFO - Processing /home/airflow/.local/lib/python3.8/site-packages/airflow/example_dags/example_branch_day_of_week_operator.py took 0.063 seconds
[2024-05-11T21:18:04.109+0000] {processor.py:157} INFO - Started process (PID=221) to work on /home/airflow/.local/lib/python3.8/site-packages/airflow/example_dags/example_branch_day_of_week_operator.py
[2024-05-11T21:18:04.110+0000] {processor.py:829} INFO - Processing file /home/airflow/.local/lib/python3.8/site-packages/airflow/example_dags/example_branch_day_of_week_operator.py for tasks to queue
[2024-05-11T21:18:04.113+0000] {logging_mixin.py:154} INFO - [2024-05-11T21:18:04.113+0000] {dagbag.py:536} INFO - Filling up the DagBag from /home/airflow/.local/lib/python3.8/site-packages/airflow/example_dags/example_branch_day_of_week_operator.py
[2024-05-11T21:18:04.119+0000] {processor.py:839} INFO - DAG(s) dict_keys(['example_weekday_branch_operator']) retrieved from /home/airflow/.local/lib/python3.8/site-packages/airflow/example_dags/example_branch_day_of_week_operator.py
[2024-05-11T21:18:04.134+0000] {logging_mixin.py:154} INFO - [2024-05-11T21:18:04.134+0000] {dag.py:2941} INFO - Sync 1 DAGs
[2024-05-11T21:18:04.147+0000] {logging_mixin.py:154} INFO - [2024-05-11T21:18:04.147+0000] {dag.py:3722} INFO - Setting next_dagrun for example_weekday_branch_operator to 2024-05-10T00:00:00+00:00, run_after=2024-05-11T00:00:00+00:00
[2024-05-11T21:18:04.157+0000] {processor.py:179} INFO - Processing /home/airflow/.local/lib/python3.8/site-packages/airflow/example_dags/example_branch_day_of_week_operator.py took 0.051 seconds
[2024-05-11T21:18:34.258+0000] {processor.py:157} INFO - Started process (PID=276) to work on /home/airflow/.local/lib/python3.8/site-packages/airflow/example_dags/example_branch_day_of_week_operator.py
[2024-05-11T21:18:34.259+0000] {processor.py:829} INFO - Processing file /home/airflow/.local/lib/python3.8/site-packages/airflow/example_dags/example_branch_day_of_week_operator.py for tasks to queue
[2024-05-11T21:18:34.262+0000] {logging_mixin.py:154} INFO - [2024-05-11T21:18:34.261+0000] {dagbag.py:536} INFO - Filling up the DagBag from /home/airflow/.local/lib/python3.8/site-packages/airflow/example_dags/example_branch_day_of_week_operator.py
[2024-05-11T21:18:34.267+0000] {processor.py:839} INFO - DAG(s) dict_keys(['example_weekday_branch_operator']) retrieved from /home/airflow/.local/lib/python3.8/site-packages/airflow/example_dags/example_branch_day_of_week_operator.py
[2024-05-11T21:18:34.282+0000] {logging_mixin.py:154} INFO - [2024-05-11T21:18:34.282+0000] {dag.py:2941} INFO - Sync 1 DAGs
[2024-05-11T21:18:34.296+0000] {logging_mixin.py:154} INFO - [2024-05-11T21:18:34.295+0000] {dag.py:3722} INFO - Setting next_dagrun for example_weekday_branch_operator to 2024-05-10T00:00:00+00:00, run_after=2024-05-11T00:00:00+00:00
[2024-05-11T21:18:34.305+0000] {processor.py:179} INFO - Processing /home/airflow/.local/lib/python3.8/site-packages/airflow/example_dags/example_branch_day_of_week_operator.py took 0.050 seconds
[2024-05-11T21:19:04.549+0000] {processor.py:157} INFO - Started process (PID=331) to work on /home/airflow/.local/lib/python3.8/site-packages/airflow/example_dags/example_branch_day_of_week_operator.py
[2024-05-11T21:19:04.551+0000] {processor.py:829} INFO - Processing file /home/airflow/.local/lib/python3.8/site-packages/airflow/example_dags/example_branch_day_of_week_operator.py for tasks to queue
[2024-05-11T21:19:04.554+0000] {logging_mixin.py:154} INFO - [2024-05-11T21:19:04.554+0000] {dagbag.py:536} INFO - Filling up the DagBag from /home/airflow/.local/lib/python3.8/site-packages/airflow/example_dags/example_branch_day_of_week_operator.py
[2024-05-11T21:19:04.562+0000] {processor.py:839} INFO - DAG(s) dict_keys(['example_weekday_branch_operator']) retrieved from /home/airflow/.local/lib/python3.8/site-packages/airflow/example_dags/example_branch_day_of_week_operator.py
[2024-05-11T21:19:04.580+0000] {logging_mixin.py:154} INFO - [2024-05-11T21:19:04.579+0000] {dag.py:2941} INFO - Sync 1 DAGs
[2024-05-11T21:19:04.593+0000] {logging_mixin.py:154} INFO - [2024-05-11T21:19:04.593+0000] {dag.py:3722} INFO - Setting next_dagrun for example_weekday_branch_operator to 2024-05-10T00:00:00+00:00, run_after=2024-05-11T00:00:00+00:00
[2024-05-11T21:19:04.603+0000] {processor.py:179} INFO - Processing /home/airflow/.local/lib/python3.8/site-packages/airflow/example_dags/example_branch_day_of_week_operator.py took 0.058 seconds
[2024-05-11T21:19:34.939+0000] {processor.py:157} INFO - Started process (PID=386) to work on /home/airflow/.local/lib/python3.8/site-packages/airflow/example_dags/example_branch_day_of_week_operator.py
[2024-05-11T21:19:34.941+0000] {processor.py:829} INFO - Processing file /home/airflow/.local/lib/python3.8/site-packages/airflow/example_dags/example_branch_day_of_week_operator.py for tasks to queue
[2024-05-11T21:19:34.944+0000] {logging_mixin.py:154} INFO - [2024-05-11T21:19:34.944+0000] {dagbag.py:536} INFO - Filling up the DagBag from /home/airflow/.local/lib/python3.8/site-packages/airflow/example_dags/example_branch_day_of_week_operator.py
[2024-05-11T21:19:34.952+0000] {processor.py:839} INFO - DAG(s) dict_keys(['example_weekday_branch_operator']) retrieved from /home/airflow/.local/lib/python3.8/site-packages/airflow/example_dags/example_branch_day_of_week_operator.py
[2024-05-11T21:19:34.969+0000] {logging_mixin.py:154} INFO - [2024-05-11T21:19:34.969+0000] {dag.py:2941} INFO - Sync 1 DAGs
[2024-05-11T21:19:34.981+0000] {logging_mixin.py:154} INFO - [2024-05-11T21:19:34.981+0000] {dag.py:3722} INFO - Setting next_dagrun for example_weekday_branch_operator to 2024-05-10T00:00:00+00:00, run_after=2024-05-11T00:00:00+00:00
[2024-05-11T21:19:34.990+0000] {processor.py:179} INFO - Processing /home/airflow/.local/lib/python3.8/site-packages/airflow/example_dags/example_branch_day_of_week_operator.py took 0.054 seconds
[2024-05-11T21:20:05.331+0000] {processor.py:157} INFO - Started process (PID=441) to work on /home/airflow/.local/lib/python3.8/site-packages/airflow/example_dags/example_branch_day_of_week_operator.py
[2024-05-11T21:20:05.333+0000] {processor.py:829} INFO - Processing file /home/airflow/.local/lib/python3.8/site-packages/airflow/example_dags/example_branch_day_of_week_operator.py for tasks to queue
[2024-05-11T21:20:05.338+0000] {logging_mixin.py:154} INFO - [2024-05-11T21:20:05.337+0000] {dagbag.py:536} INFO - Filling up the DagBag from /home/airflow/.local/lib/python3.8/site-packages/airflow/example_dags/example_branch_day_of_week_operator.py
[2024-05-11T21:20:05.350+0000] {processor.py:839} INFO - DAG(s) dict_keys(['example_weekday_branch_operator']) retrieved from /home/airflow/.local/lib/python3.8/site-packages/airflow/example_dags/example_branch_day_of_week_operator.py
[2024-05-11T21:20:05.374+0000] {logging_mixin.py:154} INFO - [2024-05-11T21:20:05.374+0000] {dag.py:2941} INFO - Sync 1 DAGs
[2024-05-11T21:20:05.387+0000] {logging_mixin.py:154} INFO - [2024-05-11T21:20:05.387+0000] {dag.py:3722} INFO - Setting next_dagrun for example_weekday_branch_operator to 2024-05-10T00:00:00+00:00, run_after=2024-05-11T00:00:00+00:00
[2024-05-11T21:20:05.398+0000] {processor.py:179} INFO - Processing /home/airflow/.local/lib/python3.8/site-packages/airflow/example_dags/example_branch_day_of_week_operator.py took 0.071 seconds
[2024-05-11T21:20:35.509+0000] {processor.py:157} INFO - Started process (PID=496) to work on /home/airflow/.local/lib/python3.8/site-packages/airflow/example_dags/example_branch_day_of_week_operator.py
[2024-05-11T21:20:35.510+0000] {processor.py:829} INFO - Processing file /home/airflow/.local/lib/python3.8/site-packages/airflow/example_dags/example_branch_day_of_week_operator.py for tasks to queue
[2024-05-11T21:20:35.513+0000] {logging_mixin.py:154} INFO - [2024-05-11T21:20:35.513+0000] {dagbag.py:536} INFO - Filling up the DagBag from /home/airflow/.local/lib/python3.8/site-packages/airflow/example_dags/example_branch_day_of_week_operator.py
[2024-05-11T21:20:35.520+0000] {processor.py:839} INFO - DAG(s) dict_keys(['example_weekday_branch_operator']) retrieved from /home/airflow/.local/lib/python3.8/site-packages/airflow/example_dags/example_branch_day_of_week_operator.py
[2024-05-11T21:20:35.538+0000] {logging_mixin.py:154} INFO - [2024-05-11T21:20:35.538+0000] {dag.py:2941} INFO - Sync 1 DAGs
[2024-05-11T21:20:35.551+0000] {logging_mixin.py:154} INFO - [2024-05-11T21:20:35.551+0000] {dag.py:3722} INFO - Setting next_dagrun for example_weekday_branch_operator to 2024-05-10T00:00:00+00:00, run_after=2024-05-11T00:00:00+00:00
[2024-05-11T21:20:35.561+0000] {processor.py:179} INFO - Processing /home/airflow/.local/lib/python3.8/site-packages/airflow/example_dags/example_branch_day_of_week_operator.py took 0.056 seconds
[2024-05-11T21:21:05.669+0000] {processor.py:157} INFO - Started process (PID=551) to work on /home/airflow/.local/lib/python3.8/site-packages/airflow/example_dags/example_branch_day_of_week_operator.py
[2024-05-11T21:21:05.671+0000] {processor.py:829} INFO - Processing file /home/airflow/.local/lib/python3.8/site-packages/airflow/example_dags/example_branch_day_of_week_operator.py for tasks to queue
[2024-05-11T21:21:05.674+0000] {logging_mixin.py:154} INFO - [2024-05-11T21:21:05.674+0000] {dagbag.py:536} INFO - Filling up the DagBag from /home/airflow/.local/lib/python3.8/site-packages/airflow/example_dags/example_branch_day_of_week_operator.py
[2024-05-11T21:21:05.680+0000] {processor.py:839} INFO - DAG(s) dict_keys(['example_weekday_branch_operator']) retrieved from /home/airflow/.local/lib/python3.8/site-packages/airflow/example_dags/example_branch_day_of_week_operator.py
[2024-05-11T21:21:05.697+0000] {logging_mixin.py:154} INFO - [2024-05-11T21:21:05.697+0000] {dag.py:2941} INFO - Sync 1 DAGs
[2024-05-11T21:21:05.710+0000] {logging_mixin.py:154} INFO - [2024-05-11T21:21:05.710+0000] {dag.py:3722} INFO - Setting next_dagrun for example_weekday_branch_operator to 2024-05-10T00:00:00+00:00, run_after=2024-05-11T00:00:00+00:00
[2024-05-11T21:21:05.721+0000] {processor.py:179} INFO - Processing /home/airflow/.local/lib/python3.8/site-packages/airflow/example_dags/example_branch_day_of_week_operator.py took 0.055 seconds
[2024-05-11T21:21:36.162+0000] {processor.py:157} INFO - Started process (PID=606) to work on /home/airflow/.local/lib/python3.8/site-packages/airflow/example_dags/example_branch_day_of_week_operator.py
[2024-05-11T21:21:36.163+0000] {processor.py:829} INFO - Processing file /home/airflow/.local/lib/python3.8/site-packages/airflow/example_dags/example_branch_day_of_week_operator.py for tasks to queue
[2024-05-11T21:21:36.166+0000] {logging_mixin.py:154} INFO - [2024-05-11T21:21:36.166+0000] {dagbag.py:536} INFO - Filling up the DagBag from /home/airflow/.local/lib/python3.8/site-packages/airflow/example_dags/example_branch_day_of_week_operator.py
[2024-05-11T21:21:36.172+0000] {processor.py:839} INFO - DAG(s) dict_keys(['example_weekday_branch_operator']) retrieved from /home/airflow/.local/lib/python3.8/site-packages/airflow/example_dags/example_branch_day_of_week_operator.py
[2024-05-11T21:21:36.190+0000] {logging_mixin.py:154} INFO - [2024-05-11T21:21:36.189+0000] {dag.py:2941} INFO - Sync 1 DAGs
[2024-05-11T21:21:36.203+0000] {logging_mixin.py:154} INFO - [2024-05-11T21:21:36.202+0000] {dag.py:3722} INFO - Setting next_dagrun for example_weekday_branch_operator to 2024-05-10T00:00:00+00:00, run_after=2024-05-11T00:00:00+00:00
[2024-05-11T21:21:36.213+0000] {processor.py:179} INFO - Processing /home/airflow/.local/lib/python3.8/site-packages/airflow/example_dags/example_branch_day_of_week_operator.py took 0.054 seconds
[2024-05-11T21:42:09.364+0000] {processor.py:157} INFO - Started process (PID=77) to work on /home/airflow/.local/lib/python3.8/site-packages/airflow/example_dags/example_branch_day_of_week_operator.py
[2024-05-11T21:42:09.370+0000] {processor.py:829} INFO - Processing file /home/airflow/.local/lib/python3.8/site-packages/airflow/example_dags/example_branch_day_of_week_operator.py for tasks to queue
[2024-05-11T21:42:09.374+0000] {logging_mixin.py:154} INFO - [2024-05-11T21:42:09.374+0000] {dagbag.py:536} INFO - Filling up the DagBag from /home/airflow/.local/lib/python3.8/site-packages/airflow/example_dags/example_branch_day_of_week_operator.py
[2024-05-11T21:42:09.384+0000] {processor.py:839} INFO - DAG(s) dict_keys(['example_weekday_branch_operator']) retrieved from /home/airflow/.local/lib/python3.8/site-packages/airflow/example_dags/example_branch_day_of_week_operator.py
[2024-05-11T21:42:09.508+0000] {logging_mixin.py:154} INFO - [2024-05-11T21:42:09.508+0000] {manager.py:499} INFO - Created Permission View: %s
[2024-05-11T21:42:09.519+0000] {logging_mixin.py:154} INFO - [2024-05-11T21:42:09.519+0000] {manager.py:499} INFO - Created Permission View: %s
[2024-05-11T21:42:09.531+0000] {logging_mixin.py:154} INFO - [2024-05-11T21:42:09.531+0000] {manager.py:499} INFO - Created Permission View: %s
[2024-05-11T21:42:09.534+0000] {logging_mixin.py:154} INFO - [2024-05-11T21:42:09.534+0000] {dag.py:2941} INFO - Sync 1 DAGs
[2024-05-11T21:42:09.548+0000] {logging_mixin.py:154} INFO - [2024-05-11T21:42:09.548+0000] {dag.py:2963} INFO - Creating ORM DAG for example_weekday_branch_operator
[2024-05-11T21:42:09.564+0000] {logging_mixin.py:154} INFO - [2024-05-11T21:42:09.563+0000] {dag.py:3722} INFO - Setting next_dagrun for example_weekday_branch_operator to 2024-05-10T00:00:00+00:00, run_after=2024-05-11T00:00:00+00:00
[2024-05-11T21:42:09.598+0000] {processor.py:179} INFO - Processing /home/airflow/.local/lib/python3.8/site-packages/airflow/example_dags/example_branch_day_of_week_operator.py took 0.240 seconds
[2024-05-11T21:42:40.155+0000] {processor.py:157} INFO - Started process (PID=132) to work on /home/airflow/.local/lib/python3.8/site-packages/airflow/example_dags/example_branch_day_of_week_operator.py
[2024-05-11T21:42:40.157+0000] {processor.py:829} INFO - Processing file /home/airflow/.local/lib/python3.8/site-packages/airflow/example_dags/example_branch_day_of_week_operator.py for tasks to queue
[2024-05-11T21:42:40.161+0000] {logging_mixin.py:154} INFO - [2024-05-11T21:42:40.161+0000] {dagbag.py:536} INFO - Filling up the DagBag from /home/airflow/.local/lib/python3.8/site-packages/airflow/example_dags/example_branch_day_of_week_operator.py
[2024-05-11T21:42:40.167+0000] {processor.py:839} INFO - DAG(s) dict_keys(['example_weekday_branch_operator']) retrieved from /home/airflow/.local/lib/python3.8/site-packages/airflow/example_dags/example_branch_day_of_week_operator.py
[2024-05-11T21:42:40.189+0000] {logging_mixin.py:154} INFO - [2024-05-11T21:42:40.189+0000] {dag.py:2941} INFO - Sync 1 DAGs
[2024-05-11T21:42:40.205+0000] {logging_mixin.py:154} INFO - [2024-05-11T21:42:40.205+0000] {dag.py:3722} INFO - Setting next_dagrun for example_weekday_branch_operator to 2024-05-10T00:00:00+00:00, run_after=2024-05-11T00:00:00+00:00
[2024-05-11T21:42:40.220+0000] {processor.py:179} INFO - Processing /home/airflow/.local/lib/python3.8/site-packages/airflow/example_dags/example_branch_day_of_week_operator.py took 0.068 seconds
[2024-05-11T21:43:10.280+0000] {processor.py:157} INFO - Started process (PID=187) to work on /home/airflow/.local/lib/python3.8/site-packages/airflow/example_dags/example_branch_day_of_week_operator.py
[2024-05-11T21:43:10.282+0000] {processor.py:829} INFO - Processing file /home/airflow/.local/lib/python3.8/site-packages/airflow/example_dags/example_branch_day_of_week_operator.py for tasks to queue
[2024-05-11T21:43:10.289+0000] {logging_mixin.py:154} INFO - [2024-05-11T21:43:10.288+0000] {dagbag.py:536} INFO - Filling up the DagBag from /home/airflow/.local/lib/python3.8/site-packages/airflow/example_dags/example_branch_day_of_week_operator.py
[2024-05-11T21:43:10.302+0000] {processor.py:839} INFO - DAG(s) dict_keys(['example_weekday_branch_operator']) retrieved from /home/airflow/.local/lib/python3.8/site-packages/airflow/example_dags/example_branch_day_of_week_operator.py
[2024-05-11T21:43:10.328+0000] {logging_mixin.py:154} INFO - [2024-05-11T21:43:10.328+0000] {dag.py:2941} INFO - Sync 1 DAGs
[2024-05-11T21:43:10.345+0000] {logging_mixin.py:154} INFO - [2024-05-11T21:43:10.345+0000] {dag.py:3722} INFO - Setting next_dagrun for example_weekday_branch_operator to 2024-05-10T00:00:00+00:00, run_after=2024-05-11T00:00:00+00:00
[2024-05-11T21:43:10.357+0000] {processor.py:179} INFO - Processing /home/airflow/.local/lib/python3.8/site-packages/airflow/example_dags/example_branch_day_of_week_operator.py took 0.080 seconds
[2024-05-11T21:43:41.025+0000] {processor.py:157} INFO - Started process (PID=242) to work on /home/airflow/.local/lib/python3.8/site-packages/airflow/example_dags/example_branch_day_of_week_operator.py
[2024-05-11T21:43:41.026+0000] {processor.py:829} INFO - Processing file /home/airflow/.local/lib/python3.8/site-packages/airflow/example_dags/example_branch_day_of_week_operator.py for tasks to queue
[2024-05-11T21:43:41.029+0000] {logging_mixin.py:154} INFO - [2024-05-11T21:43:41.029+0000] {dagbag.py:536} INFO - Filling up the DagBag from /home/airflow/.local/lib/python3.8/site-packages/airflow/example_dags/example_branch_day_of_week_operator.py
[2024-05-11T21:43:41.036+0000] {processor.py:839} INFO - DAG(s) dict_keys(['example_weekday_branch_operator']) retrieved from /home/airflow/.local/lib/python3.8/site-packages/airflow/example_dags/example_branch_day_of_week_operator.py
[2024-05-11T21:43:41.057+0000] {logging_mixin.py:154} INFO - [2024-05-11T21:43:41.056+0000] {dag.py:2941} INFO - Sync 1 DAGs
[2024-05-11T21:43:41.076+0000] {logging_mixin.py:154} INFO - [2024-05-11T21:43:41.076+0000] {dag.py:3722} INFO - Setting next_dagrun for example_weekday_branch_operator to 2024-05-10T00:00:00+00:00, run_after=2024-05-11T00:00:00+00:00
[2024-05-11T21:43:41.089+0000] {processor.py:179} INFO - Processing /home/airflow/.local/lib/python3.8/site-packages/airflow/example_dags/example_branch_day_of_week_operator.py took 0.068 seconds
[2024-05-11T21:44:11.698+0000] {processor.py:157} INFO - Started process (PID=297) to work on /home/airflow/.local/lib/python3.8/site-packages/airflow/example_dags/example_branch_day_of_week_operator.py
[2024-05-11T21:44:11.701+0000] {processor.py:829} INFO - Processing file /home/airflow/.local/lib/python3.8/site-packages/airflow/example_dags/example_branch_day_of_week_operator.py for tasks to queue
[2024-05-11T21:44:11.706+0000] {logging_mixin.py:154} INFO - [2024-05-11T21:44:11.706+0000] {dagbag.py:536} INFO - Filling up the DagBag from /home/airflow/.local/lib/python3.8/site-packages/airflow/example_dags/example_branch_day_of_week_operator.py
[2024-05-11T21:44:11.714+0000] {processor.py:839} INFO - DAG(s) dict_keys(['example_weekday_branch_operator']) retrieved from /home/airflow/.local/lib/python3.8/site-packages/airflow/example_dags/example_branch_day_of_week_operator.py
[2024-05-11T21:44:11.735+0000] {logging_mixin.py:154} INFO - [2024-05-11T21:44:11.735+0000] {dag.py:2941} INFO - Sync 1 DAGs
[2024-05-11T21:44:11.755+0000] {logging_mixin.py:154} INFO - [2024-05-11T21:44:11.755+0000] {dag.py:3722} INFO - Setting next_dagrun for example_weekday_branch_operator to 2024-05-10T00:00:00+00:00, run_after=2024-05-11T00:00:00+00:00
[2024-05-11T21:44:11.770+0000] {processor.py:179} INFO - Processing /home/airflow/.local/lib/python3.8/site-packages/airflow/example_dags/example_branch_day_of_week_operator.py took 0.075 seconds
[2024-05-11T21:44:42.177+0000] {processor.py:157} INFO - Started process (PID=352) to work on /home/airflow/.local/lib/python3.8/site-packages/airflow/example_dags/example_branch_day_of_week_operator.py
[2024-05-11T21:44:42.179+0000] {processor.py:829} INFO - Processing file /home/airflow/.local/lib/python3.8/site-packages/airflow/example_dags/example_branch_day_of_week_operator.py for tasks to queue
[2024-05-11T21:44:42.183+0000] {logging_mixin.py:154} INFO - [2024-05-11T21:44:42.182+0000] {dagbag.py:536} INFO - Filling up the DagBag from /home/airflow/.local/lib/python3.8/site-packages/airflow/example_dags/example_branch_day_of_week_operator.py
[2024-05-11T21:44:42.191+0000] {processor.py:839} INFO - DAG(s) dict_keys(['example_weekday_branch_operator']) retrieved from /home/airflow/.local/lib/python3.8/site-packages/airflow/example_dags/example_branch_day_of_week_operator.py
[2024-05-11T21:44:42.216+0000] {logging_mixin.py:154} INFO - [2024-05-11T21:44:42.216+0000] {dag.py:2941} INFO - Sync 1 DAGs
[2024-05-11T21:44:42.240+0000] {logging_mixin.py:154} INFO - [2024-05-11T21:44:42.239+0000] {dag.py:3722} INFO - Setting next_dagrun for example_weekday_branch_operator to 2024-05-10T00:00:00+00:00, run_after=2024-05-11T00:00:00+00:00
[2024-05-11T21:44:42.255+0000] {processor.py:179} INFO - Processing /home/airflow/.local/lib/python3.8/site-packages/airflow/example_dags/example_branch_day_of_week_operator.py took 0.085 seconds
[2024-05-11T21:45:12.875+0000] {processor.py:157} INFO - Started process (PID=407) to work on /home/airflow/.local/lib/python3.8/site-packages/airflow/example_dags/example_branch_day_of_week_operator.py
[2024-05-11T21:45:12.877+0000] {processor.py:829} INFO - Processing file /home/airflow/.local/lib/python3.8/site-packages/airflow/example_dags/example_branch_day_of_week_operator.py for tasks to queue
[2024-05-11T21:45:12.881+0000] {logging_mixin.py:154} INFO - [2024-05-11T21:45:12.880+0000] {dagbag.py:536} INFO - Filling up the DagBag from /home/airflow/.local/lib/python3.8/site-packages/airflow/example_dags/example_branch_day_of_week_operator.py
[2024-05-11T21:45:12.889+0000] {processor.py:839} INFO - DAG(s) dict_keys(['example_weekday_branch_operator']) retrieved from /home/airflow/.local/lib/python3.8/site-packages/airflow/example_dags/example_branch_day_of_week_operator.py
[2024-05-11T21:45:12.910+0000] {logging_mixin.py:154} INFO - [2024-05-11T21:45:12.910+0000] {dag.py:2941} INFO - Sync 1 DAGs
[2024-05-11T21:45:12.927+0000] {logging_mixin.py:154} INFO - [2024-05-11T21:45:12.927+0000] {dag.py:3722} INFO - Setting next_dagrun for example_weekday_branch_operator to 2024-05-10T00:00:00+00:00, run_after=2024-05-11T00:00:00+00:00
[2024-05-11T21:45:12.941+0000] {processor.py:179} INFO - Processing /home/airflow/.local/lib/python3.8/site-packages/airflow/example_dags/example_branch_day_of_week_operator.py took 0.070 seconds
[2024-05-11T21:45:43.444+0000] {processor.py:157} INFO - Started process (PID=463) to work on /home/airflow/.local/lib/python3.8/site-packages/airflow/example_dags/example_branch_day_of_week_operator.py
[2024-05-11T21:45:43.449+0000] {processor.py:829} INFO - Processing file /home/airflow/.local/lib/python3.8/site-packages/airflow/example_dags/example_branch_day_of_week_operator.py for tasks to queue
[2024-05-11T21:45:43.454+0000] {logging_mixin.py:154} INFO - [2024-05-11T21:45:43.454+0000] {dagbag.py:536} INFO - Filling up the DagBag from /home/airflow/.local/lib/python3.8/site-packages/airflow/example_dags/example_branch_day_of_week_operator.py
[2024-05-11T21:45:43.463+0000] {processor.py:839} INFO - DAG(s) dict_keys(['example_weekday_branch_operator']) retrieved from /home/airflow/.local/lib/python3.8/site-packages/airflow/example_dags/example_branch_day_of_week_operator.py
[2024-05-11T21:45:43.489+0000] {logging_mixin.py:154} INFO - [2024-05-11T21:45:43.489+0000] {dag.py:2941} INFO - Sync 1 DAGs
[2024-05-11T21:45:43.510+0000] {logging_mixin.py:154} INFO - [2024-05-11T21:45:43.510+0000] {dag.py:3722} INFO - Setting next_dagrun for example_weekday_branch_operator to 2024-05-10T00:00:00+00:00, run_after=2024-05-11T00:00:00+00:00
[2024-05-11T21:45:43.524+0000] {processor.py:179} INFO - Processing /home/airflow/.local/lib/python3.8/site-packages/airflow/example_dags/example_branch_day_of_week_operator.py took 0.083 seconds
[2024-05-11T21:46:14.418+0000] {processor.py:157} INFO - Started process (PID=518) to work on /home/airflow/.local/lib/python3.8/site-packages/airflow/example_dags/example_branch_day_of_week_operator.py
[2024-05-11T21:46:14.420+0000] {processor.py:829} INFO - Processing file /home/airflow/.local/lib/python3.8/site-packages/airflow/example_dags/example_branch_day_of_week_operator.py for tasks to queue
[2024-05-11T21:46:14.424+0000] {logging_mixin.py:154} INFO - [2024-05-11T21:46:14.424+0000] {dagbag.py:536} INFO - Filling up the DagBag from /home/airflow/.local/lib/python3.8/site-packages/airflow/example_dags/example_branch_day_of_week_operator.py
[2024-05-11T21:46:14.431+0000] {processor.py:839} INFO - DAG(s) dict_keys(['example_weekday_branch_operator']) retrieved from /home/airflow/.local/lib/python3.8/site-packages/airflow/example_dags/example_branch_day_of_week_operator.py
[2024-05-11T21:46:14.456+0000] {logging_mixin.py:154} INFO - [2024-05-11T21:46:14.456+0000] {dag.py:2941} INFO - Sync 1 DAGs
[2024-05-11T21:46:14.476+0000] {logging_mixin.py:154} INFO - [2024-05-11T21:46:14.476+0000] {dag.py:3722} INFO - Setting next_dagrun for example_weekday_branch_operator to 2024-05-10T00:00:00+00:00, run_after=2024-05-11T00:00:00+00:00
[2024-05-11T21:46:14.494+0000] {processor.py:179} INFO - Processing /home/airflow/.local/lib/python3.8/site-packages/airflow/example_dags/example_branch_day_of_week_operator.py took 0.080 seconds
[2024-05-11T21:46:44.677+0000] {processor.py:157} INFO - Started process (PID=573) to work on /home/airflow/.local/lib/python3.8/site-packages/airflow/example_dags/example_branch_day_of_week_operator.py
[2024-05-11T21:46:44.681+0000] {processor.py:829} INFO - Processing file /home/airflow/.local/lib/python3.8/site-packages/airflow/example_dags/example_branch_day_of_week_operator.py for tasks to queue
[2024-05-11T21:46:44.686+0000] {logging_mixin.py:154} INFO - [2024-05-11T21:46:44.686+0000] {dagbag.py:536} INFO - Filling up the DagBag from /home/airflow/.local/lib/python3.8/site-packages/airflow/example_dags/example_branch_day_of_week_operator.py
[2024-05-11T21:46:44.694+0000] {processor.py:839} INFO - DAG(s) dict_keys(['example_weekday_branch_operator']) retrieved from /home/airflow/.local/lib/python3.8/site-packages/airflow/example_dags/example_branch_day_of_week_operator.py
[2024-05-11T21:46:44.718+0000] {logging_mixin.py:154} INFO - [2024-05-11T21:46:44.718+0000] {dag.py:2941} INFO - Sync 1 DAGs
[2024-05-11T21:46:44.735+0000] {logging_mixin.py:154} INFO - [2024-05-11T21:46:44.735+0000] {dag.py:3722} INFO - Setting next_dagrun for example_weekday_branch_operator to 2024-05-10T00:00:00+00:00, run_after=2024-05-11T00:00:00+00:00
[2024-05-11T21:46:44.749+0000] {processor.py:179} INFO - Processing /home/airflow/.local/lib/python3.8/site-packages/airflow/example_dags/example_branch_day_of_week_operator.py took 0.077 seconds
