[2024-05-11T21:03:19.867+0000] {processor.py:157} INFO - Started process (PID=52) to work on /home/airflow/.local/lib/python3.8/site-packages/airflow/example_dags/example_short_circuit_operator.py
[2024-05-11T21:03:19.868+0000] {processor.py:829} INFO - Processing file /home/airflow/.local/lib/python3.8/site-packages/airflow/example_dags/example_short_circuit_operator.py for tasks to queue
[2024-05-11T21:03:19.871+0000] {logging_mixin.py:154} INFO - [2024-05-11T21:03:19.871+0000] {dagbag.py:536} INFO - Filling up the DagBag from /home/airflow/.local/lib/python3.8/site-packages/airflow/example_dags/example_short_circuit_operator.py
[2024-05-11T21:03:19.880+0000] {processor.py:839} INFO - DAG(s) dict_keys(['example_short_circuit_operator']) retrieved from /home/airflow/.local/lib/python3.8/site-packages/airflow/example_dags/example_short_circuit_operator.py
[2024-05-11T21:03:19.970+0000] {logging_mixin.py:154} INFO - [2024-05-11T21:03:19.970+0000] {manager.py:499} INFO - Created Permission View: %s
[2024-05-11T21:03:19.979+0000] {logging_mixin.py:154} INFO - [2024-05-11T21:03:19.979+0000] {manager.py:499} INFO - Created Permission View: %s
[2024-05-11T21:03:19.984+0000] {logging_mixin.py:154} INFO - [2024-05-11T21:03:19.984+0000] {manager.py:499} INFO - Created Permission View: %s
[2024-05-11T21:03:19.984+0000] {logging_mixin.py:154} INFO - [2024-05-11T21:03:19.984+0000] {dag.py:2941} INFO - Sync 1 DAGs
[2024-05-11T21:03:19.992+0000] {logging_mixin.py:154} INFO - [2024-05-11T21:03:19.992+0000] {dag.py:2963} INFO - Creating ORM DAG for example_short_circuit_operator
[2024-05-11T21:03:19.999+0000] {logging_mixin.py:154} INFO - [2024-05-11T21:03:19.999+0000] {dag.py:3722} INFO - Setting next_dagrun for example_short_circuit_operator to 2024-05-10T21:03:19.999302+00:00, run_after=2024-05-11T21:03:19.999302+00:00
[2024-05-11T21:03:20.011+0000] {processor.py:179} INFO - Processing /home/airflow/.local/lib/python3.8/site-packages/airflow/example_dags/example_short_circuit_operator.py took 0.154 seconds
[2024-05-11T21:03:50.353+0000] {processor.py:157} INFO - Started process (PID=107) to work on /home/airflow/.local/lib/python3.8/site-packages/airflow/example_dags/example_short_circuit_operator.py
[2024-05-11T21:03:50.354+0000] {processor.py:829} INFO - Processing file /home/airflow/.local/lib/python3.8/site-packages/airflow/example_dags/example_short_circuit_operator.py for tasks to queue
[2024-05-11T21:03:50.356+0000] {logging_mixin.py:154} INFO - [2024-05-11T21:03:50.356+0000] {dagbag.py:536} INFO - Filling up the DagBag from /home/airflow/.local/lib/python3.8/site-packages/airflow/example_dags/example_short_circuit_operator.py
[2024-05-11T21:03:50.362+0000] {processor.py:839} INFO - DAG(s) dict_keys(['example_short_circuit_operator']) retrieved from /home/airflow/.local/lib/python3.8/site-packages/airflow/example_dags/example_short_circuit_operator.py
[2024-05-11T21:03:50.380+0000] {logging_mixin.py:154} INFO - [2024-05-11T21:03:50.380+0000] {dag.py:2941} INFO - Sync 1 DAGs
[2024-05-11T21:03:50.393+0000] {logging_mixin.py:154} INFO - [2024-05-11T21:03:50.393+0000] {dag.py:3722} INFO - Setting next_dagrun for example_short_circuit_operator to 2024-05-10T21:03:50.392874+00:00, run_after=2024-05-11T21:03:50.392874+00:00
[2024-05-11T21:03:50.404+0000] {processor.py:179} INFO - Processing /home/airflow/.local/lib/python3.8/site-packages/airflow/example_dags/example_short_circuit_operator.py took 0.054 seconds
[2024-05-11T21:04:20.818+0000] {processor.py:157} INFO - Started process (PID=161) to work on /home/airflow/.local/lib/python3.8/site-packages/airflow/example_dags/example_short_circuit_operator.py
[2024-05-11T21:04:20.820+0000] {processor.py:829} INFO - Processing file /home/airflow/.local/lib/python3.8/site-packages/airflow/example_dags/example_short_circuit_operator.py for tasks to queue
[2024-05-11T21:04:20.822+0000] {logging_mixin.py:154} INFO - [2024-05-11T21:04:20.822+0000] {dagbag.py:536} INFO - Filling up the DagBag from /home/airflow/.local/lib/python3.8/site-packages/airflow/example_dags/example_short_circuit_operator.py
[2024-05-11T21:04:20.829+0000] {processor.py:839} INFO - DAG(s) dict_keys(['example_short_circuit_operator']) retrieved from /home/airflow/.local/lib/python3.8/site-packages/airflow/example_dags/example_short_circuit_operator.py
[2024-05-11T21:04:20.849+0000] {logging_mixin.py:154} INFO - [2024-05-11T21:04:20.849+0000] {dag.py:2941} INFO - Sync 1 DAGs
[2024-05-11T21:04:20.863+0000] {logging_mixin.py:154} INFO - [2024-05-11T21:04:20.863+0000] {dag.py:3722} INFO - Setting next_dagrun for example_short_circuit_operator to 2024-05-10T21:04:20.863269+00:00, run_after=2024-05-11T21:04:20.863269+00:00
[2024-05-11T21:04:20.874+0000] {processor.py:179} INFO - Processing /home/airflow/.local/lib/python3.8/site-packages/airflow/example_dags/example_short_circuit_operator.py took 0.058 seconds
[2024-05-11T21:04:51.073+0000] {processor.py:157} INFO - Started process (PID=216) to work on /home/airflow/.local/lib/python3.8/site-packages/airflow/example_dags/example_short_circuit_operator.py
[2024-05-11T21:04:51.074+0000] {processor.py:829} INFO - Processing file /home/airflow/.local/lib/python3.8/site-packages/airflow/example_dags/example_short_circuit_operator.py for tasks to queue
[2024-05-11T21:04:51.076+0000] {logging_mixin.py:154} INFO - [2024-05-11T21:04:51.076+0000] {dagbag.py:536} INFO - Filling up the DagBag from /home/airflow/.local/lib/python3.8/site-packages/airflow/example_dags/example_short_circuit_operator.py
[2024-05-11T21:04:51.082+0000] {processor.py:839} INFO - DAG(s) dict_keys(['example_short_circuit_operator']) retrieved from /home/airflow/.local/lib/python3.8/site-packages/airflow/example_dags/example_short_circuit_operator.py
[2024-05-11T21:04:51.102+0000] {logging_mixin.py:154} INFO - [2024-05-11T21:04:51.102+0000] {dag.py:2941} INFO - Sync 1 DAGs
[2024-05-11T21:04:51.118+0000] {logging_mixin.py:154} INFO - [2024-05-11T21:04:51.118+0000] {dag.py:3722} INFO - Setting next_dagrun for example_short_circuit_operator to 2024-05-10T21:04:51.117714+00:00, run_after=2024-05-11T21:04:51.117714+00:00
[2024-05-11T21:04:51.134+0000] {processor.py:179} INFO - Processing /home/airflow/.local/lib/python3.8/site-packages/airflow/example_dags/example_short_circuit_operator.py took 0.064 seconds
[2024-05-11T21:05:42.850+0000] {processor.py:157} INFO - Started process (PID=53) to work on /home/airflow/.local/lib/python3.8/site-packages/airflow/example_dags/example_short_circuit_operator.py
[2024-05-11T21:05:42.852+0000] {processor.py:829} INFO - Processing file /home/airflow/.local/lib/python3.8/site-packages/airflow/example_dags/example_short_circuit_operator.py for tasks to queue
[2024-05-11T21:05:42.857+0000] {logging_mixin.py:154} INFO - [2024-05-11T21:05:42.856+0000] {dagbag.py:536} INFO - Filling up the DagBag from /home/airflow/.local/lib/python3.8/site-packages/airflow/example_dags/example_short_circuit_operator.py
[2024-05-11T21:05:42.871+0000] {processor.py:839} INFO - DAG(s) dict_keys(['example_short_circuit_operator']) retrieved from /home/airflow/.local/lib/python3.8/site-packages/airflow/example_dags/example_short_circuit_operator.py
[2024-05-11T21:05:42.917+0000] {logging_mixin.py:154} INFO - [2024-05-11T21:05:42.916+0000] {dag.py:2941} INFO - Sync 1 DAGs
[2024-05-11T21:05:42.961+0000] {logging_mixin.py:154} INFO - [2024-05-11T21:05:42.961+0000] {dag.py:3722} INFO - Setting next_dagrun for example_short_circuit_operator to 2024-05-10T21:05:42.960042+00:00, run_after=2024-05-11T21:05:42.960042+00:00
[2024-05-11T21:05:42.986+0000] {processor.py:179} INFO - Processing /home/airflow/.local/lib/python3.8/site-packages/airflow/example_dags/example_short_circuit_operator.py took 0.142 seconds
[2024-05-11T21:06:13.900+0000] {processor.py:157} INFO - Started process (PID=108) to work on /home/airflow/.local/lib/python3.8/site-packages/airflow/example_dags/example_short_circuit_operator.py
[2024-05-11T21:06:13.901+0000] {processor.py:829} INFO - Processing file /home/airflow/.local/lib/python3.8/site-packages/airflow/example_dags/example_short_circuit_operator.py for tasks to queue
[2024-05-11T21:06:13.904+0000] {logging_mixin.py:154} INFO - [2024-05-11T21:06:13.903+0000] {dagbag.py:536} INFO - Filling up the DagBag from /home/airflow/.local/lib/python3.8/site-packages/airflow/example_dags/example_short_circuit_operator.py
[2024-05-11T21:06:13.909+0000] {processor.py:839} INFO - DAG(s) dict_keys(['example_short_circuit_operator']) retrieved from /home/airflow/.local/lib/python3.8/site-packages/airflow/example_dags/example_short_circuit_operator.py
[2024-05-11T21:06:13.927+0000] {logging_mixin.py:154} INFO - [2024-05-11T21:06:13.927+0000] {dag.py:2941} INFO - Sync 1 DAGs
[2024-05-11T21:06:13.940+0000] {logging_mixin.py:154} INFO - [2024-05-11T21:06:13.939+0000] {dag.py:3722} INFO - Setting next_dagrun for example_short_circuit_operator to 2024-05-10T21:06:13.939773+00:00, run_after=2024-05-11T21:06:13.939773+00:00
[2024-05-11T21:06:13.950+0000] {processor.py:179} INFO - Processing /home/airflow/.local/lib/python3.8/site-packages/airflow/example_dags/example_short_circuit_operator.py took 0.053 seconds
[2024-05-11T21:06:44.204+0000] {processor.py:157} INFO - Started process (PID=163) to work on /home/airflow/.local/lib/python3.8/site-packages/airflow/example_dags/example_short_circuit_operator.py
[2024-05-11T21:06:44.205+0000] {processor.py:829} INFO - Processing file /home/airflow/.local/lib/python3.8/site-packages/airflow/example_dags/example_short_circuit_operator.py for tasks to queue
[2024-05-11T21:06:44.207+0000] {logging_mixin.py:154} INFO - [2024-05-11T21:06:44.207+0000] {dagbag.py:536} INFO - Filling up the DagBag from /home/airflow/.local/lib/python3.8/site-packages/airflow/example_dags/example_short_circuit_operator.py
[2024-05-11T21:06:44.212+0000] {processor.py:839} INFO - DAG(s) dict_keys(['example_short_circuit_operator']) retrieved from /home/airflow/.local/lib/python3.8/site-packages/airflow/example_dags/example_short_circuit_operator.py
[2024-05-11T21:06:44.230+0000] {logging_mixin.py:154} INFO - [2024-05-11T21:06:44.230+0000] {dag.py:2941} INFO - Sync 1 DAGs
[2024-05-11T21:06:44.242+0000] {logging_mixin.py:154} INFO - [2024-05-11T21:06:44.242+0000] {dag.py:3722} INFO - Setting next_dagrun for example_short_circuit_operator to 2024-05-10T21:06:44.242309+00:00, run_after=2024-05-11T21:06:44.242309+00:00
[2024-05-11T21:06:44.256+0000] {processor.py:179} INFO - Processing /home/airflow/.local/lib/python3.8/site-packages/airflow/example_dags/example_short_circuit_operator.py took 0.055 seconds
[2024-05-11T21:07:14.487+0000] {processor.py:157} INFO - Started process (PID=218) to work on /home/airflow/.local/lib/python3.8/site-packages/airflow/example_dags/example_short_circuit_operator.py
[2024-05-11T21:07:14.488+0000] {processor.py:829} INFO - Processing file /home/airflow/.local/lib/python3.8/site-packages/airflow/example_dags/example_short_circuit_operator.py for tasks to queue
[2024-05-11T21:07:14.491+0000] {logging_mixin.py:154} INFO - [2024-05-11T21:07:14.490+0000] {dagbag.py:536} INFO - Filling up the DagBag from /home/airflow/.local/lib/python3.8/site-packages/airflow/example_dags/example_short_circuit_operator.py
[2024-05-11T21:07:14.496+0000] {processor.py:839} INFO - DAG(s) dict_keys(['example_short_circuit_operator']) retrieved from /home/airflow/.local/lib/python3.8/site-packages/airflow/example_dags/example_short_circuit_operator.py
[2024-05-11T21:07:14.513+0000] {logging_mixin.py:154} INFO - [2024-05-11T21:07:14.513+0000] {dag.py:2941} INFO - Sync 1 DAGs
[2024-05-11T21:07:14.525+0000] {logging_mixin.py:154} INFO - [2024-05-11T21:07:14.525+0000] {dag.py:3722} INFO - Setting next_dagrun for example_short_circuit_operator to 2024-05-10T21:07:14.525237+00:00, run_after=2024-05-11T21:07:14.525237+00:00
[2024-05-11T21:07:14.535+0000] {processor.py:179} INFO - Processing /home/airflow/.local/lib/python3.8/site-packages/airflow/example_dags/example_short_circuit_operator.py took 0.051 seconds
[2024-05-11T21:07:44.716+0000] {processor.py:157} INFO - Started process (PID=277) to work on /home/airflow/.local/lib/python3.8/site-packages/airflow/example_dags/example_short_circuit_operator.py
[2024-05-11T21:07:44.717+0000] {processor.py:829} INFO - Processing file /home/airflow/.local/lib/python3.8/site-packages/airflow/example_dags/example_short_circuit_operator.py for tasks to queue
[2024-05-11T21:07:44.720+0000] {logging_mixin.py:154} INFO - [2024-05-11T21:07:44.720+0000] {dagbag.py:536} INFO - Filling up the DagBag from /home/airflow/.local/lib/python3.8/site-packages/airflow/example_dags/example_short_circuit_operator.py
[2024-05-11T21:07:44.726+0000] {processor.py:839} INFO - DAG(s) dict_keys(['example_short_circuit_operator']) retrieved from /home/airflow/.local/lib/python3.8/site-packages/airflow/example_dags/example_short_circuit_operator.py
[2024-05-11T21:07:44.747+0000] {logging_mixin.py:154} INFO - [2024-05-11T21:07:44.747+0000] {dag.py:2941} INFO - Sync 1 DAGs
[2024-05-11T21:07:44.761+0000] {logging_mixin.py:154} INFO - [2024-05-11T21:07:44.761+0000] {dag.py:3722} INFO - Setting next_dagrun for example_short_circuit_operator to 2024-05-10T21:07:44.760844+00:00, run_after=2024-05-11T21:07:44.760844+00:00
[2024-05-11T21:07:44.772+0000] {processor.py:179} INFO - Processing /home/airflow/.local/lib/python3.8/site-packages/airflow/example_dags/example_short_circuit_operator.py took 0.059 seconds
[2024-05-11T21:08:15.036+0000] {processor.py:157} INFO - Started process (PID=332) to work on /home/airflow/.local/lib/python3.8/site-packages/airflow/example_dags/example_short_circuit_operator.py
[2024-05-11T21:08:15.038+0000] {processor.py:829} INFO - Processing file /home/airflow/.local/lib/python3.8/site-packages/airflow/example_dags/example_short_circuit_operator.py for tasks to queue
[2024-05-11T21:08:15.040+0000] {logging_mixin.py:154} INFO - [2024-05-11T21:08:15.040+0000] {dagbag.py:536} INFO - Filling up the DagBag from /home/airflow/.local/lib/python3.8/site-packages/airflow/example_dags/example_short_circuit_operator.py
[2024-05-11T21:08:15.045+0000] {processor.py:839} INFO - DAG(s) dict_keys(['example_short_circuit_operator']) retrieved from /home/airflow/.local/lib/python3.8/site-packages/airflow/example_dags/example_short_circuit_operator.py
[2024-05-11T21:08:15.063+0000] {logging_mixin.py:154} INFO - [2024-05-11T21:08:15.063+0000] {dag.py:2941} INFO - Sync 1 DAGs
[2024-05-11T21:08:15.076+0000] {logging_mixin.py:154} INFO - [2024-05-11T21:08:15.076+0000] {dag.py:3722} INFO - Setting next_dagrun for example_short_circuit_operator to 2024-05-10T21:08:15.075888+00:00, run_after=2024-05-11T21:08:15.075888+00:00
[2024-05-11T21:08:15.086+0000] {processor.py:179} INFO - Processing /home/airflow/.local/lib/python3.8/site-packages/airflow/example_dags/example_short_circuit_operator.py took 0.052 seconds
[2024-05-11T21:08:45.250+0000] {processor.py:157} INFO - Started process (PID=387) to work on /home/airflow/.local/lib/python3.8/site-packages/airflow/example_dags/example_short_circuit_operator.py
[2024-05-11T21:08:45.252+0000] {processor.py:829} INFO - Processing file /home/airflow/.local/lib/python3.8/site-packages/airflow/example_dags/example_short_circuit_operator.py for tasks to queue
[2024-05-11T21:08:45.254+0000] {logging_mixin.py:154} INFO - [2024-05-11T21:08:45.254+0000] {dagbag.py:536} INFO - Filling up the DagBag from /home/airflow/.local/lib/python3.8/site-packages/airflow/example_dags/example_short_circuit_operator.py
[2024-05-11T21:08:45.260+0000] {processor.py:839} INFO - DAG(s) dict_keys(['example_short_circuit_operator']) retrieved from /home/airflow/.local/lib/python3.8/site-packages/airflow/example_dags/example_short_circuit_operator.py
[2024-05-11T21:08:45.279+0000] {logging_mixin.py:154} INFO - [2024-05-11T21:08:45.279+0000] {dag.py:2941} INFO - Sync 1 DAGs
[2024-05-11T21:08:45.293+0000] {logging_mixin.py:154} INFO - [2024-05-11T21:08:45.293+0000] {dag.py:3722} INFO - Setting next_dagrun for example_short_circuit_operator to 2024-05-10T21:08:45.293242+00:00, run_after=2024-05-11T21:08:45.293242+00:00
[2024-05-11T21:08:45.305+0000] {processor.py:179} INFO - Processing /home/airflow/.local/lib/python3.8/site-packages/airflow/example_dags/example_short_circuit_operator.py took 0.057 seconds
[2024-05-11T21:09:15.688+0000] {processor.py:157} INFO - Started process (PID=441) to work on /home/airflow/.local/lib/python3.8/site-packages/airflow/example_dags/example_short_circuit_operator.py
[2024-05-11T21:09:15.690+0000] {processor.py:829} INFO - Processing file /home/airflow/.local/lib/python3.8/site-packages/airflow/example_dags/example_short_circuit_operator.py for tasks to queue
[2024-05-11T21:09:15.692+0000] {logging_mixin.py:154} INFO - [2024-05-11T21:09:15.692+0000] {dagbag.py:536} INFO - Filling up the DagBag from /home/airflow/.local/lib/python3.8/site-packages/airflow/example_dags/example_short_circuit_operator.py
[2024-05-11T21:09:15.697+0000] {processor.py:839} INFO - DAG(s) dict_keys(['example_short_circuit_operator']) retrieved from /home/airflow/.local/lib/python3.8/site-packages/airflow/example_dags/example_short_circuit_operator.py
[2024-05-11T21:09:15.715+0000] {logging_mixin.py:154} INFO - [2024-05-11T21:09:15.715+0000] {dag.py:2941} INFO - Sync 1 DAGs
[2024-05-11T21:09:15.728+0000] {logging_mixin.py:154} INFO - [2024-05-11T21:09:15.728+0000] {dag.py:3722} INFO - Setting next_dagrun for example_short_circuit_operator to 2024-05-10T21:09:15.728165+00:00, run_after=2024-05-11T21:09:15.728165+00:00
[2024-05-11T21:09:15.738+0000] {processor.py:179} INFO - Processing /home/airflow/.local/lib/python3.8/site-packages/airflow/example_dags/example_short_circuit_operator.py took 0.053 seconds
[2024-05-11T21:09:46.058+0000] {processor.py:157} INFO - Started process (PID=496) to work on /home/airflow/.local/lib/python3.8/site-packages/airflow/example_dags/example_short_circuit_operator.py
[2024-05-11T21:09:46.060+0000] {processor.py:829} INFO - Processing file /home/airflow/.local/lib/python3.8/site-packages/airflow/example_dags/example_short_circuit_operator.py for tasks to queue
[2024-05-11T21:09:46.062+0000] {logging_mixin.py:154} INFO - [2024-05-11T21:09:46.062+0000] {dagbag.py:536} INFO - Filling up the DagBag from /home/airflow/.local/lib/python3.8/site-packages/airflow/example_dags/example_short_circuit_operator.py
[2024-05-11T21:09:46.067+0000] {processor.py:839} INFO - DAG(s) dict_keys(['example_short_circuit_operator']) retrieved from /home/airflow/.local/lib/python3.8/site-packages/airflow/example_dags/example_short_circuit_operator.py
[2024-05-11T21:09:46.087+0000] {logging_mixin.py:154} INFO - [2024-05-11T21:09:46.087+0000] {dag.py:2941} INFO - Sync 1 DAGs
[2024-05-11T21:09:46.099+0000] {logging_mixin.py:154} INFO - [2024-05-11T21:09:46.099+0000] {dag.py:3722} INFO - Setting next_dagrun for example_short_circuit_operator to 2024-05-10T21:09:46.099197+00:00, run_after=2024-05-11T21:09:46.099197+00:00
[2024-05-11T21:09:46.109+0000] {processor.py:179} INFO - Processing /home/airflow/.local/lib/python3.8/site-packages/airflow/example_dags/example_short_circuit_operator.py took 0.053 seconds
[2024-05-11T21:10:16.235+0000] {processor.py:157} INFO - Started process (PID=550) to work on /home/airflow/.local/lib/python3.8/site-packages/airflow/example_dags/example_short_circuit_operator.py
[2024-05-11T21:10:16.236+0000] {processor.py:829} INFO - Processing file /home/airflow/.local/lib/python3.8/site-packages/airflow/example_dags/example_short_circuit_operator.py for tasks to queue
[2024-05-11T21:10:16.238+0000] {logging_mixin.py:154} INFO - [2024-05-11T21:10:16.238+0000] {dagbag.py:536} INFO - Filling up the DagBag from /home/airflow/.local/lib/python3.8/site-packages/airflow/example_dags/example_short_circuit_operator.py
[2024-05-11T21:10:16.244+0000] {processor.py:839} INFO - DAG(s) dict_keys(['example_short_circuit_operator']) retrieved from /home/airflow/.local/lib/python3.8/site-packages/airflow/example_dags/example_short_circuit_operator.py
[2024-05-11T21:10:16.261+0000] {logging_mixin.py:154} INFO - [2024-05-11T21:10:16.261+0000] {dag.py:2941} INFO - Sync 1 DAGs
[2024-05-11T21:10:16.274+0000] {logging_mixin.py:154} INFO - [2024-05-11T21:10:16.274+0000] {dag.py:3722} INFO - Setting next_dagrun for example_short_circuit_operator to 2024-05-10T21:10:16.274502+00:00, run_after=2024-05-11T21:10:16.274502+00:00
[2024-05-11T21:10:16.285+0000] {processor.py:179} INFO - Processing /home/airflow/.local/lib/python3.8/site-packages/airflow/example_dags/example_short_circuit_operator.py took 0.054 seconds
[2024-05-11T21:10:46.569+0000] {processor.py:157} INFO - Started process (PID=605) to work on /home/airflow/.local/lib/python3.8/site-packages/airflow/example_dags/example_short_circuit_operator.py
[2024-05-11T21:10:46.570+0000] {processor.py:829} INFO - Processing file /home/airflow/.local/lib/python3.8/site-packages/airflow/example_dags/example_short_circuit_operator.py for tasks to queue
[2024-05-11T21:10:46.572+0000] {logging_mixin.py:154} INFO - [2024-05-11T21:10:46.572+0000] {dagbag.py:536} INFO - Filling up the DagBag from /home/airflow/.local/lib/python3.8/site-packages/airflow/example_dags/example_short_circuit_operator.py
[2024-05-11T21:10:46.578+0000] {processor.py:839} INFO - DAG(s) dict_keys(['example_short_circuit_operator']) retrieved from /home/airflow/.local/lib/python3.8/site-packages/airflow/example_dags/example_short_circuit_operator.py
[2024-05-11T21:10:46.597+0000] {logging_mixin.py:154} INFO - [2024-05-11T21:10:46.597+0000] {dag.py:2941} INFO - Sync 1 DAGs
[2024-05-11T21:10:46.612+0000] {logging_mixin.py:154} INFO - [2024-05-11T21:10:46.612+0000] {dag.py:3722} INFO - Setting next_dagrun for example_short_circuit_operator to 2024-05-10T21:10:46.611990+00:00, run_after=2024-05-11T21:10:46.611990+00:00
[2024-05-11T21:10:46.624+0000] {processor.py:179} INFO - Processing /home/airflow/.local/lib/python3.8/site-packages/airflow/example_dags/example_short_circuit_operator.py took 0.058 seconds
[2024-05-11T21:11:16.908+0000] {processor.py:157} INFO - Started process (PID=660) to work on /home/airflow/.local/lib/python3.8/site-packages/airflow/example_dags/example_short_circuit_operator.py
[2024-05-11T21:11:16.909+0000] {processor.py:829} INFO - Processing file /home/airflow/.local/lib/python3.8/site-packages/airflow/example_dags/example_short_circuit_operator.py for tasks to queue
[2024-05-11T21:11:16.912+0000] {logging_mixin.py:154} INFO - [2024-05-11T21:11:16.911+0000] {dagbag.py:536} INFO - Filling up the DagBag from /home/airflow/.local/lib/python3.8/site-packages/airflow/example_dags/example_short_circuit_operator.py
[2024-05-11T21:11:16.918+0000] {processor.py:839} INFO - DAG(s) dict_keys(['example_short_circuit_operator']) retrieved from /home/airflow/.local/lib/python3.8/site-packages/airflow/example_dags/example_short_circuit_operator.py
[2024-05-11T21:11:16.941+0000] {logging_mixin.py:154} INFO - [2024-05-11T21:11:16.941+0000] {dag.py:2941} INFO - Sync 1 DAGs
[2024-05-11T21:11:16.955+0000] {logging_mixin.py:154} INFO - [2024-05-11T21:11:16.955+0000] {dag.py:3722} INFO - Setting next_dagrun for example_short_circuit_operator to 2024-05-10T21:11:16.955673+00:00, run_after=2024-05-11T21:11:16.955673+00:00
[2024-05-11T21:11:16.966+0000] {processor.py:179} INFO - Processing /home/airflow/.local/lib/python3.8/site-packages/airflow/example_dags/example_short_circuit_operator.py took 0.061 seconds
[2024-05-11T21:11:47.144+0000] {processor.py:157} INFO - Started process (PID=715) to work on /home/airflow/.local/lib/python3.8/site-packages/airflow/example_dags/example_short_circuit_operator.py
[2024-05-11T21:11:47.145+0000] {processor.py:829} INFO - Processing file /home/airflow/.local/lib/python3.8/site-packages/airflow/example_dags/example_short_circuit_operator.py for tasks to queue
[2024-05-11T21:11:47.147+0000] {logging_mixin.py:154} INFO - [2024-05-11T21:11:47.146+0000] {dagbag.py:536} INFO - Filling up the DagBag from /home/airflow/.local/lib/python3.8/site-packages/airflow/example_dags/example_short_circuit_operator.py
[2024-05-11T21:11:47.152+0000] {processor.py:839} INFO - DAG(s) dict_keys(['example_short_circuit_operator']) retrieved from /home/airflow/.local/lib/python3.8/site-packages/airflow/example_dags/example_short_circuit_operator.py
[2024-05-11T21:11:47.170+0000] {logging_mixin.py:154} INFO - [2024-05-11T21:11:47.170+0000] {dag.py:2941} INFO - Sync 1 DAGs
[2024-05-11T21:11:47.182+0000] {logging_mixin.py:154} INFO - [2024-05-11T21:11:47.182+0000] {dag.py:3722} INFO - Setting next_dagrun for example_short_circuit_operator to 2024-05-10T21:11:47.182136+00:00, run_after=2024-05-11T21:11:47.182136+00:00
[2024-05-11T21:11:47.193+0000] {processor.py:179} INFO - Processing /home/airflow/.local/lib/python3.8/site-packages/airflow/example_dags/example_short_circuit_operator.py took 0.052 seconds
[2024-05-11T21:12:17.476+0000] {processor.py:157} INFO - Started process (PID=771) to work on /home/airflow/.local/lib/python3.8/site-packages/airflow/example_dags/example_short_circuit_operator.py
[2024-05-11T21:12:17.477+0000] {processor.py:829} INFO - Processing file /home/airflow/.local/lib/python3.8/site-packages/airflow/example_dags/example_short_circuit_operator.py for tasks to queue
[2024-05-11T21:12:17.479+0000] {logging_mixin.py:154} INFO - [2024-05-11T21:12:17.479+0000] {dagbag.py:536} INFO - Filling up the DagBag from /home/airflow/.local/lib/python3.8/site-packages/airflow/example_dags/example_short_circuit_operator.py
[2024-05-11T21:12:17.485+0000] {processor.py:839} INFO - DAG(s) dict_keys(['example_short_circuit_operator']) retrieved from /home/airflow/.local/lib/python3.8/site-packages/airflow/example_dags/example_short_circuit_operator.py
[2024-05-11T21:12:17.505+0000] {logging_mixin.py:154} INFO - [2024-05-11T21:12:17.504+0000] {dag.py:2941} INFO - Sync 1 DAGs
[2024-05-11T21:12:17.517+0000] {logging_mixin.py:154} INFO - [2024-05-11T21:12:17.517+0000] {dag.py:3722} INFO - Setting next_dagrun for example_short_circuit_operator to 2024-05-10T21:12:17.516994+00:00, run_after=2024-05-11T21:12:17.516994+00:00
[2024-05-11T21:12:17.527+0000] {processor.py:179} INFO - Processing /home/airflow/.local/lib/python3.8/site-packages/airflow/example_dags/example_short_circuit_operator.py took 0.054 seconds
[2024-05-11T21:12:47.817+0000] {processor.py:157} INFO - Started process (PID=826) to work on /home/airflow/.local/lib/python3.8/site-packages/airflow/example_dags/example_short_circuit_operator.py
[2024-05-11T21:12:47.818+0000] {processor.py:829} INFO - Processing file /home/airflow/.local/lib/python3.8/site-packages/airflow/example_dags/example_short_circuit_operator.py for tasks to queue
[2024-05-11T21:12:47.820+0000] {logging_mixin.py:154} INFO - [2024-05-11T21:12:47.820+0000] {dagbag.py:536} INFO - Filling up the DagBag from /home/airflow/.local/lib/python3.8/site-packages/airflow/example_dags/example_short_circuit_operator.py
[2024-05-11T21:12:47.825+0000] {processor.py:839} INFO - DAG(s) dict_keys(['example_short_circuit_operator']) retrieved from /home/airflow/.local/lib/python3.8/site-packages/airflow/example_dags/example_short_circuit_operator.py
[2024-05-11T21:12:47.843+0000] {logging_mixin.py:154} INFO - [2024-05-11T21:12:47.843+0000] {dag.py:2941} INFO - Sync 1 DAGs
[2024-05-11T21:12:47.855+0000] {logging_mixin.py:154} INFO - [2024-05-11T21:12:47.855+0000] {dag.py:3722} INFO - Setting next_dagrun for example_short_circuit_operator to 2024-05-10T21:12:47.855269+00:00, run_after=2024-05-11T21:12:47.855269+00:00
[2024-05-11T21:12:47.865+0000] {processor.py:179} INFO - Processing /home/airflow/.local/lib/python3.8/site-packages/airflow/example_dags/example_short_circuit_operator.py took 0.052 seconds
[2024-05-11T21:13:18.240+0000] {processor.py:157} INFO - Started process (PID=881) to work on /home/airflow/.local/lib/python3.8/site-packages/airflow/example_dags/example_short_circuit_operator.py
[2024-05-11T21:13:18.242+0000] {processor.py:829} INFO - Processing file /home/airflow/.local/lib/python3.8/site-packages/airflow/example_dags/example_short_circuit_operator.py for tasks to queue
[2024-05-11T21:13:18.244+0000] {logging_mixin.py:154} INFO - [2024-05-11T21:13:18.243+0000] {dagbag.py:536} INFO - Filling up the DagBag from /home/airflow/.local/lib/python3.8/site-packages/airflow/example_dags/example_short_circuit_operator.py
[2024-05-11T21:13:18.249+0000] {processor.py:839} INFO - DAG(s) dict_keys(['example_short_circuit_operator']) retrieved from /home/airflow/.local/lib/python3.8/site-packages/airflow/example_dags/example_short_circuit_operator.py
[2024-05-11T21:13:18.268+0000] {logging_mixin.py:154} INFO - [2024-05-11T21:13:18.267+0000] {dag.py:2941} INFO - Sync 1 DAGs
[2024-05-11T21:13:18.280+0000] {logging_mixin.py:154} INFO - [2024-05-11T21:13:18.280+0000] {dag.py:3722} INFO - Setting next_dagrun for example_short_circuit_operator to 2024-05-10T21:13:18.280116+00:00, run_after=2024-05-11T21:13:18.280116+00:00
[2024-05-11T21:13:18.290+0000] {processor.py:179} INFO - Processing /home/airflow/.local/lib/python3.8/site-packages/airflow/example_dags/example_short_circuit_operator.py took 0.053 seconds
[2024-05-11T21:13:48.352+0000] {processor.py:157} INFO - Started process (PID=936) to work on /home/airflow/.local/lib/python3.8/site-packages/airflow/example_dags/example_short_circuit_operator.py
[2024-05-11T21:13:48.353+0000] {processor.py:829} INFO - Processing file /home/airflow/.local/lib/python3.8/site-packages/airflow/example_dags/example_short_circuit_operator.py for tasks to queue
[2024-05-11T21:13:48.355+0000] {logging_mixin.py:154} INFO - [2024-05-11T21:13:48.355+0000] {dagbag.py:536} INFO - Filling up the DagBag from /home/airflow/.local/lib/python3.8/site-packages/airflow/example_dags/example_short_circuit_operator.py
[2024-05-11T21:13:48.360+0000] {processor.py:839} INFO - DAG(s) dict_keys(['example_short_circuit_operator']) retrieved from /home/airflow/.local/lib/python3.8/site-packages/airflow/example_dags/example_short_circuit_operator.py
[2024-05-11T21:13:48.377+0000] {logging_mixin.py:154} INFO - [2024-05-11T21:13:48.377+0000] {dag.py:2941} INFO - Sync 1 DAGs
[2024-05-11T21:13:48.390+0000] {logging_mixin.py:154} INFO - [2024-05-11T21:13:48.390+0000] {dag.py:3722} INFO - Setting next_dagrun for example_short_circuit_operator to 2024-05-10T21:13:48.389807+00:00, run_after=2024-05-11T21:13:48.389807+00:00
[2024-05-11T21:13:48.400+0000] {processor.py:179} INFO - Processing /home/airflow/.local/lib/python3.8/site-packages/airflow/example_dags/example_short_circuit_operator.py took 0.051 seconds
[2024-05-11T21:14:18.602+0000] {processor.py:157} INFO - Started process (PID=991) to work on /home/airflow/.local/lib/python3.8/site-packages/airflow/example_dags/example_short_circuit_operator.py
[2024-05-11T21:14:18.604+0000] {processor.py:829} INFO - Processing file /home/airflow/.local/lib/python3.8/site-packages/airflow/example_dags/example_short_circuit_operator.py for tasks to queue
[2024-05-11T21:14:18.606+0000] {logging_mixin.py:154} INFO - [2024-05-11T21:14:18.606+0000] {dagbag.py:536} INFO - Filling up the DagBag from /home/airflow/.local/lib/python3.8/site-packages/airflow/example_dags/example_short_circuit_operator.py
[2024-05-11T21:14:18.612+0000] {processor.py:839} INFO - DAG(s) dict_keys(['example_short_circuit_operator']) retrieved from /home/airflow/.local/lib/python3.8/site-packages/airflow/example_dags/example_short_circuit_operator.py
[2024-05-11T21:14:18.630+0000] {logging_mixin.py:154} INFO - [2024-05-11T21:14:18.629+0000] {dag.py:2941} INFO - Sync 1 DAGs
[2024-05-11T21:14:18.642+0000] {logging_mixin.py:154} INFO - [2024-05-11T21:14:18.642+0000] {dag.py:3722} INFO - Setting next_dagrun for example_short_circuit_operator to 2024-05-10T21:14:18.642107+00:00, run_after=2024-05-11T21:14:18.642107+00:00
[2024-05-11T21:14:18.652+0000] {processor.py:179} INFO - Processing /home/airflow/.local/lib/python3.8/site-packages/airflow/example_dags/example_short_circuit_operator.py took 0.053 seconds
[2024-05-11T21:14:48.884+0000] {processor.py:157} INFO - Started process (PID=1047) to work on /home/airflow/.local/lib/python3.8/site-packages/airflow/example_dags/example_short_circuit_operator.py
[2024-05-11T21:14:48.885+0000] {processor.py:829} INFO - Processing file /home/airflow/.local/lib/python3.8/site-packages/airflow/example_dags/example_short_circuit_operator.py for tasks to queue
[2024-05-11T21:14:48.888+0000] {logging_mixin.py:154} INFO - [2024-05-11T21:14:48.888+0000] {dagbag.py:536} INFO - Filling up the DagBag from /home/airflow/.local/lib/python3.8/site-packages/airflow/example_dags/example_short_circuit_operator.py
[2024-05-11T21:14:48.894+0000] {processor.py:839} INFO - DAG(s) dict_keys(['example_short_circuit_operator']) retrieved from /home/airflow/.local/lib/python3.8/site-packages/airflow/example_dags/example_short_circuit_operator.py
[2024-05-11T21:14:48.914+0000] {logging_mixin.py:154} INFO - [2024-05-11T21:14:48.914+0000] {dag.py:2941} INFO - Sync 1 DAGs
[2024-05-11T21:14:48.929+0000] {logging_mixin.py:154} INFO - [2024-05-11T21:14:48.929+0000] {dag.py:3722} INFO - Setting next_dagrun for example_short_circuit_operator to 2024-05-10T21:14:48.929442+00:00, run_after=2024-05-11T21:14:48.929442+00:00
[2024-05-11T21:14:48.940+0000] {processor.py:179} INFO - Processing /home/airflow/.local/lib/python3.8/site-packages/airflow/example_dags/example_short_circuit_operator.py took 0.059 seconds
[2024-05-11T21:16:32.271+0000] {processor.py:157} INFO - Started process (PID=53) to work on /home/airflow/.local/lib/python3.8/site-packages/airflow/example_dags/example_short_circuit_operator.py
[2024-05-11T21:16:32.273+0000] {processor.py:829} INFO - Processing file /home/airflow/.local/lib/python3.8/site-packages/airflow/example_dags/example_short_circuit_operator.py for tasks to queue
[2024-05-11T21:16:32.283+0000] {logging_mixin.py:154} INFO - [2024-05-11T21:16:32.283+0000] {dagbag.py:536} INFO - Filling up the DagBag from /home/airflow/.local/lib/python3.8/site-packages/airflow/example_dags/example_short_circuit_operator.py
[2024-05-11T21:16:32.324+0000] {processor.py:839} INFO - DAG(s) dict_keys(['example_short_circuit_operator']) retrieved from /home/airflow/.local/lib/python3.8/site-packages/airflow/example_dags/example_short_circuit_operator.py
[2024-05-11T21:16:32.357+0000] {logging_mixin.py:154} INFO - [2024-05-11T21:16:32.356+0000] {dag.py:2941} INFO - Sync 1 DAGs
[2024-05-11T21:16:32.419+0000] {logging_mixin.py:154} INFO - [2024-05-11T21:16:32.418+0000] {dag.py:3722} INFO - Setting next_dagrun for example_short_circuit_operator to 2024-05-10T21:16:32.418272+00:00, run_after=2024-05-11T21:16:32.418272+00:00
[2024-05-11T21:16:32.453+0000] {processor.py:179} INFO - Processing /home/airflow/.local/lib/python3.8/site-packages/airflow/example_dags/example_short_circuit_operator.py took 0.187 seconds
[2024-05-11T21:17:03.437+0000] {processor.py:157} INFO - Started process (PID=109) to work on /home/airflow/.local/lib/python3.8/site-packages/airflow/example_dags/example_short_circuit_operator.py
[2024-05-11T21:17:03.440+0000] {processor.py:829} INFO - Processing file /home/airflow/.local/lib/python3.8/site-packages/airflow/example_dags/example_short_circuit_operator.py for tasks to queue
[2024-05-11T21:17:03.443+0000] {logging_mixin.py:154} INFO - [2024-05-11T21:17:03.443+0000] {dagbag.py:536} INFO - Filling up the DagBag from /home/airflow/.local/lib/python3.8/site-packages/airflow/example_dags/example_short_circuit_operator.py
[2024-05-11T21:17:03.452+0000] {processor.py:839} INFO - DAG(s) dict_keys(['example_short_circuit_operator']) retrieved from /home/airflow/.local/lib/python3.8/site-packages/airflow/example_dags/example_short_circuit_operator.py
[2024-05-11T21:17:03.476+0000] {logging_mixin.py:154} INFO - [2024-05-11T21:17:03.476+0000] {dag.py:2941} INFO - Sync 1 DAGs
[2024-05-11T21:17:03.489+0000] {logging_mixin.py:154} INFO - [2024-05-11T21:17:03.489+0000] {dag.py:3722} INFO - Setting next_dagrun for example_short_circuit_operator to 2024-05-10T21:17:03.489307+00:00, run_after=2024-05-11T21:17:03.489307+00:00
[2024-05-11T21:17:03.499+0000] {processor.py:179} INFO - Processing /home/airflow/.local/lib/python3.8/site-packages/airflow/example_dags/example_short_circuit_operator.py took 0.068 seconds
[2024-05-11T21:17:33.655+0000] {processor.py:157} INFO - Started process (PID=164) to work on /home/airflow/.local/lib/python3.8/site-packages/airflow/example_dags/example_short_circuit_operator.py
[2024-05-11T21:17:33.658+0000] {processor.py:829} INFO - Processing file /home/airflow/.local/lib/python3.8/site-packages/airflow/example_dags/example_short_circuit_operator.py for tasks to queue
[2024-05-11T21:17:33.663+0000] {logging_mixin.py:154} INFO - [2024-05-11T21:17:33.662+0000] {dagbag.py:536} INFO - Filling up the DagBag from /home/airflow/.local/lib/python3.8/site-packages/airflow/example_dags/example_short_circuit_operator.py
[2024-05-11T21:17:33.673+0000] {processor.py:839} INFO - DAG(s) dict_keys(['example_short_circuit_operator']) retrieved from /home/airflow/.local/lib/python3.8/site-packages/airflow/example_dags/example_short_circuit_operator.py
[2024-05-11T21:17:33.696+0000] {logging_mixin.py:154} INFO - [2024-05-11T21:17:33.696+0000] {dag.py:2941} INFO - Sync 1 DAGs
[2024-05-11T21:17:33.710+0000] {logging_mixin.py:154} INFO - [2024-05-11T21:17:33.710+0000] {dag.py:3722} INFO - Setting next_dagrun for example_short_circuit_operator to 2024-05-10T21:17:33.710238+00:00, run_after=2024-05-11T21:17:33.710238+00:00
[2024-05-11T21:17:33.721+0000] {processor.py:179} INFO - Processing /home/airflow/.local/lib/python3.8/site-packages/airflow/example_dags/example_short_circuit_operator.py took 0.071 seconds
[2024-05-11T21:18:04.105+0000] {processor.py:157} INFO - Started process (PID=220) to work on /home/airflow/.local/lib/python3.8/site-packages/airflow/example_dags/example_short_circuit_operator.py
[2024-05-11T21:18:04.107+0000] {processor.py:829} INFO - Processing file /home/airflow/.local/lib/python3.8/site-packages/airflow/example_dags/example_short_circuit_operator.py for tasks to queue
[2024-05-11T21:18:04.110+0000] {logging_mixin.py:154} INFO - [2024-05-11T21:18:04.110+0000] {dagbag.py:536} INFO - Filling up the DagBag from /home/airflow/.local/lib/python3.8/site-packages/airflow/example_dags/example_short_circuit_operator.py
[2024-05-11T21:18:04.116+0000] {processor.py:839} INFO - DAG(s) dict_keys(['example_short_circuit_operator']) retrieved from /home/airflow/.local/lib/python3.8/site-packages/airflow/example_dags/example_short_circuit_operator.py
[2024-05-11T21:18:04.134+0000] {logging_mixin.py:154} INFO - [2024-05-11T21:18:04.134+0000] {dag.py:2941} INFO - Sync 1 DAGs
[2024-05-11T21:18:04.146+0000] {logging_mixin.py:154} INFO - [2024-05-11T21:18:04.146+0000] {dag.py:3722} INFO - Setting next_dagrun for example_short_circuit_operator to 2024-05-10T21:18:04.146532+00:00, run_after=2024-05-11T21:18:04.146532+00:00
[2024-05-11T21:18:04.157+0000] {processor.py:179} INFO - Processing /home/airflow/.local/lib/python3.8/site-packages/airflow/example_dags/example_short_circuit_operator.py took 0.054 seconds
[2024-05-11T21:18:34.254+0000] {processor.py:157} INFO - Started process (PID=275) to work on /home/airflow/.local/lib/python3.8/site-packages/airflow/example_dags/example_short_circuit_operator.py
[2024-05-11T21:18:34.257+0000] {processor.py:829} INFO - Processing file /home/airflow/.local/lib/python3.8/site-packages/airflow/example_dags/example_short_circuit_operator.py for tasks to queue
[2024-05-11T21:18:34.259+0000] {logging_mixin.py:154} INFO - [2024-05-11T21:18:34.259+0000] {dagbag.py:536} INFO - Filling up the DagBag from /home/airflow/.local/lib/python3.8/site-packages/airflow/example_dags/example_short_circuit_operator.py
[2024-05-11T21:18:34.265+0000] {processor.py:839} INFO - DAG(s) dict_keys(['example_short_circuit_operator']) retrieved from /home/airflow/.local/lib/python3.8/site-packages/airflow/example_dags/example_short_circuit_operator.py
[2024-05-11T21:18:34.282+0000] {logging_mixin.py:154} INFO - [2024-05-11T21:18:34.282+0000] {dag.py:2941} INFO - Sync 1 DAGs
[2024-05-11T21:18:34.295+0000] {logging_mixin.py:154} INFO - [2024-05-11T21:18:34.295+0000] {dag.py:3722} INFO - Setting next_dagrun for example_short_circuit_operator to 2024-05-10T21:18:34.295093+00:00, run_after=2024-05-11T21:18:34.295093+00:00
[2024-05-11T21:18:34.305+0000] {processor.py:179} INFO - Processing /home/airflow/.local/lib/python3.8/site-packages/airflow/example_dags/example_short_circuit_operator.py took 0.054 seconds
[2024-05-11T21:19:04.541+0000] {processor.py:157} INFO - Started process (PID=330) to work on /home/airflow/.local/lib/python3.8/site-packages/airflow/example_dags/example_short_circuit_operator.py
[2024-05-11T21:19:04.543+0000] {processor.py:829} INFO - Processing file /home/airflow/.local/lib/python3.8/site-packages/airflow/example_dags/example_short_circuit_operator.py for tasks to queue
[2024-05-11T21:19:04.548+0000] {logging_mixin.py:154} INFO - [2024-05-11T21:19:04.547+0000] {dagbag.py:536} INFO - Filling up the DagBag from /home/airflow/.local/lib/python3.8/site-packages/airflow/example_dags/example_short_circuit_operator.py
[2024-05-11T21:19:04.556+0000] {processor.py:839} INFO - DAG(s) dict_keys(['example_short_circuit_operator']) retrieved from /home/airflow/.local/lib/python3.8/site-packages/airflow/example_dags/example_short_circuit_operator.py
[2024-05-11T21:19:04.579+0000] {logging_mixin.py:154} INFO - [2024-05-11T21:19:04.579+0000] {dag.py:2941} INFO - Sync 1 DAGs
[2024-05-11T21:19:04.593+0000] {logging_mixin.py:154} INFO - [2024-05-11T21:19:04.592+0000] {dag.py:3722} INFO - Setting next_dagrun for example_short_circuit_operator to 2024-05-10T21:19:04.592742+00:00, run_after=2024-05-11T21:19:04.592742+00:00
[2024-05-11T21:19:04.603+0000] {processor.py:179} INFO - Processing /home/airflow/.local/lib/python3.8/site-packages/airflow/example_dags/example_short_circuit_operator.py took 0.067 seconds
[2024-05-11T21:19:34.931+0000] {processor.py:157} INFO - Started process (PID=385) to work on /home/airflow/.local/lib/python3.8/site-packages/airflow/example_dags/example_short_circuit_operator.py
[2024-05-11T21:19:34.934+0000] {processor.py:829} INFO - Processing file /home/airflow/.local/lib/python3.8/site-packages/airflow/example_dags/example_short_circuit_operator.py for tasks to queue
[2024-05-11T21:19:34.937+0000] {logging_mixin.py:154} INFO - [2024-05-11T21:19:34.937+0000] {dagbag.py:536} INFO - Filling up the DagBag from /home/airflow/.local/lib/python3.8/site-packages/airflow/example_dags/example_short_circuit_operator.py
[2024-05-11T21:19:34.945+0000] {processor.py:839} INFO - DAG(s) dict_keys(['example_short_circuit_operator']) retrieved from /home/airflow/.local/lib/python3.8/site-packages/airflow/example_dags/example_short_circuit_operator.py
[2024-05-11T21:19:34.967+0000] {logging_mixin.py:154} INFO - [2024-05-11T21:19:34.967+0000] {dag.py:2941} INFO - Sync 1 DAGs
[2024-05-11T21:19:34.980+0000] {logging_mixin.py:154} INFO - [2024-05-11T21:19:34.980+0000] {dag.py:3722} INFO - Setting next_dagrun for example_short_circuit_operator to 2024-05-10T21:19:34.980532+00:00, run_after=2024-05-11T21:19:34.980532+00:00
[2024-05-11T21:19:34.990+0000] {processor.py:179} INFO - Processing /home/airflow/.local/lib/python3.8/site-packages/airflow/example_dags/example_short_circuit_operator.py took 0.065 seconds
[2024-05-11T21:20:05.326+0000] {processor.py:157} INFO - Started process (PID=440) to work on /home/airflow/.local/lib/python3.8/site-packages/airflow/example_dags/example_short_circuit_operator.py
[2024-05-11T21:20:05.328+0000] {processor.py:829} INFO - Processing file /home/airflow/.local/lib/python3.8/site-packages/airflow/example_dags/example_short_circuit_operator.py for tasks to queue
[2024-05-11T21:20:05.332+0000] {logging_mixin.py:154} INFO - [2024-05-11T21:20:05.332+0000] {dagbag.py:536} INFO - Filling up the DagBag from /home/airflow/.local/lib/python3.8/site-packages/airflow/example_dags/example_short_circuit_operator.py
[2024-05-11T21:20:05.342+0000] {processor.py:839} INFO - DAG(s) dict_keys(['example_short_circuit_operator']) retrieved from /home/airflow/.local/lib/python3.8/site-packages/airflow/example_dags/example_short_circuit_operator.py
[2024-05-11T21:20:05.368+0000] {logging_mixin.py:154} INFO - [2024-05-11T21:20:05.368+0000] {dag.py:2941} INFO - Sync 1 DAGs
[2024-05-11T21:20:05.381+0000] {logging_mixin.py:154} INFO - [2024-05-11T21:20:05.381+0000] {dag.py:3722} INFO - Setting next_dagrun for example_short_circuit_operator to 2024-05-10T21:20:05.381548+00:00, run_after=2024-05-11T21:20:05.381548+00:00
[2024-05-11T21:20:05.392+0000] {processor.py:179} INFO - Processing /home/airflow/.local/lib/python3.8/site-packages/airflow/example_dags/example_short_circuit_operator.py took 0.072 seconds
[2024-05-11T21:20:35.501+0000] {processor.py:157} INFO - Started process (PID=495) to work on /home/airflow/.local/lib/python3.8/site-packages/airflow/example_dags/example_short_circuit_operator.py
[2024-05-11T21:20:35.504+0000] {processor.py:829} INFO - Processing file /home/airflow/.local/lib/python3.8/site-packages/airflow/example_dags/example_short_circuit_operator.py for tasks to queue
[2024-05-11T21:20:35.508+0000] {logging_mixin.py:154} INFO - [2024-05-11T21:20:35.507+0000] {dagbag.py:536} INFO - Filling up the DagBag from /home/airflow/.local/lib/python3.8/site-packages/airflow/example_dags/example_short_circuit_operator.py
[2024-05-11T21:20:35.516+0000] {processor.py:839} INFO - DAG(s) dict_keys(['example_short_circuit_operator']) retrieved from /home/airflow/.local/lib/python3.8/site-packages/airflow/example_dags/example_short_circuit_operator.py
[2024-05-11T21:20:35.537+0000] {logging_mixin.py:154} INFO - [2024-05-11T21:20:35.537+0000] {dag.py:2941} INFO - Sync 1 DAGs
[2024-05-11T21:20:35.550+0000] {logging_mixin.py:154} INFO - [2024-05-11T21:20:35.550+0000] {dag.py:3722} INFO - Setting next_dagrun for example_short_circuit_operator to 2024-05-10T21:20:35.550460+00:00, run_after=2024-05-11T21:20:35.550460+00:00
[2024-05-11T21:20:35.561+0000] {processor.py:179} INFO - Processing /home/airflow/.local/lib/python3.8/site-packages/airflow/example_dags/example_short_circuit_operator.py took 0.065 seconds
[2024-05-11T21:21:05.664+0000] {processor.py:157} INFO - Started process (PID=550) to work on /home/airflow/.local/lib/python3.8/site-packages/airflow/example_dags/example_short_circuit_operator.py
[2024-05-11T21:21:05.666+0000] {processor.py:829} INFO - Processing file /home/airflow/.local/lib/python3.8/site-packages/airflow/example_dags/example_short_circuit_operator.py for tasks to queue
[2024-05-11T21:21:05.670+0000] {logging_mixin.py:154} INFO - [2024-05-11T21:21:05.670+0000] {dagbag.py:536} INFO - Filling up the DagBag from /home/airflow/.local/lib/python3.8/site-packages/airflow/example_dags/example_short_circuit_operator.py
[2024-05-11T21:21:05.678+0000] {processor.py:839} INFO - DAG(s) dict_keys(['example_short_circuit_operator']) retrieved from /home/airflow/.local/lib/python3.8/site-packages/airflow/example_dags/example_short_circuit_operator.py
[2024-05-11T21:21:05.697+0000] {logging_mixin.py:154} INFO - [2024-05-11T21:21:05.697+0000] {dag.py:2941} INFO - Sync 1 DAGs
[2024-05-11T21:21:05.709+0000] {logging_mixin.py:154} INFO - [2024-05-11T21:21:05.709+0000] {dag.py:3722} INFO - Setting next_dagrun for example_short_circuit_operator to 2024-05-10T21:21:05.709190+00:00, run_after=2024-05-11T21:21:05.709190+00:00
[2024-05-11T21:21:05.720+0000] {processor.py:179} INFO - Processing /home/airflow/.local/lib/python3.8/site-packages/airflow/example_dags/example_short_circuit_operator.py took 0.060 seconds
[2024-05-11T21:21:36.157+0000] {processor.py:157} INFO - Started process (PID=605) to work on /home/airflow/.local/lib/python3.8/site-packages/airflow/example_dags/example_short_circuit_operator.py
[2024-05-11T21:21:36.159+0000] {processor.py:829} INFO - Processing file /home/airflow/.local/lib/python3.8/site-packages/airflow/example_dags/example_short_circuit_operator.py for tasks to queue
[2024-05-11T21:21:36.163+0000] {logging_mixin.py:154} INFO - [2024-05-11T21:21:36.162+0000] {dagbag.py:536} INFO - Filling up the DagBag from /home/airflow/.local/lib/python3.8/site-packages/airflow/example_dags/example_short_circuit_operator.py
[2024-05-11T21:21:36.169+0000] {processor.py:839} INFO - DAG(s) dict_keys(['example_short_circuit_operator']) retrieved from /home/airflow/.local/lib/python3.8/site-packages/airflow/example_dags/example_short_circuit_operator.py
[2024-05-11T21:21:36.188+0000] {logging_mixin.py:154} INFO - [2024-05-11T21:21:36.188+0000] {dag.py:2941} INFO - Sync 1 DAGs
[2024-05-11T21:21:36.202+0000] {logging_mixin.py:154} INFO - [2024-05-11T21:21:36.202+0000] {dag.py:3722} INFO - Setting next_dagrun for example_short_circuit_operator to 2024-05-10T21:21:36.202020+00:00, run_after=2024-05-11T21:21:36.202020+00:00
[2024-05-11T21:21:36.213+0000] {processor.py:179} INFO - Processing /home/airflow/.local/lib/python3.8/site-packages/airflow/example_dags/example_short_circuit_operator.py took 0.060 seconds
[2024-05-11T21:42:09.002+0000] {processor.py:157} INFO - Started process (PID=74) to work on /home/airflow/.local/lib/python3.8/site-packages/airflow/example_dags/example_short_circuit_operator.py
[2024-05-11T21:42:09.004+0000] {processor.py:829} INFO - Processing file /home/airflow/.local/lib/python3.8/site-packages/airflow/example_dags/example_short_circuit_operator.py for tasks to queue
[2024-05-11T21:42:09.008+0000] {logging_mixin.py:154} INFO - [2024-05-11T21:42:09.007+0000] {dagbag.py:536} INFO - Filling up the DagBag from /home/airflow/.local/lib/python3.8/site-packages/airflow/example_dags/example_short_circuit_operator.py
[2024-05-11T21:42:09.019+0000] {processor.py:839} INFO - DAG(s) dict_keys(['example_short_circuit_operator']) retrieved from /home/airflow/.local/lib/python3.8/site-packages/airflow/example_dags/example_short_circuit_operator.py
[2024-05-11T21:42:09.140+0000] {logging_mixin.py:154} INFO - [2024-05-11T21:42:09.140+0000] {manager.py:499} INFO - Created Permission View: %s
[2024-05-11T21:42:09.154+0000] {logging_mixin.py:154} INFO - [2024-05-11T21:42:09.153+0000] {manager.py:499} INFO - Created Permission View: %s
[2024-05-11T21:42:09.162+0000] {logging_mixin.py:154} INFO - [2024-05-11T21:42:09.162+0000] {manager.py:499} INFO - Created Permission View: %s
[2024-05-11T21:42:09.163+0000] {logging_mixin.py:154} INFO - [2024-05-11T21:42:09.163+0000] {dag.py:2941} INFO - Sync 1 DAGs
[2024-05-11T21:42:09.175+0000] {logging_mixin.py:154} INFO - [2024-05-11T21:42:09.175+0000] {dag.py:2963} INFO - Creating ORM DAG for example_short_circuit_operator
[2024-05-11T21:42:09.187+0000] {logging_mixin.py:154} INFO - [2024-05-11T21:42:09.187+0000] {dag.py:3722} INFO - Setting next_dagrun for example_short_circuit_operator to 2024-05-10T21:42:09.186662+00:00, run_after=2024-05-11T21:42:09.186662+00:00
[2024-05-11T21:42:09.209+0000] {processor.py:179} INFO - Processing /home/airflow/.local/lib/python3.8/site-packages/airflow/example_dags/example_short_circuit_operator.py took 0.210 seconds
[2024-05-11T21:42:39.961+0000] {processor.py:157} INFO - Started process (PID=129) to work on /home/airflow/.local/lib/python3.8/site-packages/airflow/example_dags/example_short_circuit_operator.py
[2024-05-11T21:42:39.963+0000] {processor.py:829} INFO - Processing file /home/airflow/.local/lib/python3.8/site-packages/airflow/example_dags/example_short_circuit_operator.py for tasks to queue
[2024-05-11T21:42:39.965+0000] {logging_mixin.py:154} INFO - [2024-05-11T21:42:39.965+0000] {dagbag.py:536} INFO - Filling up the DagBag from /home/airflow/.local/lib/python3.8/site-packages/airflow/example_dags/example_short_circuit_operator.py
[2024-05-11T21:42:39.972+0000] {processor.py:839} INFO - DAG(s) dict_keys(['example_short_circuit_operator']) retrieved from /home/airflow/.local/lib/python3.8/site-packages/airflow/example_dags/example_short_circuit_operator.py
[2024-05-11T21:42:39.992+0000] {logging_mixin.py:154} INFO - [2024-05-11T21:42:39.992+0000] {dag.py:2941} INFO - Sync 1 DAGs
[2024-05-11T21:42:40.010+0000] {logging_mixin.py:154} INFO - [2024-05-11T21:42:40.010+0000] {dag.py:3722} INFO - Setting next_dagrun for example_short_circuit_operator to 2024-05-10T21:42:40.009625+00:00, run_after=2024-05-11T21:42:40.009625+00:00
[2024-05-11T21:42:40.027+0000] {processor.py:179} INFO - Processing /home/airflow/.local/lib/python3.8/site-packages/airflow/example_dags/example_short_circuit_operator.py took 0.069 seconds
[2024-05-11T21:43:10.095+0000] {processor.py:157} INFO - Started process (PID=184) to work on /home/airflow/.local/lib/python3.8/site-packages/airflow/example_dags/example_short_circuit_operator.py
[2024-05-11T21:43:10.096+0000] {processor.py:829} INFO - Processing file /home/airflow/.local/lib/python3.8/site-packages/airflow/example_dags/example_short_circuit_operator.py for tasks to queue
[2024-05-11T21:43:10.100+0000] {logging_mixin.py:154} INFO - [2024-05-11T21:43:10.099+0000] {dagbag.py:536} INFO - Filling up the DagBag from /home/airflow/.local/lib/python3.8/site-packages/airflow/example_dags/example_short_circuit_operator.py
[2024-05-11T21:43:10.106+0000] {processor.py:839} INFO - DAG(s) dict_keys(['example_short_circuit_operator']) retrieved from /home/airflow/.local/lib/python3.8/site-packages/airflow/example_dags/example_short_circuit_operator.py
[2024-05-11T21:43:10.135+0000] {logging_mixin.py:154} INFO - [2024-05-11T21:43:10.134+0000] {dag.py:2941} INFO - Sync 1 DAGs
[2024-05-11T21:43:10.153+0000] {logging_mixin.py:154} INFO - [2024-05-11T21:43:10.153+0000] {dag.py:3722} INFO - Setting next_dagrun for example_short_circuit_operator to 2024-05-10T21:43:10.153488+00:00, run_after=2024-05-11T21:43:10.153488+00:00
[2024-05-11T21:43:10.176+0000] {processor.py:179} INFO - Processing /home/airflow/.local/lib/python3.8/site-packages/airflow/example_dags/example_short_circuit_operator.py took 0.085 seconds
[2024-05-11T21:43:40.840+0000] {processor.py:157} INFO - Started process (PID=239) to work on /home/airflow/.local/lib/python3.8/site-packages/airflow/example_dags/example_short_circuit_operator.py
[2024-05-11T21:43:40.841+0000] {processor.py:829} INFO - Processing file /home/airflow/.local/lib/python3.8/site-packages/airflow/example_dags/example_short_circuit_operator.py for tasks to queue
[2024-05-11T21:43:40.844+0000] {logging_mixin.py:154} INFO - [2024-05-11T21:43:40.843+0000] {dagbag.py:536} INFO - Filling up the DagBag from /home/airflow/.local/lib/python3.8/site-packages/airflow/example_dags/example_short_circuit_operator.py
[2024-05-11T21:43:40.850+0000] {processor.py:839} INFO - DAG(s) dict_keys(['example_short_circuit_operator']) retrieved from /home/airflow/.local/lib/python3.8/site-packages/airflow/example_dags/example_short_circuit_operator.py
[2024-05-11T21:43:40.876+0000] {logging_mixin.py:154} INFO - [2024-05-11T21:43:40.876+0000] {dag.py:2941} INFO - Sync 1 DAGs
[2024-05-11T21:43:40.895+0000] {logging_mixin.py:154} INFO - [2024-05-11T21:43:40.895+0000] {dag.py:3722} INFO - Setting next_dagrun for example_short_circuit_operator to 2024-05-10T21:43:40.894921+00:00, run_after=2024-05-11T21:43:40.894921+00:00
[2024-05-11T21:43:40.908+0000] {processor.py:179} INFO - Processing /home/airflow/.local/lib/python3.8/site-packages/airflow/example_dags/example_short_circuit_operator.py took 0.071 seconds
[2024-05-11T21:44:11.507+0000] {processor.py:157} INFO - Started process (PID=294) to work on /home/airflow/.local/lib/python3.8/site-packages/airflow/example_dags/example_short_circuit_operator.py
[2024-05-11T21:44:11.509+0000] {processor.py:829} INFO - Processing file /home/airflow/.local/lib/python3.8/site-packages/airflow/example_dags/example_short_circuit_operator.py for tasks to queue
[2024-05-11T21:44:11.512+0000] {logging_mixin.py:154} INFO - [2024-05-11T21:44:11.512+0000] {dagbag.py:536} INFO - Filling up the DagBag from /home/airflow/.local/lib/python3.8/site-packages/airflow/example_dags/example_short_circuit_operator.py
[2024-05-11T21:44:11.518+0000] {processor.py:839} INFO - DAG(s) dict_keys(['example_short_circuit_operator']) retrieved from /home/airflow/.local/lib/python3.8/site-packages/airflow/example_dags/example_short_circuit_operator.py
[2024-05-11T21:44:11.546+0000] {logging_mixin.py:154} INFO - [2024-05-11T21:44:11.545+0000] {dag.py:2941} INFO - Sync 1 DAGs
[2024-05-11T21:44:11.562+0000] {logging_mixin.py:154} INFO - [2024-05-11T21:44:11.562+0000] {dag.py:3722} INFO - Setting next_dagrun for example_short_circuit_operator to 2024-05-10T21:44:11.562327+00:00, run_after=2024-05-11T21:44:11.562327+00:00
[2024-05-11T21:44:11.574+0000] {processor.py:179} INFO - Processing /home/airflow/.local/lib/python3.8/site-packages/airflow/example_dags/example_short_circuit_operator.py took 0.070 seconds
[2024-05-11T21:44:41.953+0000] {processor.py:157} INFO - Started process (PID=349) to work on /home/airflow/.local/lib/python3.8/site-packages/airflow/example_dags/example_short_circuit_operator.py
[2024-05-11T21:44:41.955+0000] {processor.py:829} INFO - Processing file /home/airflow/.local/lib/python3.8/site-packages/airflow/example_dags/example_short_circuit_operator.py for tasks to queue
[2024-05-11T21:44:41.958+0000] {logging_mixin.py:154} INFO - [2024-05-11T21:44:41.958+0000] {dagbag.py:536} INFO - Filling up the DagBag from /home/airflow/.local/lib/python3.8/site-packages/airflow/example_dags/example_short_circuit_operator.py
[2024-05-11T21:44:41.965+0000] {processor.py:839} INFO - DAG(s) dict_keys(['example_short_circuit_operator']) retrieved from /home/airflow/.local/lib/python3.8/site-packages/airflow/example_dags/example_short_circuit_operator.py
[2024-05-11T21:44:41.988+0000] {logging_mixin.py:154} INFO - [2024-05-11T21:44:41.988+0000] {dag.py:2941} INFO - Sync 1 DAGs
[2024-05-11T21:44:42.006+0000] {logging_mixin.py:154} INFO - [2024-05-11T21:44:42.006+0000] {dag.py:3722} INFO - Setting next_dagrun for example_short_circuit_operator to 2024-05-10T21:44:42.006081+00:00, run_after=2024-05-11T21:44:42.006081+00:00
[2024-05-11T21:44:42.019+0000] {processor.py:179} INFO - Processing /home/airflow/.local/lib/python3.8/site-packages/airflow/example_dags/example_short_circuit_operator.py took 0.069 seconds
[2024-05-11T21:45:12.634+0000] {processor.py:157} INFO - Started process (PID=404) to work on /home/airflow/.local/lib/python3.8/site-packages/airflow/example_dags/example_short_circuit_operator.py
[2024-05-11T21:45:12.635+0000] {processor.py:829} INFO - Processing file /home/airflow/.local/lib/python3.8/site-packages/airflow/example_dags/example_short_circuit_operator.py for tasks to queue
[2024-05-11T21:45:12.638+0000] {logging_mixin.py:154} INFO - [2024-05-11T21:45:12.638+0000] {dagbag.py:536} INFO - Filling up the DagBag from /home/airflow/.local/lib/python3.8/site-packages/airflow/example_dags/example_short_circuit_operator.py
[2024-05-11T21:45:12.645+0000] {processor.py:839} INFO - DAG(s) dict_keys(['example_short_circuit_operator']) retrieved from /home/airflow/.local/lib/python3.8/site-packages/airflow/example_dags/example_short_circuit_operator.py
[2024-05-11T21:45:12.670+0000] {logging_mixin.py:154} INFO - [2024-05-11T21:45:12.670+0000] {dag.py:2941} INFO - Sync 1 DAGs
[2024-05-11T21:45:12.686+0000] {logging_mixin.py:154} INFO - [2024-05-11T21:45:12.686+0000] {dag.py:3722} INFO - Setting next_dagrun for example_short_circuit_operator to 2024-05-10T21:45:12.686587+00:00, run_after=2024-05-11T21:45:12.686587+00:00
[2024-05-11T21:45:12.698+0000] {processor.py:179} INFO - Processing /home/airflow/.local/lib/python3.8/site-packages/airflow/example_dags/example_short_circuit_operator.py took 0.068 seconds
[2024-05-11T21:45:43.247+0000] {processor.py:157} INFO - Started process (PID=460) to work on /home/airflow/.local/lib/python3.8/site-packages/airflow/example_dags/example_short_circuit_operator.py
[2024-05-11T21:45:43.250+0000] {processor.py:829} INFO - Processing file /home/airflow/.local/lib/python3.8/site-packages/airflow/example_dags/example_short_circuit_operator.py for tasks to queue
[2024-05-11T21:45:43.254+0000] {logging_mixin.py:154} INFO - [2024-05-11T21:45:43.254+0000] {dagbag.py:536} INFO - Filling up the DagBag from /home/airflow/.local/lib/python3.8/site-packages/airflow/example_dags/example_short_circuit_operator.py
[2024-05-11T21:45:43.261+0000] {processor.py:839} INFO - DAG(s) dict_keys(['example_short_circuit_operator']) retrieved from /home/airflow/.local/lib/python3.8/site-packages/airflow/example_dags/example_short_circuit_operator.py
[2024-05-11T21:45:43.286+0000] {logging_mixin.py:154} INFO - [2024-05-11T21:45:43.286+0000] {dag.py:2941} INFO - Sync 1 DAGs
[2024-05-11T21:45:43.303+0000] {logging_mixin.py:154} INFO - [2024-05-11T21:45:43.302+0000] {dag.py:3722} INFO - Setting next_dagrun for example_short_circuit_operator to 2024-05-10T21:45:43.302630+00:00, run_after=2024-05-11T21:45:43.302630+00:00
[2024-05-11T21:45:43.328+0000] {processor.py:179} INFO - Processing /home/airflow/.local/lib/python3.8/site-packages/airflow/example_dags/example_short_circuit_operator.py took 0.085 seconds
[2024-05-11T21:46:14.142+0000] {processor.py:157} INFO - Started process (PID=515) to work on /home/airflow/.local/lib/python3.8/site-packages/airflow/example_dags/example_short_circuit_operator.py
[2024-05-11T21:46:14.145+0000] {processor.py:829} INFO - Processing file /home/airflow/.local/lib/python3.8/site-packages/airflow/example_dags/example_short_circuit_operator.py for tasks to queue
[2024-05-11T21:46:14.148+0000] {logging_mixin.py:154} INFO - [2024-05-11T21:46:14.148+0000] {dagbag.py:536} INFO - Filling up the DagBag from /home/airflow/.local/lib/python3.8/site-packages/airflow/example_dags/example_short_circuit_operator.py
[2024-05-11T21:46:14.155+0000] {processor.py:839} INFO - DAG(s) dict_keys(['example_short_circuit_operator']) retrieved from /home/airflow/.local/lib/python3.8/site-packages/airflow/example_dags/example_short_circuit_operator.py
[2024-05-11T21:46:14.182+0000] {logging_mixin.py:154} INFO - [2024-05-11T21:46:14.181+0000] {dag.py:2941} INFO - Sync 1 DAGs
[2024-05-11T21:46:14.201+0000] {logging_mixin.py:154} INFO - [2024-05-11T21:46:14.201+0000] {dag.py:3722} INFO - Setting next_dagrun for example_short_circuit_operator to 2024-05-10T21:46:14.201042+00:00, run_after=2024-05-11T21:46:14.201042+00:00
[2024-05-11T21:46:14.238+0000] {processor.py:179} INFO - Processing /home/airflow/.local/lib/python3.8/site-packages/airflow/example_dags/example_short_circuit_operator.py took 0.101 seconds
[2024-05-11T21:46:44.577+0000] {processor.py:157} INFO - Started process (PID=570) to work on /home/airflow/.local/lib/python3.8/site-packages/airflow/example_dags/example_short_circuit_operator.py
[2024-05-11T21:46:44.579+0000] {processor.py:829} INFO - Processing file /home/airflow/.local/lib/python3.8/site-packages/airflow/example_dags/example_short_circuit_operator.py for tasks to queue
[2024-05-11T21:46:44.581+0000] {logging_mixin.py:154} INFO - [2024-05-11T21:46:44.581+0000] {dagbag.py:536} INFO - Filling up the DagBag from /home/airflow/.local/lib/python3.8/site-packages/airflow/example_dags/example_short_circuit_operator.py
[2024-05-11T21:46:44.588+0000] {processor.py:839} INFO - DAG(s) dict_keys(['example_short_circuit_operator']) retrieved from /home/airflow/.local/lib/python3.8/site-packages/airflow/example_dags/example_short_circuit_operator.py
[2024-05-11T21:46:44.613+0000] {logging_mixin.py:154} INFO - [2024-05-11T21:46:44.613+0000] {dag.py:2941} INFO - Sync 1 DAGs
[2024-05-11T21:46:44.629+0000] {logging_mixin.py:154} INFO - [2024-05-11T21:46:44.629+0000] {dag.py:3722} INFO - Setting next_dagrun for example_short_circuit_operator to 2024-05-10T21:46:44.629416+00:00, run_after=2024-05-11T21:46:44.629416+00:00
[2024-05-11T21:46:44.646+0000] {processor.py:179} INFO - Processing /home/airflow/.local/lib/python3.8/site-packages/airflow/example_dags/example_short_circuit_operator.py took 0.072 seconds
