[2024-05-11T21:03:21.599+0000] {processor.py:157} INFO - Started process (PID=71) to work on /home/airflow/.local/lib/python3.8/site-packages/airflow/example_dags/tutorial_taskflow_api.py
[2024-05-11T21:03:21.600+0000] {processor.py:829} INFO - Processing file /home/airflow/.local/lib/python3.8/site-packages/airflow/example_dags/tutorial_taskflow_api.py for tasks to queue
[2024-05-11T21:03:21.604+0000] {logging_mixin.py:154} INFO - [2024-05-11T21:03:21.603+0000] {dagbag.py:536} INFO - Filling up the DagBag from /home/airflow/.local/lib/python3.8/site-packages/airflow/example_dags/tutorial_taskflow_api.py
[2024-05-11T21:03:21.610+0000] {processor.py:839} INFO - DAG(s) dict_keys(['tutorial_taskflow_api']) retrieved from /home/airflow/.local/lib/python3.8/site-packages/airflow/example_dags/tutorial_taskflow_api.py
[2024-05-11T21:03:21.687+0000] {logging_mixin.py:154} INFO - [2024-05-11T21:03:21.687+0000] {manager.py:499} INFO - Created Permission View: %s
[2024-05-11T21:03:21.694+0000] {logging_mixin.py:154} INFO - [2024-05-11T21:03:21.694+0000] {manager.py:499} INFO - Created Permission View: %s
[2024-05-11T21:03:21.699+0000] {logging_mixin.py:154} INFO - [2024-05-11T21:03:21.699+0000] {manager.py:499} INFO - Created Permission View: %s
[2024-05-11T21:03:21.700+0000] {logging_mixin.py:154} INFO - [2024-05-11T21:03:21.699+0000] {dag.py:2941} INFO - Sync 1 DAGs
[2024-05-11T21:03:21.706+0000] {logging_mixin.py:154} INFO - [2024-05-11T21:03:21.706+0000] {dag.py:2963} INFO - Creating ORM DAG for tutorial_taskflow_api
[2024-05-11T21:03:21.708+0000] {logging_mixin.py:154} INFO - [2024-05-11T21:03:21.707+0000] {dag.py:3722} INFO - Setting next_dagrun for tutorial_taskflow_api to None, run_after=None
[2024-05-11T21:03:21.718+0000] {processor.py:179} INFO - Processing /home/airflow/.local/lib/python3.8/site-packages/airflow/example_dags/tutorial_taskflow_api.py took 0.122 seconds
[2024-05-11T21:03:52.360+0000] {processor.py:157} INFO - Started process (PID=126) to work on /home/airflow/.local/lib/python3.8/site-packages/airflow/example_dags/tutorial_taskflow_api.py
[2024-05-11T21:03:52.361+0000] {processor.py:829} INFO - Processing file /home/airflow/.local/lib/python3.8/site-packages/airflow/example_dags/tutorial_taskflow_api.py for tasks to queue
[2024-05-11T21:03:52.364+0000] {logging_mixin.py:154} INFO - [2024-05-11T21:03:52.364+0000] {dagbag.py:536} INFO - Filling up the DagBag from /home/airflow/.local/lib/python3.8/site-packages/airflow/example_dags/tutorial_taskflow_api.py
[2024-05-11T21:03:52.369+0000] {processor.py:839} INFO - DAG(s) dict_keys(['tutorial_taskflow_api']) retrieved from /home/airflow/.local/lib/python3.8/site-packages/airflow/example_dags/tutorial_taskflow_api.py
[2024-05-11T21:03:52.389+0000] {logging_mixin.py:154} INFO - [2024-05-11T21:03:52.389+0000] {dag.py:2941} INFO - Sync 1 DAGs
[2024-05-11T21:03:52.398+0000] {logging_mixin.py:154} INFO - [2024-05-11T21:03:52.398+0000] {dag.py:3722} INFO - Setting next_dagrun for tutorial_taskflow_api to None, run_after=None
[2024-05-11T21:03:52.410+0000] {processor.py:179} INFO - Processing /home/airflow/.local/lib/python3.8/site-packages/airflow/example_dags/tutorial_taskflow_api.py took 0.053 seconds
[2024-05-11T21:04:22.592+0000] {processor.py:157} INFO - Started process (PID=180) to work on /home/airflow/.local/lib/python3.8/site-packages/airflow/example_dags/tutorial_taskflow_api.py
[2024-05-11T21:04:22.594+0000] {processor.py:829} INFO - Processing file /home/airflow/.local/lib/python3.8/site-packages/airflow/example_dags/tutorial_taskflow_api.py for tasks to queue
[2024-05-11T21:04:22.599+0000] {logging_mixin.py:154} INFO - [2024-05-11T21:04:22.598+0000] {dagbag.py:536} INFO - Filling up the DagBag from /home/airflow/.local/lib/python3.8/site-packages/airflow/example_dags/tutorial_taskflow_api.py
[2024-05-11T21:04:22.604+0000] {processor.py:839} INFO - DAG(s) dict_keys(['tutorial_taskflow_api']) retrieved from /home/airflow/.local/lib/python3.8/site-packages/airflow/example_dags/tutorial_taskflow_api.py
[2024-05-11T21:04:22.624+0000] {logging_mixin.py:154} INFO - [2024-05-11T21:04:22.624+0000] {dag.py:2941} INFO - Sync 1 DAGs
[2024-05-11T21:04:22.633+0000] {logging_mixin.py:154} INFO - [2024-05-11T21:04:22.633+0000] {dag.py:3722} INFO - Setting next_dagrun for tutorial_taskflow_api to None, run_after=None
[2024-05-11T21:04:22.645+0000] {processor.py:179} INFO - Processing /home/airflow/.local/lib/python3.8/site-packages/airflow/example_dags/tutorial_taskflow_api.py took 0.058 seconds
[2024-05-11T21:04:53.047+0000] {processor.py:157} INFO - Started process (PID=235) to work on /home/airflow/.local/lib/python3.8/site-packages/airflow/example_dags/tutorial_taskflow_api.py
[2024-05-11T21:04:53.048+0000] {processor.py:829} INFO - Processing file /home/airflow/.local/lib/python3.8/site-packages/airflow/example_dags/tutorial_taskflow_api.py for tasks to queue
[2024-05-11T21:04:53.051+0000] {logging_mixin.py:154} INFO - [2024-05-11T21:04:53.050+0000] {dagbag.py:536} INFO - Filling up the DagBag from /home/airflow/.local/lib/python3.8/site-packages/airflow/example_dags/tutorial_taskflow_api.py
[2024-05-11T21:04:53.056+0000] {processor.py:839} INFO - DAG(s) dict_keys(['tutorial_taskflow_api']) retrieved from /home/airflow/.local/lib/python3.8/site-packages/airflow/example_dags/tutorial_taskflow_api.py
[2024-05-11T21:04:53.076+0000] {logging_mixin.py:154} INFO - [2024-05-11T21:04:53.076+0000] {dag.py:2941} INFO - Sync 1 DAGs
[2024-05-11T21:04:53.086+0000] {logging_mixin.py:154} INFO - [2024-05-11T21:04:53.086+0000] {dag.py:3722} INFO - Setting next_dagrun for tutorial_taskflow_api to None, run_after=None
[2024-05-11T21:04:53.099+0000] {processor.py:179} INFO - Processing /home/airflow/.local/lib/python3.8/site-packages/airflow/example_dags/tutorial_taskflow_api.py took 0.055 seconds
[2024-05-11T21:05:44.647+0000] {processor.py:157} INFO - Started process (PID=72) to work on /home/airflow/.local/lib/python3.8/site-packages/airflow/example_dags/tutorial_taskflow_api.py
[2024-05-11T21:05:44.648+0000] {processor.py:829} INFO - Processing file /home/airflow/.local/lib/python3.8/site-packages/airflow/example_dags/tutorial_taskflow_api.py for tasks to queue
[2024-05-11T21:05:44.650+0000] {logging_mixin.py:154} INFO - [2024-05-11T21:05:44.650+0000] {dagbag.py:536} INFO - Filling up the DagBag from /home/airflow/.local/lib/python3.8/site-packages/airflow/example_dags/tutorial_taskflow_api.py
[2024-05-11T21:05:44.656+0000] {processor.py:839} INFO - DAG(s) dict_keys(['tutorial_taskflow_api']) retrieved from /home/airflow/.local/lib/python3.8/site-packages/airflow/example_dags/tutorial_taskflow_api.py
[2024-05-11T21:05:44.667+0000] {logging_mixin.py:154} INFO - [2024-05-11T21:05:44.667+0000] {dag.py:2941} INFO - Sync 1 DAGs
[2024-05-11T21:05:44.680+0000] {logging_mixin.py:154} INFO - [2024-05-11T21:05:44.680+0000] {dag.py:3722} INFO - Setting next_dagrun for tutorial_taskflow_api to None, run_after=None
[2024-05-11T21:05:44.691+0000] {processor.py:179} INFO - Processing /home/airflow/.local/lib/python3.8/site-packages/airflow/example_dags/tutorial_taskflow_api.py took 0.047 seconds
[2024-05-11T21:06:14.752+0000] {processor.py:157} INFO - Started process (PID=127) to work on /home/airflow/.local/lib/python3.8/site-packages/airflow/example_dags/tutorial_taskflow_api.py
[2024-05-11T21:06:14.753+0000] {processor.py:829} INFO - Processing file /home/airflow/.local/lib/python3.8/site-packages/airflow/example_dags/tutorial_taskflow_api.py for tasks to queue
[2024-05-11T21:06:14.755+0000] {logging_mixin.py:154} INFO - [2024-05-11T21:06:14.754+0000] {dagbag.py:536} INFO - Filling up the DagBag from /home/airflow/.local/lib/python3.8/site-packages/airflow/example_dags/tutorial_taskflow_api.py
[2024-05-11T21:06:14.760+0000] {processor.py:839} INFO - DAG(s) dict_keys(['tutorial_taskflow_api']) retrieved from /home/airflow/.local/lib/python3.8/site-packages/airflow/example_dags/tutorial_taskflow_api.py
[2024-05-11T21:06:14.775+0000] {logging_mixin.py:154} INFO - [2024-05-11T21:06:14.775+0000] {dag.py:2941} INFO - Sync 1 DAGs
[2024-05-11T21:06:14.784+0000] {logging_mixin.py:154} INFO - [2024-05-11T21:06:14.783+0000] {dag.py:3722} INFO - Setting next_dagrun for tutorial_taskflow_api to None, run_after=None
[2024-05-11T21:06:14.795+0000] {processor.py:179} INFO - Processing /home/airflow/.local/lib/python3.8/site-packages/airflow/example_dags/tutorial_taskflow_api.py took 0.047 seconds
[2024-05-11T21:06:45.032+0000] {processor.py:157} INFO - Started process (PID=182) to work on /home/airflow/.local/lib/python3.8/site-packages/airflow/example_dags/tutorial_taskflow_api.py
[2024-05-11T21:06:45.034+0000] {processor.py:829} INFO - Processing file /home/airflow/.local/lib/python3.8/site-packages/airflow/example_dags/tutorial_taskflow_api.py for tasks to queue
[2024-05-11T21:06:45.036+0000] {logging_mixin.py:154} INFO - [2024-05-11T21:06:45.036+0000] {dagbag.py:536} INFO - Filling up the DagBag from /home/airflow/.local/lib/python3.8/site-packages/airflow/example_dags/tutorial_taskflow_api.py
[2024-05-11T21:06:45.042+0000] {processor.py:839} INFO - DAG(s) dict_keys(['tutorial_taskflow_api']) retrieved from /home/airflow/.local/lib/python3.8/site-packages/airflow/example_dags/tutorial_taskflow_api.py
[2024-05-11T21:06:45.060+0000] {logging_mixin.py:154} INFO - [2024-05-11T21:06:45.060+0000] {dag.py:2941} INFO - Sync 1 DAGs
[2024-05-11T21:06:45.068+0000] {logging_mixin.py:154} INFO - [2024-05-11T21:06:45.068+0000] {dag.py:3722} INFO - Setting next_dagrun for tutorial_taskflow_api to None, run_after=None
[2024-05-11T21:06:45.079+0000] {processor.py:179} INFO - Processing /home/airflow/.local/lib/python3.8/site-packages/airflow/example_dags/tutorial_taskflow_api.py took 0.049 seconds
[2024-05-11T21:07:15.244+0000] {processor.py:157} INFO - Started process (PID=237) to work on /home/airflow/.local/lib/python3.8/site-packages/airflow/example_dags/tutorial_taskflow_api.py
[2024-05-11T21:07:15.245+0000] {processor.py:829} INFO - Processing file /home/airflow/.local/lib/python3.8/site-packages/airflow/example_dags/tutorial_taskflow_api.py for tasks to queue
[2024-05-11T21:07:15.247+0000] {logging_mixin.py:154} INFO - [2024-05-11T21:07:15.247+0000] {dagbag.py:536} INFO - Filling up the DagBag from /home/airflow/.local/lib/python3.8/site-packages/airflow/example_dags/tutorial_taskflow_api.py
[2024-05-11T21:07:15.252+0000] {processor.py:839} INFO - DAG(s) dict_keys(['tutorial_taskflow_api']) retrieved from /home/airflow/.local/lib/python3.8/site-packages/airflow/example_dags/tutorial_taskflow_api.py
[2024-05-11T21:07:15.268+0000] {logging_mixin.py:154} INFO - [2024-05-11T21:07:15.268+0000] {dag.py:2941} INFO - Sync 1 DAGs
[2024-05-11T21:07:15.276+0000] {logging_mixin.py:154} INFO - [2024-05-11T21:07:15.276+0000] {dag.py:3722} INFO - Setting next_dagrun for tutorial_taskflow_api to None, run_after=None
[2024-05-11T21:07:15.288+0000] {processor.py:179} INFO - Processing /home/airflow/.local/lib/python3.8/site-packages/airflow/example_dags/tutorial_taskflow_api.py took 0.047 seconds
[2024-05-11T21:07:45.533+0000] {processor.py:157} INFO - Started process (PID=296) to work on /home/airflow/.local/lib/python3.8/site-packages/airflow/example_dags/tutorial_taskflow_api.py
[2024-05-11T21:07:45.535+0000] {processor.py:829} INFO - Processing file /home/airflow/.local/lib/python3.8/site-packages/airflow/example_dags/tutorial_taskflow_api.py for tasks to queue
[2024-05-11T21:07:45.536+0000] {logging_mixin.py:154} INFO - [2024-05-11T21:07:45.536+0000] {dagbag.py:536} INFO - Filling up the DagBag from /home/airflow/.local/lib/python3.8/site-packages/airflow/example_dags/tutorial_taskflow_api.py
[2024-05-11T21:07:45.541+0000] {processor.py:839} INFO - DAG(s) dict_keys(['tutorial_taskflow_api']) retrieved from /home/airflow/.local/lib/python3.8/site-packages/airflow/example_dags/tutorial_taskflow_api.py
[2024-05-11T21:07:45.558+0000] {logging_mixin.py:154} INFO - [2024-05-11T21:07:45.558+0000] {dag.py:2941} INFO - Sync 1 DAGs
[2024-05-11T21:07:45.566+0000] {logging_mixin.py:154} INFO - [2024-05-11T21:07:45.566+0000] {dag.py:3722} INFO - Setting next_dagrun for tutorial_taskflow_api to None, run_after=None
[2024-05-11T21:07:45.577+0000] {processor.py:179} INFO - Processing /home/airflow/.local/lib/python3.8/site-packages/airflow/example_dags/tutorial_taskflow_api.py took 0.047 seconds
[2024-05-11T21:08:15.762+0000] {processor.py:157} INFO - Started process (PID=351) to work on /home/airflow/.local/lib/python3.8/site-packages/airflow/example_dags/tutorial_taskflow_api.py
[2024-05-11T21:08:15.764+0000] {processor.py:829} INFO - Processing file /home/airflow/.local/lib/python3.8/site-packages/airflow/example_dags/tutorial_taskflow_api.py for tasks to queue
[2024-05-11T21:08:15.766+0000] {logging_mixin.py:154} INFO - [2024-05-11T21:08:15.766+0000] {dagbag.py:536} INFO - Filling up the DagBag from /home/airflow/.local/lib/python3.8/site-packages/airflow/example_dags/tutorial_taskflow_api.py
[2024-05-11T21:08:15.771+0000] {processor.py:839} INFO - DAG(s) dict_keys(['tutorial_taskflow_api']) retrieved from /home/airflow/.local/lib/python3.8/site-packages/airflow/example_dags/tutorial_taskflow_api.py
[2024-05-11T21:08:15.788+0000] {logging_mixin.py:154} INFO - [2024-05-11T21:08:15.787+0000] {dag.py:2941} INFO - Sync 1 DAGs
[2024-05-11T21:08:15.796+0000] {logging_mixin.py:154} INFO - [2024-05-11T21:08:15.796+0000] {dag.py:3722} INFO - Setting next_dagrun for tutorial_taskflow_api to None, run_after=None
[2024-05-11T21:08:15.808+0000] {processor.py:179} INFO - Processing /home/airflow/.local/lib/python3.8/site-packages/airflow/example_dags/tutorial_taskflow_api.py took 0.049 seconds
[2024-05-11T21:08:46.046+0000] {processor.py:157} INFO - Started process (PID=406) to work on /home/airflow/.local/lib/python3.8/site-packages/airflow/example_dags/tutorial_taskflow_api.py
[2024-05-11T21:08:46.048+0000] {processor.py:829} INFO - Processing file /home/airflow/.local/lib/python3.8/site-packages/airflow/example_dags/tutorial_taskflow_api.py for tasks to queue
[2024-05-11T21:08:46.049+0000] {logging_mixin.py:154} INFO - [2024-05-11T21:08:46.049+0000] {dagbag.py:536} INFO - Filling up the DagBag from /home/airflow/.local/lib/python3.8/site-packages/airflow/example_dags/tutorial_taskflow_api.py
[2024-05-11T21:08:46.054+0000] {processor.py:839} INFO - DAG(s) dict_keys(['tutorial_taskflow_api']) retrieved from /home/airflow/.local/lib/python3.8/site-packages/airflow/example_dags/tutorial_taskflow_api.py
[2024-05-11T21:08:46.076+0000] {logging_mixin.py:154} INFO - [2024-05-11T21:08:46.076+0000] {dag.py:2941} INFO - Sync 1 DAGs
[2024-05-11T21:08:46.084+0000] {logging_mixin.py:154} INFO - [2024-05-11T21:08:46.083+0000] {dag.py:3722} INFO - Setting next_dagrun for tutorial_taskflow_api to None, run_after=None
[2024-05-11T21:08:46.096+0000] {processor.py:179} INFO - Processing /home/airflow/.local/lib/python3.8/site-packages/airflow/example_dags/tutorial_taskflow_api.py took 0.053 seconds
[2024-05-11T21:09:16.502+0000] {processor.py:157} INFO - Started process (PID=460) to work on /home/airflow/.local/lib/python3.8/site-packages/airflow/example_dags/tutorial_taskflow_api.py
[2024-05-11T21:09:16.503+0000] {processor.py:829} INFO - Processing file /home/airflow/.local/lib/python3.8/site-packages/airflow/example_dags/tutorial_taskflow_api.py for tasks to queue
[2024-05-11T21:09:16.505+0000] {logging_mixin.py:154} INFO - [2024-05-11T21:09:16.505+0000] {dagbag.py:536} INFO - Filling up the DagBag from /home/airflow/.local/lib/python3.8/site-packages/airflow/example_dags/tutorial_taskflow_api.py
[2024-05-11T21:09:16.511+0000] {processor.py:839} INFO - DAG(s) dict_keys(['tutorial_taskflow_api']) retrieved from /home/airflow/.local/lib/python3.8/site-packages/airflow/example_dags/tutorial_taskflow_api.py
[2024-05-11T21:09:16.528+0000] {logging_mixin.py:154} INFO - [2024-05-11T21:09:16.528+0000] {dag.py:2941} INFO - Sync 1 DAGs
[2024-05-11T21:09:16.536+0000] {logging_mixin.py:154} INFO - [2024-05-11T21:09:16.536+0000] {dag.py:3722} INFO - Setting next_dagrun for tutorial_taskflow_api to None, run_after=None
[2024-05-11T21:09:16.548+0000] {processor.py:179} INFO - Processing /home/airflow/.local/lib/python3.8/site-packages/airflow/example_dags/tutorial_taskflow_api.py took 0.049 seconds
[2024-05-11T21:09:46.774+0000] {processor.py:157} INFO - Started process (PID=515) to work on /home/airflow/.local/lib/python3.8/site-packages/airflow/example_dags/tutorial_taskflow_api.py
[2024-05-11T21:09:46.775+0000] {processor.py:829} INFO - Processing file /home/airflow/.local/lib/python3.8/site-packages/airflow/example_dags/tutorial_taskflow_api.py for tasks to queue
[2024-05-11T21:09:46.777+0000] {logging_mixin.py:154} INFO - [2024-05-11T21:09:46.777+0000] {dagbag.py:536} INFO - Filling up the DagBag from /home/airflow/.local/lib/python3.8/site-packages/airflow/example_dags/tutorial_taskflow_api.py
[2024-05-11T21:09:46.782+0000] {processor.py:839} INFO - DAG(s) dict_keys(['tutorial_taskflow_api']) retrieved from /home/airflow/.local/lib/python3.8/site-packages/airflow/example_dags/tutorial_taskflow_api.py
[2024-05-11T21:09:46.798+0000] {logging_mixin.py:154} INFO - [2024-05-11T21:09:46.798+0000] {dag.py:2941} INFO - Sync 1 DAGs
[2024-05-11T21:09:46.806+0000] {logging_mixin.py:154} INFO - [2024-05-11T21:09:46.806+0000] {dag.py:3722} INFO - Setting next_dagrun for tutorial_taskflow_api to None, run_after=None
[2024-05-11T21:09:46.817+0000] {processor.py:179} INFO - Processing /home/airflow/.local/lib/python3.8/site-packages/airflow/example_dags/tutorial_taskflow_api.py took 0.047 seconds
[2024-05-11T21:10:17.022+0000] {processor.py:157} INFO - Started process (PID=569) to work on /home/airflow/.local/lib/python3.8/site-packages/airflow/example_dags/tutorial_taskflow_api.py
[2024-05-11T21:10:17.023+0000] {processor.py:829} INFO - Processing file /home/airflow/.local/lib/python3.8/site-packages/airflow/example_dags/tutorial_taskflow_api.py for tasks to queue
[2024-05-11T21:10:17.025+0000] {logging_mixin.py:154} INFO - [2024-05-11T21:10:17.024+0000] {dagbag.py:536} INFO - Filling up the DagBag from /home/airflow/.local/lib/python3.8/site-packages/airflow/example_dags/tutorial_taskflow_api.py
[2024-05-11T21:10:17.030+0000] {processor.py:839} INFO - DAG(s) dict_keys(['tutorial_taskflow_api']) retrieved from /home/airflow/.local/lib/python3.8/site-packages/airflow/example_dags/tutorial_taskflow_api.py
[2024-05-11T21:10:17.046+0000] {logging_mixin.py:154} INFO - [2024-05-11T21:10:17.046+0000] {dag.py:2941} INFO - Sync 1 DAGs
[2024-05-11T21:10:17.054+0000] {logging_mixin.py:154} INFO - [2024-05-11T21:10:17.054+0000] {dag.py:3722} INFO - Setting next_dagrun for tutorial_taskflow_api to None, run_after=None
[2024-05-11T21:10:17.065+0000] {processor.py:179} INFO - Processing /home/airflow/.local/lib/python3.8/site-packages/airflow/example_dags/tutorial_taskflow_api.py took 0.046 seconds
[2024-05-11T21:10:47.430+0000] {processor.py:157} INFO - Started process (PID=624) to work on /home/airflow/.local/lib/python3.8/site-packages/airflow/example_dags/tutorial_taskflow_api.py
[2024-05-11T21:10:47.432+0000] {processor.py:829} INFO - Processing file /home/airflow/.local/lib/python3.8/site-packages/airflow/example_dags/tutorial_taskflow_api.py for tasks to queue
[2024-05-11T21:10:47.435+0000] {logging_mixin.py:154} INFO - [2024-05-11T21:10:47.435+0000] {dagbag.py:536} INFO - Filling up the DagBag from /home/airflow/.local/lib/python3.8/site-packages/airflow/example_dags/tutorial_taskflow_api.py
[2024-05-11T21:10:47.444+0000] {processor.py:839} INFO - DAG(s) dict_keys(['tutorial_taskflow_api']) retrieved from /home/airflow/.local/lib/python3.8/site-packages/airflow/example_dags/tutorial_taskflow_api.py
[2024-05-11T21:10:47.464+0000] {logging_mixin.py:154} INFO - [2024-05-11T21:10:47.464+0000] {dag.py:2941} INFO - Sync 1 DAGs
[2024-05-11T21:10:47.475+0000] {logging_mixin.py:154} INFO - [2024-05-11T21:10:47.475+0000] {dag.py:3722} INFO - Setting next_dagrun for tutorial_taskflow_api to None, run_after=None
[2024-05-11T21:10:47.486+0000] {processor.py:179} INFO - Processing /home/airflow/.local/lib/python3.8/site-packages/airflow/example_dags/tutorial_taskflow_api.py took 0.059 seconds
[2024-05-11T21:11:17.742+0000] {processor.py:157} INFO - Started process (PID=679) to work on /home/airflow/.local/lib/python3.8/site-packages/airflow/example_dags/tutorial_taskflow_api.py
[2024-05-11T21:11:17.743+0000] {processor.py:829} INFO - Processing file /home/airflow/.local/lib/python3.8/site-packages/airflow/example_dags/tutorial_taskflow_api.py for tasks to queue
[2024-05-11T21:11:17.746+0000] {logging_mixin.py:154} INFO - [2024-05-11T21:11:17.745+0000] {dagbag.py:536} INFO - Filling up the DagBag from /home/airflow/.local/lib/python3.8/site-packages/airflow/example_dags/tutorial_taskflow_api.py
[2024-05-11T21:11:17.750+0000] {processor.py:839} INFO - DAG(s) dict_keys(['tutorial_taskflow_api']) retrieved from /home/airflow/.local/lib/python3.8/site-packages/airflow/example_dags/tutorial_taskflow_api.py
[2024-05-11T21:11:17.766+0000] {logging_mixin.py:154} INFO - [2024-05-11T21:11:17.766+0000] {dag.py:2941} INFO - Sync 1 DAGs
[2024-05-11T21:11:17.774+0000] {logging_mixin.py:154} INFO - [2024-05-11T21:11:17.774+0000] {dag.py:3722} INFO - Setting next_dagrun for tutorial_taskflow_api to None, run_after=None
[2024-05-11T21:11:17.783+0000] {processor.py:179} INFO - Processing /home/airflow/.local/lib/python3.8/site-packages/airflow/example_dags/tutorial_taskflow_api.py took 0.044 seconds
[2024-05-11T21:11:48.007+0000] {processor.py:157} INFO - Started process (PID=734) to work on /home/airflow/.local/lib/python3.8/site-packages/airflow/example_dags/tutorial_taskflow_api.py
[2024-05-11T21:11:48.010+0000] {processor.py:829} INFO - Processing file /home/airflow/.local/lib/python3.8/site-packages/airflow/example_dags/tutorial_taskflow_api.py for tasks to queue
[2024-05-11T21:11:48.013+0000] {logging_mixin.py:154} INFO - [2024-05-11T21:11:48.013+0000] {dagbag.py:536} INFO - Filling up the DagBag from /home/airflow/.local/lib/python3.8/site-packages/airflow/example_dags/tutorial_taskflow_api.py
[2024-05-11T21:11:48.022+0000] {processor.py:839} INFO - DAG(s) dict_keys(['tutorial_taskflow_api']) retrieved from /home/airflow/.local/lib/python3.8/site-packages/airflow/example_dags/tutorial_taskflow_api.py
[2024-05-11T21:11:48.048+0000] {logging_mixin.py:154} INFO - [2024-05-11T21:11:48.048+0000] {dag.py:2941} INFO - Sync 1 DAGs
[2024-05-11T21:11:48.057+0000] {logging_mixin.py:154} INFO - [2024-05-11T21:11:48.057+0000] {dag.py:3722} INFO - Setting next_dagrun for tutorial_taskflow_api to None, run_after=None
[2024-05-11T21:11:48.068+0000] {processor.py:179} INFO - Processing /home/airflow/.local/lib/python3.8/site-packages/airflow/example_dags/tutorial_taskflow_api.py took 0.065 seconds
[2024-05-11T21:12:18.315+0000] {processor.py:157} INFO - Started process (PID=790) to work on /home/airflow/.local/lib/python3.8/site-packages/airflow/example_dags/tutorial_taskflow_api.py
[2024-05-11T21:12:18.317+0000] {processor.py:829} INFO - Processing file /home/airflow/.local/lib/python3.8/site-packages/airflow/example_dags/tutorial_taskflow_api.py for tasks to queue
[2024-05-11T21:12:18.319+0000] {logging_mixin.py:154} INFO - [2024-05-11T21:12:18.318+0000] {dagbag.py:536} INFO - Filling up the DagBag from /home/airflow/.local/lib/python3.8/site-packages/airflow/example_dags/tutorial_taskflow_api.py
[2024-05-11T21:12:18.323+0000] {processor.py:839} INFO - DAG(s) dict_keys(['tutorial_taskflow_api']) retrieved from /home/airflow/.local/lib/python3.8/site-packages/airflow/example_dags/tutorial_taskflow_api.py
[2024-05-11T21:12:18.339+0000] {logging_mixin.py:154} INFO - [2024-05-11T21:12:18.339+0000] {dag.py:2941} INFO - Sync 1 DAGs
[2024-05-11T21:12:18.347+0000] {logging_mixin.py:154} INFO - [2024-05-11T21:12:18.347+0000] {dag.py:3722} INFO - Setting next_dagrun for tutorial_taskflow_api to None, run_after=None
[2024-05-11T21:12:18.358+0000] {processor.py:179} INFO - Processing /home/airflow/.local/lib/python3.8/site-packages/airflow/example_dags/tutorial_taskflow_api.py took 0.045 seconds
[2024-05-11T21:12:48.639+0000] {processor.py:157} INFO - Started process (PID=845) to work on /home/airflow/.local/lib/python3.8/site-packages/airflow/example_dags/tutorial_taskflow_api.py
[2024-05-11T21:12:48.641+0000] {processor.py:829} INFO - Processing file /home/airflow/.local/lib/python3.8/site-packages/airflow/example_dags/tutorial_taskflow_api.py for tasks to queue
[2024-05-11T21:12:48.643+0000] {logging_mixin.py:154} INFO - [2024-05-11T21:12:48.643+0000] {dagbag.py:536} INFO - Filling up the DagBag from /home/airflow/.local/lib/python3.8/site-packages/airflow/example_dags/tutorial_taskflow_api.py
[2024-05-11T21:12:48.648+0000] {processor.py:839} INFO - DAG(s) dict_keys(['tutorial_taskflow_api']) retrieved from /home/airflow/.local/lib/python3.8/site-packages/airflow/example_dags/tutorial_taskflow_api.py
[2024-05-11T21:12:48.665+0000] {logging_mixin.py:154} INFO - [2024-05-11T21:12:48.665+0000] {dag.py:2941} INFO - Sync 1 DAGs
[2024-05-11T21:12:48.674+0000] {logging_mixin.py:154} INFO - [2024-05-11T21:12:48.674+0000] {dag.py:3722} INFO - Setting next_dagrun for tutorial_taskflow_api to None, run_after=None
[2024-05-11T21:12:48.686+0000] {processor.py:179} INFO - Processing /home/airflow/.local/lib/python3.8/site-packages/airflow/example_dags/tutorial_taskflow_api.py took 0.050 seconds
[2024-05-11T21:13:18.941+0000] {processor.py:157} INFO - Started process (PID=900) to work on /home/airflow/.local/lib/python3.8/site-packages/airflow/example_dags/tutorial_taskflow_api.py
[2024-05-11T21:13:18.943+0000] {processor.py:829} INFO - Processing file /home/airflow/.local/lib/python3.8/site-packages/airflow/example_dags/tutorial_taskflow_api.py for tasks to queue
[2024-05-11T21:13:18.945+0000] {logging_mixin.py:154} INFO - [2024-05-11T21:13:18.944+0000] {dagbag.py:536} INFO - Filling up the DagBag from /home/airflow/.local/lib/python3.8/site-packages/airflow/example_dags/tutorial_taskflow_api.py
[2024-05-11T21:13:18.950+0000] {processor.py:839} INFO - DAG(s) dict_keys(['tutorial_taskflow_api']) retrieved from /home/airflow/.local/lib/python3.8/site-packages/airflow/example_dags/tutorial_taskflow_api.py
[2024-05-11T21:13:18.966+0000] {logging_mixin.py:154} INFO - [2024-05-11T21:13:18.966+0000] {dag.py:2941} INFO - Sync 1 DAGs
[2024-05-11T21:13:18.974+0000] {logging_mixin.py:154} INFO - [2024-05-11T21:13:18.974+0000] {dag.py:3722} INFO - Setting next_dagrun for tutorial_taskflow_api to None, run_after=None
[2024-05-11T21:13:18.994+0000] {processor.py:179} INFO - Processing /home/airflow/.local/lib/python3.8/site-packages/airflow/example_dags/tutorial_taskflow_api.py took 0.055 seconds
[2024-05-11T21:13:49.074+0000] {processor.py:157} INFO - Started process (PID=955) to work on /home/airflow/.local/lib/python3.8/site-packages/airflow/example_dags/tutorial_taskflow_api.py
[2024-05-11T21:13:49.076+0000] {processor.py:829} INFO - Processing file /home/airflow/.local/lib/python3.8/site-packages/airflow/example_dags/tutorial_taskflow_api.py for tasks to queue
[2024-05-11T21:13:49.078+0000] {logging_mixin.py:154} INFO - [2024-05-11T21:13:49.077+0000] {dagbag.py:536} INFO - Filling up the DagBag from /home/airflow/.local/lib/python3.8/site-packages/airflow/example_dags/tutorial_taskflow_api.py
[2024-05-11T21:13:49.083+0000] {processor.py:839} INFO - DAG(s) dict_keys(['tutorial_taskflow_api']) retrieved from /home/airflow/.local/lib/python3.8/site-packages/airflow/example_dags/tutorial_taskflow_api.py
[2024-05-11T21:13:49.099+0000] {logging_mixin.py:154} INFO - [2024-05-11T21:13:49.099+0000] {dag.py:2941} INFO - Sync 1 DAGs
[2024-05-11T21:13:49.107+0000] {logging_mixin.py:154} INFO - [2024-05-11T21:13:49.107+0000] {dag.py:3722} INFO - Setting next_dagrun for tutorial_taskflow_api to None, run_after=None
[2024-05-11T21:13:49.118+0000] {processor.py:179} INFO - Processing /home/airflow/.local/lib/python3.8/site-packages/airflow/example_dags/tutorial_taskflow_api.py took 0.046 seconds
[2024-05-11T21:14:19.324+0000] {processor.py:157} INFO - Started process (PID=1010) to work on /home/airflow/.local/lib/python3.8/site-packages/airflow/example_dags/tutorial_taskflow_api.py
[2024-05-11T21:14:19.326+0000] {processor.py:829} INFO - Processing file /home/airflow/.local/lib/python3.8/site-packages/airflow/example_dags/tutorial_taskflow_api.py for tasks to queue
[2024-05-11T21:14:19.328+0000] {logging_mixin.py:154} INFO - [2024-05-11T21:14:19.327+0000] {dagbag.py:536} INFO - Filling up the DagBag from /home/airflow/.local/lib/python3.8/site-packages/airflow/example_dags/tutorial_taskflow_api.py
[2024-05-11T21:14:19.333+0000] {processor.py:839} INFO - DAG(s) dict_keys(['tutorial_taskflow_api']) retrieved from /home/airflow/.local/lib/python3.8/site-packages/airflow/example_dags/tutorial_taskflow_api.py
[2024-05-11T21:14:19.348+0000] {logging_mixin.py:154} INFO - [2024-05-11T21:14:19.348+0000] {dag.py:2941} INFO - Sync 1 DAGs
[2024-05-11T21:14:19.356+0000] {logging_mixin.py:154} INFO - [2024-05-11T21:14:19.356+0000] {dag.py:3722} INFO - Setting next_dagrun for tutorial_taskflow_api to None, run_after=None
[2024-05-11T21:14:19.369+0000] {processor.py:179} INFO - Processing /home/airflow/.local/lib/python3.8/site-packages/airflow/example_dags/tutorial_taskflow_api.py took 0.047 seconds
[2024-05-11T21:14:49.734+0000] {processor.py:157} INFO - Started process (PID=1066) to work on /home/airflow/.local/lib/python3.8/site-packages/airflow/example_dags/tutorial_taskflow_api.py
[2024-05-11T21:14:49.735+0000] {processor.py:829} INFO - Processing file /home/airflow/.local/lib/python3.8/site-packages/airflow/example_dags/tutorial_taskflow_api.py for tasks to queue
[2024-05-11T21:14:49.737+0000] {logging_mixin.py:154} INFO - [2024-05-11T21:14:49.737+0000] {dagbag.py:536} INFO - Filling up the DagBag from /home/airflow/.local/lib/python3.8/site-packages/airflow/example_dags/tutorial_taskflow_api.py
[2024-05-11T21:14:49.742+0000] {processor.py:839} INFO - DAG(s) dict_keys(['tutorial_taskflow_api']) retrieved from /home/airflow/.local/lib/python3.8/site-packages/airflow/example_dags/tutorial_taskflow_api.py
[2024-05-11T21:14:49.760+0000] {logging_mixin.py:154} INFO - [2024-05-11T21:14:49.760+0000] {dag.py:2941} INFO - Sync 1 DAGs
[2024-05-11T21:14:49.769+0000] {logging_mixin.py:154} INFO - [2024-05-11T21:14:49.769+0000] {dag.py:3722} INFO - Setting next_dagrun for tutorial_taskflow_api to None, run_after=None
[2024-05-11T21:14:49.783+0000] {processor.py:179} INFO - Processing /home/airflow/.local/lib/python3.8/site-packages/airflow/example_dags/tutorial_taskflow_api.py took 0.053 seconds
[2024-05-11T21:16:33.761+0000] {processor.py:157} INFO - Started process (PID=72) to work on /home/airflow/.local/lib/python3.8/site-packages/airflow/example_dags/tutorial_taskflow_api.py
[2024-05-11T21:16:33.763+0000] {processor.py:829} INFO - Processing file /home/airflow/.local/lib/python3.8/site-packages/airflow/example_dags/tutorial_taskflow_api.py for tasks to queue
[2024-05-11T21:16:33.766+0000] {logging_mixin.py:154} INFO - [2024-05-11T21:16:33.766+0000] {dagbag.py:536} INFO - Filling up the DagBag from /home/airflow/.local/lib/python3.8/site-packages/airflow/example_dags/tutorial_taskflow_api.py
[2024-05-11T21:16:33.772+0000] {processor.py:839} INFO - DAG(s) dict_keys(['tutorial_taskflow_api']) retrieved from /home/airflow/.local/lib/python3.8/site-packages/airflow/example_dags/tutorial_taskflow_api.py
[2024-05-11T21:16:33.800+0000] {logging_mixin.py:154} INFO - [2024-05-11T21:16:33.799+0000] {dag.py:2941} INFO - Sync 1 DAGs
[2024-05-11T21:16:33.811+0000] {logging_mixin.py:154} INFO - [2024-05-11T21:16:33.811+0000] {dag.py:3722} INFO - Setting next_dagrun for tutorial_taskflow_api to None, run_after=None
[2024-05-11T21:16:33.825+0000] {processor.py:179} INFO - Processing /home/airflow/.local/lib/python3.8/site-packages/airflow/example_dags/tutorial_taskflow_api.py took 0.067 seconds
[2024-05-11T21:17:04.276+0000] {processor.py:157} INFO - Started process (PID=128) to work on /home/airflow/.local/lib/python3.8/site-packages/airflow/example_dags/tutorial_taskflow_api.py
[2024-05-11T21:17:04.277+0000] {processor.py:829} INFO - Processing file /home/airflow/.local/lib/python3.8/site-packages/airflow/example_dags/tutorial_taskflow_api.py for tasks to queue
[2024-05-11T21:17:04.279+0000] {logging_mixin.py:154} INFO - [2024-05-11T21:17:04.279+0000] {dagbag.py:536} INFO - Filling up the DagBag from /home/airflow/.local/lib/python3.8/site-packages/airflow/example_dags/tutorial_taskflow_api.py
[2024-05-11T21:17:04.284+0000] {processor.py:839} INFO - DAG(s) dict_keys(['tutorial_taskflow_api']) retrieved from /home/airflow/.local/lib/python3.8/site-packages/airflow/example_dags/tutorial_taskflow_api.py
[2024-05-11T21:17:04.299+0000] {logging_mixin.py:154} INFO - [2024-05-11T21:17:04.299+0000] {dag.py:2941} INFO - Sync 1 DAGs
[2024-05-11T21:17:04.307+0000] {logging_mixin.py:154} INFO - [2024-05-11T21:17:04.307+0000] {dag.py:3722} INFO - Setting next_dagrun for tutorial_taskflow_api to None, run_after=None
[2024-05-11T21:17:04.317+0000] {processor.py:179} INFO - Processing /home/airflow/.local/lib/python3.8/site-packages/airflow/example_dags/tutorial_taskflow_api.py took 0.043 seconds
[2024-05-11T21:17:34.599+0000] {processor.py:157} INFO - Started process (PID=183) to work on /home/airflow/.local/lib/python3.8/site-packages/airflow/example_dags/tutorial_taskflow_api.py
[2024-05-11T21:17:34.600+0000] {processor.py:829} INFO - Processing file /home/airflow/.local/lib/python3.8/site-packages/airflow/example_dags/tutorial_taskflow_api.py for tasks to queue
[2024-05-11T21:17:34.602+0000] {logging_mixin.py:154} INFO - [2024-05-11T21:17:34.602+0000] {dagbag.py:536} INFO - Filling up the DagBag from /home/airflow/.local/lib/python3.8/site-packages/airflow/example_dags/tutorial_taskflow_api.py
[2024-05-11T21:17:34.607+0000] {processor.py:839} INFO - DAG(s) dict_keys(['tutorial_taskflow_api']) retrieved from /home/airflow/.local/lib/python3.8/site-packages/airflow/example_dags/tutorial_taskflow_api.py
[2024-05-11T21:17:34.625+0000] {logging_mixin.py:154} INFO - [2024-05-11T21:17:34.624+0000] {dag.py:2941} INFO - Sync 1 DAGs
[2024-05-11T21:17:34.633+0000] {logging_mixin.py:154} INFO - [2024-05-11T21:17:34.633+0000] {dag.py:3722} INFO - Setting next_dagrun for tutorial_taskflow_api to None, run_after=None
[2024-05-11T21:17:34.644+0000] {processor.py:179} INFO - Processing /home/airflow/.local/lib/python3.8/site-packages/airflow/example_dags/tutorial_taskflow_api.py took 0.048 seconds
[2024-05-11T21:18:04.943+0000] {processor.py:157} INFO - Started process (PID=239) to work on /home/airflow/.local/lib/python3.8/site-packages/airflow/example_dags/tutorial_taskflow_api.py
[2024-05-11T21:18:04.944+0000] {processor.py:829} INFO - Processing file /home/airflow/.local/lib/python3.8/site-packages/airflow/example_dags/tutorial_taskflow_api.py for tasks to queue
[2024-05-11T21:18:04.946+0000] {logging_mixin.py:154} INFO - [2024-05-11T21:18:04.946+0000] {dagbag.py:536} INFO - Filling up the DagBag from /home/airflow/.local/lib/python3.8/site-packages/airflow/example_dags/tutorial_taskflow_api.py
[2024-05-11T21:18:04.952+0000] {processor.py:839} INFO - DAG(s) dict_keys(['tutorial_taskflow_api']) retrieved from /home/airflow/.local/lib/python3.8/site-packages/airflow/example_dags/tutorial_taskflow_api.py
[2024-05-11T21:18:04.970+0000] {logging_mixin.py:154} INFO - [2024-05-11T21:18:04.970+0000] {dag.py:2941} INFO - Sync 1 DAGs
[2024-05-11T21:18:04.980+0000] {logging_mixin.py:154} INFO - [2024-05-11T21:18:04.980+0000] {dag.py:3722} INFO - Setting next_dagrun for tutorial_taskflow_api to None, run_after=None
[2024-05-11T21:18:04.991+0000] {processor.py:179} INFO - Processing /home/airflow/.local/lib/python3.8/site-packages/airflow/example_dags/tutorial_taskflow_api.py took 0.051 seconds
[2024-05-11T21:18:35.123+0000] {processor.py:157} INFO - Started process (PID=294) to work on /home/airflow/.local/lib/python3.8/site-packages/airflow/example_dags/tutorial_taskflow_api.py
[2024-05-11T21:18:35.125+0000] {processor.py:829} INFO - Processing file /home/airflow/.local/lib/python3.8/site-packages/airflow/example_dags/tutorial_taskflow_api.py for tasks to queue
[2024-05-11T21:18:35.128+0000] {logging_mixin.py:154} INFO - [2024-05-11T21:18:35.127+0000] {dagbag.py:536} INFO - Filling up the DagBag from /home/airflow/.local/lib/python3.8/site-packages/airflow/example_dags/tutorial_taskflow_api.py
[2024-05-11T21:18:35.133+0000] {processor.py:839} INFO - DAG(s) dict_keys(['tutorial_taskflow_api']) retrieved from /home/airflow/.local/lib/python3.8/site-packages/airflow/example_dags/tutorial_taskflow_api.py
[2024-05-11T21:18:35.153+0000] {logging_mixin.py:154} INFO - [2024-05-11T21:18:35.153+0000] {dag.py:2941} INFO - Sync 1 DAGs
[2024-05-11T21:18:35.162+0000] {logging_mixin.py:154} INFO - [2024-05-11T21:18:35.162+0000] {dag.py:3722} INFO - Setting next_dagrun for tutorial_taskflow_api to None, run_after=None
[2024-05-11T21:18:35.173+0000] {processor.py:179} INFO - Processing /home/airflow/.local/lib/python3.8/site-packages/airflow/example_dags/tutorial_taskflow_api.py took 0.052 seconds
[2024-05-11T21:19:05.290+0000] {processor.py:157} INFO - Started process (PID=349) to work on /home/airflow/.local/lib/python3.8/site-packages/airflow/example_dags/tutorial_taskflow_api.py
[2024-05-11T21:19:05.291+0000] {processor.py:829} INFO - Processing file /home/airflow/.local/lib/python3.8/site-packages/airflow/example_dags/tutorial_taskflow_api.py for tasks to queue
[2024-05-11T21:19:05.293+0000] {logging_mixin.py:154} INFO - [2024-05-11T21:19:05.293+0000] {dagbag.py:536} INFO - Filling up the DagBag from /home/airflow/.local/lib/python3.8/site-packages/airflow/example_dags/tutorial_taskflow_api.py
[2024-05-11T21:19:05.298+0000] {processor.py:839} INFO - DAG(s) dict_keys(['tutorial_taskflow_api']) retrieved from /home/airflow/.local/lib/python3.8/site-packages/airflow/example_dags/tutorial_taskflow_api.py
[2024-05-11T21:19:05.315+0000] {logging_mixin.py:154} INFO - [2024-05-11T21:19:05.315+0000] {dag.py:2941} INFO - Sync 1 DAGs
[2024-05-11T21:19:05.323+0000] {logging_mixin.py:154} INFO - [2024-05-11T21:19:05.323+0000] {dag.py:3722} INFO - Setting next_dagrun for tutorial_taskflow_api to None, run_after=None
[2024-05-11T21:19:05.335+0000] {processor.py:179} INFO - Processing /home/airflow/.local/lib/python3.8/site-packages/airflow/example_dags/tutorial_taskflow_api.py took 0.048 seconds
[2024-05-11T21:19:35.655+0000] {processor.py:157} INFO - Started process (PID=404) to work on /home/airflow/.local/lib/python3.8/site-packages/airflow/example_dags/tutorial_taskflow_api.py
[2024-05-11T21:19:35.657+0000] {processor.py:829} INFO - Processing file /home/airflow/.local/lib/python3.8/site-packages/airflow/example_dags/tutorial_taskflow_api.py for tasks to queue
[2024-05-11T21:19:35.659+0000] {logging_mixin.py:154} INFO - [2024-05-11T21:19:35.659+0000] {dagbag.py:536} INFO - Filling up the DagBag from /home/airflow/.local/lib/python3.8/site-packages/airflow/example_dags/tutorial_taskflow_api.py
[2024-05-11T21:19:35.664+0000] {processor.py:839} INFO - DAG(s) dict_keys(['tutorial_taskflow_api']) retrieved from /home/airflow/.local/lib/python3.8/site-packages/airflow/example_dags/tutorial_taskflow_api.py
[2024-05-11T21:19:35.681+0000] {logging_mixin.py:154} INFO - [2024-05-11T21:19:35.681+0000] {dag.py:2941} INFO - Sync 1 DAGs
[2024-05-11T21:19:35.689+0000] {logging_mixin.py:154} INFO - [2024-05-11T21:19:35.689+0000] {dag.py:3722} INFO - Setting next_dagrun for tutorial_taskflow_api to None, run_after=None
[2024-05-11T21:19:35.700+0000] {processor.py:179} INFO - Processing /home/airflow/.local/lib/python3.8/site-packages/airflow/example_dags/tutorial_taskflow_api.py took 0.047 seconds
[2024-05-11T21:20:06.122+0000] {processor.py:157} INFO - Started process (PID=459) to work on /home/airflow/.local/lib/python3.8/site-packages/airflow/example_dags/tutorial_taskflow_api.py
[2024-05-11T21:20:06.123+0000] {processor.py:829} INFO - Processing file /home/airflow/.local/lib/python3.8/site-packages/airflow/example_dags/tutorial_taskflow_api.py for tasks to queue
[2024-05-11T21:20:06.125+0000] {logging_mixin.py:154} INFO - [2024-05-11T21:20:06.125+0000] {dagbag.py:536} INFO - Filling up the DagBag from /home/airflow/.local/lib/python3.8/site-packages/airflow/example_dags/tutorial_taskflow_api.py
[2024-05-11T21:20:06.130+0000] {processor.py:839} INFO - DAG(s) dict_keys(['tutorial_taskflow_api']) retrieved from /home/airflow/.local/lib/python3.8/site-packages/airflow/example_dags/tutorial_taskflow_api.py
[2024-05-11T21:20:06.147+0000] {logging_mixin.py:154} INFO - [2024-05-11T21:20:06.147+0000] {dag.py:2941} INFO - Sync 1 DAGs
[2024-05-11T21:20:06.155+0000] {logging_mixin.py:154} INFO - [2024-05-11T21:20:06.155+0000] {dag.py:3722} INFO - Setting next_dagrun for tutorial_taskflow_api to None, run_after=None
[2024-05-11T21:20:06.166+0000] {processor.py:179} INFO - Processing /home/airflow/.local/lib/python3.8/site-packages/airflow/example_dags/tutorial_taskflow_api.py took 0.046 seconds
[2024-05-11T21:20:36.305+0000] {processor.py:157} INFO - Started process (PID=514) to work on /home/airflow/.local/lib/python3.8/site-packages/airflow/example_dags/tutorial_taskflow_api.py
[2024-05-11T21:20:36.307+0000] {processor.py:829} INFO - Processing file /home/airflow/.local/lib/python3.8/site-packages/airflow/example_dags/tutorial_taskflow_api.py for tasks to queue
[2024-05-11T21:20:36.309+0000] {logging_mixin.py:154} INFO - [2024-05-11T21:20:36.308+0000] {dagbag.py:536} INFO - Filling up the DagBag from /home/airflow/.local/lib/python3.8/site-packages/airflow/example_dags/tutorial_taskflow_api.py
[2024-05-11T21:20:36.314+0000] {processor.py:839} INFO - DAG(s) dict_keys(['tutorial_taskflow_api']) retrieved from /home/airflow/.local/lib/python3.8/site-packages/airflow/example_dags/tutorial_taskflow_api.py
[2024-05-11T21:20:36.330+0000] {logging_mixin.py:154} INFO - [2024-05-11T21:20:36.330+0000] {dag.py:2941} INFO - Sync 1 DAGs
[2024-05-11T21:20:36.339+0000] {logging_mixin.py:154} INFO - [2024-05-11T21:20:36.338+0000] {dag.py:3722} INFO - Setting next_dagrun for tutorial_taskflow_api to None, run_after=None
[2024-05-11T21:20:36.348+0000] {processor.py:179} INFO - Processing /home/airflow/.local/lib/python3.8/site-packages/airflow/example_dags/tutorial_taskflow_api.py took 0.046 seconds
[2024-05-11T21:21:06.387+0000] {processor.py:157} INFO - Started process (PID=569) to work on /home/airflow/.local/lib/python3.8/site-packages/airflow/example_dags/tutorial_taskflow_api.py
[2024-05-11T21:21:06.388+0000] {processor.py:829} INFO - Processing file /home/airflow/.local/lib/python3.8/site-packages/airflow/example_dags/tutorial_taskflow_api.py for tasks to queue
[2024-05-11T21:21:06.390+0000] {logging_mixin.py:154} INFO - [2024-05-11T21:21:06.390+0000] {dagbag.py:536} INFO - Filling up the DagBag from /home/airflow/.local/lib/python3.8/site-packages/airflow/example_dags/tutorial_taskflow_api.py
[2024-05-11T21:21:06.395+0000] {processor.py:839} INFO - DAG(s) dict_keys(['tutorial_taskflow_api']) retrieved from /home/airflow/.local/lib/python3.8/site-packages/airflow/example_dags/tutorial_taskflow_api.py
[2024-05-11T21:21:06.411+0000] {logging_mixin.py:154} INFO - [2024-05-11T21:21:06.410+0000] {dag.py:2941} INFO - Sync 1 DAGs
[2024-05-11T21:21:06.419+0000] {logging_mixin.py:154} INFO - [2024-05-11T21:21:06.419+0000] {dag.py:3722} INFO - Setting next_dagrun for tutorial_taskflow_api to None, run_after=None
[2024-05-11T21:21:06.430+0000] {processor.py:179} INFO - Processing /home/airflow/.local/lib/python3.8/site-packages/airflow/example_dags/tutorial_taskflow_api.py took 0.046 seconds
[2024-05-11T21:21:36.991+0000] {processor.py:157} INFO - Started process (PID=624) to work on /home/airflow/.local/lib/python3.8/site-packages/airflow/example_dags/tutorial_taskflow_api.py
[2024-05-11T21:21:36.993+0000] {processor.py:829} INFO - Processing file /home/airflow/.local/lib/python3.8/site-packages/airflow/example_dags/tutorial_taskflow_api.py for tasks to queue
[2024-05-11T21:21:36.996+0000] {logging_mixin.py:154} INFO - [2024-05-11T21:21:36.996+0000] {dagbag.py:536} INFO - Filling up the DagBag from /home/airflow/.local/lib/python3.8/site-packages/airflow/example_dags/tutorial_taskflow_api.py
[2024-05-11T21:21:37.002+0000] {processor.py:839} INFO - DAG(s) dict_keys(['tutorial_taskflow_api']) retrieved from /home/airflow/.local/lib/python3.8/site-packages/airflow/example_dags/tutorial_taskflow_api.py
[2024-05-11T21:21:37.019+0000] {logging_mixin.py:154} INFO - [2024-05-11T21:21:37.019+0000] {dag.py:2941} INFO - Sync 1 DAGs
[2024-05-11T21:21:37.028+0000] {logging_mixin.py:154} INFO - [2024-05-11T21:21:37.028+0000] {dag.py:3722} INFO - Setting next_dagrun for tutorial_taskflow_api to None, run_after=None
[2024-05-11T21:21:37.039+0000] {processor.py:179} INFO - Processing /home/airflow/.local/lib/python3.8/site-packages/airflow/example_dags/tutorial_taskflow_api.py took 0.051 seconds
[2024-05-11T21:42:09.136+0000] {processor.py:157} INFO - Started process (PID=75) to work on /home/airflow/.local/lib/python3.8/site-packages/airflow/example_dags/tutorial_taskflow_api.py
[2024-05-11T21:42:09.139+0000] {processor.py:829} INFO - Processing file /home/airflow/.local/lib/python3.8/site-packages/airflow/example_dags/tutorial_taskflow_api.py for tasks to queue
[2024-05-11T21:42:09.144+0000] {logging_mixin.py:154} INFO - [2024-05-11T21:42:09.143+0000] {dagbag.py:536} INFO - Filling up the DagBag from /home/airflow/.local/lib/python3.8/site-packages/airflow/example_dags/tutorial_taskflow_api.py
[2024-05-11T21:42:09.155+0000] {processor.py:839} INFO - DAG(s) dict_keys(['tutorial_taskflow_api']) retrieved from /home/airflow/.local/lib/python3.8/site-packages/airflow/example_dags/tutorial_taskflow_api.py
[2024-05-11T21:42:09.262+0000] {logging_mixin.py:154} INFO - [2024-05-11T21:42:09.262+0000] {manager.py:499} INFO - Created Permission View: %s
[2024-05-11T21:42:09.271+0000] {logging_mixin.py:154} INFO - [2024-05-11T21:42:09.271+0000] {manager.py:499} INFO - Created Permission View: %s
[2024-05-11T21:42:09.279+0000] {logging_mixin.py:154} INFO - [2024-05-11T21:42:09.279+0000] {manager.py:499} INFO - Created Permission View: %s
[2024-05-11T21:42:09.280+0000] {logging_mixin.py:154} INFO - [2024-05-11T21:42:09.280+0000] {dag.py:2941} INFO - Sync 1 DAGs
[2024-05-11T21:42:09.292+0000] {logging_mixin.py:154} INFO - [2024-05-11T21:42:09.292+0000] {dag.py:2963} INFO - Creating ORM DAG for tutorial_taskflow_api
[2024-05-11T21:42:09.293+0000] {logging_mixin.py:154} INFO - [2024-05-11T21:42:09.293+0000] {dag.py:3722} INFO - Setting next_dagrun for tutorial_taskflow_api to None, run_after=None
[2024-05-11T21:42:09.313+0000] {processor.py:179} INFO - Processing /home/airflow/.local/lib/python3.8/site-packages/airflow/example_dags/tutorial_taskflow_api.py took 0.181 seconds
[2024-05-11T21:42:39.967+0000] {processor.py:157} INFO - Started process (PID=130) to work on /home/airflow/.local/lib/python3.8/site-packages/airflow/example_dags/tutorial_taskflow_api.py
[2024-05-11T21:42:39.969+0000] {processor.py:829} INFO - Processing file /home/airflow/.local/lib/python3.8/site-packages/airflow/example_dags/tutorial_taskflow_api.py for tasks to queue
[2024-05-11T21:42:39.971+0000] {logging_mixin.py:154} INFO - [2024-05-11T21:42:39.971+0000] {dagbag.py:536} INFO - Filling up the DagBag from /home/airflow/.local/lib/python3.8/site-packages/airflow/example_dags/tutorial_taskflow_api.py
[2024-05-11T21:42:39.978+0000] {processor.py:839} INFO - DAG(s) dict_keys(['tutorial_taskflow_api']) retrieved from /home/airflow/.local/lib/python3.8/site-packages/airflow/example_dags/tutorial_taskflow_api.py
[2024-05-11T21:42:39.998+0000] {logging_mixin.py:154} INFO - [2024-05-11T21:42:39.997+0000] {dag.py:2941} INFO - Sync 1 DAGs
[2024-05-11T21:42:40.008+0000] {logging_mixin.py:154} INFO - [2024-05-11T21:42:40.007+0000] {dag.py:3722} INFO - Setting next_dagrun for tutorial_taskflow_api to None, run_after=None
[2024-05-11T21:42:40.027+0000] {processor.py:179} INFO - Processing /home/airflow/.local/lib/python3.8/site-packages/airflow/example_dags/tutorial_taskflow_api.py took 0.062 seconds
[2024-05-11T21:43:10.186+0000] {processor.py:157} INFO - Started process (PID=185) to work on /home/airflow/.local/lib/python3.8/site-packages/airflow/example_dags/tutorial_taskflow_api.py
[2024-05-11T21:43:10.188+0000] {processor.py:829} INFO - Processing file /home/airflow/.local/lib/python3.8/site-packages/airflow/example_dags/tutorial_taskflow_api.py for tasks to queue
[2024-05-11T21:43:10.191+0000] {logging_mixin.py:154} INFO - [2024-05-11T21:43:10.191+0000] {dagbag.py:536} INFO - Filling up the DagBag from /home/airflow/.local/lib/python3.8/site-packages/airflow/example_dags/tutorial_taskflow_api.py
[2024-05-11T21:43:10.197+0000] {processor.py:839} INFO - DAG(s) dict_keys(['tutorial_taskflow_api']) retrieved from /home/airflow/.local/lib/python3.8/site-packages/airflow/example_dags/tutorial_taskflow_api.py
[2024-05-11T21:43:10.220+0000] {logging_mixin.py:154} INFO - [2024-05-11T21:43:10.220+0000] {dag.py:2941} INFO - Sync 1 DAGs
[2024-05-11T21:43:10.231+0000] {logging_mixin.py:154} INFO - [2024-05-11T21:43:10.231+0000] {dag.py:3722} INFO - Setting next_dagrun for tutorial_taskflow_api to None, run_after=None
[2024-05-11T21:43:10.249+0000] {processor.py:179} INFO - Processing /home/airflow/.local/lib/python3.8/site-packages/airflow/example_dags/tutorial_taskflow_api.py took 0.066 seconds
[2024-05-11T21:43:40.844+0000] {processor.py:157} INFO - Started process (PID=240) to work on /home/airflow/.local/lib/python3.8/site-packages/airflow/example_dags/tutorial_taskflow_api.py
[2024-05-11T21:43:40.845+0000] {processor.py:829} INFO - Processing file /home/airflow/.local/lib/python3.8/site-packages/airflow/example_dags/tutorial_taskflow_api.py for tasks to queue
[2024-05-11T21:43:40.848+0000] {logging_mixin.py:154} INFO - [2024-05-11T21:43:40.848+0000] {dagbag.py:536} INFO - Filling up the DagBag from /home/airflow/.local/lib/python3.8/site-packages/airflow/example_dags/tutorial_taskflow_api.py
[2024-05-11T21:43:40.855+0000] {processor.py:839} INFO - DAG(s) dict_keys(['tutorial_taskflow_api']) retrieved from /home/airflow/.local/lib/python3.8/site-packages/airflow/example_dags/tutorial_taskflow_api.py
[2024-05-11T21:43:40.879+0000] {logging_mixin.py:154} INFO - [2024-05-11T21:43:40.879+0000] {dag.py:2941} INFO - Sync 1 DAGs
[2024-05-11T21:43:40.890+0000] {logging_mixin.py:154} INFO - [2024-05-11T21:43:40.890+0000] {dag.py:3722} INFO - Setting next_dagrun for tutorial_taskflow_api to None, run_after=None
[2024-05-11T21:43:40.903+0000] {processor.py:179} INFO - Processing /home/airflow/.local/lib/python3.8/site-packages/airflow/example_dags/tutorial_taskflow_api.py took 0.062 seconds
[2024-05-11T21:44:11.513+0000] {processor.py:157} INFO - Started process (PID=295) to work on /home/airflow/.local/lib/python3.8/site-packages/airflow/example_dags/tutorial_taskflow_api.py
[2024-05-11T21:44:11.515+0000] {processor.py:829} INFO - Processing file /home/airflow/.local/lib/python3.8/site-packages/airflow/example_dags/tutorial_taskflow_api.py for tasks to queue
[2024-05-11T21:44:11.517+0000] {logging_mixin.py:154} INFO - [2024-05-11T21:44:11.517+0000] {dagbag.py:536} INFO - Filling up the DagBag from /home/airflow/.local/lib/python3.8/site-packages/airflow/example_dags/tutorial_taskflow_api.py
[2024-05-11T21:44:11.523+0000] {processor.py:839} INFO - DAG(s) dict_keys(['tutorial_taskflow_api']) retrieved from /home/airflow/.local/lib/python3.8/site-packages/airflow/example_dags/tutorial_taskflow_api.py
[2024-05-11T21:44:11.546+0000] {logging_mixin.py:154} INFO - [2024-05-11T21:44:11.546+0000] {dag.py:2941} INFO - Sync 1 DAGs
[2024-05-11T21:44:11.556+0000] {logging_mixin.py:154} INFO - [2024-05-11T21:44:11.555+0000] {dag.py:3722} INFO - Setting next_dagrun for tutorial_taskflow_api to None, run_after=None
[2024-05-11T21:44:11.571+0000] {processor.py:179} INFO - Processing /home/airflow/.local/lib/python3.8/site-packages/airflow/example_dags/tutorial_taskflow_api.py took 0.061 seconds
[2024-05-11T21:44:41.959+0000] {processor.py:157} INFO - Started process (PID=350) to work on /home/airflow/.local/lib/python3.8/site-packages/airflow/example_dags/tutorial_taskflow_api.py
[2024-05-11T21:44:41.960+0000] {processor.py:829} INFO - Processing file /home/airflow/.local/lib/python3.8/site-packages/airflow/example_dags/tutorial_taskflow_api.py for tasks to queue
[2024-05-11T21:44:41.963+0000] {logging_mixin.py:154} INFO - [2024-05-11T21:44:41.963+0000] {dagbag.py:536} INFO - Filling up the DagBag from /home/airflow/.local/lib/python3.8/site-packages/airflow/example_dags/tutorial_taskflow_api.py
[2024-05-11T21:44:41.969+0000] {processor.py:839} INFO - DAG(s) dict_keys(['tutorial_taskflow_api']) retrieved from /home/airflow/.local/lib/python3.8/site-packages/airflow/example_dags/tutorial_taskflow_api.py
[2024-05-11T21:44:41.989+0000] {logging_mixin.py:154} INFO - [2024-05-11T21:44:41.988+0000] {dag.py:2941} INFO - Sync 1 DAGs
[2024-05-11T21:44:41.999+0000] {logging_mixin.py:154} INFO - [2024-05-11T21:44:41.999+0000] {dag.py:3722} INFO - Setting next_dagrun for tutorial_taskflow_api to None, run_after=None
[2024-05-11T21:44:42.013+0000] {processor.py:179} INFO - Processing /home/airflow/.local/lib/python3.8/site-packages/airflow/example_dags/tutorial_taskflow_api.py took 0.058 seconds
[2024-05-11T21:45:12.641+0000] {processor.py:157} INFO - Started process (PID=405) to work on /home/airflow/.local/lib/python3.8/site-packages/airflow/example_dags/tutorial_taskflow_api.py
[2024-05-11T21:45:12.642+0000] {processor.py:829} INFO - Processing file /home/airflow/.local/lib/python3.8/site-packages/airflow/example_dags/tutorial_taskflow_api.py for tasks to queue
[2024-05-11T21:45:12.645+0000] {logging_mixin.py:154} INFO - [2024-05-11T21:45:12.645+0000] {dagbag.py:536} INFO - Filling up the DagBag from /home/airflow/.local/lib/python3.8/site-packages/airflow/example_dags/tutorial_taskflow_api.py
[2024-05-11T21:45:12.651+0000] {processor.py:839} INFO - DAG(s) dict_keys(['tutorial_taskflow_api']) retrieved from /home/airflow/.local/lib/python3.8/site-packages/airflow/example_dags/tutorial_taskflow_api.py
[2024-05-11T21:45:12.672+0000] {logging_mixin.py:154} INFO - [2024-05-11T21:45:12.672+0000] {dag.py:2941} INFO - Sync 1 DAGs
[2024-05-11T21:45:12.681+0000] {logging_mixin.py:154} INFO - [2024-05-11T21:45:12.681+0000] {dag.py:3722} INFO - Setting next_dagrun for tutorial_taskflow_api to None, run_after=None
[2024-05-11T21:45:12.695+0000] {processor.py:179} INFO - Processing /home/airflow/.local/lib/python3.8/site-packages/airflow/example_dags/tutorial_taskflow_api.py took 0.057 seconds
[2024-05-11T21:45:43.339+0000] {processor.py:157} INFO - Started process (PID=461) to work on /home/airflow/.local/lib/python3.8/site-packages/airflow/example_dags/tutorial_taskflow_api.py
[2024-05-11T21:45:43.341+0000] {processor.py:829} INFO - Processing file /home/airflow/.local/lib/python3.8/site-packages/airflow/example_dags/tutorial_taskflow_api.py for tasks to queue
[2024-05-11T21:45:43.344+0000] {logging_mixin.py:154} INFO - [2024-05-11T21:45:43.344+0000] {dagbag.py:536} INFO - Filling up the DagBag from /home/airflow/.local/lib/python3.8/site-packages/airflow/example_dags/tutorial_taskflow_api.py
[2024-05-11T21:45:43.350+0000] {processor.py:839} INFO - DAG(s) dict_keys(['tutorial_taskflow_api']) retrieved from /home/airflow/.local/lib/python3.8/site-packages/airflow/example_dags/tutorial_taskflow_api.py
[2024-05-11T21:45:43.375+0000] {logging_mixin.py:154} INFO - [2024-05-11T21:45:43.374+0000] {dag.py:2941} INFO - Sync 1 DAGs
[2024-05-11T21:45:43.391+0000] {logging_mixin.py:154} INFO - [2024-05-11T21:45:43.390+0000] {dag.py:3722} INFO - Setting next_dagrun for tutorial_taskflow_api to None, run_after=None
[2024-05-11T21:45:43.409+0000] {processor.py:179} INFO - Processing /home/airflow/.local/lib/python3.8/site-packages/airflow/example_dags/tutorial_taskflow_api.py took 0.074 seconds
[2024-05-11T21:46:14.147+0000] {processor.py:157} INFO - Started process (PID=516) to work on /home/airflow/.local/lib/python3.8/site-packages/airflow/example_dags/tutorial_taskflow_api.py
[2024-05-11T21:46:14.150+0000] {processor.py:829} INFO - Processing file /home/airflow/.local/lib/python3.8/site-packages/airflow/example_dags/tutorial_taskflow_api.py for tasks to queue
[2024-05-11T21:46:14.152+0000] {logging_mixin.py:154} INFO - [2024-05-11T21:46:14.152+0000] {dagbag.py:536} INFO - Filling up the DagBag from /home/airflow/.local/lib/python3.8/site-packages/airflow/example_dags/tutorial_taskflow_api.py
[2024-05-11T21:46:14.163+0000] {processor.py:839} INFO - DAG(s) dict_keys(['tutorial_taskflow_api']) retrieved from /home/airflow/.local/lib/python3.8/site-packages/airflow/example_dags/tutorial_taskflow_api.py
[2024-05-11T21:46:14.187+0000] {logging_mixin.py:154} INFO - [2024-05-11T21:46:14.187+0000] {dag.py:2941} INFO - Sync 1 DAGs
[2024-05-11T21:46:14.198+0000] {logging_mixin.py:154} INFO - [2024-05-11T21:46:14.198+0000] {dag.py:3722} INFO - Setting next_dagrun for tutorial_taskflow_api to None, run_after=None
[2024-05-11T21:46:14.237+0000] {processor.py:179} INFO - Processing /home/airflow/.local/lib/python3.8/site-packages/airflow/example_dags/tutorial_taskflow_api.py took 0.094 seconds
[2024-05-11T21:46:44.582+0000] {processor.py:157} INFO - Started process (PID=571) to work on /home/airflow/.local/lib/python3.8/site-packages/airflow/example_dags/tutorial_taskflow_api.py
[2024-05-11T21:46:44.583+0000] {processor.py:829} INFO - Processing file /home/airflow/.local/lib/python3.8/site-packages/airflow/example_dags/tutorial_taskflow_api.py for tasks to queue
[2024-05-11T21:46:44.586+0000] {logging_mixin.py:154} INFO - [2024-05-11T21:46:44.586+0000] {dagbag.py:536} INFO - Filling up the DagBag from /home/airflow/.local/lib/python3.8/site-packages/airflow/example_dags/tutorial_taskflow_api.py
[2024-05-11T21:46:44.592+0000] {processor.py:839} INFO - DAG(s) dict_keys(['tutorial_taskflow_api']) retrieved from /home/airflow/.local/lib/python3.8/site-packages/airflow/example_dags/tutorial_taskflow_api.py
[2024-05-11T21:46:44.614+0000] {logging_mixin.py:154} INFO - [2024-05-11T21:46:44.613+0000] {dag.py:2941} INFO - Sync 1 DAGs
[2024-05-11T21:46:44.623+0000] {logging_mixin.py:154} INFO - [2024-05-11T21:46:44.623+0000] {dag.py:3722} INFO - Setting next_dagrun for tutorial_taskflow_api to None, run_after=None
[2024-05-11T21:46:44.637+0000] {processor.py:179} INFO - Processing /home/airflow/.local/lib/python3.8/site-packages/airflow/example_dags/tutorial_taskflow_api.py took 0.059 seconds
