[2024-05-11T21:03:21.908+0000] {processor.py:157} INFO - Started process (PID=75) to work on /home/airflow/.local/lib/python3.8/site-packages/airflow/example_dags/tutorial_dag.py
[2024-05-11T21:03:21.909+0000] {processor.py:829} INFO - Processing file /home/airflow/.local/lib/python3.8/site-packages/airflow/example_dags/tutorial_dag.py for tasks to queue
[2024-05-11T21:03:21.913+0000] {logging_mixin.py:154} INFO - [2024-05-11T21:03:21.912+0000] {dagbag.py:536} INFO - Filling up the DagBag from /home/airflow/.local/lib/python3.8/site-packages/airflow/example_dags/tutorial_dag.py
[2024-05-11T21:03:21.919+0000] {processor.py:839} INFO - DAG(s) dict_keys(['tutorial_dag']) retrieved from /home/airflow/.local/lib/python3.8/site-packages/airflow/example_dags/tutorial_dag.py
[2024-05-11T21:03:21.985+0000] {logging_mixin.py:154} INFO - [2024-05-11T21:03:21.985+0000] {manager.py:499} INFO - Created Permission View: %s
[2024-05-11T21:03:21.990+0000] {logging_mixin.py:154} INFO - [2024-05-11T21:03:21.990+0000] {manager.py:499} INFO - Created Permission View: %s
[2024-05-11T21:03:21.993+0000] {logging_mixin.py:154} INFO - [2024-05-11T21:03:21.993+0000] {manager.py:499} INFO - Created Permission View: %s
[2024-05-11T21:03:21.994+0000] {logging_mixin.py:154} INFO - [2024-05-11T21:03:21.994+0000] {dag.py:2941} INFO - Sync 1 DAGs
[2024-05-11T21:03:22.000+0000] {logging_mixin.py:154} INFO - [2024-05-11T21:03:22.000+0000] {dag.py:2963} INFO - Creating ORM DAG for tutorial_dag
[2024-05-11T21:03:22.001+0000] {logging_mixin.py:154} INFO - [2024-05-11T21:03:22.001+0000] {dag.py:3722} INFO - Setting next_dagrun for tutorial_dag to None, run_after=None
[2024-05-11T21:03:22.011+0000] {processor.py:179} INFO - Processing /home/airflow/.local/lib/python3.8/site-packages/airflow/example_dags/tutorial_dag.py took 0.106 seconds
[2024-05-11T21:03:52.509+0000] {processor.py:157} INFO - Started process (PID=130) to work on /home/airflow/.local/lib/python3.8/site-packages/airflow/example_dags/tutorial_dag.py
[2024-05-11T21:03:52.511+0000] {processor.py:829} INFO - Processing file /home/airflow/.local/lib/python3.8/site-packages/airflow/example_dags/tutorial_dag.py for tasks to queue
[2024-05-11T21:03:52.513+0000] {logging_mixin.py:154} INFO - [2024-05-11T21:03:52.512+0000] {dagbag.py:536} INFO - Filling up the DagBag from /home/airflow/.local/lib/python3.8/site-packages/airflow/example_dags/tutorial_dag.py
[2024-05-11T21:03:52.517+0000] {processor.py:839} INFO - DAG(s) dict_keys(['tutorial_dag']) retrieved from /home/airflow/.local/lib/python3.8/site-packages/airflow/example_dags/tutorial_dag.py
[2024-05-11T21:03:52.534+0000] {logging_mixin.py:154} INFO - [2024-05-11T21:03:52.534+0000] {dag.py:2941} INFO - Sync 1 DAGs
[2024-05-11T21:03:52.544+0000] {logging_mixin.py:154} INFO - [2024-05-11T21:03:52.544+0000] {dag.py:3722} INFO - Setting next_dagrun for tutorial_dag to None, run_after=None
[2024-05-11T21:03:52.557+0000] {processor.py:179} INFO - Processing /home/airflow/.local/lib/python3.8/site-packages/airflow/example_dags/tutorial_dag.py took 0.050 seconds
[2024-05-11T21:04:22.740+0000] {processor.py:157} INFO - Started process (PID=184) to work on /home/airflow/.local/lib/python3.8/site-packages/airflow/example_dags/tutorial_dag.py
[2024-05-11T21:04:22.741+0000] {processor.py:829} INFO - Processing file /home/airflow/.local/lib/python3.8/site-packages/airflow/example_dags/tutorial_dag.py for tasks to queue
[2024-05-11T21:04:22.743+0000] {logging_mixin.py:154} INFO - [2024-05-11T21:04:22.743+0000] {dagbag.py:536} INFO - Filling up the DagBag from /home/airflow/.local/lib/python3.8/site-packages/airflow/example_dags/tutorial_dag.py
[2024-05-11T21:04:22.748+0000] {processor.py:839} INFO - DAG(s) dict_keys(['tutorial_dag']) retrieved from /home/airflow/.local/lib/python3.8/site-packages/airflow/example_dags/tutorial_dag.py
[2024-05-11T21:04:22.766+0000] {logging_mixin.py:154} INFO - [2024-05-11T21:04:22.766+0000] {dag.py:2941} INFO - Sync 1 DAGs
[2024-05-11T21:04:22.775+0000] {logging_mixin.py:154} INFO - [2024-05-11T21:04:22.775+0000] {dag.py:3722} INFO - Setting next_dagrun for tutorial_dag to None, run_after=None
[2024-05-11T21:04:22.788+0000] {processor.py:179} INFO - Processing /home/airflow/.local/lib/python3.8/site-packages/airflow/example_dags/tutorial_dag.py took 0.051 seconds
[2024-05-11T21:04:53.199+0000] {processor.py:157} INFO - Started process (PID=239) to work on /home/airflow/.local/lib/python3.8/site-packages/airflow/example_dags/tutorial_dag.py
[2024-05-11T21:04:53.200+0000] {processor.py:829} INFO - Processing file /home/airflow/.local/lib/python3.8/site-packages/airflow/example_dags/tutorial_dag.py for tasks to queue
[2024-05-11T21:04:53.202+0000] {logging_mixin.py:154} INFO - [2024-05-11T21:04:53.202+0000] {dagbag.py:536} INFO - Filling up the DagBag from /home/airflow/.local/lib/python3.8/site-packages/airflow/example_dags/tutorial_dag.py
[2024-05-11T21:04:53.207+0000] {processor.py:839} INFO - DAG(s) dict_keys(['tutorial_dag']) retrieved from /home/airflow/.local/lib/python3.8/site-packages/airflow/example_dags/tutorial_dag.py
[2024-05-11T21:04:53.223+0000] {logging_mixin.py:154} INFO - [2024-05-11T21:04:53.223+0000] {dag.py:2941} INFO - Sync 1 DAGs
[2024-05-11T21:04:53.232+0000] {logging_mixin.py:154} INFO - [2024-05-11T21:04:53.232+0000] {dag.py:3722} INFO - Setting next_dagrun for tutorial_dag to None, run_after=None
[2024-05-11T21:04:53.244+0000] {processor.py:179} INFO - Processing /home/airflow/.local/lib/python3.8/site-packages/airflow/example_dags/tutorial_dag.py took 0.047 seconds
[2024-05-11T21:05:44.785+0000] {processor.py:157} INFO - Started process (PID=76) to work on /home/airflow/.local/lib/python3.8/site-packages/airflow/example_dags/tutorial_dag.py
[2024-05-11T21:05:44.788+0000] {processor.py:829} INFO - Processing file /home/airflow/.local/lib/python3.8/site-packages/airflow/example_dags/tutorial_dag.py for tasks to queue
[2024-05-11T21:05:44.790+0000] {logging_mixin.py:154} INFO - [2024-05-11T21:05:44.790+0000] {dagbag.py:536} INFO - Filling up the DagBag from /home/airflow/.local/lib/python3.8/site-packages/airflow/example_dags/tutorial_dag.py
[2024-05-11T21:05:44.795+0000] {processor.py:839} INFO - DAG(s) dict_keys(['tutorial_dag']) retrieved from /home/airflow/.local/lib/python3.8/site-packages/airflow/example_dags/tutorial_dag.py
[2024-05-11T21:05:44.808+0000] {logging_mixin.py:154} INFO - [2024-05-11T21:05:44.808+0000] {dag.py:2941} INFO - Sync 1 DAGs
[2024-05-11T21:05:44.818+0000] {logging_mixin.py:154} INFO - [2024-05-11T21:05:44.818+0000] {dag.py:3722} INFO - Setting next_dagrun for tutorial_dag to None, run_after=None
[2024-05-11T21:05:44.847+0000] {processor.py:179} INFO - Processing /home/airflow/.local/lib/python3.8/site-packages/airflow/example_dags/tutorial_dag.py took 0.065 seconds
[2024-05-11T21:06:14.886+0000] {processor.py:157} INFO - Started process (PID=131) to work on /home/airflow/.local/lib/python3.8/site-packages/airflow/example_dags/tutorial_dag.py
[2024-05-11T21:06:14.887+0000] {processor.py:829} INFO - Processing file /home/airflow/.local/lib/python3.8/site-packages/airflow/example_dags/tutorial_dag.py for tasks to queue
[2024-05-11T21:06:14.889+0000] {logging_mixin.py:154} INFO - [2024-05-11T21:06:14.889+0000] {dagbag.py:536} INFO - Filling up the DagBag from /home/airflow/.local/lib/python3.8/site-packages/airflow/example_dags/tutorial_dag.py
[2024-05-11T21:06:14.894+0000] {processor.py:839} INFO - DAG(s) dict_keys(['tutorial_dag']) retrieved from /home/airflow/.local/lib/python3.8/site-packages/airflow/example_dags/tutorial_dag.py
[2024-05-11T21:06:14.911+0000] {logging_mixin.py:154} INFO - [2024-05-11T21:06:14.910+0000] {dag.py:2941} INFO - Sync 1 DAGs
[2024-05-11T21:06:14.919+0000] {logging_mixin.py:154} INFO - [2024-05-11T21:06:14.918+0000] {dag.py:3722} INFO - Setting next_dagrun for tutorial_dag to None, run_after=None
[2024-05-11T21:06:14.932+0000] {processor.py:179} INFO - Processing /home/airflow/.local/lib/python3.8/site-packages/airflow/example_dags/tutorial_dag.py took 0.049 seconds
[2024-05-11T21:06:45.171+0000] {processor.py:157} INFO - Started process (PID=186) to work on /home/airflow/.local/lib/python3.8/site-packages/airflow/example_dags/tutorial_dag.py
[2024-05-11T21:06:45.173+0000] {processor.py:829} INFO - Processing file /home/airflow/.local/lib/python3.8/site-packages/airflow/example_dags/tutorial_dag.py for tasks to queue
[2024-05-11T21:06:45.175+0000] {logging_mixin.py:154} INFO - [2024-05-11T21:06:45.174+0000] {dagbag.py:536} INFO - Filling up the DagBag from /home/airflow/.local/lib/python3.8/site-packages/airflow/example_dags/tutorial_dag.py
[2024-05-11T21:06:45.179+0000] {processor.py:839} INFO - DAG(s) dict_keys(['tutorial_dag']) retrieved from /home/airflow/.local/lib/python3.8/site-packages/airflow/example_dags/tutorial_dag.py
[2024-05-11T21:06:45.195+0000] {logging_mixin.py:154} INFO - [2024-05-11T21:06:45.195+0000] {dag.py:2941} INFO - Sync 1 DAGs
[2024-05-11T21:06:45.204+0000] {logging_mixin.py:154} INFO - [2024-05-11T21:06:45.203+0000] {dag.py:3722} INFO - Setting next_dagrun for tutorial_dag to None, run_after=None
[2024-05-11T21:06:45.215+0000] {processor.py:179} INFO - Processing /home/airflow/.local/lib/python3.8/site-packages/airflow/example_dags/tutorial_dag.py took 0.047 seconds
[2024-05-11T21:07:15.392+0000] {processor.py:157} INFO - Started process (PID=241) to work on /home/airflow/.local/lib/python3.8/site-packages/airflow/example_dags/tutorial_dag.py
[2024-05-11T21:07:15.393+0000] {processor.py:829} INFO - Processing file /home/airflow/.local/lib/python3.8/site-packages/airflow/example_dags/tutorial_dag.py for tasks to queue
[2024-05-11T21:07:15.395+0000] {logging_mixin.py:154} INFO - [2024-05-11T21:07:15.395+0000] {dagbag.py:536} INFO - Filling up the DagBag from /home/airflow/.local/lib/python3.8/site-packages/airflow/example_dags/tutorial_dag.py
[2024-05-11T21:07:15.400+0000] {processor.py:839} INFO - DAG(s) dict_keys(['tutorial_dag']) retrieved from /home/airflow/.local/lib/python3.8/site-packages/airflow/example_dags/tutorial_dag.py
[2024-05-11T21:07:15.417+0000] {logging_mixin.py:154} INFO - [2024-05-11T21:07:15.417+0000] {dag.py:2941} INFO - Sync 1 DAGs
[2024-05-11T21:07:15.425+0000] {logging_mixin.py:154} INFO - [2024-05-11T21:07:15.425+0000] {dag.py:3722} INFO - Setting next_dagrun for tutorial_dag to None, run_after=None
[2024-05-11T21:07:15.439+0000] {processor.py:179} INFO - Processing /home/airflow/.local/lib/python3.8/site-packages/airflow/example_dags/tutorial_dag.py took 0.051 seconds
[2024-05-11T21:07:45.668+0000] {processor.py:157} INFO - Started process (PID=300) to work on /home/airflow/.local/lib/python3.8/site-packages/airflow/example_dags/tutorial_dag.py
[2024-05-11T21:07:45.669+0000] {processor.py:829} INFO - Processing file /home/airflow/.local/lib/python3.8/site-packages/airflow/example_dags/tutorial_dag.py for tasks to queue
[2024-05-11T21:07:45.671+0000] {logging_mixin.py:154} INFO - [2024-05-11T21:07:45.671+0000] {dagbag.py:536} INFO - Filling up the DagBag from /home/airflow/.local/lib/python3.8/site-packages/airflow/example_dags/tutorial_dag.py
[2024-05-11T21:07:45.675+0000] {processor.py:839} INFO - DAG(s) dict_keys(['tutorial_dag']) retrieved from /home/airflow/.local/lib/python3.8/site-packages/airflow/example_dags/tutorial_dag.py
[2024-05-11T21:07:45.692+0000] {logging_mixin.py:154} INFO - [2024-05-11T21:07:45.691+0000] {dag.py:2941} INFO - Sync 1 DAGs
[2024-05-11T21:07:45.699+0000] {logging_mixin.py:154} INFO - [2024-05-11T21:07:45.699+0000] {dag.py:3722} INFO - Setting next_dagrun for tutorial_dag to None, run_after=None
[2024-05-11T21:07:45.711+0000] {processor.py:179} INFO - Processing /home/airflow/.local/lib/python3.8/site-packages/airflow/example_dags/tutorial_dag.py took 0.047 seconds
[2024-05-11T21:08:15.901+0000] {processor.py:157} INFO - Started process (PID=355) to work on /home/airflow/.local/lib/python3.8/site-packages/airflow/example_dags/tutorial_dag.py
[2024-05-11T21:08:15.902+0000] {processor.py:829} INFO - Processing file /home/airflow/.local/lib/python3.8/site-packages/airflow/example_dags/tutorial_dag.py for tasks to queue
[2024-05-11T21:08:15.904+0000] {logging_mixin.py:154} INFO - [2024-05-11T21:08:15.904+0000] {dagbag.py:536} INFO - Filling up the DagBag from /home/airflow/.local/lib/python3.8/site-packages/airflow/example_dags/tutorial_dag.py
[2024-05-11T21:08:15.909+0000] {processor.py:839} INFO - DAG(s) dict_keys(['tutorial_dag']) retrieved from /home/airflow/.local/lib/python3.8/site-packages/airflow/example_dags/tutorial_dag.py
[2024-05-11T21:08:15.926+0000] {logging_mixin.py:154} INFO - [2024-05-11T21:08:15.926+0000] {dag.py:2941} INFO - Sync 1 DAGs
[2024-05-11T21:08:15.934+0000] {logging_mixin.py:154} INFO - [2024-05-11T21:08:15.933+0000] {dag.py:3722} INFO - Setting next_dagrun for tutorial_dag to None, run_after=None
[2024-05-11T21:08:15.945+0000] {processor.py:179} INFO - Processing /home/airflow/.local/lib/python3.8/site-packages/airflow/example_dags/tutorial_dag.py took 0.047 seconds
[2024-05-11T21:08:46.267+0000] {processor.py:157} INFO - Started process (PID=410) to work on /home/airflow/.local/lib/python3.8/site-packages/airflow/example_dags/tutorial_dag.py
[2024-05-11T21:08:46.269+0000] {processor.py:829} INFO - Processing file /home/airflow/.local/lib/python3.8/site-packages/airflow/example_dags/tutorial_dag.py for tasks to queue
[2024-05-11T21:08:46.272+0000] {logging_mixin.py:154} INFO - [2024-05-11T21:08:46.272+0000] {dagbag.py:536} INFO - Filling up the DagBag from /home/airflow/.local/lib/python3.8/site-packages/airflow/example_dags/tutorial_dag.py
[2024-05-11T21:08:46.278+0000] {processor.py:839} INFO - DAG(s) dict_keys(['tutorial_dag']) retrieved from /home/airflow/.local/lib/python3.8/site-packages/airflow/example_dags/tutorial_dag.py
[2024-05-11T21:08:46.297+0000] {logging_mixin.py:154} INFO - [2024-05-11T21:08:46.297+0000] {dag.py:2941} INFO - Sync 1 DAGs
[2024-05-11T21:08:46.305+0000] {logging_mixin.py:154} INFO - [2024-05-11T21:08:46.305+0000] {dag.py:3722} INFO - Setting next_dagrun for tutorial_dag to None, run_after=None
[2024-05-11T21:08:46.318+0000] {processor.py:179} INFO - Processing /home/airflow/.local/lib/python3.8/site-packages/airflow/example_dags/tutorial_dag.py took 0.054 seconds
[2024-05-11T21:09:16.644+0000] {processor.py:157} INFO - Started process (PID=464) to work on /home/airflow/.local/lib/python3.8/site-packages/airflow/example_dags/tutorial_dag.py
[2024-05-11T21:09:16.645+0000] {processor.py:829} INFO - Processing file /home/airflow/.local/lib/python3.8/site-packages/airflow/example_dags/tutorial_dag.py for tasks to queue
[2024-05-11T21:09:16.647+0000] {logging_mixin.py:154} INFO - [2024-05-11T21:09:16.647+0000] {dagbag.py:536} INFO - Filling up the DagBag from /home/airflow/.local/lib/python3.8/site-packages/airflow/example_dags/tutorial_dag.py
[2024-05-11T21:09:16.651+0000] {processor.py:839} INFO - DAG(s) dict_keys(['tutorial_dag']) retrieved from /home/airflow/.local/lib/python3.8/site-packages/airflow/example_dags/tutorial_dag.py
[2024-05-11T21:09:16.667+0000] {logging_mixin.py:154} INFO - [2024-05-11T21:09:16.667+0000] {dag.py:2941} INFO - Sync 1 DAGs
[2024-05-11T21:09:16.676+0000] {logging_mixin.py:154} INFO - [2024-05-11T21:09:16.676+0000] {dag.py:3722} INFO - Setting next_dagrun for tutorial_dag to None, run_after=None
[2024-05-11T21:09:16.687+0000] {processor.py:179} INFO - Processing /home/airflow/.local/lib/python3.8/site-packages/airflow/example_dags/tutorial_dag.py took 0.046 seconds
[2024-05-11T21:09:46.910+0000] {processor.py:157} INFO - Started process (PID=519) to work on /home/airflow/.local/lib/python3.8/site-packages/airflow/example_dags/tutorial_dag.py
[2024-05-11T21:09:46.911+0000] {processor.py:829} INFO - Processing file /home/airflow/.local/lib/python3.8/site-packages/airflow/example_dags/tutorial_dag.py for tasks to queue
[2024-05-11T21:09:46.913+0000] {logging_mixin.py:154} INFO - [2024-05-11T21:09:46.912+0000] {dagbag.py:536} INFO - Filling up the DagBag from /home/airflow/.local/lib/python3.8/site-packages/airflow/example_dags/tutorial_dag.py
[2024-05-11T21:09:46.917+0000] {processor.py:839} INFO - DAG(s) dict_keys(['tutorial_dag']) retrieved from /home/airflow/.local/lib/python3.8/site-packages/airflow/example_dags/tutorial_dag.py
[2024-05-11T21:09:46.932+0000] {logging_mixin.py:154} INFO - [2024-05-11T21:09:46.932+0000] {dag.py:2941} INFO - Sync 1 DAGs
[2024-05-11T21:09:46.940+0000] {logging_mixin.py:154} INFO - [2024-05-11T21:09:46.940+0000] {dag.py:3722} INFO - Setting next_dagrun for tutorial_dag to None, run_after=None
[2024-05-11T21:09:46.950+0000] {processor.py:179} INFO - Processing /home/airflow/.local/lib/python3.8/site-packages/airflow/example_dags/tutorial_dag.py took 0.044 seconds
[2024-05-11T21:10:17.155+0000] {processor.py:157} INFO - Started process (PID=573) to work on /home/airflow/.local/lib/python3.8/site-packages/airflow/example_dags/tutorial_dag.py
[2024-05-11T21:10:17.157+0000] {processor.py:829} INFO - Processing file /home/airflow/.local/lib/python3.8/site-packages/airflow/example_dags/tutorial_dag.py for tasks to queue
[2024-05-11T21:10:17.158+0000] {logging_mixin.py:154} INFO - [2024-05-11T21:10:17.158+0000] {dagbag.py:536} INFO - Filling up the DagBag from /home/airflow/.local/lib/python3.8/site-packages/airflow/example_dags/tutorial_dag.py
[2024-05-11T21:10:17.163+0000] {processor.py:839} INFO - DAG(s) dict_keys(['tutorial_dag']) retrieved from /home/airflow/.local/lib/python3.8/site-packages/airflow/example_dags/tutorial_dag.py
[2024-05-11T21:10:17.179+0000] {logging_mixin.py:154} INFO - [2024-05-11T21:10:17.179+0000] {dag.py:2941} INFO - Sync 1 DAGs
[2024-05-11T21:10:17.186+0000] {logging_mixin.py:154} INFO - [2024-05-11T21:10:17.186+0000] {dag.py:3722} INFO - Setting next_dagrun for tutorial_dag to None, run_after=None
[2024-05-11T21:10:17.200+0000] {processor.py:179} INFO - Processing /home/airflow/.local/lib/python3.8/site-packages/airflow/example_dags/tutorial_dag.py took 0.048 seconds
[2024-05-11T21:10:47.584+0000] {processor.py:157} INFO - Started process (PID=628) to work on /home/airflow/.local/lib/python3.8/site-packages/airflow/example_dags/tutorial_dag.py
[2024-05-11T21:10:47.586+0000] {processor.py:829} INFO - Processing file /home/airflow/.local/lib/python3.8/site-packages/airflow/example_dags/tutorial_dag.py for tasks to queue
[2024-05-11T21:10:47.588+0000] {logging_mixin.py:154} INFO - [2024-05-11T21:10:47.588+0000] {dagbag.py:536} INFO - Filling up the DagBag from /home/airflow/.local/lib/python3.8/site-packages/airflow/example_dags/tutorial_dag.py
[2024-05-11T21:10:47.593+0000] {processor.py:839} INFO - DAG(s) dict_keys(['tutorial_dag']) retrieved from /home/airflow/.local/lib/python3.8/site-packages/airflow/example_dags/tutorial_dag.py
[2024-05-11T21:10:47.611+0000] {logging_mixin.py:154} INFO - [2024-05-11T21:10:47.611+0000] {dag.py:2941} INFO - Sync 1 DAGs
[2024-05-11T21:10:47.620+0000] {logging_mixin.py:154} INFO - [2024-05-11T21:10:47.620+0000] {dag.py:3722} INFO - Setting next_dagrun for tutorial_dag to None, run_after=None
[2024-05-11T21:10:47.632+0000] {processor.py:179} INFO - Processing /home/airflow/.local/lib/python3.8/site-packages/airflow/example_dags/tutorial_dag.py took 0.051 seconds
[2024-05-11T21:11:17.882+0000] {processor.py:157} INFO - Started process (PID=683) to work on /home/airflow/.local/lib/python3.8/site-packages/airflow/example_dags/tutorial_dag.py
[2024-05-11T21:11:17.883+0000] {processor.py:829} INFO - Processing file /home/airflow/.local/lib/python3.8/site-packages/airflow/example_dags/tutorial_dag.py for tasks to queue
[2024-05-11T21:11:17.885+0000] {logging_mixin.py:154} INFO - [2024-05-11T21:11:17.885+0000] {dagbag.py:536} INFO - Filling up the DagBag from /home/airflow/.local/lib/python3.8/site-packages/airflow/example_dags/tutorial_dag.py
[2024-05-11T21:11:17.889+0000] {processor.py:839} INFO - DAG(s) dict_keys(['tutorial_dag']) retrieved from /home/airflow/.local/lib/python3.8/site-packages/airflow/example_dags/tutorial_dag.py
[2024-05-11T21:11:17.905+0000] {logging_mixin.py:154} INFO - [2024-05-11T21:11:17.905+0000] {dag.py:2941} INFO - Sync 1 DAGs
[2024-05-11T21:11:17.914+0000] {logging_mixin.py:154} INFO - [2024-05-11T21:11:17.914+0000] {dag.py:3722} INFO - Setting next_dagrun for tutorial_dag to None, run_after=None
[2024-05-11T21:11:17.925+0000] {processor.py:179} INFO - Processing /home/airflow/.local/lib/python3.8/site-packages/airflow/example_dags/tutorial_dag.py took 0.047 seconds
[2024-05-11T21:11:48.159+0000] {processor.py:157} INFO - Started process (PID=738) to work on /home/airflow/.local/lib/python3.8/site-packages/airflow/example_dags/tutorial_dag.py
[2024-05-11T21:11:48.161+0000] {processor.py:829} INFO - Processing file /home/airflow/.local/lib/python3.8/site-packages/airflow/example_dags/tutorial_dag.py for tasks to queue
[2024-05-11T21:11:48.162+0000] {logging_mixin.py:154} INFO - [2024-05-11T21:11:48.162+0000] {dagbag.py:536} INFO - Filling up the DagBag from /home/airflow/.local/lib/python3.8/site-packages/airflow/example_dags/tutorial_dag.py
[2024-05-11T21:11:48.167+0000] {processor.py:839} INFO - DAG(s) dict_keys(['tutorial_dag']) retrieved from /home/airflow/.local/lib/python3.8/site-packages/airflow/example_dags/tutorial_dag.py
[2024-05-11T21:11:48.183+0000] {logging_mixin.py:154} INFO - [2024-05-11T21:11:48.183+0000] {dag.py:2941} INFO - Sync 1 DAGs
[2024-05-11T21:11:48.192+0000] {logging_mixin.py:154} INFO - [2024-05-11T21:11:48.191+0000] {dag.py:3722} INFO - Setting next_dagrun for tutorial_dag to None, run_after=None
[2024-05-11T21:11:48.203+0000] {processor.py:179} INFO - Processing /home/airflow/.local/lib/python3.8/site-packages/airflow/example_dags/tutorial_dag.py took 0.046 seconds
[2024-05-11T21:12:18.511+0000] {processor.py:157} INFO - Started process (PID=794) to work on /home/airflow/.local/lib/python3.8/site-packages/airflow/example_dags/tutorial_dag.py
[2024-05-11T21:12:18.512+0000] {processor.py:829} INFO - Processing file /home/airflow/.local/lib/python3.8/site-packages/airflow/example_dags/tutorial_dag.py for tasks to queue
[2024-05-11T21:12:18.514+0000] {logging_mixin.py:154} INFO - [2024-05-11T21:12:18.514+0000] {dagbag.py:536} INFO - Filling up the DagBag from /home/airflow/.local/lib/python3.8/site-packages/airflow/example_dags/tutorial_dag.py
[2024-05-11T21:12:18.519+0000] {processor.py:839} INFO - DAG(s) dict_keys(['tutorial_dag']) retrieved from /home/airflow/.local/lib/python3.8/site-packages/airflow/example_dags/tutorial_dag.py
[2024-05-11T21:12:18.535+0000] {logging_mixin.py:154} INFO - [2024-05-11T21:12:18.535+0000] {dag.py:2941} INFO - Sync 1 DAGs
[2024-05-11T21:12:18.543+0000] {logging_mixin.py:154} INFO - [2024-05-11T21:12:18.543+0000] {dag.py:3722} INFO - Setting next_dagrun for tutorial_dag to None, run_after=None
[2024-05-11T21:12:18.559+0000] {processor.py:179} INFO - Processing /home/airflow/.local/lib/python3.8/site-packages/airflow/example_dags/tutorial_dag.py took 0.050 seconds
[2024-05-11T21:12:48.851+0000] {processor.py:157} INFO - Started process (PID=849) to work on /home/airflow/.local/lib/python3.8/site-packages/airflow/example_dags/tutorial_dag.py
[2024-05-11T21:12:48.852+0000] {processor.py:829} INFO - Processing file /home/airflow/.local/lib/python3.8/site-packages/airflow/example_dags/tutorial_dag.py for tasks to queue
[2024-05-11T21:12:48.855+0000] {logging_mixin.py:154} INFO - [2024-05-11T21:12:48.855+0000] {dagbag.py:536} INFO - Filling up the DagBag from /home/airflow/.local/lib/python3.8/site-packages/airflow/example_dags/tutorial_dag.py
[2024-05-11T21:12:48.860+0000] {processor.py:839} INFO - DAG(s) dict_keys(['tutorial_dag']) retrieved from /home/airflow/.local/lib/python3.8/site-packages/airflow/example_dags/tutorial_dag.py
[2024-05-11T21:12:48.878+0000] {logging_mixin.py:154} INFO - [2024-05-11T21:12:48.878+0000] {dag.py:2941} INFO - Sync 1 DAGs
[2024-05-11T21:12:48.887+0000] {logging_mixin.py:154} INFO - [2024-05-11T21:12:48.887+0000] {dag.py:3722} INFO - Setting next_dagrun for tutorial_dag to None, run_after=None
[2024-05-11T21:12:48.900+0000] {processor.py:179} INFO - Processing /home/airflow/.local/lib/python3.8/site-packages/airflow/example_dags/tutorial_dag.py took 0.052 seconds
[2024-05-11T21:13:19.098+0000] {processor.py:157} INFO - Started process (PID=904) to work on /home/airflow/.local/lib/python3.8/site-packages/airflow/example_dags/tutorial_dag.py
[2024-05-11T21:13:19.099+0000] {processor.py:829} INFO - Processing file /home/airflow/.local/lib/python3.8/site-packages/airflow/example_dags/tutorial_dag.py for tasks to queue
[2024-05-11T21:13:19.101+0000] {logging_mixin.py:154} INFO - [2024-05-11T21:13:19.101+0000] {dagbag.py:536} INFO - Filling up the DagBag from /home/airflow/.local/lib/python3.8/site-packages/airflow/example_dags/tutorial_dag.py
[2024-05-11T21:13:19.106+0000] {processor.py:839} INFO - DAG(s) dict_keys(['tutorial_dag']) retrieved from /home/airflow/.local/lib/python3.8/site-packages/airflow/example_dags/tutorial_dag.py
[2024-05-11T21:13:19.122+0000] {logging_mixin.py:154} INFO - [2024-05-11T21:13:19.122+0000] {dag.py:2941} INFO - Sync 1 DAGs
[2024-05-11T21:13:19.130+0000] {logging_mixin.py:154} INFO - [2024-05-11T21:13:19.130+0000] {dag.py:3722} INFO - Setting next_dagrun for tutorial_dag to None, run_after=None
[2024-05-11T21:13:19.140+0000] {processor.py:179} INFO - Processing /home/airflow/.local/lib/python3.8/site-packages/airflow/example_dags/tutorial_dag.py took 0.045 seconds
[2024-05-11T21:13:49.271+0000] {processor.py:157} INFO - Started process (PID=959) to work on /home/airflow/.local/lib/python3.8/site-packages/airflow/example_dags/tutorial_dag.py
[2024-05-11T21:13:49.272+0000] {processor.py:829} INFO - Processing file /home/airflow/.local/lib/python3.8/site-packages/airflow/example_dags/tutorial_dag.py for tasks to queue
[2024-05-11T21:13:49.277+0000] {logging_mixin.py:154} INFO - [2024-05-11T21:13:49.277+0000] {dagbag.py:536} INFO - Filling up the DagBag from /home/airflow/.local/lib/python3.8/site-packages/airflow/example_dags/tutorial_dag.py
[2024-05-11T21:13:49.282+0000] {processor.py:839} INFO - DAG(s) dict_keys(['tutorial_dag']) retrieved from /home/airflow/.local/lib/python3.8/site-packages/airflow/example_dags/tutorial_dag.py
[2024-05-11T21:13:49.298+0000] {logging_mixin.py:154} INFO - [2024-05-11T21:13:49.298+0000] {dag.py:2941} INFO - Sync 1 DAGs
[2024-05-11T21:13:49.308+0000] {logging_mixin.py:154} INFO - [2024-05-11T21:13:49.308+0000] {dag.py:3722} INFO - Setting next_dagrun for tutorial_dag to None, run_after=None
[2024-05-11T21:13:49.322+0000] {processor.py:179} INFO - Processing /home/airflow/.local/lib/python3.8/site-packages/airflow/example_dags/tutorial_dag.py took 0.054 seconds
[2024-05-11T21:14:19.530+0000] {processor.py:157} INFO - Started process (PID=1014) to work on /home/airflow/.local/lib/python3.8/site-packages/airflow/example_dags/tutorial_dag.py
[2024-05-11T21:14:19.532+0000] {processor.py:829} INFO - Processing file /home/airflow/.local/lib/python3.8/site-packages/airflow/example_dags/tutorial_dag.py for tasks to queue
[2024-05-11T21:14:19.534+0000] {logging_mixin.py:154} INFO - [2024-05-11T21:14:19.533+0000] {dagbag.py:536} INFO - Filling up the DagBag from /home/airflow/.local/lib/python3.8/site-packages/airflow/example_dags/tutorial_dag.py
[2024-05-11T21:14:19.538+0000] {processor.py:839} INFO - DAG(s) dict_keys(['tutorial_dag']) retrieved from /home/airflow/.local/lib/python3.8/site-packages/airflow/example_dags/tutorial_dag.py
[2024-05-11T21:14:19.554+0000] {logging_mixin.py:154} INFO - [2024-05-11T21:14:19.553+0000] {dag.py:2941} INFO - Sync 1 DAGs
[2024-05-11T21:14:19.561+0000] {logging_mixin.py:154} INFO - [2024-05-11T21:14:19.561+0000] {dag.py:3722} INFO - Setting next_dagrun for tutorial_dag to None, run_after=None
[2024-05-11T21:14:19.572+0000] {processor.py:179} INFO - Processing /home/airflow/.local/lib/python3.8/site-packages/airflow/example_dags/tutorial_dag.py took 0.044 seconds
[2024-05-11T21:14:49.885+0000] {processor.py:157} INFO - Started process (PID=1070) to work on /home/airflow/.local/lib/python3.8/site-packages/airflow/example_dags/tutorial_dag.py
[2024-05-11T21:14:49.886+0000] {processor.py:829} INFO - Processing file /home/airflow/.local/lib/python3.8/site-packages/airflow/example_dags/tutorial_dag.py for tasks to queue
[2024-05-11T21:14:49.889+0000] {logging_mixin.py:154} INFO - [2024-05-11T21:14:49.888+0000] {dagbag.py:536} INFO - Filling up the DagBag from /home/airflow/.local/lib/python3.8/site-packages/airflow/example_dags/tutorial_dag.py
[2024-05-11T21:14:49.895+0000] {processor.py:839} INFO - DAG(s) dict_keys(['tutorial_dag']) retrieved from /home/airflow/.local/lib/python3.8/site-packages/airflow/example_dags/tutorial_dag.py
[2024-05-11T21:14:49.932+0000] {logging_mixin.py:154} INFO - [2024-05-11T21:14:49.931+0000] {dag.py:2941} INFO - Sync 1 DAGs
[2024-05-11T21:14:49.943+0000] {logging_mixin.py:154} INFO - [2024-05-11T21:14:49.943+0000] {dag.py:3722} INFO - Setting next_dagrun for tutorial_dag to None, run_after=None
[2024-05-11T21:14:49.976+0000] {processor.py:179} INFO - Processing /home/airflow/.local/lib/python3.8/site-packages/airflow/example_dags/tutorial_dag.py took 0.093 seconds
[2024-05-11T21:16:33.954+0000] {processor.py:157} INFO - Started process (PID=76) to work on /home/airflow/.local/lib/python3.8/site-packages/airflow/example_dags/tutorial_dag.py
[2024-05-11T21:16:33.962+0000] {processor.py:829} INFO - Processing file /home/airflow/.local/lib/python3.8/site-packages/airflow/example_dags/tutorial_dag.py for tasks to queue
[2024-05-11T21:16:33.965+0000] {logging_mixin.py:154} INFO - [2024-05-11T21:16:33.965+0000] {dagbag.py:536} INFO - Filling up the DagBag from /home/airflow/.local/lib/python3.8/site-packages/airflow/example_dags/tutorial_dag.py
[2024-05-11T21:16:33.971+0000] {processor.py:839} INFO - DAG(s) dict_keys(['tutorial_dag']) retrieved from /home/airflow/.local/lib/python3.8/site-packages/airflow/example_dags/tutorial_dag.py
[2024-05-11T21:16:33.996+0000] {logging_mixin.py:154} INFO - [2024-05-11T21:16:33.996+0000] {dag.py:2941} INFO - Sync 1 DAGs
[2024-05-11T21:16:34.017+0000] {logging_mixin.py:154} INFO - [2024-05-11T21:16:34.017+0000] {dag.py:3722} INFO - Setting next_dagrun for tutorial_dag to None, run_after=None
[2024-05-11T21:16:34.066+0000] {processor.py:179} INFO - Processing /home/airflow/.local/lib/python3.8/site-packages/airflow/example_dags/tutorial_dag.py took 0.116 seconds
[2024-05-11T21:17:04.415+0000] {processor.py:157} INFO - Started process (PID=132) to work on /home/airflow/.local/lib/python3.8/site-packages/airflow/example_dags/tutorial_dag.py
[2024-05-11T21:17:04.417+0000] {processor.py:829} INFO - Processing file /home/airflow/.local/lib/python3.8/site-packages/airflow/example_dags/tutorial_dag.py for tasks to queue
[2024-05-11T21:17:04.419+0000] {logging_mixin.py:154} INFO - [2024-05-11T21:17:04.418+0000] {dagbag.py:536} INFO - Filling up the DagBag from /home/airflow/.local/lib/python3.8/site-packages/airflow/example_dags/tutorial_dag.py
[2024-05-11T21:17:04.423+0000] {processor.py:839} INFO - DAG(s) dict_keys(['tutorial_dag']) retrieved from /home/airflow/.local/lib/python3.8/site-packages/airflow/example_dags/tutorial_dag.py
[2024-05-11T21:17:04.439+0000] {logging_mixin.py:154} INFO - [2024-05-11T21:17:04.439+0000] {dag.py:2941} INFO - Sync 1 DAGs
[2024-05-11T21:17:04.447+0000] {logging_mixin.py:154} INFO - [2024-05-11T21:17:04.446+0000] {dag.py:3722} INFO - Setting next_dagrun for tutorial_dag to None, run_after=None
[2024-05-11T21:17:04.457+0000] {processor.py:179} INFO - Processing /home/airflow/.local/lib/python3.8/site-packages/airflow/example_dags/tutorial_dag.py took 0.044 seconds
[2024-05-11T21:17:34.840+0000] {processor.py:157} INFO - Started process (PID=187) to work on /home/airflow/.local/lib/python3.8/site-packages/airflow/example_dags/tutorial_dag.py
[2024-05-11T21:17:34.842+0000] {processor.py:829} INFO - Processing file /home/airflow/.local/lib/python3.8/site-packages/airflow/example_dags/tutorial_dag.py for tasks to queue
[2024-05-11T21:17:34.845+0000] {logging_mixin.py:154} INFO - [2024-05-11T21:17:34.845+0000] {dagbag.py:536} INFO - Filling up the DagBag from /home/airflow/.local/lib/python3.8/site-packages/airflow/example_dags/tutorial_dag.py
[2024-05-11T21:17:34.849+0000] {processor.py:839} INFO - DAG(s) dict_keys(['tutorial_dag']) retrieved from /home/airflow/.local/lib/python3.8/site-packages/airflow/example_dags/tutorial_dag.py
[2024-05-11T21:17:34.869+0000] {logging_mixin.py:154} INFO - [2024-05-11T21:17:34.869+0000] {dag.py:2941} INFO - Sync 1 DAGs
[2024-05-11T21:17:34.880+0000] {logging_mixin.py:154} INFO - [2024-05-11T21:17:34.880+0000] {dag.py:3722} INFO - Setting next_dagrun for tutorial_dag to None, run_after=None
[2024-05-11T21:17:34.892+0000] {processor.py:179} INFO - Processing /home/airflow/.local/lib/python3.8/site-packages/airflow/example_dags/tutorial_dag.py took 0.055 seconds
[2024-05-11T21:18:05.083+0000] {processor.py:157} INFO - Started process (PID=243) to work on /home/airflow/.local/lib/python3.8/site-packages/airflow/example_dags/tutorial_dag.py
[2024-05-11T21:18:05.084+0000] {processor.py:829} INFO - Processing file /home/airflow/.local/lib/python3.8/site-packages/airflow/example_dags/tutorial_dag.py for tasks to queue
[2024-05-11T21:18:05.086+0000] {logging_mixin.py:154} INFO - [2024-05-11T21:18:05.086+0000] {dagbag.py:536} INFO - Filling up the DagBag from /home/airflow/.local/lib/python3.8/site-packages/airflow/example_dags/tutorial_dag.py
[2024-05-11T21:18:05.090+0000] {processor.py:839} INFO - DAG(s) dict_keys(['tutorial_dag']) retrieved from /home/airflow/.local/lib/python3.8/site-packages/airflow/example_dags/tutorial_dag.py
[2024-05-11T21:18:05.106+0000] {logging_mixin.py:154} INFO - [2024-05-11T21:18:05.106+0000] {dag.py:2941} INFO - Sync 1 DAGs
[2024-05-11T21:18:05.114+0000] {logging_mixin.py:154} INFO - [2024-05-11T21:18:05.114+0000] {dag.py:3722} INFO - Setting next_dagrun for tutorial_dag to None, run_after=None
[2024-05-11T21:18:05.125+0000] {processor.py:179} INFO - Processing /home/airflow/.local/lib/python3.8/site-packages/airflow/example_dags/tutorial_dag.py took 0.045 seconds
[2024-05-11T21:18:35.273+0000] {processor.py:157} INFO - Started process (PID=298) to work on /home/airflow/.local/lib/python3.8/site-packages/airflow/example_dags/tutorial_dag.py
[2024-05-11T21:18:35.274+0000] {processor.py:829} INFO - Processing file /home/airflow/.local/lib/python3.8/site-packages/airflow/example_dags/tutorial_dag.py for tasks to queue
[2024-05-11T21:18:35.276+0000] {logging_mixin.py:154} INFO - [2024-05-11T21:18:35.276+0000] {dagbag.py:536} INFO - Filling up the DagBag from /home/airflow/.local/lib/python3.8/site-packages/airflow/example_dags/tutorial_dag.py
[2024-05-11T21:18:35.282+0000] {processor.py:839} INFO - DAG(s) dict_keys(['tutorial_dag']) retrieved from /home/airflow/.local/lib/python3.8/site-packages/airflow/example_dags/tutorial_dag.py
[2024-05-11T21:18:35.300+0000] {logging_mixin.py:154} INFO - [2024-05-11T21:18:35.300+0000] {dag.py:2941} INFO - Sync 1 DAGs
[2024-05-11T21:18:35.309+0000] {logging_mixin.py:154} INFO - [2024-05-11T21:18:35.309+0000] {dag.py:3722} INFO - Setting next_dagrun for tutorial_dag to None, run_after=None
[2024-05-11T21:18:35.321+0000] {processor.py:179} INFO - Processing /home/airflow/.local/lib/python3.8/site-packages/airflow/example_dags/tutorial_dag.py took 0.051 seconds
[2024-05-11T21:19:05.427+0000] {processor.py:157} INFO - Started process (PID=353) to work on /home/airflow/.local/lib/python3.8/site-packages/airflow/example_dags/tutorial_dag.py
[2024-05-11T21:19:05.428+0000] {processor.py:829} INFO - Processing file /home/airflow/.local/lib/python3.8/site-packages/airflow/example_dags/tutorial_dag.py for tasks to queue
[2024-05-11T21:19:05.430+0000] {logging_mixin.py:154} INFO - [2024-05-11T21:19:05.430+0000] {dagbag.py:536} INFO - Filling up the DagBag from /home/airflow/.local/lib/python3.8/site-packages/airflow/example_dags/tutorial_dag.py
[2024-05-11T21:19:05.434+0000] {processor.py:839} INFO - DAG(s) dict_keys(['tutorial_dag']) retrieved from /home/airflow/.local/lib/python3.8/site-packages/airflow/example_dags/tutorial_dag.py
[2024-05-11T21:19:05.451+0000] {logging_mixin.py:154} INFO - [2024-05-11T21:19:05.451+0000] {dag.py:2941} INFO - Sync 1 DAGs
[2024-05-11T21:19:05.461+0000] {logging_mixin.py:154} INFO - [2024-05-11T21:19:05.460+0000] {dag.py:3722} INFO - Setting next_dagrun for tutorial_dag to None, run_after=None
[2024-05-11T21:19:05.472+0000] {processor.py:179} INFO - Processing /home/airflow/.local/lib/python3.8/site-packages/airflow/example_dags/tutorial_dag.py took 0.048 seconds
[2024-05-11T21:19:35.803+0000] {processor.py:157} INFO - Started process (PID=408) to work on /home/airflow/.local/lib/python3.8/site-packages/airflow/example_dags/tutorial_dag.py
[2024-05-11T21:19:35.804+0000] {processor.py:829} INFO - Processing file /home/airflow/.local/lib/python3.8/site-packages/airflow/example_dags/tutorial_dag.py for tasks to queue
[2024-05-11T21:19:35.806+0000] {logging_mixin.py:154} INFO - [2024-05-11T21:19:35.806+0000] {dagbag.py:536} INFO - Filling up the DagBag from /home/airflow/.local/lib/python3.8/site-packages/airflow/example_dags/tutorial_dag.py
[2024-05-11T21:19:35.811+0000] {processor.py:839} INFO - DAG(s) dict_keys(['tutorial_dag']) retrieved from /home/airflow/.local/lib/python3.8/site-packages/airflow/example_dags/tutorial_dag.py
[2024-05-11T21:19:35.827+0000] {logging_mixin.py:154} INFO - [2024-05-11T21:19:35.827+0000] {dag.py:2941} INFO - Sync 1 DAGs
[2024-05-11T21:19:35.835+0000] {logging_mixin.py:154} INFO - [2024-05-11T21:19:35.835+0000] {dag.py:3722} INFO - Setting next_dagrun for tutorial_dag to None, run_after=None
[2024-05-11T21:19:35.845+0000] {processor.py:179} INFO - Processing /home/airflow/.local/lib/python3.8/site-packages/airflow/example_dags/tutorial_dag.py took 0.045 seconds
[2024-05-11T21:20:06.254+0000] {processor.py:157} INFO - Started process (PID=463) to work on /home/airflow/.local/lib/python3.8/site-packages/airflow/example_dags/tutorial_dag.py
[2024-05-11T21:20:06.255+0000] {processor.py:829} INFO - Processing file /home/airflow/.local/lib/python3.8/site-packages/airflow/example_dags/tutorial_dag.py for tasks to queue
[2024-05-11T21:20:06.257+0000] {logging_mixin.py:154} INFO - [2024-05-11T21:20:06.257+0000] {dagbag.py:536} INFO - Filling up the DagBag from /home/airflow/.local/lib/python3.8/site-packages/airflow/example_dags/tutorial_dag.py
[2024-05-11T21:20:06.261+0000] {processor.py:839} INFO - DAG(s) dict_keys(['tutorial_dag']) retrieved from /home/airflow/.local/lib/python3.8/site-packages/airflow/example_dags/tutorial_dag.py
[2024-05-11T21:20:06.277+0000] {logging_mixin.py:154} INFO - [2024-05-11T21:20:06.277+0000] {dag.py:2941} INFO - Sync 1 DAGs
[2024-05-11T21:20:06.286+0000] {logging_mixin.py:154} INFO - [2024-05-11T21:20:06.286+0000] {dag.py:3722} INFO - Setting next_dagrun for tutorial_dag to None, run_after=None
[2024-05-11T21:20:06.296+0000] {processor.py:179} INFO - Processing /home/airflow/.local/lib/python3.8/site-packages/airflow/example_dags/tutorial_dag.py took 0.045 seconds
[2024-05-11T21:20:36.436+0000] {processor.py:157} INFO - Started process (PID=518) to work on /home/airflow/.local/lib/python3.8/site-packages/airflow/example_dags/tutorial_dag.py
[2024-05-11T21:20:36.437+0000] {processor.py:829} INFO - Processing file /home/airflow/.local/lib/python3.8/site-packages/airflow/example_dags/tutorial_dag.py for tasks to queue
[2024-05-11T21:20:36.439+0000] {logging_mixin.py:154} INFO - [2024-05-11T21:20:36.439+0000] {dagbag.py:536} INFO - Filling up the DagBag from /home/airflow/.local/lib/python3.8/site-packages/airflow/example_dags/tutorial_dag.py
[2024-05-11T21:20:36.443+0000] {processor.py:839} INFO - DAG(s) dict_keys(['tutorial_dag']) retrieved from /home/airflow/.local/lib/python3.8/site-packages/airflow/example_dags/tutorial_dag.py
[2024-05-11T21:20:36.459+0000] {logging_mixin.py:154} INFO - [2024-05-11T21:20:36.459+0000] {dag.py:2941} INFO - Sync 1 DAGs
[2024-05-11T21:20:36.467+0000] {logging_mixin.py:154} INFO - [2024-05-11T21:20:36.467+0000] {dag.py:3722} INFO - Setting next_dagrun for tutorial_dag to None, run_after=None
[2024-05-11T21:20:36.478+0000] {processor.py:179} INFO - Processing /home/airflow/.local/lib/python3.8/site-packages/airflow/example_dags/tutorial_dag.py took 0.045 seconds
[2024-05-11T21:21:06.518+0000] {processor.py:157} INFO - Started process (PID=573) to work on /home/airflow/.local/lib/python3.8/site-packages/airflow/example_dags/tutorial_dag.py
[2024-05-11T21:21:06.520+0000] {processor.py:829} INFO - Processing file /home/airflow/.local/lib/python3.8/site-packages/airflow/example_dags/tutorial_dag.py for tasks to queue
[2024-05-11T21:21:06.522+0000] {logging_mixin.py:154} INFO - [2024-05-11T21:21:06.522+0000] {dagbag.py:536} INFO - Filling up the DagBag from /home/airflow/.local/lib/python3.8/site-packages/airflow/example_dags/tutorial_dag.py
[2024-05-11T21:21:06.526+0000] {processor.py:839} INFO - DAG(s) dict_keys(['tutorial_dag']) retrieved from /home/airflow/.local/lib/python3.8/site-packages/airflow/example_dags/tutorial_dag.py
[2024-05-11T21:21:06.542+0000] {logging_mixin.py:154} INFO - [2024-05-11T21:21:06.542+0000] {dag.py:2941} INFO - Sync 1 DAGs
[2024-05-11T21:21:06.550+0000] {logging_mixin.py:154} INFO - [2024-05-11T21:21:06.549+0000] {dag.py:3722} INFO - Setting next_dagrun for tutorial_dag to None, run_after=None
[2024-05-11T21:21:06.563+0000] {processor.py:179} INFO - Processing /home/airflow/.local/lib/python3.8/site-packages/airflow/example_dags/tutorial_dag.py took 0.047 seconds
[2024-05-11T21:21:37.211+0000] {processor.py:157} INFO - Started process (PID=628) to work on /home/airflow/.local/lib/python3.8/site-packages/airflow/example_dags/tutorial_dag.py
[2024-05-11T21:21:37.213+0000] {processor.py:829} INFO - Processing file /home/airflow/.local/lib/python3.8/site-packages/airflow/example_dags/tutorial_dag.py for tasks to queue
[2024-05-11T21:21:37.215+0000] {logging_mixin.py:154} INFO - [2024-05-11T21:21:37.214+0000] {dagbag.py:536} INFO - Filling up the DagBag from /home/airflow/.local/lib/python3.8/site-packages/airflow/example_dags/tutorial_dag.py
[2024-05-11T21:21:37.219+0000] {processor.py:839} INFO - DAG(s) dict_keys(['tutorial_dag']) retrieved from /home/airflow/.local/lib/python3.8/site-packages/airflow/example_dags/tutorial_dag.py
[2024-05-11T21:21:37.235+0000] {logging_mixin.py:154} INFO - [2024-05-11T21:21:37.235+0000] {dag.py:2941} INFO - Sync 1 DAGs
[2024-05-11T21:21:37.244+0000] {logging_mixin.py:154} INFO - [2024-05-11T21:21:37.244+0000] {dag.py:3722} INFO - Setting next_dagrun for tutorial_dag to None, run_after=None
[2024-05-11T21:21:37.257+0000] {processor.py:179} INFO - Processing /home/airflow/.local/lib/python3.8/site-packages/airflow/example_dags/tutorial_dag.py took 0.049 seconds
[2024-05-11T21:42:07.932+0000] {processor.py:157} INFO - Started process (PID=67) to work on /home/airflow/.local/lib/python3.8/site-packages/airflow/example_dags/tutorial_dag.py
[2024-05-11T21:42:07.935+0000] {processor.py:829} INFO - Processing file /home/airflow/.local/lib/python3.8/site-packages/airflow/example_dags/tutorial_dag.py for tasks to queue
[2024-05-11T21:42:07.938+0000] {logging_mixin.py:154} INFO - [2024-05-11T21:42:07.938+0000] {dagbag.py:536} INFO - Filling up the DagBag from /home/airflow/.local/lib/python3.8/site-packages/airflow/example_dags/tutorial_dag.py
[2024-05-11T21:42:07.946+0000] {processor.py:839} INFO - DAG(s) dict_keys(['tutorial_dag']) retrieved from /home/airflow/.local/lib/python3.8/site-packages/airflow/example_dags/tutorial_dag.py
[2024-05-11T21:42:08.128+0000] {logging_mixin.py:154} INFO - [2024-05-11T21:42:08.127+0000] {manager.py:499} INFO - Created Permission View: %s
[2024-05-11T21:42:08.185+0000] {logging_mixin.py:154} INFO - [2024-05-11T21:42:08.185+0000] {manager.py:499} INFO - Created Permission View: %s
[2024-05-11T21:42:08.204+0000] {logging_mixin.py:154} INFO - [2024-05-11T21:42:08.204+0000] {manager.py:499} INFO - Created Permission View: %s
[2024-05-11T21:42:08.206+0000] {logging_mixin.py:154} INFO - [2024-05-11T21:42:08.206+0000] {dag.py:2941} INFO - Sync 1 DAGs
[2024-05-11T21:42:08.222+0000] {logging_mixin.py:154} INFO - [2024-05-11T21:42:08.222+0000] {dag.py:2963} INFO - Creating ORM DAG for tutorial_dag
[2024-05-11T21:42:08.234+0000] {logging_mixin.py:154} INFO - [2024-05-11T21:42:08.233+0000] {dag.py:3722} INFO - Setting next_dagrun for tutorial_dag to None, run_after=None
[2024-05-11T21:42:08.261+0000] {processor.py:179} INFO - Processing /home/airflow/.local/lib/python3.8/site-packages/airflow/example_dags/tutorial_dag.py took 0.332 seconds
[2024-05-11T21:42:38.571+0000] {processor.py:157} INFO - Started process (PID=122) to work on /home/airflow/.local/lib/python3.8/site-packages/airflow/example_dags/tutorial_dag.py
[2024-05-11T21:42:38.574+0000] {processor.py:829} INFO - Processing file /home/airflow/.local/lib/python3.8/site-packages/airflow/example_dags/tutorial_dag.py for tasks to queue
[2024-05-11T21:42:38.577+0000] {logging_mixin.py:154} INFO - [2024-05-11T21:42:38.576+0000] {dagbag.py:536} INFO - Filling up the DagBag from /home/airflow/.local/lib/python3.8/site-packages/airflow/example_dags/tutorial_dag.py
[2024-05-11T21:42:38.585+0000] {processor.py:839} INFO - DAG(s) dict_keys(['tutorial_dag']) retrieved from /home/airflow/.local/lib/python3.8/site-packages/airflow/example_dags/tutorial_dag.py
[2024-05-11T21:42:38.606+0000] {logging_mixin.py:154} INFO - [2024-05-11T21:42:38.606+0000] {dag.py:2941} INFO - Sync 1 DAGs
[2024-05-11T21:42:38.615+0000] {logging_mixin.py:154} INFO - [2024-05-11T21:42:38.614+0000] {dag.py:3722} INFO - Setting next_dagrun for tutorial_dag to None, run_after=None
[2024-05-11T21:42:38.631+0000] {processor.py:179} INFO - Processing /home/airflow/.local/lib/python3.8/site-packages/airflow/example_dags/tutorial_dag.py took 0.063 seconds
[2024-05-11T21:43:08.757+0000] {processor.py:157} INFO - Started process (PID=177) to work on /home/airflow/.local/lib/python3.8/site-packages/airflow/example_dags/tutorial_dag.py
[2024-05-11T21:43:08.759+0000] {processor.py:829} INFO - Processing file /home/airflow/.local/lib/python3.8/site-packages/airflow/example_dags/tutorial_dag.py for tasks to queue
[2024-05-11T21:43:08.762+0000] {logging_mixin.py:154} INFO - [2024-05-11T21:43:08.762+0000] {dagbag.py:536} INFO - Filling up the DagBag from /home/airflow/.local/lib/python3.8/site-packages/airflow/example_dags/tutorial_dag.py
[2024-05-11T21:43:08.768+0000] {processor.py:839} INFO - DAG(s) dict_keys(['tutorial_dag']) retrieved from /home/airflow/.local/lib/python3.8/site-packages/airflow/example_dags/tutorial_dag.py
[2024-05-11T21:43:08.797+0000] {logging_mixin.py:154} INFO - [2024-05-11T21:43:08.796+0000] {dag.py:2941} INFO - Sync 1 DAGs
[2024-05-11T21:43:08.807+0000] {logging_mixin.py:154} INFO - [2024-05-11T21:43:08.807+0000] {dag.py:3722} INFO - Setting next_dagrun for tutorial_dag to None, run_after=None
[2024-05-11T21:43:08.830+0000] {processor.py:179} INFO - Processing /home/airflow/.local/lib/python3.8/site-packages/airflow/example_dags/tutorial_dag.py took 0.076 seconds
[2024-05-11T21:43:39.408+0000] {processor.py:157} INFO - Started process (PID=232) to work on /home/airflow/.local/lib/python3.8/site-packages/airflow/example_dags/tutorial_dag.py
[2024-05-11T21:43:39.410+0000] {processor.py:829} INFO - Processing file /home/airflow/.local/lib/python3.8/site-packages/airflow/example_dags/tutorial_dag.py for tasks to queue
[2024-05-11T21:43:39.413+0000] {logging_mixin.py:154} INFO - [2024-05-11T21:43:39.413+0000] {dagbag.py:536} INFO - Filling up the DagBag from /home/airflow/.local/lib/python3.8/site-packages/airflow/example_dags/tutorial_dag.py
[2024-05-11T21:43:39.419+0000] {processor.py:839} INFO - DAG(s) dict_keys(['tutorial_dag']) retrieved from /home/airflow/.local/lib/python3.8/site-packages/airflow/example_dags/tutorial_dag.py
[2024-05-11T21:43:39.445+0000] {logging_mixin.py:154} INFO - [2024-05-11T21:43:39.445+0000] {dag.py:2941} INFO - Sync 1 DAGs
[2024-05-11T21:43:39.459+0000] {logging_mixin.py:154} INFO - [2024-05-11T21:43:39.458+0000] {dag.py:3722} INFO - Setting next_dagrun for tutorial_dag to None, run_after=None
[2024-05-11T21:43:39.477+0000] {processor.py:179} INFO - Processing /home/airflow/.local/lib/python3.8/site-packages/airflow/example_dags/tutorial_dag.py took 0.074 seconds
[2024-05-11T21:44:10.081+0000] {processor.py:157} INFO - Started process (PID=287) to work on /home/airflow/.local/lib/python3.8/site-packages/airflow/example_dags/tutorial_dag.py
[2024-05-11T21:44:10.083+0000] {processor.py:829} INFO - Processing file /home/airflow/.local/lib/python3.8/site-packages/airflow/example_dags/tutorial_dag.py for tasks to queue
[2024-05-11T21:44:10.086+0000] {logging_mixin.py:154} INFO - [2024-05-11T21:44:10.085+0000] {dagbag.py:536} INFO - Filling up the DagBag from /home/airflow/.local/lib/python3.8/site-packages/airflow/example_dags/tutorial_dag.py
[2024-05-11T21:44:10.091+0000] {processor.py:839} INFO - DAG(s) dict_keys(['tutorial_dag']) retrieved from /home/airflow/.local/lib/python3.8/site-packages/airflow/example_dags/tutorial_dag.py
[2024-05-11T21:44:10.122+0000] {logging_mixin.py:154} INFO - [2024-05-11T21:44:10.121+0000] {dag.py:2941} INFO - Sync 1 DAGs
[2024-05-11T21:44:10.133+0000] {logging_mixin.py:154} INFO - [2024-05-11T21:44:10.133+0000] {dag.py:3722} INFO - Setting next_dagrun for tutorial_dag to None, run_after=None
[2024-05-11T21:44:10.150+0000] {processor.py:179} INFO - Processing /home/airflow/.local/lib/python3.8/site-packages/airflow/example_dags/tutorial_dag.py took 0.072 seconds
[2024-05-11T21:44:40.554+0000] {processor.py:157} INFO - Started process (PID=342) to work on /home/airflow/.local/lib/python3.8/site-packages/airflow/example_dags/tutorial_dag.py
[2024-05-11T21:44:40.555+0000] {processor.py:829} INFO - Processing file /home/airflow/.local/lib/python3.8/site-packages/airflow/example_dags/tutorial_dag.py for tasks to queue
[2024-05-11T21:44:40.558+0000] {logging_mixin.py:154} INFO - [2024-05-11T21:44:40.558+0000] {dagbag.py:536} INFO - Filling up the DagBag from /home/airflow/.local/lib/python3.8/site-packages/airflow/example_dags/tutorial_dag.py
[2024-05-11T21:44:40.562+0000] {processor.py:839} INFO - DAG(s) dict_keys(['tutorial_dag']) retrieved from /home/airflow/.local/lib/python3.8/site-packages/airflow/example_dags/tutorial_dag.py
[2024-05-11T21:44:40.593+0000] {logging_mixin.py:154} INFO - [2024-05-11T21:44:40.593+0000] {dag.py:2941} INFO - Sync 1 DAGs
[2024-05-11T21:44:40.604+0000] {logging_mixin.py:154} INFO - [2024-05-11T21:44:40.604+0000] {dag.py:3722} INFO - Setting next_dagrun for tutorial_dag to None, run_after=None
[2024-05-11T21:44:40.617+0000] {processor.py:179} INFO - Processing /home/airflow/.local/lib/python3.8/site-packages/airflow/example_dags/tutorial_dag.py took 0.066 seconds
[2024-05-11T21:45:11.229+0000] {processor.py:157} INFO - Started process (PID=397) to work on /home/airflow/.local/lib/python3.8/site-packages/airflow/example_dags/tutorial_dag.py
[2024-05-11T21:45:11.231+0000] {processor.py:829} INFO - Processing file /home/airflow/.local/lib/python3.8/site-packages/airflow/example_dags/tutorial_dag.py for tasks to queue
[2024-05-11T21:45:11.233+0000] {logging_mixin.py:154} INFO - [2024-05-11T21:45:11.233+0000] {dagbag.py:536} INFO - Filling up the DagBag from /home/airflow/.local/lib/python3.8/site-packages/airflow/example_dags/tutorial_dag.py
[2024-05-11T21:45:11.238+0000] {processor.py:839} INFO - DAG(s) dict_keys(['tutorial_dag']) retrieved from /home/airflow/.local/lib/python3.8/site-packages/airflow/example_dags/tutorial_dag.py
[2024-05-11T21:45:11.260+0000] {logging_mixin.py:154} INFO - [2024-05-11T21:45:11.260+0000] {dag.py:2941} INFO - Sync 1 DAGs
[2024-05-11T21:45:11.270+0000] {logging_mixin.py:154} INFO - [2024-05-11T21:45:11.270+0000] {dag.py:3722} INFO - Setting next_dagrun for tutorial_dag to None, run_after=None
[2024-05-11T21:45:11.289+0000] {processor.py:179} INFO - Processing /home/airflow/.local/lib/python3.8/site-packages/airflow/example_dags/tutorial_dag.py took 0.063 seconds
[2024-05-11T21:45:41.850+0000] {processor.py:157} INFO - Started process (PID=453) to work on /home/airflow/.local/lib/python3.8/site-packages/airflow/example_dags/tutorial_dag.py
[2024-05-11T21:45:41.852+0000] {processor.py:829} INFO - Processing file /home/airflow/.local/lib/python3.8/site-packages/airflow/example_dags/tutorial_dag.py for tasks to queue
[2024-05-11T21:45:41.855+0000] {logging_mixin.py:154} INFO - [2024-05-11T21:45:41.854+0000] {dagbag.py:536} INFO - Filling up the DagBag from /home/airflow/.local/lib/python3.8/site-packages/airflow/example_dags/tutorial_dag.py
[2024-05-11T21:45:41.862+0000] {processor.py:839} INFO - DAG(s) dict_keys(['tutorial_dag']) retrieved from /home/airflow/.local/lib/python3.8/site-packages/airflow/example_dags/tutorial_dag.py
[2024-05-11T21:45:41.906+0000] {logging_mixin.py:154} INFO - [2024-05-11T21:45:41.906+0000] {dag.py:2941} INFO - Sync 1 DAGs
[2024-05-11T21:45:41.917+0000] {logging_mixin.py:154} INFO - [2024-05-11T21:45:41.917+0000] {dag.py:3722} INFO - Setting next_dagrun for tutorial_dag to None, run_after=None
[2024-05-11T21:45:41.944+0000] {processor.py:179} INFO - Processing /home/airflow/.local/lib/python3.8/site-packages/airflow/example_dags/tutorial_dag.py took 0.097 seconds
[2024-05-11T21:46:12.617+0000] {processor.py:157} INFO - Started process (PID=508) to work on /home/airflow/.local/lib/python3.8/site-packages/airflow/example_dags/tutorial_dag.py
[2024-05-11T21:46:12.618+0000] {processor.py:829} INFO - Processing file /home/airflow/.local/lib/python3.8/site-packages/airflow/example_dags/tutorial_dag.py for tasks to queue
[2024-05-11T21:46:12.621+0000] {logging_mixin.py:154} INFO - [2024-05-11T21:46:12.621+0000] {dagbag.py:536} INFO - Filling up the DagBag from /home/airflow/.local/lib/python3.8/site-packages/airflow/example_dags/tutorial_dag.py
[2024-05-11T21:46:12.626+0000] {processor.py:839} INFO - DAG(s) dict_keys(['tutorial_dag']) retrieved from /home/airflow/.local/lib/python3.8/site-packages/airflow/example_dags/tutorial_dag.py
[2024-05-11T21:46:12.647+0000] {logging_mixin.py:154} INFO - [2024-05-11T21:46:12.647+0000] {dag.py:2941} INFO - Sync 1 DAGs
[2024-05-11T21:46:12.660+0000] {logging_mixin.py:154} INFO - [2024-05-11T21:46:12.660+0000] {dag.py:3722} INFO - Setting next_dagrun for tutorial_dag to None, run_after=None
[2024-05-11T21:46:12.676+0000] {processor.py:179} INFO - Processing /home/airflow/.local/lib/python3.8/site-packages/airflow/example_dags/tutorial_dag.py took 0.063 seconds
[2024-05-11T21:46:43.180+0000] {processor.py:157} INFO - Started process (PID=563) to work on /home/airflow/.local/lib/python3.8/site-packages/airflow/example_dags/tutorial_dag.py
[2024-05-11T21:46:43.182+0000] {processor.py:829} INFO - Processing file /home/airflow/.local/lib/python3.8/site-packages/airflow/example_dags/tutorial_dag.py for tasks to queue
[2024-05-11T21:46:43.185+0000] {logging_mixin.py:154} INFO - [2024-05-11T21:46:43.185+0000] {dagbag.py:536} INFO - Filling up the DagBag from /home/airflow/.local/lib/python3.8/site-packages/airflow/example_dags/tutorial_dag.py
[2024-05-11T21:46:43.190+0000] {processor.py:839} INFO - DAG(s) dict_keys(['tutorial_dag']) retrieved from /home/airflow/.local/lib/python3.8/site-packages/airflow/example_dags/tutorial_dag.py
[2024-05-11T21:46:43.220+0000] {logging_mixin.py:154} INFO - [2024-05-11T21:46:43.220+0000] {dag.py:2941} INFO - Sync 1 DAGs
[2024-05-11T21:46:43.231+0000] {logging_mixin.py:154} INFO - [2024-05-11T21:46:43.231+0000] {dag.py:3722} INFO - Setting next_dagrun for tutorial_dag to None, run_after=None
[2024-05-11T21:46:43.246+0000] {processor.py:179} INFO - Processing /home/airflow/.local/lib/python3.8/site-packages/airflow/example_dags/tutorial_dag.py took 0.070 seconds
