[2024-05-11T21:03:20.944+0000] {processor.py:157} INFO - Started process (PID=63) to work on /home/airflow/.local/lib/python3.8/site-packages/airflow/example_dags/tutorial.py
[2024-05-11T21:03:20.946+0000] {processor.py:829} INFO - Processing file /home/airflow/.local/lib/python3.8/site-packages/airflow/example_dags/tutorial.py for tasks to queue
[2024-05-11T21:03:20.949+0000] {logging_mixin.py:154} INFO - [2024-05-11T21:03:20.949+0000] {dagbag.py:536} INFO - Filling up the DagBag from /home/airflow/.local/lib/python3.8/site-packages/airflow/example_dags/tutorial.py
[2024-05-11T21:03:20.961+0000] {processor.py:839} INFO - DAG(s) dict_keys(['tutorial']) retrieved from /home/airflow/.local/lib/python3.8/site-packages/airflow/example_dags/tutorial.py
[2024-05-11T21:03:21.037+0000] {logging_mixin.py:154} INFO - [2024-05-11T21:03:21.037+0000] {manager.py:499} INFO - Created Permission View: %s
[2024-05-11T21:03:21.045+0000] {logging_mixin.py:154} INFO - [2024-05-11T21:03:21.045+0000] {manager.py:499} INFO - Created Permission View: %s
[2024-05-11T21:03:21.053+0000] {logging_mixin.py:154} INFO - [2024-05-11T21:03:21.052+0000] {manager.py:499} INFO - Created Permission View: %s
[2024-05-11T21:03:21.054+0000] {logging_mixin.py:154} INFO - [2024-05-11T21:03:21.054+0000] {dag.py:2941} INFO - Sync 1 DAGs
[2024-05-11T21:03:21.064+0000] {logging_mixin.py:154} INFO - [2024-05-11T21:03:21.064+0000] {dag.py:2963} INFO - Creating ORM DAG for tutorial
[2024-05-11T21:03:21.074+0000] {logging_mixin.py:154} INFO - [2024-05-11T21:03:21.074+0000] {dag.py:3722} INFO - Setting next_dagrun for tutorial to 2024-05-10T21:03:21.074477+00:00, run_after=2024-05-11T21:03:21.074477+00:00
[2024-05-11T21:03:21.092+0000] {processor.py:179} INFO - Processing /home/airflow/.local/lib/python3.8/site-packages/airflow/example_dags/tutorial.py took 0.154 seconds
[2024-05-11T21:03:51.949+0000] {processor.py:157} INFO - Started process (PID=118) to work on /home/airflow/.local/lib/python3.8/site-packages/airflow/example_dags/tutorial.py
[2024-05-11T21:03:51.951+0000] {processor.py:829} INFO - Processing file /home/airflow/.local/lib/python3.8/site-packages/airflow/example_dags/tutorial.py for tasks to queue
[2024-05-11T21:03:51.953+0000] {logging_mixin.py:154} INFO - [2024-05-11T21:03:51.953+0000] {dagbag.py:536} INFO - Filling up the DagBag from /home/airflow/.local/lib/python3.8/site-packages/airflow/example_dags/tutorial.py
[2024-05-11T21:03:51.959+0000] {processor.py:839} INFO - DAG(s) dict_keys(['tutorial']) retrieved from /home/airflow/.local/lib/python3.8/site-packages/airflow/example_dags/tutorial.py
[2024-05-11T21:03:51.986+0000] {logging_mixin.py:154} INFO - [2024-05-11T21:03:51.986+0000] {dag.py:2941} INFO - Sync 1 DAGs
[2024-05-11T21:03:52.003+0000] {logging_mixin.py:154} INFO - [2024-05-11T21:03:52.002+0000] {dag.py:3722} INFO - Setting next_dagrun for tutorial to 2024-05-10T21:03:52.002717+00:00, run_after=2024-05-11T21:03:52.002717+00:00
[2024-05-11T21:03:52.019+0000] {processor.py:179} INFO - Processing /home/airflow/.local/lib/python3.8/site-packages/airflow/example_dags/tutorial.py took 0.076 seconds
[2024-05-11T21:04:22.277+0000] {processor.py:157} INFO - Started process (PID=172) to work on /home/airflow/.local/lib/python3.8/site-packages/airflow/example_dags/tutorial.py
[2024-05-11T21:04:22.278+0000] {processor.py:829} INFO - Processing file /home/airflow/.local/lib/python3.8/site-packages/airflow/example_dags/tutorial.py for tasks to queue
[2024-05-11T21:04:22.280+0000] {logging_mixin.py:154} INFO - [2024-05-11T21:04:22.280+0000] {dagbag.py:536} INFO - Filling up the DagBag from /home/airflow/.local/lib/python3.8/site-packages/airflow/example_dags/tutorial.py
[2024-05-11T21:04:22.284+0000] {processor.py:839} INFO - DAG(s) dict_keys(['tutorial']) retrieved from /home/airflow/.local/lib/python3.8/site-packages/airflow/example_dags/tutorial.py
[2024-05-11T21:04:22.304+0000] {logging_mixin.py:154} INFO - [2024-05-11T21:04:22.304+0000] {dag.py:2941} INFO - Sync 1 DAGs
[2024-05-11T21:04:22.317+0000] {logging_mixin.py:154} INFO - [2024-05-11T21:04:22.317+0000] {dag.py:3722} INFO - Setting next_dagrun for tutorial to 2024-05-10T21:04:22.317651+00:00, run_after=2024-05-11T21:04:22.317651+00:00
[2024-05-11T21:04:22.328+0000] {processor.py:179} INFO - Processing /home/airflow/.local/lib/python3.8/site-packages/airflow/example_dags/tutorial.py took 0.054 seconds
[2024-05-11T21:04:52.679+0000] {processor.py:157} INFO - Started process (PID=227) to work on /home/airflow/.local/lib/python3.8/site-packages/airflow/example_dags/tutorial.py
[2024-05-11T21:04:52.681+0000] {processor.py:829} INFO - Processing file /home/airflow/.local/lib/python3.8/site-packages/airflow/example_dags/tutorial.py for tasks to queue
[2024-05-11T21:04:52.683+0000] {logging_mixin.py:154} INFO - [2024-05-11T21:04:52.682+0000] {dagbag.py:536} INFO - Filling up the DagBag from /home/airflow/.local/lib/python3.8/site-packages/airflow/example_dags/tutorial.py
[2024-05-11T21:04:52.689+0000] {processor.py:839} INFO - DAG(s) dict_keys(['tutorial']) retrieved from /home/airflow/.local/lib/python3.8/site-packages/airflow/example_dags/tutorial.py
[2024-05-11T21:04:52.710+0000] {logging_mixin.py:154} INFO - [2024-05-11T21:04:52.710+0000] {dag.py:2941} INFO - Sync 1 DAGs
[2024-05-11T21:04:52.724+0000] {logging_mixin.py:154} INFO - [2024-05-11T21:04:52.723+0000] {dag.py:3722} INFO - Setting next_dagrun for tutorial to 2024-05-10T21:04:52.723721+00:00, run_after=2024-05-11T21:04:52.723721+00:00
[2024-05-11T21:04:52.734+0000] {processor.py:179} INFO - Processing /home/airflow/.local/lib/python3.8/site-packages/airflow/example_dags/tutorial.py took 0.058 seconds
[2024-05-11T21:05:43.959+0000] {processor.py:157} INFO - Started process (PID=64) to work on /home/airflow/.local/lib/python3.8/site-packages/airflow/example_dags/tutorial.py
[2024-05-11T21:05:43.962+0000] {processor.py:829} INFO - Processing file /home/airflow/.local/lib/python3.8/site-packages/airflow/example_dags/tutorial.py for tasks to queue
[2024-05-11T21:05:43.974+0000] {logging_mixin.py:154} INFO - [2024-05-11T21:05:43.974+0000] {dagbag.py:536} INFO - Filling up the DagBag from /home/airflow/.local/lib/python3.8/site-packages/airflow/example_dags/tutorial.py
[2024-05-11T21:05:43.982+0000] {processor.py:839} INFO - DAG(s) dict_keys(['tutorial']) retrieved from /home/airflow/.local/lib/python3.8/site-packages/airflow/example_dags/tutorial.py
[2024-05-11T21:05:44.008+0000] {logging_mixin.py:154} INFO - [2024-05-11T21:05:44.008+0000] {dag.py:2941} INFO - Sync 1 DAGs
[2024-05-11T21:05:44.072+0000] {logging_mixin.py:154} INFO - [2024-05-11T21:05:44.071+0000] {dag.py:3722} INFO - Setting next_dagrun for tutorial to 2024-05-10T21:05:44.071614+00:00, run_after=2024-05-11T21:05:44.071614+00:00
[2024-05-11T21:05:44.102+0000] {processor.py:179} INFO - Processing /home/airflow/.local/lib/python3.8/site-packages/airflow/example_dags/tutorial.py took 0.150 seconds
[2024-05-11T21:06:14.381+0000] {processor.py:157} INFO - Started process (PID=119) to work on /home/airflow/.local/lib/python3.8/site-packages/airflow/example_dags/tutorial.py
[2024-05-11T21:06:14.382+0000] {processor.py:829} INFO - Processing file /home/airflow/.local/lib/python3.8/site-packages/airflow/example_dags/tutorial.py for tasks to queue
[2024-05-11T21:06:14.384+0000] {logging_mixin.py:154} INFO - [2024-05-11T21:06:14.384+0000] {dagbag.py:536} INFO - Filling up the DagBag from /home/airflow/.local/lib/python3.8/site-packages/airflow/example_dags/tutorial.py
[2024-05-11T21:06:14.389+0000] {processor.py:839} INFO - DAG(s) dict_keys(['tutorial']) retrieved from /home/airflow/.local/lib/python3.8/site-packages/airflow/example_dags/tutorial.py
[2024-05-11T21:06:14.406+0000] {logging_mixin.py:154} INFO - [2024-05-11T21:06:14.406+0000] {dag.py:2941} INFO - Sync 1 DAGs
[2024-05-11T21:06:14.419+0000] {logging_mixin.py:154} INFO - [2024-05-11T21:06:14.419+0000] {dag.py:3722} INFO - Setting next_dagrun for tutorial to 2024-05-10T21:06:14.419276+00:00, run_after=2024-05-11T21:06:14.419276+00:00
[2024-05-11T21:06:14.429+0000] {processor.py:179} INFO - Processing /home/airflow/.local/lib/python3.8/site-packages/airflow/example_dags/tutorial.py took 0.052 seconds
[2024-05-11T21:06:44.669+0000] {processor.py:157} INFO - Started process (PID=174) to work on /home/airflow/.local/lib/python3.8/site-packages/airflow/example_dags/tutorial.py
[2024-05-11T21:06:44.670+0000] {processor.py:829} INFO - Processing file /home/airflow/.local/lib/python3.8/site-packages/airflow/example_dags/tutorial.py for tasks to queue
[2024-05-11T21:06:44.672+0000] {logging_mixin.py:154} INFO - [2024-05-11T21:06:44.672+0000] {dagbag.py:536} INFO - Filling up the DagBag from /home/airflow/.local/lib/python3.8/site-packages/airflow/example_dags/tutorial.py
[2024-05-11T21:06:44.677+0000] {processor.py:839} INFO - DAG(s) dict_keys(['tutorial']) retrieved from /home/airflow/.local/lib/python3.8/site-packages/airflow/example_dags/tutorial.py
[2024-05-11T21:06:44.694+0000] {logging_mixin.py:154} INFO - [2024-05-11T21:06:44.693+0000] {dag.py:2941} INFO - Sync 1 DAGs
[2024-05-11T21:06:44.707+0000] {logging_mixin.py:154} INFO - [2024-05-11T21:06:44.707+0000] {dag.py:3722} INFO - Setting next_dagrun for tutorial to 2024-05-10T21:06:44.707013+00:00, run_after=2024-05-11T21:06:44.707013+00:00
[2024-05-11T21:06:44.718+0000] {processor.py:179} INFO - Processing /home/airflow/.local/lib/python3.8/site-packages/airflow/example_dags/tutorial.py took 0.052 seconds
[2024-05-11T21:07:14.949+0000] {processor.py:157} INFO - Started process (PID=229) to work on /home/airflow/.local/lib/python3.8/site-packages/airflow/example_dags/tutorial.py
[2024-05-11T21:07:14.950+0000] {processor.py:829} INFO - Processing file /home/airflow/.local/lib/python3.8/site-packages/airflow/example_dags/tutorial.py for tasks to queue
[2024-05-11T21:07:14.952+0000] {logging_mixin.py:154} INFO - [2024-05-11T21:07:14.951+0000] {dagbag.py:536} INFO - Filling up the DagBag from /home/airflow/.local/lib/python3.8/site-packages/airflow/example_dags/tutorial.py
[2024-05-11T21:07:14.956+0000] {processor.py:839} INFO - DAG(s) dict_keys(['tutorial']) retrieved from /home/airflow/.local/lib/python3.8/site-packages/airflow/example_dags/tutorial.py
[2024-05-11T21:07:14.973+0000] {logging_mixin.py:154} INFO - [2024-05-11T21:07:14.973+0000] {dag.py:2941} INFO - Sync 1 DAGs
[2024-05-11T21:07:14.986+0000] {logging_mixin.py:154} INFO - [2024-05-11T21:07:14.986+0000] {dag.py:3722} INFO - Setting next_dagrun for tutorial to 2024-05-10T21:07:14.985930+00:00, run_after=2024-05-11T21:07:14.985930+00:00
[2024-05-11T21:07:14.996+0000] {processor.py:179} INFO - Processing /home/airflow/.local/lib/python3.8/site-packages/airflow/example_dags/tutorial.py took 0.050 seconds
[2024-05-11T21:07:45.239+0000] {processor.py:157} INFO - Started process (PID=288) to work on /home/airflow/.local/lib/python3.8/site-packages/airflow/example_dags/tutorial.py
[2024-05-11T21:07:45.240+0000] {processor.py:829} INFO - Processing file /home/airflow/.local/lib/python3.8/site-packages/airflow/example_dags/tutorial.py for tasks to queue
[2024-05-11T21:07:45.242+0000] {logging_mixin.py:154} INFO - [2024-05-11T21:07:45.242+0000] {dagbag.py:536} INFO - Filling up the DagBag from /home/airflow/.local/lib/python3.8/site-packages/airflow/example_dags/tutorial.py
[2024-05-11T21:07:45.246+0000] {processor.py:839} INFO - DAG(s) dict_keys(['tutorial']) retrieved from /home/airflow/.local/lib/python3.8/site-packages/airflow/example_dags/tutorial.py
[2024-05-11T21:07:45.266+0000] {logging_mixin.py:154} INFO - [2024-05-11T21:07:45.266+0000] {dag.py:2941} INFO - Sync 1 DAGs
[2024-05-11T21:07:45.281+0000] {logging_mixin.py:154} INFO - [2024-05-11T21:07:45.281+0000] {dag.py:3722} INFO - Setting next_dagrun for tutorial to 2024-05-10T21:07:45.281248+00:00, run_after=2024-05-11T21:07:45.281248+00:00
[2024-05-11T21:07:45.291+0000] {processor.py:179} INFO - Processing /home/airflow/.local/lib/python3.8/site-packages/airflow/example_dags/tutorial.py took 0.055 seconds
[2024-05-11T21:08:15.467+0000] {processor.py:157} INFO - Started process (PID=343) to work on /home/airflow/.local/lib/python3.8/site-packages/airflow/example_dags/tutorial.py
[2024-05-11T21:08:15.468+0000] {processor.py:829} INFO - Processing file /home/airflow/.local/lib/python3.8/site-packages/airflow/example_dags/tutorial.py for tasks to queue
[2024-05-11T21:08:15.471+0000] {logging_mixin.py:154} INFO - [2024-05-11T21:08:15.470+0000] {dagbag.py:536} INFO - Filling up the DagBag from /home/airflow/.local/lib/python3.8/site-packages/airflow/example_dags/tutorial.py
[2024-05-11T21:08:15.475+0000] {processor.py:839} INFO - DAG(s) dict_keys(['tutorial']) retrieved from /home/airflow/.local/lib/python3.8/site-packages/airflow/example_dags/tutorial.py
[2024-05-11T21:08:15.492+0000] {logging_mixin.py:154} INFO - [2024-05-11T21:08:15.492+0000] {dag.py:2941} INFO - Sync 1 DAGs
[2024-05-11T21:08:15.506+0000] {logging_mixin.py:154} INFO - [2024-05-11T21:08:15.506+0000] {dag.py:3722} INFO - Setting next_dagrun for tutorial to 2024-05-10T21:08:15.506025+00:00, run_after=2024-05-11T21:08:15.506025+00:00
[2024-05-11T21:08:15.516+0000] {processor.py:179} INFO - Processing /home/airflow/.local/lib/python3.8/site-packages/airflow/example_dags/tutorial.py took 0.052 seconds
[2024-05-11T21:08:45.733+0000] {processor.py:157} INFO - Started process (PID=398) to work on /home/airflow/.local/lib/python3.8/site-packages/airflow/example_dags/tutorial.py
[2024-05-11T21:08:45.734+0000] {processor.py:829} INFO - Processing file /home/airflow/.local/lib/python3.8/site-packages/airflow/example_dags/tutorial.py for tasks to queue
[2024-05-11T21:08:45.737+0000] {logging_mixin.py:154} INFO - [2024-05-11T21:08:45.736+0000] {dagbag.py:536} INFO - Filling up the DagBag from /home/airflow/.local/lib/python3.8/site-packages/airflow/example_dags/tutorial.py
[2024-05-11T21:08:45.742+0000] {processor.py:839} INFO - DAG(s) dict_keys(['tutorial']) retrieved from /home/airflow/.local/lib/python3.8/site-packages/airflow/example_dags/tutorial.py
[2024-05-11T21:08:45.760+0000] {logging_mixin.py:154} INFO - [2024-05-11T21:08:45.760+0000] {dag.py:2941} INFO - Sync 1 DAGs
[2024-05-11T21:08:45.776+0000] {logging_mixin.py:154} INFO - [2024-05-11T21:08:45.776+0000] {dag.py:3722} INFO - Setting next_dagrun for tutorial to 2024-05-10T21:08:45.775955+00:00, run_after=2024-05-11T21:08:45.775955+00:00
[2024-05-11T21:08:45.787+0000] {processor.py:179} INFO - Processing /home/airflow/.local/lib/python3.8/site-packages/airflow/example_dags/tutorial.py took 0.057 seconds
[2024-05-11T21:09:16.205+0000] {processor.py:157} INFO - Started process (PID=452) to work on /home/airflow/.local/lib/python3.8/site-packages/airflow/example_dags/tutorial.py
[2024-05-11T21:09:16.207+0000] {processor.py:829} INFO - Processing file /home/airflow/.local/lib/python3.8/site-packages/airflow/example_dags/tutorial.py for tasks to queue
[2024-05-11T21:09:16.209+0000] {logging_mixin.py:154} INFO - [2024-05-11T21:09:16.208+0000] {dagbag.py:536} INFO - Filling up the DagBag from /home/airflow/.local/lib/python3.8/site-packages/airflow/example_dags/tutorial.py
[2024-05-11T21:09:16.213+0000] {processor.py:839} INFO - DAG(s) dict_keys(['tutorial']) retrieved from /home/airflow/.local/lib/python3.8/site-packages/airflow/example_dags/tutorial.py
[2024-05-11T21:09:16.229+0000] {logging_mixin.py:154} INFO - [2024-05-11T21:09:16.229+0000] {dag.py:2941} INFO - Sync 1 DAGs
[2024-05-11T21:09:16.242+0000] {logging_mixin.py:154} INFO - [2024-05-11T21:09:16.242+0000] {dag.py:3722} INFO - Setting next_dagrun for tutorial to 2024-05-10T21:09:16.241900+00:00, run_after=2024-05-11T21:09:16.241900+00:00
[2024-05-11T21:09:16.253+0000] {processor.py:179} INFO - Processing /home/airflow/.local/lib/python3.8/site-packages/airflow/example_dags/tutorial.py took 0.050 seconds
[2024-05-11T21:09:46.469+0000] {processor.py:157} INFO - Started process (PID=507) to work on /home/airflow/.local/lib/python3.8/site-packages/airflow/example_dags/tutorial.py
[2024-05-11T21:09:46.471+0000] {processor.py:829} INFO - Processing file /home/airflow/.local/lib/python3.8/site-packages/airflow/example_dags/tutorial.py for tasks to queue
[2024-05-11T21:09:46.473+0000] {logging_mixin.py:154} INFO - [2024-05-11T21:09:46.472+0000] {dagbag.py:536} INFO - Filling up the DagBag from /home/airflow/.local/lib/python3.8/site-packages/airflow/example_dags/tutorial.py
[2024-05-11T21:09:46.478+0000] {processor.py:839} INFO - DAG(s) dict_keys(['tutorial']) retrieved from /home/airflow/.local/lib/python3.8/site-packages/airflow/example_dags/tutorial.py
[2024-05-11T21:09:46.495+0000] {logging_mixin.py:154} INFO - [2024-05-11T21:09:46.494+0000] {dag.py:2941} INFO - Sync 1 DAGs
[2024-05-11T21:09:46.508+0000] {logging_mixin.py:154} INFO - [2024-05-11T21:09:46.508+0000] {dag.py:3722} INFO - Setting next_dagrun for tutorial to 2024-05-10T21:09:46.508634+00:00, run_after=2024-05-11T21:09:46.508634+00:00
[2024-05-11T21:09:46.519+0000] {processor.py:179} INFO - Processing /home/airflow/.local/lib/python3.8/site-packages/airflow/example_dags/tutorial.py took 0.053 seconds
[2024-05-11T21:10:16.693+0000] {processor.py:157} INFO - Started process (PID=561) to work on /home/airflow/.local/lib/python3.8/site-packages/airflow/example_dags/tutorial.py
[2024-05-11T21:10:16.695+0000] {processor.py:829} INFO - Processing file /home/airflow/.local/lib/python3.8/site-packages/airflow/example_dags/tutorial.py for tasks to queue
[2024-05-11T21:10:16.697+0000] {logging_mixin.py:154} INFO - [2024-05-11T21:10:16.697+0000] {dagbag.py:536} INFO - Filling up the DagBag from /home/airflow/.local/lib/python3.8/site-packages/airflow/example_dags/tutorial.py
[2024-05-11T21:10:16.701+0000] {processor.py:839} INFO - DAG(s) dict_keys(['tutorial']) retrieved from /home/airflow/.local/lib/python3.8/site-packages/airflow/example_dags/tutorial.py
[2024-05-11T21:10:16.718+0000] {logging_mixin.py:154} INFO - [2024-05-11T21:10:16.718+0000] {dag.py:2941} INFO - Sync 1 DAGs
[2024-05-11T21:10:16.732+0000] {logging_mixin.py:154} INFO - [2024-05-11T21:10:16.731+0000] {dag.py:3722} INFO - Setting next_dagrun for tutorial to 2024-05-10T21:10:16.731687+00:00, run_after=2024-05-11T21:10:16.731687+00:00
[2024-05-11T21:10:16.749+0000] {processor.py:179} INFO - Processing /home/airflow/.local/lib/python3.8/site-packages/airflow/example_dags/tutorial.py took 0.059 seconds
[2024-05-11T21:10:47.124+0000] {processor.py:157} INFO - Started process (PID=616) to work on /home/airflow/.local/lib/python3.8/site-packages/airflow/example_dags/tutorial.py
[2024-05-11T21:10:47.126+0000] {processor.py:829} INFO - Processing file /home/airflow/.local/lib/python3.8/site-packages/airflow/example_dags/tutorial.py for tasks to queue
[2024-05-11T21:10:47.128+0000] {logging_mixin.py:154} INFO - [2024-05-11T21:10:47.128+0000] {dagbag.py:536} INFO - Filling up the DagBag from /home/airflow/.local/lib/python3.8/site-packages/airflow/example_dags/tutorial.py
[2024-05-11T21:10:47.133+0000] {processor.py:839} INFO - DAG(s) dict_keys(['tutorial']) retrieved from /home/airflow/.local/lib/python3.8/site-packages/airflow/example_dags/tutorial.py
[2024-05-11T21:10:47.150+0000] {logging_mixin.py:154} INFO - [2024-05-11T21:10:47.150+0000] {dag.py:2941} INFO - Sync 1 DAGs
[2024-05-11T21:10:47.163+0000] {logging_mixin.py:154} INFO - [2024-05-11T21:10:47.163+0000] {dag.py:3722} INFO - Setting next_dagrun for tutorial to 2024-05-10T21:10:47.163219+00:00, run_after=2024-05-11T21:10:47.163219+00:00
[2024-05-11T21:10:47.178+0000] {processor.py:179} INFO - Processing /home/airflow/.local/lib/python3.8/site-packages/airflow/example_dags/tutorial.py took 0.058 seconds
[2024-05-11T21:11:17.387+0000] {processor.py:157} INFO - Started process (PID=671) to work on /home/airflow/.local/lib/python3.8/site-packages/airflow/example_dags/tutorial.py
[2024-05-11T21:11:17.389+0000] {processor.py:829} INFO - Processing file /home/airflow/.local/lib/python3.8/site-packages/airflow/example_dags/tutorial.py for tasks to queue
[2024-05-11T21:11:17.391+0000] {logging_mixin.py:154} INFO - [2024-05-11T21:11:17.391+0000] {dagbag.py:536} INFO - Filling up the DagBag from /home/airflow/.local/lib/python3.8/site-packages/airflow/example_dags/tutorial.py
[2024-05-11T21:11:17.396+0000] {processor.py:839} INFO - DAG(s) dict_keys(['tutorial']) retrieved from /home/airflow/.local/lib/python3.8/site-packages/airflow/example_dags/tutorial.py
[2024-05-11T21:11:17.415+0000] {logging_mixin.py:154} INFO - [2024-05-11T21:11:17.415+0000] {dag.py:2941} INFO - Sync 1 DAGs
[2024-05-11T21:11:17.429+0000] {logging_mixin.py:154} INFO - [2024-05-11T21:11:17.429+0000] {dag.py:3722} INFO - Setting next_dagrun for tutorial to 2024-05-10T21:11:17.428971+00:00, run_after=2024-05-11T21:11:17.428971+00:00
[2024-05-11T21:11:17.440+0000] {processor.py:179} INFO - Processing /home/airflow/.local/lib/python3.8/site-packages/airflow/example_dags/tutorial.py took 0.055 seconds
[2024-05-11T21:11:47.635+0000] {processor.py:157} INFO - Started process (PID=726) to work on /home/airflow/.local/lib/python3.8/site-packages/airflow/example_dags/tutorial.py
[2024-05-11T21:11:47.636+0000] {processor.py:829} INFO - Processing file /home/airflow/.local/lib/python3.8/site-packages/airflow/example_dags/tutorial.py for tasks to queue
[2024-05-11T21:11:47.638+0000] {logging_mixin.py:154} INFO - [2024-05-11T21:11:47.638+0000] {dagbag.py:536} INFO - Filling up the DagBag from /home/airflow/.local/lib/python3.8/site-packages/airflow/example_dags/tutorial.py
[2024-05-11T21:11:47.643+0000] {processor.py:839} INFO - DAG(s) dict_keys(['tutorial']) retrieved from /home/airflow/.local/lib/python3.8/site-packages/airflow/example_dags/tutorial.py
[2024-05-11T21:11:47.659+0000] {logging_mixin.py:154} INFO - [2024-05-11T21:11:47.659+0000] {dag.py:2941} INFO - Sync 1 DAGs
[2024-05-11T21:11:47.672+0000] {logging_mixin.py:154} INFO - [2024-05-11T21:11:47.672+0000] {dag.py:3722} INFO - Setting next_dagrun for tutorial to 2024-05-10T21:11:47.672012+00:00, run_after=2024-05-11T21:11:47.672012+00:00
[2024-05-11T21:11:47.683+0000] {processor.py:179} INFO - Processing /home/airflow/.local/lib/python3.8/site-packages/airflow/example_dags/tutorial.py took 0.051 seconds
[2024-05-11T21:12:17.898+0000] {processor.py:157} INFO - Started process (PID=782) to work on /home/airflow/.local/lib/python3.8/site-packages/airflow/example_dags/tutorial.py
[2024-05-11T21:12:17.899+0000] {processor.py:829} INFO - Processing file /home/airflow/.local/lib/python3.8/site-packages/airflow/example_dags/tutorial.py for tasks to queue
[2024-05-11T21:12:17.901+0000] {logging_mixin.py:154} INFO - [2024-05-11T21:12:17.900+0000] {dagbag.py:536} INFO - Filling up the DagBag from /home/airflow/.local/lib/python3.8/site-packages/airflow/example_dags/tutorial.py
[2024-05-11T21:12:17.905+0000] {processor.py:839} INFO - DAG(s) dict_keys(['tutorial']) retrieved from /home/airflow/.local/lib/python3.8/site-packages/airflow/example_dags/tutorial.py
[2024-05-11T21:12:17.922+0000] {logging_mixin.py:154} INFO - [2024-05-11T21:12:17.922+0000] {dag.py:2941} INFO - Sync 1 DAGs
[2024-05-11T21:12:17.937+0000] {logging_mixin.py:154} INFO - [2024-05-11T21:12:17.936+0000] {dag.py:3722} INFO - Setting next_dagrun for tutorial to 2024-05-10T21:12:17.936734+00:00, run_after=2024-05-11T21:12:17.936734+00:00
[2024-05-11T21:12:17.947+0000] {processor.py:179} INFO - Processing /home/airflow/.local/lib/python3.8/site-packages/airflow/example_dags/tutorial.py took 0.053 seconds
[2024-05-11T21:12:48.323+0000] {processor.py:157} INFO - Started process (PID=837) to work on /home/airflow/.local/lib/python3.8/site-packages/airflow/example_dags/tutorial.py
[2024-05-11T21:12:48.325+0000] {processor.py:829} INFO - Processing file /home/airflow/.local/lib/python3.8/site-packages/airflow/example_dags/tutorial.py for tasks to queue
[2024-05-11T21:12:48.327+0000] {logging_mixin.py:154} INFO - [2024-05-11T21:12:48.327+0000] {dagbag.py:536} INFO - Filling up the DagBag from /home/airflow/.local/lib/python3.8/site-packages/airflow/example_dags/tutorial.py
[2024-05-11T21:12:48.332+0000] {processor.py:839} INFO - DAG(s) dict_keys(['tutorial']) retrieved from /home/airflow/.local/lib/python3.8/site-packages/airflow/example_dags/tutorial.py
[2024-05-11T21:12:48.350+0000] {logging_mixin.py:154} INFO - [2024-05-11T21:12:48.349+0000] {dag.py:2941} INFO - Sync 1 DAGs
[2024-05-11T21:12:48.365+0000] {logging_mixin.py:154} INFO - [2024-05-11T21:12:48.365+0000] {dag.py:3722} INFO - Setting next_dagrun for tutorial to 2024-05-10T21:12:48.365282+00:00, run_after=2024-05-11T21:12:48.365282+00:00
[2024-05-11T21:12:48.378+0000] {processor.py:179} INFO - Processing /home/airflow/.local/lib/python3.8/site-packages/airflow/example_dags/tutorial.py took 0.058 seconds
[2024-05-11T21:13:18.655+0000] {processor.py:157} INFO - Started process (PID=892) to work on /home/airflow/.local/lib/python3.8/site-packages/airflow/example_dags/tutorial.py
[2024-05-11T21:13:18.656+0000] {processor.py:829} INFO - Processing file /home/airflow/.local/lib/python3.8/site-packages/airflow/example_dags/tutorial.py for tasks to queue
[2024-05-11T21:13:18.658+0000] {logging_mixin.py:154} INFO - [2024-05-11T21:13:18.658+0000] {dagbag.py:536} INFO - Filling up the DagBag from /home/airflow/.local/lib/python3.8/site-packages/airflow/example_dags/tutorial.py
[2024-05-11T21:13:18.664+0000] {processor.py:839} INFO - DAG(s) dict_keys(['tutorial']) retrieved from /home/airflow/.local/lib/python3.8/site-packages/airflow/example_dags/tutorial.py
[2024-05-11T21:13:18.680+0000] {logging_mixin.py:154} INFO - [2024-05-11T21:13:18.680+0000] {dag.py:2941} INFO - Sync 1 DAGs
[2024-05-11T21:13:18.695+0000] {logging_mixin.py:154} INFO - [2024-05-11T21:13:18.694+0000] {dag.py:3722} INFO - Setting next_dagrun for tutorial to 2024-05-10T21:13:18.694730+00:00, run_after=2024-05-11T21:13:18.694730+00:00
[2024-05-11T21:13:18.704+0000] {processor.py:179} INFO - Processing /home/airflow/.local/lib/python3.8/site-packages/airflow/example_dags/tutorial.py took 0.052 seconds
[2024-05-11T21:13:48.766+0000] {processor.py:157} INFO - Started process (PID=947) to work on /home/airflow/.local/lib/python3.8/site-packages/airflow/example_dags/tutorial.py
[2024-05-11T21:13:48.768+0000] {processor.py:829} INFO - Processing file /home/airflow/.local/lib/python3.8/site-packages/airflow/example_dags/tutorial.py for tasks to queue
[2024-05-11T21:13:48.770+0000] {logging_mixin.py:154} INFO - [2024-05-11T21:13:48.769+0000] {dagbag.py:536} INFO - Filling up the DagBag from /home/airflow/.local/lib/python3.8/site-packages/airflow/example_dags/tutorial.py
[2024-05-11T21:13:48.774+0000] {processor.py:839} INFO - DAG(s) dict_keys(['tutorial']) retrieved from /home/airflow/.local/lib/python3.8/site-packages/airflow/example_dags/tutorial.py
[2024-05-11T21:13:48.790+0000] {logging_mixin.py:154} INFO - [2024-05-11T21:13:48.790+0000] {dag.py:2941} INFO - Sync 1 DAGs
[2024-05-11T21:13:48.804+0000] {logging_mixin.py:154} INFO - [2024-05-11T21:13:48.804+0000] {dag.py:3722} INFO - Setting next_dagrun for tutorial to 2024-05-10T21:13:48.804514+00:00, run_after=2024-05-11T21:13:48.804514+00:00
[2024-05-11T21:13:48.814+0000] {processor.py:179} INFO - Processing /home/airflow/.local/lib/python3.8/site-packages/airflow/example_dags/tutorial.py took 0.051 seconds
[2024-05-11T21:14:19.029+0000] {processor.py:157} INFO - Started process (PID=1002) to work on /home/airflow/.local/lib/python3.8/site-packages/airflow/example_dags/tutorial.py
[2024-05-11T21:14:19.032+0000] {processor.py:829} INFO - Processing file /home/airflow/.local/lib/python3.8/site-packages/airflow/example_dags/tutorial.py for tasks to queue
[2024-05-11T21:14:19.035+0000] {logging_mixin.py:154} INFO - [2024-05-11T21:14:19.035+0000] {dagbag.py:536} INFO - Filling up the DagBag from /home/airflow/.local/lib/python3.8/site-packages/airflow/example_dags/tutorial.py
[2024-05-11T21:14:19.041+0000] {processor.py:839} INFO - DAG(s) dict_keys(['tutorial']) retrieved from /home/airflow/.local/lib/python3.8/site-packages/airflow/example_dags/tutorial.py
[2024-05-11T21:14:19.063+0000] {logging_mixin.py:154} INFO - [2024-05-11T21:14:19.063+0000] {dag.py:2941} INFO - Sync 1 DAGs
[2024-05-11T21:14:19.077+0000] {logging_mixin.py:154} INFO - [2024-05-11T21:14:19.077+0000] {dag.py:3722} INFO - Setting next_dagrun for tutorial to 2024-05-10T21:14:19.077007+00:00, run_after=2024-05-11T21:14:19.077007+00:00
[2024-05-11T21:14:19.087+0000] {processor.py:179} INFO - Processing /home/airflow/.local/lib/python3.8/site-packages/airflow/example_dags/tutorial.py took 0.060 seconds
[2024-05-11T21:14:49.402+0000] {processor.py:157} INFO - Started process (PID=1058) to work on /home/airflow/.local/lib/python3.8/site-packages/airflow/example_dags/tutorial.py
[2024-05-11T21:14:49.403+0000] {processor.py:829} INFO - Processing file /home/airflow/.local/lib/python3.8/site-packages/airflow/example_dags/tutorial.py for tasks to queue
[2024-05-11T21:14:49.405+0000] {logging_mixin.py:154} INFO - [2024-05-11T21:14:49.405+0000] {dagbag.py:536} INFO - Filling up the DagBag from /home/airflow/.local/lib/python3.8/site-packages/airflow/example_dags/tutorial.py
[2024-05-11T21:14:49.410+0000] {processor.py:839} INFO - DAG(s) dict_keys(['tutorial']) retrieved from /home/airflow/.local/lib/python3.8/site-packages/airflow/example_dags/tutorial.py
[2024-05-11T21:14:49.430+0000] {logging_mixin.py:154} INFO - [2024-05-11T21:14:49.430+0000] {dag.py:2941} INFO - Sync 1 DAGs
[2024-05-11T21:14:49.444+0000] {logging_mixin.py:154} INFO - [2024-05-11T21:14:49.444+0000] {dag.py:3722} INFO - Setting next_dagrun for tutorial to 2024-05-10T21:14:49.444245+00:00, run_after=2024-05-11T21:14:49.444245+00:00
[2024-05-11T21:14:49.461+0000] {processor.py:179} INFO - Processing /home/airflow/.local/lib/python3.8/site-packages/airflow/example_dags/tutorial.py took 0.062 seconds
[2024-05-11T21:16:33.319+0000] {processor.py:157} INFO - Started process (PID=64) to work on /home/airflow/.local/lib/python3.8/site-packages/airflow/example_dags/tutorial.py
[2024-05-11T21:16:33.322+0000] {processor.py:829} INFO - Processing file /home/airflow/.local/lib/python3.8/site-packages/airflow/example_dags/tutorial.py for tasks to queue
[2024-05-11T21:16:33.330+0000] {logging_mixin.py:154} INFO - [2024-05-11T21:16:33.330+0000] {dagbag.py:536} INFO - Filling up the DagBag from /home/airflow/.local/lib/python3.8/site-packages/airflow/example_dags/tutorial.py
[2024-05-11T21:16:33.336+0000] {processor.py:839} INFO - DAG(s) dict_keys(['tutorial']) retrieved from /home/airflow/.local/lib/python3.8/site-packages/airflow/example_dags/tutorial.py
[2024-05-11T21:16:33.349+0000] {logging_mixin.py:154} INFO - [2024-05-11T21:16:33.348+0000] {dag.py:2941} INFO - Sync 1 DAGs
[2024-05-11T21:16:33.371+0000] {logging_mixin.py:154} INFO - [2024-05-11T21:16:33.371+0000] {dag.py:3722} INFO - Setting next_dagrun for tutorial to 2024-05-10T21:16:33.371166+00:00, run_after=2024-05-11T21:16:33.371166+00:00
[2024-05-11T21:16:33.386+0000] {processor.py:179} INFO - Processing /home/airflow/.local/lib/python3.8/site-packages/airflow/example_dags/tutorial.py took 0.073 seconds
[2024-05-11T21:17:03.906+0000] {processor.py:157} INFO - Started process (PID=120) to work on /home/airflow/.local/lib/python3.8/site-packages/airflow/example_dags/tutorial.py
[2024-05-11T21:17:03.907+0000] {processor.py:829} INFO - Processing file /home/airflow/.local/lib/python3.8/site-packages/airflow/example_dags/tutorial.py for tasks to queue
[2024-05-11T21:17:03.909+0000] {logging_mixin.py:154} INFO - [2024-05-11T21:17:03.909+0000] {dagbag.py:536} INFO - Filling up the DagBag from /home/airflow/.local/lib/python3.8/site-packages/airflow/example_dags/tutorial.py
[2024-05-11T21:17:03.914+0000] {processor.py:839} INFO - DAG(s) dict_keys(['tutorial']) retrieved from /home/airflow/.local/lib/python3.8/site-packages/airflow/example_dags/tutorial.py
[2024-05-11T21:17:03.931+0000] {logging_mixin.py:154} INFO - [2024-05-11T21:17:03.931+0000] {dag.py:2941} INFO - Sync 1 DAGs
[2024-05-11T21:17:03.945+0000] {logging_mixin.py:154} INFO - [2024-05-11T21:17:03.945+0000] {dag.py:3722} INFO - Setting next_dagrun for tutorial to 2024-05-10T21:17:03.944943+00:00, run_after=2024-05-11T21:17:03.944943+00:00
[2024-05-11T21:17:03.955+0000] {processor.py:179} INFO - Processing /home/airflow/.local/lib/python3.8/site-packages/airflow/example_dags/tutorial.py took 0.052 seconds
[2024-05-11T21:17:34.262+0000] {processor.py:157} INFO - Started process (PID=175) to work on /home/airflow/.local/lib/python3.8/site-packages/airflow/example_dags/tutorial.py
[2024-05-11T21:17:34.264+0000] {processor.py:829} INFO - Processing file /home/airflow/.local/lib/python3.8/site-packages/airflow/example_dags/tutorial.py for tasks to queue
[2024-05-11T21:17:34.266+0000] {logging_mixin.py:154} INFO - [2024-05-11T21:17:34.266+0000] {dagbag.py:536} INFO - Filling up the DagBag from /home/airflow/.local/lib/python3.8/site-packages/airflow/example_dags/tutorial.py
[2024-05-11T21:17:34.271+0000] {processor.py:839} INFO - DAG(s) dict_keys(['tutorial']) retrieved from /home/airflow/.local/lib/python3.8/site-packages/airflow/example_dags/tutorial.py
[2024-05-11T21:17:34.287+0000] {logging_mixin.py:154} INFO - [2024-05-11T21:17:34.287+0000] {dag.py:2941} INFO - Sync 1 DAGs
[2024-05-11T21:17:34.299+0000] {logging_mixin.py:154} INFO - [2024-05-11T21:17:34.299+0000] {dag.py:3722} INFO - Setting next_dagrun for tutorial to 2024-05-10T21:17:34.299335+00:00, run_after=2024-05-11T21:17:34.299335+00:00
[2024-05-11T21:17:34.309+0000] {processor.py:179} INFO - Processing /home/airflow/.local/lib/python3.8/site-packages/airflow/example_dags/tutorial.py took 0.050 seconds
[2024-05-11T21:18:04.648+0000] {processor.py:157} INFO - Started process (PID=231) to work on /home/airflow/.local/lib/python3.8/site-packages/airflow/example_dags/tutorial.py
[2024-05-11T21:18:04.650+0000] {processor.py:829} INFO - Processing file /home/airflow/.local/lib/python3.8/site-packages/airflow/example_dags/tutorial.py for tasks to queue
[2024-05-11T21:18:04.652+0000] {logging_mixin.py:154} INFO - [2024-05-11T21:18:04.651+0000] {dagbag.py:536} INFO - Filling up the DagBag from /home/airflow/.local/lib/python3.8/site-packages/airflow/example_dags/tutorial.py
[2024-05-11T21:18:04.656+0000] {processor.py:839} INFO - DAG(s) dict_keys(['tutorial']) retrieved from /home/airflow/.local/lib/python3.8/site-packages/airflow/example_dags/tutorial.py
[2024-05-11T21:18:04.673+0000] {logging_mixin.py:154} INFO - [2024-05-11T21:18:04.673+0000] {dag.py:2941} INFO - Sync 1 DAGs
[2024-05-11T21:18:04.685+0000] {logging_mixin.py:154} INFO - [2024-05-11T21:18:04.685+0000] {dag.py:3722} INFO - Setting next_dagrun for tutorial to 2024-05-10T21:18:04.685586+00:00, run_after=2024-05-11T21:18:04.685586+00:00
[2024-05-11T21:18:04.695+0000] {processor.py:179} INFO - Processing /home/airflow/.local/lib/python3.8/site-packages/airflow/example_dags/tutorial.py took 0.050 seconds
[2024-05-11T21:18:34.804+0000] {processor.py:157} INFO - Started process (PID=286) to work on /home/airflow/.local/lib/python3.8/site-packages/airflow/example_dags/tutorial.py
[2024-05-11T21:18:34.806+0000] {processor.py:829} INFO - Processing file /home/airflow/.local/lib/python3.8/site-packages/airflow/example_dags/tutorial.py for tasks to queue
[2024-05-11T21:18:34.808+0000] {logging_mixin.py:154} INFO - [2024-05-11T21:18:34.807+0000] {dagbag.py:536} INFO - Filling up the DagBag from /home/airflow/.local/lib/python3.8/site-packages/airflow/example_dags/tutorial.py
[2024-05-11T21:18:34.813+0000] {processor.py:839} INFO - DAG(s) dict_keys(['tutorial']) retrieved from /home/airflow/.local/lib/python3.8/site-packages/airflow/example_dags/tutorial.py
[2024-05-11T21:18:34.829+0000] {logging_mixin.py:154} INFO - [2024-05-11T21:18:34.829+0000] {dag.py:2941} INFO - Sync 1 DAGs
[2024-05-11T21:18:34.841+0000] {logging_mixin.py:154} INFO - [2024-05-11T21:18:34.841+0000] {dag.py:3722} INFO - Setting next_dagrun for tutorial to 2024-05-10T21:18:34.841609+00:00, run_after=2024-05-11T21:18:34.841609+00:00
[2024-05-11T21:18:34.853+0000] {processor.py:179} INFO - Processing /home/airflow/.local/lib/python3.8/site-packages/airflow/example_dags/tutorial.py took 0.051 seconds
[2024-05-11T21:19:05.002+0000] {processor.py:157} INFO - Started process (PID=341) to work on /home/airflow/.local/lib/python3.8/site-packages/airflow/example_dags/tutorial.py
[2024-05-11T21:19:05.003+0000] {processor.py:829} INFO - Processing file /home/airflow/.local/lib/python3.8/site-packages/airflow/example_dags/tutorial.py for tasks to queue
[2024-05-11T21:19:05.005+0000] {logging_mixin.py:154} INFO - [2024-05-11T21:19:05.005+0000] {dagbag.py:536} INFO - Filling up the DagBag from /home/airflow/.local/lib/python3.8/site-packages/airflow/example_dags/tutorial.py
[2024-05-11T21:19:05.010+0000] {processor.py:839} INFO - DAG(s) dict_keys(['tutorial']) retrieved from /home/airflow/.local/lib/python3.8/site-packages/airflow/example_dags/tutorial.py
[2024-05-11T21:19:05.026+0000] {logging_mixin.py:154} INFO - [2024-05-11T21:19:05.026+0000] {dag.py:2941} INFO - Sync 1 DAGs
[2024-05-11T21:19:05.039+0000] {logging_mixin.py:154} INFO - [2024-05-11T21:19:05.039+0000] {dag.py:3722} INFO - Setting next_dagrun for tutorial to 2024-05-10T21:19:05.039191+00:00, run_after=2024-05-11T21:19:05.039191+00:00
[2024-05-11T21:19:05.049+0000] {processor.py:179} INFO - Processing /home/airflow/.local/lib/python3.8/site-packages/airflow/example_dags/tutorial.py took 0.049 seconds
[2024-05-11T21:19:35.380+0000] {processor.py:157} INFO - Started process (PID=396) to work on /home/airflow/.local/lib/python3.8/site-packages/airflow/example_dags/tutorial.py
[2024-05-11T21:19:35.381+0000] {processor.py:829} INFO - Processing file /home/airflow/.local/lib/python3.8/site-packages/airflow/example_dags/tutorial.py for tasks to queue
[2024-05-11T21:19:35.383+0000] {logging_mixin.py:154} INFO - [2024-05-11T21:19:35.383+0000] {dagbag.py:536} INFO - Filling up the DagBag from /home/airflow/.local/lib/python3.8/site-packages/airflow/example_dags/tutorial.py
[2024-05-11T21:19:35.388+0000] {processor.py:839} INFO - DAG(s) dict_keys(['tutorial']) retrieved from /home/airflow/.local/lib/python3.8/site-packages/airflow/example_dags/tutorial.py
[2024-05-11T21:19:35.404+0000] {logging_mixin.py:154} INFO - [2024-05-11T21:19:35.404+0000] {dag.py:2941} INFO - Sync 1 DAGs
[2024-05-11T21:19:35.416+0000] {logging_mixin.py:154} INFO - [2024-05-11T21:19:35.416+0000] {dag.py:3722} INFO - Setting next_dagrun for tutorial to 2024-05-10T21:19:35.415924+00:00, run_after=2024-05-11T21:19:35.415924+00:00
[2024-05-11T21:19:35.425+0000] {processor.py:179} INFO - Processing /home/airflow/.local/lib/python3.8/site-packages/airflow/example_dags/tutorial.py took 0.048 seconds
[2024-05-11T21:20:05.852+0000] {processor.py:157} INFO - Started process (PID=451) to work on /home/airflow/.local/lib/python3.8/site-packages/airflow/example_dags/tutorial.py
[2024-05-11T21:20:05.853+0000] {processor.py:829} INFO - Processing file /home/airflow/.local/lib/python3.8/site-packages/airflow/example_dags/tutorial.py for tasks to queue
[2024-05-11T21:20:05.855+0000] {logging_mixin.py:154} INFO - [2024-05-11T21:20:05.855+0000] {dagbag.py:536} INFO - Filling up the DagBag from /home/airflow/.local/lib/python3.8/site-packages/airflow/example_dags/tutorial.py
[2024-05-11T21:20:05.860+0000] {processor.py:839} INFO - DAG(s) dict_keys(['tutorial']) retrieved from /home/airflow/.local/lib/python3.8/site-packages/airflow/example_dags/tutorial.py
[2024-05-11T21:20:05.876+0000] {logging_mixin.py:154} INFO - [2024-05-11T21:20:05.876+0000] {dag.py:2941} INFO - Sync 1 DAGs
[2024-05-11T21:20:05.888+0000] {logging_mixin.py:154} INFO - [2024-05-11T21:20:05.888+0000] {dag.py:3722} INFO - Setting next_dagrun for tutorial to 2024-05-10T21:20:05.888519+00:00, run_after=2024-05-11T21:20:05.888519+00:00
[2024-05-11T21:20:05.899+0000] {processor.py:179} INFO - Processing /home/airflow/.local/lib/python3.8/site-packages/airflow/example_dags/tutorial.py took 0.049 seconds
[2024-05-11T21:20:35.970+0000] {processor.py:157} INFO - Started process (PID=506) to work on /home/airflow/.local/lib/python3.8/site-packages/airflow/example_dags/tutorial.py
[2024-05-11T21:20:35.971+0000] {processor.py:829} INFO - Processing file /home/airflow/.local/lib/python3.8/site-packages/airflow/example_dags/tutorial.py for tasks to queue
[2024-05-11T21:20:35.973+0000] {logging_mixin.py:154} INFO - [2024-05-11T21:20:35.973+0000] {dagbag.py:536} INFO - Filling up the DagBag from /home/airflow/.local/lib/python3.8/site-packages/airflow/example_dags/tutorial.py
[2024-05-11T21:20:35.977+0000] {processor.py:839} INFO - DAG(s) dict_keys(['tutorial']) retrieved from /home/airflow/.local/lib/python3.8/site-packages/airflow/example_dags/tutorial.py
[2024-05-11T21:20:35.994+0000] {logging_mixin.py:154} INFO - [2024-05-11T21:20:35.994+0000] {dag.py:2941} INFO - Sync 1 DAGs
[2024-05-11T21:20:36.006+0000] {logging_mixin.py:154} INFO - [2024-05-11T21:20:36.006+0000] {dag.py:3722} INFO - Setting next_dagrun for tutorial to 2024-05-10T21:20:36.006072+00:00, run_after=2024-05-11T21:20:36.006072+00:00
[2024-05-11T21:20:36.016+0000] {processor.py:179} INFO - Processing /home/airflow/.local/lib/python3.8/site-packages/airflow/example_dags/tutorial.py took 0.049 seconds
[2024-05-11T21:21:06.114+0000] {processor.py:157} INFO - Started process (PID=561) to work on /home/airflow/.local/lib/python3.8/site-packages/airflow/example_dags/tutorial.py
[2024-05-11T21:21:06.115+0000] {processor.py:829} INFO - Processing file /home/airflow/.local/lib/python3.8/site-packages/airflow/example_dags/tutorial.py for tasks to queue
[2024-05-11T21:21:06.117+0000] {logging_mixin.py:154} INFO - [2024-05-11T21:21:06.117+0000] {dagbag.py:536} INFO - Filling up the DagBag from /home/airflow/.local/lib/python3.8/site-packages/airflow/example_dags/tutorial.py
[2024-05-11T21:21:06.122+0000] {processor.py:839} INFO - DAG(s) dict_keys(['tutorial']) retrieved from /home/airflow/.local/lib/python3.8/site-packages/airflow/example_dags/tutorial.py
[2024-05-11T21:21:06.139+0000] {logging_mixin.py:154} INFO - [2024-05-11T21:21:06.139+0000] {dag.py:2941} INFO - Sync 1 DAGs
[2024-05-11T21:21:06.151+0000] {logging_mixin.py:154} INFO - [2024-05-11T21:21:06.151+0000] {dag.py:3722} INFO - Setting next_dagrun for tutorial to 2024-05-10T21:21:06.151339+00:00, run_after=2024-05-11T21:21:06.151339+00:00
[2024-05-11T21:21:06.161+0000] {processor.py:179} INFO - Processing /home/airflow/.local/lib/python3.8/site-packages/airflow/example_dags/tutorial.py took 0.049 seconds
[2024-05-11T21:21:36.640+0000] {processor.py:157} INFO - Started process (PID=616) to work on /home/airflow/.local/lib/python3.8/site-packages/airflow/example_dags/tutorial.py
[2024-05-11T21:21:36.641+0000] {processor.py:829} INFO - Processing file /home/airflow/.local/lib/python3.8/site-packages/airflow/example_dags/tutorial.py for tasks to queue
[2024-05-11T21:21:36.643+0000] {logging_mixin.py:154} INFO - [2024-05-11T21:21:36.643+0000] {dagbag.py:536} INFO - Filling up the DagBag from /home/airflow/.local/lib/python3.8/site-packages/airflow/example_dags/tutorial.py
[2024-05-11T21:21:36.647+0000] {processor.py:839} INFO - DAG(s) dict_keys(['tutorial']) retrieved from /home/airflow/.local/lib/python3.8/site-packages/airflow/example_dags/tutorial.py
[2024-05-11T21:21:36.664+0000] {logging_mixin.py:154} INFO - [2024-05-11T21:21:36.663+0000] {dag.py:2941} INFO - Sync 1 DAGs
[2024-05-11T21:21:36.678+0000] {logging_mixin.py:154} INFO - [2024-05-11T21:21:36.678+0000] {dag.py:3722} INFO - Setting next_dagrun for tutorial to 2024-05-10T21:21:36.678046+00:00, run_after=2024-05-11T21:21:36.678046+00:00
[2024-05-11T21:21:36.689+0000] {processor.py:179} INFO - Processing /home/airflow/.local/lib/python3.8/site-packages/airflow/example_dags/tutorial.py took 0.052 seconds
[2024-05-11T21:42:08.888+0000] {processor.py:157} INFO - Started process (PID=73) to work on /home/airflow/.local/lib/python3.8/site-packages/airflow/example_dags/tutorial.py
[2024-05-11T21:42:08.894+0000] {processor.py:829} INFO - Processing file /home/airflow/.local/lib/python3.8/site-packages/airflow/example_dags/tutorial.py for tasks to queue
[2024-05-11T21:42:08.899+0000] {logging_mixin.py:154} INFO - [2024-05-11T21:42:08.899+0000] {dagbag.py:536} INFO - Filling up the DagBag from /home/airflow/.local/lib/python3.8/site-packages/airflow/example_dags/tutorial.py
[2024-05-11T21:42:08.910+0000] {processor.py:839} INFO - DAG(s) dict_keys(['tutorial']) retrieved from /home/airflow/.local/lib/python3.8/site-packages/airflow/example_dags/tutorial.py
[2024-05-11T21:42:09.017+0000] {logging_mixin.py:154} INFO - [2024-05-11T21:42:09.016+0000] {manager.py:499} INFO - Created Permission View: %s
[2024-05-11T21:42:09.028+0000] {logging_mixin.py:154} INFO - [2024-05-11T21:42:09.027+0000] {manager.py:499} INFO - Created Permission View: %s
[2024-05-11T21:42:09.036+0000] {logging_mixin.py:154} INFO - [2024-05-11T21:42:09.036+0000] {manager.py:499} INFO - Created Permission View: %s
[2024-05-11T21:42:09.037+0000] {logging_mixin.py:154} INFO - [2024-05-11T21:42:09.037+0000] {dag.py:2941} INFO - Sync 1 DAGs
[2024-05-11T21:42:09.053+0000] {logging_mixin.py:154} INFO - [2024-05-11T21:42:09.053+0000] {dag.py:2963} INFO - Creating ORM DAG for tutorial
[2024-05-11T21:42:09.065+0000] {logging_mixin.py:154} INFO - [2024-05-11T21:42:09.065+0000] {dag.py:3722} INFO - Setting next_dagrun for tutorial to 2024-05-10T21:42:09.064878+00:00, run_after=2024-05-11T21:42:09.064878+00:00
[2024-05-11T21:42:09.087+0000] {processor.py:179} INFO - Processing /home/airflow/.local/lib/python3.8/site-packages/airflow/example_dags/tutorial.py took 0.204 seconds
[2024-05-11T21:42:39.877+0000] {processor.py:157} INFO - Started process (PID=128) to work on /home/airflow/.local/lib/python3.8/site-packages/airflow/example_dags/tutorial.py
[2024-05-11T21:42:39.878+0000] {processor.py:829} INFO - Processing file /home/airflow/.local/lib/python3.8/site-packages/airflow/example_dags/tutorial.py for tasks to queue
[2024-05-11T21:42:39.881+0000] {logging_mixin.py:154} INFO - [2024-05-11T21:42:39.881+0000] {dagbag.py:536} INFO - Filling up the DagBag from /home/airflow/.local/lib/python3.8/site-packages/airflow/example_dags/tutorial.py
[2024-05-11T21:42:39.885+0000] {processor.py:839} INFO - DAG(s) dict_keys(['tutorial']) retrieved from /home/airflow/.local/lib/python3.8/site-packages/airflow/example_dags/tutorial.py
[2024-05-11T21:42:39.907+0000] {logging_mixin.py:154} INFO - [2024-05-11T21:42:39.907+0000] {dag.py:2941} INFO - Sync 1 DAGs
[2024-05-11T21:42:39.922+0000] {logging_mixin.py:154} INFO - [2024-05-11T21:42:39.922+0000] {dag.py:3722} INFO - Setting next_dagrun for tutorial to 2024-05-10T21:42:39.922285+00:00, run_after=2024-05-11T21:42:39.922285+00:00
[2024-05-11T21:42:39.935+0000] {processor.py:179} INFO - Processing /home/airflow/.local/lib/python3.8/site-packages/airflow/example_dags/tutorial.py took 0.060 seconds
[2024-05-11T21:43:10.083+0000] {processor.py:157} INFO - Started process (PID=183) to work on /home/airflow/.local/lib/python3.8/site-packages/airflow/example_dags/tutorial.py
[2024-05-11T21:43:10.085+0000] {processor.py:829} INFO - Processing file /home/airflow/.local/lib/python3.8/site-packages/airflow/example_dags/tutorial.py for tasks to queue
[2024-05-11T21:43:10.087+0000] {logging_mixin.py:154} INFO - [2024-05-11T21:43:10.087+0000] {dagbag.py:536} INFO - Filling up the DagBag from /home/airflow/.local/lib/python3.8/site-packages/airflow/example_dags/tutorial.py
[2024-05-11T21:43:10.094+0000] {processor.py:839} INFO - DAG(s) dict_keys(['tutorial']) retrieved from /home/airflow/.local/lib/python3.8/site-packages/airflow/example_dags/tutorial.py
[2024-05-11T21:43:10.116+0000] {logging_mixin.py:154} INFO - [2024-05-11T21:43:10.116+0000] {dag.py:2941} INFO - Sync 1 DAGs
[2024-05-11T21:43:10.136+0000] {logging_mixin.py:154} INFO - [2024-05-11T21:43:10.136+0000] {dag.py:3722} INFO - Setting next_dagrun for tutorial to 2024-05-10T21:43:10.135518+00:00, run_after=2024-05-11T21:43:10.135518+00:00
[2024-05-11T21:43:10.151+0000] {processor.py:179} INFO - Processing /home/airflow/.local/lib/python3.8/site-packages/airflow/example_dags/tutorial.py took 0.072 seconds
[2024-05-11T21:43:40.754+0000] {processor.py:157} INFO - Started process (PID=238) to work on /home/airflow/.local/lib/python3.8/site-packages/airflow/example_dags/tutorial.py
[2024-05-11T21:43:40.755+0000] {processor.py:829} INFO - Processing file /home/airflow/.local/lib/python3.8/site-packages/airflow/example_dags/tutorial.py for tasks to queue
[2024-05-11T21:43:40.759+0000] {logging_mixin.py:154} INFO - [2024-05-11T21:43:40.759+0000] {dagbag.py:536} INFO - Filling up the DagBag from /home/airflow/.local/lib/python3.8/site-packages/airflow/example_dags/tutorial.py
[2024-05-11T21:43:40.765+0000] {processor.py:839} INFO - DAG(s) dict_keys(['tutorial']) retrieved from /home/airflow/.local/lib/python3.8/site-packages/airflow/example_dags/tutorial.py
[2024-05-11T21:43:40.784+0000] {logging_mixin.py:154} INFO - [2024-05-11T21:43:40.784+0000] {dag.py:2941} INFO - Sync 1 DAGs
[2024-05-11T21:43:40.798+0000] {logging_mixin.py:154} INFO - [2024-05-11T21:43:40.798+0000] {dag.py:3722} INFO - Setting next_dagrun for tutorial to 2024-05-10T21:43:40.797757+00:00, run_after=2024-05-11T21:43:40.797757+00:00
[2024-05-11T21:43:40.811+0000] {processor.py:179} INFO - Processing /home/airflow/.local/lib/python3.8/site-packages/airflow/example_dags/tutorial.py took 0.060 seconds
[2024-05-11T21:44:11.410+0000] {processor.py:157} INFO - Started process (PID=293) to work on /home/airflow/.local/lib/python3.8/site-packages/airflow/example_dags/tutorial.py
[2024-05-11T21:44:11.411+0000] {processor.py:829} INFO - Processing file /home/airflow/.local/lib/python3.8/site-packages/airflow/example_dags/tutorial.py for tasks to queue
[2024-05-11T21:44:11.414+0000] {logging_mixin.py:154} INFO - [2024-05-11T21:44:11.413+0000] {dagbag.py:536} INFO - Filling up the DagBag from /home/airflow/.local/lib/python3.8/site-packages/airflow/example_dags/tutorial.py
[2024-05-11T21:44:11.418+0000] {processor.py:839} INFO - DAG(s) dict_keys(['tutorial']) retrieved from /home/airflow/.local/lib/python3.8/site-packages/airflow/example_dags/tutorial.py
[2024-05-11T21:44:11.437+0000] {logging_mixin.py:154} INFO - [2024-05-11T21:44:11.437+0000] {dag.py:2941} INFO - Sync 1 DAGs
[2024-05-11T21:44:11.454+0000] {logging_mixin.py:154} INFO - [2024-05-11T21:44:11.454+0000] {dag.py:3722} INFO - Setting next_dagrun for tutorial to 2024-05-10T21:44:11.453989+00:00, run_after=2024-05-11T21:44:11.453989+00:00
[2024-05-11T21:44:11.472+0000] {processor.py:179} INFO - Processing /home/airflow/.local/lib/python3.8/site-packages/airflow/example_dags/tutorial.py took 0.065 seconds
[2024-05-11T21:44:41.864+0000] {processor.py:157} INFO - Started process (PID=348) to work on /home/airflow/.local/lib/python3.8/site-packages/airflow/example_dags/tutorial.py
[2024-05-11T21:44:41.865+0000] {processor.py:829} INFO - Processing file /home/airflow/.local/lib/python3.8/site-packages/airflow/example_dags/tutorial.py for tasks to queue
[2024-05-11T21:44:41.867+0000] {logging_mixin.py:154} INFO - [2024-05-11T21:44:41.867+0000] {dagbag.py:536} INFO - Filling up the DagBag from /home/airflow/.local/lib/python3.8/site-packages/airflow/example_dags/tutorial.py
[2024-05-11T21:44:41.872+0000] {processor.py:839} INFO - DAG(s) dict_keys(['tutorial']) retrieved from /home/airflow/.local/lib/python3.8/site-packages/airflow/example_dags/tutorial.py
[2024-05-11T21:44:41.891+0000] {logging_mixin.py:154} INFO - [2024-05-11T21:44:41.891+0000] {dag.py:2941} INFO - Sync 1 DAGs
[2024-05-11T21:44:41.908+0000] {logging_mixin.py:154} INFO - [2024-05-11T21:44:41.907+0000] {dag.py:3722} INFO - Setting next_dagrun for tutorial to 2024-05-10T21:44:41.907657+00:00, run_after=2024-05-11T21:44:41.907657+00:00
[2024-05-11T21:44:41.924+0000] {processor.py:179} INFO - Processing /home/airflow/.local/lib/python3.8/site-packages/airflow/example_dags/tutorial.py took 0.064 seconds
[2024-05-11T21:45:12.533+0000] {processor.py:157} INFO - Started process (PID=403) to work on /home/airflow/.local/lib/python3.8/site-packages/airflow/example_dags/tutorial.py
[2024-05-11T21:45:12.534+0000] {processor.py:829} INFO - Processing file /home/airflow/.local/lib/python3.8/site-packages/airflow/example_dags/tutorial.py for tasks to queue
[2024-05-11T21:45:12.538+0000] {logging_mixin.py:154} INFO - [2024-05-11T21:45:12.538+0000] {dagbag.py:536} INFO - Filling up the DagBag from /home/airflow/.local/lib/python3.8/site-packages/airflow/example_dags/tutorial.py
[2024-05-11T21:45:12.545+0000] {processor.py:839} INFO - DAG(s) dict_keys(['tutorial']) retrieved from /home/airflow/.local/lib/python3.8/site-packages/airflow/example_dags/tutorial.py
[2024-05-11T21:45:12.572+0000] {logging_mixin.py:154} INFO - [2024-05-11T21:45:12.572+0000] {dag.py:2941} INFO - Sync 1 DAGs
[2024-05-11T21:45:12.587+0000] {logging_mixin.py:154} INFO - [2024-05-11T21:45:12.587+0000] {dag.py:3722} INFO - Setting next_dagrun for tutorial to 2024-05-10T21:45:12.587331+00:00, run_after=2024-05-11T21:45:12.587331+00:00
[2024-05-11T21:45:12.601+0000] {processor.py:179} INFO - Processing /home/airflow/.local/lib/python3.8/site-packages/airflow/example_dags/tutorial.py took 0.072 seconds
[2024-05-11T21:45:43.232+0000] {processor.py:157} INFO - Started process (PID=459) to work on /home/airflow/.local/lib/python3.8/site-packages/airflow/example_dags/tutorial.py
[2024-05-11T21:45:43.234+0000] {processor.py:829} INFO - Processing file /home/airflow/.local/lib/python3.8/site-packages/airflow/example_dags/tutorial.py for tasks to queue
[2024-05-11T21:45:43.239+0000] {logging_mixin.py:154} INFO - [2024-05-11T21:45:43.238+0000] {dagbag.py:536} INFO - Filling up the DagBag from /home/airflow/.local/lib/python3.8/site-packages/airflow/example_dags/tutorial.py
[2024-05-11T21:45:43.246+0000] {processor.py:839} INFO - DAG(s) dict_keys(['tutorial']) retrieved from /home/airflow/.local/lib/python3.8/site-packages/airflow/example_dags/tutorial.py
[2024-05-11T21:45:43.268+0000] {logging_mixin.py:154} INFO - [2024-05-11T21:45:43.268+0000] {dag.py:2941} INFO - Sync 1 DAGs
[2024-05-11T21:45:43.287+0000] {logging_mixin.py:154} INFO - [2024-05-11T21:45:43.287+0000] {dag.py:3722} INFO - Setting next_dagrun for tutorial to 2024-05-10T21:45:43.286976+00:00, run_after=2024-05-11T21:45:43.286976+00:00
[2024-05-11T21:45:43.302+0000] {processor.py:179} INFO - Processing /home/airflow/.local/lib/python3.8/site-packages/airflow/example_dags/tutorial.py took 0.074 seconds
[2024-05-11T21:46:14.008+0000] {processor.py:157} INFO - Started process (PID=514) to work on /home/airflow/.local/lib/python3.8/site-packages/airflow/example_dags/tutorial.py
[2024-05-11T21:46:14.009+0000] {processor.py:829} INFO - Processing file /home/airflow/.local/lib/python3.8/site-packages/airflow/example_dags/tutorial.py for tasks to queue
[2024-05-11T21:46:14.015+0000] {logging_mixin.py:154} INFO - [2024-05-11T21:46:14.013+0000] {dagbag.py:536} INFO - Filling up the DagBag from /home/airflow/.local/lib/python3.8/site-packages/airflow/example_dags/tutorial.py
[2024-05-11T21:46:14.021+0000] {processor.py:839} INFO - DAG(s) dict_keys(['tutorial']) retrieved from /home/airflow/.local/lib/python3.8/site-packages/airflow/example_dags/tutorial.py
[2024-05-11T21:46:14.063+0000] {logging_mixin.py:154} INFO - [2024-05-11T21:46:14.063+0000] {dag.py:2941} INFO - Sync 1 DAGs
[2024-05-11T21:46:14.086+0000] {logging_mixin.py:154} INFO - [2024-05-11T21:46:14.086+0000] {dag.py:3722} INFO - Setting next_dagrun for tutorial to 2024-05-10T21:46:14.086160+00:00, run_after=2024-05-11T21:46:14.086160+00:00
[2024-05-11T21:46:14.101+0000] {processor.py:179} INFO - Processing /home/airflow/.local/lib/python3.8/site-packages/airflow/example_dags/tutorial.py took 0.099 seconds
[2024-05-11T21:46:44.489+0000] {processor.py:157} INFO - Started process (PID=569) to work on /home/airflow/.local/lib/python3.8/site-packages/airflow/example_dags/tutorial.py
[2024-05-11T21:46:44.490+0000] {processor.py:829} INFO - Processing file /home/airflow/.local/lib/python3.8/site-packages/airflow/example_dags/tutorial.py for tasks to queue
[2024-05-11T21:46:44.493+0000] {logging_mixin.py:154} INFO - [2024-05-11T21:46:44.493+0000] {dagbag.py:536} INFO - Filling up the DagBag from /home/airflow/.local/lib/python3.8/site-packages/airflow/example_dags/tutorial.py
[2024-05-11T21:46:44.498+0000] {processor.py:839} INFO - DAG(s) dict_keys(['tutorial']) retrieved from /home/airflow/.local/lib/python3.8/site-packages/airflow/example_dags/tutorial.py
[2024-05-11T21:46:44.517+0000] {logging_mixin.py:154} INFO - [2024-05-11T21:46:44.517+0000] {dag.py:2941} INFO - Sync 1 DAGs
[2024-05-11T21:46:44.532+0000] {logging_mixin.py:154} INFO - [2024-05-11T21:46:44.532+0000] {dag.py:3722} INFO - Setting next_dagrun for tutorial to 2024-05-10T21:46:44.532335+00:00, run_after=2024-05-11T21:46:44.532335+00:00
[2024-05-11T21:46:44.546+0000] {processor.py:179} INFO - Processing /home/airflow/.local/lib/python3.8/site-packages/airflow/example_dags/tutorial.py took 0.060 seconds
